02:41:12.591 [main                     ] DEBUG Logger               - Configured Logger
02:41:12.594 [main                     ] DEBUG GameApplication      - Logging settings
Title: Untitled
Version: 0.0
Width: 1280
Height: 720
Fullscreen: false
Intro: false
Profiling: false
Single step:false
App Mode: DEVELOPER
Menu Key: ESCAPE
Stage Style: DECORATED
Scene Factory: class org.group1.GamePackage.Factory.MainSceneFactory

02:41:13.073 [JavaFX Application Thread] DEBUG FXGLApplication      - Initializing FXGL
02:41:13.075 [JavaFX Application Thread] INFO  Engine               - FXGL-25 (05.02.2026 22.57) on WINDOWS (J:25.0.2 FX:21.0.6)
02:41:13.076 [JavaFX Application Thread] DEBUG Engine               - JRE Vendor Name: Oracle Corporation
02:41:13.076 [JavaFX Application Thread] DEBUG Engine               - Running on OS: Windows 11 version 10.0
02:41:13.076 [JavaFX Application Thread] DEBUG Engine               - Architecture: amd64
02:41:13.076 [JavaFX Application Thread] INFO  Engine               - Source code and latest versions at: https://github.com/AlmasB/FXGL
02:41:13.076 [JavaFX Application Thread] INFO  Engine               -       Ask questions and discuss at: https://github.com/AlmasB/FXGL/discussions
02:41:13.133 [JavaFX Application Thread] DEBUG PrimaryStageWindow   - Creating a JavaFX scene
02:41:13.162 [JavaFX Application Thread] DEBUG PrimaryStageWindow   - Target settings size: 1280.0 x 720.0
02:41:13.163 [JavaFX Application Thread] DEBUG PrimaryStageWindow   - Scaled scene size:    1280.0 x 720.0
02:41:13.163 [JavaFX Application Thread] DEBUG PrimaryStageWindow   - Scaled ratio: (1.0, 1.0)
02:41:13.163 [JavaFX Application Thread] DEBUG PrimaryStageWindow   - Set initial scene to FXGLStartupScene
02:41:13.166 [JavaFX Application Thread] DEBUG PrimaryStageWindow   - Opening main window
02:41:13.249 [JavaFX Application Thread] DEBUG PrimaryStageWindow   - Window border size: (16.0, 39.0)
02:41:13.249 [JavaFX Application Thread] DEBUG PrimaryStageWindow   - Scaled size: 1280.0 x 720.0
02:41:13.249 [JavaFX Application Thread] DEBUG PrimaryStageWindow   - Scaled ratio: (1.0, 1.0)
02:41:13.249 [JavaFX Application Thread] DEBUG PrimaryStageWindow   - Scene size: 1280.0 x 720.0
02:41:13.250 [JavaFX Application Thread] DEBUG PrimaryStageWindow   - Stage size: 1296.0 x 759.0
02:41:13.255 [FXGL Background Thread 1 ] DEBUG Engine               - Initializing environment variables
02:41:13.300 [FXGL Background Thread 1 ] DEBUG FXGLAssetLoaderServi - User app class for loading assets: class org.group1.GamePackage.Application
02:41:13.302 [FXGL Background Thread 1 ] DEBUG GameApplicationServi - Applying CSS: fxgl_dark.css
02:41:13.302 [FXGL Background Thread 1 ] DEBUG FXGLAssetLoaderServi - Loading from file system: jar:file:///C:/Users/Wren/.m2/repository/com/github/almasb/fxgl/25/fxgl-25.jar!/fxglassets/ui/css/fxgl_dark.css
02:41:13.341 [FXGL Background Thread 1 ] DEBUG GameApplicationServi - Initializing application scenes
02:41:13.347 [FXGL Background Thread 1 ] DEBUG FXGLAssetLoaderServi - Loading from file system: file:/C:/Users/Wren/IdeaProjects/GameGame/target/classes/assets/textures/background.png
02:41:13.461 [FXGL Background Thread 1 ] DEBUG FXGLAssetLoaderServi - Loading from file system: file:/C:/Users/Wren/IdeaProjects/GameGame/target/classes/assets/textures/background_stars1.png
02:41:13.512 [FXGL Background Thread 1 ] DEBUG FXGLAssetLoaderServi - Loading from file system: file:/C:/Users/Wren/IdeaProjects/GameGame/target/classes/assets/textures/background_stars2.png
02:41:13.551 [FXGL Background Thread 1 ] DEBUG FXGLAssetLoaderServi - Loading from file system: file:/C:/Users/Wren/IdeaProjects/GameGame/target/classes/assets/textures/background_stars3.png
02:41:13.591 [FXGL Background Thread 1 ] DEBUG FXGLAssetLoaderServi - Loading from file system: file:/C:/Users/Wren/IdeaProjects/GameGame/target/classes/assets/textures/background_cloud1.png
02:41:13.601 [FXGL Background Thread 1 ] DEBUG FXGLAssetLoaderServi - Loading from file system: file:/C:/Users/Wren/IdeaProjects/GameGame/target/classes/assets/textures/background_cloud2.png
02:41:13.614 [FXGL Background Thread 1 ] DEBUG FXGLAssetLoaderServi - Loading from file system: file:/C:/Users/Wren/IdeaProjects/GameGame/target/classes/assets/textures/background_mist1.png
02:41:13.625 [FXGL Background Thread 1 ] DEBUG FXGLAssetLoaderServi - Loading from file system: file:/C:/Users/Wren/IdeaProjects/GameGame/target/classes/assets/textures/background_hills.png
02:41:13.643 [FXGL Background Thread 1 ] DEBUG FXGLAssetLoaderServi - Loading from file system: file:/C:/Users/Wren/IdeaProjects/GameGame/target/classes/assets/textures/background_forest.png
02:41:13.655 [FXGL Background Thread 1 ] DEBUG FXGLAssetLoaderServi - Loading from file system: file:/C:/Users/Wren/IdeaProjects/GameGame/target/classes/assets/textures/background_large_forest.png
02:41:13.719 [FXGL Background Thread 1 ] DEBUG GameWorld            - Game world initialized
02:41:13.753 [FXGL Background Thread 1 ] DEBUG PhysicsWorld         - Physics world initialized: appHeight=720, physics.ppm=50.0
02:41:13.753 [FXGL Background Thread 1 ] DEBUG PhysicsWorld         - Using strategy: BRUTE_FORCE
02:41:13.759 [FXGL Background Thread 1 ] DEBUG GameScene            - Game scene initialized: 1280x720
02:41:13.880 [FXGL Background Thread 1 ] DEBUG GameApplicationServi - Application scenes initialized
02:41:13.887 [FXGL Background Thread 1 ] DEBUG SystemBundleService  - Loading FXGL system data
02:41:13.888 [FXGL Background Thread 1 ] DEBUG FileSystemAccess     - Reading from: C:\Users\Wren\IdeaProjects\GameGame\system\fxgl.bundle
02:41:13.889 [FXGL Background Thread 1 ] DEBUG SystemBundleService  - Bundle FXGL: {}
02:41:13.891 [FXGL Background Thread 1 ] DEBUG UpdaterService       - Checking for updates
02:41:13.895 [FXGL Background Thread 4 ] DEBUG FXGLApplication      - Loading fonts
02:41:13.896 [FXGL Background Thread 4 ] DEBUG FXGLAssetLoaderServi - Loading from file system: jar:file:///C:/Users/Wren/.m2/repository/com/github/almasb/fxgl/25/fxgl-25.jar!/fxglassets/ui/fonts/VarelaRound-Regular.ttf
02:41:13.896 [FXGL Background Thread 1 ] DEBUG FXGLApplication      - Loading default localization
02:41:13.897 [FXGL Background Thread 1 ] DEBUG FXGLAssetLoaderServi - Loading from file system: jar:file:///C:/Users/Wren/.m2/repository/com/github/almasb/fxgl/25/fxgl-25.jar!/fxglassets/languages/english.lang
02:41:13.908 [FXGL Background Thread 4 ] DEBUG FXGLAssetLoaderServi - Loading from file system: jar:file:///C:/Users/Wren/.m2/repository/com/github/almasb/fxgl/25/fxgl-25.jar!/fxglassets/ui/fonts/Abel-Regular.ttf
02:41:13.910 [FXGL Background Thread 1 ] INFO  FXGLApplication      - FXGL initialization took: 0.655 sec
02:41:13.914 [FXGL Background Thread 4 ] DEBUG FXGLAssetLoaderServi - Loading from file system: jar:file:///C:/Users/Wren/.m2/repository/com/github/almasb/fxgl/25/fxgl-25.jar!/fxglassets/ui/fonts/TerminalLandMono-Regular.otf
02:41:13.920 [FXGL Background Thread 4 ] DEBUG FXGLAssetLoaderServi - Loading from file system: jar:file:///C:/Users/Wren/.m2/repository/com/github/almasb/fxgl/25/fxgl-25.jar!/fxglassets/ui/fonts/Courier-Prime.ttf
02:41:13.923 [JavaFX Application Thread] DEBUG Input                - Registered new binding: Move left - A
02:41:13.923 [JavaFX Application Thread] DEBUG Input                - Registered new binding: Move right - D
02:41:13.923 [JavaFX Application Thread] DEBUG Input                - Registered new binding: Move down - S
02:41:13.924 [JavaFX Application Thread] DEBUG Input                - Registered new binding: Move up - W
02:41:13.925 [JavaFX Application Thread] DEBUG Input                - Registered new binding: Shoot - Space
02:41:13.925 [JavaFX Application Thread] DEBUG Input                - Registered new binding: Switch to Fire Bullet - Q
02:41:13.925 [JavaFX Application Thread] DEBUG Input                - Registered new binding: Switch to Ice Bullet - E
02:41:13.925 [JavaFX Application Thread] DEBUG FXGLAssetLoaderServi - Loading from file system: jar:file:///C:/Users/Wren/.m2/repository/com/github/almasb/fxgl/25/fxgl-25.jar!/fxglassets/textures/fxgl_icon.png
02:41:13.942 [JavaFX Application Thread] DEBUG FXGLAssetLoaderServi - Loading from file system: jar:file:///C:/Users/Wren/.m2/repository/com/github/almasb/fxgl/25/fxgl-25.jar!/fxglassets/textures/fxgl_default_cursor.png
02:41:13.944 [JavaFX Application Thread] DEBUG Input                - Registered new binding: Screenshot - CTRL+8
02:41:13.944 [JavaFX Application Thread] DEBUG Input                - Registered new binding: System info dump - CTRL+9
02:41:13.945 [JavaFX Application Thread] DEBUG Input                - Registered new binding: Restart - CTRL+R
02:41:13.947 [JavaFX Application Thread] DEBUG Input                - Registered new binding: Toggle Debug Camera - CTRL+7
02:41:13.950 [JavaFX Application Thread] DEBUG LoopRunner           - Starting loop
02:41:13.950 [JavaFX Application Thread] DEBUG LoopRunner           - Initializing JavaFX AnimationTimerLoop
02:41:13.953 [JavaFX Application Thread] DEBUG Input                - Clearing active input actions
02:41:13.961 [JavaFX Application Thread] DEBUG GameApplicationServi - Removing overlay from FXGLStartupScene and adding to FXGLMainMenuDummyScene
02:41:13.962 [JavaFX Application Thread] DEBUG PrimaryStageWindow   - FXGLStartupScene -> FXGLMainMenuDummyScene
02:41:13.962 [JavaFX Application Thread] DEBUG PrimaryStageWindow   - Push state: MenuInterface
02:41:13.963 [JavaFX Application Thread] DEBUG Input                - Clearing active input actions
02:41:13.976 [JavaFX Application Thread] DEBUG GameApplicationServi - Removing overlay from FXGLMainMenuDummyScene and adding to MenuInterface
02:41:13.977 [JavaFX Application Thread] DEBUG PrimaryStageWindow   - FXGLMainMenuDummyScene -> MenuInterface
02:41:14.142 [JavaFX Application Thread] DEBUG FXGLApplication      - Registering font factories with UI factory
02:41:16.894 [FXGL Background Thread 3 ] DEBUG Engine               - Logging environment variables
02:41:16.894 [FXGL Background Thread 3 ] DEBUG Engine               - achievements: []
02:41:16.894 [FXGL Background Thread 3 ] DEBUG Engine               - actualHeight: 720.0
02:41:16.895 [FXGL Background Thread 3 ] DEBUG Engine               - actualHeightProperty: ReadOnlyDoubleProperty [value: 720.0]
02:41:16.895 [FXGL Background Thread 3 ] DEBUG Engine               - actualWidth: 1280.0
02:41:16.895 [FXGL Background Thread 3 ] DEBUG Engine               - actualWidthProperty: ReadOnlyDoubleProperty [value: 1280.0]
02:41:16.895 [FXGL Background Thread 3 ] DEBUG Engine               - appIcon: fxgl_icon.png
02:41:16.895 [FXGL Background Thread 3 ] DEBUG Engine               - applicationMode: DEVELOPER
02:41:16.895 [FXGL Background Thread 3 ] DEBUG Engine               - cSSList: [fxgl_dark.css]
02:41:16.895 [FXGL Background Thread 3 ] DEBUG Engine               - collisionDetectionStrategy: BRUTE_FORCE
02:41:16.895 [FXGL Background Thread 3 ] DEBUG Engine               - configClass: Optional.empty
02:41:16.895 [FXGL Background Thread 3 ] DEBUG Engine               - credits: []
02:41:16.897 [FXGL Background Thread 3 ] DEBUG Engine               - defaultCursor: CursorInfo(imageName=fxgl_default_cursor.png, hotspotX=7.0, hotspotY=6.0)
02:41:16.897 [FXGL Background Thread 3 ] DEBUG Engine               - devBBoxColorProperty: ObjectProperty [value: 0xff0000ff]
02:41:16.897 [FXGL Background Thread 3 ] DEBUG Engine               - devEnableDebugCameraProperty: BooleanProperty [value: false]
02:41:16.897 [FXGL Background Thread 3 ] DEBUG Engine               - devSensorColorProperty: ObjectProperty [value: 0xffff00ff]
02:41:16.897 [FXGL Background Thread 3 ] DEBUG Engine               - devShowBBoxProperty: BooleanProperty [value: false]
02:41:16.897 [FXGL Background Thread 3 ] DEBUG Engine               - devShowPositionProperty: BooleanProperty [value: false]
02:41:16.897 [FXGL Background Thread 3 ] DEBUG Engine               - enabledMenuItems: []
02:41:16.897 [FXGL Background Thread 3 ] DEBUG Engine               - engineServices: [class com.almasb.fxgl.app.services.FXGLAssetLoaderService, class com.almasb.fxgl.app.FXGLApplication$GameApplicationService, class com.almasb.fxgl.app.services.FXGLDialogService, class com.almasb.fxgl.app.services.IOTaskExecutorService, class com.almasb.fxgl.io.FileSystemService, class com.almasb.fxgl.localization.LocalizationService, class com.almasb.fxgl.app.services.SystemBundleService, class com.almasb.fxgl.profile.SaveLoadService, class com.almasb.fxgl.ui.FXGLUIFactoryServiceProvider, class com.almasb.fxgl.ui.FXGLDialogFactoryServiceProvider, class com.almasb.fxgl.audio.AudioPlayer, class com.almasb.fxgl.notification.impl.NotificationServiceProvider, class com.almasb.fxgl.achievement.AchievementService, class com.almasb.fxgl.cutscene.CutsceneService, class com.almasb.fxgl.minigames.MiniGameService, class com.almasb.fxgl.net.NetService, class com.almasb.fxgl.app.services.UpdaterService, class com.almasb.fxgl.dev.DevService]
02:41:16.897 [FXGL Background Thread 3 ] DEBUG Engine               - fontGame: Abel-Regular.ttf
02:41:16.897 [FXGL Background Thread 3 ] DEBUG Engine               - fontMono: TerminalLandMono-Regular.otf
02:41:16.897 [FXGL Background Thread 3 ] DEBUG Engine               - fontSizeScaleUI: 1.0
02:41:16.897 [FXGL Background Thread 3 ] DEBUG Engine               - fontText: Courier-Prime.ttf
02:41:16.897 [FXGL Background Thread 3 ] DEBUG Engine               - fontUI: VarelaRound-Regular.ttf
02:41:16.899 [FXGL Background Thread 3 ] DEBUG Engine               - fpsRefreshRate: 500.0 ms
02:41:16.899 [FXGL Background Thread 3 ] DEBUG Engine               - fullScreen: BooleanProperty [value: false]
02:41:16.899 [FXGL Background Thread 3 ] DEBUG Engine               - gameDifficulty: MEDIUM
02:41:16.899 [FXGL Background Thread 3 ] DEBUG Engine               - gameDifficultyProperty: ObjectProperty [value: MEDIUM]
02:41:16.899 [FXGL Background Thread 3 ] DEBUG Engine               - globalMusicVolume: 0.5
02:41:16.899 [FXGL Background Thread 3 ] DEBUG Engine               - globalMusicVolumeProperty: DoubleProperty [value: 0.5]
02:41:16.899 [FXGL Background Thread 3 ] DEBUG Engine               - globalSoundVolume: 0.5
02:41:16.899 [FXGL Background Thread 3 ] DEBUG Engine               - globalSoundVolumeProperty: DoubleProperty [value: 0.5]
02:41:16.899 [FXGL Background Thread 3 ] DEBUG Engine               - height: 720
02:41:16.899 [FXGL Background Thread 3 ] DEBUG Engine               - is3D: false
02:41:16.899 [FXGL Background Thread 3 ] DEBUG Engine               - isAndroid: false
02:41:16.899 [FXGL Background Thread 3 ] DEBUG Engine               - isBrowser: false
02:41:16.899 [FXGL Background Thread 3 ] DEBUG Engine               - isClickFeedbackEnabled: false
02:41:16.899 [FXGL Background Thread 3 ] DEBUG Engine               - isCloseConfirmation: false
02:41:16.899 [FXGL Background Thread 3 ] DEBUG Engine               - isDesktop: true
02:41:16.899 [FXGL Background Thread 3 ] DEBUG Engine               - isDeveloperMenuEnabled: false
02:41:16.899 [FXGL Background Thread 3 ] DEBUG Engine               - isEmbedded: false
02:41:16.900 [FXGL Background Thread 3 ] DEBUG Engine               - isEntityPreloadEnabled: true
02:41:16.900 [FXGL Background Thread 3 ] DEBUG Engine               - isExperimentalTiledLargeMap: false
02:41:16.900 [FXGL Background Thread 3 ] DEBUG Engine               - isFileSystemWriteAllowed: true
02:41:16.900 [FXGL Background Thread 3 ] DEBUG Engine               - isFullScreenAllowed: false
02:41:16.900 [FXGL Background Thread 3 ] DEBUG Engine               - isFullScreenFromStart: false
02:41:16.900 [FXGL Background Thread 3 ] DEBUG Engine               - isGameMenuEnabled: true
02:41:16.900 [FXGL Background Thread 3 ] DEBUG Engine               - isIOS: false
02:41:16.900 [FXGL Background Thread 3 ] DEBUG Engine               - isIntroEnabled: false
02:41:16.900 [FXGL Background Thread 3 ] DEBUG Engine               - isLinux: false
02:41:16.900 [FXGL Background Thread 3 ] DEBUG Engine               - isMac: false
02:41:16.900 [FXGL Background Thread 3 ] DEBUG Engine               - isMainMenuEnabled: true
02:41:16.900 [FXGL Background Thread 3 ] DEBUG Engine               - isManualResizeEnabled: false
02:41:16.900 [FXGL Background Thread 3 ] DEBUG Engine               - isMobile: false
02:41:16.900 [FXGL Background Thread 3 ] DEBUG Engine               - isNative: false
02:41:16.900 [FXGL Background Thread 3 ] DEBUG Engine               - isPauseMusicWhenMinimized: true
02:41:16.900 [FXGL Background Thread 3 ] DEBUG Engine               - isPreserveResizeRatio: false
02:41:16.900 [FXGL Background Thread 3 ] DEBUG Engine               - isProfilingEnabled: false
02:41:16.900 [FXGL Background Thread 3 ] DEBUG Engine               - isScaleAffectedOnResize: true
02:41:16.900 [FXGL Background Thread 3 ] DEBUG Engine               - isSingleStep: false
02:41:16.900 [FXGL Background Thread 3 ] DEBUG Engine               - isUserProfileEnabled: false
02:41:16.900 [FXGL Background Thread 3 ] DEBUG Engine               - isWindows: true
02:41:16.900 [FXGL Background Thread 3 ] DEBUG Engine               - language: ObjectProperty [value: ENGLISH]
02:41:16.900 [FXGL Background Thread 3 ] DEBUG Engine               - menuKey: ESCAPE
02:41:16.900 [FXGL Background Thread 3 ] DEBUG Engine               - mouseSensitivity: 0.2
02:41:16.900 [FXGL Background Thread 3 ] DEBUG Engine               - notificationViewClass: class com.almasb.fxgl.notification.view.XboxNotificationView
02:41:16.901 [FXGL Background Thread 3 ] DEBUG Engine               - pixelsPerMeter: 50.0
02:41:16.901 [FXGL Background Thread 3 ] DEBUG Engine               - platform: WINDOWS
02:41:16.901 [FXGL Background Thread 3 ] DEBUG Engine               - prefHeightProperty: ReadOnlyDoubleProperty [value: 720.0]
02:41:16.901 [FXGL Background Thread 3 ] DEBUG Engine               - prefWidthProperty: ReadOnlyDoubleProperty [value: 1280.0]
02:41:16.901 [FXGL Background Thread 3 ] DEBUG Engine               - profileDir: profiles/
02:41:16.901 [FXGL Background Thread 3 ] DEBUG Engine               - profileName: StringProperty [value: DEFAULT]
02:41:16.901 [FXGL Background Thread 3 ] DEBUG Engine               - randomSeed: -1
02:41:16.901 [FXGL Background Thread 3 ] DEBUG Engine               - runtimeInfo: RuntimeInfo(platform=WINDOWS, version=25, build=05.02.2026 22.57)
02:41:16.901 [FXGL Background Thread 3 ] DEBUG Engine               - saveFileExt: sav
02:41:16.901 [FXGL Background Thread 3 ] DEBUG Engine               - scaledHeightProp$fxgl: DoubleProperty [bound, value: 720.0]
02:41:16.901 [FXGL Background Thread 3 ] DEBUG Engine               - scaledWidthProp$fxgl: DoubleProperty [bound, value: 1280.0]
02:41:16.901 [FXGL Background Thread 3 ] DEBUG Engine               - sceneFactory: org.group1.GamePackage.Factory.MainSceneFactory@4b8f5612
02:41:16.901 [FXGL Background Thread 3 ] DEBUG Engine               - secondsIn24h: 60
02:41:16.901 [FXGL Background Thread 3 ] DEBUG Engine               - soundMenuBack: menu/back.wav
02:41:16.901 [FXGL Background Thread 3 ] DEBUG Engine               - soundMenuPress: menu/press.wav
02:41:16.901 [FXGL Background Thread 3 ] DEBUG Engine               - soundMenuSelect: menu/select.wav
02:41:16.901 [FXGL Background Thread 3 ] DEBUG Engine               - soundNotification: core/notification.wav
02:41:16.901 [FXGL Background Thread 3 ] DEBUG Engine               - stageStyle: DECORATED
02:41:16.901 [FXGL Background Thread 3 ] DEBUG Engine               - supportedLanguages: [ENGLISH, FRENCH, GERMAN, HUNGARIAN, RUSSIAN]
02:41:16.901 [FXGL Background Thread 3 ] DEBUG Engine               - ticksPerSecond: -1
02:41:16.901 [FXGL Background Thread 3 ] DEBUG Engine               - title: Untitled
02:41:16.901 [FXGL Background Thread 3 ] DEBUG Engine               - urlGithub: https://github.com/AlmasB/FXGL
02:41:16.901 [FXGL Background Thread 3 ] DEBUG Engine               - urlLeaderboard: http://fxgl-top.herokuapp.com/
02:41:16.901 [FXGL Background Thread 3 ] DEBUG Engine               - urlPOM: https://raw.githubusercontent.com/AlmasB/FXGL/release/README.md
02:41:16.901 [FXGL Background Thread 3 ] DEBUG Engine               - userAppClass: class org.group1.GamePackage.Application
02:41:16.901 [FXGL Background Thread 3 ] DEBUG Engine               - version: 0.0
02:41:16.901 [FXGL Background Thread 3 ] DEBUG Engine               - versionCheckDays: 7
02:41:16.901 [FXGL Background Thread 3 ] DEBUG Engine               - width: 1280
02:41:16.901 [FXGL Background Thread 3 ] DEBUG Engine               - Logging services
02:41:16.901 [FXGL Background Thread 3 ] DEBUG Engine               - class com.almasb.fxgl.app.services.FXGLAssetLoaderService
02:41:16.901 [FXGL Background Thread 3 ] DEBUG Engine               - class com.almasb.fxgl.app.FXGLApplication$GameApplicationService
02:41:16.901 [FXGL Background Thread 3 ] DEBUG Engine               - class com.almasb.fxgl.app.services.FXGLDialogService
02:41:16.901 [FXGL Background Thread 3 ] DEBUG Engine               - class com.almasb.fxgl.app.services.IOTaskExecutorService
02:41:16.901 [FXGL Background Thread 3 ] DEBUG Engine               - class com.almasb.fxgl.io.FileSystemService
02:41:16.902 [FXGL Background Thread 3 ] DEBUG Engine               - class com.almasb.fxgl.localization.LocalizationService
02:41:16.902 [FXGL Background Thread 3 ] DEBUG Engine               - class com.almasb.fxgl.app.services.SystemBundleService
02:41:16.902 [FXGL Background Thread 3 ] DEBUG Engine               - class com.almasb.fxgl.profile.SaveLoadService
02:41:16.902 [FXGL Background Thread 3 ] DEBUG Engine               - class com.almasb.fxgl.ui.FXGLUIFactoryServiceProvider
02:41:16.902 [FXGL Background Thread 3 ] DEBUG Engine               - class com.almasb.fxgl.ui.FXGLDialogFactoryServiceProvider
02:41:16.902 [FXGL Background Thread 3 ] DEBUG Engine               - class com.almasb.fxgl.audio.AudioPlayer
02:41:16.902 [FXGL Background Thread 3 ] DEBUG Engine               - class com.almasb.fxgl.notification.impl.NotificationServiceProvider
02:41:16.902 [FXGL Background Thread 3 ] DEBUG Engine               - class com.almasb.fxgl.achievement.AchievementService
02:41:16.902 [FXGL Background Thread 3 ] DEBUG Engine               - class com.almasb.fxgl.cutscene.CutsceneService
02:41:16.902 [FXGL Background Thread 3 ] DEBUG Engine               - class com.almasb.fxgl.minigames.MiniGameService
02:41:16.902 [FXGL Background Thread 3 ] DEBUG Engine               - class com.almasb.fxgl.net.NetService
02:41:16.902 [FXGL Background Thread 3 ] DEBUG Engine               - class com.almasb.fxgl.app.services.UpdaterService
02:41:16.902 [FXGL Background Thread 3 ] DEBUG Engine               - class com.almasb.fxgl.dev.DevService
02:41:23.272 [JavaFX Application Thread] DEBUG FXGLApplication      - Exiting FXGL
02:41:23.273 [JavaFX Application Thread] DEBUG LoopRunner           - Stopping loop
02:41:23.273 [JavaFX Application Thread] DEBUG SystemBundleService  - Saving FXGL system data
02:41:23.274 [JavaFX Application Thread] DEBUG FileSystemAccess     - Writing to: C:\Users\Wren\IdeaProjects\GameGame\system\fxgl.bundle
02:41:23.274 [JavaFX Application Thread] DEBUG Async                - Shutting down background threads
02:41:23.274 [JavaFX Application Thread] DEBUG PrimaryStageWindow   - Closing main window
02:41:23.281 [JavaFX Application Thread] DEBUG Logger               - Closing Logger
