22:41:45.085 [main                     ] DEBUG Logger               - Configured Logger
22:41:45.090 [main                     ] DEBUG GameApplication      - Logging settings
Title: Untitled
Version: 0.0
Width: 800
Height: 600
Fullscreen: false
Intro: false
Profiling: false
Single step:false
App Mode: DEVELOPER
Menu Key: ESCAPE
Stage Style: DECORATED
Scene Factory: class com.almasb.fxgl.app.scene.SceneFactory

22:41:45.398 [JavaFX Application Thread] DEBUG FXGLApplication      - Initializing FXGL
22:41:45.401 [JavaFX Application Thread] INFO  Engine               - FXGL-25 (05.02.2026 22.57) on WINDOWS (J:25.0.1 FX:21.0.6)
22:41:45.401 [JavaFX Application Thread] DEBUG Engine               - JRE Vendor Name: Oracle Corporation
22:41:45.401 [JavaFX Application Thread] DEBUG Engine               - Running on OS: Windows 11 version 10.0
22:41:45.401 [JavaFX Application Thread] DEBUG Engine               - Architecture: amd64
22:41:45.401 [JavaFX Application Thread] INFO  Engine               - Source code and latest versions at: https://github.com/AlmasB/FXGL
22:41:45.402 [JavaFX Application Thread] INFO  Engine               -       Ask questions and discuss at: https://github.com/AlmasB/FXGL/discussions
22:41:45.475 [JavaFX Application Thread] DEBUG PrimaryStageWindow   - Creating a JavaFX scene
22:41:45.510 [JavaFX Application Thread] DEBUG PrimaryStageWindow   - Target settings size: 800.0 x 600.0
22:41:45.510 [JavaFX Application Thread] DEBUG PrimaryStageWindow   - Scaled scene size:    800.0 x 600.0
22:41:45.510 [JavaFX Application Thread] DEBUG PrimaryStageWindow   - Scaled ratio: (1.0, 1.0)
22:41:45.511 [JavaFX Application Thread] DEBUG PrimaryStageWindow   - Set initial scene to FXGLStartupScene
22:41:45.514 [JavaFX Application Thread] DEBUG PrimaryStageWindow   - Opening main window
22:41:45.588 [JavaFX Application Thread] DEBUG PrimaryStageWindow   - Window border size: (14.66668701171875, 37.33331298828125)
22:41:45.588 [JavaFX Application Thread] DEBUG PrimaryStageWindow   - Scaled size: 800.0 x 600.0
22:41:45.588 [JavaFX Application Thread] DEBUG PrimaryStageWindow   - Scaled ratio: (1.0, 1.0)
22:41:45.588 [JavaFX Application Thread] DEBUG PrimaryStageWindow   - Scene size: 800.0 x 600.0
22:41:45.589 [JavaFX Application Thread] DEBUG PrimaryStageWindow   - Stage size: 814.6666870117188 x 637.3333129882812
22:41:45.595 [FXGL Background Thread 1 ] DEBUG Engine               - Initializing environment variables
22:41:45.668 [FXGL Background Thread 1 ] DEBUG FXGLAssetLoaderServi - User app class for loading assets: class TestPackage.BasicGameSample
22:41:45.668 [FXGL Background Thread 1 ] DEBUG GameApplicationServi - Applying CSS: fxgl_dark.css
22:41:45.669 [FXGL Background Thread 1 ] DEBUG FXGLAssetLoaderServi - Loading from file system: jar:file:///C:/Users/ryles/.m2/repository/com/github/almasb/fxgl/25/fxgl-25.jar!/fxglassets/ui/css/fxgl_dark.css
22:41:45.714 [FXGL Background Thread 1 ] DEBUG GameApplicationServi - Initializing application scenes
22:41:45.751 [FXGL Background Thread 1 ] DEBUG GameWorld            - Game world initialized
22:41:45.811 [FXGL Background Thread 1 ] DEBUG PhysicsWorld         - Physics world initialized: appHeight=600, physics.ppm=50.0
22:41:45.811 [FXGL Background Thread 1 ] DEBUG PhysicsWorld         - Using strategy: BRUTE_FORCE
22:41:45.815 [FXGL Background Thread 1 ] DEBUG GameScene            - Game scene initialized: 800x600
22:41:45.829 [FXGL Background Thread 1 ] DEBUG FXGL.DefaultMenu     - createMenuBodyGameMenu()
22:41:45.840 [FXGL Background Thread 1 ] DEBUG FXGL.DefaultMenu     - createOptionsMenu()
22:41:45.850 [FXGL Background Thread 1 ] DEBUG FXGLAssetLoaderServi - Loading from file system: jar:file:///C:/Users/ryles/.m2/repository/com/github/almasb/fxgl/25/fxgl-25.jar!/fxglassets/textures/particles/smoke.png
22:41:45.927 [FXGL Background Thread 1 ] DEBUG FXGLAssetLoaderServi - Loading from file system: jar:file:///C:/Users/ryles/.m2/repository/com/github/almasb/fxgl/25/fxgl-25.jar!/fxglassets/textures/particles/trace_horizontal.png
22:41:45.953 [FXGL Background Thread 1 ] DEBUG GameApplicationServi - Application scenes initialized
22:41:45.964 [FXGL Background Thread 1 ] DEBUG SystemBundleService  - Loading FXGL system data
22:41:45.967 [FXGL Background Thread 1 ] DEBUG FileSystemAccess     - Reading from: C:\Users\ryles\Downloads\ComProg_Project\system\fxgl.bundle
22:41:45.975 [FXGL Background Thread 1 ] DEBUG SystemBundleService  - Bundle FXGL: {}
22:41:45.975 [FXGL Background Thread 1 ] DEBUG UpdaterService       - Checking for updates
22:41:45.979 [FXGL Background Thread 4 ] DEBUG FXGLApplication      - Loading fonts
22:41:45.980 [FXGL Background Thread 1 ] DEBUG FXGLApplication      - Loading default localization
22:41:45.980 [FXGL Background Thread 4 ] DEBUG FXGLAssetLoaderServi - Loading from file system: jar:file:///C:/Users/ryles/.m2/repository/com/github/almasb/fxgl/25/fxgl-25.jar!/fxglassets/ui/fonts/VarelaRound-Regular.ttf
22:41:45.980 [FXGL Background Thread 1 ] DEBUG FXGLAssetLoaderServi - Loading from file system: jar:file:///C:/Users/ryles/.m2/repository/com/github/almasb/fxgl/25/fxgl-25.jar!/fxglassets/languages/english.lang
22:41:45.994 [FXGL Background Thread 1 ] INFO  FXGLApplication      - FXGL initialization took: 0.399 sec
22:41:46.008 [JavaFX Application Thread] DEBUG Input                - Registered new binding: S KEY - S
22:41:46.008 [JavaFX Application Thread] DEBUG Input                - Registered new binding: A KEY - A
22:41:46.008 [JavaFX Application Thread] DEBUG Input                - Registered new binding: D KEY - D
22:41:46.008 [JavaFX Application Thread] DEBUG FXGLAssetLoaderServi - Loading from file system: jar:file:///C:/Users/ryles/.m2/repository/com/github/almasb/fxgl/25/fxgl-25.jar!/fxglassets/textures/fxgl_icon.png
22:41:46.026 [JavaFX Application Thread] DEBUG FXGLAssetLoaderServi - Loading from file system: jar:file:///C:/Users/ryles/.m2/repository/com/github/almasb/fxgl/25/fxgl-25.jar!/fxglassets/textures/fxgl_default_cursor.png
22:41:46.028 [FXGL Background Thread 4 ] DEBUG FXGLAssetLoaderServi - Loading from file system: jar:file:///C:/Users/ryles/.m2/repository/com/github/almasb/fxgl/25/fxgl-25.jar!/fxglassets/ui/fonts/Abel-Regular.ttf
22:41:46.028 [JavaFX Application Thread] DEBUG Input                - Registered new binding: Screenshot - CTRL+8
22:41:46.029 [JavaFX Application Thread] DEBUG Input                - Registered new binding: System info dump - CTRL+9
22:41:46.029 [JavaFX Application Thread] DEBUG Input                - Registered new binding: Restart - CTRL+R
22:41:46.030 [JavaFX Application Thread] DEBUG Input                - Registered new binding: Toggle Debug Camera - CTRL+7
22:41:46.033 [JavaFX Application Thread] DEBUG LoopRunner           - Starting loop
22:41:46.033 [JavaFX Application Thread] DEBUG LoopRunner           - Initializing JavaFX AnimationTimerLoop
22:41:46.034 [JavaFX Application Thread] DEBUG GameApplicationServi - Starting new game
22:41:46.035 [JavaFX Application Thread] DEBUG Input                - Clearing active input actions
22:41:46.042 [FXGL Background Thread 4 ] DEBUG FXGLAssetLoaderServi - Loading from file system: jar:file:///C:/Users/ryles/.m2/repository/com/github/almasb/fxgl/25/fxgl-25.jar!/fxglassets/ui/fonts/TerminalLandMono-Regular.otf
22:41:46.047 [JavaFX Application Thread] DEBUG GameApplicationServi - Removing overlay from FXGLStartupScene and adding to FXGLLoadingScene
22:41:46.047 [JavaFX Application Thread] DEBUG PrimaryStageWindow   - FXGLStartupScene -> FXGLLoadingScene
22:41:46.047 [JavaFX Application Thread] DEBUG GameApplicationServi - Clearing previous game
22:41:46.047 [JavaFX Application Thread] DEBUG GameScene            - Clearing game scene
22:41:46.048 [JavaFX Application Thread] DEBUG GameWorld            - Clearing game world
22:41:46.048 [JavaFX Application Thread] DEBUG PhysicsWorld         - Clearing physics world
22:41:46.049 [FXGL Background Thread 4 ] DEBUG FXGLAssetLoaderServi - Loading from file system: jar:file:///C:/Users/ryles/.m2/repository/com/github/almasb/fxgl/25/fxgl-25.jar!/fxglassets/ui/fonts/Courier-Prime.ttf
22:41:46.049 [FXGL Background Thread 1 ] DEBUG FXGLApplication      - Initializing game
22:41:46.085 [FXGL Background Thread 1 ] DEBUG FXGLAssetLoaderServi - Loading from file system: file:/C:/Users/ryles/Downloads/ComProg_Project/target/classes/assets/textures/idle_sprite.png
22:41:46.090 [JavaFX Application Thread] DEBUG FXGLApplication      - Registering font factories with UI factory
22:41:46.184 [JavaFX Application Thread] DEBUG LoopRunner           - Stopping loop
22:41:46.186 [JavaFX Application Thread] FATAL FXGLApplication      - Uncaught Exception:
java.lang.RuntimeException: Initialization failed
	at com.almasb.fxgl.all@25/com.almasb.fxgl.app.FXGLApplication$InitAppTask.failed(FXGLApplication.kt:350)
	at javafx.graphics@21.0.6/javafx.concurrent.Task.setState(Task.java:710)
	at javafx.graphics@21.0.6/javafx.concurrent.Task$TaskCallable.lambda$call$2(Task.java:1429)
	at javafx.graphics@21.0.6/com.sun.javafx.application.PlatformImpl.lambda$runLater$10(PlatformImpl.java:456)
	at java.base/java.security.AccessController.doPrivileged(AccessController.java:138)
	at javafx.graphics@21.0.6/com.sun.javafx.application.PlatformImpl.lambda$runLater$11(PlatformImpl.java:455)
	at javafx.graphics@21.0.6/com.sun.glass.ui.InvokeLaterDispatcher$Future.run(InvokeLaterDispatcher.java:95)
	at javafx.graphics@21.0.6/com.sun.glass.ui.win.WinApplication._runLoop(Native Method)
	at javafx.graphics@21.0.6/com.sun.glass.ui.win.WinApplication.lambda$runLoop$3(WinApplication.java:185)
	at java.base/java.lang.Thread.run(Thread.java:1474)
Caused by: java.lang.IllegalArgumentException: Action already exists: S KEY
	at com.almasb.fxgl.core@25/com.almasb.fxgl.input.Input.addBinding(Input.kt:504)
	at com.almasb.fxgl.core@25/com.almasb.fxgl.input.Input.addAction(Input.kt:500)
	at com.almasb.fxgl.core@25/com.almasb.fxgl.input.Input.addAction$default(Input.kt:497)
	at com.almasb.fxgl.core@25/com.almasb.fxgl.input.Input.addAction(Input.kt)
	at org.group.game/TestPackage.BasicGameSample.initInput(BasicGameSample.java:58)
	at org.group.game/TestPackage.BasicGameSample.initGame(BasicGameSample.java:39)
	at com.almasb.fxgl.all@25/com.almasb.fxgl.app.FXGLApplication$InitAppTask.initGame(FXGLApplication.kt:346)
	at com.almasb.fxgl.all@25/com.almasb.fxgl.app.FXGLApplication$InitAppTask.call(FXGLApplication.kt:324)
	at com.almasb.fxgl.all@25/com.almasb.fxgl.app.FXGLApplication$InitAppTask.call(FXGLApplication.kt:316)
	at javafx.graphics@21.0.6/javafx.concurrent.Task$TaskCallable.call(Task.java:1399)
	at java.base/java.util.concurrent.FutureTask.run(FutureTask.java:328)
	at java.base/java.util.concurrent.Executors$RunnableAdapter.call(Executors.java:545)
	at java.base/java.util.concurrent.FutureTask.run(FutureTask.java:328)
	at java.base/java.util.concurrent.ThreadPoolExecutor.runWorker(ThreadPoolExecutor.java:1090)
	at java.base/java.util.concurrent.ThreadPoolExecutor$Worker.run(ThreadPoolExecutor.java:614)
	... 1 more

22:41:46.187 [JavaFX Application Thread] FATAL FXGLApplication      - Application will now exit
22:41:46.205 [JavaFX Application Thread] DEBUG PrimaryStageWindow   - Push state: ErrorSubScene
22:41:46.206 [JavaFX Application Thread] DEBUG Input                - Clearing active input actions
22:41:46.212 [JavaFX Application Thread] DEBUG GameApplicationServi - Removing overlay from FXGLLoadingScene and adding to ErrorSubScene
22:41:46.213 [JavaFX Application Thread] DEBUG PrimaryStageWindow   - FXGLLoadingScene -> ErrorSubScene
22:41:48.980 [FXGL Background Thread 3 ] DEBUG Engine               - Logging environment variables
22:41:48.980 [FXGL Background Thread 3 ] DEBUG Engine               - achievements: []
22:41:48.980 [FXGL Background Thread 3 ] DEBUG Engine               - actualHeight: 600.0
22:41:48.980 [FXGL Background Thread 3 ] DEBUG Engine               - actualHeightProperty: ReadOnlyDoubleProperty [value: 600.0]
22:41:48.980 [FXGL Background Thread 3 ] DEBUG Engine               - actualWidth: 800.0
22:41:48.980 [FXGL Background Thread 3 ] DEBUG Engine               - actualWidthProperty: ReadOnlyDoubleProperty [value: 800.0]
22:41:48.980 [FXGL Background Thread 3 ] DEBUG Engine               - appIcon: fxgl_icon.png
22:41:48.980 [FXGL Background Thread 3 ] DEBUG Engine               - applicationMode: DEVELOPER
22:41:48.980 [FXGL Background Thread 3 ] DEBUG Engine               - cSSList: [fxgl_dark.css]
22:41:48.980 [FXGL Background Thread 3 ] DEBUG Engine               - collisionDetectionStrategy: BRUTE_FORCE
22:41:48.980 [FXGL Background Thread 3 ] DEBUG Engine               - configClass: Optional.empty
22:41:48.980 [FXGL Background Thread 3 ] DEBUG Engine               - credits: []
22:41:48.981 [FXGL Background Thread 3 ] DEBUG Engine               - defaultCursor: CursorInfo(imageName=fxgl_default_cursor.png, hotspotX=7.0, hotspotY=6.0)
22:41:48.981 [FXGL Background Thread 3 ] DEBUG Engine               - devBBoxColorProperty: ObjectProperty [value: 0xff0000ff]
22:41:48.981 [FXGL Background Thread 3 ] DEBUG Engine               - devEnableDebugCameraProperty: BooleanProperty [value: false]
22:41:48.981 [FXGL Background Thread 3 ] DEBUG Engine               - devSensorColorProperty: ObjectProperty [value: 0xffff00ff]
22:41:48.981 [FXGL Background Thread 3 ] DEBUG Engine               - devShowBBoxProperty: BooleanProperty [value: false]
22:41:48.981 [FXGL Background Thread 3 ] DEBUG Engine               - devShowPositionProperty: BooleanProperty [value: false]
22:41:48.981 [FXGL Background Thread 3 ] DEBUG Engine               - enabledMenuItems: []
22:41:48.981 [FXGL Background Thread 3 ] DEBUG Engine               - engineServices: [class com.almasb.fxgl.app.services.FXGLAssetLoaderService, class com.almasb.fxgl.app.FXGLApplication$GameApplicationService, class com.almasb.fxgl.app.services.FXGLDialogService, class com.almasb.fxgl.app.services.IOTaskExecutorService, class com.almasb.fxgl.io.FileSystemService, class com.almasb.fxgl.localization.LocalizationService, class com.almasb.fxgl.app.services.SystemBundleService, class com.almasb.fxgl.profile.SaveLoadService, class com.almasb.fxgl.ui.FXGLUIFactoryServiceProvider, class com.almasb.fxgl.ui.FXGLDialogFactoryServiceProvider, class com.almasb.fxgl.audio.AudioPlayer, class com.almasb.fxgl.notification.impl.NotificationServiceProvider, class com.almasb.fxgl.achievement.AchievementService, class com.almasb.fxgl.cutscene.CutsceneService, class com.almasb.fxgl.minigames.MiniGameService, class com.almasb.fxgl.net.NetService, class com.almasb.fxgl.app.services.UpdaterService, class com.almasb.fxgl.dev.DevService]
22:41:48.981 [FXGL Background Thread 3 ] DEBUG Engine               - fontGame: Abel-Regular.ttf
22:41:48.981 [FXGL Background Thread 3 ] DEBUG Engine               - fontMono: TerminalLandMono-Regular.otf
22:41:48.981 [FXGL Background Thread 3 ] DEBUG Engine               - fontSizeScaleUI: 1.0
22:41:48.981 [FXGL Background Thread 3 ] DEBUG Engine               - fontText: Courier-Prime.ttf
22:41:48.981 [FXGL Background Thread 3 ] DEBUG Engine               - fontUI: VarelaRound-Regular.ttf
22:41:48.981 [FXGL Background Thread 3 ] DEBUG Engine               - fpsRefreshRate: 500.0 ms
22:41:48.981 [FXGL Background Thread 3 ] DEBUG Engine               - fullScreen: BooleanProperty [value: false]
22:41:48.982 [FXGL Background Thread 3 ] DEBUG Engine               - gameDifficulty: MEDIUM
22:41:48.982 [FXGL Background Thread 3 ] DEBUG Engine               - gameDifficultyProperty: ObjectProperty [value: MEDIUM]
22:41:48.982 [FXGL Background Thread 3 ] DEBUG Engine               - globalMusicVolume: 0.5
22:41:48.982 [FXGL Background Thread 3 ] DEBUG Engine               - globalMusicVolumeProperty: DoubleProperty [value: 0.5]
22:41:48.982 [FXGL Background Thread 3 ] DEBUG Engine               - globalSoundVolume: 0.5
22:41:48.982 [FXGL Background Thread 3 ] DEBUG Engine               - globalSoundVolumeProperty: DoubleProperty [value: 0.5]
22:41:48.982 [FXGL Background Thread 3 ] DEBUG Engine               - height: 600
22:41:48.982 [FXGL Background Thread 3 ] DEBUG Engine               - is3D: false
22:41:48.982 [FXGL Background Thread 3 ] DEBUG Engine               - isAndroid: false
22:41:48.982 [FXGL Background Thread 3 ] DEBUG Engine               - isBrowser: false
22:41:48.982 [FXGL Background Thread 3 ] DEBUG Engine               - isClickFeedbackEnabled: false
22:41:48.982 [FXGL Background Thread 3 ] DEBUG Engine               - isCloseConfirmation: false
22:41:48.982 [FXGL Background Thread 3 ] DEBUG Engine               - isDesktop: true
22:41:48.982 [FXGL Background Thread 3 ] DEBUG Engine               - isDeveloperMenuEnabled: false
22:41:48.982 [FXGL Background Thread 3 ] DEBUG Engine               - isEmbedded: false
22:41:48.982 [FXGL Background Thread 3 ] DEBUG Engine               - isEntityPreloadEnabled: true
22:41:48.982 [FXGL Background Thread 3 ] DEBUG Engine               - isExperimentalTiledLargeMap: false
22:41:48.982 [FXGL Background Thread 3 ] DEBUG Engine               - isFileSystemWriteAllowed: true
22:41:48.982 [FXGL Background Thread 3 ] DEBUG Engine               - isFullScreenAllowed: false
22:41:48.982 [FXGL Background Thread 3 ] DEBUG Engine               - isFullScreenFromStart: false
22:41:48.982 [FXGL Background Thread 3 ] DEBUG Engine               - isGameMenuEnabled: true
22:41:48.982 [FXGL Background Thread 3 ] DEBUG Engine               - isIOS: false
22:41:48.982 [FXGL Background Thread 3 ] DEBUG Engine               - isIntroEnabled: false
22:41:48.982 [FXGL Background Thread 3 ] DEBUG Engine               - isLinux: false
22:41:48.982 [FXGL Background Thread 3 ] DEBUG Engine               - isMac: false
22:41:48.982 [FXGL Background Thread 3 ] DEBUG Engine               - isMainMenuEnabled: false
22:41:48.983 [FXGL Background Thread 3 ] DEBUG Engine               - isManualResizeEnabled: false
22:41:48.983 [FXGL Background Thread 3 ] DEBUG Engine               - isMobile: false
22:41:48.983 [FXGL Background Thread 3 ] DEBUG Engine               - isNative: false
22:41:48.983 [FXGL Background Thread 3 ] DEBUG Engine               - isPauseMusicWhenMinimized: true
22:41:48.983 [FXGL Background Thread 3 ] DEBUG Engine               - isPreserveResizeRatio: false
22:41:48.983 [FXGL Background Thread 3 ] DEBUG Engine               - isProfilingEnabled: false
22:41:48.983 [FXGL Background Thread 3 ] DEBUG Engine               - isScaleAffectedOnResize: true
22:41:48.983 [FXGL Background Thread 3 ] DEBUG Engine               - isSingleStep: false
22:41:48.983 [FXGL Background Thread 3 ] DEBUG Engine               - isUserProfileEnabled: false
22:41:48.983 [FXGL Background Thread 3 ] DEBUG Engine               - isWindows: true
22:41:48.983 [FXGL Background Thread 3 ] DEBUG Engine               - language: ObjectProperty [value: ENGLISH]
22:41:48.983 [FXGL Background Thread 3 ] DEBUG Engine               - menuKey: ESCAPE
22:41:48.983 [FXGL Background Thread 3 ] DEBUG Engine               - mouseSensitivity: 0.2
22:41:48.983 [FXGL Background Thread 3 ] DEBUG Engine               - notificationViewClass: class com.almasb.fxgl.notification.view.XboxNotificationView
22:41:48.983 [FXGL Background Thread 3 ] DEBUG Engine               - pixelsPerMeter: 50.0
22:41:48.983 [FXGL Background Thread 3 ] DEBUG Engine               - platform: WINDOWS
22:41:48.983 [FXGL Background Thread 3 ] DEBUG Engine               - prefHeightProperty: ReadOnlyDoubleProperty [value: 600.0]
22:41:48.983 [FXGL Background Thread 3 ] DEBUG Engine               - prefWidthProperty: ReadOnlyDoubleProperty [value: 800.0]
22:41:48.983 [FXGL Background Thread 3 ] DEBUG Engine               - profileDir: profiles/
22:41:48.983 [FXGL Background Thread 3 ] DEBUG Engine               - profileName: StringProperty [value: DEFAULT]
22:41:48.983 [FXGL Background Thread 3 ] DEBUG Engine               - randomSeed: -1
22:41:48.984 [FXGL Background Thread 3 ] DEBUG Engine               - runtimeInfo: RuntimeInfo(platform=WINDOWS, version=25, build=05.02.2026 22.57)
22:41:48.984 [FXGL Background Thread 3 ] DEBUG Engine               - saveFileExt: sav
22:41:48.984 [FXGL Background Thread 3 ] DEBUG Engine               - scaledHeightProp$fxgl: DoubleProperty [bound, value: 600.0]
22:41:48.984 [FXGL Background Thread 3 ] DEBUG Engine               - scaledWidthProp$fxgl: DoubleProperty [bound, value: 800.0]
22:41:48.984 [FXGL Background Thread 3 ] DEBUG Engine               - sceneFactory: com.almasb.fxgl.app.scene.SceneFactory@3dff3d95
22:41:48.984 [FXGL Background Thread 3 ] DEBUG Engine               - secondsIn24h: 60
22:41:48.984 [FXGL Background Thread 3 ] DEBUG Engine               - soundMenuBack: menu/back.wav
22:41:48.984 [FXGL Background Thread 3 ] DEBUG Engine               - soundMenuPress: menu/press.wav
22:41:48.984 [FXGL Background Thread 3 ] DEBUG Engine               - soundMenuSelect: menu/select.wav
22:41:48.984 [FXGL Background Thread 3 ] DEBUG Engine               - soundNotification: core/notification.wav
22:41:48.984 [FXGL Background Thread 3 ] DEBUG Engine               - stageStyle: DECORATED
22:41:48.984 [FXGL Background Thread 3 ] DEBUG Engine               - supportedLanguages: [ENGLISH, FRENCH, GERMAN, HUNGARIAN, RUSSIAN]
22:41:48.984 [FXGL Background Thread 3 ] DEBUG Engine               - ticksPerSecond: -1
22:41:48.984 [FXGL Background Thread 3 ] DEBUG Engine               - title: Untitled
22:41:48.984 [FXGL Background Thread 3 ] DEBUG Engine               - urlGithub: https://github.com/AlmasB/FXGL
22:41:48.984 [FXGL Background Thread 3 ] DEBUG Engine               - urlLeaderboard: http://fxgl-top.herokuapp.com/
22:41:48.984 [FXGL Background Thread 3 ] DEBUG Engine               - urlPOM: https://raw.githubusercontent.com/AlmasB/FXGL/release/README.md
22:41:48.984 [FXGL Background Thread 3 ] DEBUG Engine               - userAppClass: class TestPackage.BasicGameSample
22:41:48.984 [FXGL Background Thread 3 ] DEBUG Engine               - version: 0.0
22:41:48.984 [FXGL Background Thread 3 ] DEBUG Engine               - versionCheckDays: 7
22:41:48.984 [FXGL Background Thread 3 ] DEBUG Engine               - width: 800
22:41:48.985 [FXGL Background Thread 3 ] DEBUG Engine               - Logging services
22:41:48.985 [FXGL Background Thread 3 ] DEBUG Engine               - class com.almasb.fxgl.app.services.FXGLAssetLoaderService
22:41:48.985 [FXGL Background Thread 3 ] DEBUG Engine               - class com.almasb.fxgl.app.FXGLApplication$GameApplicationService
22:41:48.985 [FXGL Background Thread 3 ] DEBUG Engine               - class com.almasb.fxgl.app.services.FXGLDialogService
22:41:48.985 [FXGL Background Thread 3 ] DEBUG Engine               - class com.almasb.fxgl.app.services.IOTaskExecutorService
22:41:48.985 [FXGL Background Thread 3 ] DEBUG Engine               - class com.almasb.fxgl.io.FileSystemService
22:41:48.985 [FXGL Background Thread 3 ] DEBUG Engine               - class com.almasb.fxgl.localization.LocalizationService
22:41:48.985 [FXGL Background Thread 3 ] DEBUG Engine               - class com.almasb.fxgl.app.services.SystemBundleService
22:41:48.985 [FXGL Background Thread 3 ] DEBUG Engine               - class com.almasb.fxgl.profile.SaveLoadService
22:41:48.985 [FXGL Background Thread 3 ] DEBUG Engine               - class com.almasb.fxgl.ui.FXGLUIFactoryServiceProvider
22:41:48.985 [FXGL Background Thread 3 ] DEBUG Engine               - class com.almasb.fxgl.ui.FXGLDialogFactoryServiceProvider
22:41:48.985 [FXGL Background Thread 3 ] DEBUG Engine               - class com.almasb.fxgl.audio.AudioPlayer
22:41:48.985 [FXGL Background Thread 3 ] DEBUG Engine               - class com.almasb.fxgl.notification.impl.NotificationServiceProvider
22:41:48.985 [FXGL Background Thread 3 ] DEBUG Engine               - class com.almasb.fxgl.achievement.AchievementService
22:41:48.985 [FXGL Background Thread 3 ] DEBUG Engine               - class com.almasb.fxgl.cutscene.CutsceneService
22:41:48.985 [FXGL Background Thread 3 ] DEBUG Engine               - class com.almasb.fxgl.minigames.MiniGameService
22:41:48.985 [FXGL Background Thread 3 ] DEBUG Engine               - class com.almasb.fxgl.net.NetService
22:41:48.985 [FXGL Background Thread 3 ] DEBUG Engine               - class com.almasb.fxgl.app.services.UpdaterService
22:41:48.985 [FXGL Background Thread 3 ] DEBUG Engine               - class com.almasb.fxgl.dev.DevService
22:41:53.509 [JavaFX Application Thread] DEBUG FXGLApplication      - Exiting FXGL
22:41:53.509 [JavaFX Application Thread] DEBUG Async                - Shutting down background threads
22:41:53.509 [JavaFX Application Thread] DEBUG PrimaryStageWindow   - Closing main window
22:41:53.528 [JavaFX Application Thread] DEBUG Logger               - Closing Logger
