00:52:02.458 [main                     ] DEBUG Logger               - Configured Logger
00:52:02.462 [main                     ] DEBUG GameApplication      - Logging settings
Title: Untitled
Version: 0.0
Width: 1280
Height: 720
Fullscreen: false
Intro: false
Profiling: false
Single step:false
App Mode: DEVELOPER
Menu Key: ESCAPE
Stage Style: DECORATED
Scene Factory: class org.group1.GamePackage.Factory.MainSceneFactory

00:52:02.936 [JavaFX Application Thread] DEBUG FXGLApplication      - Initializing FXGL
00:52:02.938 [JavaFX Application Thread] INFO  Engine               - FXGL-25 (05.02.2026 22.57) on WINDOWS (J:25.0.2 FX:21.0.6)
00:52:02.938 [JavaFX Application Thread] DEBUG Engine               - JRE Vendor Name: Oracle Corporation
00:52:02.938 [JavaFX Application Thread] DEBUG Engine               - Running on OS: Windows 11 version 10.0
00:52:02.938 [JavaFX Application Thread] DEBUG Engine               - Architecture: amd64
00:52:02.938 [JavaFX Application Thread] INFO  Engine               - Source code and latest versions at: https://github.com/AlmasB/FXGL
00:52:02.938 [JavaFX Application Thread] INFO  Engine               -       Ask questions and discuss at: https://github.com/AlmasB/FXGL/discussions
00:52:02.997 [JavaFX Application Thread] DEBUG PrimaryStageWindow   - Creating a JavaFX scene
00:52:03.032 [JavaFX Application Thread] DEBUG PrimaryStageWindow   - Target settings size: 1280.0 x 720.0
00:52:03.032 [JavaFX Application Thread] DEBUG PrimaryStageWindow   - Scaled scene size:    1280.0 x 720.0
00:52:03.032 [JavaFX Application Thread] DEBUG PrimaryStageWindow   - Scaled ratio: (1.0, 1.0)
00:52:03.032 [JavaFX Application Thread] DEBUG PrimaryStageWindow   - Set initial scene to FXGLStartupScene
00:52:03.035 [JavaFX Application Thread] DEBUG PrimaryStageWindow   - Opening main window
00:52:03.100 [JavaFX Application Thread] DEBUG PrimaryStageWindow   - Window border size: (16.0, 39.0)
00:52:03.100 [JavaFX Application Thread] DEBUG PrimaryStageWindow   - Scaled size: 1280.0 x 720.0
00:52:03.100 [JavaFX Application Thread] DEBUG PrimaryStageWindow   - Scaled ratio: (1.0, 1.0)
00:52:03.100 [JavaFX Application Thread] DEBUG PrimaryStageWindow   - Scene size: 1280.0 x 720.0
00:52:03.101 [JavaFX Application Thread] DEBUG PrimaryStageWindow   - Stage size: 1296.0 x 759.0
00:52:03.105 [FXGL Background Thread 1 ] DEBUG Engine               - Initializing environment variables
00:52:03.142 [FXGL Background Thread 1 ] DEBUG FXGLAssetLoaderServi - User app class for loading assets: class org.group1.GamePackage.Application
00:52:03.143 [FXGL Background Thread 1 ] DEBUG GameApplicationServi - Applying CSS: fxgl_dark.css
00:52:03.143 [FXGL Background Thread 1 ] DEBUG FXGLAssetLoaderServi - Loading from file system: jar:file:///C:/Users/Wren/.m2/repository/com/github/almasb/fxgl/25/fxgl-25.jar!/fxglassets/ui/css/fxgl_dark.css
00:52:03.175 [FXGL Background Thread 1 ] DEBUG GameApplicationServi - Initializing application scenes
00:52:03.226 [FXGL Background Thread 1 ] DEBUG GameWorld            - Game world initialized
00:52:03.261 [FXGL Background Thread 1 ] DEBUG PhysicsWorld         - Physics world initialized: appHeight=720, physics.ppm=50.0
00:52:03.262 [FXGL Background Thread 1 ] DEBUG PhysicsWorld         - Using strategy: BRUTE_FORCE
00:52:03.265 [FXGL Background Thread 1 ] DEBUG GameScene            - Game scene initialized: 1280x720
00:52:03.276 [FXGL Background Thread 1 ] DEBUG FXGL.DefaultMenu     - createMenuBodyGameMenu()
00:52:03.281 [FXGL Background Thread 1 ] DEBUG FXGL.DefaultMenu     - createOptionsMenu()
00:52:03.288 [FXGL Background Thread 1 ] DEBUG FXGLAssetLoaderServi - Loading from file system: jar:file:///C:/Users/Wren/.m2/repository/com/github/almasb/fxgl/25/fxgl-25.jar!/fxglassets/textures/particles/smoke.png
00:52:03.351 [FXGL Background Thread 1 ] DEBUG FXGLAssetLoaderServi - Loading from file system: jar:file:///C:/Users/Wren/.m2/repository/com/github/almasb/fxgl/25/fxgl-25.jar!/fxglassets/textures/particles/trace_horizontal.png
00:52:03.371 [FXGL Background Thread 1 ] DEBUG GameApplicationServi - Application scenes initialized
00:52:03.379 [FXGL Background Thread 1 ] DEBUG SystemBundleService  - Loading FXGL system data
00:52:03.380 [FXGL Background Thread 1 ] DEBUG FileSystemAccess     - Reading from: C:\Users\Wren\IdeaProjects\GameGame\system\fxgl.bundle
00:52:03.382 [FXGL Background Thread 1 ] DEBUG SystemBundleService  - Bundle FXGL: {}
00:52:03.383 [FXGL Background Thread 1 ] DEBUG UpdaterService       - Checking for updates
00:52:03.387 [FXGL Background Thread 4 ] DEBUG FXGLApplication      - Loading fonts
00:52:03.387 [FXGL Background Thread 1 ] DEBUG FXGLApplication      - Loading default localization
00:52:03.387 [FXGL Background Thread 4 ] DEBUG FXGLAssetLoaderServi - Loading from file system: jar:file:///C:/Users/Wren/.m2/repository/com/github/almasb/fxgl/25/fxgl-25.jar!/fxglassets/ui/fonts/VarelaRound-Regular.ttf
00:52:03.388 [FXGL Background Thread 1 ] DEBUG FXGLAssetLoaderServi - Loading from file system: jar:file:///C:/Users/Wren/.m2/repository/com/github/almasb/fxgl/25/fxgl-25.jar!/fxglassets/languages/english.lang
00:52:03.400 [FXGL Background Thread 4 ] DEBUG FXGLAssetLoaderServi - Loading from file system: jar:file:///C:/Users/Wren/.m2/repository/com/github/almasb/fxgl/25/fxgl-25.jar!/fxglassets/ui/fonts/Abel-Regular.ttf
00:52:03.409 [FXGL Background Thread 1 ] INFO  FXGLApplication      - FXGL initialization took: 0.304 sec
00:52:03.414 [FXGL Background Thread 4 ] DEBUG FXGLAssetLoaderServi - Loading from file system: jar:file:///C:/Users/Wren/.m2/repository/com/github/almasb/fxgl/25/fxgl-25.jar!/fxglassets/ui/fonts/TerminalLandMono-Regular.otf
00:52:03.419 [FXGL Background Thread 4 ] DEBUG FXGLAssetLoaderServi - Loading from file system: jar:file:///C:/Users/Wren/.m2/repository/com/github/almasb/fxgl/25/fxgl-25.jar!/fxglassets/ui/fonts/Courier-Prime.ttf
00:52:03.427 [JavaFX Application Thread] DEBUG Input                - Registered new binding: Move left - A
00:52:03.427 [JavaFX Application Thread] DEBUG Input                - Registered new binding: Move right - D
00:52:03.428 [JavaFX Application Thread] DEBUG Input                - Registered new binding: Move down - S
00:52:03.428 [JavaFX Application Thread] DEBUG Input                - Registered new binding: Move up - W
00:52:03.429 [JavaFX Application Thread] DEBUG Input                - Registered new binding: Shoot - Space
00:52:03.429 [JavaFX Application Thread] DEBUG Input                - Registered new binding: Switch to Fire Bullet - Q
00:52:03.429 [JavaFX Application Thread] DEBUG Input                - Registered new binding: Switch to Ice Bullet - E
00:52:03.430 [JavaFX Application Thread] DEBUG FXGLAssetLoaderServi - Loading from file system: jar:file:///C:/Users/Wren/.m2/repository/com/github/almasb/fxgl/25/fxgl-25.jar!/fxglassets/textures/fxgl_icon.png
00:52:03.444 [JavaFX Application Thread] DEBUG FXGLAssetLoaderServi - Loading from file system: jar:file:///C:/Users/Wren/.m2/repository/com/github/almasb/fxgl/25/fxgl-25.jar!/fxglassets/textures/fxgl_default_cursor.png
00:52:03.447 [JavaFX Application Thread] DEBUG Input                - Registered new binding: Screenshot - CTRL+8
00:52:03.448 [JavaFX Application Thread] DEBUG Input                - Registered new binding: System info dump - CTRL+9
00:52:03.448 [JavaFX Application Thread] DEBUG Input                - Registered new binding: Restart - CTRL+R
00:52:03.450 [JavaFX Application Thread] DEBUG Input                - Registered new binding: Toggle Debug Camera - CTRL+7
00:52:03.453 [JavaFX Application Thread] DEBUG LoopRunner           - Starting loop
00:52:03.454 [JavaFX Application Thread] DEBUG LoopRunner           - Initializing JavaFX AnimationTimerLoop
00:52:03.456 [JavaFX Application Thread] DEBUG Input                - Clearing active input actions
00:52:03.463 [JavaFX Application Thread] DEBUG GameApplicationServi - Removing overlay from FXGLStartupScene and adding to FXGLMainMenuDummyScene
00:52:03.464 [JavaFX Application Thread] DEBUG PrimaryStageWindow   - FXGLStartupScene -> FXGLMainMenuDummyScene
00:52:03.465 [JavaFX Application Thread] DEBUG PrimaryStageWindow   - Push state: MenuInterface
00:52:03.465 [JavaFX Application Thread] DEBUG Input                - Clearing active input actions
00:52:03.468 [JavaFX Application Thread] DEBUG GameApplicationServi - Removing overlay from FXGLMainMenuDummyScene and adding to MenuInterface
00:52:03.469 [JavaFX Application Thread] DEBUG PrimaryStageWindow   - FXGLMainMenuDummyScene -> MenuInterface
00:52:03.511 [JavaFX Application Thread] DEBUG FXGLApplication      - Registering font factories with UI factory
00:52:04.124 [JavaFX Application Thread] DEBUG Menu                 - fireNewGame()
00:52:04.124 [JavaFX Application Thread] DEBUG GameApplicationServi - Starting new game
00:52:04.124 [JavaFX Application Thread] DEBUG PrimaryStageWindow   - Pop state: MenuInterface
00:52:04.124 [JavaFX Application Thread] DEBUG Input                - Clearing active input actions
00:52:04.125 [JavaFX Application Thread] DEBUG GameApplicationServi - Removing overlay from MenuInterface and adding to FXGLMainMenuDummyScene
00:52:04.125 [JavaFX Application Thread] DEBUG PrimaryStageWindow   - FXGLMainMenuDummyScene <- MenuInterface
00:52:04.126 [JavaFX Application Thread] DEBUG Input                - Clearing active input actions
00:52:04.130 [JavaFX Application Thread] DEBUG GameApplicationServi - Removing overlay from FXGLMainMenuDummyScene and adding to LoadingInterface
00:52:04.130 [JavaFX Application Thread] DEBUG PrimaryStageWindow   - FXGLMainMenuDummyScene -> LoadingInterface
00:52:04.130 [JavaFX Application Thread] DEBUG GameApplicationServi - Clearing previous game
00:52:04.130 [JavaFX Application Thread] DEBUG GameScene            - Clearing game scene
00:52:04.130 [JavaFX Application Thread] DEBUG GameWorld            - Clearing game world
00:52:04.130 [JavaFX Application Thread] DEBUG PhysicsWorld         - Clearing physics world
00:52:04.131 [FXGL Background Thread 2 ] DEBUG FXGLApplication      - Initializing game
00:52:04.138 [FXGL Background Thread 2 ] DEBUG FXGLAssetLoaderServi - Loading from file system: file:/C:/Users/Wren/IdeaProjects/GameGame/target/classes/assets/textures/background.png
00:52:04.233 [FXGL Background Thread 2 ] DEBUG FXGLAssetLoaderServi - Loading from file system: file:/C:/Users/Wren/IdeaProjects/GameGame/target/classes/assets/textures/background_stars1.png
00:52:04.307 [FXGL Background Thread 2 ] DEBUG FXGLAssetLoaderServi - Loading from file system: file:/C:/Users/Wren/IdeaProjects/GameGame/target/classes/assets/textures/background_stars2.png
00:52:04.330 [FXGL Background Thread 2 ] DEBUG FXGLAssetLoaderServi - Loading from file system: file:/C:/Users/Wren/IdeaProjects/GameGame/target/classes/assets/textures/background_stars3.png
00:52:04.353 [FXGL Background Thread 2 ] DEBUG FXGLAssetLoaderServi - Loading from file system: file:/C:/Users/Wren/IdeaProjects/GameGame/target/classes/assets/textures/background_cloud1.png
00:52:04.360 [FXGL Background Thread 2 ] DEBUG FXGLAssetLoaderServi - Loading from file system: file:/C:/Users/Wren/IdeaProjects/GameGame/target/classes/assets/textures/background_cloud2.png
00:52:04.369 [FXGL Background Thread 2 ] DEBUG FXGLAssetLoaderServi - Loading from file system: file:/C:/Users/Wren/IdeaProjects/GameGame/target/classes/assets/textures/background_mist1.png
00:52:04.377 [FXGL Background Thread 2 ] DEBUG FXGLAssetLoaderServi - Loading from file system: file:/C:/Users/Wren/IdeaProjects/GameGame/target/classes/assets/textures/background_hills.png
00:52:04.393 [FXGL Background Thread 2 ] DEBUG FXGLAssetLoaderServi - Loading from file system: file:/C:/Users/Wren/IdeaProjects/GameGame/target/classes/assets/textures/background_forest.png
00:52:04.404 [FXGL Background Thread 2 ] DEBUG FXGLAssetLoaderServi - Loading from file system: file:/C:/Users/Wren/IdeaProjects/GameGame/target/classes/assets/textures/background_large_forest.png
00:52:04.422 [FXGL Background Thread 2 ] DEBUG FXGLAssetLoaderServi - Loading from file system: file:/C:/Users/Wren/IdeaProjects/GameGame/target/classes/assets/textures/idle_sprite.png
00:52:04.424 [FXGL Background Thread 2 ] DEBUG FXGLAssetLoaderServi - Loading from file system: file:/C:/Users/Wren/IdeaProjects/GameGame/target/classes/assets/textures/down_sprite.png
00:52:04.433 [FXGL Background Thread 2 ] DEBUG FXGLAssetLoaderServi - Loading from file system: file:/C:/Users/Wren/IdeaProjects/GameGame/target/classes/assets/textures/up_sprite.png
00:52:04.442 [FXGL Background Thread 2 ] DEBUG FXGLAssetLoaderServi - Loading from file system: file:/C:/Users/Wren/IdeaProjects/GameGame/target/classes/assets/textures/bullet_HUD_selection.png
00:52:04.446 [FXGL Background Thread 2 ] DEBUG FXGLAssetLoaderServi - Loading from file system: file:/C:/Users/Wren/IdeaProjects/GameGame/target/classes/assets/music/main_music.wav
00:52:04.521 [FXGL Background Thread 2 ] DEBUG AudioPlayer          - Playing music com.almasb.fxgl.audio.Music@626c9f0a
00:52:04.526 [FXGL Background Thread 2 ] INFO  FXGLApplication      - Game initialization took: 0.395 sec
00:52:04.527 [JavaFX Application Thread] DEBUG Input                - Clearing active input actions
00:52:04.531 [JavaFX Application Thread] DEBUG GameApplicationServi - Removing overlay from LoadingInterface and adding to GameScene
00:52:04.531 [JavaFX Application Thread] DEBUG PrimaryStageWindow   - LoadingInterface -> GameScene
00:52:05.516 [JavaFX Application Thread] DEBUG FXGLAssetLoaderServi - Loading from file system: file:/C:/Users/Wren/IdeaProjects/GameGame/target/classes/assets/textures/enemy_sprite.png
00:52:05.518 [JavaFX Application Thread] DEBUG FXGLAssetLoaderServi - Loading from file system: file:/C:/Users/Wren/IdeaProjects/GameGame/target/classes/assets/textures/explosion_sprite.png
00:52:06.354 [JavaFX Application Thread] DEBUG FXGLAssetLoaderServi - Loading from file system: file:/C:/Users/Wren/IdeaProjects/GameGame/target/classes/assets/textures/bullet_sprite.png
00:52:06.386 [FXGL Background Thread 3 ] DEBUG Engine               - Logging environment variables
00:52:06.386 [FXGL Background Thread 3 ] DEBUG Engine               - achievements: []
00:52:06.386 [FXGL Background Thread 3 ] DEBUG Engine               - actualHeight: 720.0
00:52:06.386 [FXGL Background Thread 3 ] DEBUG Engine               - actualHeightProperty: ReadOnlyDoubleProperty [value: 720.0]
00:52:06.386 [FXGL Background Thread 3 ] DEBUG Engine               - actualWidth: 1280.0
00:52:06.387 [FXGL Background Thread 3 ] DEBUG Engine               - actualWidthProperty: ReadOnlyDoubleProperty [value: 1280.0]
00:52:06.387 [FXGL Background Thread 3 ] DEBUG Engine               - appIcon: fxgl_icon.png
00:52:06.387 [FXGL Background Thread 3 ] DEBUG Engine               - applicationMode: DEVELOPER
00:52:06.387 [FXGL Background Thread 3 ] DEBUG Engine               - cSSList: [fxgl_dark.css]
00:52:06.387 [FXGL Background Thread 3 ] DEBUG Engine               - collisionDetectionStrategy: BRUTE_FORCE
00:52:06.387 [FXGL Background Thread 3 ] DEBUG Engine               - configClass: Optional.empty
00:52:06.387 [FXGL Background Thread 3 ] DEBUG Engine               - credits: []
00:52:06.387 [FXGL Background Thread 3 ] DEBUG Engine               - defaultCursor: CursorInfo(imageName=fxgl_default_cursor.png, hotspotX=7.0, hotspotY=6.0)
00:52:06.387 [FXGL Background Thread 3 ] DEBUG Engine               - devBBoxColorProperty: ObjectProperty [value: 0xff0000ff]
00:52:06.387 [FXGL Background Thread 3 ] DEBUG Engine               - devEnableDebugCameraProperty: BooleanProperty [value: false]
00:52:06.387 [FXGL Background Thread 3 ] DEBUG Engine               - devSensorColorProperty: ObjectProperty [value: 0xffff00ff]
00:52:06.387 [FXGL Background Thread 3 ] DEBUG Engine               - devShowBBoxProperty: BooleanProperty [value: false]
00:52:06.387 [FXGL Background Thread 3 ] DEBUG Engine               - devShowPositionProperty: BooleanProperty [value: false]
00:52:06.387 [FXGL Background Thread 3 ] DEBUG Engine               - enabledMenuItems: []
00:52:06.387 [FXGL Background Thread 3 ] DEBUG Engine               - engineServices: [class com.almasb.fxgl.app.services.FXGLAssetLoaderService, class com.almasb.fxgl.app.FXGLApplication$GameApplicationService, class com.almasb.fxgl.app.services.FXGLDialogService, class com.almasb.fxgl.app.services.IOTaskExecutorService, class com.almasb.fxgl.io.FileSystemService, class com.almasb.fxgl.localization.LocalizationService, class com.almasb.fxgl.app.services.SystemBundleService, class com.almasb.fxgl.profile.SaveLoadService, class com.almasb.fxgl.ui.FXGLUIFactoryServiceProvider, class com.almasb.fxgl.ui.FXGLDialogFactoryServiceProvider, class com.almasb.fxgl.audio.AudioPlayer, class com.almasb.fxgl.notification.impl.NotificationServiceProvider, class com.almasb.fxgl.achievement.AchievementService, class com.almasb.fxgl.cutscene.CutsceneService, class com.almasb.fxgl.minigames.MiniGameService, class com.almasb.fxgl.net.NetService, class com.almasb.fxgl.app.services.UpdaterService, class com.almasb.fxgl.dev.DevService]
00:52:06.387 [FXGL Background Thread 3 ] DEBUG Engine               - fontGame: Abel-Regular.ttf
00:52:06.387 [FXGL Background Thread 3 ] DEBUG Engine               - fontMono: TerminalLandMono-Regular.otf
00:52:06.387 [FXGL Background Thread 3 ] DEBUG Engine               - fontSizeScaleUI: 1.0
00:52:06.387 [FXGL Background Thread 3 ] DEBUG Engine               - fontText: Courier-Prime.ttf
00:52:06.387 [FXGL Background Thread 3 ] DEBUG Engine               - fontUI: VarelaRound-Regular.ttf
00:52:06.387 [FXGL Background Thread 3 ] DEBUG Engine               - fpsRefreshRate: 500.0 ms
00:52:06.387 [FXGL Background Thread 3 ] DEBUG Engine               - fullScreen: BooleanProperty [value: false]
00:52:06.387 [FXGL Background Thread 3 ] DEBUG Engine               - gameDifficulty: MEDIUM
00:52:06.387 [FXGL Background Thread 3 ] DEBUG Engine               - gameDifficultyProperty: ObjectProperty [value: MEDIUM]
00:52:06.387 [FXGL Background Thread 3 ] DEBUG Engine               - globalMusicVolume: 0.5
00:52:06.387 [FXGL Background Thread 3 ] DEBUG Engine               - globalMusicVolumeProperty: DoubleProperty [value: 0.5]
00:52:06.387 [FXGL Background Thread 3 ] DEBUG Engine               - globalSoundVolume: 0.5
00:52:06.387 [FXGL Background Thread 3 ] DEBUG Engine               - globalSoundVolumeProperty: DoubleProperty [value: 0.5]
00:52:06.388 [FXGL Background Thread 3 ] DEBUG Engine               - height: 720
00:52:06.388 [FXGL Background Thread 3 ] DEBUG Engine               - is3D: false
00:52:06.388 [FXGL Background Thread 3 ] DEBUG Engine               - isAndroid: false
00:52:06.388 [FXGL Background Thread 3 ] DEBUG Engine               - isBrowser: false
00:52:06.388 [FXGL Background Thread 3 ] DEBUG Engine               - isClickFeedbackEnabled: false
00:52:06.388 [FXGL Background Thread 3 ] DEBUG Engine               - isCloseConfirmation: false
00:52:06.388 [FXGL Background Thread 3 ] DEBUG Engine               - isDesktop: true
00:52:06.388 [FXGL Background Thread 3 ] DEBUG Engine               - isDeveloperMenuEnabled: false
00:52:06.388 [FXGL Background Thread 3 ] DEBUG Engine               - isEmbedded: false
00:52:06.388 [FXGL Background Thread 3 ] DEBUG Engine               - isEntityPreloadEnabled: true
00:52:06.388 [FXGL Background Thread 3 ] DEBUG Engine               - isExperimentalTiledLargeMap: false
00:52:06.388 [FXGL Background Thread 3 ] DEBUG Engine               - isFileSystemWriteAllowed: true
00:52:06.388 [FXGL Background Thread 3 ] DEBUG Engine               - isFullScreenAllowed: false
00:52:06.388 [FXGL Background Thread 3 ] DEBUG Engine               - isFullScreenFromStart: false
00:52:06.388 [FXGL Background Thread 3 ] DEBUG Engine               - isGameMenuEnabled: true
00:52:06.388 [FXGL Background Thread 3 ] DEBUG Engine               - isIOS: false
00:52:06.388 [FXGL Background Thread 3 ] DEBUG Engine               - isIntroEnabled: false
00:52:06.388 [FXGL Background Thread 3 ] DEBUG Engine               - isLinux: false
00:52:06.388 [FXGL Background Thread 3 ] DEBUG Engine               - isMac: false
00:52:06.388 [FXGL Background Thread 3 ] DEBUG Engine               - isMainMenuEnabled: true
00:52:06.388 [FXGL Background Thread 3 ] DEBUG Engine               - isManualResizeEnabled: false
00:52:06.388 [FXGL Background Thread 3 ] DEBUG Engine               - isMobile: false
00:52:06.388 [FXGL Background Thread 3 ] DEBUG Engine               - isNative: false
00:52:06.388 [FXGL Background Thread 3 ] DEBUG Engine               - isPauseMusicWhenMinimized: true
00:52:06.388 [FXGL Background Thread 3 ] DEBUG Engine               - isPreserveResizeRatio: false
00:52:06.388 [FXGL Background Thread 3 ] DEBUG Engine               - isProfilingEnabled: false
00:52:06.388 [FXGL Background Thread 3 ] DEBUG Engine               - isScaleAffectedOnResize: true
00:52:06.388 [FXGL Background Thread 3 ] DEBUG Engine               - isSingleStep: false
00:52:06.388 [FXGL Background Thread 3 ] DEBUG Engine               - isUserProfileEnabled: false
00:52:06.388 [FXGL Background Thread 3 ] DEBUG Engine               - isWindows: true
00:52:06.388 [FXGL Background Thread 3 ] DEBUG Engine               - language: ObjectProperty [value: ENGLISH]
00:52:06.388 [FXGL Background Thread 3 ] DEBUG Engine               - menuKey: ESCAPE
00:52:06.388 [FXGL Background Thread 3 ] DEBUG Engine               - mouseSensitivity: 0.2
00:52:06.388 [FXGL Background Thread 3 ] DEBUG Engine               - notificationViewClass: class com.almasb.fxgl.notification.view.XboxNotificationView
00:52:06.388 [FXGL Background Thread 3 ] DEBUG Engine               - pixelsPerMeter: 50.0
00:52:06.388 [FXGL Background Thread 3 ] DEBUG Engine               - platform: WINDOWS
00:52:06.388 [FXGL Background Thread 3 ] DEBUG Engine               - prefHeightProperty: ReadOnlyDoubleProperty [value: 720.0]
00:52:06.388 [FXGL Background Thread 3 ] DEBUG Engine               - prefWidthProperty: ReadOnlyDoubleProperty [value: 1280.0]
00:52:06.388 [FXGL Background Thread 3 ] DEBUG Engine               - profileDir: profiles/
00:52:06.388 [FXGL Background Thread 3 ] DEBUG Engine               - profileName: StringProperty [value: DEFAULT]
00:52:06.388 [FXGL Background Thread 3 ] DEBUG Engine               - randomSeed: -1
00:52:06.388 [FXGL Background Thread 3 ] DEBUG Engine               - runtimeInfo: RuntimeInfo(platform=WINDOWS, version=25, build=05.02.2026 22.57)
00:52:06.388 [FXGL Background Thread 3 ] DEBUG Engine               - saveFileExt: sav
00:52:06.388 [FXGL Background Thread 3 ] DEBUG Engine               - scaledHeightProp$fxgl: DoubleProperty [bound, value: 720.0]
00:52:06.388 [FXGL Background Thread 3 ] DEBUG Engine               - scaledWidthProp$fxgl: DoubleProperty [bound, value: 1280.0]
00:52:06.388 [FXGL Background Thread 3 ] DEBUG Engine               - sceneFactory: org.group1.GamePackage.Factory.MainSceneFactory@74570510
00:52:06.388 [FXGL Background Thread 3 ] DEBUG Engine               - secondsIn24h: 60
00:52:06.388 [FXGL Background Thread 3 ] DEBUG Engine               - soundMenuBack: menu/back.wav
00:52:06.389 [FXGL Background Thread 3 ] DEBUG Engine               - soundMenuPress: menu/press.wav
00:52:06.389 [FXGL Background Thread 3 ] DEBUG Engine               - soundMenuSelect: menu/select.wav
00:52:06.389 [FXGL Background Thread 3 ] DEBUG Engine               - soundNotification: core/notification.wav
00:52:06.389 [FXGL Background Thread 3 ] DEBUG Engine               - stageStyle: DECORATED
00:52:06.389 [FXGL Background Thread 3 ] DEBUG Engine               - supportedLanguages: [ENGLISH, FRENCH, GERMAN, HUNGARIAN, RUSSIAN]
00:52:06.389 [FXGL Background Thread 3 ] DEBUG Engine               - ticksPerSecond: -1
00:52:06.389 [FXGL Background Thread 3 ] DEBUG Engine               - title: Untitled
00:52:06.389 [FXGL Background Thread 3 ] DEBUG Engine               - urlGithub: https://github.com/AlmasB/FXGL
00:52:06.389 [FXGL Background Thread 3 ] DEBUG Engine               - urlLeaderboard: http://fxgl-top.herokuapp.com/
00:52:06.389 [FXGL Background Thread 3 ] DEBUG Engine               - urlPOM: https://raw.githubusercontent.com/AlmasB/FXGL/release/README.md
00:52:06.389 [FXGL Background Thread 3 ] DEBUG Engine               - userAppClass: class org.group1.GamePackage.Application
00:52:06.389 [FXGL Background Thread 3 ] DEBUG Engine               - version: 0.0
00:52:06.389 [FXGL Background Thread 3 ] DEBUG Engine               - versionCheckDays: 7
00:52:06.389 [FXGL Background Thread 3 ] DEBUG Engine               - width: 1280
00:52:06.389 [FXGL Background Thread 3 ] DEBUG Engine               - Logging services
00:52:06.389 [FXGL Background Thread 3 ] DEBUG Engine               - class com.almasb.fxgl.app.services.FXGLAssetLoaderService
00:52:06.389 [FXGL Background Thread 3 ] DEBUG Engine               - class com.almasb.fxgl.app.FXGLApplication$GameApplicationService
00:52:06.389 [FXGL Background Thread 3 ] DEBUG Engine               - class com.almasb.fxgl.app.services.FXGLDialogService
00:52:06.389 [FXGL Background Thread 3 ] DEBUG Engine               - class com.almasb.fxgl.app.services.IOTaskExecutorService
00:52:06.389 [FXGL Background Thread 3 ] DEBUG Engine               - class com.almasb.fxgl.io.FileSystemService
00:52:06.389 [FXGL Background Thread 3 ] DEBUG Engine               - class com.almasb.fxgl.localization.LocalizationService
00:52:06.389 [FXGL Background Thread 3 ] DEBUG Engine               - class com.almasb.fxgl.app.services.SystemBundleService
00:52:06.389 [FXGL Background Thread 3 ] DEBUG Engine               - class com.almasb.fxgl.profile.SaveLoadService
00:52:06.389 [FXGL Background Thread 3 ] DEBUG Engine               - class com.almasb.fxgl.ui.FXGLUIFactoryServiceProvider
00:52:06.389 [FXGL Background Thread 3 ] DEBUG Engine               - class com.almasb.fxgl.ui.FXGLDialogFactoryServiceProvider
00:52:06.389 [FXGL Background Thread 3 ] DEBUG Engine               - class com.almasb.fxgl.audio.AudioPlayer
00:52:06.389 [FXGL Background Thread 3 ] DEBUG Engine               - class com.almasb.fxgl.notification.impl.NotificationServiceProvider
00:52:06.389 [FXGL Background Thread 3 ] DEBUG Engine               - class com.almasb.fxgl.achievement.AchievementService
00:52:06.389 [FXGL Background Thread 3 ] DEBUG Engine               - class com.almasb.fxgl.cutscene.CutsceneService
00:52:06.389 [FXGL Background Thread 3 ] DEBUG Engine               - class com.almasb.fxgl.minigames.MiniGameService
00:52:06.389 [FXGL Background Thread 3 ] DEBUG Engine               - class com.almasb.fxgl.net.NetService
00:52:06.389 [FXGL Background Thread 3 ] DEBUG Engine               - class com.almasb.fxgl.app.services.UpdaterService
00:52:06.389 [FXGL Background Thread 3 ] DEBUG Engine               - class com.almasb.fxgl.dev.DevService
00:52:06.555 [JavaFX Application Thread] DEBUG FXGLAssetLoaderServi - Loading from file system: file:/C:/Users/Wren/IdeaProjects/GameGame/target/classes/assets/sounds/death_sound.wav
00:52:08.431 [JavaFX Application Thread] DEBUG FXGLAssetLoaderServi - Loading from file system: file:/C:/Users/Wren/IdeaProjects/GameGame/target/classes/assets/textures/heart_sprite.png
00:52:08.438 [JavaFX Application Thread] DEBUG FXGLAssetLoaderServi - Loading from file system: file:/C:/Users/Wren/IdeaProjects/GameGame/target/classes/assets/textures/heart_explode_sprite.png
00:52:09.719 [JavaFX Application Thread] DEBUG FXGLAssetLoaderServi - Loading from file system: file:/C:/Users/Wren/IdeaProjects/GameGame/target/classes/assets/sounds/heart_gain.wav
00:52:14.605 [JavaFX Application Thread] DEBUG FXGLAssetLoaderServi - Loading from file system: file:/C:/Users/Wren/IdeaProjects/GameGame/target/classes/assets/textures/boss_placeholder.png
00:52:16.235 [JavaFX Application Thread] DEBUG FXGLAssetLoaderServi - Loading from file system: file:/C:/Users/Wren/IdeaProjects/GameGame/target/classes/assets/sounds/fah.wav
00:52:26.942 [JavaFX Application Thread] DEBUG FXGLApplication      - Exiting FXGL
00:52:26.943 [JavaFX Application Thread] DEBUG LoopRunner           - Stopping loop
00:52:26.943 [JavaFX Application Thread] DEBUG SystemBundleService  - Saving FXGL system data
00:52:26.944 [JavaFX Application Thread] DEBUG FileSystemAccess     - Writing to: C:\Users\Wren\IdeaProjects\GameGame\system\fxgl.bundle
00:52:26.944 [JavaFX Application Thread] DEBUG Async                - Shutting down background threads
00:52:26.945 [JavaFX Application Thread] DEBUG PrimaryStageWindow   - Closing main window
00:52:26.957 [JavaFX Application Thread] DEBUG Logger               - Closing Logger
