00:15:09.127 [main                     ] DEBUG Logger               - Configured Logger
00:15:09.136 [main                     ] DEBUG GameApplication      - Logging settings
Title: Untitled
Version: 0.0
Width: 1280
Height: 720
Fullscreen: false
Intro: false
Profiling: false
Single step:false
App Mode: DEVELOPER
Menu Key: ESCAPE
Stage Style: DECORATED
Scene Factory: class org.group1.GamePackage.Factory.MainSceneFactory

00:15:09.438 [JavaFX Application Thread] DEBUG FXGLApplication      - Initializing FXGL
00:15:09.442 [JavaFX Application Thread] INFO  Engine               - FXGL-25 (05.02.2026 22.57) on WINDOWS (J:25.0.1 FX:21.0.6)
00:15:09.442 [JavaFX Application Thread] DEBUG Engine               - JRE Vendor Name: Oracle Corporation
00:15:09.443 [JavaFX Application Thread] DEBUG Engine               - Running on OS: Windows 11 version 10.0
00:15:09.443 [JavaFX Application Thread] DEBUG Engine               - Architecture: amd64
00:15:09.443 [JavaFX Application Thread] INFO  Engine               - Source code and latest versions at: https://github.com/AlmasB/FXGL
00:15:09.443 [JavaFX Application Thread] INFO  Engine               -       Ask questions and discuss at: https://github.com/AlmasB/FXGL/discussions
00:15:09.529 [JavaFX Application Thread] DEBUG PrimaryStageWindow   - Creating a JavaFX scene
00:15:09.529 [JavaFX Application Thread] DEBUG PrimaryStageWindow   - Target size > screen size
00:15:09.571 [JavaFX Application Thread] DEBUG PrimaryStageWindow   - Target settings size: 1280.0 x 720.0
00:15:09.571 [JavaFX Application Thread] DEBUG PrimaryStageWindow   - Scaled scene size:    1169.0 x 671.0
00:15:09.572 [JavaFX Application Thread] DEBUG PrimaryStageWindow   - Scaled ratio: (0.91328125, 0.9319444444444445)
00:15:09.573 [JavaFX Application Thread] DEBUG PrimaryStageWindow   - Set initial scene to FXGLStartupScene
00:15:09.577 [JavaFX Application Thread] DEBUG PrimaryStageWindow   - Opening main window
00:15:09.653 [JavaFX Application Thread] DEBUG PrimaryStageWindow   - Window border size: (15.0, 37.66668701171875)
00:15:09.654 [JavaFX Application Thread] DEBUG PrimaryStageWindow   - Scaled size: 1169.0 x 671.0
00:15:09.654 [JavaFX Application Thread] DEBUG PrimaryStageWindow   - Scaled ratio: (0.91328125, 0.9319444444444445)
00:15:09.654 [JavaFX Application Thread] DEBUG PrimaryStageWindow   - Scene size: 1169.0 x 671.0
00:15:09.654 [JavaFX Application Thread] DEBUG PrimaryStageWindow   - Stage size: 1184.0 x 708.6666870117188
00:15:09.662 [FXGL Background Thread 1 ] DEBUG Engine               - Initializing environment variables
00:15:09.744 [FXGL Background Thread 1 ] DEBUG FXGLAssetLoaderServi - User app class for loading assets: class org.group1.GamePackage.Application
00:15:09.744 [FXGL Background Thread 1 ] DEBUG GameApplicationServi - Applying CSS: fxgl_dark.css
00:15:09.745 [FXGL Background Thread 1 ] DEBUG FXGLAssetLoaderServi - Loading from file system: jar:file:///C:/Users/ryles/.m2/repository/com/github/almasb/fxgl/25/fxgl-25.jar!/fxglassets/ui/css/fxgl_dark.css
00:15:09.793 [FXGL Background Thread 1 ] DEBUG GameApplicationServi - Initializing application scenes
00:15:09.860 [FXGL Background Thread 1 ] DEBUG GameWorld            - Game world initialized
00:15:09.905 [FXGL Background Thread 1 ] DEBUG PhysicsWorld         - Physics world initialized: appHeight=720, physics.ppm=50.0
00:15:09.905 [FXGL Background Thread 1 ] DEBUG PhysicsWorld         - Using strategy: BRUTE_FORCE
00:15:09.909 [FXGL Background Thread 1 ] DEBUG GameScene            - Game scene initialized: 1280x720
00:15:09.921 [FXGL Background Thread 1 ] DEBUG FXGL.DefaultMenu     - createMenuBodyGameMenu()
00:15:09.928 [FXGL Background Thread 1 ] DEBUG FXGL.DefaultMenu     - createOptionsMenu()
00:15:09.936 [FXGL Background Thread 1 ] DEBUG FXGLAssetLoaderServi - Loading from file system: jar:file:///C:/Users/ryles/.m2/repository/com/github/almasb/fxgl/25/fxgl-25.jar!/fxglassets/textures/particles/smoke.png
00:15:10.027 [FXGL Background Thread 1 ] DEBUG FXGLAssetLoaderServi - Loading from file system: jar:file:///C:/Users/ryles/.m2/repository/com/github/almasb/fxgl/25/fxgl-25.jar!/fxglassets/textures/particles/trace_horizontal.png
00:15:10.056 [FXGL Background Thread 1 ] DEBUG GameApplicationServi - Application scenes initialized
00:15:10.067 [FXGL Background Thread 1 ] DEBUG SystemBundleService  - Loading FXGL system data
00:15:10.071 [FXGL Background Thread 1 ] DEBUG FileSystemAccess     - Reading from: C:\Users\ryles\Downloads\ComProg_Project\system\fxgl.bundle
00:15:10.077 [FXGL Background Thread 1 ] DEBUG SystemBundleService  - Bundle FXGL: {}
00:15:10.077 [FXGL Background Thread 1 ] DEBUG UpdaterService       - Checking for updates
00:15:10.080 [FXGL Background Thread 4 ] DEBUG FXGLApplication      - Loading fonts
00:15:10.081 [FXGL Background Thread 1 ] DEBUG FXGLApplication      - Loading default localization
00:15:10.081 [FXGL Background Thread 1 ] DEBUG FXGLAssetLoaderServi - Loading from file system: jar:file:///C:/Users/ryles/.m2/repository/com/github/almasb/fxgl/25/fxgl-25.jar!/fxglassets/languages/english.lang
00:15:10.094 [FXGL Background Thread 1 ] INFO  FXGLApplication      - FXGL initialization took: 0.431 sec
00:15:10.109 [JavaFX Application Thread] DEBUG Input                - Registered new binding: Move left - A
00:15:10.109 [JavaFX Application Thread] DEBUG Input                - Registered new binding: Move right - D
00:15:10.109 [JavaFX Application Thread] DEBUG Input                - Registered new binding: Move down - S
00:15:10.110 [JavaFX Application Thread] DEBUG Input                - Registered new binding: Move up - W
00:15:10.110 [JavaFX Application Thread] DEBUG Input                - Registered new binding: Shoot - Space
00:15:10.110 [JavaFX Application Thread] DEBUG Input                - Registered new binding: Switch to Fire Bullet - Q
00:15:10.111 [JavaFX Application Thread] DEBUG Input                - Registered new binding: Switch to Ice Bullet - E
00:15:10.111 [JavaFX Application Thread] DEBUG FXGLAssetLoaderServi - Loading from file system: jar:file:///C:/Users/ryles/.m2/repository/com/github/almasb/fxgl/25/fxgl-25.jar!/fxglassets/textures/fxgl_icon.png
00:15:10.115 [FXGL Background Thread 4 ] DEBUG FXGLAssetLoaderServi - Loading from file system: jar:file:///C:/Users/ryles/.m2/repository/com/github/almasb/fxgl/25/fxgl-25.jar!/fxglassets/ui/fonts/Abel-Regular.ttf
00:15:10.120 [FXGL Background Thread 4 ] DEBUG FXGLAssetLoaderServi - Loading from file system: jar:file:///C:/Users/ryles/.m2/repository/com/github/almasb/fxgl/25/fxgl-25.jar!/fxglassets/ui/fonts/TerminalLandMono-Regular.otf
00:15:10.125 [FXGL Background Thread 4 ] DEBUG FXGLAssetLoaderServi - Loading from file system: jar:file:///C:/Users/ryles/.m2/repository/com/github/almasb/fxgl/25/fxgl-25.jar!/fxglassets/ui/fonts/Courier-Prime.ttf
00:15:10.133 [JavaFX Application Thread] DEBUG FXGLAssetLoaderServi - Loading from file system: jar:file:///C:/Users/ryles/.m2/repository/com/github/almasb/fxgl/25/fxgl-25.jar!/fxglassets/textures/fxgl_default_cursor.png
00:15:10.135 [JavaFX Application Thread] DEBUG Input                - Registered new binding: Screenshot - CTRL+8
00:15:10.136 [JavaFX Application Thread] DEBUG Input                - Registered new binding: System info dump - CTRL+9
00:15:10.136 [JavaFX Application Thread] DEBUG Input                - Registered new binding: Restart - CTRL+R
00:15:10.137 [JavaFX Application Thread] DEBUG Input                - Registered new binding: Toggle Debug Camera - CTRL+7
00:15:10.141 [JavaFX Application Thread] DEBUG LoopRunner           - Starting loop
00:15:10.142 [JavaFX Application Thread] DEBUG LoopRunner           - Initializing JavaFX AnimationTimerLoop
00:15:10.144 [JavaFX Application Thread] DEBUG Input                - Clearing active input actions
00:15:10.153 [JavaFX Application Thread] DEBUG GameApplicationServi - Removing overlay from FXGLStartupScene and adding to FXGLMainMenuDummyScene
00:15:10.153 [JavaFX Application Thread] DEBUG PrimaryStageWindow   - FXGLStartupScene -> FXGLMainMenuDummyScene
00:15:10.153 [JavaFX Application Thread] DEBUG PrimaryStageWindow   - Push state: MenuInterface
00:15:10.154 [JavaFX Application Thread] DEBUG Input                - Clearing active input actions
00:15:10.158 [JavaFX Application Thread] DEBUG GameApplicationServi - Removing overlay from FXGLMainMenuDummyScene and adding to MenuInterface
00:15:10.159 [JavaFX Application Thread] DEBUG PrimaryStageWindow   - FXGLMainMenuDummyScene -> MenuInterface
00:15:10.210 [JavaFX Application Thread] DEBUG FXGLApplication      - Registering font factories with UI factory
00:15:10.703 [JavaFX Application Thread] DEBUG Menu                 - fireNewGame()
00:15:10.703 [JavaFX Application Thread] DEBUG GameApplicationServi - Starting new game
00:15:10.703 [JavaFX Application Thread] DEBUG PrimaryStageWindow   - Pop state: MenuInterface
00:15:10.703 [JavaFX Application Thread] DEBUG Input                - Clearing active input actions
00:15:10.704 [JavaFX Application Thread] DEBUG GameApplicationServi - Removing overlay from MenuInterface and adding to FXGLMainMenuDummyScene
00:15:10.704 [JavaFX Application Thread] DEBUG PrimaryStageWindow   - FXGLMainMenuDummyScene <- MenuInterface
00:15:10.704 [JavaFX Application Thread] DEBUG Input                - Clearing active input actions
00:15:10.710 [JavaFX Application Thread] DEBUG GameApplicationServi - Removing overlay from FXGLMainMenuDummyScene and adding to LoadingInterface
00:15:10.710 [JavaFX Application Thread] DEBUG PrimaryStageWindow   - FXGLMainMenuDummyScene -> LoadingInterface
00:15:10.710 [JavaFX Application Thread] DEBUG GameApplicationServi - Clearing previous game
00:15:10.710 [JavaFX Application Thread] DEBUG GameScene            - Clearing game scene
00:15:10.710 [JavaFX Application Thread] DEBUG GameWorld            - Clearing game world
00:15:10.710 [JavaFX Application Thread] DEBUG PhysicsWorld         - Clearing physics world
00:15:10.712 [FXGL Background Thread 2 ] DEBUG FXGLApplication      - Initializing game
00:15:10.724 [FXGL Background Thread 2 ] DEBUG FXGLAssetLoaderServi - Loading from file system: file:/C:/Users/ryles/Downloads/ComProg_Project/target/classes/assets/textures/background.png
00:15:10.826 [FXGL Background Thread 2 ] DEBUG FXGLAssetLoaderServi - Loading from file system: file:/C:/Users/ryles/Downloads/ComProg_Project/target/classes/assets/textures/background_stars1.png
00:15:10.881 [FXGL Background Thread 2 ] DEBUG FXGLAssetLoaderServi - Loading from file system: file:/C:/Users/ryles/Downloads/ComProg_Project/target/classes/assets/textures/background_stars2.png
00:15:10.986 [FXGL Background Thread 2 ] DEBUG FXGLAssetLoaderServi - Loading from file system: file:/C:/Users/ryles/Downloads/ComProg_Project/target/classes/assets/textures/background_stars3.png
00:15:11.026 [FXGL Background Thread 2 ] DEBUG FXGLAssetLoaderServi - Loading from file system: file:/C:/Users/ryles/Downloads/ComProg_Project/target/classes/assets/textures/background_cloud1.png
00:15:11.039 [FXGL Background Thread 2 ] DEBUG FXGLAssetLoaderServi - Loading from file system: file:/C:/Users/ryles/Downloads/ComProg_Project/target/classes/assets/textures/background_cloud2.png
00:15:11.051 [FXGL Background Thread 2 ] DEBUG FXGLAssetLoaderServi - Loading from file system: file:/C:/Users/ryles/Downloads/ComProg_Project/target/classes/assets/textures/background_mist1.png
00:15:11.062 [FXGL Background Thread 2 ] DEBUG FXGLAssetLoaderServi - Loading from file system: file:/C:/Users/ryles/Downloads/ComProg_Project/target/classes/assets/textures/background_hills.png
00:15:11.082 [FXGL Background Thread 2 ] DEBUG FXGLAssetLoaderServi - Loading from file system: file:/C:/Users/ryles/Downloads/ComProg_Project/target/classes/assets/textures/background_forest.png
00:15:11.095 [FXGL Background Thread 2 ] DEBUG FXGLAssetLoaderServi - Loading from file system: file:/C:/Users/ryles/Downloads/ComProg_Project/target/classes/assets/textures/background_large_forest.png
00:15:11.132 [FXGL Background Thread 2 ] DEBUG FXGLAssetLoaderServi - Loading from file system: file:/C:/Users/ryles/Downloads/ComProg_Project/target/classes/assets/textures/idle_sprite.png
00:15:11.136 [FXGL Background Thread 2 ] DEBUG FXGLAssetLoaderServi - Loading from file system: file:/C:/Users/ryles/Downloads/ComProg_Project/target/classes/assets/textures/down_sprite.png
00:15:11.139 [FXGL Background Thread 2 ] DEBUG FXGLAssetLoaderServi - Loading from file system: file:/C:/Users/ryles/Downloads/ComProg_Project/target/classes/assets/textures/up_sprite.png
00:15:11.149 [FXGL Background Thread 2 ] DEBUG FXGLAssetLoaderServi - Loading from file system: file:/C:/Users/ryles/Downloads/ComProg_Project/target/classes/assets/textures/bullet_HUD_selection.png
00:15:11.154 [FXGL Background Thread 2 ] DEBUG FXGLAssetLoaderServi - Loading from file system: file:/C:/Users/ryles/Downloads/ComProg_Project/target/classes/assets/music/main_music.wav
00:15:11.250 [FXGL Background Thread 2 ] DEBUG AudioPlayer          - Playing music com.almasb.fxgl.audio.Music@6b7090cf
00:15:11.255 [FXGL Background Thread 2 ] INFO  FXGLApplication      - Game initialization took: 0.544 sec
00:15:11.256 [JavaFX Application Thread] DEBUG Input                - Clearing active input actions
00:15:11.261 [JavaFX Application Thread] DEBUG GameApplicationServi - Removing overlay from LoadingInterface and adding to GameScene
00:15:11.261 [JavaFX Application Thread] DEBUG PrimaryStageWindow   - LoadingInterface -> GameScene
00:15:11.956 [JavaFX Application Thread] DEBUG FXGLAssetLoaderServi - Loading from file system: file:/C:/Users/ryles/Downloads/ComProg_Project/target/classes/assets/textures/enemy_sprite.png
00:15:11.959 [JavaFX Application Thread] DEBUG FXGLAssetLoaderServi - Loading from file system: file:/C:/Users/ryles/Downloads/ComProg_Project/target/classes/assets/textures/explosion_sprite.png
00:15:12.709 [JavaFX Application Thread] DEBUG FXGLAssetLoaderServi - Loading from file system: file:/C:/Users/ryles/Downloads/ComProg_Project/target/classes/assets/textures/bullet_sprite.png
00:15:12.931 [JavaFX Application Thread] DEBUG FXGLAssetLoaderServi - Loading from file system: file:/C:/Users/ryles/Downloads/ComProg_Project/target/classes/assets/textures/heart_sprite.png
00:15:12.942 [JavaFX Application Thread] DEBUG FXGLAssetLoaderServi - Loading from file system: file:/C:/Users/ryles/Downloads/ComProg_Project/target/classes/assets/textures/heart_explode_sprite.png
00:15:12.966 [JavaFX Application Thread] DEBUG FXGLAssetLoaderServi - Loading from file system: file:/C:/Users/ryles/Downloads/ComProg_Project/target/classes/assets/sounds/death_sound.wav
00:15:13.080 [FXGL Background Thread 3 ] DEBUG Engine               - Logging environment variables
00:15:13.081 [FXGL Background Thread 3 ] DEBUG Engine               - achievements: []
00:15:13.081 [FXGL Background Thread 3 ] DEBUG Engine               - actualHeight: 671.0
00:15:13.081 [FXGL Background Thread 3 ] DEBUG Engine               - actualHeightProperty: ReadOnlyDoubleProperty [value: 671.0]
00:15:13.081 [FXGL Background Thread 3 ] DEBUG Engine               - actualWidth: 1169.0
00:15:13.081 [FXGL Background Thread 3 ] DEBUG Engine               - actualWidthProperty: ReadOnlyDoubleProperty [value: 1169.0]
00:15:13.081 [FXGL Background Thread 3 ] DEBUG Engine               - appIcon: fxgl_icon.png
00:15:13.081 [FXGL Background Thread 3 ] DEBUG Engine               - applicationMode: DEVELOPER
00:15:13.081 [FXGL Background Thread 3 ] DEBUG Engine               - cSSList: [fxgl_dark.css]
00:15:13.081 [FXGL Background Thread 3 ] DEBUG Engine               - collisionDetectionStrategy: BRUTE_FORCE
00:15:13.081 [FXGL Background Thread 3 ] DEBUG Engine               - configClass: Optional.empty
00:15:13.081 [FXGL Background Thread 3 ] DEBUG Engine               - credits: []
00:15:13.082 [FXGL Background Thread 3 ] DEBUG Engine               - defaultCursor: CursorInfo(imageName=fxgl_default_cursor.png, hotspotX=7.0, hotspotY=6.0)
00:15:13.082 [FXGL Background Thread 3 ] DEBUG Engine               - devBBoxColorProperty: ObjectProperty [value: 0xff0000ff]
00:15:13.082 [FXGL Background Thread 3 ] DEBUG Engine               - devEnableDebugCameraProperty: BooleanProperty [value: false]
00:15:13.082 [FXGL Background Thread 3 ] DEBUG Engine               - devSensorColorProperty: ObjectProperty [value: 0xffff00ff]
00:15:13.082 [FXGL Background Thread 3 ] DEBUG Engine               - devShowBBoxProperty: BooleanProperty [value: false]
00:15:13.082 [FXGL Background Thread 3 ] DEBUG Engine               - devShowPositionProperty: BooleanProperty [value: false]
00:15:13.082 [FXGL Background Thread 3 ] DEBUG Engine               - enabledMenuItems: []
00:15:13.082 [FXGL Background Thread 3 ] DEBUG Engine               - engineServices: [class com.almasb.fxgl.app.services.FXGLAssetLoaderService, class com.almasb.fxgl.app.FXGLApplication$GameApplicationService, class com.almasb.fxgl.app.services.FXGLDialogService, class com.almasb.fxgl.app.services.IOTaskExecutorService, class com.almasb.fxgl.io.FileSystemService, class com.almasb.fxgl.localization.LocalizationService, class com.almasb.fxgl.app.services.SystemBundleService, class com.almasb.fxgl.profile.SaveLoadService, class com.almasb.fxgl.ui.FXGLUIFactoryServiceProvider, class com.almasb.fxgl.ui.FXGLDialogFactoryServiceProvider, class com.almasb.fxgl.audio.AudioPlayer, class com.almasb.fxgl.notification.impl.NotificationServiceProvider, class com.almasb.fxgl.achievement.AchievementService, class com.almasb.fxgl.cutscene.CutsceneService, class com.almasb.fxgl.minigames.MiniGameService, class com.almasb.fxgl.net.NetService, class com.almasb.fxgl.app.services.UpdaterService, class com.almasb.fxgl.dev.DevService]
00:15:13.082 [FXGL Background Thread 3 ] DEBUG Engine               - fontGame: Abel-Regular.ttf
00:15:13.082 [FXGL Background Thread 3 ] DEBUG Engine               - fontMono: TerminalLandMono-Regular.otf
00:15:13.082 [FXGL Background Thread 3 ] DEBUG Engine               - fontSizeScaleUI: 1.0
00:15:13.082 [FXGL Background Thread 3 ] DEBUG Engine               - fontText: Courier-Prime.ttf
00:15:13.082 [FXGL Background Thread 3 ] DEBUG Engine               - fontUI: VarelaRound-Regular.ttf
00:15:13.082 [FXGL Background Thread 3 ] DEBUG Engine               - fpsRefreshRate: 500.0 ms
00:15:13.082 [FXGL Background Thread 3 ] DEBUG Engine               - fullScreen: BooleanProperty [value: false]
00:15:13.082 [FXGL Background Thread 3 ] DEBUG Engine               - gameDifficulty: MEDIUM
00:15:13.082 [FXGL Background Thread 3 ] DEBUG Engine               - gameDifficultyProperty: ObjectProperty [value: MEDIUM]
00:15:13.082 [FXGL Background Thread 3 ] DEBUG Engine               - globalMusicVolume: 0.5
00:15:13.082 [FXGL Background Thread 3 ] DEBUG Engine               - globalMusicVolumeProperty: DoubleProperty [value: 0.5]
00:15:13.082 [FXGL Background Thread 3 ] DEBUG Engine               - globalSoundVolume: 0.5
00:15:13.082 [FXGL Background Thread 3 ] DEBUG Engine               - globalSoundVolumeProperty: DoubleProperty [value: 0.5]
00:15:13.082 [FXGL Background Thread 3 ] DEBUG Engine               - height: 720
00:15:13.082 [FXGL Background Thread 3 ] DEBUG Engine               - is3D: false
00:15:13.082 [FXGL Background Thread 3 ] DEBUG Engine               - isAndroid: false
00:15:13.082 [FXGL Background Thread 3 ] DEBUG Engine               - isBrowser: false
00:15:13.082 [FXGL Background Thread 3 ] DEBUG Engine               - isClickFeedbackEnabled: false
00:15:13.082 [FXGL Background Thread 3 ] DEBUG Engine               - isCloseConfirmation: false
00:15:13.082 [FXGL Background Thread 3 ] DEBUG Engine               - isDesktop: true
00:15:13.082 [FXGL Background Thread 3 ] DEBUG Engine               - isDeveloperMenuEnabled: false
00:15:13.083 [FXGL Background Thread 3 ] DEBUG Engine               - isEmbedded: false
00:15:13.083 [FXGL Background Thread 3 ] DEBUG Engine               - isEntityPreloadEnabled: true
00:15:13.083 [FXGL Background Thread 3 ] DEBUG Engine               - isExperimentalTiledLargeMap: false
00:15:13.083 [FXGL Background Thread 3 ] DEBUG Engine               - isFileSystemWriteAllowed: true
00:15:13.083 [FXGL Background Thread 3 ] DEBUG Engine               - isFullScreenAllowed: false
00:15:13.083 [FXGL Background Thread 3 ] DEBUG Engine               - isFullScreenFromStart: false
00:15:13.083 [FXGL Background Thread 3 ] DEBUG Engine               - isGameMenuEnabled: true
00:15:13.083 [FXGL Background Thread 3 ] DEBUG Engine               - isIOS: false
00:15:13.083 [FXGL Background Thread 3 ] DEBUG Engine               - isIntroEnabled: false
00:15:13.083 [FXGL Background Thread 3 ] DEBUG Engine               - isLinux: false
00:15:13.083 [FXGL Background Thread 3 ] DEBUG Engine               - isMac: false
00:15:13.083 [FXGL Background Thread 3 ] DEBUG Engine               - isMainMenuEnabled: true
00:15:13.083 [FXGL Background Thread 3 ] DEBUG Engine               - isManualResizeEnabled: false
00:15:13.083 [FXGL Background Thread 3 ] DEBUG Engine               - isMobile: false
00:15:13.083 [FXGL Background Thread 3 ] DEBUG Engine               - isNative: false
00:15:13.083 [FXGL Background Thread 3 ] DEBUG Engine               - isPauseMusicWhenMinimized: true
00:15:13.083 [FXGL Background Thread 3 ] DEBUG Engine               - isPreserveResizeRatio: false
00:15:13.083 [FXGL Background Thread 3 ] DEBUG Engine               - isProfilingEnabled: false
00:15:13.083 [FXGL Background Thread 3 ] DEBUG Engine               - isScaleAffectedOnResize: true
00:15:13.083 [FXGL Background Thread 3 ] DEBUG Engine               - isSingleStep: false
00:15:13.083 [FXGL Background Thread 3 ] DEBUG Engine               - isUserProfileEnabled: false
00:15:13.083 [FXGL Background Thread 3 ] DEBUG Engine               - isWindows: true
00:15:13.083 [FXGL Background Thread 3 ] DEBUG Engine               - language: ObjectProperty [value: ENGLISH]
00:15:13.083 [FXGL Background Thread 3 ] DEBUG Engine               - menuKey: ESCAPE
00:15:13.083 [FXGL Background Thread 3 ] DEBUG Engine               - mouseSensitivity: 0.2
00:15:13.083 [FXGL Background Thread 3 ] DEBUG Engine               - notificationViewClass: class com.almasb.fxgl.notification.view.XboxNotificationView
00:15:13.083 [FXGL Background Thread 3 ] DEBUG Engine               - pixelsPerMeter: 50.0
00:15:13.083 [FXGL Background Thread 3 ] DEBUG Engine               - platform: WINDOWS
00:15:13.083 [FXGL Background Thread 3 ] DEBUG Engine               - prefHeightProperty: ReadOnlyDoubleProperty [value: 720.0]
00:15:13.084 [FXGL Background Thread 3 ] DEBUG Engine               - prefWidthProperty: ReadOnlyDoubleProperty [value: 1280.0]
00:15:13.084 [FXGL Background Thread 3 ] DEBUG Engine               - profileDir: profiles/
00:15:13.084 [FXGL Background Thread 3 ] DEBUG Engine               - profileName: StringProperty [value: DEFAULT]
00:15:13.084 [FXGL Background Thread 3 ] DEBUG Engine               - randomSeed: -1
00:15:13.084 [FXGL Background Thread 3 ] DEBUG Engine               - runtimeInfo: RuntimeInfo(platform=WINDOWS, version=25, build=05.02.2026 22.57)
00:15:13.084 [FXGL Background Thread 3 ] DEBUG Engine               - saveFileExt: sav
00:15:13.084 [FXGL Background Thread 3 ] DEBUG Engine               - scaledHeightProp$fxgl: DoubleProperty [bound, value: 671.0]
00:15:13.084 [FXGL Background Thread 3 ] DEBUG Engine               - scaledWidthProp$fxgl: DoubleProperty [bound, value: 1169.0]
00:15:13.084 [FXGL Background Thread 3 ] DEBUG Engine               - sceneFactory: org.group1.GamePackage.Factory.MainSceneFactory@6b2762ce
00:15:13.084 [FXGL Background Thread 3 ] DEBUG Engine               - secondsIn24h: 60
00:15:13.084 [FXGL Background Thread 3 ] DEBUG Engine               - soundMenuBack: menu/back.wav
00:15:13.084 [FXGL Background Thread 3 ] DEBUG Engine               - soundMenuPress: menu/press.wav
00:15:13.084 [FXGL Background Thread 3 ] DEBUG Engine               - soundMenuSelect: menu/select.wav
00:15:13.084 [FXGL Background Thread 3 ] DEBUG Engine               - soundNotification: core/notification.wav
00:15:13.084 [FXGL Background Thread 3 ] DEBUG Engine               - stageStyle: DECORATED
00:15:13.084 [FXGL Background Thread 3 ] DEBUG Engine               - supportedLanguages: [ENGLISH, FRENCH, GERMAN, HUNGARIAN, RUSSIAN]
00:15:13.084 [FXGL Background Thread 3 ] DEBUG Engine               - ticksPerSecond: -1
00:15:13.084 [FXGL Background Thread 3 ] DEBUG Engine               - title: Untitled
00:15:13.084 [FXGL Background Thread 3 ] DEBUG Engine               - urlGithub: https://github.com/AlmasB/FXGL
00:15:13.084 [FXGL Background Thread 3 ] DEBUG Engine               - urlLeaderboard: http://fxgl-top.herokuapp.com/
00:15:13.084 [FXGL Background Thread 3 ] DEBUG Engine               - urlPOM: https://raw.githubusercontent.com/AlmasB/FXGL/release/README.md
00:15:13.084 [FXGL Background Thread 3 ] DEBUG Engine               - userAppClass: class org.group1.GamePackage.Application
00:15:13.084 [FXGL Background Thread 3 ] DEBUG Engine               - version: 0.0
00:15:13.084 [FXGL Background Thread 3 ] DEBUG Engine               - versionCheckDays: 7
00:15:13.084 [FXGL Background Thread 3 ] DEBUG Engine               - width: 1280
00:15:13.084 [FXGL Background Thread 3 ] DEBUG Engine               - Logging services
00:15:13.084 [FXGL Background Thread 3 ] DEBUG Engine               - class com.almasb.fxgl.app.services.FXGLAssetLoaderService
00:15:13.084 [FXGL Background Thread 3 ] DEBUG Engine               - class com.almasb.fxgl.app.FXGLApplication$GameApplicationService
00:15:13.084 [FXGL Background Thread 3 ] DEBUG Engine               - class com.almasb.fxgl.app.services.FXGLDialogService
00:15:13.084 [FXGL Background Thread 3 ] DEBUG Engine               - class com.almasb.fxgl.app.services.IOTaskExecutorService
00:15:13.084 [FXGL Background Thread 3 ] DEBUG Engine               - class com.almasb.fxgl.io.FileSystemService
00:15:13.084 [FXGL Background Thread 3 ] DEBUG Engine               - class com.almasb.fxgl.localization.LocalizationService
00:15:13.084 [FXGL Background Thread 3 ] DEBUG Engine               - class com.almasb.fxgl.app.services.SystemBundleService
00:15:13.084 [FXGL Background Thread 3 ] DEBUG Engine               - class com.almasb.fxgl.profile.SaveLoadService
00:15:13.084 [FXGL Background Thread 3 ] DEBUG Engine               - class com.almasb.fxgl.ui.FXGLUIFactoryServiceProvider
00:15:13.084 [FXGL Background Thread 3 ] DEBUG Engine               - class com.almasb.fxgl.ui.FXGLDialogFactoryServiceProvider
00:15:13.084 [FXGL Background Thread 3 ] DEBUG Engine               - class com.almasb.fxgl.audio.AudioPlayer
00:15:13.084 [FXGL Background Thread 3 ] DEBUG Engine               - class com.almasb.fxgl.notification.impl.NotificationServiceProvider
00:15:13.084 [FXGL Background Thread 3 ] DEBUG Engine               - class com.almasb.fxgl.achievement.AchievementService
00:15:13.084 [FXGL Background Thread 3 ] DEBUG Engine               - class com.almasb.fxgl.cutscene.CutsceneService
00:15:13.084 [FXGL Background Thread 3 ] DEBUG Engine               - class com.almasb.fxgl.minigames.MiniGameService
00:15:13.085 [FXGL Background Thread 3 ] DEBUG Engine               - class com.almasb.fxgl.net.NetService
00:15:13.085 [FXGL Background Thread 3 ] DEBUG Engine               - class com.almasb.fxgl.app.services.UpdaterService
00:15:13.085 [FXGL Background Thread 3 ] DEBUG Engine               - class com.almasb.fxgl.dev.DevService
00:15:16.495 [JavaFX Application Thread] DEBUG FXGLAssetLoaderServi - Loading from file system: file:/C:/Users/ryles/Downloads/ComProg_Project/target/classes/assets/textures/boss_placeholder.png
00:15:17.613 [JavaFX Application Thread] DEBUG FXGLAssetLoaderServi - Loading from file system: file:/C:/Users/ryles/Downloads/ComProg_Project/target/classes/assets/sounds/switch_bullet.wav
00:15:17.622 [JavaFX Application Thread] DEBUG FXGLAssetLoaderServi - Loading from file system: file:/C:/Users/ryles/Downloads/ComProg_Project/target/classes/assets/textures/fire_HUD_sprite.png
00:15:18.053 [JavaFX Application Thread] DEBUG FXGLAssetLoaderServi - Loading from file system: file:/C:/Users/ryles/Downloads/ComProg_Project/target/classes/assets/textures/fire_bullet_sprite.png
00:15:18.798 [JavaFX Application Thread] DEBUG FXGLAssetLoaderServi - Loading from file system: file:/C:/Users/ryles/Downloads/ComProg_Project/target/classes/assets/sounds/fah.wav
00:15:33.659 [JavaFX Application Thread] DEBUG FXGLApplication      - Exiting FXGL
00:15:33.660 [JavaFX Application Thread] DEBUG LoopRunner           - Stopping loop
00:15:33.660 [JavaFX Application Thread] DEBUG SystemBundleService  - Saving FXGL system data
00:15:33.662 [JavaFX Application Thread] DEBUG FileSystemAccess     - Writing to: C:\Users\ryles\Downloads\ComProg_Project\system\fxgl.bundle
00:15:33.664 [JavaFX Application Thread] DEBUG Async                - Shutting down background threads
00:15:33.665 [JavaFX Application Thread] DEBUG PrimaryStageWindow   - Closing main window
00:15:33.682 [JavaFX Application Thread] DEBUG Logger               - Closing Logger
