12:16:08.493 [main                     ] DEBUG Logger               - Configured Logger
12:16:08.505 [main                     ] DEBUG GameApplication      - Logging settings
Title: Untitled
Version: 0.0
Width: 1280
Height: 720
Fullscreen: false
Intro: false
Profiling: false
Single step:false
App Mode: DEVELOPER
Menu Key: ESCAPE
Stage Style: DECORATED
Scene Factory: class com.almasb.fxgl.app.scene.SceneFactory

12:16:08.989 [JavaFX Application Thread] DEBUG FXGLApplication      - Initializing FXGL
12:16:08.994 [JavaFX Application Thread] INFO  Engine               - FXGL-25 (05.02.2026 22.57) on WINDOWS (J:25.0.1 FX:21.0.6)
12:16:08.994 [JavaFX Application Thread] DEBUG Engine               - JRE Vendor Name: Oracle Corporation
12:16:08.994 [JavaFX Application Thread] DEBUG Engine               - Running on OS: Windows 11 version 10.0
12:16:08.994 [JavaFX Application Thread] DEBUG Engine               - Architecture: amd64
12:16:08.995 [JavaFX Application Thread] INFO  Engine               - Source code and latest versions at: https://github.com/AlmasB/FXGL
12:16:08.995 [JavaFX Application Thread] INFO  Engine               -       Ask questions and discuss at: https://github.com/AlmasB/FXGL/discussions
12:16:09.163 [JavaFX Application Thread] DEBUG PrimaryStageWindow   - Creating a JavaFX scene
12:16:09.235 [JavaFX Application Thread] DEBUG PrimaryStageWindow   - Target settings size: 1280.0 x 720.0
12:16:09.235 [JavaFX Application Thread] DEBUG PrimaryStageWindow   - Scaled scene size:    1280.0 x 720.0
12:16:09.235 [JavaFX Application Thread] DEBUG PrimaryStageWindow   - Scaled ratio: (1.0, 1.0)
12:16:09.236 [JavaFX Application Thread] DEBUG PrimaryStageWindow   - Set initial scene to FXGLStartupScene
12:16:09.239 [JavaFX Application Thread] DEBUG PrimaryStageWindow   - Opening main window
12:16:09.354 [JavaFX Application Thread] DEBUG PrimaryStageWindow   - Window border size: (14.6666259765625, 37.33331298828125)
12:16:09.354 [JavaFX Application Thread] DEBUG PrimaryStageWindow   - Scaled size: 1280.0 x 720.0
12:16:09.354 [JavaFX Application Thread] DEBUG PrimaryStageWindow   - Scaled ratio: (1.0, 1.0)
12:16:09.355 [JavaFX Application Thread] DEBUG PrimaryStageWindow   - Scene size: 1280.0 x 720.0
12:16:09.355 [JavaFX Application Thread] DEBUG PrimaryStageWindow   - Stage size: 1294.6666259765625 x 757.3333129882812
12:16:09.371 [FXGL Background Thread 1 ] DEBUG Engine               - Initializing environment variables
12:16:09.473 [FXGL Background Thread 1 ] DEBUG FXGLAssetLoaderServi - User app class for loading assets: class org.group1.GamePackage.Application
12:16:09.473 [FXGL Background Thread 1 ] DEBUG GameApplicationServi - Applying CSS: fxgl_dark.css
12:16:09.475 [FXGL Background Thread 1 ] DEBUG FXGLAssetLoaderServi - Loading from file system: jar:file:///C:/Users/ryles/.m2/repository/com/github/almasb/fxgl/25/fxgl-25.jar!/fxglassets/ui/css/fxgl_dark.css
12:16:09.560 [FXGL Background Thread 1 ] DEBUG GameApplicationServi - Initializing application scenes
12:16:09.618 [FXGL Background Thread 1 ] DEBUG GameWorld            - Game world initialized
12:16:09.729 [FXGL Background Thread 1 ] DEBUG PhysicsWorld         - Physics world initialized: appHeight=720, physics.ppm=50.0
12:16:09.730 [FXGL Background Thread 1 ] DEBUG PhysicsWorld         - Using strategy: BRUTE_FORCE
12:16:09.738 [FXGL Background Thread 1 ] DEBUG GameScene            - Game scene initialized: 1280x720
12:16:09.759 [FXGL Background Thread 1 ] DEBUG FXGL.DefaultMenu     - createMenuBodyGameMenu()
12:16:09.780 [FXGL Background Thread 1 ] DEBUG FXGL.DefaultMenu     - createOptionsMenu()
12:16:09.794 [FXGL Background Thread 1 ] DEBUG FXGLAssetLoaderServi - Loading from file system: jar:file:///C:/Users/ryles/.m2/repository/com/github/almasb/fxgl/25/fxgl-25.jar!/fxglassets/textures/particles/smoke.png
12:16:09.914 [FXGL Background Thread 1 ] DEBUG FXGLAssetLoaderServi - Loading from file system: jar:file:///C:/Users/ryles/.m2/repository/com/github/almasb/fxgl/25/fxgl-25.jar!/fxglassets/textures/particles/trace_horizontal.png
12:16:09.952 [FXGL Background Thread 1 ] DEBUG GameApplicationServi - Application scenes initialized
12:16:09.969 [FXGL Background Thread 1 ] DEBUG SystemBundleService  - Loading FXGL system data
12:16:09.975 [FXGL Background Thread 1 ] DEBUG FileSystemAccess     - Reading from: C:\Users\ryles\Downloads\ComProg_Project\system\fxgl.bundle
12:16:09.986 [FXGL Background Thread 1 ] DEBUG SystemBundleService  - Bundle FXGL: {}
12:16:09.987 [FXGL Background Thread 1 ] DEBUG UpdaterService       - Checking for updates
12:16:09.992 [FXGL Background Thread 4 ] DEBUG FXGLApplication      - Loading fonts
12:16:09.992 [FXGL Background Thread 1 ] DEBUG FXGLApplication      - Loading default localization
12:16:09.992 [FXGL Background Thread 4 ] DEBUG FXGLAssetLoaderServi - Loading from file system: jar:file:///C:/Users/ryles/.m2/repository/com/github/almasb/fxgl/25/fxgl-25.jar!/fxglassets/ui/fonts/VarelaRound-Regular.ttf
12:16:09.993 [FXGL Background Thread 1 ] DEBUG FXGLAssetLoaderServi - Loading from file system: jar:file:///C:/Users/ryles/.m2/repository/com/github/almasb/fxgl/25/fxgl-25.jar!/fxglassets/languages/english.lang
12:16:10.012 [FXGL Background Thread 1 ] INFO  FXGLApplication      - FXGL initialization took: 0.641 sec
12:16:10.039 [JavaFX Application Thread] DEBUG Input                - Registered new binding: Move left - A
12:16:10.040 [JavaFX Application Thread] DEBUG Input                - Registered new binding: Move right - D
12:16:10.040 [JavaFX Application Thread] DEBUG Input                - Registered new binding: Move down - S
12:16:10.040 [JavaFX Application Thread] DEBUG Input                - Registered new binding: Move up - W
12:16:10.040 [JavaFX Application Thread] DEBUG Input                - Registered new binding: Shoot - Space
12:16:10.041 [JavaFX Application Thread] DEBUG FXGLAssetLoaderServi - Loading from file system: jar:file:///C:/Users/ryles/.m2/repository/com/github/almasb/fxgl/25/fxgl-25.jar!/fxglassets/textures/fxgl_icon.png
12:16:10.049 [FXGL Background Thread 4 ] DEBUG FXGLAssetLoaderServi - Loading from file system: jar:file:///C:/Users/ryles/.m2/repository/com/github/almasb/fxgl/25/fxgl-25.jar!/fxglassets/ui/fonts/Abel-Regular.ttf
12:16:10.057 [FXGL Background Thread 4 ] DEBUG FXGLAssetLoaderServi - Loading from file system: jar:file:///C:/Users/ryles/.m2/repository/com/github/almasb/fxgl/25/fxgl-25.jar!/fxglassets/ui/fonts/TerminalLandMono-Regular.otf
12:16:10.066 [FXGL Background Thread 4 ] DEBUG FXGLAssetLoaderServi - Loading from file system: jar:file:///C:/Users/ryles/.m2/repository/com/github/almasb/fxgl/25/fxgl-25.jar!/fxglassets/ui/fonts/Courier-Prime.ttf
12:16:10.071 [JavaFX Application Thread] DEBUG FXGLAssetLoaderServi - Loading from file system: jar:file:///C:/Users/ryles/.m2/repository/com/github/almasb/fxgl/25/fxgl-25.jar!/fxglassets/textures/fxgl_default_cursor.png
12:16:10.074 [JavaFX Application Thread] DEBUG Input                - Registered new binding: Screenshot - CTRL+8
12:16:10.075 [JavaFX Application Thread] DEBUG Input                - Registered new binding: System info dump - CTRL+9
12:16:10.075 [JavaFX Application Thread] DEBUG Input                - Registered new binding: Restart - CTRL+R
12:16:10.080 [JavaFX Application Thread] DEBUG Input                - Registered new binding: Toggle Debug Camera - CTRL+7
12:16:10.084 [JavaFX Application Thread] DEBUG LoopRunner           - Starting loop
12:16:10.084 [JavaFX Application Thread] DEBUG LoopRunner           - Initializing JavaFX AnimationTimerLoop
12:16:10.087 [JavaFX Application Thread] DEBUG GameApplicationServi - Starting new game
12:16:10.088 [JavaFX Application Thread] DEBUG Input                - Clearing active input actions
12:16:10.105 [JavaFX Application Thread] DEBUG GameApplicationServi - Removing overlay from FXGLStartupScene and adding to FXGLLoadingScene
12:16:10.105 [JavaFX Application Thread] DEBUG PrimaryStageWindow   - FXGLStartupScene -> FXGLLoadingScene
12:16:10.105 [JavaFX Application Thread] DEBUG GameApplicationServi - Clearing previous game
12:16:10.105 [JavaFX Application Thread] DEBUG GameScene            - Clearing game scene
12:16:10.105 [JavaFX Application Thread] DEBUG GameWorld            - Clearing game world
12:16:10.105 [JavaFX Application Thread] DEBUG PhysicsWorld         - Clearing physics world
12:16:10.107 [FXGL Background Thread 4 ] DEBUG FXGLApplication      - Initializing game
12:16:10.107 [JavaFX Application Thread] DEBUG FXGLApplication      - Registering font factories with UI factory
12:16:10.123 [FXGL Background Thread 4 ] DEBUG FXGLAssetLoaderServi - Loading from file system: file:/C:/Users/ryles/Downloads/ComProg_Project/target/classes/assets/textures/background.png
12:16:10.316 [FXGL Background Thread 4 ] DEBUG FXGLAssetLoaderServi - Loading from file system: file:/C:/Users/ryles/Downloads/ComProg_Project/target/classes/assets/textures/background_stars1.png
12:16:10.480 [FXGL Background Thread 4 ] DEBUG FXGLAssetLoaderServi - Loading from file system: file:/C:/Users/ryles/Downloads/ComProg_Project/target/classes/assets/textures/background_stars2.png
12:16:10.583 [FXGL Background Thread 4 ] DEBUG FXGLAssetLoaderServi - Loading from file system: file:/C:/Users/ryles/Downloads/ComProg_Project/target/classes/assets/textures/background_stars3.png
12:16:10.659 [FXGL Background Thread 4 ] DEBUG FXGLAssetLoaderServi - Loading from file system: file:/C:/Users/ryles/Downloads/ComProg_Project/target/classes/assets/textures/background_cloud1.png
12:16:10.680 [FXGL Background Thread 4 ] DEBUG FXGLAssetLoaderServi - Loading from file system: file:/C:/Users/ryles/Downloads/ComProg_Project/target/classes/assets/textures/background_cloud2.png
12:16:10.709 [FXGL Background Thread 4 ] DEBUG FXGLAssetLoaderServi - Loading from file system: file:/C:/Users/ryles/Downloads/ComProg_Project/target/classes/assets/textures/background_mist1.png
12:16:10.734 [FXGL Background Thread 4 ] DEBUG FXGLAssetLoaderServi - Loading from file system: file:/C:/Users/ryles/Downloads/ComProg_Project/target/classes/assets/textures/background_hills.png
12:16:10.791 [FXGL Background Thread 4 ] DEBUG FXGLAssetLoaderServi - Loading from file system: file:/C:/Users/ryles/Downloads/ComProg_Project/target/classes/assets/textures/background_forest.png
12:16:10.826 [FXGL Background Thread 4 ] DEBUG FXGLAssetLoaderServi - Loading from file system: file:/C:/Users/ryles/Downloads/ComProg_Project/target/classes/assets/textures/background_large_forest.png
12:16:10.879 [FXGL Background Thread 4 ] DEBUG FXGLAssetLoaderServi - Loading from file system: file:/C:/Users/ryles/Downloads/ComProg_Project/target/classes/assets/textures/idle_sprite.png
12:16:10.901 [FXGL Background Thread 4 ] DEBUG FXGLAssetLoaderServi - Loading from file system: file:/C:/Users/ryles/Downloads/ComProg_Project/target/classes/assets/textures/down_sprite.png
12:16:10.906 [FXGL Background Thread 4 ] DEBUG FXGLAssetLoaderServi - Loading from file system: file:/C:/Users/ryles/Downloads/ComProg_Project/target/classes/assets/textures/up_sprite.png
12:16:10.926 [FXGL Background Thread 4 ] DEBUG FXGLAssetLoaderServi - Loading from file system: file:/C:/Users/ryles/Downloads/ComProg_Project/target/classes/assets/music/main_music.wav
12:16:11.105 [FXGL Background Thread 4 ] DEBUG AudioPlayer          - Playing music com.almasb.fxgl.audio.Music@2707e2f4
12:16:11.117 [JavaFX Application Thread] DEBUG LoopRunner           - Stopping loop
12:16:11.120 [JavaFX Application Thread] FATAL FXGLApplication      - Uncaught Exception:
java.lang.RuntimeException: Initialization failed
	at com.almasb.fxgl.all@25/com.almasb.fxgl.app.FXGLApplication$InitAppTask.failed(FXGLApplication.kt:350)
	at javafx.graphics@21.0.6/javafx.concurrent.Task.setState(Task.java:710)
	at javafx.graphics@21.0.6/javafx.concurrent.Task$TaskCallable.lambda$call$2(Task.java:1429)
	at javafx.graphics@21.0.6/com.sun.javafx.application.PlatformImpl.lambda$runLater$10(PlatformImpl.java:456)
	at java.base/java.security.AccessController.doPrivileged(AccessController.java:138)
	at javafx.graphics@21.0.6/com.sun.javafx.application.PlatformImpl.lambda$runLater$11(PlatformImpl.java:455)
	at javafx.graphics@21.0.6/com.sun.glass.ui.InvokeLaterDispatcher$Future.run(InvokeLaterDispatcher.java:95)
	at javafx.graphics@21.0.6/com.sun.glass.ui.win.WinApplication._runLoop(Native Method)
	at javafx.graphics@21.0.6/com.sun.glass.ui.win.WinApplication.lambda$runLoop$3(WinApplication.java:185)
	at java.base/java.lang.Thread.run(Thread.java:1474)
Caused by: java.lang.IllegalArgumentException: Component TimerComponent not found!
	at com.almasb.fxgl.entity@25/com.almasb.fxgl.entity.Entity.getComponent(Entity.java:366)
	at org.group.game/org.group1.GamePackage.UI.HUDInterface.displayTimer(HUDInterface.java:31)
	at org.group.game/org.group1.GamePackage.Application.initUI(Application.java:62)
	at com.almasb.fxgl.all@25/com.almasb.fxgl.app.FXGLApplication$InitAppTask.call(FXGLApplication.kt:326)
	at com.almasb.fxgl.all@25/com.almasb.fxgl.app.FXGLApplication$InitAppTask.call(FXGLApplication.kt:316)
	at javafx.graphics@21.0.6/javafx.concurrent.Task$TaskCallable.call(Task.java:1399)
	at java.base/java.util.concurrent.FutureTask.run(FutureTask.java:328)
	at java.base/java.util.concurrent.Executors$RunnableAdapter.call(Executors.java:545)
	at java.base/java.util.concurrent.FutureTask.run(FutureTask.java:328)
	at java.base/java.util.concurrent.ThreadPoolExecutor.runWorker(ThreadPoolExecutor.java:1090)
	at java.base/java.util.concurrent.ThreadPoolExecutor$Worker.run(ThreadPoolExecutor.java:614)
	... 1 more

12:16:11.121 [JavaFX Application Thread] FATAL FXGLApplication      - Application will now exit
12:16:11.141 [JavaFX Application Thread] DEBUG PrimaryStageWindow   - Push state: ErrorSubScene
12:16:11.144 [JavaFX Application Thread] DEBUG Input                - Clearing active input actions
12:16:11.151 [JavaFX Application Thread] DEBUG GameApplicationServi - Removing overlay from FXGLLoadingScene and adding to ErrorSubScene
12:16:11.152 [JavaFX Application Thread] DEBUG PrimaryStageWindow   - FXGLLoadingScene -> ErrorSubScene
12:16:12.990 [FXGL Background Thread 3 ] DEBUG Engine               - Logging environment variables
12:16:12.991 [FXGL Background Thread 3 ] DEBUG Engine               - achievements: []
12:16:12.991 [FXGL Background Thread 3 ] DEBUG Engine               - actualHeight: 720.0
12:16:12.991 [FXGL Background Thread 3 ] DEBUG Engine               - actualHeightProperty: ReadOnlyDoubleProperty [value: 720.0]
12:16:12.991 [FXGL Background Thread 3 ] DEBUG Engine               - actualWidth: 1280.0
12:16:12.991 [FXGL Background Thread 3 ] DEBUG Engine               - actualWidthProperty: ReadOnlyDoubleProperty [value: 1280.0]
12:16:12.991 [FXGL Background Thread 3 ] DEBUG Engine               - appIcon: fxgl_icon.png
12:16:12.991 [FXGL Background Thread 3 ] DEBUG Engine               - applicationMode: DEVELOPER
12:16:12.991 [FXGL Background Thread 3 ] DEBUG Engine               - cSSList: [fxgl_dark.css]
12:16:12.991 [FXGL Background Thread 3 ] DEBUG Engine               - collisionDetectionStrategy: BRUTE_FORCE
12:16:12.992 [FXGL Background Thread 3 ] DEBUG Engine               - configClass: Optional.empty
12:16:12.992 [FXGL Background Thread 3 ] DEBUG Engine               - credits: []
12:16:12.992 [FXGL Background Thread 3 ] DEBUG Engine               - defaultCursor: CursorInfo(imageName=fxgl_default_cursor.png, hotspotX=7.0, hotspotY=6.0)
12:16:12.992 [FXGL Background Thread 3 ] DEBUG Engine               - devBBoxColorProperty: ObjectProperty [value: 0xff0000ff]
12:16:12.992 [FXGL Background Thread 3 ] DEBUG Engine               - devEnableDebugCameraProperty: BooleanProperty [value: false]
12:16:12.992 [FXGL Background Thread 3 ] DEBUG Engine               - devSensorColorProperty: ObjectProperty [value: 0xffff00ff]
12:16:12.993 [FXGL Background Thread 3 ] DEBUG Engine               - devShowBBoxProperty: BooleanProperty [value: false]
12:16:12.993 [FXGL Background Thread 3 ] DEBUG Engine               - devShowPositionProperty: BooleanProperty [value: false]
12:16:12.993 [FXGL Background Thread 3 ] DEBUG Engine               - enabledMenuItems: []
12:16:12.993 [FXGL Background Thread 3 ] DEBUG Engine               - engineServices: [class com.almasb.fxgl.app.services.FXGLAssetLoaderService, class com.almasb.fxgl.app.FXGLApplication$GameApplicationService, class com.almasb.fxgl.app.services.FXGLDialogService, class com.almasb.fxgl.app.services.IOTaskExecutorService, class com.almasb.fxgl.io.FileSystemService, class com.almasb.fxgl.localization.LocalizationService, class com.almasb.fxgl.app.services.SystemBundleService, class com.almasb.fxgl.profile.SaveLoadService, class com.almasb.fxgl.ui.FXGLUIFactoryServiceProvider, class com.almasb.fxgl.ui.FXGLDialogFactoryServiceProvider, class com.almasb.fxgl.audio.AudioPlayer, class com.almasb.fxgl.notification.impl.NotificationServiceProvider, class com.almasb.fxgl.achievement.AchievementService, class com.almasb.fxgl.cutscene.CutsceneService, class com.almasb.fxgl.minigames.MiniGameService, class com.almasb.fxgl.net.NetService, class com.almasb.fxgl.app.services.UpdaterService, class com.almasb.fxgl.dev.DevService]
12:16:12.993 [FXGL Background Thread 3 ] DEBUG Engine               - fontGame: Abel-Regular.ttf
12:16:12.993 [FXGL Background Thread 3 ] DEBUG Engine               - fontMono: TerminalLandMono-Regular.otf
12:16:12.993 [FXGL Background Thread 3 ] DEBUG Engine               - fontSizeScaleUI: 1.0
12:16:12.993 [FXGL Background Thread 3 ] DEBUG Engine               - fontText: Courier-Prime.ttf
12:16:12.993 [FXGL Background Thread 3 ] DEBUG Engine               - fontUI: VarelaRound-Regular.ttf
12:16:12.994 [FXGL Background Thread 3 ] DEBUG Engine               - fpsRefreshRate: 500.0 ms
12:16:12.994 [FXGL Background Thread 3 ] DEBUG Engine               - fullScreen: BooleanProperty [value: false]
12:16:12.994 [FXGL Background Thread 3 ] DEBUG Engine               - gameDifficulty: MEDIUM
12:16:12.994 [FXGL Background Thread 3 ] DEBUG Engine               - gameDifficultyProperty: ObjectProperty [value: MEDIUM]
12:16:12.994 [FXGL Background Thread 3 ] DEBUG Engine               - globalMusicVolume: 0.5
12:16:12.995 [FXGL Background Thread 3 ] DEBUG Engine               - globalMusicVolumeProperty: DoubleProperty [value: 0.5]
12:16:12.995 [FXGL Background Thread 3 ] DEBUG Engine               - globalSoundVolume: 0.5
12:16:12.995 [FXGL Background Thread 3 ] DEBUG Engine               - globalSoundVolumeProperty: DoubleProperty [value: 0.5]
12:16:12.995 [FXGL Background Thread 3 ] DEBUG Engine               - height: 720
12:16:12.995 [FXGL Background Thread 3 ] DEBUG Engine               - is3D: false
12:16:12.995 [FXGL Background Thread 3 ] DEBUG Engine               - isAndroid: false
12:16:12.995 [FXGL Background Thread 3 ] DEBUG Engine               - isBrowser: false
12:16:12.995 [FXGL Background Thread 3 ] DEBUG Engine               - isClickFeedbackEnabled: false
12:16:12.995 [FXGL Background Thread 3 ] DEBUG Engine               - isCloseConfirmation: false
12:16:12.995 [FXGL Background Thread 3 ] DEBUG Engine               - isDesktop: true
12:16:12.995 [FXGL Background Thread 3 ] DEBUG Engine               - isDeveloperMenuEnabled: false
12:16:12.995 [FXGL Background Thread 3 ] DEBUG Engine               - isEmbedded: false
12:16:12.996 [FXGL Background Thread 3 ] DEBUG Engine               - isEntityPreloadEnabled: true
12:16:12.996 [FXGL Background Thread 3 ] DEBUG Engine               - isExperimentalTiledLargeMap: false
12:16:12.996 [FXGL Background Thread 3 ] DEBUG Engine               - isFileSystemWriteAllowed: true
12:16:12.996 [FXGL Background Thread 3 ] DEBUG Engine               - isFullScreenAllowed: false
12:16:12.996 [FXGL Background Thread 3 ] DEBUG Engine               - isFullScreenFromStart: false
12:16:12.996 [FXGL Background Thread 3 ] DEBUG Engine               - isGameMenuEnabled: true
12:16:12.996 [FXGL Background Thread 3 ] DEBUG Engine               - isIOS: false
12:16:12.996 [FXGL Background Thread 3 ] DEBUG Engine               - isIntroEnabled: false
12:16:12.996 [FXGL Background Thread 3 ] DEBUG Engine               - isLinux: false
12:16:12.996 [FXGL Background Thread 3 ] DEBUG Engine               - isMac: false
12:16:12.996 [FXGL Background Thread 3 ] DEBUG Engine               - isMainMenuEnabled: false
12:16:12.996 [FXGL Background Thread 3 ] DEBUG Engine               - isManualResizeEnabled: false
12:16:12.996 [FXGL Background Thread 3 ] DEBUG Engine               - isMobile: false
12:16:12.996 [FXGL Background Thread 3 ] DEBUG Engine               - isNative: false
12:16:12.996 [FXGL Background Thread 3 ] DEBUG Engine               - isPauseMusicWhenMinimized: true
12:16:12.996 [FXGL Background Thread 3 ] DEBUG Engine               - isPreserveResizeRatio: false
12:16:12.996 [FXGL Background Thread 3 ] DEBUG Engine               - isProfilingEnabled: false
12:16:12.996 [FXGL Background Thread 3 ] DEBUG Engine               - isScaleAffectedOnResize: true
12:16:12.996 [FXGL Background Thread 3 ] DEBUG Engine               - isSingleStep: false
12:16:12.996 [FXGL Background Thread 3 ] DEBUG Engine               - isUserProfileEnabled: false
12:16:12.997 [FXGL Background Thread 3 ] DEBUG Engine               - isWindows: true
12:16:12.997 [FXGL Background Thread 3 ] DEBUG Engine               - language: ObjectProperty [value: ENGLISH]
12:16:12.997 [FXGL Background Thread 3 ] DEBUG Engine               - menuKey: ESCAPE
12:16:12.997 [FXGL Background Thread 3 ] DEBUG Engine               - mouseSensitivity: 0.2
12:16:12.997 [FXGL Background Thread 3 ] DEBUG Engine               - notificationViewClass: class com.almasb.fxgl.notification.view.XboxNotificationView
12:16:12.997 [FXGL Background Thread 3 ] DEBUG Engine               - pixelsPerMeter: 50.0
12:16:12.997 [FXGL Background Thread 3 ] DEBUG Engine               - platform: WINDOWS
12:16:12.997 [FXGL Background Thread 3 ] DEBUG Engine               - prefHeightProperty: ReadOnlyDoubleProperty [value: 720.0]
12:16:12.997 [FXGL Background Thread 3 ] DEBUG Engine               - prefWidthProperty: ReadOnlyDoubleProperty [value: 1280.0]
12:16:12.997 [FXGL Background Thread 3 ] DEBUG Engine               - profileDir: profiles/
12:16:12.997 [FXGL Background Thread 3 ] DEBUG Engine               - profileName: StringProperty [value: DEFAULT]
12:16:12.997 [FXGL Background Thread 3 ] DEBUG Engine               - randomSeed: -1
12:16:12.997 [FXGL Background Thread 3 ] DEBUG Engine               - runtimeInfo: RuntimeInfo(platform=WINDOWS, version=25, build=05.02.2026 22.57)
12:16:12.997 [FXGL Background Thread 3 ] DEBUG Engine               - saveFileExt: sav
12:16:12.997 [FXGL Background Thread 3 ] DEBUG Engine               - scaledHeightProp$fxgl: DoubleProperty [bound, value: 720.0]
12:16:12.997 [FXGL Background Thread 3 ] DEBUG Engine               - scaledWidthProp$fxgl: DoubleProperty [bound, value: 1280.0]
12:16:12.997 [FXGL Background Thread 3 ] DEBUG Engine               - sceneFactory: com.almasb.fxgl.app.scene.SceneFactory@58f910f3
12:16:12.997 [FXGL Background Thread 3 ] DEBUG Engine               - secondsIn24h: 60
12:16:12.997 [FXGL Background Thread 3 ] DEBUG Engine               - soundMenuBack: menu/back.wav
12:16:12.997 [FXGL Background Thread 3 ] DEBUG Engine               - soundMenuPress: menu/press.wav
12:16:12.998 [FXGL Background Thread 3 ] DEBUG Engine               - soundMenuSelect: menu/select.wav
12:16:12.998 [FXGL Background Thread 3 ] DEBUG Engine               - soundNotification: core/notification.wav
12:16:12.998 [FXGL Background Thread 3 ] DEBUG Engine               - stageStyle: DECORATED
12:16:12.998 [FXGL Background Thread 3 ] DEBUG Engine               - supportedLanguages: [ENGLISH, FRENCH, GERMAN, HUNGARIAN, RUSSIAN]
12:16:12.998 [FXGL Background Thread 3 ] DEBUG Engine               - ticksPerSecond: -1
12:16:12.998 [FXGL Background Thread 3 ] DEBUG Engine               - title: Untitled
12:16:12.998 [FXGL Background Thread 3 ] DEBUG Engine               - urlGithub: https://github.com/AlmasB/FXGL
12:16:12.998 [FXGL Background Thread 3 ] DEBUG Engine               - urlLeaderboard: http://fxgl-top.herokuapp.com/
12:16:12.998 [FXGL Background Thread 3 ] DEBUG Engine               - urlPOM: https://raw.githubusercontent.com/AlmasB/FXGL/release/README.md
12:16:12.998 [FXGL Background Thread 3 ] DEBUG Engine               - userAppClass: class org.group1.GamePackage.Application
12:16:12.998 [FXGL Background Thread 3 ] DEBUG Engine               - version: 0.0
12:16:12.998 [FXGL Background Thread 3 ] DEBUG Engine               - versionCheckDays: 7
12:16:12.998 [FXGL Background Thread 3 ] DEBUG Engine               - width: 1280
12:16:12.998 [FXGL Background Thread 3 ] DEBUG Engine               - Logging services
12:16:12.998 [FXGL Background Thread 3 ] DEBUG Engine               - class com.almasb.fxgl.app.services.FXGLAssetLoaderService
12:16:12.998 [FXGL Background Thread 3 ] DEBUG Engine               - class com.almasb.fxgl.app.FXGLApplication$GameApplicationService
12:16:12.998 [FXGL Background Thread 3 ] DEBUG Engine               - class com.almasb.fxgl.app.services.FXGLDialogService
12:16:12.998 [FXGL Background Thread 3 ] DEBUG Engine               - class com.almasb.fxgl.app.services.IOTaskExecutorService
12:16:12.998 [FXGL Background Thread 3 ] DEBUG Engine               - class com.almasb.fxgl.io.FileSystemService
12:16:12.998 [FXGL Background Thread 3 ] DEBUG Engine               - class com.almasb.fxgl.localization.LocalizationService
12:16:12.998 [FXGL Background Thread 3 ] DEBUG Engine               - class com.almasb.fxgl.app.services.SystemBundleService
12:16:12.998 [FXGL Background Thread 3 ] DEBUG Engine               - class com.almasb.fxgl.profile.SaveLoadService
12:16:12.998 [FXGL Background Thread 3 ] DEBUG Engine               - class com.almasb.fxgl.ui.FXGLUIFactoryServiceProvider
12:16:12.999 [FXGL Background Thread 3 ] DEBUG Engine               - class com.almasb.fxgl.ui.FXGLDialogFactoryServiceProvider
12:16:12.999 [FXGL Background Thread 3 ] DEBUG Engine               - class com.almasb.fxgl.audio.AudioPlayer
12:16:12.999 [FXGL Background Thread 3 ] DEBUG Engine               - class com.almasb.fxgl.notification.impl.NotificationServiceProvider
12:16:12.999 [FXGL Background Thread 3 ] DEBUG Engine               - class com.almasb.fxgl.achievement.AchievementService
12:16:12.999 [FXGL Background Thread 3 ] DEBUG Engine               - class com.almasb.fxgl.cutscene.CutsceneService
12:16:12.999 [FXGL Background Thread 3 ] DEBUG Engine               - class com.almasb.fxgl.minigames.MiniGameService
12:16:12.999 [FXGL Background Thread 3 ] DEBUG Engine               - class com.almasb.fxgl.net.NetService
12:16:12.999 [FXGL Background Thread 3 ] DEBUG Engine               - class com.almasb.fxgl.app.services.UpdaterService
12:16:12.999 [FXGL Background Thread 3 ] DEBUG Engine               - class com.almasb.fxgl.dev.DevService
12:16:19.271 [JavaFX Application Thread] DEBUG FXGLApplication      - Exiting FXGL
12:16:19.271 [JavaFX Application Thread] DEBUG Async                - Shutting down background threads
12:16:19.272 [JavaFX Application Thread] DEBUG PrimaryStageWindow   - Closing main window
12:16:19.300 [JavaFX Application Thread] DEBUG Logger               - Closing Logger
