00:35:41.403 [main                     ] DEBUG Logger               - Configured Logger
00:35:41.450 [main                     ] DEBUG GameApplication      - Logging settings
Title: Untitled
Version: 0.0
Width: 1280
Height: 720
Fullscreen: false
Intro: false
Profiling: false
Single step:false
App Mode: DEVELOPER
Menu Key: ESCAPE
Stage Style: DECORATED
Scene Factory: class org.group1.GamePackage.Factory.MainSceneFactory

00:35:43.602 [JavaFX Application Thread] DEBUG FXGLApplication      - Initializing FXGL
00:35:43.623 [JavaFX Application Thread] INFO  Engine               - FXGL-25 (05.02.2026 22.57) on WINDOWS (J:25.0.1 FX:21.0.6)
00:35:43.626 [JavaFX Application Thread] DEBUG Engine               - JRE Vendor Name: Oracle Corporation
00:35:43.627 [JavaFX Application Thread] DEBUG Engine               - Running on OS: Windows 11 version 10.0
00:35:43.628 [JavaFX Application Thread] DEBUG Engine               - Architecture: amd64
00:35:43.628 [JavaFX Application Thread] INFO  Engine               - Source code and latest versions at: https://github.com/AlmasB/FXGL
00:35:43.629 [JavaFX Application Thread] INFO  Engine               -       Ask questions and discuss at: https://github.com/AlmasB/FXGL/discussions
00:35:44.191 [JavaFX Application Thread] DEBUG PrimaryStageWindow   - Creating a JavaFX scene
00:35:44.411 [JavaFX Application Thread] DEBUG PrimaryStageWindow   - Target settings size: 1280.0 x 720.0
00:35:44.412 [JavaFX Application Thread] DEBUG PrimaryStageWindow   - Scaled scene size:    1280.0 x 720.0
00:35:44.413 [JavaFX Application Thread] DEBUG PrimaryStageWindow   - Scaled ratio: (1.0, 1.0)
00:35:44.416 [JavaFX Application Thread] DEBUG PrimaryStageWindow   - Set initial scene to FXGLStartupScene
00:35:44.430 [JavaFX Application Thread] DEBUG PrimaryStageWindow   - Opening main window
00:35:44.813 [JavaFX Application Thread] DEBUG PrimaryStageWindow   - Window border size: (14.6666259765625, 37.33331298828125)
00:35:44.817 [JavaFX Application Thread] DEBUG PrimaryStageWindow   - Scaled size: 1280.0 x 720.0
00:35:44.821 [JavaFX Application Thread] DEBUG PrimaryStageWindow   - Scaled ratio: (1.0, 1.0)
00:35:44.823 [JavaFX Application Thread] DEBUG PrimaryStageWindow   - Scene size: 1280.0 x 720.0
00:35:44.824 [JavaFX Application Thread] DEBUG PrimaryStageWindow   - Stage size: 1294.6666259765625 x 757.3333129882812
00:35:44.901 [FXGL Background Thread 1 ] DEBUG Engine               - Initializing environment variables
00:35:45.344 [FXGL Background Thread 1 ] DEBUG FXGLAssetLoaderServi - User app class for loading assets: class org.group1.GamePackage.Application
00:35:45.346 [FXGL Background Thread 1 ] DEBUG GameApplicationServi - Applying CSS: fxgl_dark.css
00:35:45.350 [FXGL Background Thread 1 ] DEBUG FXGLAssetLoaderServi - Loading from file system: jar:file:///C:/Users/ryles/.m2/repository/com/github/almasb/fxgl/25/fxgl-25.jar!/fxglassets/ui/css/fxgl_dark.css
00:35:45.711 [FXGL Background Thread 1 ] DEBUG GameApplicationServi - Initializing application scenes
00:35:45.744 [FXGL Background Thread 1 ] DEBUG FXGLAssetLoaderServi - Loading from file system: file:/C:/Users/ryles/Downloads/ComProg_Project/target/classes/assets/textures/background.png
00:35:46.567 [FXGL Background Thread 1 ] DEBUG FXGLAssetLoaderServi - Loading from file system: file:/C:/Users/ryles/Downloads/ComProg_Project/target/classes/assets/textures/background_stars1.png
00:35:47.021 [FXGL Background Thread 1 ] DEBUG FXGLAssetLoaderServi - Loading from file system: file:/C:/Users/ryles/Downloads/ComProg_Project/target/classes/assets/textures/background_stars2.png
00:35:47.516 [FXGL Background Thread 1 ] DEBUG FXGLAssetLoaderServi - Loading from file system: file:/C:/Users/ryles/Downloads/ComProg_Project/target/classes/assets/textures/background_stars3.png
00:35:47.782 [FXGL Background Thread 1 ] DEBUG FXGLAssetLoaderServi - Loading from file system: file:/C:/Users/ryles/Downloads/ComProg_Project/target/classes/assets/textures/background_cloud1.png
00:35:47.845 [FXGL Background Thread 1 ] DEBUG FXGLAssetLoaderServi - Loading from file system: file:/C:/Users/ryles/Downloads/ComProg_Project/target/classes/assets/textures/background_cloud2.png
00:35:47.940 [FXGL Background Thread 1 ] DEBUG FXGLAssetLoaderServi - Loading from file system: file:/C:/Users/ryles/Downloads/ComProg_Project/target/classes/assets/textures/background_mist1.png
00:35:48.006 [FXGL Background Thread 1 ] DEBUG FXGLAssetLoaderServi - Loading from file system: file:/C:/Users/ryles/Downloads/ComProg_Project/target/classes/assets/textures/background_hills.png
00:35:48.154 [FXGL Background Thread 1 ] DEBUG FXGLAssetLoaderServi - Loading from file system: file:/C:/Users/ryles/Downloads/ComProg_Project/target/classes/assets/textures/background_forest.png
00:35:48.249 [FXGL Background Thread 1 ] DEBUG FXGLAssetLoaderServi - Loading from file system: file:/C:/Users/ryles/Downloads/ComProg_Project/target/classes/assets/textures/background_large_forest.png
00:35:48.719 [FXGL Background Thread 1 ] DEBUG GameWorld            - Game world initialized
00:35:49.046 [FXGL Background Thread 1 ] DEBUG PhysicsWorld         - Physics world initialized: appHeight=720, physics.ppm=50.0
00:35:49.047 [FXGL Background Thread 1 ] DEBUG PhysicsWorld         - Using strategy: BRUTE_FORCE
00:35:49.068 [FXGL Background Thread 1 ] DEBUG GameScene            - Game scene initialized: 1280x720
00:35:49.676 [FXGL Background Thread 1 ] DEBUG GameApplicationServi - Application scenes initialized
00:35:49.745 [FXGL Background Thread 1 ] DEBUG SystemBundleService  - Loading FXGL system data
00:35:49.771 [FXGL Background Thread 1 ] DEBUG FileSystemAccess     - Reading from: C:\Users\ryles\Downloads\ComProg_Project\system\fxgl.bundle
00:35:49.797 [FXGL Background Thread 1 ] DEBUG SystemBundleService  - Bundle FXGL: {}
00:35:49.798 [FXGL Background Thread 1 ] DEBUG UpdaterService       - Checking for updates
00:35:49.827 [FXGL Background Thread 1 ] DEBUG FXGLApplication      - Loading default localization
00:35:49.831 [FXGL Background Thread 1 ] DEBUG FXGLAssetLoaderServi - Loading from file system: jar:file:///C:/Users/ryles/.m2/repository/com/github/almasb/fxgl/25/fxgl-25.jar!/fxglassets/languages/english.lang
00:35:49.832 [FXGL Background Thread 4 ] DEBUG FXGLApplication      - Loading fonts
00:35:49.835 [FXGL Background Thread 4 ] DEBUG FXGLAssetLoaderServi - Loading from file system: jar:file:///C:/Users/ryles/.m2/repository/com/github/almasb/fxgl/25/fxgl-25.jar!/fxglassets/ui/fonts/VarelaRound-Regular.ttf
00:35:49.935 [FXGL Background Thread 1 ] INFO  FXGLApplication      - FXGL initialization took: 5.033 sec
00:35:50.012 [JavaFX Application Thread] DEBUG Input                - Registered new binding: Move left - A
00:35:50.013 [JavaFX Application Thread] DEBUG Input                - Registered new binding: Move right - D
00:35:50.015 [JavaFX Application Thread] DEBUG Input                - Registered new binding: Move down - S
00:35:50.015 [JavaFX Application Thread] DEBUG Input                - Registered new binding: Move up - W
00:35:50.018 [JavaFX Application Thread] DEBUG Input                - Registered new binding: Shoot - Space
00:35:50.019 [JavaFX Application Thread] DEBUG Input                - Registered new binding: Switch to Fire Bullet - Q
00:35:50.020 [JavaFX Application Thread] DEBUG Input                - Registered new binding: Switch to Ice Bullet - E
00:35:50.022 [JavaFX Application Thread] DEBUG FXGLAssetLoaderServi - Loading from file system: jar:file:///C:/Users/ryles/.m2/repository/com/github/almasb/fxgl/25/fxgl-25.jar!/fxglassets/textures/fxgl_icon.png
00:35:50.138 [JavaFX Application Thread] DEBUG FXGLAssetLoaderServi - Loading from file system: jar:file:///C:/Users/ryles/.m2/repository/com/github/almasb/fxgl/25/fxgl-25.jar!/fxglassets/textures/fxgl_default_cursor.png
00:35:50.150 [JavaFX Application Thread] DEBUG Input                - Registered new binding: Screenshot - CTRL+8
00:35:50.156 [JavaFX Application Thread] DEBUG Input                - Registered new binding: System info dump - CTRL+9
00:35:50.157 [JavaFX Application Thread] DEBUG Input                - Registered new binding: Restart - CTRL+R
00:35:50.165 [JavaFX Application Thread] DEBUG Input                - Registered new binding: Toggle Debug Camera - CTRL+7
00:35:50.194 [JavaFX Application Thread] DEBUG LoopRunner           - Starting loop
00:35:50.195 [JavaFX Application Thread] DEBUG LoopRunner           - Initializing JavaFX AnimationTimerLoop
00:35:50.215 [JavaFX Application Thread] DEBUG Input                - Clearing active input actions
00:35:50.280 [JavaFX Application Thread] DEBUG GameApplicationServi - Removing overlay from FXGLStartupScene and adding to FXGLMainMenuDummyScene
00:35:50.286 [JavaFX Application Thread] DEBUG PrimaryStageWindow   - FXGLStartupScene -> FXGLMainMenuDummyScene
00:35:50.286 [JavaFX Application Thread] DEBUG PrimaryStageWindow   - Push state: MenuInterface
00:35:50.289 [JavaFX Application Thread] DEBUG Input                - Clearing active input actions
00:35:50.736 [JavaFX Application Thread] DEBUG GameApplicationServi - Removing overlay from FXGLMainMenuDummyScene and adding to MenuInterface
00:35:50.739 [JavaFX Application Thread] DEBUG PrimaryStageWindow   - FXGLMainMenuDummyScene -> MenuInterface
00:35:50.861 [FXGL Background Thread 4 ] DEBUG FXGLAssetLoaderServi - Loading from file system: jar:file:///C:/Users/ryles/.m2/repository/com/github/almasb/fxgl/25/fxgl-25.jar!/fxglassets/ui/fonts/Abel-Regular.ttf
00:35:50.957 [FXGL Background Thread 4 ] DEBUG FXGLAssetLoaderServi - Loading from file system: jar:file:///C:/Users/ryles/.m2/repository/com/github/almasb/fxgl/25/fxgl-25.jar!/fxglassets/ui/fonts/TerminalLandMono-Regular.otf
00:35:51.075 [FXGL Background Thread 4 ] DEBUG FXGLAssetLoaderServi - Loading from file system: jar:file:///C:/Users/ryles/.m2/repository/com/github/almasb/fxgl/25/fxgl-25.jar!/fxglassets/ui/fonts/Courier-Prime.ttf
00:35:51.487 [JavaFX Application Thread] DEBUG FXGLApplication      - Registering font factories with UI factory
00:35:52.817 [FXGL Background Thread 3 ] DEBUG Engine               - Logging environment variables
00:35:52.820 [FXGL Background Thread 3 ] DEBUG Engine               - achievements: []
00:35:52.821 [FXGL Background Thread 3 ] DEBUG Engine               - actualHeight: 720.0
00:35:52.821 [FXGL Background Thread 3 ] DEBUG Engine               - actualHeightProperty: ReadOnlyDoubleProperty [value: 720.0]
00:35:52.824 [FXGL Background Thread 3 ] DEBUG Engine               - actualWidth: 1280.0
00:35:52.825 [FXGL Background Thread 3 ] DEBUG Engine               - actualWidthProperty: ReadOnlyDoubleProperty [value: 1280.0]
00:35:52.831 [FXGL Background Thread 3 ] DEBUG Engine               - appIcon: fxgl_icon.png
00:35:52.833 [FXGL Background Thread 3 ] DEBUG Engine               - applicationMode: DEVELOPER
00:35:52.837 [FXGL Background Thread 3 ] DEBUG Engine               - cSSList: [fxgl_dark.css]
00:35:52.837 [FXGL Background Thread 3 ] DEBUG Engine               - collisionDetectionStrategy: BRUTE_FORCE
00:35:52.837 [FXGL Background Thread 3 ] DEBUG Engine               - configClass: Optional.empty
00:35:52.838 [FXGL Background Thread 3 ] DEBUG Engine               - credits: []
00:35:52.866 [FXGL Background Thread 3 ] DEBUG Engine               - defaultCursor: CursorInfo(imageName=fxgl_default_cursor.png, hotspotX=7.0, hotspotY=6.0)
00:35:52.868 [FXGL Background Thread 3 ] DEBUG Engine               - devBBoxColorProperty: ObjectProperty [value: 0xff0000ff]
00:35:52.869 [FXGL Background Thread 3 ] DEBUG Engine               - devEnableDebugCameraProperty: BooleanProperty [value: false]
00:35:52.869 [FXGL Background Thread 3 ] DEBUG Engine               - devSensorColorProperty: ObjectProperty [value: 0xffff00ff]
00:35:52.870 [FXGL Background Thread 3 ] DEBUG Engine               - devShowBBoxProperty: BooleanProperty [value: false]
00:35:52.871 [FXGL Background Thread 3 ] DEBUG Engine               - devShowPositionProperty: BooleanProperty [value: false]
00:35:52.873 [FXGL Background Thread 3 ] DEBUG Engine               - enabledMenuItems: []
00:35:52.873 [FXGL Background Thread 3 ] DEBUG Engine               - engineServices: [class com.almasb.fxgl.app.services.FXGLAssetLoaderService, class com.almasb.fxgl.app.FXGLApplication$GameApplicationService, class com.almasb.fxgl.app.services.FXGLDialogService, class com.almasb.fxgl.app.services.IOTaskExecutorService, class com.almasb.fxgl.io.FileSystemService, class com.almasb.fxgl.localization.LocalizationService, class com.almasb.fxgl.app.services.SystemBundleService, class com.almasb.fxgl.profile.SaveLoadService, class com.almasb.fxgl.ui.FXGLUIFactoryServiceProvider, class com.almasb.fxgl.ui.FXGLDialogFactoryServiceProvider, class com.almasb.fxgl.audio.AudioPlayer, class com.almasb.fxgl.notification.impl.NotificationServiceProvider, class com.almasb.fxgl.achievement.AchievementService, class com.almasb.fxgl.cutscene.CutsceneService, class com.almasb.fxgl.minigames.MiniGameService, class com.almasb.fxgl.net.NetService, class com.almasb.fxgl.app.services.UpdaterService, class com.almasb.fxgl.dev.DevService]
00:35:52.878 [FXGL Background Thread 3 ] DEBUG Engine               - fontGame: Abel-Regular.ttf
00:35:52.878 [FXGL Background Thread 3 ] DEBUG Engine               - fontMono: TerminalLandMono-Regular.otf
00:35:52.878 [FXGL Background Thread 3 ] DEBUG Engine               - fontSizeScaleUI: 1.0
00:35:52.879 [FXGL Background Thread 3 ] DEBUG Engine               - fontText: Courier-Prime.ttf
00:35:52.879 [FXGL Background Thread 3 ] DEBUG Engine               - fontUI: VarelaRound-Regular.ttf
00:35:52.892 [FXGL Background Thread 3 ] DEBUG Engine               - fpsRefreshRate: 500.0 ms
00:35:52.893 [FXGL Background Thread 3 ] DEBUG Engine               - fullScreen: BooleanProperty [value: false]
00:35:52.893 [FXGL Background Thread 3 ] DEBUG Engine               - gameDifficulty: MEDIUM
00:35:52.894 [FXGL Background Thread 3 ] DEBUG Engine               - gameDifficultyProperty: ObjectProperty [value: MEDIUM]
00:35:52.894 [FXGL Background Thread 3 ] DEBUG Engine               - globalMusicVolume: 0.5
00:35:52.895 [FXGL Background Thread 3 ] DEBUG Engine               - globalMusicVolumeProperty: DoubleProperty [value: 0.5]
00:35:52.895 [FXGL Background Thread 3 ] DEBUG Engine               - globalSoundVolume: 0.5
00:35:52.896 [FXGL Background Thread 3 ] DEBUG Engine               - globalSoundVolumeProperty: DoubleProperty [value: 0.5]
00:35:52.896 [FXGL Background Thread 3 ] DEBUG Engine               - height: 720
00:35:52.896 [FXGL Background Thread 3 ] DEBUG Engine               - is3D: false
00:35:52.896 [FXGL Background Thread 3 ] DEBUG Engine               - isAndroid: false
00:35:52.897 [FXGL Background Thread 3 ] DEBUG Engine               - isBrowser: false
00:35:52.897 [FXGL Background Thread 3 ] DEBUG Engine               - isClickFeedbackEnabled: false
00:35:52.897 [FXGL Background Thread 3 ] DEBUG Engine               - isCloseConfirmation: false
00:35:52.897 [FXGL Background Thread 3 ] DEBUG Engine               - isDesktop: true
00:35:52.897 [FXGL Background Thread 3 ] DEBUG Engine               - isDeveloperMenuEnabled: false
00:35:52.898 [FXGL Background Thread 3 ] DEBUG Engine               - isEmbedded: false
00:35:52.898 [FXGL Background Thread 3 ] DEBUG Engine               - isEntityPreloadEnabled: true
00:35:52.898 [FXGL Background Thread 3 ] DEBUG Engine               - isExperimentalTiledLargeMap: false
00:35:52.898 [FXGL Background Thread 3 ] DEBUG Engine               - isFileSystemWriteAllowed: true
00:35:52.899 [FXGL Background Thread 3 ] DEBUG Engine               - isFullScreenAllowed: false
00:35:52.899 [FXGL Background Thread 3 ] DEBUG Engine               - isFullScreenFromStart: false
00:35:52.899 [FXGL Background Thread 3 ] DEBUG Engine               - isGameMenuEnabled: true
00:35:52.899 [FXGL Background Thread 3 ] DEBUG Engine               - isIOS: false
00:35:52.899 [FXGL Background Thread 3 ] DEBUG Engine               - isIntroEnabled: false
00:35:52.900 [FXGL Background Thread 3 ] DEBUG Engine               - isLinux: false
00:35:52.900 [FXGL Background Thread 3 ] DEBUG Engine               - isMac: false
00:35:52.900 [FXGL Background Thread 3 ] DEBUG Engine               - isMainMenuEnabled: true
00:35:52.901 [FXGL Background Thread 3 ] DEBUG Engine               - isManualResizeEnabled: false
00:35:52.901 [FXGL Background Thread 3 ] DEBUG Engine               - isMobile: false
00:35:52.901 [FXGL Background Thread 3 ] DEBUG Engine               - isNative: false
00:35:52.902 [FXGL Background Thread 3 ] DEBUG Engine               - isPauseMusicWhenMinimized: true
00:35:52.902 [FXGL Background Thread 3 ] DEBUG Engine               - isPreserveResizeRatio: false
00:35:52.903 [FXGL Background Thread 3 ] DEBUG Engine               - isProfilingEnabled: false
00:35:52.903 [FXGL Background Thread 3 ] DEBUG Engine               - isScaleAffectedOnResize: true
00:35:52.903 [FXGL Background Thread 3 ] DEBUG Engine               - isSingleStep: false
00:35:52.904 [FXGL Background Thread 3 ] DEBUG Engine               - isUserProfileEnabled: false
00:35:52.904 [FXGL Background Thread 3 ] DEBUG Engine               - isWindows: true
00:35:52.904 [FXGL Background Thread 3 ] DEBUG Engine               - language: ObjectProperty [value: ENGLISH]
00:35:52.905 [FXGL Background Thread 3 ] DEBUG Engine               - menuKey: ESCAPE
00:35:52.905 [FXGL Background Thread 3 ] DEBUG Engine               - mouseSensitivity: 0.2
00:35:52.905 [FXGL Background Thread 3 ] DEBUG Engine               - notificationViewClass: class com.almasb.fxgl.notification.view.XboxNotificationView
00:35:52.905 [FXGL Background Thread 3 ] DEBUG Engine               - pixelsPerMeter: 50.0
00:35:52.906 [FXGL Background Thread 3 ] DEBUG Engine               - platform: WINDOWS
00:35:52.906 [FXGL Background Thread 3 ] DEBUG Engine               - prefHeightProperty: ReadOnlyDoubleProperty [value: 720.0]
00:35:52.907 [FXGL Background Thread 3 ] DEBUG Engine               - prefWidthProperty: ReadOnlyDoubleProperty [value: 1280.0]
00:35:52.907 [FXGL Background Thread 3 ] DEBUG Engine               - profileDir: profiles/
00:35:52.908 [FXGL Background Thread 3 ] DEBUG Engine               - profileName: StringProperty [value: DEFAULT]
00:35:52.909 [FXGL Background Thread 3 ] DEBUG Engine               - randomSeed: -1
00:35:52.909 [FXGL Background Thread 3 ] DEBUG Engine               - runtimeInfo: RuntimeInfo(platform=WINDOWS, version=25, build=05.02.2026 22.57)
00:35:52.910 [FXGL Background Thread 3 ] DEBUG Engine               - saveFileExt: sav
00:35:52.910 [FXGL Background Thread 3 ] DEBUG Engine               - scaledHeightProp$fxgl: DoubleProperty [bound, value: 720.0]
00:35:52.910 [FXGL Background Thread 3 ] DEBUG Engine               - scaledWidthProp$fxgl: DoubleProperty [bound, value: 1280.0]
00:35:52.911 [FXGL Background Thread 3 ] DEBUG Engine               - sceneFactory: org.group1.GamePackage.Factory.MainSceneFactory@12b0b5ae
00:35:52.911 [FXGL Background Thread 3 ] DEBUG Engine               - secondsIn24h: 60
00:35:52.911 [FXGL Background Thread 3 ] DEBUG Engine               - soundMenuBack: menu/back.wav
00:35:52.911 [FXGL Background Thread 3 ] DEBUG Engine               - soundMenuPress: menu/press.wav
00:35:52.918 [FXGL Background Thread 3 ] DEBUG Engine               - soundMenuSelect: menu/select.wav
00:35:52.919 [FXGL Background Thread 3 ] DEBUG Engine               - soundNotification: core/notification.wav
00:35:52.919 [FXGL Background Thread 3 ] DEBUG Engine               - stageStyle: DECORATED
00:35:52.919 [FXGL Background Thread 3 ] DEBUG Engine               - supportedLanguages: [ENGLISH, FRENCH, GERMAN, HUNGARIAN, RUSSIAN]
00:35:52.920 [FXGL Background Thread 3 ] DEBUG Engine               - ticksPerSecond: -1
00:35:52.920 [FXGL Background Thread 3 ] DEBUG Engine               - title: Untitled
00:35:52.926 [FXGL Background Thread 3 ] DEBUG Engine               - urlGithub: https://github.com/AlmasB/FXGL
00:35:52.926 [FXGL Background Thread 3 ] DEBUG Engine               - urlLeaderboard: http://fxgl-top.herokuapp.com/
00:35:52.926 [FXGL Background Thread 3 ] DEBUG Engine               - urlPOM: https://raw.githubusercontent.com/AlmasB/FXGL/release/README.md
00:35:52.926 [FXGL Background Thread 3 ] DEBUG Engine               - userAppClass: class org.group1.GamePackage.Application
00:35:52.927 [FXGL Background Thread 3 ] DEBUG Engine               - version: 0.0
00:35:52.927 [FXGL Background Thread 3 ] DEBUG Engine               - versionCheckDays: 7
00:35:52.927 [FXGL Background Thread 3 ] DEBUG Engine               - width: 1280
00:35:52.927 [FXGL Background Thread 3 ] DEBUG Engine               - Logging services
00:35:52.927 [FXGL Background Thread 3 ] DEBUG Engine               - class com.almasb.fxgl.app.services.FXGLAssetLoaderService
00:35:52.927 [FXGL Background Thread 3 ] DEBUG Engine               - class com.almasb.fxgl.app.FXGLApplication$GameApplicationService
00:35:52.928 [FXGL Background Thread 3 ] DEBUG Engine               - class com.almasb.fxgl.app.services.FXGLDialogService
00:35:52.928 [FXGL Background Thread 3 ] DEBUG Engine               - class com.almasb.fxgl.app.services.IOTaskExecutorService
00:35:52.928 [FXGL Background Thread 3 ] DEBUG Engine               - class com.almasb.fxgl.io.FileSystemService
00:35:52.928 [FXGL Background Thread 3 ] DEBUG Engine               - class com.almasb.fxgl.localization.LocalizationService
00:35:52.928 [FXGL Background Thread 3 ] DEBUG Engine               - class com.almasb.fxgl.app.services.SystemBundleService
00:35:52.928 [FXGL Background Thread 3 ] DEBUG Engine               - class com.almasb.fxgl.profile.SaveLoadService
00:35:52.930 [FXGL Background Thread 3 ] DEBUG Engine               - class com.almasb.fxgl.ui.FXGLUIFactoryServiceProvider
00:35:52.930 [FXGL Background Thread 3 ] DEBUG Engine               - class com.almasb.fxgl.ui.FXGLDialogFactoryServiceProvider
00:35:52.930 [FXGL Background Thread 3 ] DEBUG Engine               - class com.almasb.fxgl.audio.AudioPlayer
00:35:52.930 [FXGL Background Thread 3 ] DEBUG Engine               - class com.almasb.fxgl.notification.impl.NotificationServiceProvider
00:35:52.931 [FXGL Background Thread 3 ] DEBUG Engine               - class com.almasb.fxgl.achievement.AchievementService
00:35:52.931 [FXGL Background Thread 3 ] DEBUG Engine               - class com.almasb.fxgl.cutscene.CutsceneService
00:35:52.931 [FXGL Background Thread 3 ] DEBUG Engine               - class com.almasb.fxgl.minigames.MiniGameService
00:35:52.931 [FXGL Background Thread 3 ] DEBUG Engine               - class com.almasb.fxgl.net.NetService
00:35:52.932 [FXGL Background Thread 3 ] DEBUG Engine               - class com.almasb.fxgl.app.services.UpdaterService
00:35:52.932 [FXGL Background Thread 3 ] DEBUG Engine               - class com.almasb.fxgl.dev.DevService
00:36:07.263 [JavaFX Application Thread] DEBUG GameApplicationServi - Starting new game
00:36:07.264 [JavaFX Application Thread] DEBUG PrimaryStageWindow   - Pop state: MenuInterface
00:36:07.264 [JavaFX Application Thread] DEBUG Input                - Clearing active input actions
00:36:07.267 [JavaFX Application Thread] DEBUG GameApplicationServi - Removing overlay from MenuInterface and adding to FXGLMainMenuDummyScene
00:36:07.269 [JavaFX Application Thread] DEBUG PrimaryStageWindow   - FXGLMainMenuDummyScene <- MenuInterface
00:36:07.270 [JavaFX Application Thread] DEBUG Input                - Clearing active input actions
00:36:07.305 [JavaFX Application Thread] DEBUG GameApplicationServi - Removing overlay from FXGLMainMenuDummyScene and adding to LoadingInterface
00:36:07.306 [JavaFX Application Thread] DEBUG PrimaryStageWindow   - FXGLMainMenuDummyScene -> LoadingInterface
00:36:07.307 [JavaFX Application Thread] DEBUG GameApplicationServi - Clearing previous game
00:36:07.307 [JavaFX Application Thread] DEBUG GameScene            - Clearing game scene
00:36:07.307 [JavaFX Application Thread] DEBUG GameWorld            - Clearing game world
00:36:07.307 [JavaFX Application Thread] DEBUG PhysicsWorld         - Clearing physics world
00:36:07.313 [FXGL Background Thread 2 ] DEBUG FXGLApplication      - Initializing game
00:36:07.603 [FXGL Background Thread 2 ] DEBUG FXGLAssetLoaderServi - Loading from file system: file:/C:/Users/ryles/Downloads/ComProg_Project/target/classes/assets/textures/idle_sprite.png
00:36:07.720 [FXGL Background Thread 2 ] DEBUG FXGLAssetLoaderServi - Loading from file system: file:/C:/Users/ryles/Downloads/ComProg_Project/target/classes/assets/textures/bullet_HUD_selection.png
00:36:07.774 [FXGL Background Thread 2 ] DEBUG FXGLAssetLoaderServi - Loading from file system: file:/C:/Users/ryles/Downloads/ComProg_Project/target/classes/assets/music/main_music.wav
00:36:08.647 [FXGL Background Thread 2 ] DEBUG AudioPlayer          - Playing music com.almasb.fxgl.audio.Music@3c7ae9cb
00:36:08.714 [FXGL Background Thread 2 ] DEBUG FXGLAssetLoaderServi - Loading from file system: file:/C:/Users/ryles/Downloads/ComProg_Project/target/classes/assets/textures/lives_09.png
00:36:08.751 [FXGL Background Thread 2 ] INFO  FXGLApplication      - Game initialization took: 1.437 sec
00:36:08.753 [JavaFX Application Thread] DEBUG Input                - Clearing active input actions
00:36:08.783 [JavaFX Application Thread] DEBUG GameApplicationServi - Removing overlay from LoadingInterface and adding to GameScene
00:36:08.784 [JavaFX Application Thread] DEBUG PrimaryStageWindow   - LoadingInterface -> GameScene
00:36:09.607 [JavaFX Application Thread] DEBUG FXGLAssetLoaderServi - Loading from file system: file:/C:/Users/ryles/Downloads/ComProg_Project/target/classes/assets/textures/enemy_sprite.png
00:36:09.691 [JavaFX Application Thread] DEBUG FXGLAssetLoaderServi - Loading from file system: file:/C:/Users/ryles/Downloads/ComProg_Project/target/classes/assets/textures/explosion_sprite.png
00:36:12.512 [JavaFX Application Thread] DEBUG FXGLAssetLoaderServi - Loading from file system: file:/C:/Users/ryles/Downloads/ComProg_Project/target/classes/assets/sounds/death_sound.wav
00:36:18.814 [JavaFX Application Thread] DEBUG FXGLAssetLoaderServi - Loading from file system: file:/C:/Users/ryles/Downloads/ComProg_Project/target/classes/assets/textures/boss_idle_sprite.png
00:36:18.953 [JavaFX Application Thread] DEBUG FXGLAssetLoaderServi - Loading from file system: file:/C:/Users/ryles/Downloads/ComProg_Project/target/classes/assets/textures/boss_charging_sprite.png
00:36:19.098 [JavaFX Application Thread] DEBUG FXGLAssetLoaderServi - Loading from file system: file:/C:/Users/ryles/Downloads/ComProg_Project/target/classes/assets/textures/boss_recovering_sprite.png
00:36:22.702 [JavaFX Application Thread] DEBUG FXGLAssetLoaderServi - Loading from file system: file:/C:/Users/ryles/Downloads/ComProg_Project/target/classes/assets/textures/laser_sprite.png
00:36:36.396 [JavaFX Application Thread] DEBUG FXGLAssetLoaderServi - Loading from file system: file:/C:/Users/ryles/Downloads/ComProg_Project/target/classes/assets/textures/bullet_sprite.png
00:36:39.569 [JavaFX Application Thread] DEBUG FXGLAssetLoaderServi - Loading from file system: file:/C:/Users/ryles/Downloads/ComProg_Project/target/classes/assets/sounds/switch_bullet.wav
00:36:39.589 [JavaFX Application Thread] DEBUG FXGLAssetLoaderServi - Loading from file system: file:/C:/Users/ryles/Downloads/ComProg_Project/target/classes/assets/textures/fire_HUD_sprite.png
00:36:40.010 [JavaFX Application Thread] DEBUG FXGLAssetLoaderServi - Loading from file system: file:/C:/Users/ryles/Downloads/ComProg_Project/target/classes/assets/textures/fire_bullet_sprite.png
00:36:40.610 [JavaFX Application Thread] DEBUG FXGLAssetLoaderServi - Loading from file system: file:/C:/Users/ryles/Downloads/ComProg_Project/target/classes/assets/textures/heart_sprite.png
00:36:40.634 [JavaFX Application Thread] DEBUG FXGLAssetLoaderServi - Loading from file system: file:/C:/Users/ryles/Downloads/ComProg_Project/target/classes/assets/textures/heart_explode_sprite.png
00:36:42.234 [JavaFX Application Thread] DEBUG FXGLAssetLoaderServi - Loading from file system: file:/C:/Users/ryles/Downloads/ComProg_Project/target/classes/assets/sounds/heart_gain.wav
00:36:48.567 [JavaFX Application Thread] DEBUG FXGLApplication      - Exiting FXGL
00:36:48.567 [JavaFX Application Thread] DEBUG LoopRunner           - Stopping loop
00:36:48.567 [JavaFX Application Thread] DEBUG SystemBundleService  - Saving FXGL system data
00:36:48.570 [JavaFX Application Thread] DEBUG FileSystemAccess     - Writing to: C:\Users\ryles\Downloads\ComProg_Project\system\fxgl.bundle
00:36:48.573 [JavaFX Application Thread] DEBUG Async                - Shutting down background threads
00:36:48.573 [JavaFX Application Thread] DEBUG PrimaryStageWindow   - Closing main window
00:36:48.630 [JavaFX Application Thread] DEBUG Logger               - Closing Logger
