15:57:28.791 [main                     ] DEBUG Logger               - Configured Logger
15:57:28.797 [main                     ] DEBUG GameApplication      - Logging settings
Title: Untitled
Version: 0.0
Width: 1280
Height: 720
Fullscreen: false
Intro: false
Profiling: false
Single step:false
App Mode: DEVELOPER
Menu Key: ESCAPE
Stage Style: DECORATED
Scene Factory: class com.almasb.fxgl.app.scene.SceneFactory

15:57:28.987 [JavaFX Application Thread] DEBUG FXGLApplication      - Initializing FXGL
15:57:28.990 [JavaFX Application Thread] INFO  Engine               - FXGL-25 (05.02.2026 22.57) on LINUX (J:25.0.2 FX:21.0.6)
15:57:28.990 [JavaFX Application Thread] DEBUG Engine               - JRE Vendor Name: Arch Linux
15:57:28.990 [JavaFX Application Thread] DEBUG Engine               - Running on OS: Linux version 6.19.9-arch1-1
15:57:28.990 [JavaFX Application Thread] DEBUG Engine               - Architecture: amd64
15:57:28.990 [JavaFX Application Thread] INFO  Engine               - Source code and latest versions at: https://github.com/AlmasB/FXGL
15:57:28.991 [JavaFX Application Thread] INFO  Engine               -       Ask questions and discuss at: https://github.com/AlmasB/FXGL/discussions
15:57:29.060 [JavaFX Application Thread] DEBUG PrimaryStageWindow   - Creating a JavaFX scene
15:57:29.136 [JavaFX Application Thread] DEBUG PrimaryStageWindow   - Target settings size: 1280.0 x 720.0
15:57:29.136 [JavaFX Application Thread] DEBUG PrimaryStageWindow   - Scaled scene size:    1280.0 x 720.0
15:57:29.136 [JavaFX Application Thread] DEBUG PrimaryStageWindow   - Scaled ratio: (1.0, 1.0)
15:57:29.137 [JavaFX Application Thread] DEBUG PrimaryStageWindow   - Set initial scene to FXGLStartupScene
15:57:29.141 [JavaFX Application Thread] DEBUG PrimaryStageWindow   - Opening main window
15:57:29.208 [JavaFX Application Thread] DEBUG PrimaryStageWindow   - Window border size: (0.0, 35.0)
15:57:29.208 [JavaFX Application Thread] DEBUG PrimaryStageWindow   - Scaled size: 1280.0 x 685.0
15:57:29.208 [JavaFX Application Thread] DEBUG PrimaryStageWindow   - Scaled ratio: (1.0, 0.9513888888888888)
15:57:29.209 [JavaFX Application Thread] DEBUG PrimaryStageWindow   - Scene size: 1280.0 x 720.0
15:57:29.209 [JavaFX Application Thread] DEBUG PrimaryStageWindow   - Stage size: 1280.0 x 720.0
15:57:29.214 [FXGL Background Thread 1 ] DEBUG Engine               - Initializing environment variables
15:57:29.276 [FXGL Background Thread 1 ] DEBUG FXGLAssetLoaderServi - User app class for loading assets: class org.group1.GamePackage.Application
15:57:29.276 [FXGL Background Thread 1 ] DEBUG GameApplicationServi - Applying CSS: fxgl_dark.css
15:57:29.277 [FXGL Background Thread 1 ] DEBUG FXGLAssetLoaderServi - Loading from file system: jar:file:///home/me/.m2/repository/com/github/almasb/fxgl/25/fxgl-25.jar!/fxglassets/ui/css/fxgl_dark.css
15:57:29.319 [FXGL Background Thread 1 ] DEBUG GameApplicationServi - Initializing application scenes
15:57:29.349 [FXGL Background Thread 1 ] DEBUG GameWorld            - Game world initialized
15:57:29.389 [FXGL Background Thread 1 ] DEBUG PhysicsWorld         - Physics world initialized: appHeight=720, physics.ppm=50.0
15:57:29.389 [FXGL Background Thread 1 ] DEBUG PhysicsWorld         - Using strategy: BRUTE_FORCE
15:57:29.393 [FXGL Background Thread 1 ] DEBUG GameScene            - Game scene initialized: 1280x720
15:57:29.406 [FXGL Background Thread 1 ] DEBUG FXGL.DefaultMenu     - createMenuBodyGameMenu()
15:57:29.418 [FXGL Background Thread 1 ] DEBUG FXGL.DefaultMenu     - createOptionsMenu()
15:57:29.426 [FXGL Background Thread 1 ] DEBUG FXGLAssetLoaderServi - Loading from file system: jar:file:///home/me/.m2/repository/com/github/almasb/fxgl/25/fxgl-25.jar!/fxglassets/textures/particles/smoke.png
15:57:29.506 [FXGL Background Thread 1 ] DEBUG FXGLAssetLoaderServi - Loading from file system: jar:file:///home/me/.m2/repository/com/github/almasb/fxgl/25/fxgl-25.jar!/fxglassets/textures/particles/trace_horizontal.png
15:57:29.533 [FXGL Background Thread 1 ] DEBUG GameApplicationServi - Application scenes initialized
15:57:29.542 [FXGL Background Thread 1 ] DEBUG SystemBundleService  - Loading FXGL system data
15:57:29.545 [FXGL Background Thread 1 ] DEBUG FileSystemAccess     - Reading from: /home/me/ComProg_Project/system/fxgl.bundle
15:57:29.551 [FXGL Background Thread 1 ] DEBUG SystemBundleService  - Bundle FXGL: {}
15:57:29.551 [FXGL Background Thread 1 ] DEBUG UpdaterService       - Checking for updates
15:57:29.555 [FXGL Background Thread 4 ] DEBUG FXGLApplication      - Loading fonts
15:57:29.555 [FXGL Background Thread 4 ] DEBUG FXGLAssetLoaderServi - Loading from file system: jar:file:///home/me/.m2/repository/com/github/almasb/fxgl/25/fxgl-25.jar!/fxglassets/ui/fonts/VarelaRound-Regular.ttf
15:57:29.556 [FXGL Background Thread 1 ] DEBUG FXGLApplication      - Loading default localization
15:57:29.556 [FXGL Background Thread 1 ] DEBUG FXGLAssetLoaderServi - Loading from file system: jar:file:///home/me/.m2/repository/com/github/almasb/fxgl/25/fxgl-25.jar!/fxglassets/languages/english.lang
15:57:29.563 [FXGL Background Thread 4 ] DEBUG FXGLAssetLoaderServi - Loading from file system: jar:file:///home/me/.m2/repository/com/github/almasb/fxgl/25/fxgl-25.jar!/fxglassets/ui/fonts/Abel-Regular.ttf
15:57:29.565 [FXGL Background Thread 4 ] DEBUG FXGLAssetLoaderServi - Loading from file system: jar:file:///home/me/.m2/repository/com/github/almasb/fxgl/25/fxgl-25.jar!/fxglassets/ui/fonts/TerminalLandMono-Regular.otf
15:57:29.567 [FXGL Background Thread 4 ] DEBUG FXGLAssetLoaderServi - Loading from file system: jar:file:///home/me/.m2/repository/com/github/almasb/fxgl/25/fxgl-25.jar!/fxglassets/ui/fonts/Courier-Prime.ttf
15:57:29.571 [FXGL Background Thread 1 ] INFO  FXGLApplication      - FXGL initialization took: 0.357 sec
15:57:29.571 [JavaFX Application Thread] DEBUG FXGLApplication      - Registering font factories with UI factory
15:57:29.586 [JavaFX Application Thread] DEBUG Input                - Registered new binding: Move left - A
15:57:29.586 [JavaFX Application Thread] DEBUG Input                - Registered new binding: Move right - D
15:57:29.587 [JavaFX Application Thread] DEBUG Input                - Registered new binding: Move down - S
15:57:29.587 [JavaFX Application Thread] DEBUG Input                - Registered new binding: Move up - W
15:57:29.587 [JavaFX Application Thread] DEBUG Input                - Registered new binding: Shoot - Space
15:57:29.588 [JavaFX Application Thread] DEBUG FXGLAssetLoaderServi - Loading from file system: jar:file:///home/me/.m2/repository/com/github/almasb/fxgl/25/fxgl-25.jar!/fxglassets/textures/fxgl_icon.png
15:57:29.621 [JavaFX Application Thread] DEBUG FXGLAssetLoaderServi - Loading from file system: jar:file:///home/me/.m2/repository/com/github/almasb/fxgl/25/fxgl-25.jar!/fxglassets/textures/fxgl_default_cursor.png
15:57:29.623 [JavaFX Application Thread] DEBUG Input                - Registered new binding: Screenshot - CTRL+8
15:57:29.623 [JavaFX Application Thread] DEBUG Input                - Registered new binding: System info dump - CTRL+9
15:57:29.624 [JavaFX Application Thread] DEBUG Input                - Registered new binding: Restart - CTRL+R
15:57:29.625 [JavaFX Application Thread] DEBUG Input                - Registered new binding: Toggle Debug Camera - CTRL+7
15:57:29.628 [JavaFX Application Thread] DEBUG LoopRunner           - Starting loop
15:57:29.628 [JavaFX Application Thread] DEBUG LoopRunner           - Initializing JavaFX AnimationTimerLoop
15:57:29.631 [JavaFX Application Thread] DEBUG GameApplicationServi - Starting new game
15:57:29.632 [JavaFX Application Thread] DEBUG Input                - Clearing active input actions
15:57:29.647 [JavaFX Application Thread] DEBUG GameApplicationServi - Removing overlay from FXGLStartupScene and adding to FXGLLoadingScene
15:57:29.648 [JavaFX Application Thread] DEBUG PrimaryStageWindow   - FXGLStartupScene -> FXGLLoadingScene
15:57:29.648 [JavaFX Application Thread] DEBUG GameApplicationServi - Clearing previous game
15:57:29.648 [JavaFX Application Thread] DEBUG GameScene            - Clearing game scene
15:57:29.648 [JavaFX Application Thread] DEBUG GameWorld            - Clearing game world
15:57:29.648 [JavaFX Application Thread] DEBUG PhysicsWorld         - Clearing physics world
15:57:29.650 [FXGL Background Thread 1 ] DEBUG FXGLApplication      - Initializing game
15:57:29.668 [FXGL Background Thread 1 ] DEBUG FXGLAssetLoaderServi - Loading from file system: file:/home/me/ComProg_Project/target/classes/assets/textures/background.png
15:57:29.803 [FXGL Background Thread 1 ] DEBUG FXGLAssetLoaderServi - Loading from file system: file:/home/me/ComProg_Project/target/classes/assets/textures/background_stars1.png
15:57:29.970 [FXGL Background Thread 1 ] DEBUG FXGLAssetLoaderServi - Loading from file system: file:/home/me/ComProg_Project/target/classes/assets/textures/background_stars2.png
15:57:30.027 [FXGL Background Thread 1 ] DEBUG FXGLAssetLoaderServi - Loading from file system: file:/home/me/ComProg_Project/target/classes/assets/textures/background_stars3.png
15:57:30.083 [FXGL Background Thread 1 ] DEBUG FXGLAssetLoaderServi - Loading from file system: file:/home/me/ComProg_Project/target/classes/assets/textures/background_cloud1.png
15:57:30.099 [FXGL Background Thread 1 ] DEBUG FXGLAssetLoaderServi - Loading from file system: file:/home/me/ComProg_Project/target/classes/assets/textures/background_cloud2.png
15:57:30.121 [FXGL Background Thread 1 ] DEBUG FXGLAssetLoaderServi - Loading from file system: file:/home/me/ComProg_Project/target/classes/assets/textures/background_mist1.png
15:57:30.134 [FXGL Background Thread 1 ] DEBUG FXGLAssetLoaderServi - Loading from file system: file:/home/me/ComProg_Project/target/classes/assets/textures/background_hills.png
15:57:30.170 [FXGL Background Thread 1 ] DEBUG FXGLAssetLoaderServi - Loading from file system: file:/home/me/ComProg_Project/target/classes/assets/textures/background_forest.png
15:57:30.186 [FXGL Background Thread 1 ] DEBUG FXGLAssetLoaderServi - Loading from file system: file:/home/me/ComProg_Project/target/classes/assets/textures/background_large_forest.png
15:57:30.222 [FXGL Background Thread 1 ] DEBUG FXGLAssetLoaderServi - Loading from file system: file:/home/me/ComProg_Project/target/classes/assets/textures/idle_sprite.png
15:57:30.227 [FXGL Background Thread 1 ] DEBUG FXGLAssetLoaderServi - Loading from file system: file:/home/me/ComProg_Project/target/classes/assets/textures/down_sprite.png
15:57:30.230 [FXGL Background Thread 1 ] DEBUG FXGLAssetLoaderServi - Loading from file system: file:/home/me/ComProg_Project/target/classes/assets/textures/up_sprite.png
15:57:30.244 [FXGL Background Thread 1 ] DEBUG FXGLAssetLoaderServi - Loading from file system: file:/home/me/ComProg_Project/target/classes/assets/music/main_music.wav
15:57:30.362 [FXGL Background Thread 1 ] DEBUG AudioPlayer          - Playing music com.almasb.fxgl.audio.Music@6f850ba7
15:57:30.368 [FXGL Background Thread 1 ] INFO  FXGLApplication      - Game initialization took: 0.717 sec
15:57:30.373 [JavaFX Application Thread] DEBUG Input                - Clearing active input actions
15:57:30.389 [JavaFX Application Thread] DEBUG GameApplicationServi - Removing overlay from FXGLLoadingScene and adding to GameScene
15:57:30.389 [JavaFX Application Thread] DEBUG PrimaryStageWindow   - FXGLLoadingScene -> GameScene
15:57:31.099 [JavaFX Application Thread] DEBUG FXGLAssetLoaderServi - Loading from file system: file:/home/me/ComProg_Project/target/classes/assets/textures/bullet_sprite.png
15:57:32.554 [FXGL Background Thread 3 ] DEBUG Engine               - Logging environment variables
15:57:32.555 [FXGL Background Thread 3 ] DEBUG Engine               - achievements: []
15:57:32.555 [FXGL Background Thread 3 ] DEBUG Engine               - actualHeight: 685.0
15:57:32.555 [FXGL Background Thread 3 ] DEBUG Engine               - actualHeightProperty: ReadOnlyDoubleProperty [value: 685.0]
15:57:32.555 [FXGL Background Thread 3 ] DEBUG Engine               - actualWidth: 1280.0
15:57:32.555 [FXGL Background Thread 3 ] DEBUG Engine               - actualWidthProperty: ReadOnlyDoubleProperty [value: 1280.0]
15:57:32.555 [FXGL Background Thread 3 ] DEBUG Engine               - appIcon: fxgl_icon.png
15:57:32.555 [FXGL Background Thread 3 ] DEBUG Engine               - applicationMode: DEVELOPER
15:57:32.555 [FXGL Background Thread 3 ] DEBUG Engine               - cSSList: [fxgl_dark.css]
15:57:32.555 [FXGL Background Thread 3 ] DEBUG Engine               - collisionDetectionStrategy: BRUTE_FORCE
15:57:32.555 [FXGL Background Thread 3 ] DEBUG Engine               - configClass: Optional.empty
15:57:32.556 [FXGL Background Thread 3 ] DEBUG Engine               - credits: []
15:57:32.556 [FXGL Background Thread 3 ] DEBUG Engine               - defaultCursor: CursorInfo(imageName=fxgl_default_cursor.png, hotspotX=7.0, hotspotY=6.0)
15:57:32.556 [FXGL Background Thread 3 ] DEBUG Engine               - devBBoxColorProperty: ObjectProperty [value: 0xff0000ff]
15:57:32.556 [FXGL Background Thread 3 ] DEBUG Engine               - devEnableDebugCameraProperty: BooleanProperty [value: false]
15:57:32.557 [FXGL Background Thread 3 ] DEBUG Engine               - devSensorColorProperty: ObjectProperty [value: 0xffff00ff]
15:57:32.557 [FXGL Background Thread 3 ] DEBUG Engine               - devShowBBoxProperty: BooleanProperty [value: false]
15:57:32.557 [FXGL Background Thread 3 ] DEBUG Engine               - devShowPositionProperty: BooleanProperty [value: false]
15:57:32.557 [FXGL Background Thread 3 ] DEBUG Engine               - enabledMenuItems: []
15:57:32.557 [FXGL Background Thread 3 ] DEBUG Engine               - engineServices: [class com.almasb.fxgl.app.services.FXGLAssetLoaderService, class com.almasb.fxgl.app.FXGLApplication$GameApplicationService, class com.almasb.fxgl.app.services.FXGLDialogService, class com.almasb.fxgl.app.services.IOTaskExecutorService, class com.almasb.fxgl.io.FileSystemService, class com.almasb.fxgl.localization.LocalizationService, class com.almasb.fxgl.app.services.SystemBundleService, class com.almasb.fxgl.profile.SaveLoadService, class com.almasb.fxgl.ui.FXGLUIFactoryServiceProvider, class com.almasb.fxgl.ui.FXGLDialogFactoryServiceProvider, class com.almasb.fxgl.audio.AudioPlayer, class com.almasb.fxgl.notification.impl.NotificationServiceProvider, class com.almasb.fxgl.achievement.AchievementService, class com.almasb.fxgl.cutscene.CutsceneService, class com.almasb.fxgl.minigames.MiniGameService, class com.almasb.fxgl.net.NetService, class com.almasb.fxgl.app.services.UpdaterService, class com.almasb.fxgl.dev.DevService]
15:57:32.557 [FXGL Background Thread 3 ] DEBUG Engine               - fontGame: Abel-Regular.ttf
15:57:32.557 [FXGL Background Thread 3 ] DEBUG Engine               - fontMono: TerminalLandMono-Regular.otf
15:57:32.557 [FXGL Background Thread 3 ] DEBUG Engine               - fontSizeScaleUI: 1.0
15:57:32.557 [FXGL Background Thread 3 ] DEBUG Engine               - fontText: Courier-Prime.ttf
15:57:32.558 [FXGL Background Thread 3 ] DEBUG Engine               - fontUI: VarelaRound-Regular.ttf
15:57:32.558 [FXGL Background Thread 3 ] DEBUG Engine               - fpsRefreshRate: 500.0 ms
15:57:32.558 [FXGL Background Thread 3 ] DEBUG Engine               - fullScreen: BooleanProperty [value: false]
15:57:32.558 [FXGL Background Thread 3 ] DEBUG Engine               - gameDifficulty: MEDIUM
15:57:32.558 [FXGL Background Thread 3 ] DEBUG Engine               - gameDifficultyProperty: ObjectProperty [value: MEDIUM]
15:57:32.558 [FXGL Background Thread 3 ] DEBUG Engine               - globalMusicVolume: 0.5
15:57:32.558 [FXGL Background Thread 3 ] DEBUG Engine               - globalMusicVolumeProperty: DoubleProperty [value: 0.5]
15:57:32.558 [FXGL Background Thread 3 ] DEBUG Engine               - globalSoundVolume: 0.5
15:57:32.559 [FXGL Background Thread 3 ] DEBUG Engine               - globalSoundVolumeProperty: DoubleProperty [value: 0.5]
15:57:32.559 [FXGL Background Thread 3 ] DEBUG Engine               - height: 720
15:57:32.559 [FXGL Background Thread 3 ] DEBUG Engine               - is3D: false
15:57:32.559 [FXGL Background Thread 3 ] DEBUG Engine               - isAndroid: false
15:57:32.559 [FXGL Background Thread 3 ] DEBUG Engine               - isBrowser: false
15:57:32.559 [FXGL Background Thread 3 ] DEBUG Engine               - isClickFeedbackEnabled: false
15:57:32.559 [FXGL Background Thread 3 ] DEBUG Engine               - isCloseConfirmation: false
15:57:32.559 [FXGL Background Thread 3 ] DEBUG Engine               - isDesktop: true
15:57:32.559 [FXGL Background Thread 3 ] DEBUG Engine               - isDeveloperMenuEnabled: false
15:57:32.559 [FXGL Background Thread 3 ] DEBUG Engine               - isEmbedded: false
15:57:32.559 [FXGL Background Thread 3 ] DEBUG Engine               - isEntityPreloadEnabled: true
15:57:32.559 [FXGL Background Thread 3 ] DEBUG Engine               - isExperimentalTiledLargeMap: false
15:57:32.559 [FXGL Background Thread 3 ] DEBUG Engine               - isFileSystemWriteAllowed: true
15:57:32.559 [FXGL Background Thread 3 ] DEBUG Engine               - isFullScreenAllowed: false
15:57:32.559 [FXGL Background Thread 3 ] DEBUG Engine               - isFullScreenFromStart: false
15:57:32.560 [FXGL Background Thread 3 ] DEBUG Engine               - isGameMenuEnabled: true
15:57:32.560 [FXGL Background Thread 3 ] DEBUG Engine               - isIOS: false
15:57:32.560 [FXGL Background Thread 3 ] DEBUG Engine               - isIntroEnabled: false
15:57:32.560 [FXGL Background Thread 3 ] DEBUG Engine               - isLinux: true
15:57:32.560 [FXGL Background Thread 3 ] DEBUG Engine               - isMac: false
15:57:32.560 [FXGL Background Thread 3 ] DEBUG Engine               - isMainMenuEnabled: false
15:57:32.560 [FXGL Background Thread 3 ] DEBUG Engine               - isManualResizeEnabled: false
15:57:32.560 [FXGL Background Thread 3 ] DEBUG Engine               - isMobile: false
15:57:32.560 [FXGL Background Thread 3 ] DEBUG Engine               - isNative: false
15:57:32.560 [FXGL Background Thread 3 ] DEBUG Engine               - isPauseMusicWhenMinimized: true
15:57:32.560 [FXGL Background Thread 3 ] DEBUG Engine               - isPreserveResizeRatio: false
15:57:32.560 [FXGL Background Thread 3 ] DEBUG Engine               - isProfilingEnabled: false
15:57:32.560 [FXGL Background Thread 3 ] DEBUG Engine               - isScaleAffectedOnResize: true
15:57:32.560 [FXGL Background Thread 3 ] DEBUG Engine               - isSingleStep: false
15:57:32.560 [FXGL Background Thread 3 ] DEBUG Engine               - isUserProfileEnabled: false
15:57:32.561 [FXGL Background Thread 3 ] DEBUG Engine               - isWindows: false
15:57:32.561 [FXGL Background Thread 3 ] DEBUG Engine               - language: ObjectProperty [value: ENGLISH]
15:57:32.561 [FXGL Background Thread 3 ] DEBUG Engine               - menuKey: ESCAPE
15:57:32.561 [FXGL Background Thread 3 ] DEBUG Engine               - mouseSensitivity: 0.2
15:57:32.561 [FXGL Background Thread 3 ] DEBUG Engine               - notificationViewClass: class com.almasb.fxgl.notification.view.XboxNotificationView
15:57:32.561 [FXGL Background Thread 3 ] DEBUG Engine               - pixelsPerMeter: 50.0
15:57:32.561 [FXGL Background Thread 3 ] DEBUG Engine               - platform: LINUX
15:57:32.561 [FXGL Background Thread 3 ] DEBUG Engine               - prefHeightProperty: ReadOnlyDoubleProperty [value: 720.0]
15:57:32.561 [FXGL Background Thread 3 ] DEBUG Engine               - prefWidthProperty: ReadOnlyDoubleProperty [value: 1280.0]
15:57:32.561 [FXGL Background Thread 3 ] DEBUG Engine               - profileDir: profiles/
15:57:32.561 [FXGL Background Thread 3 ] DEBUG Engine               - profileName: StringProperty [value: DEFAULT]
15:57:32.561 [FXGL Background Thread 3 ] DEBUG Engine               - randomSeed: -1
15:57:32.562 [FXGL Background Thread 3 ] DEBUG Engine               - runtimeInfo: RuntimeInfo(platform=LINUX, version=25, build=05.02.2026 22.57)
15:57:32.562 [FXGL Background Thread 3 ] DEBUG Engine               - saveFileExt: sav
15:57:32.562 [FXGL Background Thread 3 ] DEBUG Engine               - scaledHeightProp$fxgl: DoubleProperty [bound, value: 685.0]
15:57:32.562 [FXGL Background Thread 3 ] DEBUG Engine               - scaledWidthProp$fxgl: DoubleProperty [bound, value: 1280.0]
15:57:32.562 [FXGL Background Thread 3 ] DEBUG Engine               - sceneFactory: com.almasb.fxgl.app.scene.SceneFactory@7aa92cb3
15:57:32.562 [FXGL Background Thread 3 ] DEBUG Engine               - secondsIn24h: 60
15:57:32.563 [FXGL Background Thread 3 ] DEBUG Engine               - soundMenuBack: menu/back.wav
15:57:32.563 [FXGL Background Thread 3 ] DEBUG Engine               - soundMenuPress: menu/press.wav
15:57:32.563 [FXGL Background Thread 3 ] DEBUG Engine               - soundMenuSelect: menu/select.wav
15:57:32.563 [FXGL Background Thread 3 ] DEBUG Engine               - soundNotification: core/notification.wav
15:57:32.563 [FXGL Background Thread 3 ] DEBUG Engine               - stageStyle: DECORATED
15:57:32.563 [FXGL Background Thread 3 ] DEBUG Engine               - supportedLanguages: [ENGLISH, FRENCH, GERMAN, HUNGARIAN, RUSSIAN]
15:57:32.563 [FXGL Background Thread 3 ] DEBUG Engine               - ticksPerSecond: -1
15:57:32.563 [FXGL Background Thread 3 ] DEBUG Engine               - title: Untitled
15:57:32.563 [FXGL Background Thread 3 ] DEBUG Engine               - urlGithub: https://github.com/AlmasB/FXGL
15:57:32.563 [FXGL Background Thread 3 ] DEBUG Engine               - urlLeaderboard: http://fxgl-top.herokuapp.com/
15:57:32.563 [FXGL Background Thread 3 ] DEBUG Engine               - urlPOM: https://raw.githubusercontent.com/AlmasB/FXGL/release/README.md
15:57:32.563 [FXGL Background Thread 3 ] DEBUG Engine               - userAppClass: class org.group1.GamePackage.Application
15:57:32.563 [FXGL Background Thread 3 ] DEBUG Engine               - version: 0.0
15:57:32.563 [FXGL Background Thread 3 ] DEBUG Engine               - versionCheckDays: 7
15:57:32.563 [FXGL Background Thread 3 ] DEBUG Engine               - width: 1280
15:57:32.563 [FXGL Background Thread 3 ] DEBUG Engine               - Logging services
15:57:32.563 [FXGL Background Thread 3 ] DEBUG Engine               - class com.almasb.fxgl.app.services.FXGLAssetLoaderService
15:57:32.564 [FXGL Background Thread 3 ] DEBUG Engine               - class com.almasb.fxgl.app.FXGLApplication$GameApplicationService
15:57:32.564 [FXGL Background Thread 3 ] DEBUG Engine               - class com.almasb.fxgl.app.services.FXGLDialogService
15:57:32.564 [FXGL Background Thread 3 ] DEBUG Engine               - class com.almasb.fxgl.app.services.IOTaskExecutorService
15:57:32.564 [FXGL Background Thread 3 ] DEBUG Engine               - class com.almasb.fxgl.io.FileSystemService
15:57:32.564 [FXGL Background Thread 3 ] DEBUG Engine               - class com.almasb.fxgl.localization.LocalizationService
15:57:32.564 [FXGL Background Thread 3 ] DEBUG Engine               - class com.almasb.fxgl.app.services.SystemBundleService
15:57:32.564 [FXGL Background Thread 3 ] DEBUG Engine               - class com.almasb.fxgl.profile.SaveLoadService
15:57:32.564 [FXGL Background Thread 3 ] DEBUG Engine               - class com.almasb.fxgl.ui.FXGLUIFactoryServiceProvider
15:57:32.564 [FXGL Background Thread 3 ] DEBUG Engine               - class com.almasb.fxgl.ui.FXGLDialogFactoryServiceProvider
15:57:32.564 [FXGL Background Thread 3 ] DEBUG Engine               - class com.almasb.fxgl.audio.AudioPlayer
15:57:32.564 [FXGL Background Thread 3 ] DEBUG Engine               - class com.almasb.fxgl.notification.impl.NotificationServiceProvider
15:57:32.564 [FXGL Background Thread 3 ] DEBUG Engine               - class com.almasb.fxgl.achievement.AchievementService
15:57:32.564 [FXGL Background Thread 3 ] DEBUG Engine               - class com.almasb.fxgl.cutscene.CutsceneService
15:57:32.564 [FXGL Background Thread 3 ] DEBUG Engine               - class com.almasb.fxgl.minigames.MiniGameService
15:57:32.564 [FXGL Background Thread 3 ] DEBUG Engine               - class com.almasb.fxgl.net.NetService
15:57:32.564 [FXGL Background Thread 3 ] DEBUG Engine               - class com.almasb.fxgl.app.services.UpdaterService
15:57:32.564 [FXGL Background Thread 3 ] DEBUG Engine               - class com.almasb.fxgl.dev.DevService
15:57:33.375 [JavaFX Application Thread] DEBUG FXGLAssetLoaderServi - Loading from file system: file:/home/me/ComProg_Project/target/classes/assets/textures/enemy_sprite.png
15:57:33.386 [JavaFX Application Thread] DEBUG FXGLAssetLoaderServi - Loading from file system: file:/home/me/ComProg_Project/target/classes/assets/textures/explosion_sprite.png
15:57:34.366 [JavaFX Application Thread] DEBUG FXGLAssetLoaderServi - Loading from file system: file:/home/me/ComProg_Project/target/classes/assets/sounds/death_sound.wav
15:57:36.389 [JavaFX Application Thread] DEBUG FXGLAssetLoaderServi - Loading from file system: file:/home/me/ComProg_Project/target/classes/assets/textures/heart_sprite.png
15:57:36.401 [JavaFX Application Thread] DEBUG FXGLAssetLoaderServi - Loading from file system: file:/home/me/ComProg_Project/target/classes/assets/textures/heart_explode_sprite.png
15:57:38.000 [JavaFX Application Thread] DEBUG FXGLAssetLoaderServi - Loading from file system: file:/home/me/ComProg_Project/target/classes/assets/sounds/heart_gain.wav
15:58:08.684 [JavaFX Application Thread] DEBUG FXGLApplication      - Exiting FXGL
15:58:08.684 [JavaFX Application Thread] DEBUG LoopRunner           - Stopping loop
15:58:08.684 [JavaFX Application Thread] DEBUG SystemBundleService  - Saving FXGL system data
15:58:08.689 [JavaFX Application Thread] DEBUG FileSystemAccess     - Writing to: /home/me/ComProg_Project/system/fxgl.bundle
15:58:08.692 [JavaFX Application Thread] DEBUG Async                - Shutting down background threads
15:58:08.692 [JavaFX Application Thread] DEBUG PrimaryStageWindow   - Closing main window
15:58:08.699 [JavaFX Application Thread] DEBUG Logger               - Closing Logger
