22:02:53.400 [main                     ] DEBUG Logger               - Configured Logger
22:02:53.406 [main                     ] DEBUG GameApplication      - Logging settings
Title: Untitled
Version: 0.0
Width: 1280
Height: 720
Fullscreen: false
Intro: false
Profiling: false
Single step:false
App Mode: DEVELOPER
Menu Key: ESCAPE
Stage Style: DECORATED
Scene Factory: class org.group1.GamePackage.Factory.MainSceneFactory

22:02:53.695 [JavaFX Application Thread] DEBUG FXGLApplication      - Initializing FXGL
22:02:53.699 [JavaFX Application Thread] INFO  Engine               - FXGL-25 (05.02.2026 22.57) on LINUX (J:25.0.2 FX:21.0.6)
22:02:53.699 [JavaFX Application Thread] DEBUG Engine               - JRE Vendor Name: Arch Linux
22:02:53.700 [JavaFX Application Thread] DEBUG Engine               - Running on OS: Linux version 6.18.20-1-lts
22:02:53.700 [JavaFX Application Thread] DEBUG Engine               - Architecture: amd64
22:02:53.700 [JavaFX Application Thread] INFO  Engine               - Source code and latest versions at: https://github.com/AlmasB/FXGL
22:02:53.700 [JavaFX Application Thread] INFO  Engine               -       Ask questions and discuss at: https://github.com/AlmasB/FXGL/discussions
22:02:53.774 [JavaFX Application Thread] DEBUG PrimaryStageWindow   - Creating a JavaFX scene
22:02:53.857 [JavaFX Application Thread] DEBUG PrimaryStageWindow   - Target settings size: 1280.0 x 720.0
22:02:53.857 [JavaFX Application Thread] DEBUG PrimaryStageWindow   - Scaled scene size:    1280.0 x 720.0
22:02:53.857 [JavaFX Application Thread] DEBUG PrimaryStageWindow   - Scaled ratio: (1.0, 1.0)
22:02:53.858 [JavaFX Application Thread] DEBUG PrimaryStageWindow   - Set initial scene to FXGLStartupScene
22:02:53.861 [JavaFX Application Thread] DEBUG PrimaryStageWindow   - Opening main window
22:02:53.889 [JavaFX Application Thread] DEBUG PrimaryStageWindow   - Window border size: (0.0, 35.0)
22:02:53.889 [JavaFX Application Thread] DEBUG PrimaryStageWindow   - Scaled size: 1280.0 x 685.0
22:02:53.889 [JavaFX Application Thread] DEBUG PrimaryStageWindow   - Scaled ratio: (1.0, 0.9513888888888888)
22:02:53.889 [JavaFX Application Thread] DEBUG PrimaryStageWindow   - Scene size: 1280.0 x 720.0
22:02:53.889 [JavaFX Application Thread] DEBUG PrimaryStageWindow   - Stage size: 1280.0 x 720.0
22:02:53.895 [FXGL Background Thread 1 ] DEBUG Engine               - Initializing environment variables
22:02:53.949 [FXGL Background Thread 1 ] DEBUG FXGLAssetLoaderServi - User app class for loading assets: class org.group1.GamePackage.Application
22:02:53.949 [FXGL Background Thread 1 ] DEBUG GameApplicationServi - Applying CSS: fxgl_dark.css
22:02:53.950 [FXGL Background Thread 1 ] DEBUG FXGLAssetLoaderServi - Loading from file system: jar:file:///home/me/.m2/repository/com/github/almasb/fxgl/25/fxgl-25.jar!/fxglassets/ui/css/fxgl_dark.css
22:02:53.986 [FXGL Background Thread 1 ] DEBUG GameApplicationServi - Initializing application scenes
22:02:53.989 [FXGL Background Thread 1 ] DEBUG FXGLAssetLoaderServi - Loading from file system: file:/home/me/projects/ComProg_Project/target/classes/assets/textures/background.png
22:02:54.110 [FXGL Background Thread 1 ] DEBUG FXGLAssetLoaderServi - Loading from file system: file:/home/me/projects/ComProg_Project/target/classes/assets/textures/background_stars1.png
22:02:54.163 [FXGL Background Thread 1 ] DEBUG FXGLAssetLoaderServi - Loading from file system: file:/home/me/projects/ComProg_Project/target/classes/assets/textures/background_stars2.png
22:02:54.211 [FXGL Background Thread 1 ] DEBUG FXGLAssetLoaderServi - Loading from file system: file:/home/me/projects/ComProg_Project/target/classes/assets/textures/background_stars3.png
22:02:54.245 [FXGL Background Thread 1 ] DEBUG FXGLAssetLoaderServi - Loading from file system: file:/home/me/projects/ComProg_Project/target/classes/assets/textures/background_cloud1.png
22:02:54.253 [FXGL Background Thread 1 ] DEBUG FXGLAssetLoaderServi - Loading from file system: file:/home/me/projects/ComProg_Project/target/classes/assets/textures/background_cloud2.png
22:02:54.265 [FXGL Background Thread 1 ] DEBUG FXGLAssetLoaderServi - Loading from file system: file:/home/me/projects/ComProg_Project/target/classes/assets/textures/background_mist1.png
22:02:54.274 [FXGL Background Thread 1 ] DEBUG FXGLAssetLoaderServi - Loading from file system: file:/home/me/projects/ComProg_Project/target/classes/assets/textures/background_hills.png
22:02:54.293 [FXGL Background Thread 1 ] DEBUG FXGLAssetLoaderServi - Loading from file system: file:/home/me/projects/ComProg_Project/target/classes/assets/textures/background_forest.png
22:02:54.304 [FXGL Background Thread 1 ] DEBUG FXGLAssetLoaderServi - Loading from file system: file:/home/me/projects/ComProg_Project/target/classes/assets/textures/background_large_forest.png
22:02:54.364 [FXGL Background Thread 1 ] DEBUG GameWorld            - Game world initialized
22:02:54.395 [FXGL Background Thread 1 ] DEBUG PhysicsWorld         - Physics world initialized: appHeight=720, physics.ppm=50.0
22:02:54.396 [FXGL Background Thread 1 ] DEBUG PhysicsWorld         - Using strategy: BRUTE_FORCE
22:02:54.400 [FXGL Background Thread 1 ] DEBUG GameScene            - Game scene initialized: 1280x720
22:02:54.487 [FXGL Background Thread 1 ] DEBUG GameApplicationServi - Application scenes initialized
22:02:54.494 [FXGL Background Thread 1 ] DEBUG SystemBundleService  - Loading FXGL system data
22:02:54.497 [FXGL Background Thread 1 ] DEBUG FileSystemAccess     - Reading from: /home/me/projects/ComProg_Project/system/fxgl.bundle
22:02:54.501 [FXGL Background Thread 1 ] DEBUG SystemBundleService  - Bundle FXGL: {}
22:02:54.501 [FXGL Background Thread 1 ] DEBUG UpdaterService       - Checking for updates
22:02:54.506 [FXGL Background Thread 4 ] DEBUG FXGLApplication      - Loading fonts
22:02:54.506 [FXGL Background Thread 4 ] DEBUG FXGLAssetLoaderServi - Loading from file system: jar:file:///home/me/.m2/repository/com/github/almasb/fxgl/25/fxgl-25.jar!/fxglassets/ui/fonts/VarelaRound-Regular.ttf
22:02:54.506 [FXGL Background Thread 1 ] DEBUG FXGLApplication      - Loading default localization
22:02:54.507 [FXGL Background Thread 1 ] DEBUG FXGLAssetLoaderServi - Loading from file system: jar:file:///home/me/.m2/repository/com/github/almasb/fxgl/25/fxgl-25.jar!/fxglassets/languages/english.lang
22:02:54.512 [FXGL Background Thread 4 ] DEBUG FXGLAssetLoaderServi - Loading from file system: jar:file:///home/me/.m2/repository/com/github/almasb/fxgl/25/fxgl-25.jar!/fxglassets/ui/fonts/Abel-Regular.ttf
22:02:54.513 [FXGL Background Thread 4 ] DEBUG FXGLAssetLoaderServi - Loading from file system: jar:file:///home/me/.m2/repository/com/github/almasb/fxgl/25/fxgl-25.jar!/fxglassets/ui/fonts/TerminalLandMono-Regular.otf
22:02:54.515 [FXGL Background Thread 4 ] DEBUG FXGLAssetLoaderServi - Loading from file system: jar:file:///home/me/.m2/repository/com/github/almasb/fxgl/25/fxgl-25.jar!/fxglassets/ui/fonts/Courier-Prime.ttf
22:02:54.519 [FXGL Background Thread 1 ] INFO  FXGLApplication      - FXGL initialization took: 0.624 sec
22:02:54.519 [JavaFX Application Thread] DEBUG FXGLApplication      - Registering font factories with UI factory
22:02:54.531 [JavaFX Application Thread] DEBUG Input                - Registered new binding: Move left - A
22:02:54.531 [JavaFX Application Thread] DEBUG Input                - Registered new binding: Move right - D
22:02:54.532 [JavaFX Application Thread] DEBUG Input                - Registered new binding: Move down - S
22:02:54.532 [JavaFX Application Thread] DEBUG Input                - Registered new binding: Move up - W
22:02:54.532 [JavaFX Application Thread] DEBUG Input                - Registered new binding: Shoot - Space
22:02:54.532 [JavaFX Application Thread] DEBUG Input                - Registered new binding: Switch to Fire Bullet - Q
22:02:54.532 [JavaFX Application Thread] DEBUG Input                - Registered new binding: Switch to Ice Bullet - E
22:02:54.533 [JavaFX Application Thread] DEBUG FXGLAssetLoaderServi - Loading from file system: jar:file:///home/me/.m2/repository/com/github/almasb/fxgl/25/fxgl-25.jar!/fxglassets/textures/fxgl_icon.png
22:02:54.561 [JavaFX Application Thread] DEBUG FXGLAssetLoaderServi - Loading from file system: jar:file:///home/me/.m2/repository/com/github/almasb/fxgl/25/fxgl-25.jar!/fxglassets/textures/fxgl_default_cursor.png
22:02:54.562 [JavaFX Application Thread] DEBUG Input                - Registered new binding: Screenshot - CTRL+8
22:02:54.563 [JavaFX Application Thread] DEBUG Input                - Registered new binding: System info dump - CTRL+9
22:02:54.563 [JavaFX Application Thread] DEBUG Input                - Registered new binding: Restart - CTRL+R
22:02:54.564 [JavaFX Application Thread] DEBUG Input                - Registered new binding: Toggle Debug Camera - CTRL+7
22:02:54.566 [JavaFX Application Thread] DEBUG LoopRunner           - Starting loop
22:02:54.566 [JavaFX Application Thread] DEBUG LoopRunner           - Initializing JavaFX AnimationTimerLoop
22:02:54.569 [JavaFX Application Thread] DEBUG Input                - Clearing active input actions
22:02:54.579 [JavaFX Application Thread] DEBUG GameApplicationServi - Removing overlay from FXGLStartupScene and adding to FXGLMainMenuDummyScene
22:02:54.579 [JavaFX Application Thread] DEBUG PrimaryStageWindow   - FXGLStartupScene -> FXGLMainMenuDummyScene
22:02:54.580 [JavaFX Application Thread] DEBUG PrimaryStageWindow   - Push state: MenuInterface
22:02:54.580 [JavaFX Application Thread] DEBUG Input                - Clearing active input actions
22:02:54.589 [JavaFX Application Thread] DEBUG GameApplicationServi - Removing overlay from FXGLMainMenuDummyScene and adding to MenuInterface
22:02:54.590 [JavaFX Application Thread] DEBUG PrimaryStageWindow   - FXGLMainMenuDummyScene -> MenuInterface
22:02:57.505 [FXGL Background Thread 3 ] DEBUG Engine               - Logging environment variables
22:02:57.506 [FXGL Background Thread 3 ] DEBUG Engine               - achievements: []
22:02:57.507 [FXGL Background Thread 3 ] DEBUG Engine               - actualHeight: 719.0
22:02:57.507 [FXGL Background Thread 3 ] DEBUG Engine               - actualHeightProperty: ReadOnlyDoubleProperty [value: 719.0]
22:02:57.507 [FXGL Background Thread 3 ] DEBUG Engine               - actualWidth: 1290.0
22:02:57.507 [FXGL Background Thread 3 ] DEBUG Engine               - actualWidthProperty: ReadOnlyDoubleProperty [value: 1290.0]
22:02:57.508 [FXGL Background Thread 3 ] DEBUG Engine               - appIcon: fxgl_icon.png
22:02:57.508 [FXGL Background Thread 3 ] DEBUG Engine               - applicationMode: DEVELOPER
22:02:57.508 [FXGL Background Thread 3 ] DEBUG Engine               - cSSList: [fxgl_dark.css]
22:02:57.508 [FXGL Background Thread 3 ] DEBUG Engine               - collisionDetectionStrategy: BRUTE_FORCE
22:02:57.508 [FXGL Background Thread 3 ] DEBUG Engine               - configClass: Optional.empty
22:02:57.509 [FXGL Background Thread 3 ] DEBUG Engine               - credits: []
22:02:57.512 [FXGL Background Thread 3 ] DEBUG Engine               - defaultCursor: CursorInfo(imageName=fxgl_default_cursor.png, hotspotX=7.0, hotspotY=6.0)
22:02:57.512 [FXGL Background Thread 3 ] DEBUG Engine               - devBBoxColorProperty: ObjectProperty [value: 0xff0000ff]
22:02:57.512 [FXGL Background Thread 3 ] DEBUG Engine               - devEnableDebugCameraProperty: BooleanProperty [value: false]
22:02:57.512 [FXGL Background Thread 3 ] DEBUG Engine               - devSensorColorProperty: ObjectProperty [value: 0xffff00ff]
22:02:57.512 [FXGL Background Thread 3 ] DEBUG Engine               - devShowBBoxProperty: BooleanProperty [value: false]
22:02:57.512 [FXGL Background Thread 3 ] DEBUG Engine               - devShowPositionProperty: BooleanProperty [value: false]
22:02:57.512 [FXGL Background Thread 3 ] DEBUG Engine               - enabledMenuItems: []
22:02:57.512 [FXGL Background Thread 3 ] DEBUG Engine               - engineServices: [class com.almasb.fxgl.app.services.FXGLAssetLoaderService, class com.almasb.fxgl.app.FXGLApplication$GameApplicationService, class com.almasb.fxgl.app.services.FXGLDialogService, class com.almasb.fxgl.app.services.IOTaskExecutorService, class com.almasb.fxgl.io.FileSystemService, class com.almasb.fxgl.localization.LocalizationService, class com.almasb.fxgl.app.services.SystemBundleService, class com.almasb.fxgl.profile.SaveLoadService, class com.almasb.fxgl.ui.FXGLUIFactoryServiceProvider, class com.almasb.fxgl.ui.FXGLDialogFactoryServiceProvider, class com.almasb.fxgl.audio.AudioPlayer, class com.almasb.fxgl.notification.impl.NotificationServiceProvider, class com.almasb.fxgl.achievement.AchievementService, class com.almasb.fxgl.cutscene.CutsceneService, class com.almasb.fxgl.minigames.MiniGameService, class com.almasb.fxgl.net.NetService, class com.almasb.fxgl.app.services.UpdaterService, class com.almasb.fxgl.dev.DevService]
22:02:57.512 [FXGL Background Thread 3 ] DEBUG Engine               - fontGame: Abel-Regular.ttf
22:02:57.512 [FXGL Background Thread 3 ] DEBUG Engine               - fontMono: TerminalLandMono-Regular.otf
22:02:57.512 [FXGL Background Thread 3 ] DEBUG Engine               - fontSizeScaleUI: 1.0
22:02:57.512 [FXGL Background Thread 3 ] DEBUG Engine               - fontText: Courier-Prime.ttf
22:02:57.512 [FXGL Background Thread 3 ] DEBUG Engine               - fontUI: VarelaRound-Regular.ttf
22:02:57.513 [FXGL Background Thread 3 ] DEBUG Engine               - fpsRefreshRate: 500.0 ms
22:02:57.513 [FXGL Background Thread 3 ] DEBUG Engine               - fullScreen: BooleanProperty [value: false]
22:02:57.513 [FXGL Background Thread 3 ] DEBUG Engine               - gameDifficulty: MEDIUM
22:02:57.513 [FXGL Background Thread 3 ] DEBUG Engine               - gameDifficultyProperty: ObjectProperty [value: MEDIUM]
22:02:57.513 [FXGL Background Thread 3 ] DEBUG Engine               - globalMusicVolume: 0.5
22:02:57.513 [FXGL Background Thread 3 ] DEBUG Engine               - globalMusicVolumeProperty: DoubleProperty [value: 0.5]
22:02:57.514 [FXGL Background Thread 3 ] DEBUG Engine               - globalSoundVolume: 0.5
22:02:57.514 [FXGL Background Thread 3 ] DEBUG Engine               - globalSoundVolumeProperty: DoubleProperty [value: 0.5]
22:02:57.514 [FXGL Background Thread 3 ] DEBUG Engine               - height: 720
22:02:57.514 [FXGL Background Thread 3 ] DEBUG Engine               - is3D: false
22:02:57.514 [FXGL Background Thread 3 ] DEBUG Engine               - isAndroid: false
22:02:57.514 [FXGL Background Thread 3 ] DEBUG Engine               - isBrowser: false
22:02:57.514 [FXGL Background Thread 3 ] DEBUG Engine               - isClickFeedbackEnabled: false
22:02:57.514 [FXGL Background Thread 3 ] DEBUG Engine               - isCloseConfirmation: false
22:02:57.514 [FXGL Background Thread 3 ] DEBUG Engine               - isDesktop: true
22:02:57.514 [FXGL Background Thread 3 ] DEBUG Engine               - isDeveloperMenuEnabled: false
22:02:57.514 [FXGL Background Thread 3 ] DEBUG Engine               - isEmbedded: false
22:02:57.514 [FXGL Background Thread 3 ] DEBUG Engine               - isEntityPreloadEnabled: true
22:02:57.514 [FXGL Background Thread 3 ] DEBUG Engine               - isExperimentalTiledLargeMap: false
22:02:57.514 [FXGL Background Thread 3 ] DEBUG Engine               - isFileSystemWriteAllowed: true
22:02:57.514 [FXGL Background Thread 3 ] DEBUG Engine               - isFullScreenAllowed: false
22:02:57.514 [FXGL Background Thread 3 ] DEBUG Engine               - isFullScreenFromStart: false
22:02:57.514 [FXGL Background Thread 3 ] DEBUG Engine               - isGameMenuEnabled: true
22:02:57.514 [FXGL Background Thread 3 ] DEBUG Engine               - isIOS: false
22:02:57.515 [FXGL Background Thread 3 ] DEBUG Engine               - isIntroEnabled: false
22:02:57.515 [FXGL Background Thread 3 ] DEBUG Engine               - isLinux: true
22:02:57.515 [FXGL Background Thread 3 ] DEBUG Engine               - isMac: false
22:02:57.515 [FXGL Background Thread 3 ] DEBUG Engine               - isMainMenuEnabled: true
22:02:57.515 [FXGL Background Thread 3 ] DEBUG Engine               - isManualResizeEnabled: false
22:02:57.515 [FXGL Background Thread 3 ] DEBUG Engine               - isMobile: false
22:02:57.515 [FXGL Background Thread 3 ] DEBUG Engine               - isNative: false
22:02:57.515 [FXGL Background Thread 3 ] DEBUG Engine               - isPauseMusicWhenMinimized: true
22:02:57.515 [FXGL Background Thread 3 ] DEBUG Engine               - isPreserveResizeRatio: false
22:02:57.515 [FXGL Background Thread 3 ] DEBUG Engine               - isProfilingEnabled: false
22:02:57.515 [FXGL Background Thread 3 ] DEBUG Engine               - isScaleAffectedOnResize: true
22:02:57.515 [FXGL Background Thread 3 ] DEBUG Engine               - isSingleStep: false
22:02:57.515 [FXGL Background Thread 3 ] DEBUG Engine               - isUserProfileEnabled: false
22:02:57.515 [FXGL Background Thread 3 ] DEBUG Engine               - isWindows: false
22:02:57.515 [FXGL Background Thread 3 ] DEBUG Engine               - language: ObjectProperty [value: ENGLISH]
22:02:57.515 [FXGL Background Thread 3 ] DEBUG Engine               - menuKey: ESCAPE
22:02:57.515 [FXGL Background Thread 3 ] DEBUG Engine               - mouseSensitivity: 0.2
22:02:57.515 [FXGL Background Thread 3 ] DEBUG Engine               - notificationViewClass: class com.almasb.fxgl.notification.view.XboxNotificationView
22:02:57.515 [FXGL Background Thread 3 ] DEBUG Engine               - pixelsPerMeter: 50.0
22:02:57.515 [FXGL Background Thread 3 ] DEBUG Engine               - platform: LINUX
22:02:57.516 [FXGL Background Thread 3 ] DEBUG Engine               - prefHeightProperty: ReadOnlyDoubleProperty [value: 720.0]
22:02:57.516 [FXGL Background Thread 3 ] DEBUG Engine               - prefWidthProperty: ReadOnlyDoubleProperty [value: 1280.0]
22:02:57.516 [FXGL Background Thread 3 ] DEBUG Engine               - profileDir: profiles/
22:02:57.516 [FXGL Background Thread 3 ] DEBUG Engine               - profileName: StringProperty [value: DEFAULT]
22:02:57.516 [FXGL Background Thread 3 ] DEBUG Engine               - randomSeed: -1
22:02:57.516 [FXGL Background Thread 3 ] DEBUG Engine               - runtimeInfo: RuntimeInfo(platform=LINUX, version=25, build=05.02.2026 22.57)
22:02:57.516 [FXGL Background Thread 3 ] DEBUG Engine               - saveFileExt: sav
22:02:57.516 [FXGL Background Thread 3 ] DEBUG Engine               - scaledHeightProp$fxgl: DoubleProperty [bound, value: 719.0]
22:02:57.516 [FXGL Background Thread 3 ] DEBUG Engine               - scaledWidthProp$fxgl: DoubleProperty [bound, value: 1290.0]
22:02:57.516 [FXGL Background Thread 3 ] DEBUG Engine               - sceneFactory: org.group1.GamePackage.Factory.MainSceneFactory@4921cf83
22:02:57.516 [FXGL Background Thread 3 ] DEBUG Engine               - secondsIn24h: 60
22:02:57.516 [FXGL Background Thread 3 ] DEBUG Engine               - soundMenuBack: menu/back.wav
22:02:57.516 [FXGL Background Thread 3 ] DEBUG Engine               - soundMenuPress: menu/press.wav
22:02:57.516 [FXGL Background Thread 3 ] DEBUG Engine               - soundMenuSelect: menu/select.wav
22:02:57.516 [FXGL Background Thread 3 ] DEBUG Engine               - soundNotification: core/notification.wav
22:02:57.516 [FXGL Background Thread 3 ] DEBUG Engine               - stageStyle: DECORATED
22:02:57.517 [FXGL Background Thread 3 ] DEBUG Engine               - supportedLanguages: [ENGLISH, FRENCH, GERMAN, HUNGARIAN, RUSSIAN]
22:02:57.517 [FXGL Background Thread 3 ] DEBUG Engine               - ticksPerSecond: -1
22:02:57.517 [FXGL Background Thread 3 ] DEBUG Engine               - title: Untitled
22:02:57.517 [FXGL Background Thread 3 ] DEBUG Engine               - urlGithub: https://github.com/AlmasB/FXGL
22:02:57.517 [FXGL Background Thread 3 ] DEBUG Engine               - urlLeaderboard: http://fxgl-top.herokuapp.com/
22:02:57.517 [FXGL Background Thread 3 ] DEBUG Engine               - urlPOM: https://raw.githubusercontent.com/AlmasB/FXGL/release/README.md
22:02:57.517 [FXGL Background Thread 3 ] DEBUG Engine               - userAppClass: class org.group1.GamePackage.Application
22:02:57.517 [FXGL Background Thread 3 ] DEBUG Engine               - version: 0.0
22:02:57.517 [FXGL Background Thread 3 ] DEBUG Engine               - versionCheckDays: 7
22:02:57.517 [FXGL Background Thread 3 ] DEBUG Engine               - width: 1280
22:02:57.517 [FXGL Background Thread 3 ] DEBUG Engine               - Logging services
22:02:57.517 [FXGL Background Thread 3 ] DEBUG Engine               - class com.almasb.fxgl.app.services.FXGLAssetLoaderService
22:02:57.517 [FXGL Background Thread 3 ] DEBUG Engine               - class com.almasb.fxgl.app.FXGLApplication$GameApplicationService
22:02:57.517 [FXGL Background Thread 3 ] DEBUG Engine               - class com.almasb.fxgl.app.services.FXGLDialogService
22:02:57.517 [FXGL Background Thread 3 ] DEBUG Engine               - class com.almasb.fxgl.app.services.IOTaskExecutorService
22:02:57.517 [FXGL Background Thread 3 ] DEBUG Engine               - class com.almasb.fxgl.io.FileSystemService
22:02:57.517 [FXGL Background Thread 3 ] DEBUG Engine               - class com.almasb.fxgl.localization.LocalizationService
22:02:57.517 [FXGL Background Thread 3 ] DEBUG Engine               - class com.almasb.fxgl.app.services.SystemBundleService
22:02:57.517 [FXGL Background Thread 3 ] DEBUG Engine               - class com.almasb.fxgl.profile.SaveLoadService
22:02:57.517 [FXGL Background Thread 3 ] DEBUG Engine               - class com.almasb.fxgl.ui.FXGLUIFactoryServiceProvider
22:02:57.518 [FXGL Background Thread 3 ] DEBUG Engine               - class com.almasb.fxgl.ui.FXGLDialogFactoryServiceProvider
22:02:57.518 [FXGL Background Thread 3 ] DEBUG Engine               - class com.almasb.fxgl.audio.AudioPlayer
22:02:57.518 [FXGL Background Thread 3 ] DEBUG Engine               - class com.almasb.fxgl.notification.impl.NotificationServiceProvider
22:02:57.518 [FXGL Background Thread 3 ] DEBUG Engine               - class com.almasb.fxgl.achievement.AchievementService
22:02:57.518 [FXGL Background Thread 3 ] DEBUG Engine               - class com.almasb.fxgl.cutscene.CutsceneService
22:02:57.518 [FXGL Background Thread 3 ] DEBUG Engine               - class com.almasb.fxgl.minigames.MiniGameService
22:02:57.518 [FXGL Background Thread 3 ] DEBUG Engine               - class com.almasb.fxgl.net.NetService
22:02:57.518 [FXGL Background Thread 3 ] DEBUG Engine               - class com.almasb.fxgl.app.services.UpdaterService
22:02:57.518 [FXGL Background Thread 3 ] DEBUG Engine               - class com.almasb.fxgl.dev.DevService
22:03:25.880 [JavaFX Application Thread] DEBUG GameApplicationServi - Starting new game
22:03:25.881 [JavaFX Application Thread] DEBUG PrimaryStageWindow   - Pop state: MenuInterface
22:03:25.881 [JavaFX Application Thread] DEBUG Input                - Clearing active input actions
22:03:25.882 [JavaFX Application Thread] DEBUG GameApplicationServi - Removing overlay from MenuInterface and adding to FXGLMainMenuDummyScene
22:03:25.883 [JavaFX Application Thread] DEBUG PrimaryStageWindow   - FXGLMainMenuDummyScene <- MenuInterface
22:03:25.884 [JavaFX Application Thread] DEBUG Input                - Clearing active input actions
22:03:25.895 [JavaFX Application Thread] DEBUG GameApplicationServi - Removing overlay from FXGLMainMenuDummyScene and adding to LoadingInterface
22:03:25.896 [JavaFX Application Thread] DEBUG PrimaryStageWindow   - FXGLMainMenuDummyScene -> LoadingInterface
22:03:25.896 [JavaFX Application Thread] DEBUG GameApplicationServi - Clearing previous game
22:03:25.896 [JavaFX Application Thread] DEBUG GameScene            - Clearing game scene
22:03:25.896 [JavaFX Application Thread] DEBUG GameWorld            - Clearing game world
22:03:25.896 [JavaFX Application Thread] DEBUG PhysicsWorld         - Clearing physics world
22:03:25.897 [FXGL Background Thread 2 ] DEBUG FXGLApplication      - Initializing game
22:03:25.932 [FXGL Background Thread 2 ] DEBUG FXGLAssetLoaderServi - Loading from file system: file:/home/me/projects/ComProg_Project/target/classes/assets/textures/idle_sprite.png
22:03:25.936 [FXGL Background Thread 2 ] DEBUG FXGLAssetLoaderServi - Loading from file system: file:/home/me/projects/ComProg_Project/target/classes/assets/textures/down_sprite.png
22:03:25.939 [FXGL Background Thread 2 ] DEBUG FXGLAssetLoaderServi - Loading from file system: file:/home/me/projects/ComProg_Project/target/classes/assets/textures/up_sprite.png
22:03:25.950 [FXGL Background Thread 2 ] DEBUG FXGLAssetLoaderServi - Loading from file system: file:/home/me/projects/ComProg_Project/target/classes/assets/textures/bullet_HUD_selection.png
22:03:25.955 [FXGL Background Thread 2 ] DEBUG FXGLAssetLoaderServi - Loading from file system: file:/home/me/projects/ComProg_Project/target/classes/assets/music/main_music.wav
22:03:26.041 [FXGL Background Thread 2 ] DEBUG AudioPlayer          - Playing music com.almasb.fxgl.audio.Music@3a525e1b
22:03:26.048 [FXGL Background Thread 2 ] DEBUG FXGLAssetLoaderServi - Loading from file system: file:/home/me/projects/ComProg_Project/target/classes/assets/textures/lives_09.png
22:03:26.052 [FXGL Background Thread 2 ] INFO  FXGLApplication      - Game initialization took: 0.155 sec
22:03:26.054 [JavaFX Application Thread] DEBUG Input                - Clearing active input actions
22:03:26.060 [JavaFX Application Thread] DEBUG GameApplicationServi - Removing overlay from LoadingInterface and adding to GameScene
22:03:26.061 [JavaFX Application Thread] DEBUG PrimaryStageWindow   - LoadingInterface -> GameScene
22:03:26.675 [JavaFX Application Thread] DEBUG FXGLAssetLoaderServi - Loading from file system: file:/home/me/projects/ComProg_Project/target/classes/assets/textures/bullet_sprite.png
22:03:26.755 [JavaFX Application Thread] DEBUG FXGLAssetLoaderServi - Loading from file system: file:/home/me/projects/ComProg_Project/target/classes/assets/textures/enemy_sprite.png
22:03:26.763 [JavaFX Application Thread] DEBUG FXGLAssetLoaderServi - Loading from file system: file:/home/me/projects/ComProg_Project/target/classes/assets/textures/explosion_sprite.png
22:03:27.590 [JavaFX Application Thread] DEBUG FXGLAssetLoaderServi - Loading from file system: file:/home/me/projects/ComProg_Project/target/classes/assets/sounds/death_sound.wav
22:03:29.649 [JavaFX Application Thread] DEBUG FXGLAssetLoaderServi - Loading from file system: file:/home/me/projects/ComProg_Project/target/classes/assets/textures/heart_sprite.png
22:03:29.673 [JavaFX Application Thread] DEBUG FXGLAssetLoaderServi - Loading from file system: file:/home/me/projects/ComProg_Project/target/classes/assets/textures/heart_explode_sprite.png
22:03:31.374 [JavaFX Application Thread] DEBUG FXGLAssetLoaderServi - Loading from file system: file:/home/me/projects/ComProg_Project/target/classes/assets/sounds/heart_gain.wav
22:03:36.054 [JavaFX Application Thread] DEBUG FXGLAssetLoaderServi - Loading from file system: file:/home/me/projects/ComProg_Project/target/classes/assets/textures/boss_idle_sprite.png
22:03:36.075 [JavaFX Application Thread] DEBUG FXGLAssetLoaderServi - Loading from file system: file:/home/me/projects/ComProg_Project/target/classes/assets/textures/boss_charging_sprite.png
22:03:36.119 [JavaFX Application Thread] DEBUG FXGLAssetLoaderServi - Loading from file system: file:/home/me/projects/ComProg_Project/target/classes/assets/textures/boss_recovering_sprite.png
22:03:38.654 [JavaFX Application Thread] DEBUG FXGLAssetLoaderServi - Loading from file system: file:/home/me/projects/ComProg_Project/target/classes/assets/sounds/switch_bullet.wav
22:03:38.664 [JavaFX Application Thread] DEBUG FXGLAssetLoaderServi - Loading from file system: file:/home/me/projects/ComProg_Project/target/classes/assets/textures/ice_HUD_sprite.png
22:03:38.675 [JavaFX Application Thread] DEBUG FXGLAssetLoaderServi - Loading from file system: file:/home/me/projects/ComProg_Project/target/classes/assets/textures/ice_bullet_sprite.png
22:03:39.901 [JavaFX Application Thread] DEBUG FXGLAssetLoaderServi - Loading from file system: file:/home/me/projects/ComProg_Project/target/classes/assets/sounds/fah.wav
22:03:39.903 [JavaFX Application Thread] DEBUG FXGLAssetLoaderServi - Loading from file system: file:/home/me/projects/ComProg_Project/target/classes/assets/textures/lives_08.png
22:03:46.167 [JavaFX Application Thread] DEBUG FXGLAssetLoaderServi - Loading from file system: file:/home/me/projects/ComProg_Project/target/classes/assets/textures/fire_HUD_sprite.png
22:03:46.239 [JavaFX Application Thread] DEBUG FXGLAssetLoaderServi - Loading from file system: file:/home/me/projects/ComProg_Project/target/classes/assets/textures/fire_bullet_sprite.png
22:04:05.317 [JavaFX Application Thread] DEBUG FXGLAssetLoaderServi - Loading from file system: file:/home/me/projects/ComProg_Project/target/classes/assets/textures/lives_07.png
22:04:09.448 [JavaFX Application Thread] DEBUG FXGLAssetLoaderServi - Loading from file system: file:/home/me/projects/ComProg_Project/target/classes/assets/textures/lives_06.png
22:04:24.876 [JavaFX Application Thread] DEBUG PrimaryStageWindow   - Push state: PauseInterface
22:04:24.876 [JavaFX Application Thread] DEBUG Input                - Clearing active input actions
22:04:24.915 [JavaFX Application Thread] DEBUG GameApplicationServi - Removing overlay from GameScene and adding to PauseInterface
22:04:24.916 [JavaFX Application Thread] DEBUG PrimaryStageWindow   - GameScene -> PauseInterface
22:05:04.473 [JavaFX Application Thread] DEBUG PrimaryStageWindow   - Pop state: PauseInterface
22:05:04.473 [JavaFX Application Thread] DEBUG Input                - Clearing active input actions
22:05:04.475 [JavaFX Application Thread] DEBUG GameApplicationServi - Removing overlay from PauseInterface and adding to GameScene
22:05:04.476 [JavaFX Application Thread] DEBUG PrimaryStageWindow   - GameScene <- PauseInterface
22:05:11.665 [JavaFX Application Thread] DEBUG FXGLAssetLoaderServi - Loading from file system: file:/home/me/projects/ComProg_Project/target/classes/assets/textures/laser_sprite.png
22:05:16.139 [JavaFX Application Thread] DEBUG FXGLAssetLoaderServi - Loading from file system: file:/home/me/projects/ComProg_Project/target/classes/assets/textures/lives_05.png
22:05:39.179 [JavaFX Application Thread] DEBUG FXGLAssetLoaderServi - Loading from file system: file:/home/me/projects/ComProg_Project/target/classes/assets/sounds/boss_die.wav
22:05:42.181 [JavaFX Application Thread] DEBUG Input                - Clearing active input actions
22:05:42.195 [JavaFX Application Thread] DEBUG GameApplicationServi - Removing overlay from GameScene and adding to FXGLMainMenuDummyScene
22:05:42.195 [JavaFX Application Thread] DEBUG PrimaryStageWindow   - GameScene -> FXGLMainMenuDummyScene
22:05:42.195 [JavaFX Application Thread] DEBUG PrimaryStageWindow   - Push state: MenuInterface
22:05:42.196 [JavaFX Application Thread] DEBUG Input                - Clearing active input actions
22:05:42.204 [JavaFX Application Thread] DEBUG GameApplicationServi - Removing overlay from FXGLMainMenuDummyScene and adding to MenuInterface
22:05:42.204 [JavaFX Application Thread] DEBUG PrimaryStageWindow   - FXGLMainMenuDummyScene -> MenuInterface
22:05:42.204 [JavaFX Application Thread] DEBUG AudioPlayer          - Stopping music com.almasb.fxgl.audio.Music@3a525e1b
22:06:02.438 [JavaFX Application Thread] DEBUG FXGLApplication      - Exiting FXGL
22:06:02.438 [JavaFX Application Thread] DEBUG LoopRunner           - Stopping loop
22:06:02.439 [JavaFX Application Thread] DEBUG SystemBundleService  - Saving FXGL system data
22:06:02.452 [JavaFX Application Thread] DEBUG FileSystemAccess     - Writing to: /home/me/projects/ComProg_Project/system/fxgl.bundle
22:06:02.457 [JavaFX Application Thread] DEBUG Async                - Shutting down background threads
22:06:02.458 [JavaFX Application Thread] DEBUG PrimaryStageWindow   - Closing main window
22:06:02.464 [JavaFX Application Thread] DEBUG Logger               - Closing Logger
