22:38:28.418 [main                     ] DEBUG Logger               - Configured Logger
22:38:28.425 [main                     ] DEBUG GameApplication      - Logging settings
Title: Untitled
Version: 0.0
Width: 800
Height: 600
Fullscreen: false
Intro: false
Profiling: false
Single step:false
App Mode: DEVELOPER
Menu Key: ESCAPE
Stage Style: DECORATED
Scene Factory: class com.almasb.fxgl.app.scene.SceneFactory

22:38:28.720 [JavaFX Application Thread] DEBUG FXGLApplication      - Initializing FXGL
22:38:28.723 [JavaFX Application Thread] INFO  Engine               - FXGL-25 (05.02.2026 22.57) on WINDOWS (J:25.0.1 FX:21.0.6)
22:38:28.723 [JavaFX Application Thread] DEBUG Engine               - JRE Vendor Name: Oracle Corporation
22:38:28.724 [JavaFX Application Thread] DEBUG Engine               - Running on OS: Windows 11 version 10.0
22:38:28.724 [JavaFX Application Thread] DEBUG Engine               - Architecture: amd64
22:38:28.724 [JavaFX Application Thread] INFO  Engine               - Source code and latest versions at: https://github.com/AlmasB/FXGL
22:38:28.724 [JavaFX Application Thread] INFO  Engine               -       Ask questions and discuss at: https://github.com/AlmasB/FXGL/discussions
22:38:28.797 [JavaFX Application Thread] DEBUG PrimaryStageWindow   - Creating a JavaFX scene
22:38:28.841 [JavaFX Application Thread] DEBUG PrimaryStageWindow   - Target settings size: 800.0 x 600.0
22:38:28.842 [JavaFX Application Thread] DEBUG PrimaryStageWindow   - Scaled scene size:    800.0 x 600.0
22:38:28.842 [JavaFX Application Thread] DEBUG PrimaryStageWindow   - Scaled ratio: (1.0, 1.0)
22:38:28.844 [JavaFX Application Thread] DEBUG PrimaryStageWindow   - Set initial scene to FXGLStartupScene
22:38:28.850 [JavaFX Application Thread] DEBUG PrimaryStageWindow   - Opening main window
22:38:28.925 [JavaFX Application Thread] DEBUG PrimaryStageWindow   - Window border size: (14.66668701171875, 37.33331298828125)
22:38:28.925 [JavaFX Application Thread] DEBUG PrimaryStageWindow   - Scaled size: 800.0 x 600.0
22:38:28.925 [JavaFX Application Thread] DEBUG PrimaryStageWindow   - Scaled ratio: (1.0, 1.0)
22:38:28.925 [JavaFX Application Thread] DEBUG PrimaryStageWindow   - Scene size: 800.0 x 600.0
22:38:28.926 [JavaFX Application Thread] DEBUG PrimaryStageWindow   - Stage size: 814.6666870117188 x 637.3333129882812
22:38:28.932 [FXGL Background Thread 1 ] DEBUG Engine               - Initializing environment variables
22:38:29.000 [FXGL Background Thread 1 ] DEBUG FXGLAssetLoaderServi - User app class for loading assets: class TestPackage.BasicGameSample
22:38:29.000 [FXGL Background Thread 1 ] DEBUG GameApplicationServi - Applying CSS: fxgl_dark.css
22:38:29.001 [FXGL Background Thread 1 ] DEBUG FXGLAssetLoaderServi - Loading from file system: jar:file:///C:/Users/ryles/.m2/repository/com/github/almasb/fxgl/25/fxgl-25.jar!/fxglassets/ui/css/fxgl_dark.css
22:38:29.054 [FXGL Background Thread 1 ] DEBUG GameApplicationServi - Initializing application scenes
22:38:29.091 [FXGL Background Thread 1 ] DEBUG GameWorld            - Game world initialized
22:38:29.148 [FXGL Background Thread 1 ] DEBUG PhysicsWorld         - Physics world initialized: appHeight=600, physics.ppm=50.0
22:38:29.148 [FXGL Background Thread 1 ] DEBUG PhysicsWorld         - Using strategy: BRUTE_FORCE
22:38:29.153 [FXGL Background Thread 1 ] DEBUG GameScene            - Game scene initialized: 800x600
22:38:29.168 [FXGL Background Thread 1 ] DEBUG FXGL.DefaultMenu     - createMenuBodyGameMenu()
22:38:29.182 [FXGL Background Thread 1 ] DEBUG FXGL.DefaultMenu     - createOptionsMenu()
22:38:29.193 [FXGL Background Thread 1 ] DEBUG FXGLAssetLoaderServi - Loading from file system: jar:file:///C:/Users/ryles/.m2/repository/com/github/almasb/fxgl/25/fxgl-25.jar!/fxglassets/textures/particles/smoke.png
22:38:29.279 [FXGL Background Thread 1 ] DEBUG FXGLAssetLoaderServi - Loading from file system: jar:file:///C:/Users/ryles/.m2/repository/com/github/almasb/fxgl/25/fxgl-25.jar!/fxglassets/textures/particles/trace_horizontal.png
22:38:29.302 [FXGL Background Thread 1 ] DEBUG GameApplicationServi - Application scenes initialized
22:38:29.313 [FXGL Background Thread 1 ] DEBUG SystemBundleService  - Loading FXGL system data
22:38:29.317 [FXGL Background Thread 1 ] DEBUG FileSystemAccess     - Reading from: C:\Users\ryles\Downloads\ComProg_Project\system\fxgl.bundle
22:38:29.323 [FXGL Background Thread 1 ] DEBUG SystemBundleService  - Bundle FXGL: {}
22:38:29.323 [FXGL Background Thread 1 ] DEBUG UpdaterService       - Checking for updates
22:38:29.327 [FXGL Background Thread 4 ] DEBUG FXGLApplication      - Loading fonts
22:38:29.327 [FXGL Background Thread 1 ] DEBUG FXGLApplication      - Loading default localization
22:38:29.327 [FXGL Background Thread 4 ] DEBUG FXGLAssetLoaderServi - Loading from file system: jar:file:///C:/Users/ryles/.m2/repository/com/github/almasb/fxgl/25/fxgl-25.jar!/fxglassets/ui/fonts/VarelaRound-Regular.ttf
22:38:29.327 [FXGL Background Thread 1 ] DEBUG FXGLAssetLoaderServi - Loading from file system: jar:file:///C:/Users/ryles/.m2/repository/com/github/almasb/fxgl/25/fxgl-25.jar!/fxglassets/languages/english.lang
22:38:29.342 [FXGL Background Thread 1 ] INFO  FXGLApplication      - FXGL initialization took: 0.410 sec
22:38:29.343 [JavaFX Application Thread] DEBUG FXGLAssetLoaderServi - Loading from file system: jar:file:///C:/Users/ryles/.m2/repository/com/github/almasb/fxgl/25/fxgl-25.jar!/fxglassets/textures/fxgl_icon.png
22:38:29.362 [JavaFX Application Thread] DEBUG FXGLAssetLoaderServi - Loading from file system: jar:file:///C:/Users/ryles/.m2/repository/com/github/almasb/fxgl/25/fxgl-25.jar!/fxglassets/textures/fxgl_default_cursor.png
22:38:29.366 [FXGL Background Thread 4 ] DEBUG FXGLAssetLoaderServi - Loading from file system: jar:file:///C:/Users/ryles/.m2/repository/com/github/almasb/fxgl/25/fxgl-25.jar!/fxglassets/ui/fonts/Abel-Regular.ttf
22:38:29.372 [JavaFX Application Thread] DEBUG Input                - Registered new binding: Screenshot - CTRL+8
22:38:29.373 [JavaFX Application Thread] DEBUG Input                - Registered new binding: System info dump - CTRL+9
22:38:29.373 [JavaFX Application Thread] DEBUG Input                - Registered new binding: Restart - CTRL+R
22:38:29.374 [FXGL Background Thread 4 ] DEBUG FXGLAssetLoaderServi - Loading from file system: jar:file:///C:/Users/ryles/.m2/repository/com/github/almasb/fxgl/25/fxgl-25.jar!/fxglassets/ui/fonts/TerminalLandMono-Regular.otf
22:38:29.374 [JavaFX Application Thread] DEBUG Input                - Registered new binding: Toggle Debug Camera - CTRL+7
22:38:29.377 [JavaFX Application Thread] DEBUG LoopRunner           - Starting loop
22:38:29.377 [JavaFX Application Thread] DEBUG LoopRunner           - Initializing JavaFX AnimationTimerLoop
22:38:29.378 [JavaFX Application Thread] DEBUG GameApplicationServi - Starting new game
22:38:29.379 [FXGL Background Thread 4 ] DEBUG FXGLAssetLoaderServi - Loading from file system: jar:file:///C:/Users/ryles/.m2/repository/com/github/almasb/fxgl/25/fxgl-25.jar!/fxglassets/ui/fonts/Courier-Prime.ttf
22:38:29.379 [JavaFX Application Thread] DEBUG Input                - Clearing active input actions
22:38:29.392 [JavaFX Application Thread] DEBUG GameApplicationServi - Removing overlay from FXGLStartupScene and adding to FXGLLoadingScene
22:38:29.392 [JavaFX Application Thread] DEBUG PrimaryStageWindow   - FXGLStartupScene -> FXGLLoadingScene
22:38:29.392 [JavaFX Application Thread] DEBUG GameApplicationServi - Clearing previous game
22:38:29.393 [JavaFX Application Thread] DEBUG GameScene            - Clearing game scene
22:38:29.393 [JavaFX Application Thread] DEBUG GameWorld            - Clearing game world
22:38:29.393 [JavaFX Application Thread] DEBUG PhysicsWorld         - Clearing physics world
22:38:29.395 [FXGL Background Thread 4 ] DEBUG FXGLApplication      - Initializing game
22:38:29.427 [FXGL Background Thread 4 ] DEBUG FXGLAssetLoaderServi - Loading from file system: file:/C:/Users/ryles/Downloads/ComProg_Project/target/classes/assets/textures/idle_sprite.png
22:38:29.436 [JavaFX Application Thread] DEBUG FXGLApplication      - Registering font factories with UI factory
22:38:29.443 [FXGL Background Thread 4 ] INFO  FXGLApplication      - Game initialization took: 0.048 sec
22:38:29.446 [JavaFX Application Thread] DEBUG Input                - Clearing active input actions
22:38:29.454 [JavaFX Application Thread] DEBUG GameApplicationServi - Removing overlay from FXGLLoadingScene and adding to GameScene
22:38:29.454 [JavaFX Application Thread] DEBUG PrimaryStageWindow   - FXGLLoadingScene -> GameScene
22:38:31.881 [JavaFX Application Thread] DEBUG FXGLApplication      - Exiting FXGL
22:38:31.882 [JavaFX Application Thread] DEBUG LoopRunner           - Stopping loop
22:38:31.882 [JavaFX Application Thread] DEBUG SystemBundleService  - Saving FXGL system data
22:38:31.883 [JavaFX Application Thread] DEBUG FileSystemAccess     - Writing to: C:\Users\ryles\Downloads\ComProg_Project\system\fxgl.bundle
22:38:31.886 [JavaFX Application Thread] DEBUG Async                - Shutting down background threads
22:38:31.886 [JavaFX Application Thread] DEBUG PrimaryStageWindow   - Closing main window
22:38:31.904 [JavaFX Application Thread] DEBUG Logger               - Closing Logger
