23:17:18.391 [main                     ] DEBUG Logger               - Configured Logger
23:17:18.400 [main                     ] DEBUG GameApplication      - Logging settings
Title: Untitled
Version: 0.0
Width: 1280
Height: 720
Fullscreen: false
Intro: false
Profiling: false
Single step:false
App Mode: DEVELOPER
Menu Key: ESCAPE
Stage Style: DECORATED
Scene Factory: class org.group1.GamePackage.Factory.MainSceneFactory

23:17:18.818 [JavaFX Application Thread] DEBUG FXGLApplication      - Initializing FXGL
23:17:18.823 [JavaFX Application Thread] INFO  Engine               - FXGL-25 (05.02.2026 22.57) on WINDOWS (J:25.0.1 FX:21.0.6)
23:17:18.824 [JavaFX Application Thread] DEBUG Engine               - JRE Vendor Name: Oracle Corporation
23:17:18.824 [JavaFX Application Thread] DEBUG Engine               - Running on OS: Windows 11 version 10.0
23:17:18.824 [JavaFX Application Thread] DEBUG Engine               - Architecture: amd64
23:17:18.824 [JavaFX Application Thread] INFO  Engine               - Source code and latest versions at: https://github.com/AlmasB/FXGL
23:17:18.825 [JavaFX Application Thread] INFO  Engine               -       Ask questions and discuss at: https://github.com/AlmasB/FXGL/discussions
23:17:18.934 [JavaFX Application Thread] DEBUG PrimaryStageWindow   - Creating a JavaFX scene
23:17:18.934 [JavaFX Application Thread] DEBUG PrimaryStageWindow   - Target size > screen size
23:17:18.991 [JavaFX Application Thread] DEBUG PrimaryStageWindow   - Target settings size: 1280.0 x 720.0
23:17:18.992 [JavaFX Application Thread] DEBUG PrimaryStageWindow   - Scaled scene size:    1169.0 x 671.0
23:17:18.992 [JavaFX Application Thread] DEBUG PrimaryStageWindow   - Scaled ratio: (0.91328125, 0.9319444444444445)
23:17:18.993 [JavaFX Application Thread] DEBUG PrimaryStageWindow   - Set initial scene to FXGLStartupScene
23:17:18.998 [JavaFX Application Thread] DEBUG PrimaryStageWindow   - Opening main window
23:17:19.118 [JavaFX Application Thread] DEBUG PrimaryStageWindow   - Window border size: (15.0, 37.66668701171875)
23:17:19.119 [JavaFX Application Thread] DEBUG PrimaryStageWindow   - Scaled size: 1169.0 x 671.0
23:17:19.119 [JavaFX Application Thread] DEBUG PrimaryStageWindow   - Scaled ratio: (0.91328125, 0.9319444444444445)
23:17:19.119 [JavaFX Application Thread] DEBUG PrimaryStageWindow   - Scene size: 1169.0 x 671.0
23:17:19.119 [JavaFX Application Thread] DEBUG PrimaryStageWindow   - Stage size: 1184.0 x 708.6666870117188
23:17:19.133 [FXGL Background Thread 1 ] DEBUG Engine               - Initializing environment variables
23:17:19.234 [FXGL Background Thread 1 ] DEBUG FXGLAssetLoaderServi - User app class for loading assets: class org.group1.GamePackage.Application
23:17:19.235 [FXGL Background Thread 1 ] DEBUG GameApplicationServi - Applying CSS: fxgl_dark.css
23:17:19.236 [FXGL Background Thread 1 ] DEBUG FXGLAssetLoaderServi - Loading from file system: jar:file:///C:/Users/ryles/.m2/repository/com/github/almasb/fxgl/25/fxgl-25.jar!/fxglassets/ui/css/fxgl_dark.css
23:17:19.311 [FXGL Background Thread 1 ] DEBUG GameApplicationServi - Initializing application scenes
23:17:19.413 [FXGL Background Thread 1 ] DEBUG GameWorld            - Game world initialized
23:17:19.484 [FXGL Background Thread 1 ] DEBUG PhysicsWorld         - Physics world initialized: appHeight=720, physics.ppm=50.0
23:17:19.484 [FXGL Background Thread 1 ] DEBUG PhysicsWorld         - Using strategy: BRUTE_FORCE
23:17:19.493 [FXGL Background Thread 1 ] DEBUG GameScene            - Game scene initialized: 1280x720
23:17:19.512 [FXGL Background Thread 1 ] DEBUG FXGL.DefaultMenu     - createMenuBodyGameMenu()
23:17:19.527 [FXGL Background Thread 1 ] DEBUG FXGL.DefaultMenu     - createOptionsMenu()
23:17:19.546 [FXGL Background Thread 1 ] DEBUG FXGLAssetLoaderServi - Loading from file system: jar:file:///C:/Users/ryles/.m2/repository/com/github/almasb/fxgl/25/fxgl-25.jar!/fxglassets/textures/particles/smoke.png
23:17:19.673 [FXGL Background Thread 1 ] DEBUG FXGLAssetLoaderServi - Loading from file system: jar:file:///C:/Users/ryles/.m2/repository/com/github/almasb/fxgl/25/fxgl-25.jar!/fxglassets/textures/particles/trace_horizontal.png
23:17:19.711 [FXGL Background Thread 1 ] DEBUG GameApplicationServi - Application scenes initialized
23:17:19.723 [FXGL Background Thread 1 ] DEBUG SystemBundleService  - Loading FXGL system data
23:17:19.728 [FXGL Background Thread 1 ] DEBUG FileSystemAccess     - Reading from: C:\Users\ryles\Downloads\ComProg_Project\system\fxgl.bundle
23:17:19.736 [FXGL Background Thread 1 ] DEBUG SystemBundleService  - Bundle FXGL: {}
23:17:19.736 [FXGL Background Thread 1 ] DEBUG UpdaterService       - Checking for updates
23:17:19.741 [FXGL Background Thread 4 ] DEBUG FXGLApplication      - Loading fonts
23:17:19.742 [FXGL Background Thread 1 ] DEBUG FXGLApplication      - Loading default localization
23:17:19.742 [FXGL Background Thread 4 ] DEBUG FXGLAssetLoaderServi - Loading from file system: jar:file:///C:/Users/ryles/.m2/repository/com/github/almasb/fxgl/25/fxgl-25.jar!/fxglassets/ui/fonts/VarelaRound-Regular.ttf
23:17:19.742 [FXGL Background Thread 1 ] DEBUG FXGLAssetLoaderServi - Loading from file system: jar:file:///C:/Users/ryles/.m2/repository/com/github/almasb/fxgl/25/fxgl-25.jar!/fxglassets/languages/english.lang
23:17:19.764 [FXGL Background Thread 1 ] INFO  FXGLApplication      - FXGL initialization took: 0.631 sec
23:17:19.789 [FXGL Background Thread 4 ] DEBUG FXGLAssetLoaderServi - Loading from file system: jar:file:///C:/Users/ryles/.m2/repository/com/github/almasb/fxgl/25/fxgl-25.jar!/fxglassets/ui/fonts/Abel-Regular.ttf
23:17:19.794 [FXGL Background Thread 4 ] DEBUG FXGLAssetLoaderServi - Loading from file system: jar:file:///C:/Users/ryles/.m2/repository/com/github/almasb/fxgl/25/fxgl-25.jar!/fxglassets/ui/fonts/TerminalLandMono-Regular.otf
23:17:19.801 [FXGL Background Thread 4 ] DEBUG FXGLAssetLoaderServi - Loading from file system: jar:file:///C:/Users/ryles/.m2/repository/com/github/almasb/fxgl/25/fxgl-25.jar!/fxglassets/ui/fonts/Courier-Prime.ttf
23:17:19.813 [JavaFX Application Thread] DEBUG Input                - Registered new binding: Move left - A
23:17:19.814 [JavaFX Application Thread] DEBUG Input                - Registered new binding: Move right - D
23:17:19.814 [JavaFX Application Thread] DEBUG Input                - Registered new binding: Move down - S
23:17:19.814 [JavaFX Application Thread] DEBUG Input                - Registered new binding: Move up - W
23:17:19.814 [JavaFX Application Thread] DEBUG Input                - Registered new binding: Shoot - Space
23:17:19.814 [JavaFX Application Thread] DEBUG FXGLAssetLoaderServi - Loading from file system: jar:file:///C:/Users/ryles/.m2/repository/com/github/almasb/fxgl/25/fxgl-25.jar!/fxglassets/textures/fxgl_icon.png
23:17:19.838 [JavaFX Application Thread] DEBUG FXGLAssetLoaderServi - Loading from file system: jar:file:///C:/Users/ryles/.m2/repository/com/github/almasb/fxgl/25/fxgl-25.jar!/fxglassets/textures/fxgl_default_cursor.png
23:17:19.841 [JavaFX Application Thread] DEBUG Input                - Registered new binding: Screenshot - CTRL+8
23:17:19.842 [JavaFX Application Thread] DEBUG Input                - Registered new binding: System info dump - CTRL+9
23:17:19.842 [JavaFX Application Thread] DEBUG Input                - Registered new binding: Restart - CTRL+R
23:17:19.843 [JavaFX Application Thread] DEBUG Input                - Registered new binding: Toggle Debug Camera - CTRL+7
23:17:19.846 [JavaFX Application Thread] DEBUG LoopRunner           - Starting loop
23:17:19.847 [JavaFX Application Thread] DEBUG LoopRunner           - Initializing JavaFX AnimationTimerLoop
23:17:19.849 [JavaFX Application Thread] DEBUG Input                - Clearing active input actions
23:17:19.859 [JavaFX Application Thread] DEBUG GameApplicationServi - Removing overlay from FXGLStartupScene and adding to FXGLMainMenuDummyScene
23:17:19.860 [JavaFX Application Thread] DEBUG PrimaryStageWindow   - FXGLStartupScene -> FXGLMainMenuDummyScene
23:17:19.860 [JavaFX Application Thread] DEBUG PrimaryStageWindow   - Push state: MenuInterface
23:17:19.861 [JavaFX Application Thread] DEBUG Input                - Clearing active input actions
23:17:19.866 [JavaFX Application Thread] DEBUG GameApplicationServi - Removing overlay from FXGLMainMenuDummyScene and adding to MenuInterface
23:17:19.867 [JavaFX Application Thread] DEBUG PrimaryStageWindow   - FXGLMainMenuDummyScene -> MenuInterface
23:17:19.937 [JavaFX Application Thread] DEBUG FXGLApplication      - Registering font factories with UI factory
23:17:22.185 [JavaFX Application Thread] DEBUG Menu                 - fireNewGame()
23:17:22.185 [JavaFX Application Thread] DEBUG GameApplicationServi - Starting new game
23:17:22.185 [JavaFX Application Thread] DEBUG PrimaryStageWindow   - Pop state: MenuInterface
23:17:22.185 [JavaFX Application Thread] DEBUG Input                - Clearing active input actions
23:17:22.186 [JavaFX Application Thread] DEBUG GameApplicationServi - Removing overlay from MenuInterface and adding to FXGLMainMenuDummyScene
23:17:22.186 [JavaFX Application Thread] DEBUG PrimaryStageWindow   - FXGLMainMenuDummyScene <- MenuInterface
23:17:22.186 [JavaFX Application Thread] DEBUG Input                - Clearing active input actions
23:17:22.195 [JavaFX Application Thread] DEBUG GameApplicationServi - Removing overlay from FXGLMainMenuDummyScene and adding to LoadingInterface
23:17:22.195 [JavaFX Application Thread] DEBUG PrimaryStageWindow   - FXGLMainMenuDummyScene -> LoadingInterface
23:17:22.195 [JavaFX Application Thread] DEBUG GameApplicationServi - Clearing previous game
23:17:22.195 [JavaFX Application Thread] DEBUG GameScene            - Clearing game scene
23:17:22.195 [JavaFX Application Thread] DEBUG GameWorld            - Clearing game world
23:17:22.196 [JavaFX Application Thread] DEBUG PhysicsWorld         - Clearing physics world
23:17:22.197 [FXGL Background Thread 2 ] DEBUG FXGLApplication      - Initializing game
23:17:22.208 [FXGL Background Thread 2 ] DEBUG FXGLAssetLoaderServi - Loading from file system: file:/C:/Users/ryles/Downloads/ComProg_Project/target/classes/assets/textures/background.png
23:17:22.321 [FXGL Background Thread 2 ] DEBUG FXGLAssetLoaderServi - Loading from file system: file:/C:/Users/ryles/Downloads/ComProg_Project/target/classes/assets/textures/background_stars1.png
23:17:22.455 [FXGL Background Thread 2 ] DEBUG FXGLAssetLoaderServi - Loading from file system: file:/C:/Users/ryles/Downloads/ComProg_Project/target/classes/assets/textures/background_stars2.png
23:17:22.490 [FXGL Background Thread 2 ] DEBUG FXGLAssetLoaderServi - Loading from file system: file:/C:/Users/ryles/Downloads/ComProg_Project/target/classes/assets/textures/background_stars3.png
23:17:22.523 [FXGL Background Thread 2 ] DEBUG FXGLAssetLoaderServi - Loading from file system: file:/C:/Users/ryles/Downloads/ComProg_Project/target/classes/assets/textures/background_cloud1.png
23:17:22.534 [FXGL Background Thread 2 ] DEBUG FXGLAssetLoaderServi - Loading from file system: file:/C:/Users/ryles/Downloads/ComProg_Project/target/classes/assets/textures/background_cloud2.png
23:17:22.548 [FXGL Background Thread 2 ] DEBUG FXGLAssetLoaderServi - Loading from file system: file:/C:/Users/ryles/Downloads/ComProg_Project/target/classes/assets/textures/background_mist1.png
23:17:22.560 [FXGL Background Thread 2 ] DEBUG FXGLAssetLoaderServi - Loading from file system: file:/C:/Users/ryles/Downloads/ComProg_Project/target/classes/assets/textures/background_hills.png
23:17:22.583 [FXGL Background Thread 2 ] DEBUG FXGLAssetLoaderServi - Loading from file system: file:/C:/Users/ryles/Downloads/ComProg_Project/target/classes/assets/textures/background_forest.png
23:17:22.596 [FXGL Background Thread 2 ] DEBUG FXGLAssetLoaderServi - Loading from file system: file:/C:/Users/ryles/Downloads/ComProg_Project/target/classes/assets/textures/background_large_forest.png
23:17:22.633 [FXGL Background Thread 2 ] DEBUG FXGLAssetLoaderServi - Loading from file system: file:/C:/Users/ryles/Downloads/ComProg_Project/target/classes/assets/textures/idle_sprite.png
23:17:22.638 [FXGL Background Thread 2 ] DEBUG FXGLAssetLoaderServi - Loading from file system: file:/C:/Users/ryles/Downloads/ComProg_Project/target/classes/assets/textures/down_sprite.png
23:17:22.641 [FXGL Background Thread 2 ] DEBUG FXGLAssetLoaderServi - Loading from file system: file:/C:/Users/ryles/Downloads/ComProg_Project/target/classes/assets/textures/up_sprite.png
23:17:22.652 [FXGL Background Thread 2 ] DEBUG FXGLAssetLoaderServi - Loading from file system: file:/C:/Users/ryles/Downloads/ComProg_Project/target/classes/assets/music/main_music.wav
23:17:22.740 [FXGL Background Thread 3 ] DEBUG Engine               - Logging environment variables
23:17:22.740 [FXGL Background Thread 3 ] DEBUG Engine               - achievements: []
23:17:22.741 [FXGL Background Thread 3 ] DEBUG Engine               - actualHeight: 671.0
23:17:22.741 [FXGL Background Thread 3 ] DEBUG Engine               - actualHeightProperty: ReadOnlyDoubleProperty [value: 671.0]
23:17:22.741 [FXGL Background Thread 3 ] DEBUG Engine               - actualWidth: 1169.0
23:17:22.741 [FXGL Background Thread 3 ] DEBUG Engine               - actualWidthProperty: ReadOnlyDoubleProperty [value: 1169.0]
23:17:22.741 [FXGL Background Thread 3 ] DEBUG Engine               - appIcon: fxgl_icon.png
23:17:22.741 [FXGL Background Thread 3 ] DEBUG Engine               - applicationMode: DEVELOPER
23:17:22.741 [FXGL Background Thread 3 ] DEBUG Engine               - cSSList: [fxgl_dark.css]
23:17:22.741 [FXGL Background Thread 3 ] DEBUG Engine               - collisionDetectionStrategy: BRUTE_FORCE
23:17:22.741 [FXGL Background Thread 3 ] DEBUG Engine               - configClass: Optional.empty
23:17:22.742 [FXGL Background Thread 3 ] DEBUG Engine               - credits: []
23:17:22.742 [FXGL Background Thread 3 ] DEBUG Engine               - defaultCursor: CursorInfo(imageName=fxgl_default_cursor.png, hotspotX=7.0, hotspotY=6.0)
23:17:22.742 [FXGL Background Thread 3 ] DEBUG Engine               - devBBoxColorProperty: ObjectProperty [value: 0xff0000ff]
23:17:22.743 [FXGL Background Thread 3 ] DEBUG Engine               - devEnableDebugCameraProperty: BooleanProperty [value: false]
23:17:22.743 [FXGL Background Thread 3 ] DEBUG Engine               - devSensorColorProperty: ObjectProperty [value: 0xffff00ff]
23:17:22.743 [FXGL Background Thread 3 ] DEBUG Engine               - devShowBBoxProperty: BooleanProperty [value: false]
23:17:22.743 [FXGL Background Thread 3 ] DEBUG Engine               - devShowPositionProperty: BooleanProperty [value: false]
23:17:22.743 [FXGL Background Thread 3 ] DEBUG Engine               - enabledMenuItems: []
23:17:22.743 [FXGL Background Thread 3 ] DEBUG Engine               - engineServices: [class com.almasb.fxgl.app.services.FXGLAssetLoaderService, class com.almasb.fxgl.app.FXGLApplication$GameApplicationService, class com.almasb.fxgl.app.services.FXGLDialogService, class com.almasb.fxgl.app.services.IOTaskExecutorService, class com.almasb.fxgl.io.FileSystemService, class com.almasb.fxgl.localization.LocalizationService, class com.almasb.fxgl.app.services.SystemBundleService, class com.almasb.fxgl.profile.SaveLoadService, class com.almasb.fxgl.ui.FXGLUIFactoryServiceProvider, class com.almasb.fxgl.ui.FXGLDialogFactoryServiceProvider, class com.almasb.fxgl.audio.AudioPlayer, class com.almasb.fxgl.notification.impl.NotificationServiceProvider, class com.almasb.fxgl.achievement.AchievementService, class com.almasb.fxgl.cutscene.CutsceneService, class com.almasb.fxgl.minigames.MiniGameService, class com.almasb.fxgl.net.NetService, class com.almasb.fxgl.app.services.UpdaterService, class com.almasb.fxgl.dev.DevService]
23:17:22.743 [FXGL Background Thread 3 ] DEBUG Engine               - fontGame: Abel-Regular.ttf
23:17:22.743 [FXGL Background Thread 3 ] DEBUG Engine               - fontMono: TerminalLandMono-Regular.otf
23:17:22.743 [FXGL Background Thread 3 ] DEBUG Engine               - fontSizeScaleUI: 1.0
23:17:22.743 [FXGL Background Thread 3 ] DEBUG Engine               - fontText: Courier-Prime.ttf
23:17:22.743 [FXGL Background Thread 3 ] DEBUG Engine               - fontUI: VarelaRound-Regular.ttf
23:17:22.743 [FXGL Background Thread 3 ] DEBUG Engine               - fpsRefreshRate: 500.0 ms
23:17:22.744 [FXGL Background Thread 3 ] DEBUG Engine               - fullScreen: BooleanProperty [value: false]
23:17:22.744 [FXGL Background Thread 3 ] DEBUG Engine               - gameDifficulty: MEDIUM
23:17:22.744 [FXGL Background Thread 3 ] DEBUG Engine               - gameDifficultyProperty: ObjectProperty [value: MEDIUM]
23:17:22.744 [FXGL Background Thread 3 ] DEBUG Engine               - globalMusicVolume: 0.5
23:17:22.744 [FXGL Background Thread 3 ] DEBUG Engine               - globalMusicVolumeProperty: DoubleProperty [value: 0.5]
23:17:22.744 [FXGL Background Thread 3 ] DEBUG Engine               - globalSoundVolume: 0.5
23:17:22.744 [FXGL Background Thread 3 ] DEBUG Engine               - globalSoundVolumeProperty: DoubleProperty [value: 0.5]
23:17:22.744 [FXGL Background Thread 3 ] DEBUG Engine               - height: 720
23:17:22.744 [FXGL Background Thread 3 ] DEBUG Engine               - is3D: false
23:17:22.744 [FXGL Background Thread 3 ] DEBUG Engine               - isAndroid: false
23:17:22.744 [FXGL Background Thread 3 ] DEBUG Engine               - isBrowser: false
23:17:22.744 [FXGL Background Thread 3 ] DEBUG Engine               - isClickFeedbackEnabled: false
23:17:22.744 [FXGL Background Thread 3 ] DEBUG Engine               - isCloseConfirmation: false
23:17:22.745 [FXGL Background Thread 3 ] DEBUG Engine               - isDesktop: true
23:17:22.745 [FXGL Background Thread 3 ] DEBUG Engine               - isDeveloperMenuEnabled: false
23:17:22.745 [FXGL Background Thread 3 ] DEBUG Engine               - isEmbedded: false
23:17:22.745 [FXGL Background Thread 3 ] DEBUG Engine               - isEntityPreloadEnabled: true
23:17:22.745 [FXGL Background Thread 3 ] DEBUG Engine               - isExperimentalTiledLargeMap: false
23:17:22.745 [FXGL Background Thread 3 ] DEBUG Engine               - isFileSystemWriteAllowed: true
23:17:22.745 [FXGL Background Thread 3 ] DEBUG Engine               - isFullScreenAllowed: false
23:17:22.745 [FXGL Background Thread 3 ] DEBUG Engine               - isFullScreenFromStart: false
23:17:22.745 [FXGL Background Thread 3 ] DEBUG Engine               - isGameMenuEnabled: true
23:17:22.745 [FXGL Background Thread 3 ] DEBUG Engine               - isIOS: false
23:17:22.745 [FXGL Background Thread 3 ] DEBUG Engine               - isIntroEnabled: false
23:17:22.745 [FXGL Background Thread 3 ] DEBUG Engine               - isLinux: false
23:17:22.745 [FXGL Background Thread 3 ] DEBUG Engine               - isMac: false
23:17:22.745 [FXGL Background Thread 3 ] DEBUG Engine               - isMainMenuEnabled: true
23:17:22.745 [FXGL Background Thread 3 ] DEBUG Engine               - isManualResizeEnabled: false
23:17:22.745 [FXGL Background Thread 3 ] DEBUG Engine               - isMobile: false
23:17:22.745 [FXGL Background Thread 3 ] DEBUG Engine               - isNative: false
23:17:22.745 [FXGL Background Thread 3 ] DEBUG Engine               - isPauseMusicWhenMinimized: true
23:17:22.745 [FXGL Background Thread 3 ] DEBUG Engine               - isPreserveResizeRatio: false
23:17:22.746 [FXGL Background Thread 3 ] DEBUG Engine               - isProfilingEnabled: false
23:17:22.746 [FXGL Background Thread 3 ] DEBUG Engine               - isScaleAffectedOnResize: true
23:17:22.746 [FXGL Background Thread 3 ] DEBUG Engine               - isSingleStep: false
23:17:22.746 [FXGL Background Thread 3 ] DEBUG Engine               - isUserProfileEnabled: false
23:17:22.746 [FXGL Background Thread 3 ] DEBUG Engine               - isWindows: true
23:17:22.746 [FXGL Background Thread 3 ] DEBUG Engine               - language: ObjectProperty [value: ENGLISH]
23:17:22.746 [FXGL Background Thread 3 ] DEBUG Engine               - menuKey: ESCAPE
23:17:22.746 [FXGL Background Thread 3 ] DEBUG Engine               - mouseSensitivity: 0.2
23:17:22.746 [FXGL Background Thread 3 ] DEBUG Engine               - notificationViewClass: class com.almasb.fxgl.notification.view.XboxNotificationView
23:17:22.746 [FXGL Background Thread 3 ] DEBUG Engine               - pixelsPerMeter: 50.0
23:17:22.747 [FXGL Background Thread 3 ] DEBUG Engine               - platform: WINDOWS
23:17:22.747 [FXGL Background Thread 3 ] DEBUG Engine               - prefHeightProperty: ReadOnlyDoubleProperty [value: 720.0]
23:17:22.747 [FXGL Background Thread 3 ] DEBUG Engine               - prefWidthProperty: ReadOnlyDoubleProperty [value: 1280.0]
23:17:22.747 [FXGL Background Thread 3 ] DEBUG Engine               - profileDir: profiles/
23:17:22.747 [FXGL Background Thread 3 ] DEBUG Engine               - profileName: StringProperty [value: DEFAULT]
23:17:22.747 [FXGL Background Thread 3 ] DEBUG Engine               - randomSeed: -1
23:17:22.747 [FXGL Background Thread 3 ] DEBUG Engine               - runtimeInfo: RuntimeInfo(platform=WINDOWS, version=25, build=05.02.2026 22.57)
23:17:22.748 [FXGL Background Thread 3 ] DEBUG Engine               - saveFileExt: sav
23:17:22.748 [FXGL Background Thread 3 ] DEBUG Engine               - scaledHeightProp$fxgl: DoubleProperty [bound, value: 671.0]
23:17:22.748 [FXGL Background Thread 3 ] DEBUG Engine               - scaledWidthProp$fxgl: DoubleProperty [bound, value: 1169.0]
23:17:22.748 [FXGL Background Thread 3 ] DEBUG Engine               - sceneFactory: org.group1.GamePackage.Factory.MainSceneFactory@7e927f81
23:17:22.748 [FXGL Background Thread 3 ] DEBUG Engine               - secondsIn24h: 60
23:17:22.748 [FXGL Background Thread 3 ] DEBUG Engine               - soundMenuBack: menu/back.wav
23:17:22.748 [FXGL Background Thread 3 ] DEBUG Engine               - soundMenuPress: menu/press.wav
23:17:22.748 [FXGL Background Thread 3 ] DEBUG Engine               - soundMenuSelect: menu/select.wav
23:17:22.749 [FXGL Background Thread 3 ] DEBUG Engine               - soundNotification: core/notification.wav
23:17:22.749 [FXGL Background Thread 3 ] DEBUG Engine               - stageStyle: DECORATED
23:17:22.749 [FXGL Background Thread 3 ] DEBUG Engine               - supportedLanguages: [ENGLISH, FRENCH, GERMAN, HUNGARIAN, RUSSIAN]
23:17:22.749 [FXGL Background Thread 3 ] DEBUG Engine               - ticksPerSecond: -1
23:17:22.749 [FXGL Background Thread 3 ] DEBUG Engine               - title: Untitled
23:17:22.749 [FXGL Background Thread 3 ] DEBUG Engine               - urlGithub: https://github.com/AlmasB/FXGL
23:17:22.749 [FXGL Background Thread 3 ] DEBUG Engine               - urlLeaderboard: http://fxgl-top.herokuapp.com/
23:17:22.749 [FXGL Background Thread 3 ] DEBUG Engine               - urlPOM: https://raw.githubusercontent.com/AlmasB/FXGL/release/README.md
23:17:22.749 [FXGL Background Thread 3 ] DEBUG Engine               - userAppClass: class org.group1.GamePackage.Application
23:17:22.749 [FXGL Background Thread 3 ] DEBUG Engine               - version: 0.0
23:17:22.749 [FXGL Background Thread 3 ] DEBUG Engine               - versionCheckDays: 7
23:17:22.749 [FXGL Background Thread 3 ] DEBUG Engine               - width: 1280
23:17:22.749 [FXGL Background Thread 3 ] DEBUG Engine               - Logging services
23:17:22.749 [FXGL Background Thread 3 ] DEBUG Engine               - class com.almasb.fxgl.app.services.FXGLAssetLoaderService
23:17:22.749 [FXGL Background Thread 3 ] DEBUG Engine               - class com.almasb.fxgl.app.FXGLApplication$GameApplicationService
23:17:22.749 [FXGL Background Thread 3 ] DEBUG Engine               - class com.almasb.fxgl.app.services.FXGLDialogService
23:17:22.749 [FXGL Background Thread 3 ] DEBUG Engine               - class com.almasb.fxgl.app.services.IOTaskExecutorService
23:17:22.749 [FXGL Background Thread 3 ] DEBUG Engine               - class com.almasb.fxgl.io.FileSystemService
23:17:22.749 [FXGL Background Thread 3 ] DEBUG Engine               - class com.almasb.fxgl.localization.LocalizationService
23:17:22.749 [FXGL Background Thread 3 ] DEBUG Engine               - class com.almasb.fxgl.app.services.SystemBundleService
23:17:22.749 [FXGL Background Thread 3 ] DEBUG Engine               - class com.almasb.fxgl.profile.SaveLoadService
23:17:22.749 [FXGL Background Thread 3 ] DEBUG Engine               - class com.almasb.fxgl.ui.FXGLUIFactoryServiceProvider
23:17:22.749 [FXGL Background Thread 3 ] DEBUG Engine               - class com.almasb.fxgl.ui.FXGLDialogFactoryServiceProvider
23:17:22.749 [FXGL Background Thread 3 ] DEBUG Engine               - class com.almasb.fxgl.audio.AudioPlayer
23:17:22.750 [FXGL Background Thread 3 ] DEBUG Engine               - class com.almasb.fxgl.notification.impl.NotificationServiceProvider
23:17:22.750 [FXGL Background Thread 3 ] DEBUG Engine               - class com.almasb.fxgl.achievement.AchievementService
23:17:22.750 [FXGL Background Thread 3 ] DEBUG Engine               - class com.almasb.fxgl.cutscene.CutsceneService
23:17:22.750 [FXGL Background Thread 3 ] DEBUG Engine               - class com.almasb.fxgl.minigames.MiniGameService
23:17:22.750 [FXGL Background Thread 3 ] DEBUG Engine               - class com.almasb.fxgl.net.NetService
23:17:22.750 [FXGL Background Thread 3 ] DEBUG Engine               - class com.almasb.fxgl.app.services.UpdaterService
23:17:22.750 [FXGL Background Thread 3 ] DEBUG Engine               - class com.almasb.fxgl.dev.DevService
23:17:22.786 [FXGL Background Thread 2 ] DEBUG AudioPlayer          - Playing music com.almasb.fxgl.audio.Music@6caf5184
23:17:22.796 [FXGL Background Thread 2 ] INFO  FXGLApplication      - Game initialization took: 0.598 sec
23:17:22.797 [JavaFX Application Thread] DEBUG Input                - Clearing active input actions
23:17:22.805 [JavaFX Application Thread] DEBUG GameApplicationServi - Removing overlay from LoadingInterface and adding to GameScene
23:17:22.806 [JavaFX Application Thread] DEBUG PrimaryStageWindow   - LoadingInterface -> GameScene
23:17:23.302 [JavaFX Application Thread] DEBUG FXGLAssetLoaderServi - Loading from file system: file:/C:/Users/ryles/Downloads/ComProg_Project/target/classes/assets/textures/enemy_sprite.png
23:17:23.309 [JavaFX Application Thread] DEBUG FXGLAssetLoaderServi - Loading from file system: file:/C:/Users/ryles/Downloads/ComProg_Project/target/classes/assets/textures/explosion_sprite.png
23:17:24.548 [JavaFX Application Thread] DEBUG FXGLAssetLoaderServi - Loading from file system: file:/C:/Users/ryles/Downloads/ComProg_Project/target/classes/assets/textures/bullet_sprite.png
23:17:24.902 [JavaFX Application Thread] DEBUG FXGLAssetLoaderServi - Loading from file system: file:/C:/Users/ryles/Downloads/ComProg_Project/target/classes/assets/sounds/death_sound.wav
23:17:26.745 [JavaFX Application Thread] DEBUG FXGLAssetLoaderServi - Loading from file system: file:/C:/Users/ryles/Downloads/ComProg_Project/target/classes/assets/textures/heart_sprite.png
23:17:26.761 [JavaFX Application Thread] DEBUG FXGLAssetLoaderServi - Loading from file system: file:/C:/Users/ryles/Downloads/ComProg_Project/target/classes/assets/textures/heart_explode_sprite.png
23:17:28.596 [JavaFX Application Thread] DEBUG FXGLAssetLoaderServi - Loading from file system: file:/C:/Users/ryles/Downloads/ComProg_Project/target/classes/assets/sounds/heart_gain.wav
23:17:36.468 [JavaFX Application Thread] DEBUG FXGLAssetLoaderServi - Loading from file system: file:/C:/Users/ryles/Downloads/ComProg_Project/target/classes/assets/sounds/fah.wav
23:17:40.907 [JavaFX Application Thread] DEBUG FXGLApplication      - Exiting FXGL
23:17:40.908 [JavaFX Application Thread] DEBUG LoopRunner           - Stopping loop
23:17:40.908 [JavaFX Application Thread] DEBUG SystemBundleService  - Saving FXGL system data
23:17:40.910 [JavaFX Application Thread] DEBUG FileSystemAccess     - Writing to: C:\Users\ryles\Downloads\ComProg_Project\system\fxgl.bundle
23:17:40.913 [JavaFX Application Thread] DEBUG Async                - Shutting down background threads
23:17:40.913 [JavaFX Application Thread] DEBUG PrimaryStageWindow   - Closing main window
23:17:40.944 [JavaFX Application Thread] DEBUG Logger               - Closing Logger
