21:37:49.024 [main                     ] DEBUG Logger               - Configured Logger
21:37:49.039 [main                     ] DEBUG GameApplication      - Logging settings
Title: Untitled
Version: 0.0
Width: 1280
Height: 720
Fullscreen: false
Intro: false
Profiling: false
Single step:false
App Mode: DEVELOPER
Menu Key: ESCAPE
Stage Style: DECORATED
Scene Factory: class org.group1.GamePackage.Factory.MainSceneFactory

21:37:49.504 [JavaFX Application Thread] DEBUG FXGLApplication      - Initializing FXGL
21:37:49.510 [JavaFX Application Thread] INFO  Engine               - FXGL-25 (05.02.2026 22.57) on WINDOWS (J:25.0.1 FX:21.0.6)
21:37:49.510 [JavaFX Application Thread] DEBUG Engine               - JRE Vendor Name: Oracle Corporation
21:37:49.510 [JavaFX Application Thread] DEBUG Engine               - Running on OS: Windows 11 version 10.0
21:37:49.511 [JavaFX Application Thread] DEBUG Engine               - Architecture: amd64
21:37:49.511 [JavaFX Application Thread] INFO  Engine               - Source code and latest versions at: https://github.com/AlmasB/FXGL
21:37:49.511 [JavaFX Application Thread] INFO  Engine               -       Ask questions and discuss at: https://github.com/AlmasB/FXGL/discussions
21:37:49.639 [JavaFX Application Thread] DEBUG PrimaryStageWindow   - Creating a JavaFX scene
21:37:49.703 [JavaFX Application Thread] DEBUG PrimaryStageWindow   - Target settings size: 1280.0 x 720.0
21:37:49.703 [JavaFX Application Thread] DEBUG PrimaryStageWindow   - Scaled scene size:    1280.0 x 720.0
21:37:49.703 [JavaFX Application Thread] DEBUG PrimaryStageWindow   - Scaled ratio: (1.0, 1.0)
21:37:49.704 [JavaFX Application Thread] DEBUG PrimaryStageWindow   - Set initial scene to FXGLStartupScene
21:37:49.709 [JavaFX Application Thread] DEBUG PrimaryStageWindow   - Opening main window
21:37:49.817 [JavaFX Application Thread] DEBUG PrimaryStageWindow   - Window border size: (14.6666259765625, 37.33331298828125)
21:37:49.817 [JavaFX Application Thread] DEBUG PrimaryStageWindow   - Scaled size: 1280.0 x 720.0
21:37:49.817 [JavaFX Application Thread] DEBUG PrimaryStageWindow   - Scaled ratio: (1.0, 1.0)
21:37:49.817 [JavaFX Application Thread] DEBUG PrimaryStageWindow   - Scene size: 1280.0 x 720.0
21:37:49.817 [JavaFX Application Thread] DEBUG PrimaryStageWindow   - Stage size: 1294.6666259765625 x 757.3333129882812
21:37:49.832 [FXGL Background Thread 1 ] DEBUG Engine               - Initializing environment variables
21:37:49.947 [FXGL Background Thread 1 ] DEBUG FXGLAssetLoaderServi - User app class for loading assets: class org.group1.GamePackage.Application
21:37:49.948 [FXGL Background Thread 1 ] DEBUG GameApplicationServi - Applying CSS: fxgl_dark.css
21:37:49.949 [FXGL Background Thread 1 ] DEBUG FXGLAssetLoaderServi - Loading from file system: jar:file:///C:/Users/ryles/.m2/repository/com/github/almasb/fxgl/25/fxgl-25.jar!/fxglassets/ui/css/fxgl_dark.css
21:37:50.023 [FXGL Background Thread 1 ] DEBUG GameApplicationServi - Initializing application scenes
21:37:50.029 [FXGL Background Thread 1 ] DEBUG FXGLAssetLoaderServi - Loading from file system: file:/C:/Users/ryles/Downloads/ComProg_Project/target/classes/assets/textures/background.png
21:37:50.272 [FXGL Background Thread 1 ] DEBUG FXGLAssetLoaderServi - Loading from file system: file:/C:/Users/ryles/Downloads/ComProg_Project/target/classes/assets/textures/background_stars1.png
21:37:50.385 [FXGL Background Thread 1 ] DEBUG FXGLAssetLoaderServi - Loading from file system: file:/C:/Users/ryles/Downloads/ComProg_Project/target/classes/assets/textures/background_stars2.png
21:37:50.481 [FXGL Background Thread 1 ] DEBUG FXGLAssetLoaderServi - Loading from file system: file:/C:/Users/ryles/Downloads/ComProg_Project/target/classes/assets/textures/background_stars3.png
21:37:50.559 [FXGL Background Thread 1 ] DEBUG FXGLAssetLoaderServi - Loading from file system: file:/C:/Users/ryles/Downloads/ComProg_Project/target/classes/assets/textures/background_cloud1.png
21:37:50.583 [FXGL Background Thread 1 ] DEBUG FXGLAssetLoaderServi - Loading from file system: file:/C:/Users/ryles/Downloads/ComProg_Project/target/classes/assets/textures/background_cloud2.png
21:37:50.609 [FXGL Background Thread 1 ] DEBUG FXGLAssetLoaderServi - Loading from file system: file:/C:/Users/ryles/Downloads/ComProg_Project/target/classes/assets/textures/background_mist1.png
21:37:50.628 [FXGL Background Thread 1 ] DEBUG FXGLAssetLoaderServi - Loading from file system: file:/C:/Users/ryles/Downloads/ComProg_Project/target/classes/assets/textures/background_hills.png
21:37:50.662 [FXGL Background Thread 1 ] DEBUG FXGLAssetLoaderServi - Loading from file system: file:/C:/Users/ryles/Downloads/ComProg_Project/target/classes/assets/textures/background_forest.png
21:37:50.688 [FXGL Background Thread 1 ] DEBUG FXGLAssetLoaderServi - Loading from file system: file:/C:/Users/ryles/Downloads/ComProg_Project/target/classes/assets/textures/background_large_forest.png
21:37:50.869 [FXGL Background Thread 1 ] DEBUG GameWorld            - Game world initialized
21:37:50.983 [FXGL Background Thread 1 ] DEBUG PhysicsWorld         - Physics world initialized: appHeight=720, physics.ppm=50.0
21:37:50.983 [FXGL Background Thread 1 ] DEBUG PhysicsWorld         - Using strategy: BRUTE_FORCE
21:37:50.989 [FXGL Background Thread 1 ] DEBUG GameScene            - Game scene initialized: 1280x720
21:37:51.172 [FXGL Background Thread 1 ] DEBUG GameApplicationServi - Application scenes initialized
21:37:51.184 [FXGL Background Thread 1 ] DEBUG SystemBundleService  - Loading FXGL system data
21:37:51.190 [FXGL Background Thread 1 ] DEBUG FileSystemAccess     - Reading from: C:\Users\ryles\Downloads\ComProg_Project\system\fxgl.bundle
21:37:51.202 [FXGL Background Thread 1 ] DEBUG SystemBundleService  - Bundle FXGL: {}
21:37:51.202 [FXGL Background Thread 1 ] DEBUG UpdaterService       - Checking for updates
21:37:51.214 [FXGL Background Thread 4 ] DEBUG FXGLApplication      - Loading fonts
21:37:51.215 [FXGL Background Thread 1 ] DEBUG FXGLApplication      - Loading default localization
21:37:51.215 [FXGL Background Thread 4 ] DEBUG FXGLAssetLoaderServi - Loading from file system: jar:file:///C:/Users/ryles/.m2/repository/com/github/almasb/fxgl/25/fxgl-25.jar!/fxglassets/ui/fonts/VarelaRound-Regular.ttf
21:37:51.215 [FXGL Background Thread 1 ] DEBUG FXGLAssetLoaderServi - Loading from file system: jar:file:///C:/Users/ryles/.m2/repository/com/github/almasb/fxgl/25/fxgl-25.jar!/fxglassets/languages/english.lang
21:37:51.240 [FXGL Background Thread 1 ] INFO  FXGLApplication      - FXGL initialization took: 1.407 sec
21:37:51.271 [JavaFX Application Thread] DEBUG Input                - Registered new binding: Move left - A
21:37:51.271 [JavaFX Application Thread] DEBUG Input                - Registered new binding: Move right - D
21:37:51.271 [JavaFX Application Thread] DEBUG Input                - Registered new binding: Move down - S
21:37:51.271 [JavaFX Application Thread] DEBUG Input                - Registered new binding: Move up - W
21:37:51.272 [JavaFX Application Thread] DEBUG Input                - Registered new binding: Shoot - Space
21:37:51.273 [JavaFX Application Thread] DEBUG Input                - Registered new binding: Switch to Fire Bullet - Q
21:37:51.273 [JavaFX Application Thread] DEBUG Input                - Registered new binding: Switch to Ice Bullet - E
21:37:51.273 [JavaFX Application Thread] DEBUG FXGLAssetLoaderServi - Loading from file system: jar:file:///C:/Users/ryles/.m2/repository/com/github/almasb/fxgl/25/fxgl-25.jar!/fxglassets/textures/fxgl_icon.png
21:37:51.294 [FXGL Background Thread 4 ] DEBUG FXGLAssetLoaderServi - Loading from file system: jar:file:///C:/Users/ryles/.m2/repository/com/github/almasb/fxgl/25/fxgl-25.jar!/fxglassets/ui/fonts/Abel-Regular.ttf
21:37:51.301 [FXGL Background Thread 4 ] DEBUG FXGLAssetLoaderServi - Loading from file system: jar:file:///C:/Users/ryles/.m2/repository/com/github/almasb/fxgl/25/fxgl-25.jar!/fxglassets/ui/fonts/TerminalLandMono-Regular.otf
21:37:51.307 [JavaFX Application Thread] DEBUG FXGLAssetLoaderServi - Loading from file system: jar:file:///C:/Users/ryles/.m2/repository/com/github/almasb/fxgl/25/fxgl-25.jar!/fxglassets/textures/fxgl_default_cursor.png
21:37:51.309 [FXGL Background Thread 4 ] DEBUG FXGLAssetLoaderServi - Loading from file system: jar:file:///C:/Users/ryles/.m2/repository/com/github/almasb/fxgl/25/fxgl-25.jar!/fxglassets/ui/fonts/Courier-Prime.ttf
21:37:51.310 [JavaFX Application Thread] DEBUG Input                - Registered new binding: Screenshot - CTRL+8
21:37:51.311 [JavaFX Application Thread] DEBUG Input                - Registered new binding: System info dump - CTRL+9
21:37:51.311 [JavaFX Application Thread] DEBUG Input                - Registered new binding: Restart - CTRL+R
21:37:51.313 [JavaFX Application Thread] DEBUG Input                - Registered new binding: Toggle Debug Camera - CTRL+7
21:37:51.317 [JavaFX Application Thread] DEBUG LoopRunner           - Starting loop
21:37:51.317 [JavaFX Application Thread] DEBUG LoopRunner           - Initializing JavaFX AnimationTimerLoop
21:37:51.320 [JavaFX Application Thread] DEBUG Input                - Clearing active input actions
21:37:51.349 [JavaFX Application Thread] DEBUG GameApplicationServi - Removing overlay from FXGLStartupScene and adding to FXGLMainMenuDummyScene
21:37:51.349 [JavaFX Application Thread] DEBUG PrimaryStageWindow   - FXGLStartupScene -> FXGLMainMenuDummyScene
21:37:51.350 [JavaFX Application Thread] DEBUG PrimaryStageWindow   - Push state: MenuInterface
21:37:51.350 [JavaFX Application Thread] DEBUG Input                - Clearing active input actions
21:37:51.368 [JavaFX Application Thread] DEBUG GameApplicationServi - Removing overlay from FXGLMainMenuDummyScene and adding to MenuInterface
21:37:51.369 [JavaFX Application Thread] DEBUG PrimaryStageWindow   - FXGLMainMenuDummyScene -> MenuInterface
21:37:51.577 [JavaFX Application Thread] DEBUG FXGLApplication      - Registering font factories with UI factory
21:37:54.208 [FXGL Background Thread 3 ] DEBUG Engine               - Logging environment variables
21:37:54.208 [FXGL Background Thread 3 ] DEBUG Engine               - achievements: []
21:37:54.208 [FXGL Background Thread 3 ] DEBUG Engine               - actualHeight: 720.0
21:37:54.208 [FXGL Background Thread 3 ] DEBUG Engine               - actualHeightProperty: ReadOnlyDoubleProperty [value: 720.0]
21:37:54.208 [FXGL Background Thread 3 ] DEBUG Engine               - actualWidth: 1280.0
21:37:54.208 [FXGL Background Thread 3 ] DEBUG Engine               - actualWidthProperty: ReadOnlyDoubleProperty [value: 1280.0]
21:37:54.208 [FXGL Background Thread 3 ] DEBUG Engine               - appIcon: fxgl_icon.png
21:37:54.208 [FXGL Background Thread 3 ] DEBUG Engine               - applicationMode: DEVELOPER
21:37:54.208 [FXGL Background Thread 3 ] DEBUG Engine               - cSSList: [fxgl_dark.css]
21:37:54.208 [FXGL Background Thread 3 ] DEBUG Engine               - collisionDetectionStrategy: BRUTE_FORCE
21:37:54.208 [FXGL Background Thread 3 ] DEBUG Engine               - configClass: Optional.empty
21:37:54.208 [FXGL Background Thread 3 ] DEBUG Engine               - credits: []
21:37:54.210 [FXGL Background Thread 3 ] DEBUG Engine               - defaultCursor: CursorInfo(imageName=fxgl_default_cursor.png, hotspotX=7.0, hotspotY=6.0)
21:37:54.210 [FXGL Background Thread 3 ] DEBUG Engine               - devBBoxColorProperty: ObjectProperty [value: 0xff0000ff]
21:37:54.210 [FXGL Background Thread 3 ] DEBUG Engine               - devEnableDebugCameraProperty: BooleanProperty [value: false]
21:37:54.210 [FXGL Background Thread 3 ] DEBUG Engine               - devSensorColorProperty: ObjectProperty [value: 0xffff00ff]
21:37:54.210 [FXGL Background Thread 3 ] DEBUG Engine               - devShowBBoxProperty: BooleanProperty [value: false]
21:37:54.210 [FXGL Background Thread 3 ] DEBUG Engine               - devShowPositionProperty: BooleanProperty [value: false]
21:37:54.210 [FXGL Background Thread 3 ] DEBUG Engine               - enabledMenuItems: []
21:37:54.210 [FXGL Background Thread 3 ] DEBUG Engine               - engineServices: [class com.almasb.fxgl.app.services.FXGLAssetLoaderService, class com.almasb.fxgl.app.FXGLApplication$GameApplicationService, class com.almasb.fxgl.app.services.FXGLDialogService, class com.almasb.fxgl.app.services.IOTaskExecutorService, class com.almasb.fxgl.io.FileSystemService, class com.almasb.fxgl.localization.LocalizationService, class com.almasb.fxgl.app.services.SystemBundleService, class com.almasb.fxgl.profile.SaveLoadService, class com.almasb.fxgl.ui.FXGLUIFactoryServiceProvider, class com.almasb.fxgl.ui.FXGLDialogFactoryServiceProvider, class com.almasb.fxgl.audio.AudioPlayer, class com.almasb.fxgl.notification.impl.NotificationServiceProvider, class com.almasb.fxgl.achievement.AchievementService, class com.almasb.fxgl.cutscene.CutsceneService, class com.almasb.fxgl.minigames.MiniGameService, class com.almasb.fxgl.net.NetService, class com.almasb.fxgl.app.services.UpdaterService, class com.almasb.fxgl.dev.DevService]
21:37:54.210 [FXGL Background Thread 3 ] DEBUG Engine               - fontGame: Abel-Regular.ttf
21:37:54.210 [FXGL Background Thread 3 ] DEBUG Engine               - fontMono: TerminalLandMono-Regular.otf
21:37:54.210 [FXGL Background Thread 3 ] DEBUG Engine               - fontSizeScaleUI: 1.0
21:37:54.210 [FXGL Background Thread 3 ] DEBUG Engine               - fontText: Courier-Prime.ttf
21:37:54.210 [FXGL Background Thread 3 ] DEBUG Engine               - fontUI: VarelaRound-Regular.ttf
21:37:54.211 [FXGL Background Thread 3 ] DEBUG Engine               - fpsRefreshRate: 500.0 ms
21:37:54.211 [FXGL Background Thread 3 ] DEBUG Engine               - fullScreen: BooleanProperty [value: false]
21:37:54.211 [FXGL Background Thread 3 ] DEBUG Engine               - gameDifficulty: MEDIUM
21:37:54.211 [FXGL Background Thread 3 ] DEBUG Engine               - gameDifficultyProperty: ObjectProperty [value: MEDIUM]
21:37:54.211 [FXGL Background Thread 3 ] DEBUG Engine               - globalMusicVolume: 0.5
21:37:54.211 [FXGL Background Thread 3 ] DEBUG Engine               - globalMusicVolumeProperty: DoubleProperty [value: 0.5]
21:37:54.211 [FXGL Background Thread 3 ] DEBUG Engine               - globalSoundVolume: 0.5
21:37:54.211 [FXGL Background Thread 3 ] DEBUG Engine               - globalSoundVolumeProperty: DoubleProperty [value: 0.5]
21:37:54.211 [FXGL Background Thread 3 ] DEBUG Engine               - height: 720
21:37:54.211 [FXGL Background Thread 3 ] DEBUG Engine               - is3D: false
21:37:54.211 [FXGL Background Thread 3 ] DEBUG Engine               - isAndroid: false
21:37:54.211 [FXGL Background Thread 3 ] DEBUG Engine               - isBrowser: false
21:37:54.211 [FXGL Background Thread 3 ] DEBUG Engine               - isClickFeedbackEnabled: false
21:37:54.211 [FXGL Background Thread 3 ] DEBUG Engine               - isCloseConfirmation: false
21:37:54.211 [FXGL Background Thread 3 ] DEBUG Engine               - isDesktop: true
21:37:54.211 [FXGL Background Thread 3 ] DEBUG Engine               - isDeveloperMenuEnabled: false
21:37:54.211 [FXGL Background Thread 3 ] DEBUG Engine               - isEmbedded: false
21:37:54.211 [FXGL Background Thread 3 ] DEBUG Engine               - isEntityPreloadEnabled: true
21:37:54.212 [FXGL Background Thread 3 ] DEBUG Engine               - isExperimentalTiledLargeMap: false
21:37:54.212 [FXGL Background Thread 3 ] DEBUG Engine               - isFileSystemWriteAllowed: true
21:37:54.212 [FXGL Background Thread 3 ] DEBUG Engine               - isFullScreenAllowed: false
21:37:54.212 [FXGL Background Thread 3 ] DEBUG Engine               - isFullScreenFromStart: false
21:37:54.212 [FXGL Background Thread 3 ] DEBUG Engine               - isGameMenuEnabled: true
21:37:54.212 [FXGL Background Thread 3 ] DEBUG Engine               - isIOS: false
21:37:54.212 [FXGL Background Thread 3 ] DEBUG Engine               - isIntroEnabled: false
21:37:54.212 [FXGL Background Thread 3 ] DEBUG Engine               - isLinux: false
21:37:54.212 [FXGL Background Thread 3 ] DEBUG Engine               - isMac: false
21:37:54.212 [FXGL Background Thread 3 ] DEBUG Engine               - isMainMenuEnabled: true
21:37:54.212 [FXGL Background Thread 3 ] DEBUG Engine               - isManualResizeEnabled: false
21:37:54.212 [FXGL Background Thread 3 ] DEBUG Engine               - isMobile: false
21:37:54.212 [FXGL Background Thread 3 ] DEBUG Engine               - isNative: false
21:37:54.212 [FXGL Background Thread 3 ] DEBUG Engine               - isPauseMusicWhenMinimized: true
21:37:54.212 [FXGL Background Thread 3 ] DEBUG Engine               - isPreserveResizeRatio: false
21:37:54.212 [FXGL Background Thread 3 ] DEBUG Engine               - isProfilingEnabled: false
21:37:54.212 [FXGL Background Thread 3 ] DEBUG Engine               - isScaleAffectedOnResize: true
21:37:54.212 [FXGL Background Thread 3 ] DEBUG Engine               - isSingleStep: false
21:37:54.212 [FXGL Background Thread 3 ] DEBUG Engine               - isUserProfileEnabled: false
21:37:54.212 [FXGL Background Thread 3 ] DEBUG Engine               - isWindows: true
21:37:54.212 [FXGL Background Thread 3 ] DEBUG Engine               - language: ObjectProperty [value: ENGLISH]
21:37:54.212 [FXGL Background Thread 3 ] DEBUG Engine               - menuKey: ESCAPE
21:37:54.212 [FXGL Background Thread 3 ] DEBUG Engine               - mouseSensitivity: 0.2
21:37:54.212 [FXGL Background Thread 3 ] DEBUG Engine               - notificationViewClass: class com.almasb.fxgl.notification.view.XboxNotificationView
21:37:54.212 [FXGL Background Thread 3 ] DEBUG Engine               - pixelsPerMeter: 50.0
21:37:54.212 [FXGL Background Thread 3 ] DEBUG Engine               - platform: WINDOWS
21:37:54.212 [FXGL Background Thread 3 ] DEBUG Engine               - prefHeightProperty: ReadOnlyDoubleProperty [value: 720.0]
21:37:54.212 [FXGL Background Thread 3 ] DEBUG Engine               - prefWidthProperty: ReadOnlyDoubleProperty [value: 1280.0]
21:37:54.212 [FXGL Background Thread 3 ] DEBUG Engine               - profileDir: profiles/
21:37:54.213 [FXGL Background Thread 3 ] DEBUG Engine               - profileName: StringProperty [value: DEFAULT]
21:37:54.213 [FXGL Background Thread 3 ] DEBUG Engine               - randomSeed: -1
21:37:54.213 [FXGL Background Thread 3 ] DEBUG Engine               - runtimeInfo: RuntimeInfo(platform=WINDOWS, version=25, build=05.02.2026 22.57)
21:37:54.213 [FXGL Background Thread 3 ] DEBUG Engine               - saveFileExt: sav
21:37:54.213 [FXGL Background Thread 3 ] DEBUG Engine               - scaledHeightProp$fxgl: DoubleProperty [bound, value: 720.0]
21:37:54.213 [FXGL Background Thread 3 ] DEBUG Engine               - scaledWidthProp$fxgl: DoubleProperty [bound, value: 1280.0]
21:37:54.213 [FXGL Background Thread 3 ] DEBUG Engine               - sceneFactory: org.group1.GamePackage.Factory.MainSceneFactory@31132e8
21:37:54.213 [FXGL Background Thread 3 ] DEBUG Engine               - secondsIn24h: 60
21:37:54.213 [FXGL Background Thread 3 ] DEBUG Engine               - soundMenuBack: menu/back.wav
21:37:54.213 [FXGL Background Thread 3 ] DEBUG Engine               - soundMenuPress: menu/press.wav
21:37:54.213 [FXGL Background Thread 3 ] DEBUG Engine               - soundMenuSelect: menu/select.wav
21:37:54.213 [FXGL Background Thread 3 ] DEBUG Engine               - soundNotification: core/notification.wav
21:37:54.213 [FXGL Background Thread 3 ] DEBUG Engine               - stageStyle: DECORATED
21:37:54.213 [FXGL Background Thread 3 ] DEBUG Engine               - supportedLanguages: [ENGLISH, FRENCH, GERMAN, HUNGARIAN, RUSSIAN]
21:37:54.213 [FXGL Background Thread 3 ] DEBUG Engine               - ticksPerSecond: -1
21:37:54.213 [FXGL Background Thread 3 ] DEBUG Engine               - title: Untitled
21:37:54.213 [FXGL Background Thread 3 ] DEBUG Engine               - urlGithub: https://github.com/AlmasB/FXGL
21:37:54.213 [FXGL Background Thread 3 ] DEBUG Engine               - urlLeaderboard: http://fxgl-top.herokuapp.com/
21:37:54.213 [FXGL Background Thread 3 ] DEBUG Engine               - urlPOM: https://raw.githubusercontent.com/AlmasB/FXGL/release/README.md
21:37:54.213 [FXGL Background Thread 3 ] DEBUG Engine               - userAppClass: class org.group1.GamePackage.Application
21:37:54.213 [FXGL Background Thread 3 ] DEBUG Engine               - version: 0.0
21:37:54.213 [FXGL Background Thread 3 ] DEBUG Engine               - versionCheckDays: 7
21:37:54.213 [FXGL Background Thread 3 ] DEBUG Engine               - width: 1280
21:37:54.213 [FXGL Background Thread 3 ] DEBUG Engine               - Logging services
21:37:54.213 [FXGL Background Thread 3 ] DEBUG Engine               - class com.almasb.fxgl.app.services.FXGLAssetLoaderService
21:37:54.213 [FXGL Background Thread 3 ] DEBUG Engine               - class com.almasb.fxgl.app.FXGLApplication$GameApplicationService
21:37:54.213 [FXGL Background Thread 3 ] DEBUG Engine               - class com.almasb.fxgl.app.services.FXGLDialogService
21:37:54.213 [FXGL Background Thread 3 ] DEBUG Engine               - class com.almasb.fxgl.app.services.IOTaskExecutorService
21:37:54.213 [FXGL Background Thread 3 ] DEBUG Engine               - class com.almasb.fxgl.io.FileSystemService
21:37:54.213 [FXGL Background Thread 3 ] DEBUG Engine               - class com.almasb.fxgl.localization.LocalizationService
21:37:54.214 [FXGL Background Thread 3 ] DEBUG Engine               - class com.almasb.fxgl.app.services.SystemBundleService
21:37:54.214 [FXGL Background Thread 3 ] DEBUG Engine               - class com.almasb.fxgl.profile.SaveLoadService
21:37:54.214 [FXGL Background Thread 3 ] DEBUG Engine               - class com.almasb.fxgl.ui.FXGLUIFactoryServiceProvider
21:37:54.214 [FXGL Background Thread 3 ] DEBUG Engine               - class com.almasb.fxgl.ui.FXGLDialogFactoryServiceProvider
21:37:54.214 [FXGL Background Thread 3 ] DEBUG Engine               - class com.almasb.fxgl.audio.AudioPlayer
21:37:54.214 [FXGL Background Thread 3 ] DEBUG Engine               - class com.almasb.fxgl.notification.impl.NotificationServiceProvider
21:37:54.214 [FXGL Background Thread 3 ] DEBUG Engine               - class com.almasb.fxgl.achievement.AchievementService
21:37:54.214 [FXGL Background Thread 3 ] DEBUG Engine               - class com.almasb.fxgl.cutscene.CutsceneService
21:37:54.214 [FXGL Background Thread 3 ] DEBUG Engine               - class com.almasb.fxgl.minigames.MiniGameService
21:37:54.214 [FXGL Background Thread 3 ] DEBUG Engine               - class com.almasb.fxgl.net.NetService
21:37:54.214 [FXGL Background Thread 3 ] DEBUG Engine               - class com.almasb.fxgl.app.services.UpdaterService
21:37:54.214 [FXGL Background Thread 3 ] DEBUG Engine               - class com.almasb.fxgl.dev.DevService
21:37:54.750 [JavaFX Application Thread] DEBUG GameApplicationServi - Starting new game
21:37:54.750 [JavaFX Application Thread] DEBUG PrimaryStageWindow   - Pop state: MenuInterface
21:37:54.750 [JavaFX Application Thread] DEBUG Input                - Clearing active input actions
21:37:54.751 [JavaFX Application Thread] DEBUG GameApplicationServi - Removing overlay from MenuInterface and adding to FXGLMainMenuDummyScene
21:37:54.751 [JavaFX Application Thread] DEBUG PrimaryStageWindow   - FXGLMainMenuDummyScene <- MenuInterface
21:37:54.752 [JavaFX Application Thread] DEBUG Input                - Clearing active input actions
21:37:54.757 [JavaFX Application Thread] DEBUG GameApplicationServi - Removing overlay from FXGLMainMenuDummyScene and adding to LoadingInterface
21:37:54.757 [JavaFX Application Thread] DEBUG PrimaryStageWindow   - FXGLMainMenuDummyScene -> LoadingInterface
21:37:54.757 [JavaFX Application Thread] DEBUG GameApplicationServi - Clearing previous game
21:37:54.757 [JavaFX Application Thread] DEBUG GameScene            - Clearing game scene
21:37:54.757 [JavaFX Application Thread] DEBUG GameWorld            - Clearing game world
21:37:54.757 [JavaFX Application Thread] DEBUG PhysicsWorld         - Clearing physics world
21:37:54.758 [FXGL Background Thread 2 ] DEBUG FXGLApplication      - Initializing game
21:37:54.791 [FXGL Background Thread 2 ] DEBUG FXGLAssetLoaderServi - Loading from file system: file:/C:/Users/ryles/Downloads/ComProg_Project/target/classes/assets/textures/idle_sprite.png
21:37:54.795 [FXGL Background Thread 2 ] DEBUG FXGLAssetLoaderServi - Loading from file system: file:/C:/Users/ryles/Downloads/ComProg_Project/target/classes/assets/textures/down_sprite.png
21:37:54.798 [FXGL Background Thread 2 ] DEBUG FXGLAssetLoaderServi - Loading from file system: file:/C:/Users/ryles/Downloads/ComProg_Project/target/classes/assets/textures/up_sprite.png
21:37:54.813 [FXGL Background Thread 2 ] DEBUG FXGLAssetLoaderServi - Loading from file system: file:/C:/Users/ryles/Downloads/ComProg_Project/target/classes/assets/textures/bullet_HUD_selection.png
21:37:54.819 [FXGL Background Thread 2 ] DEBUG FXGLAssetLoaderServi - Loading from file system: file:/C:/Users/ryles/Downloads/ComProg_Project/target/classes/assets/music/main_music.wav
21:37:54.939 [FXGL Background Thread 2 ] DEBUG AudioPlayer          - Playing music com.almasb.fxgl.audio.Music@6e449a33
21:37:54.948 [FXGL Background Thread 2 ] DEBUG FXGLAssetLoaderServi - Loading from file system: file:/C:/Users/ryles/Downloads/ComProg_Project/target/classes/assets/textures/lives_09.png
21:37:54.954 [FXGL Background Thread 2 ] INFO  FXGLApplication      - Game initialization took: 0.196 sec
21:37:54.954 [JavaFX Application Thread] DEBUG Input                - Clearing active input actions
21:37:54.961 [JavaFX Application Thread] DEBUG GameApplicationServi - Removing overlay from LoadingInterface and adding to GameScene
21:37:54.961 [JavaFX Application Thread] DEBUG PrimaryStageWindow   - LoadingInterface -> GameScene
21:37:55.648 [JavaFX Application Thread] DEBUG FXGLAssetLoaderServi - Loading from file system: file:/C:/Users/ryles/Downloads/ComProg_Project/target/classes/assets/textures/enemy_sprite.png
21:37:55.660 [JavaFX Application Thread] DEBUG FXGLAssetLoaderServi - Loading from file system: file:/C:/Users/ryles/Downloads/ComProg_Project/target/classes/assets/textures/explosion_sprite.png
21:37:56.991 [JavaFX Application Thread] DEBUG FXGLAssetLoaderServi - Loading from file system: file:/C:/Users/ryles/Downloads/ComProg_Project/target/classes/assets/textures/bullet_sprite.png
21:37:57.763 [JavaFX Application Thread] DEBUG FXGLAssetLoaderServi - Loading from file system: file:/C:/Users/ryles/Downloads/ComProg_Project/target/classes/assets/sounds/death_sound.wav
21:37:57.789 [JavaFX Application Thread] DEBUG FXGLAssetLoaderServi - Loading from file system: file:/C:/Users/ryles/Downloads/ComProg_Project/target/classes/assets/textures/boss_idle_sprite.png
21:37:57.834 [JavaFX Application Thread] DEBUG FXGLAssetLoaderServi - Loading from file system: file:/C:/Users/ryles/Downloads/ComProg_Project/target/classes/assets/textures/boss_charging_sprite.png
21:37:57.910 [JavaFX Application Thread] DEBUG FXGLAssetLoaderServi - Loading from file system: file:/C:/Users/ryles/Downloads/ComProg_Project/target/classes/assets/textures/boss_recovering_sprite.png
21:38:06.027 [JavaFX Application Thread] DEBUG FXGLAssetLoaderServi - Loading from file system: file:/C:/Users/ryles/Downloads/ComProg_Project/target/classes/assets/textures/laser_sprite.png
21:38:08.669 [JavaFX Application Thread] DEBUG FXGLAssetLoaderServi - Loading from file system: file:/C:/Users/ryles/Downloads/ComProg_Project/target/classes/assets/sounds/fah.wav
21:38:08.677 [JavaFX Application Thread] DEBUG FXGLAssetLoaderServi - Loading from file system: file:/C:/Users/ryles/Downloads/ComProg_Project/target/classes/assets/textures/lives_08.png
21:38:18.590 [JavaFX Application Thread] DEBUG FXGLAssetLoaderServi - Loading from file system: file:/C:/Users/ryles/Downloads/ComProg_Project/target/classes/assets/textures/lives_07.png
21:38:20.980 [JavaFX Application Thread] DEBUG FXGLApplication      - Exiting FXGL
21:38:20.980 [JavaFX Application Thread] DEBUG LoopRunner           - Stopping loop
21:38:20.980 [JavaFX Application Thread] DEBUG SystemBundleService  - Saving FXGL system data
21:38:20.983 [JavaFX Application Thread] DEBUG FileSystemAccess     - Writing to: C:\Users\ryles\Downloads\ComProg_Project\system\fxgl.bundle
21:38:20.984 [JavaFX Application Thread] DEBUG Async                - Shutting down background threads
21:38:20.984 [JavaFX Application Thread] DEBUG PrimaryStageWindow   - Closing main window
21:38:21.005 [JavaFX Application Thread] DEBUG Logger               - Closing Logger
