23:52:48.225 [main                     ] DEBUG Logger               - Configured Logger
23:52:48.237 [main                     ] DEBUG GameApplication      - Logging settings
Title: Untitled
Version: 0.0
Width: 1280
Height: 720
Fullscreen: false
Intro: false
Profiling: false
Single step:false
App Mode: DEVELOPER
Menu Key: ESCAPE
Stage Style: DECORATED
Scene Factory: class org.group1.GamePackage.Factory.MainSceneFactory

23:52:48.710 [JavaFX Application Thread] DEBUG FXGLApplication      - Initializing FXGL
23:52:48.718 [JavaFX Application Thread] INFO  Engine               - FXGL-25 (05.02.2026 22.57) on WINDOWS (J:25.0.1 FX:21.0.6)
23:52:48.718 [JavaFX Application Thread] DEBUG Engine               - JRE Vendor Name: Oracle Corporation
23:52:48.718 [JavaFX Application Thread] DEBUG Engine               - Running on OS: Windows 11 version 10.0
23:52:48.719 [JavaFX Application Thread] DEBUG Engine               - Architecture: amd64
23:52:48.719 [JavaFX Application Thread] INFO  Engine               - Source code and latest versions at: https://github.com/AlmasB/FXGL
23:52:48.719 [JavaFX Application Thread] INFO  Engine               -       Ask questions and discuss at: https://github.com/AlmasB/FXGL/discussions
23:52:48.831 [JavaFX Application Thread] DEBUG PrimaryStageWindow   - Creating a JavaFX scene
23:52:48.831 [JavaFX Application Thread] DEBUG PrimaryStageWindow   - Target size > screen size
23:52:48.870 [JavaFX Application Thread] DEBUG PrimaryStageWindow   - Target settings size: 1280.0 x 720.0
23:52:48.870 [JavaFX Application Thread] DEBUG PrimaryStageWindow   - Scaled scene size:    1169.0 x 671.0
23:52:48.870 [JavaFX Application Thread] DEBUG PrimaryStageWindow   - Scaled ratio: (0.91328125, 0.9319444444444445)
23:52:48.871 [JavaFX Application Thread] DEBUG PrimaryStageWindow   - Set initial scene to FXGLStartupScene
23:52:48.874 [JavaFX Application Thread] DEBUG PrimaryStageWindow   - Opening main window
23:52:48.966 [JavaFX Application Thread] DEBUG PrimaryStageWindow   - Window border size: (15.0, 37.66668701171875)
23:52:48.967 [JavaFX Application Thread] DEBUG PrimaryStageWindow   - Scaled size: 1169.0 x 671.0
23:52:48.967 [JavaFX Application Thread] DEBUG PrimaryStageWindow   - Scaled ratio: (0.91328125, 0.9319444444444445)
23:52:48.967 [JavaFX Application Thread] DEBUG PrimaryStageWindow   - Scene size: 1169.0 x 671.0
23:52:48.967 [JavaFX Application Thread] DEBUG PrimaryStageWindow   - Stage size: 1184.0 x 708.6666870117188
23:52:48.978 [FXGL Background Thread 1 ] DEBUG Engine               - Initializing environment variables
23:52:49.091 [FXGL Background Thread 1 ] DEBUG FXGLAssetLoaderServi - User app class for loading assets: class org.group1.GamePackage.Application
23:52:49.092 [FXGL Background Thread 1 ] DEBUG GameApplicationServi - Applying CSS: fxgl_dark.css
23:52:49.093 [FXGL Background Thread 1 ] DEBUG FXGLAssetLoaderServi - Loading from file system: jar:file:///C:/Users/ryles/.m2/repository/com/github/almasb/fxgl/25/fxgl-25.jar!/fxglassets/ui/css/fxgl_dark.css
23:52:49.167 [FXGL Background Thread 1 ] DEBUG GameApplicationServi - Initializing application scenes
23:52:49.271 [FXGL Background Thread 1 ] DEBUG GameWorld            - Game world initialized
23:52:49.333 [FXGL Background Thread 1 ] DEBUG PhysicsWorld         - Physics world initialized: appHeight=720, physics.ppm=50.0
23:52:49.334 [FXGL Background Thread 1 ] DEBUG PhysicsWorld         - Using strategy: BRUTE_FORCE
23:52:49.342 [FXGL Background Thread 1 ] DEBUG GameScene            - Game scene initialized: 1280x720
23:52:49.361 [FXGL Background Thread 1 ] DEBUG FXGL.DefaultMenu     - createMenuBodyGameMenu()
23:52:49.369 [FXGL Background Thread 1 ] DEBUG FXGL.DefaultMenu     - createOptionsMenu()
23:52:49.381 [FXGL Background Thread 1 ] DEBUG FXGLAssetLoaderServi - Loading from file system: jar:file:///C:/Users/ryles/.m2/repository/com/github/almasb/fxgl/25/fxgl-25.jar!/fxglassets/textures/particles/smoke.png
23:52:49.522 [FXGL Background Thread 1 ] DEBUG FXGLAssetLoaderServi - Loading from file system: jar:file:///C:/Users/ryles/.m2/repository/com/github/almasb/fxgl/25/fxgl-25.jar!/fxglassets/textures/particles/trace_horizontal.png
23:52:49.569 [FXGL Background Thread 1 ] DEBUG GameApplicationServi - Application scenes initialized
23:52:49.581 [FXGL Background Thread 1 ] DEBUG SystemBundleService  - Loading FXGL system data
23:52:49.586 [FXGL Background Thread 1 ] DEBUG FileSystemAccess     - Reading from: C:\Users\ryles\Downloads\ComProg_Project\system\fxgl.bundle
23:52:49.596 [FXGL Background Thread 1 ] DEBUG SystemBundleService  - Bundle FXGL: {}
23:52:49.597 [FXGL Background Thread 1 ] DEBUG UpdaterService       - Checking for updates
23:52:49.600 [FXGL Background Thread 4 ] DEBUG FXGLApplication      - Loading fonts
23:52:49.601 [FXGL Background Thread 4 ] DEBUG FXGLAssetLoaderServi - Loading from file system: jar:file:///C:/Users/ryles/.m2/repository/com/github/almasb/fxgl/25/fxgl-25.jar!/fxglassets/ui/fonts/VarelaRound-Regular.ttf
23:52:49.601 [FXGL Background Thread 1 ] DEBUG FXGLApplication      - Loading default localization
23:52:49.602 [FXGL Background Thread 1 ] DEBUG FXGLAssetLoaderServi - Loading from file system: jar:file:///C:/Users/ryles/.m2/repository/com/github/almasb/fxgl/25/fxgl-25.jar!/fxglassets/languages/english.lang
23:52:49.623 [FXGL Background Thread 1 ] INFO  FXGLApplication      - FXGL initialization took: 0.645 sec
23:52:49.641 [JavaFX Application Thread] DEBUG Input                - Registered new binding: Move left - A
23:52:49.641 [JavaFX Application Thread] DEBUG Input                - Registered new binding: Move right - D
23:52:49.641 [JavaFX Application Thread] DEBUG Input                - Registered new binding: Move down - S
23:52:49.641 [JavaFX Application Thread] DEBUG Input                - Registered new binding: Move up - W
23:52:49.642 [JavaFX Application Thread] DEBUG Input                - Registered new binding: Shoot - Space
23:52:49.642 [JavaFX Application Thread] DEBUG FXGLAssetLoaderServi - Loading from file system: jar:file:///C:/Users/ryles/.m2/repository/com/github/almasb/fxgl/25/fxgl-25.jar!/fxglassets/textures/fxgl_icon.png
23:52:49.668 [FXGL Background Thread 4 ] DEBUG FXGLAssetLoaderServi - Loading from file system: jar:file:///C:/Users/ryles/.m2/repository/com/github/almasb/fxgl/25/fxgl-25.jar!/fxglassets/ui/fonts/Abel-Regular.ttf
23:52:49.672 [JavaFX Application Thread] DEBUG FXGLAssetLoaderServi - Loading from file system: jar:file:///C:/Users/ryles/.m2/repository/com/github/almasb/fxgl/25/fxgl-25.jar!/fxglassets/textures/fxgl_default_cursor.png
23:52:49.676 [JavaFX Application Thread] DEBUG Input                - Registered new binding: Screenshot - CTRL+8
23:52:49.680 [JavaFX Application Thread] DEBUG Input                - Registered new binding: System info dump - CTRL+9
23:52:49.681 [JavaFX Application Thread] DEBUG Input                - Registered new binding: Restart - CTRL+R
23:52:49.684 [JavaFX Application Thread] DEBUG Input                - Registered new binding: Toggle Debug Camera - CTRL+7
23:52:49.687 [JavaFX Application Thread] DEBUG LoopRunner           - Starting loop
23:52:49.687 [JavaFX Application Thread] DEBUG LoopRunner           - Initializing JavaFX AnimationTimerLoop
23:52:49.688 [FXGL Background Thread 4 ] DEBUG FXGLAssetLoaderServi - Loading from file system: jar:file:///C:/Users/ryles/.m2/repository/com/github/almasb/fxgl/25/fxgl-25.jar!/fxglassets/ui/fonts/TerminalLandMono-Regular.otf
23:52:49.690 [JavaFX Application Thread] DEBUG Input                - Clearing active input actions
23:52:49.702 [JavaFX Application Thread] DEBUG GameApplicationServi - Removing overlay from FXGLStartupScene and adding to FXGLMainMenuDummyScene
23:52:49.703 [JavaFX Application Thread] DEBUG PrimaryStageWindow   - FXGLStartupScene -> FXGLMainMenuDummyScene
23:52:49.703 [JavaFX Application Thread] DEBUG PrimaryStageWindow   - Push state: MenuInterface
23:52:49.703 [FXGL Background Thread 4 ] DEBUG FXGLAssetLoaderServi - Loading from file system: jar:file:///C:/Users/ryles/.m2/repository/com/github/almasb/fxgl/25/fxgl-25.jar!/fxglassets/ui/fonts/Courier-Prime.ttf
23:52:49.704 [JavaFX Application Thread] DEBUG Input                - Clearing active input actions
23:52:49.710 [JavaFX Application Thread] DEBUG GameApplicationServi - Removing overlay from FXGLMainMenuDummyScene and adding to MenuInterface
23:52:49.711 [JavaFX Application Thread] DEBUG PrimaryStageWindow   - FXGLMainMenuDummyScene -> MenuInterface
23:52:49.794 [JavaFX Application Thread] DEBUG FXGLApplication      - Registering font factories with UI factory
23:52:50.535 [JavaFX Application Thread] DEBUG Menu                 - fireNewGame()
23:52:50.535 [JavaFX Application Thread] DEBUG GameApplicationServi - Starting new game
23:52:50.536 [JavaFX Application Thread] DEBUG PrimaryStageWindow   - Pop state: MenuInterface
23:52:50.536 [JavaFX Application Thread] DEBUG Input                - Clearing active input actions
23:52:50.537 [JavaFX Application Thread] DEBUG GameApplicationServi - Removing overlay from MenuInterface and adding to FXGLMainMenuDummyScene
23:52:50.537 [JavaFX Application Thread] DEBUG PrimaryStageWindow   - FXGLMainMenuDummyScene <- MenuInterface
23:52:50.537 [JavaFX Application Thread] DEBUG Input                - Clearing active input actions
23:52:50.546 [JavaFX Application Thread] DEBUG GameApplicationServi - Removing overlay from FXGLMainMenuDummyScene and adding to LoadingInterface
23:52:50.547 [JavaFX Application Thread] DEBUG PrimaryStageWindow   - FXGLMainMenuDummyScene -> LoadingInterface
23:52:50.547 [JavaFX Application Thread] DEBUG GameApplicationServi - Clearing previous game
23:52:50.547 [JavaFX Application Thread] DEBUG GameScene            - Clearing game scene
23:52:50.547 [JavaFX Application Thread] DEBUG GameWorld            - Clearing game world
23:52:50.547 [JavaFX Application Thread] DEBUG PhysicsWorld         - Clearing physics world
23:52:50.549 [FXGL Background Thread 2 ] DEBUG FXGLApplication      - Initializing game
23:52:50.562 [FXGL Background Thread 2 ] DEBUG FXGLAssetLoaderServi - Loading from file system: file:/C:/Users/ryles/Downloads/ComProg_Project/target/classes/assets/textures/background.png
23:52:50.684 [FXGL Background Thread 2 ] DEBUG FXGLAssetLoaderServi - Loading from file system: file:/C:/Users/ryles/Downloads/ComProg_Project/target/classes/assets/textures/background_stars1.png
23:52:50.759 [FXGL Background Thread 2 ] DEBUG FXGLAssetLoaderServi - Loading from file system: file:/C:/Users/ryles/Downloads/ComProg_Project/target/classes/assets/textures/background_stars2.png
23:52:50.883 [FXGL Background Thread 2 ] DEBUG FXGLAssetLoaderServi - Loading from file system: file:/C:/Users/ryles/Downloads/ComProg_Project/target/classes/assets/textures/background_stars3.png
23:52:50.922 [FXGL Background Thread 2 ] DEBUG FXGLAssetLoaderServi - Loading from file system: file:/C:/Users/ryles/Downloads/ComProg_Project/target/classes/assets/textures/background_cloud1.png
23:52:50.933 [FXGL Background Thread 2 ] DEBUG FXGLAssetLoaderServi - Loading from file system: file:/C:/Users/ryles/Downloads/ComProg_Project/target/classes/assets/textures/background_cloud2.png
23:52:50.948 [FXGL Background Thread 2 ] DEBUG FXGLAssetLoaderServi - Loading from file system: file:/C:/Users/ryles/Downloads/ComProg_Project/target/classes/assets/textures/background_mist1.png
23:52:50.961 [FXGL Background Thread 2 ] DEBUG FXGLAssetLoaderServi - Loading from file system: file:/C:/Users/ryles/Downloads/ComProg_Project/target/classes/assets/textures/background_hills.png
23:52:50.988 [FXGL Background Thread 2 ] DEBUG FXGLAssetLoaderServi - Loading from file system: file:/C:/Users/ryles/Downloads/ComProg_Project/target/classes/assets/textures/background_forest.png
23:52:51.003 [FXGL Background Thread 2 ] DEBUG FXGLAssetLoaderServi - Loading from file system: file:/C:/Users/ryles/Downloads/ComProg_Project/target/classes/assets/textures/background_large_forest.png
23:52:51.045 [FXGL Background Thread 2 ] DEBUG FXGLAssetLoaderServi - Loading from file system: file:/C:/Users/ryles/Downloads/ComProg_Project/target/classes/assets/textures/idle_sprite.png
23:52:51.051 [FXGL Background Thread 2 ] DEBUG FXGLAssetLoaderServi - Loading from file system: file:/C:/Users/ryles/Downloads/ComProg_Project/target/classes/assets/textures/down_sprite.png
23:52:51.054 [FXGL Background Thread 2 ] DEBUG FXGLAssetLoaderServi - Loading from file system: file:/C:/Users/ryles/Downloads/ComProg_Project/target/classes/assets/textures/up_sprite.png
23:52:51.068 [FXGL Background Thread 2 ] DEBUG FXGLAssetLoaderServi - Loading from file system: file:/C:/Users/ryles/Downloads/ComProg_Project/target/classes/assets/music/main_music.wav
23:52:51.207 [FXGL Background Thread 2 ] DEBUG AudioPlayer          - Playing music com.almasb.fxgl.audio.Music@49b85907
23:52:51.213 [FXGL Background Thread 2 ] INFO  FXGLApplication      - Game initialization took: 0.663 sec
23:52:51.213 [JavaFX Application Thread] DEBUG Input                - Clearing active input actions
23:52:51.221 [JavaFX Application Thread] DEBUG GameApplicationServi - Removing overlay from LoadingInterface and adding to GameScene
23:52:51.221 [JavaFX Application Thread] DEBUG PrimaryStageWindow   - LoadingInterface -> GameScene
23:52:52.600 [FXGL Background Thread 3 ] DEBUG Engine               - Logging environment variables
23:52:52.601 [FXGL Background Thread 3 ] DEBUG Engine               - achievements: []
23:52:52.601 [FXGL Background Thread 3 ] DEBUG Engine               - actualHeight: 671.0
23:52:52.601 [FXGL Background Thread 3 ] DEBUG Engine               - actualHeightProperty: ReadOnlyDoubleProperty [value: 671.0]
23:52:52.601 [FXGL Background Thread 3 ] DEBUG Engine               - actualWidth: 1169.0
23:52:52.601 [FXGL Background Thread 3 ] DEBUG Engine               - actualWidthProperty: ReadOnlyDoubleProperty [value: 1169.0]
23:52:52.601 [FXGL Background Thread 3 ] DEBUG Engine               - appIcon: fxgl_icon.png
23:52:52.601 [FXGL Background Thread 3 ] DEBUG Engine               - applicationMode: DEVELOPER
23:52:52.601 [FXGL Background Thread 3 ] DEBUG Engine               - cSSList: [fxgl_dark.css]
23:52:52.601 [FXGL Background Thread 3 ] DEBUG Engine               - collisionDetectionStrategy: BRUTE_FORCE
23:52:52.601 [FXGL Background Thread 3 ] DEBUG Engine               - configClass: Optional.empty
23:52:52.601 [FXGL Background Thread 3 ] DEBUG Engine               - credits: []
23:52:52.602 [FXGL Background Thread 3 ] DEBUG Engine               - defaultCursor: CursorInfo(imageName=fxgl_default_cursor.png, hotspotX=7.0, hotspotY=6.0)
23:52:52.602 [FXGL Background Thread 3 ] DEBUG Engine               - devBBoxColorProperty: ObjectProperty [value: 0xff0000ff]
23:52:52.602 [FXGL Background Thread 3 ] DEBUG Engine               - devEnableDebugCameraProperty: BooleanProperty [value: false]
23:52:52.602 [FXGL Background Thread 3 ] DEBUG Engine               - devSensorColorProperty: ObjectProperty [value: 0xffff00ff]
23:52:52.602 [FXGL Background Thread 3 ] DEBUG Engine               - devShowBBoxProperty: BooleanProperty [value: false]
23:52:52.602 [FXGL Background Thread 3 ] DEBUG Engine               - devShowPositionProperty: BooleanProperty [value: false]
23:52:52.602 [FXGL Background Thread 3 ] DEBUG Engine               - enabledMenuItems: []
23:52:52.602 [FXGL Background Thread 3 ] DEBUG Engine               - engineServices: [class com.almasb.fxgl.app.services.FXGLAssetLoaderService, class com.almasb.fxgl.app.FXGLApplication$GameApplicationService, class com.almasb.fxgl.app.services.FXGLDialogService, class com.almasb.fxgl.app.services.IOTaskExecutorService, class com.almasb.fxgl.io.FileSystemService, class com.almasb.fxgl.localization.LocalizationService, class com.almasb.fxgl.app.services.SystemBundleService, class com.almasb.fxgl.profile.SaveLoadService, class com.almasb.fxgl.ui.FXGLUIFactoryServiceProvider, class com.almasb.fxgl.ui.FXGLDialogFactoryServiceProvider, class com.almasb.fxgl.audio.AudioPlayer, class com.almasb.fxgl.notification.impl.NotificationServiceProvider, class com.almasb.fxgl.achievement.AchievementService, class com.almasb.fxgl.cutscene.CutsceneService, class com.almasb.fxgl.minigames.MiniGameService, class com.almasb.fxgl.net.NetService, class com.almasb.fxgl.app.services.UpdaterService, class com.almasb.fxgl.dev.DevService]
23:52:52.602 [FXGL Background Thread 3 ] DEBUG Engine               - fontGame: Abel-Regular.ttf
23:52:52.602 [FXGL Background Thread 3 ] DEBUG Engine               - fontMono: TerminalLandMono-Regular.otf
23:52:52.602 [FXGL Background Thread 3 ] DEBUG Engine               - fontSizeScaleUI: 1.0
23:52:52.603 [FXGL Background Thread 3 ] DEBUG Engine               - fontText: Courier-Prime.ttf
23:52:52.603 [FXGL Background Thread 3 ] DEBUG Engine               - fontUI: VarelaRound-Regular.ttf
23:52:52.603 [FXGL Background Thread 3 ] DEBUG Engine               - fpsRefreshRate: 500.0 ms
23:52:52.603 [FXGL Background Thread 3 ] DEBUG Engine               - fullScreen: BooleanProperty [value: false]
23:52:52.603 [FXGL Background Thread 3 ] DEBUG Engine               - gameDifficulty: MEDIUM
23:52:52.603 [FXGL Background Thread 3 ] DEBUG Engine               - gameDifficultyProperty: ObjectProperty [value: MEDIUM]
23:52:52.603 [FXGL Background Thread 3 ] DEBUG Engine               - globalMusicVolume: 0.5
23:52:52.603 [FXGL Background Thread 3 ] DEBUG Engine               - globalMusicVolumeProperty: DoubleProperty [value: 0.5]
23:52:52.603 [FXGL Background Thread 3 ] DEBUG Engine               - globalSoundVolume: 0.5
23:52:52.603 [FXGL Background Thread 3 ] DEBUG Engine               - globalSoundVolumeProperty: DoubleProperty [value: 0.5]
23:52:52.603 [FXGL Background Thread 3 ] DEBUG Engine               - height: 720
23:52:52.603 [FXGL Background Thread 3 ] DEBUG Engine               - is3D: false
23:52:52.603 [FXGL Background Thread 3 ] DEBUG Engine               - isAndroid: false
23:52:52.603 [FXGL Background Thread 3 ] DEBUG Engine               - isBrowser: false
23:52:52.603 [FXGL Background Thread 3 ] DEBUG Engine               - isClickFeedbackEnabled: false
23:52:52.603 [FXGL Background Thread 3 ] DEBUG Engine               - isCloseConfirmation: false
23:52:52.603 [FXGL Background Thread 3 ] DEBUG Engine               - isDesktop: true
23:52:52.604 [FXGL Background Thread 3 ] DEBUG Engine               - isDeveloperMenuEnabled: false
23:52:52.604 [FXGL Background Thread 3 ] DEBUG Engine               - isEmbedded: false
23:52:52.604 [FXGL Background Thread 3 ] DEBUG Engine               - isEntityPreloadEnabled: true
23:52:52.604 [FXGL Background Thread 3 ] DEBUG Engine               - isExperimentalTiledLargeMap: false
23:52:52.604 [FXGL Background Thread 3 ] DEBUG Engine               - isFileSystemWriteAllowed: true
23:52:52.604 [FXGL Background Thread 3 ] DEBUG Engine               - isFullScreenAllowed: false
23:52:52.604 [FXGL Background Thread 3 ] DEBUG Engine               - isFullScreenFromStart: false
23:52:52.604 [FXGL Background Thread 3 ] DEBUG Engine               - isGameMenuEnabled: true
23:52:52.604 [FXGL Background Thread 3 ] DEBUG Engine               - isIOS: false
23:52:52.604 [FXGL Background Thread 3 ] DEBUG Engine               - isIntroEnabled: false
23:52:52.604 [FXGL Background Thread 3 ] DEBUG Engine               - isLinux: false
23:52:52.604 [FXGL Background Thread 3 ] DEBUG Engine               - isMac: false
23:52:52.604 [FXGL Background Thread 3 ] DEBUG Engine               - isMainMenuEnabled: true
23:52:52.604 [FXGL Background Thread 3 ] DEBUG Engine               - isManualResizeEnabled: false
23:52:52.604 [FXGL Background Thread 3 ] DEBUG Engine               - isMobile: false
23:52:52.604 [FXGL Background Thread 3 ] DEBUG Engine               - isNative: false
23:52:52.605 [FXGL Background Thread 3 ] DEBUG Engine               - isPauseMusicWhenMinimized: true
23:52:52.605 [FXGL Background Thread 3 ] DEBUG Engine               - isPreserveResizeRatio: false
23:52:52.605 [FXGL Background Thread 3 ] DEBUG Engine               - isProfilingEnabled: false
23:52:52.605 [FXGL Background Thread 3 ] DEBUG Engine               - isScaleAffectedOnResize: true
23:52:52.605 [FXGL Background Thread 3 ] DEBUG Engine               - isSingleStep: false
23:52:52.605 [FXGL Background Thread 3 ] DEBUG Engine               - isUserProfileEnabled: false
23:52:52.605 [FXGL Background Thread 3 ] DEBUG Engine               - isWindows: true
23:52:52.605 [FXGL Background Thread 3 ] DEBUG Engine               - language: ObjectProperty [value: ENGLISH]
23:52:52.605 [FXGL Background Thread 3 ] DEBUG Engine               - menuKey: ESCAPE
23:52:52.605 [FXGL Background Thread 3 ] DEBUG Engine               - mouseSensitivity: 0.2
23:52:52.605 [FXGL Background Thread 3 ] DEBUG Engine               - notificationViewClass: class com.almasb.fxgl.notification.view.XboxNotificationView
23:52:52.606 [FXGL Background Thread 3 ] DEBUG Engine               - pixelsPerMeter: 50.0
23:52:52.606 [FXGL Background Thread 3 ] DEBUG Engine               - platform: WINDOWS
23:52:52.606 [FXGL Background Thread 3 ] DEBUG Engine               - prefHeightProperty: ReadOnlyDoubleProperty [value: 720.0]
23:52:52.606 [FXGL Background Thread 3 ] DEBUG Engine               - prefWidthProperty: ReadOnlyDoubleProperty [value: 1280.0]
23:52:52.606 [FXGL Background Thread 3 ] DEBUG Engine               - profileDir: profiles/
23:52:52.606 [FXGL Background Thread 3 ] DEBUG Engine               - profileName: StringProperty [value: DEFAULT]
23:52:52.606 [FXGL Background Thread 3 ] DEBUG Engine               - randomSeed: -1
23:52:52.606 [FXGL Background Thread 3 ] DEBUG Engine               - runtimeInfo: RuntimeInfo(platform=WINDOWS, version=25, build=05.02.2026 22.57)
23:52:52.606 [FXGL Background Thread 3 ] DEBUG Engine               - saveFileExt: sav
23:52:52.606 [FXGL Background Thread 3 ] DEBUG Engine               - scaledHeightProp$fxgl: DoubleProperty [bound, value: 671.0]
23:52:52.606 [FXGL Background Thread 3 ] DEBUG Engine               - scaledWidthProp$fxgl: DoubleProperty [bound, value: 1169.0]
23:52:52.606 [FXGL Background Thread 3 ] DEBUG Engine               - sceneFactory: org.group1.GamePackage.Factory.MainSceneFactory@37c27105
23:52:52.606 [FXGL Background Thread 3 ] DEBUG Engine               - secondsIn24h: 60
23:52:52.606 [FXGL Background Thread 3 ] DEBUG Engine               - soundMenuBack: menu/back.wav
23:52:52.606 [FXGL Background Thread 3 ] DEBUG Engine               - soundMenuPress: menu/press.wav
23:52:52.606 [FXGL Background Thread 3 ] DEBUG Engine               - soundMenuSelect: menu/select.wav
23:52:52.606 [FXGL Background Thread 3 ] DEBUG Engine               - soundNotification: core/notification.wav
23:52:52.606 [FXGL Background Thread 3 ] DEBUG Engine               - stageStyle: DECORATED
23:52:52.606 [FXGL Background Thread 3 ] DEBUG Engine               - supportedLanguages: [ENGLISH, FRENCH, GERMAN, HUNGARIAN, RUSSIAN]
23:52:52.606 [FXGL Background Thread 3 ] DEBUG Engine               - ticksPerSecond: -1
23:52:52.606 [FXGL Background Thread 3 ] DEBUG Engine               - title: Untitled
23:52:52.606 [FXGL Background Thread 3 ] DEBUG Engine               - urlGithub: https://github.com/AlmasB/FXGL
23:52:52.606 [FXGL Background Thread 3 ] DEBUG Engine               - urlLeaderboard: http://fxgl-top.herokuapp.com/
23:52:52.606 [FXGL Background Thread 3 ] DEBUG Engine               - urlPOM: https://raw.githubusercontent.com/AlmasB/FXGL/release/README.md
23:52:52.607 [FXGL Background Thread 3 ] DEBUG Engine               - userAppClass: class org.group1.GamePackage.Application
23:52:52.607 [FXGL Background Thread 3 ] DEBUG Engine               - version: 0.0
23:52:52.607 [FXGL Background Thread 3 ] DEBUG Engine               - versionCheckDays: 7
23:52:52.607 [FXGL Background Thread 3 ] DEBUG Engine               - width: 1280
23:52:52.607 [FXGL Background Thread 3 ] DEBUG Engine               - Logging services
23:52:52.607 [FXGL Background Thread 3 ] DEBUG Engine               - class com.almasb.fxgl.app.services.FXGLAssetLoaderService
23:52:52.607 [FXGL Background Thread 3 ] DEBUG Engine               - class com.almasb.fxgl.app.FXGLApplication$GameApplicationService
23:52:52.607 [FXGL Background Thread 3 ] DEBUG Engine               - class com.almasb.fxgl.app.services.FXGLDialogService
23:52:52.607 [FXGL Background Thread 3 ] DEBUG Engine               - class com.almasb.fxgl.app.services.IOTaskExecutorService
23:52:52.607 [FXGL Background Thread 3 ] DEBUG Engine               - class com.almasb.fxgl.io.FileSystemService
23:52:52.607 [FXGL Background Thread 3 ] DEBUG Engine               - class com.almasb.fxgl.localization.LocalizationService
23:52:52.607 [FXGL Background Thread 3 ] DEBUG Engine               - class com.almasb.fxgl.app.services.SystemBundleService
23:52:52.607 [FXGL Background Thread 3 ] DEBUG Engine               - class com.almasb.fxgl.profile.SaveLoadService
23:52:52.607 [FXGL Background Thread 3 ] DEBUG Engine               - class com.almasb.fxgl.ui.FXGLUIFactoryServiceProvider
23:52:52.608 [FXGL Background Thread 3 ] DEBUG Engine               - class com.almasb.fxgl.ui.FXGLDialogFactoryServiceProvider
23:52:52.608 [FXGL Background Thread 3 ] DEBUG Engine               - class com.almasb.fxgl.audio.AudioPlayer
23:52:52.608 [FXGL Background Thread 3 ] DEBUG Engine               - class com.almasb.fxgl.notification.impl.NotificationServiceProvider
23:52:52.608 [FXGL Background Thread 3 ] DEBUG Engine               - class com.almasb.fxgl.achievement.AchievementService
23:52:52.608 [FXGL Background Thread 3 ] DEBUG Engine               - class com.almasb.fxgl.cutscene.CutsceneService
23:52:52.608 [FXGL Background Thread 3 ] DEBUG Engine               - class com.almasb.fxgl.minigames.MiniGameService
23:52:52.608 [FXGL Background Thread 3 ] DEBUG Engine               - class com.almasb.fxgl.net.NetService
23:52:52.608 [FXGL Background Thread 3 ] DEBUG Engine               - class com.almasb.fxgl.app.services.UpdaterService
23:52:52.608 [FXGL Background Thread 3 ] DEBUG Engine               - class com.almasb.fxgl.dev.DevService
23:52:53.227 [JavaFX Application Thread] DEBUG FXGLAssetLoaderServi - Loading from file system: file:/C:/Users/ryles/Downloads/ComProg_Project/target/classes/assets/textures/enemy_sprite.png
23:52:53.233 [JavaFX Application Thread] DEBUG FXGLAssetLoaderServi - Loading from file system: file:/C:/Users/ryles/Downloads/ComProg_Project/target/classes/assets/textures/explosion_sprite.png
23:52:55.386 [JavaFX Application Thread] DEBUG FXGLAssetLoaderServi - Loading from file system: file:/C:/Users/ryles/Downloads/ComProg_Project/target/classes/assets/textures/bullet_sprite.png
23:52:57.257 [JavaFX Application Thread] DEBUG FXGLAssetLoaderServi - Loading from file system: file:/C:/Users/ryles/Downloads/ComProg_Project/target/classes/assets/sounds/death_sound.wav
23:53:22.056 [JavaFX Application Thread] DEBUG FXGLApplication      - Exiting FXGL
23:53:22.056 [JavaFX Application Thread] DEBUG LoopRunner           - Stopping loop
23:53:22.056 [JavaFX Application Thread] DEBUG SystemBundleService  - Saving FXGL system data
23:53:22.059 [JavaFX Application Thread] DEBUG FileSystemAccess     - Writing to: C:\Users\ryles\Downloads\ComProg_Project\system\fxgl.bundle
23:53:22.061 [JavaFX Application Thread] DEBUG Async                - Shutting down background threads
23:53:22.061 [JavaFX Application Thread] DEBUG PrimaryStageWindow   - Closing main window
23:53:22.094 [JavaFX Application Thread] DEBUG Logger               - Closing Logger
