23:59:58.726 [main                     ] DEBUG Logger               - Configured Logger
23:59:58.731 [main                     ] DEBUG GameApplication      - Logging settings
Title: Untitled
Version: 0.0
Width: 1280
Height: 720
Fullscreen: false
Intro: false
Profiling: false
Single step:false
App Mode: DEVELOPER
Menu Key: ESCAPE
Stage Style: DECORATED
Scene Factory: class org.group1.GamePackage.Factory.MainSceneFactory

23:59:58.972 [JavaFX Application Thread] DEBUG FXGLApplication      - Initializing FXGL
23:59:58.975 [JavaFX Application Thread] INFO  Engine               - FXGL-25 (05.02.2026 22.57) on WINDOWS (J:25.0.1 FX:21.0.6)
23:59:58.976 [JavaFX Application Thread] DEBUG Engine               - JRE Vendor Name: Oracle Corporation
23:59:58.976 [JavaFX Application Thread] DEBUG Engine               - Running on OS: Windows 11 version 10.0
23:59:58.976 [JavaFX Application Thread] DEBUG Engine               - Architecture: amd64
23:59:58.976 [JavaFX Application Thread] INFO  Engine               - Source code and latest versions at: https://github.com/AlmasB/FXGL
23:59:58.977 [JavaFX Application Thread] INFO  Engine               -       Ask questions and discuss at: https://github.com/AlmasB/FXGL/discussions
23:59:59.048 [JavaFX Application Thread] DEBUG PrimaryStageWindow   - Creating a JavaFX scene
23:59:59.048 [JavaFX Application Thread] DEBUG PrimaryStageWindow   - Target size > screen size
23:59:59.082 [JavaFX Application Thread] DEBUG PrimaryStageWindow   - Target settings size: 1280.0 x 720.0
23:59:59.082 [JavaFX Application Thread] DEBUG PrimaryStageWindow   - Scaled scene size:    1169.0 x 671.0
23:59:59.083 [JavaFX Application Thread] DEBUG PrimaryStageWindow   - Scaled ratio: (0.91328125, 0.9319444444444445)
23:59:59.083 [JavaFX Application Thread] DEBUG PrimaryStageWindow   - Set initial scene to FXGLStartupScene
23:59:59.086 [JavaFX Application Thread] DEBUG PrimaryStageWindow   - Opening main window
23:59:59.164 [JavaFX Application Thread] DEBUG PrimaryStageWindow   - Window border size: (15.0, 37.66668701171875)
23:59:59.164 [JavaFX Application Thread] DEBUG PrimaryStageWindow   - Scaled size: 1169.0 x 671.0
23:59:59.165 [JavaFX Application Thread] DEBUG PrimaryStageWindow   - Scaled ratio: (0.91328125, 0.9319444444444445)
23:59:59.165 [JavaFX Application Thread] DEBUG PrimaryStageWindow   - Scene size: 1169.0 x 671.0
23:59:59.165 [JavaFX Application Thread] DEBUG PrimaryStageWindow   - Stage size: 1184.0 x 708.6666870117188
23:59:59.173 [FXGL Background Thread 1 ] DEBUG Engine               - Initializing environment variables
23:59:59.240 [FXGL Background Thread 1 ] DEBUG FXGLAssetLoaderServi - User app class for loading assets: class org.group1.GamePackage.Application
23:59:59.240 [FXGL Background Thread 1 ] DEBUG GameApplicationServi - Applying CSS: fxgl_dark.css
23:59:59.241 [FXGL Background Thread 1 ] DEBUG FXGLAssetLoaderServi - Loading from file system: jar:file:///C:/Users/ryles/.m2/repository/com/github/almasb/fxgl/25/fxgl-25.jar!/fxglassets/ui/css/fxgl_dark.css
23:59:59.297 [FXGL Background Thread 1 ] DEBUG GameApplicationServi - Initializing application scenes
23:59:59.371 [FXGL Background Thread 1 ] DEBUG GameWorld            - Game world initialized
23:59:59.431 [FXGL Background Thread 1 ] DEBUG PhysicsWorld         - Physics world initialized: appHeight=720, physics.ppm=50.0
23:59:59.431 [FXGL Background Thread 1 ] DEBUG PhysicsWorld         - Using strategy: BRUTE_FORCE
23:59:59.437 [FXGL Background Thread 1 ] DEBUG GameScene            - Game scene initialized: 1280x720
23:59:59.452 [FXGL Background Thread 1 ] DEBUG FXGL.DefaultMenu     - createMenuBodyGameMenu()
23:59:59.461 [FXGL Background Thread 1 ] DEBUG FXGL.DefaultMenu     - createOptionsMenu()
23:59:59.470 [FXGL Background Thread 1 ] DEBUG FXGLAssetLoaderServi - Loading from file system: jar:file:///C:/Users/ryles/.m2/repository/com/github/almasb/fxgl/25/fxgl-25.jar!/fxglassets/textures/particles/smoke.png
23:59:59.557 [FXGL Background Thread 1 ] DEBUG FXGLAssetLoaderServi - Loading from file system: jar:file:///C:/Users/ryles/.m2/repository/com/github/almasb/fxgl/25/fxgl-25.jar!/fxglassets/textures/particles/trace_horizontal.png
23:59:59.579 [FXGL Background Thread 1 ] DEBUG GameApplicationServi - Application scenes initialized
23:59:59.587 [FXGL Background Thread 1 ] DEBUG SystemBundleService  - Loading FXGL system data
23:59:59.590 [FXGL Background Thread 1 ] DEBUG FileSystemAccess     - Reading from: C:\Users\ryles\Downloads\ComProg_Project\system\fxgl.bundle
23:59:59.596 [FXGL Background Thread 1 ] DEBUG SystemBundleService  - Bundle FXGL: {}
23:59:59.596 [FXGL Background Thread 1 ] DEBUG UpdaterService       - Checking for updates
23:59:59.599 [FXGL Background Thread 4 ] DEBUG FXGLApplication      - Loading fonts
23:59:59.600 [FXGL Background Thread 4 ] DEBUG FXGLAssetLoaderServi - Loading from file system: jar:file:///C:/Users/ryles/.m2/repository/com/github/almasb/fxgl/25/fxgl-25.jar!/fxglassets/ui/fonts/VarelaRound-Regular.ttf
23:59:59.600 [FXGL Background Thread 1 ] DEBUG FXGLApplication      - Loading default localization
23:59:59.600 [FXGL Background Thread 1 ] DEBUG FXGLAssetLoaderServi - Loading from file system: jar:file:///C:/Users/ryles/.m2/repository/com/github/almasb/fxgl/25/fxgl-25.jar!/fxglassets/languages/english.lang
23:59:59.613 [FXGL Background Thread 1 ] INFO  FXGLApplication      - FXGL initialization took: 0.440 sec
23:59:59.627 [JavaFX Application Thread] DEBUG Input                - Registered new binding: Move left - A
23:59:59.627 [JavaFX Application Thread] DEBUG Input                - Registered new binding: Move right - D
23:59:59.627 [JavaFX Application Thread] DEBUG Input                - Registered new binding: Move down - S
23:59:59.628 [JavaFX Application Thread] DEBUG Input                - Registered new binding: Move up - W
23:59:59.629 [JavaFX Application Thread] DEBUG Input                - Registered new binding: Shoot - Space
23:59:59.629 [JavaFX Application Thread] DEBUG FXGLAssetLoaderServi - Loading from file system: jar:file:///C:/Users/ryles/.m2/repository/com/github/almasb/fxgl/25/fxgl-25.jar!/fxglassets/textures/fxgl_icon.png
23:59:59.638 [FXGL Background Thread 4 ] DEBUG FXGLAssetLoaderServi - Loading from file system: jar:file:///C:/Users/ryles/.m2/repository/com/github/almasb/fxgl/25/fxgl-25.jar!/fxglassets/ui/fonts/Abel-Regular.ttf
23:59:59.642 [FXGL Background Thread 4 ] DEBUG FXGLAssetLoaderServi - Loading from file system: jar:file:///C:/Users/ryles/.m2/repository/com/github/almasb/fxgl/25/fxgl-25.jar!/fxglassets/ui/fonts/TerminalLandMono-Regular.otf
23:59:59.648 [JavaFX Application Thread] DEBUG FXGLAssetLoaderServi - Loading from file system: jar:file:///C:/Users/ryles/.m2/repository/com/github/almasb/fxgl/25/fxgl-25.jar!/fxglassets/textures/fxgl_default_cursor.png
23:59:59.649 [FXGL Background Thread 4 ] DEBUG FXGLAssetLoaderServi - Loading from file system: jar:file:///C:/Users/ryles/.m2/repository/com/github/almasb/fxgl/25/fxgl-25.jar!/fxglassets/ui/fonts/Courier-Prime.ttf
23:59:59.652 [JavaFX Application Thread] DEBUG Input                - Registered new binding: Screenshot - CTRL+8
23:59:59.653 [JavaFX Application Thread] DEBUG Input                - Registered new binding: System info dump - CTRL+9
23:59:59.653 [JavaFX Application Thread] DEBUG Input                - Registered new binding: Restart - CTRL+R
23:59:59.655 [JavaFX Application Thread] DEBUG Input                - Registered new binding: Toggle Debug Camera - CTRL+7
23:59:59.658 [JavaFX Application Thread] DEBUG LoopRunner           - Starting loop
23:59:59.658 [JavaFX Application Thread] DEBUG LoopRunner           - Initializing JavaFX AnimationTimerLoop
23:59:59.660 [JavaFX Application Thread] DEBUG Input                - Clearing active input actions
23:59:59.670 [JavaFX Application Thread] DEBUG GameApplicationServi - Removing overlay from FXGLStartupScene and adding to FXGLMainMenuDummyScene
23:59:59.670 [JavaFX Application Thread] DEBUG PrimaryStageWindow   - FXGLStartupScene -> FXGLMainMenuDummyScene
23:59:59.670 [JavaFX Application Thread] DEBUG PrimaryStageWindow   - Push state: MenuInterface
23:59:59.671 [JavaFX Application Thread] DEBUG Input                - Clearing active input actions
23:59:59.674 [JavaFX Application Thread] DEBUG GameApplicationServi - Removing overlay from FXGLMainMenuDummyScene and adding to MenuInterface
23:59:59.675 [JavaFX Application Thread] DEBUG PrimaryStageWindow   - FXGLMainMenuDummyScene -> MenuInterface
23:59:59.721 [JavaFX Application Thread] DEBUG FXGLApplication      - Registering font factories with UI factory
00:00:00.415 [JavaFX Application Thread] DEBUG Menu                 - fireNewGame()
00:00:00.415 [JavaFX Application Thread] DEBUG GameApplicationServi - Starting new game
00:00:00.415 [JavaFX Application Thread] DEBUG PrimaryStageWindow   - Pop state: MenuInterface
00:00:00.415 [JavaFX Application Thread] DEBUG Input                - Clearing active input actions
00:00:00.416 [JavaFX Application Thread] DEBUG GameApplicationServi - Removing overlay from MenuInterface and adding to FXGLMainMenuDummyScene
00:00:00.416 [JavaFX Application Thread] DEBUG PrimaryStageWindow   - FXGLMainMenuDummyScene <- MenuInterface
00:00:00.416 [JavaFX Application Thread] DEBUG Input                - Clearing active input actions
00:00:00.420 [JavaFX Application Thread] DEBUG GameApplicationServi - Removing overlay from FXGLMainMenuDummyScene and adding to LoadingInterface
00:00:00.421 [JavaFX Application Thread] DEBUG PrimaryStageWindow   - FXGLMainMenuDummyScene -> LoadingInterface
00:00:00.421 [JavaFX Application Thread] DEBUG GameApplicationServi - Clearing previous game
00:00:00.421 [JavaFX Application Thread] DEBUG GameScene            - Clearing game scene
00:00:00.421 [JavaFX Application Thread] DEBUG GameWorld            - Clearing game world
00:00:00.421 [JavaFX Application Thread] DEBUG PhysicsWorld         - Clearing physics world
00:00:00.423 [FXGL Background Thread 2 ] DEBUG FXGLApplication      - Initializing game
00:00:00.434 [FXGL Background Thread 2 ] DEBUG FXGLAssetLoaderServi - Loading from file system: file:/C:/Users/ryles/Downloads/ComProg_Project/target/classes/assets/textures/background.png
00:00:00.529 [FXGL Background Thread 2 ] DEBUG FXGLAssetLoaderServi - Loading from file system: file:/C:/Users/ryles/Downloads/ComProg_Project/target/classes/assets/textures/background_stars1.png
00:00:00.625 [FXGL Background Thread 2 ] DEBUG FXGLAssetLoaderServi - Loading from file system: file:/C:/Users/ryles/Downloads/ComProg_Project/target/classes/assets/textures/background_stars2.png
00:00:00.655 [FXGL Background Thread 2 ] DEBUG FXGLAssetLoaderServi - Loading from file system: file:/C:/Users/ryles/Downloads/ComProg_Project/target/classes/assets/textures/background_stars3.png
00:00:00.685 [FXGL Background Thread 2 ] DEBUG FXGLAssetLoaderServi - Loading from file system: file:/C:/Users/ryles/Downloads/ComProg_Project/target/classes/assets/textures/background_cloud1.png
00:00:00.694 [FXGL Background Thread 2 ] DEBUG FXGLAssetLoaderServi - Loading from file system: file:/C:/Users/ryles/Downloads/ComProg_Project/target/classes/assets/textures/background_cloud2.png
00:00:00.707 [FXGL Background Thread 2 ] DEBUG FXGLAssetLoaderServi - Loading from file system: file:/C:/Users/ryles/Downloads/ComProg_Project/target/classes/assets/textures/background_mist1.png
00:00:00.716 [FXGL Background Thread 2 ] DEBUG FXGLAssetLoaderServi - Loading from file system: file:/C:/Users/ryles/Downloads/ComProg_Project/target/classes/assets/textures/background_hills.png
00:00:00.736 [FXGL Background Thread 2 ] DEBUG FXGLAssetLoaderServi - Loading from file system: file:/C:/Users/ryles/Downloads/ComProg_Project/target/classes/assets/textures/background_forest.png
00:00:00.747 [FXGL Background Thread 2 ] DEBUG FXGLAssetLoaderServi - Loading from file system: file:/C:/Users/ryles/Downloads/ComProg_Project/target/classes/assets/textures/background_large_forest.png
00:00:00.780 [FXGL Background Thread 2 ] DEBUG FXGLAssetLoaderServi - Loading from file system: file:/C:/Users/ryles/Downloads/ComProg_Project/target/classes/assets/textures/idle_sprite.png
00:00:00.785 [FXGL Background Thread 2 ] DEBUG FXGLAssetLoaderServi - Loading from file system: file:/C:/Users/ryles/Downloads/ComProg_Project/target/classes/assets/textures/down_sprite.png
00:00:00.787 [FXGL Background Thread 2 ] DEBUG FXGLAssetLoaderServi - Loading from file system: file:/C:/Users/ryles/Downloads/ComProg_Project/target/classes/assets/textures/up_sprite.png
00:00:00.797 [FXGL Background Thread 2 ] DEBUG FXGLAssetLoaderServi - Loading from file system: file:/C:/Users/ryles/Downloads/ComProg_Project/target/classes/assets/music/main_music.wav
00:00:00.905 [FXGL Background Thread 2 ] DEBUG AudioPlayer          - Playing music com.almasb.fxgl.audio.Music@20f0cab4
00:00:00.913 [FXGL Background Thread 2 ] INFO  FXGLApplication      - Game initialization took: 0.491 sec
00:00:00.914 [JavaFX Application Thread] DEBUG Input                - Clearing active input actions
00:00:00.921 [JavaFX Application Thread] DEBUG GameApplicationServi - Removing overlay from LoadingInterface and adding to GameScene
00:00:00.922 [JavaFX Application Thread] DEBUG PrimaryStageWindow   - LoadingInterface -> GameScene
00:00:01.415 [JavaFX Application Thread] DEBUG FXGLAssetLoaderServi - Loading from file system: file:/C:/Users/ryles/Downloads/ComProg_Project/target/classes/assets/textures/enemy_sprite.png
00:00:01.421 [JavaFX Application Thread] DEBUG FXGLAssetLoaderServi - Loading from file system: file:/C:/Users/ryles/Downloads/ComProg_Project/target/classes/assets/textures/explosion_sprite.png
00:00:01.974 [JavaFX Application Thread] DEBUG FXGLAssetLoaderServi - Loading from file system: file:/C:/Users/ryles/Downloads/ComProg_Project/target/classes/assets/textures/bullet_sprite.png
00:00:02.210 [JavaFX Application Thread] DEBUG FXGLAssetLoaderServi - Loading from file system: file:/C:/Users/ryles/Downloads/ComProg_Project/target/classes/assets/sounds/death_sound.wav
00:00:02.599 [FXGL Background Thread 3 ] DEBUG Engine               - Logging environment variables
00:00:02.599 [FXGL Background Thread 3 ] DEBUG Engine               - achievements: []
00:00:02.600 [FXGL Background Thread 3 ] DEBUG Engine               - actualHeight: 671.0
00:00:02.600 [FXGL Background Thread 3 ] DEBUG Engine               - actualHeightProperty: ReadOnlyDoubleProperty [value: 671.0]
00:00:02.600 [FXGL Background Thread 3 ] DEBUG Engine               - actualWidth: 1169.0
00:00:02.600 [FXGL Background Thread 3 ] DEBUG Engine               - actualWidthProperty: ReadOnlyDoubleProperty [value: 1169.0]
00:00:02.600 [FXGL Background Thread 3 ] DEBUG Engine               - appIcon: fxgl_icon.png
00:00:02.600 [FXGL Background Thread 3 ] DEBUG Engine               - applicationMode: DEVELOPER
00:00:02.600 [FXGL Background Thread 3 ] DEBUG Engine               - cSSList: [fxgl_dark.css]
00:00:02.600 [FXGL Background Thread 3 ] DEBUG Engine               - collisionDetectionStrategy: BRUTE_FORCE
00:00:02.600 [FXGL Background Thread 3 ] DEBUG Engine               - configClass: Optional.empty
00:00:02.600 [FXGL Background Thread 3 ] DEBUG Engine               - credits: []
00:00:02.600 [FXGL Background Thread 3 ] DEBUG Engine               - defaultCursor: CursorInfo(imageName=fxgl_default_cursor.png, hotspotX=7.0, hotspotY=6.0)
00:00:02.600 [FXGL Background Thread 3 ] DEBUG Engine               - devBBoxColorProperty: ObjectProperty [value: 0xff0000ff]
00:00:02.600 [FXGL Background Thread 3 ] DEBUG Engine               - devEnableDebugCameraProperty: BooleanProperty [value: false]
00:00:02.600 [FXGL Background Thread 3 ] DEBUG Engine               - devSensorColorProperty: ObjectProperty [value: 0xffff00ff]
00:00:02.601 [FXGL Background Thread 3 ] DEBUG Engine               - devShowBBoxProperty: BooleanProperty [value: false]
00:00:02.601 [FXGL Background Thread 3 ] DEBUG Engine               - devShowPositionProperty: BooleanProperty [value: false]
00:00:02.601 [FXGL Background Thread 3 ] DEBUG Engine               - enabledMenuItems: []
00:00:02.601 [FXGL Background Thread 3 ] DEBUG Engine               - engineServices: [class com.almasb.fxgl.app.services.FXGLAssetLoaderService, class com.almasb.fxgl.app.FXGLApplication$GameApplicationService, class com.almasb.fxgl.app.services.FXGLDialogService, class com.almasb.fxgl.app.services.IOTaskExecutorService, class com.almasb.fxgl.io.FileSystemService, class com.almasb.fxgl.localization.LocalizationService, class com.almasb.fxgl.app.services.SystemBundleService, class com.almasb.fxgl.profile.SaveLoadService, class com.almasb.fxgl.ui.FXGLUIFactoryServiceProvider, class com.almasb.fxgl.ui.FXGLDialogFactoryServiceProvider, class com.almasb.fxgl.audio.AudioPlayer, class com.almasb.fxgl.notification.impl.NotificationServiceProvider, class com.almasb.fxgl.achievement.AchievementService, class com.almasb.fxgl.cutscene.CutsceneService, class com.almasb.fxgl.minigames.MiniGameService, class com.almasb.fxgl.net.NetService, class com.almasb.fxgl.app.services.UpdaterService, class com.almasb.fxgl.dev.DevService]
00:00:02.601 [FXGL Background Thread 3 ] DEBUG Engine               - fontGame: Abel-Regular.ttf
00:00:02.601 [FXGL Background Thread 3 ] DEBUG Engine               - fontMono: TerminalLandMono-Regular.otf
00:00:02.601 [FXGL Background Thread 3 ] DEBUG Engine               - fontSizeScaleUI: 1.0
00:00:02.601 [FXGL Background Thread 3 ] DEBUG Engine               - fontText: Courier-Prime.ttf
00:00:02.601 [FXGL Background Thread 3 ] DEBUG Engine               - fontUI: VarelaRound-Regular.ttf
00:00:02.601 [FXGL Background Thread 3 ] DEBUG Engine               - fpsRefreshRate: 500.0 ms
00:00:02.602 [FXGL Background Thread 3 ] DEBUG Engine               - fullScreen: BooleanProperty [value: false]
00:00:02.602 [FXGL Background Thread 3 ] DEBUG Engine               - gameDifficulty: MEDIUM
00:00:02.602 [FXGL Background Thread 3 ] DEBUG Engine               - gameDifficultyProperty: ObjectProperty [value: MEDIUM]
00:00:02.602 [FXGL Background Thread 3 ] DEBUG Engine               - globalMusicVolume: 0.5
00:00:02.602 [FXGL Background Thread 3 ] DEBUG Engine               - globalMusicVolumeProperty: DoubleProperty [value: 0.5]
00:00:02.602 [FXGL Background Thread 3 ] DEBUG Engine               - globalSoundVolume: 0.5
00:00:02.602 [FXGL Background Thread 3 ] DEBUG Engine               - globalSoundVolumeProperty: DoubleProperty [value: 0.5]
00:00:02.602 [FXGL Background Thread 3 ] DEBUG Engine               - height: 720
00:00:02.602 [FXGL Background Thread 3 ] DEBUG Engine               - is3D: false
00:00:02.602 [FXGL Background Thread 3 ] DEBUG Engine               - isAndroid: false
00:00:02.602 [FXGL Background Thread 3 ] DEBUG Engine               - isBrowser: false
00:00:02.602 [FXGL Background Thread 3 ] DEBUG Engine               - isClickFeedbackEnabled: false
00:00:02.602 [FXGL Background Thread 3 ] DEBUG Engine               - isCloseConfirmation: false
00:00:02.602 [FXGL Background Thread 3 ] DEBUG Engine               - isDesktop: true
00:00:02.602 [FXGL Background Thread 3 ] DEBUG Engine               - isDeveloperMenuEnabled: false
00:00:02.602 [FXGL Background Thread 3 ] DEBUG Engine               - isEmbedded: false
00:00:02.602 [FXGL Background Thread 3 ] DEBUG Engine               - isEntityPreloadEnabled: true
00:00:02.602 [FXGL Background Thread 3 ] DEBUG Engine               - isExperimentalTiledLargeMap: false
00:00:02.602 [FXGL Background Thread 3 ] DEBUG Engine               - isFileSystemWriteAllowed: true
00:00:02.602 [FXGL Background Thread 3 ] DEBUG Engine               - isFullScreenAllowed: false
00:00:02.602 [FXGL Background Thread 3 ] DEBUG Engine               - isFullScreenFromStart: false
00:00:02.602 [FXGL Background Thread 3 ] DEBUG Engine               - isGameMenuEnabled: true
00:00:02.603 [FXGL Background Thread 3 ] DEBUG Engine               - isIOS: false
00:00:02.603 [FXGL Background Thread 3 ] DEBUG Engine               - isIntroEnabled: false
00:00:02.603 [FXGL Background Thread 3 ] DEBUG Engine               - isLinux: false
00:00:02.603 [FXGL Background Thread 3 ] DEBUG Engine               - isMac: false
00:00:02.603 [FXGL Background Thread 3 ] DEBUG Engine               - isMainMenuEnabled: true
00:00:02.603 [FXGL Background Thread 3 ] DEBUG Engine               - isManualResizeEnabled: false
00:00:02.603 [FXGL Background Thread 3 ] DEBUG Engine               - isMobile: false
00:00:02.603 [FXGL Background Thread 3 ] DEBUG Engine               - isNative: false
00:00:02.603 [FXGL Background Thread 3 ] DEBUG Engine               - isPauseMusicWhenMinimized: true
00:00:02.603 [FXGL Background Thread 3 ] DEBUG Engine               - isPreserveResizeRatio: false
00:00:02.603 [FXGL Background Thread 3 ] DEBUG Engine               - isProfilingEnabled: false
00:00:02.603 [FXGL Background Thread 3 ] DEBUG Engine               - isScaleAffectedOnResize: true
00:00:02.603 [FXGL Background Thread 3 ] DEBUG Engine               - isSingleStep: false
00:00:02.603 [FXGL Background Thread 3 ] DEBUG Engine               - isUserProfileEnabled: false
00:00:02.603 [FXGL Background Thread 3 ] DEBUG Engine               - isWindows: true
00:00:02.603 [FXGL Background Thread 3 ] DEBUG Engine               - language: ObjectProperty [value: ENGLISH]
00:00:02.603 [FXGL Background Thread 3 ] DEBUG Engine               - menuKey: ESCAPE
00:00:02.603 [FXGL Background Thread 3 ] DEBUG Engine               - mouseSensitivity: 0.2
00:00:02.603 [FXGL Background Thread 3 ] DEBUG Engine               - notificationViewClass: class com.almasb.fxgl.notification.view.XboxNotificationView
00:00:02.603 [FXGL Background Thread 3 ] DEBUG Engine               - pixelsPerMeter: 50.0
00:00:02.603 [FXGL Background Thread 3 ] DEBUG Engine               - platform: WINDOWS
00:00:02.603 [FXGL Background Thread 3 ] DEBUG Engine               - prefHeightProperty: ReadOnlyDoubleProperty [value: 720.0]
00:00:02.603 [FXGL Background Thread 3 ] DEBUG Engine               - prefWidthProperty: ReadOnlyDoubleProperty [value: 1280.0]
00:00:02.603 [FXGL Background Thread 3 ] DEBUG Engine               - profileDir: profiles/
00:00:02.603 [FXGL Background Thread 3 ] DEBUG Engine               - profileName: StringProperty [value: DEFAULT]
00:00:02.603 [FXGL Background Thread 3 ] DEBUG Engine               - randomSeed: -1
00:00:02.604 [FXGL Background Thread 3 ] DEBUG Engine               - runtimeInfo: RuntimeInfo(platform=WINDOWS, version=25, build=05.02.2026 22.57)
00:00:02.604 [FXGL Background Thread 3 ] DEBUG Engine               - saveFileExt: sav
00:00:02.604 [FXGL Background Thread 3 ] DEBUG Engine               - scaledHeightProp$fxgl: DoubleProperty [bound, value: 671.0]
00:00:02.604 [FXGL Background Thread 3 ] DEBUG Engine               - scaledWidthProp$fxgl: DoubleProperty [bound, value: 1169.0]
00:00:02.604 [FXGL Background Thread 3 ] DEBUG Engine               - sceneFactory: org.group1.GamePackage.Factory.MainSceneFactory@816238c
00:00:02.604 [FXGL Background Thread 3 ] DEBUG Engine               - secondsIn24h: 60
00:00:02.604 [FXGL Background Thread 3 ] DEBUG Engine               - soundMenuBack: menu/back.wav
00:00:02.604 [FXGL Background Thread 3 ] DEBUG Engine               - soundMenuPress: menu/press.wav
00:00:02.604 [FXGL Background Thread 3 ] DEBUG Engine               - soundMenuSelect: menu/select.wav
00:00:02.604 [FXGL Background Thread 3 ] DEBUG Engine               - soundNotification: core/notification.wav
00:00:02.604 [FXGL Background Thread 3 ] DEBUG Engine               - stageStyle: DECORATED
00:00:02.604 [FXGL Background Thread 3 ] DEBUG Engine               - supportedLanguages: [ENGLISH, FRENCH, GERMAN, HUNGARIAN, RUSSIAN]
00:00:02.604 [FXGL Background Thread 3 ] DEBUG Engine               - ticksPerSecond: -1
00:00:02.604 [FXGL Background Thread 3 ] DEBUG Engine               - title: Untitled
00:00:02.604 [FXGL Background Thread 3 ] DEBUG Engine               - urlGithub: https://github.com/AlmasB/FXGL
00:00:02.604 [FXGL Background Thread 3 ] DEBUG Engine               - urlLeaderboard: http://fxgl-top.herokuapp.com/
00:00:02.604 [FXGL Background Thread 3 ] DEBUG Engine               - urlPOM: https://raw.githubusercontent.com/AlmasB/FXGL/release/README.md
00:00:02.604 [FXGL Background Thread 3 ] DEBUG Engine               - userAppClass: class org.group1.GamePackage.Application
00:00:02.604 [FXGL Background Thread 3 ] DEBUG Engine               - version: 0.0
00:00:02.604 [FXGL Background Thread 3 ] DEBUG Engine               - versionCheckDays: 7
00:00:02.604 [FXGL Background Thread 3 ] DEBUG Engine               - width: 1280
00:00:02.604 [FXGL Background Thread 3 ] DEBUG Engine               - Logging services
00:00:02.604 [FXGL Background Thread 3 ] DEBUG Engine               - class com.almasb.fxgl.app.services.FXGLAssetLoaderService
00:00:02.604 [FXGL Background Thread 3 ] DEBUG Engine               - class com.almasb.fxgl.app.FXGLApplication$GameApplicationService
00:00:02.604 [FXGL Background Thread 3 ] DEBUG Engine               - class com.almasb.fxgl.app.services.FXGLDialogService
00:00:02.604 [FXGL Background Thread 3 ] DEBUG Engine               - class com.almasb.fxgl.app.services.IOTaskExecutorService
00:00:02.604 [FXGL Background Thread 3 ] DEBUG Engine               - class com.almasb.fxgl.io.FileSystemService
00:00:02.604 [FXGL Background Thread 3 ] DEBUG Engine               - class com.almasb.fxgl.localization.LocalizationService
00:00:02.604 [FXGL Background Thread 3 ] DEBUG Engine               - class com.almasb.fxgl.app.services.SystemBundleService
00:00:02.604 [FXGL Background Thread 3 ] DEBUG Engine               - class com.almasb.fxgl.profile.SaveLoadService
00:00:02.604 [FXGL Background Thread 3 ] DEBUG Engine               - class com.almasb.fxgl.ui.FXGLUIFactoryServiceProvider
00:00:02.604 [FXGL Background Thread 3 ] DEBUG Engine               - class com.almasb.fxgl.ui.FXGLDialogFactoryServiceProvider
00:00:02.604 [FXGL Background Thread 3 ] DEBUG Engine               - class com.almasb.fxgl.audio.AudioPlayer
00:00:02.604 [FXGL Background Thread 3 ] DEBUG Engine               - class com.almasb.fxgl.notification.impl.NotificationServiceProvider
00:00:02.605 [FXGL Background Thread 3 ] DEBUG Engine               - class com.almasb.fxgl.achievement.AchievementService
00:00:02.605 [FXGL Background Thread 3 ] DEBUG Engine               - class com.almasb.fxgl.cutscene.CutsceneService
00:00:02.605 [FXGL Background Thread 3 ] DEBUG Engine               - class com.almasb.fxgl.minigames.MiniGameService
00:00:02.605 [FXGL Background Thread 3 ] DEBUG Engine               - class com.almasb.fxgl.net.NetService
00:00:02.605 [FXGL Background Thread 3 ] DEBUG Engine               - class com.almasb.fxgl.app.services.UpdaterService
00:00:02.605 [FXGL Background Thread 3 ] DEBUG Engine               - class com.almasb.fxgl.dev.DevService
00:00:07.415 [JavaFX Application Thread] DEBUG FXGLAssetLoaderServi - Loading from file system: file:/C:/Users/ryles/Downloads/ComProg_Project/target/classes/assets/textures/heart_sprite.png
00:00:07.423 [JavaFX Application Thread] DEBUG FXGLAssetLoaderServi - Loading from file system: file:/C:/Users/ryles/Downloads/ComProg_Project/target/classes/assets/textures/heart_explode_sprite.png
00:00:09.493 [JavaFX Application Thread] DEBUG FXGLAssetLoaderServi - Loading from file system: file:/C:/Users/ryles/Downloads/ComProg_Project/target/classes/assets/sounds/heart_gain.wav
00:00:19.476 [JavaFX Application Thread] DEBUG FXGLAssetLoaderServi - Loading from file system: file:/C:/Users/ryles/Downloads/ComProg_Project/target/classes/assets/sounds/fah.wav
00:00:34.545 [JavaFX Application Thread] DEBUG FXGLApplication      - Exiting FXGL
00:00:34.545 [JavaFX Application Thread] DEBUG LoopRunner           - Stopping loop
00:00:34.545 [JavaFX Application Thread] DEBUG SystemBundleService  - Saving FXGL system data
00:00:34.547 [JavaFX Application Thread] DEBUG FileSystemAccess     - Writing to: C:\Users\ryles\Downloads\ComProg_Project\system\fxgl.bundle
00:00:34.549 [JavaFX Application Thread] DEBUG Async                - Shutting down background threads
00:00:34.549 [JavaFX Application Thread] DEBUG PrimaryStageWindow   - Closing main window
00:00:34.572 [JavaFX Application Thread] DEBUG Logger               - Closing Logger
