17:52:08.321 [main                     ] DEBUG Logger               - Configured Logger
17:52:08.327 [main                     ] DEBUG GameApplication      - Logging settings
Title: Untitled
Version: 0.0
Width: 1280
Height: 720
Fullscreen: false
Intro: false
Profiling: false
Single step:false
App Mode: DEVELOPER
Menu Key: ESCAPE
Stage Style: DECORATED
Scene Factory: class org.group1.GamePackage.Factory.MainSceneFactory

17:52:08.857 [JavaFX Application Thread] DEBUG FXGLApplication      - Initializing FXGL
17:52:08.859 [JavaFX Application Thread] INFO  Engine               - FXGL-25 (05.02.2026 22.57) on WINDOWS (J:25.0.2 FX:21.0.6)
17:52:08.859 [JavaFX Application Thread] DEBUG Engine               - JRE Vendor Name: Oracle Corporation
17:52:08.859 [JavaFX Application Thread] DEBUG Engine               - Running on OS: Windows 11 version 10.0
17:52:08.859 [JavaFX Application Thread] DEBUG Engine               - Architecture: amd64
17:52:08.860 [JavaFX Application Thread] INFO  Engine               - Source code and latest versions at: https://github.com/AlmasB/FXGL
17:52:08.860 [JavaFX Application Thread] INFO  Engine               -       Ask questions and discuss at: https://github.com/AlmasB/FXGL/discussions
17:52:08.921 [JavaFX Application Thread] DEBUG PrimaryStageWindow   - Creating a JavaFX scene
17:52:08.955 [JavaFX Application Thread] DEBUG PrimaryStageWindow   - Target settings size: 1280.0 x 720.0
17:52:08.955 [JavaFX Application Thread] DEBUG PrimaryStageWindow   - Scaled scene size:    1280.0 x 720.0
17:52:08.956 [JavaFX Application Thread] DEBUG PrimaryStageWindow   - Scaled ratio: (1.0, 1.0)
17:52:08.956 [JavaFX Application Thread] DEBUG PrimaryStageWindow   - Set initial scene to FXGLStartupScene
17:52:08.962 [JavaFX Application Thread] DEBUG PrimaryStageWindow   - Opening main window
17:52:09.034 [JavaFX Application Thread] DEBUG PrimaryStageWindow   - Window border size: (16.0, 39.0)
17:52:09.034 [JavaFX Application Thread] DEBUG PrimaryStageWindow   - Scaled size: 1280.0 x 720.0
17:52:09.034 [JavaFX Application Thread] DEBUG PrimaryStageWindow   - Scaled ratio: (1.0, 1.0)
17:52:09.034 [JavaFX Application Thread] DEBUG PrimaryStageWindow   - Scene size: 1280.0 x 720.0
17:52:09.034 [JavaFX Application Thread] DEBUG PrimaryStageWindow   - Stage size: 1296.0 x 759.0
17:52:09.038 [FXGL Background Thread 1 ] DEBUG Engine               - Initializing environment variables
17:52:09.073 [FXGL Background Thread 1 ] DEBUG FXGLAssetLoaderServi - User app class for loading assets: class org.group1.GamePackage.Application
17:52:09.073 [FXGL Background Thread 1 ] DEBUG GameApplicationServi - Applying CSS: fxgl_dark.css
17:52:09.074 [FXGL Background Thread 1 ] DEBUG FXGLAssetLoaderServi - Loading from file system: jar:file:///C:/Users/Wren/.m2/repository/com/github/almasb/fxgl/25/fxgl-25.jar!/fxglassets/ui/css/fxgl_dark.css
17:52:09.109 [FXGL Background Thread 1 ] DEBUG GameApplicationServi - Initializing application scenes
17:52:09.113 [FXGL Background Thread 1 ] DEBUG FXGLAssetLoaderServi - Loading from file system: file:/C:/Users/Wren/IdeaProjects/GameGame/target/classes/assets/textures/background.png
17:52:09.215 [FXGL Background Thread 1 ] DEBUG FXGLAssetLoaderServi - Loading from file system: file:/C:/Users/Wren/IdeaProjects/GameGame/target/classes/assets/textures/background_stars1.png
17:52:09.257 [FXGL Background Thread 1 ] DEBUG FXGLAssetLoaderServi - Loading from file system: file:/C:/Users/Wren/IdeaProjects/GameGame/target/classes/assets/textures/background_stars2.png
17:52:09.298 [FXGL Background Thread 1 ] DEBUG FXGLAssetLoaderServi - Loading from file system: file:/C:/Users/Wren/IdeaProjects/GameGame/target/classes/assets/textures/background_stars3.png
17:52:09.323 [FXGL Background Thread 1 ] DEBUG FXGLAssetLoaderServi - Loading from file system: file:/C:/Users/Wren/IdeaProjects/GameGame/target/classes/assets/textures/background_cloud1.png
17:52:09.332 [FXGL Background Thread 1 ] DEBUG FXGLAssetLoaderServi - Loading from file system: file:/C:/Users/Wren/IdeaProjects/GameGame/target/classes/assets/textures/background_cloud2.png
17:52:09.344 [FXGL Background Thread 1 ] DEBUG FXGLAssetLoaderServi - Loading from file system: file:/C:/Users/Wren/IdeaProjects/GameGame/target/classes/assets/textures/background_mist1.png
17:52:09.352 [FXGL Background Thread 1 ] DEBUG FXGLAssetLoaderServi - Loading from file system: file:/C:/Users/Wren/IdeaProjects/GameGame/target/classes/assets/textures/background_hills.png
17:52:09.371 [FXGL Background Thread 1 ] DEBUG FXGLAssetLoaderServi - Loading from file system: file:/C:/Users/Wren/IdeaProjects/GameGame/target/classes/assets/textures/background_forest.png
17:52:09.381 [FXGL Background Thread 1 ] DEBUG FXGLAssetLoaderServi - Loading from file system: file:/C:/Users/Wren/IdeaProjects/GameGame/target/classes/assets/textures/background_large_forest.png
17:52:09.444 [FXGL Background Thread 1 ] DEBUG GameWorld            - Game world initialized
17:52:09.476 [FXGL Background Thread 1 ] DEBUG PhysicsWorld         - Physics world initialized: appHeight=720, physics.ppm=50.0
17:52:09.476 [FXGL Background Thread 1 ] DEBUG PhysicsWorld         - Using strategy: BRUTE_FORCE
17:52:09.481 [FXGL Background Thread 1 ] DEBUG GameScene            - Game scene initialized: 1280x720
17:52:09.529 [FXGL Background Thread 1 ] DEBUG GameApplicationServi - Application scenes initialized
17:52:09.546 [FXGL Background Thread 1 ] DEBUG SystemBundleService  - Loading FXGL system data
17:52:09.548 [FXGL Background Thread 1 ] DEBUG FileSystemAccess     - Reading from: C:\Users\Wren\IdeaProjects\GameGame\system\fxgl.bundle
17:52:09.550 [FXGL Background Thread 1 ] DEBUG SystemBundleService  - Bundle FXGL: {}
17:52:09.550 [FXGL Background Thread 1 ] DEBUG UpdaterService       - Checking for updates
17:52:09.554 [FXGL Background Thread 4 ] DEBUG FXGLApplication      - Loading fonts
17:52:09.554 [FXGL Background Thread 1 ] DEBUG FXGLApplication      - Loading default localization
17:52:09.554 [FXGL Background Thread 4 ] DEBUG FXGLAssetLoaderServi - Loading from file system: jar:file:///C:/Users/Wren/.m2/repository/com/github/almasb/fxgl/25/fxgl-25.jar!/fxglassets/ui/fonts/VarelaRound-Regular.ttf
17:52:09.555 [FXGL Background Thread 1 ] DEBUG FXGLAssetLoaderServi - Loading from file system: jar:file:///C:/Users/Wren/.m2/repository/com/github/almasb/fxgl/25/fxgl-25.jar!/fxglassets/languages/english.lang
17:52:09.563 [FXGL Background Thread 1 ] INFO  FXGLApplication      - FXGL initialization took: 0.525 sec
17:52:09.563 [FXGL Background Thread 4 ] DEBUG FXGLAssetLoaderServi - Loading from file system: jar:file:///C:/Users/Wren/.m2/repository/com/github/almasb/fxgl/25/fxgl-25.jar!/fxglassets/ui/fonts/Abel-Regular.ttf
17:52:09.568 [FXGL Background Thread 4 ] DEBUG FXGLAssetLoaderServi - Loading from file system: jar:file:///C:/Users/Wren/.m2/repository/com/github/almasb/fxgl/25/fxgl-25.jar!/fxglassets/ui/fonts/TerminalLandMono-Regular.otf
17:52:09.572 [FXGL Background Thread 4 ] DEBUG FXGLAssetLoaderServi - Loading from file system: jar:file:///C:/Users/Wren/.m2/repository/com/github/almasb/fxgl/25/fxgl-25.jar!/fxglassets/ui/fonts/Courier-Prime.ttf
17:52:09.574 [JavaFX Application Thread] DEBUG Input                - Registered new binding: Move left - A
17:52:09.574 [JavaFX Application Thread] DEBUG Input                - Registered new binding: Move right - D
17:52:09.574 [JavaFX Application Thread] DEBUG Input                - Registered new binding: Move down - S
17:52:09.574 [JavaFX Application Thread] DEBUG Input                - Registered new binding: Move up - W
17:52:09.575 [JavaFX Application Thread] DEBUG Input                - Registered new binding: Shoot - Space
17:52:09.575 [JavaFX Application Thread] DEBUG Input                - Registered new binding: Switch to Fire Bullet - Q
17:52:09.576 [JavaFX Application Thread] DEBUG Input                - Registered new binding: Switch to Ice Bullet - E
17:52:09.576 [JavaFX Application Thread] DEBUG FXGLAssetLoaderServi - Loading from file system: jar:file:///C:/Users/Wren/.m2/repository/com/github/almasb/fxgl/25/fxgl-25.jar!/fxglassets/textures/fxgl_icon.png
17:52:09.592 [JavaFX Application Thread] DEBUG FXGLAssetLoaderServi - Loading from file system: jar:file:///C:/Users/Wren/.m2/repository/com/github/almasb/fxgl/25/fxgl-25.jar!/fxglassets/textures/fxgl_default_cursor.png
17:52:09.594 [JavaFX Application Thread] DEBUG Input                - Registered new binding: Screenshot - CTRL+8
17:52:09.594 [JavaFX Application Thread] DEBUG Input                - Registered new binding: System info dump - CTRL+9
17:52:09.594 [JavaFX Application Thread] DEBUG Input                - Registered new binding: Restart - CTRL+R
17:52:09.596 [JavaFX Application Thread] DEBUG Input                - Registered new binding: Toggle Debug Camera - CTRL+7
17:52:09.599 [JavaFX Application Thread] DEBUG LoopRunner           - Starting loop
17:52:09.600 [JavaFX Application Thread] DEBUG LoopRunner           - Initializing JavaFX AnimationTimerLoop
17:52:09.602 [JavaFX Application Thread] DEBUG Input                - Clearing active input actions
17:52:09.611 [JavaFX Application Thread] DEBUG GameApplicationServi - Removing overlay from FXGLStartupScene and adding to FXGLMainMenuDummyScene
17:52:09.612 [JavaFX Application Thread] DEBUG PrimaryStageWindow   - FXGLStartupScene -> FXGLMainMenuDummyScene
17:52:09.612 [JavaFX Application Thread] DEBUG PrimaryStageWindow   - Push state: MenuInterface
17:52:09.612 [JavaFX Application Thread] DEBUG Input                - Clearing active input actions
17:52:09.622 [JavaFX Application Thread] DEBUG GameApplicationServi - Removing overlay from FXGLMainMenuDummyScene and adding to MenuInterface
17:52:09.622 [JavaFX Application Thread] DEBUG PrimaryStageWindow   - FXGLMainMenuDummyScene -> MenuInterface
17:52:09.683 [JavaFX Application Thread] DEBUG FXGLApplication      - Registering font factories with UI factory
17:52:12.383 [JavaFX Application Thread] DEBUG FXGLApplication      - Exiting FXGL
17:52:12.384 [JavaFX Application Thread] DEBUG LoopRunner           - Stopping loop
17:52:12.384 [JavaFX Application Thread] DEBUG SystemBundleService  - Saving FXGL system data
17:52:12.385 [JavaFX Application Thread] DEBUG FileSystemAccess     - Writing to: C:\Users\Wren\IdeaProjects\GameGame\system\fxgl.bundle
17:52:12.385 [JavaFX Application Thread] DEBUG Async                - Shutting down background threads
17:52:12.385 [JavaFX Application Thread] DEBUG PrimaryStageWindow   - Closing main window
17:52:12.395 [JavaFX Application Thread] DEBUG Logger               - Closing Logger
