21:14:44.885 [main                     ] DEBUG Logger               - Configured Logger
21:14:44.901 [main                     ] DEBUG GameApplication      - Logging settings
Title: Untitled
Version: 0.0
Width: 1280
Height: 720
Fullscreen: false
Intro: false
Profiling: false
Single step:false
App Mode: DEVELOPER
Menu Key: ESCAPE
Stage Style: DECORATED
Scene Factory: class org.group1.GamePackage.Factory.MainSceneFactory

21:14:45.427 [JavaFX Application Thread] DEBUG FXGLApplication      - Initializing FXGL
21:14:45.432 [JavaFX Application Thread] INFO  Engine               - FXGL-25 (05.02.2026 22.57) on WINDOWS (J:25.0.1 FX:21.0.6)
21:14:45.433 [JavaFX Application Thread] DEBUG Engine               - JRE Vendor Name: Oracle Corporation
21:14:45.433 [JavaFX Application Thread] DEBUG Engine               - Running on OS: Windows 11 version 10.0
21:14:45.433 [JavaFX Application Thread] DEBUG Engine               - Architecture: amd64
21:14:45.433 [JavaFX Application Thread] INFO  Engine               - Source code and latest versions at: https://github.com/AlmasB/FXGL
21:14:45.434 [JavaFX Application Thread] INFO  Engine               -       Ask questions and discuss at: https://github.com/AlmasB/FXGL/discussions
21:14:45.632 [JavaFX Application Thread] DEBUG PrimaryStageWindow   - Creating a JavaFX scene
21:14:45.632 [JavaFX Application Thread] DEBUG PrimaryStageWindow   - Target size > screen size
21:14:45.706 [JavaFX Application Thread] DEBUG PrimaryStageWindow   - Target settings size: 1280.0 x 720.0
21:14:45.706 [JavaFX Application Thread] DEBUG PrimaryStageWindow   - Scaled scene size:    1169.0 x 671.0
21:14:45.706 [JavaFX Application Thread] DEBUG PrimaryStageWindow   - Scaled ratio: (0.91328125, 0.9319444444444445)
21:14:45.707 [JavaFX Application Thread] DEBUG PrimaryStageWindow   - Set initial scene to FXGLStartupScene
21:14:45.713 [JavaFX Application Thread] DEBUG PrimaryStageWindow   - Opening main window
21:14:45.844 [JavaFX Application Thread] DEBUG PrimaryStageWindow   - Window border size: (15.0, 37.66668701171875)
21:14:45.845 [JavaFX Application Thread] DEBUG PrimaryStageWindow   - Scaled size: 1169.0 x 671.0
21:14:45.845 [JavaFX Application Thread] DEBUG PrimaryStageWindow   - Scaled ratio: (0.91328125, 0.9319444444444445)
21:14:45.845 [JavaFX Application Thread] DEBUG PrimaryStageWindow   - Scene size: 1169.0 x 671.0
21:14:45.845 [JavaFX Application Thread] DEBUG PrimaryStageWindow   - Stage size: 1184.0 x 708.6666870117188
21:14:45.858 [FXGL Background Thread 1 ] DEBUG Engine               - Initializing environment variables
21:14:45.981 [FXGL Background Thread 1 ] DEBUG FXGLAssetLoaderServi - User app class for loading assets: class org.group1.GamePackage.Application
21:14:45.981 [FXGL Background Thread 1 ] DEBUG GameApplicationServi - Applying CSS: fxgl_dark.css
21:14:45.984 [FXGL Background Thread 1 ] DEBUG FXGLAssetLoaderServi - Loading from file system: jar:file:///C:/Users/ryles/.m2/repository/com/github/almasb/fxgl/25/fxgl-25.jar!/fxglassets/ui/css/fxgl_dark.css
21:14:46.073 [FXGL Background Thread 1 ] DEBUG GameApplicationServi - Initializing application scenes
21:14:46.182 [FXGL Background Thread 1 ] DEBUG GameWorld            - Game world initialized
21:14:46.262 [FXGL Background Thread 1 ] DEBUG PhysicsWorld         - Physics world initialized: appHeight=720, physics.ppm=50.0
21:14:46.262 [FXGL Background Thread 1 ] DEBUG PhysicsWorld         - Using strategy: BRUTE_FORCE
21:14:46.272 [FXGL Background Thread 1 ] DEBUG GameScene            - Game scene initialized: 1280x720
21:14:46.292 [FXGL Background Thread 1 ] DEBUG FXGL.DefaultMenu     - createMenuBodyGameMenu()
21:14:46.303 [FXGL Background Thread 1 ] DEBUG FXGL.DefaultMenu     - createOptionsMenu()
21:14:46.318 [FXGL Background Thread 1 ] DEBUG FXGLAssetLoaderServi - Loading from file system: jar:file:///C:/Users/ryles/.m2/repository/com/github/almasb/fxgl/25/fxgl-25.jar!/fxglassets/textures/particles/smoke.png
21:14:46.460 [FXGL Background Thread 1 ] DEBUG FXGLAssetLoaderServi - Loading from file system: jar:file:///C:/Users/ryles/.m2/repository/com/github/almasb/fxgl/25/fxgl-25.jar!/fxglassets/textures/particles/trace_horizontal.png
21:14:46.507 [FXGL Background Thread 1 ] DEBUG GameApplicationServi - Application scenes initialized
21:14:46.520 [FXGL Background Thread 1 ] DEBUG SystemBundleService  - Loading FXGL system data
21:14:46.526 [FXGL Background Thread 1 ] DEBUG FileSystemAccess     - Reading from: C:\Users\ryles\Downloads\ComProg_Project\system\fxgl.bundle
21:14:46.538 [FXGL Background Thread 1 ] DEBUG SystemBundleService  - Bundle FXGL: {}
21:14:46.538 [FXGL Background Thread 1 ] DEBUG UpdaterService       - Checking for updates
21:14:46.544 [FXGL Background Thread 4 ] DEBUG FXGLApplication      - Loading fonts
21:14:46.545 [FXGL Background Thread 4 ] DEBUG FXGLAssetLoaderServi - Loading from file system: jar:file:///C:/Users/ryles/.m2/repository/com/github/almasb/fxgl/25/fxgl-25.jar!/fxglassets/ui/fonts/VarelaRound-Regular.ttf
21:14:46.545 [FXGL Background Thread 1 ] DEBUG FXGLApplication      - Loading default localization
21:14:46.545 [FXGL Background Thread 1 ] DEBUG FXGLAssetLoaderServi - Loading from file system: jar:file:///C:/Users/ryles/.m2/repository/com/github/almasb/fxgl/25/fxgl-25.jar!/fxglassets/languages/english.lang
21:14:46.567 [FXGL Background Thread 1 ] INFO  FXGLApplication      - FXGL initialization took: 0.709 sec
21:14:46.591 [JavaFX Application Thread] DEBUG Input                - Registered new binding: Move left - A
21:14:46.591 [JavaFX Application Thread] DEBUG Input                - Registered new binding: Move right - D
21:14:46.591 [JavaFX Application Thread] DEBUG Input                - Registered new binding: Move down - S
21:14:46.591 [JavaFX Application Thread] DEBUG Input                - Registered new binding: Move up - W
21:14:46.592 [JavaFX Application Thread] DEBUG Input                - Registered new binding: Shoot - Space
21:14:46.592 [JavaFX Application Thread] DEBUG FXGLAssetLoaderServi - Loading from file system: jar:file:///C:/Users/ryles/.m2/repository/com/github/almasb/fxgl/25/fxgl-25.jar!/fxglassets/textures/fxgl_icon.png
21:14:46.598 [FXGL Background Thread 4 ] DEBUG FXGLAssetLoaderServi - Loading from file system: jar:file:///C:/Users/ryles/.m2/repository/com/github/almasb/fxgl/25/fxgl-25.jar!/fxglassets/ui/fonts/Abel-Regular.ttf
21:14:46.605 [FXGL Background Thread 4 ] DEBUG FXGLAssetLoaderServi - Loading from file system: jar:file:///C:/Users/ryles/.m2/repository/com/github/almasb/fxgl/25/fxgl-25.jar!/fxglassets/ui/fonts/TerminalLandMono-Regular.otf
21:14:46.613 [FXGL Background Thread 4 ] DEBUG FXGLAssetLoaderServi - Loading from file system: jar:file:///C:/Users/ryles/.m2/repository/com/github/almasb/fxgl/25/fxgl-25.jar!/fxglassets/ui/fonts/Courier-Prime.ttf
21:14:46.623 [JavaFX Application Thread] DEBUG FXGLAssetLoaderServi - Loading from file system: jar:file:///C:/Users/ryles/.m2/repository/com/github/almasb/fxgl/25/fxgl-25.jar!/fxglassets/textures/fxgl_default_cursor.png
21:14:46.626 [JavaFX Application Thread] DEBUG Input                - Registered new binding: Screenshot - CTRL+8
21:14:46.627 [JavaFX Application Thread] DEBUG Input                - Registered new binding: System info dump - CTRL+9
21:14:46.627 [JavaFX Application Thread] DEBUG Input                - Registered new binding: Restart - CTRL+R
21:14:46.629 [JavaFX Application Thread] DEBUG Input                - Registered new binding: Toggle Debug Camera - CTRL+7
21:14:46.632 [JavaFX Application Thread] DEBUG LoopRunner           - Starting loop
21:14:46.633 [JavaFX Application Thread] DEBUG LoopRunner           - Initializing JavaFX AnimationTimerLoop
21:14:46.636 [JavaFX Application Thread] DEBUG Input                - Clearing active input actions
21:14:46.648 [JavaFX Application Thread] DEBUG GameApplicationServi - Removing overlay from FXGLStartupScene and adding to FXGLMainMenuDummyScene
21:14:46.648 [JavaFX Application Thread] DEBUG PrimaryStageWindow   - FXGLStartupScene -> FXGLMainMenuDummyScene
21:14:46.648 [JavaFX Application Thread] DEBUG PrimaryStageWindow   - Push state: MenuInterface
21:14:46.649 [JavaFX Application Thread] DEBUG Input                - Clearing active input actions
21:14:46.657 [JavaFX Application Thread] DEBUG GameApplicationServi - Removing overlay from FXGLMainMenuDummyScene and adding to MenuInterface
21:14:46.658 [JavaFX Application Thread] DEBUG PrimaryStageWindow   - FXGLMainMenuDummyScene -> MenuInterface
21:14:46.733 [JavaFX Application Thread] DEBUG FXGLApplication      - Registering font factories with UI factory
21:14:48.704 [JavaFX Application Thread] DEBUG Menu                 - fireNewGame()
21:14:48.705 [JavaFX Application Thread] DEBUG GameApplicationServi - Starting new game
21:14:48.705 [JavaFX Application Thread] DEBUG PrimaryStageWindow   - Pop state: MenuInterface
21:14:48.705 [JavaFX Application Thread] DEBUG Input                - Clearing active input actions
21:14:48.705 [JavaFX Application Thread] DEBUG GameApplicationServi - Removing overlay from MenuInterface and adding to FXGLMainMenuDummyScene
21:14:48.706 [JavaFX Application Thread] DEBUG PrimaryStageWindow   - FXGLMainMenuDummyScene <- MenuInterface
21:14:48.706 [JavaFX Application Thread] DEBUG Input                - Clearing active input actions
21:14:48.713 [JavaFX Application Thread] DEBUG GameApplicationServi - Removing overlay from FXGLMainMenuDummyScene and adding to LoadingInterface
21:14:48.713 [JavaFX Application Thread] DEBUG PrimaryStageWindow   - FXGLMainMenuDummyScene -> LoadingInterface
21:14:48.713 [JavaFX Application Thread] DEBUG GameApplicationServi - Clearing previous game
21:14:48.713 [JavaFX Application Thread] DEBUG GameScene            - Clearing game scene
21:14:48.713 [JavaFX Application Thread] DEBUG GameWorld            - Clearing game world
21:14:48.714 [JavaFX Application Thread] DEBUG PhysicsWorld         - Clearing physics world
21:14:48.715 [FXGL Background Thread 2 ] DEBUG FXGLApplication      - Initializing game
21:14:48.727 [FXGL Background Thread 2 ] DEBUG FXGLAssetLoaderServi - Loading from file system: file:/C:/Users/ryles/Downloads/ComProg_Project/target/classes/assets/textures/background.png
21:14:48.852 [FXGL Background Thread 2 ] DEBUG FXGLAssetLoaderServi - Loading from file system: file:/C:/Users/ryles/Downloads/ComProg_Project/target/classes/assets/textures/background_stars1.png
21:14:49.022 [FXGL Background Thread 2 ] DEBUG FXGLAssetLoaderServi - Loading from file system: file:/C:/Users/ryles/Downloads/ComProg_Project/target/classes/assets/textures/background_stars2.png
21:14:49.068 [FXGL Background Thread 2 ] DEBUG FXGLAssetLoaderServi - Loading from file system: file:/C:/Users/ryles/Downloads/ComProg_Project/target/classes/assets/textures/background_stars3.png
21:14:49.111 [FXGL Background Thread 2 ] DEBUG FXGLAssetLoaderServi - Loading from file system: file:/C:/Users/ryles/Downloads/ComProg_Project/target/classes/assets/textures/background_cloud1.png
21:14:49.123 [FXGL Background Thread 2 ] DEBUG FXGLAssetLoaderServi - Loading from file system: file:/C:/Users/ryles/Downloads/ComProg_Project/target/classes/assets/textures/background_cloud2.png
21:14:49.139 [FXGL Background Thread 2 ] DEBUG FXGLAssetLoaderServi - Loading from file system: file:/C:/Users/ryles/Downloads/ComProg_Project/target/classes/assets/textures/background_mist1.png
21:14:49.154 [FXGL Background Thread 2 ] DEBUG FXGLAssetLoaderServi - Loading from file system: file:/C:/Users/ryles/Downloads/ComProg_Project/target/classes/assets/textures/background_hills.png
21:14:49.178 [FXGL Background Thread 2 ] DEBUG FXGLAssetLoaderServi - Loading from file system: file:/C:/Users/ryles/Downloads/ComProg_Project/target/classes/assets/textures/background_forest.png
21:14:49.190 [FXGL Background Thread 2 ] DEBUG FXGLAssetLoaderServi - Loading from file system: file:/C:/Users/ryles/Downloads/ComProg_Project/target/classes/assets/textures/background_large_forest.png
21:14:49.215 [FXGL Background Thread 2 ] DEBUG FXGLAssetLoaderServi - Loading from file system: file:/C:/Users/ryles/Downloads/ComProg_Project/target/classes/assets/textures/idle_sprite.png
21:14:49.220 [FXGL Background Thread 2 ] DEBUG FXGLAssetLoaderServi - Loading from file system: file:/C:/Users/ryles/Downloads/ComProg_Project/target/classes/assets/textures/down_sprite.png
21:14:49.233 [FXGL Background Thread 2 ] DEBUG FXGLAssetLoaderServi - Loading from file system: file:/C:/Users/ryles/Downloads/ComProg_Project/target/classes/assets/textures/up_sprite.png
21:14:49.244 [FXGL Background Thread 2 ] DEBUG FXGLAssetLoaderServi - Loading from file system: file:/C:/Users/ryles/Downloads/ComProg_Project/target/classes/assets/music/main_music.wav
21:14:49.389 [FXGL Background Thread 2 ] DEBUG AudioPlayer          - Playing music com.almasb.fxgl.audio.Music@715994cc
21:14:49.397 [FXGL Background Thread 2 ] INFO  FXGLApplication      - Game initialization took: 0.682 sec
21:14:49.398 [JavaFX Application Thread] DEBUG Input                - Clearing active input actions
21:14:49.409 [JavaFX Application Thread] DEBUG GameApplicationServi - Removing overlay from LoadingInterface and adding to GameScene
21:14:49.409 [JavaFX Application Thread] DEBUG PrimaryStageWindow   - LoadingInterface -> GameScene
21:14:49.544 [FXGL Background Thread 3 ] DEBUG Engine               - Logging environment variables
21:14:49.545 [FXGL Background Thread 3 ] DEBUG Engine               - achievements: []
21:14:49.545 [FXGL Background Thread 3 ] DEBUG Engine               - actualHeight: 671.0
21:14:49.545 [FXGL Background Thread 3 ] DEBUG Engine               - actualHeightProperty: ReadOnlyDoubleProperty [value: 671.0]
21:14:49.545 [FXGL Background Thread 3 ] DEBUG Engine               - actualWidth: 1169.0
21:14:49.545 [FXGL Background Thread 3 ] DEBUG Engine               - actualWidthProperty: ReadOnlyDoubleProperty [value: 1169.0]
21:14:49.545 [FXGL Background Thread 3 ] DEBUG Engine               - appIcon: fxgl_icon.png
21:14:49.545 [FXGL Background Thread 3 ] DEBUG Engine               - applicationMode: DEVELOPER
21:14:49.545 [FXGL Background Thread 3 ] DEBUG Engine               - cSSList: [fxgl_dark.css]
21:14:49.545 [FXGL Background Thread 3 ] DEBUG Engine               - collisionDetectionStrategy: BRUTE_FORCE
21:14:49.545 [FXGL Background Thread 3 ] DEBUG Engine               - configClass: Optional.empty
21:14:49.546 [FXGL Background Thread 3 ] DEBUG Engine               - credits: []
21:14:49.546 [FXGL Background Thread 3 ] DEBUG Engine               - defaultCursor: CursorInfo(imageName=fxgl_default_cursor.png, hotspotX=7.0, hotspotY=6.0)
21:14:49.546 [FXGL Background Thread 3 ] DEBUG Engine               - devBBoxColorProperty: ObjectProperty [value: 0xff0000ff]
21:14:49.546 [FXGL Background Thread 3 ] DEBUG Engine               - devEnableDebugCameraProperty: BooleanProperty [value: false]
21:14:49.546 [FXGL Background Thread 3 ] DEBUG Engine               - devSensorColorProperty: ObjectProperty [value: 0xffff00ff]
21:14:49.546 [FXGL Background Thread 3 ] DEBUG Engine               - devShowBBoxProperty: BooleanProperty [value: false]
21:14:49.547 [FXGL Background Thread 3 ] DEBUG Engine               - devShowPositionProperty: BooleanProperty [value: false]
21:14:49.547 [FXGL Background Thread 3 ] DEBUG Engine               - enabledMenuItems: []
21:14:49.547 [FXGL Background Thread 3 ] DEBUG Engine               - engineServices: [class com.almasb.fxgl.app.services.FXGLAssetLoaderService, class com.almasb.fxgl.app.FXGLApplication$GameApplicationService, class com.almasb.fxgl.app.services.FXGLDialogService, class com.almasb.fxgl.app.services.IOTaskExecutorService, class com.almasb.fxgl.io.FileSystemService, class com.almasb.fxgl.localization.LocalizationService, class com.almasb.fxgl.app.services.SystemBundleService, class com.almasb.fxgl.profile.SaveLoadService, class com.almasb.fxgl.ui.FXGLUIFactoryServiceProvider, class com.almasb.fxgl.ui.FXGLDialogFactoryServiceProvider, class com.almasb.fxgl.audio.AudioPlayer, class com.almasb.fxgl.notification.impl.NotificationServiceProvider, class com.almasb.fxgl.achievement.AchievementService, class com.almasb.fxgl.cutscene.CutsceneService, class com.almasb.fxgl.minigames.MiniGameService, class com.almasb.fxgl.net.NetService, class com.almasb.fxgl.app.services.UpdaterService, class com.almasb.fxgl.dev.DevService]
21:14:49.547 [FXGL Background Thread 3 ] DEBUG Engine               - fontGame: Abel-Regular.ttf
21:14:49.547 [FXGL Background Thread 3 ] DEBUG Engine               - fontMono: TerminalLandMono-Regular.otf
21:14:49.547 [FXGL Background Thread 3 ] DEBUG Engine               - fontSizeScaleUI: 1.0
21:14:49.547 [FXGL Background Thread 3 ] DEBUG Engine               - fontText: Courier-Prime.ttf
21:14:49.547 [FXGL Background Thread 3 ] DEBUG Engine               - fontUI: VarelaRound-Regular.ttf
21:14:49.547 [FXGL Background Thread 3 ] DEBUG Engine               - fpsRefreshRate: 500.0 ms
21:14:49.548 [FXGL Background Thread 3 ] DEBUG Engine               - fullScreen: BooleanProperty [value: false]
21:14:49.548 [FXGL Background Thread 3 ] DEBUG Engine               - gameDifficulty: MEDIUM
21:14:49.548 [FXGL Background Thread 3 ] DEBUG Engine               - gameDifficultyProperty: ObjectProperty [value: MEDIUM]
21:14:49.548 [FXGL Background Thread 3 ] DEBUG Engine               - globalMusicVolume: 0.5
21:14:49.548 [FXGL Background Thread 3 ] DEBUG Engine               - globalMusicVolumeProperty: DoubleProperty [value: 0.5]
21:14:49.548 [FXGL Background Thread 3 ] DEBUG Engine               - globalSoundVolume: 0.5
21:14:49.548 [FXGL Background Thread 3 ] DEBUG Engine               - globalSoundVolumeProperty: DoubleProperty [value: 0.5]
21:14:49.548 [FXGL Background Thread 3 ] DEBUG Engine               - height: 720
21:14:49.548 [FXGL Background Thread 3 ] DEBUG Engine               - is3D: false
21:14:49.548 [FXGL Background Thread 3 ] DEBUG Engine               - isAndroid: false
21:14:49.549 [FXGL Background Thread 3 ] DEBUG Engine               - isBrowser: false
21:14:49.549 [FXGL Background Thread 3 ] DEBUG Engine               - isClickFeedbackEnabled: false
21:14:49.549 [FXGL Background Thread 3 ] DEBUG Engine               - isCloseConfirmation: false
21:14:49.549 [FXGL Background Thread 3 ] DEBUG Engine               - isDesktop: true
21:14:49.549 [FXGL Background Thread 3 ] DEBUG Engine               - isDeveloperMenuEnabled: false
21:14:49.549 [FXGL Background Thread 3 ] DEBUG Engine               - isEmbedded: false
21:14:49.549 [FXGL Background Thread 3 ] DEBUG Engine               - isEntityPreloadEnabled: true
21:14:49.549 [FXGL Background Thread 3 ] DEBUG Engine               - isExperimentalTiledLargeMap: false
21:14:49.549 [FXGL Background Thread 3 ] DEBUG Engine               - isFileSystemWriteAllowed: true
21:14:49.549 [FXGL Background Thread 3 ] DEBUG Engine               - isFullScreenAllowed: false
21:14:49.550 [FXGL Background Thread 3 ] DEBUG Engine               - isFullScreenFromStart: false
21:14:49.550 [FXGL Background Thread 3 ] DEBUG Engine               - isGameMenuEnabled: true
21:14:49.550 [FXGL Background Thread 3 ] DEBUG Engine               - isIOS: false
21:14:49.550 [FXGL Background Thread 3 ] DEBUG Engine               - isIntroEnabled: false
21:14:49.550 [FXGL Background Thread 3 ] DEBUG Engine               - isLinux: false
21:14:49.550 [FXGL Background Thread 3 ] DEBUG Engine               - isMac: false
21:14:49.550 [FXGL Background Thread 3 ] DEBUG Engine               - isMainMenuEnabled: true
21:14:49.550 [FXGL Background Thread 3 ] DEBUG Engine               - isManualResizeEnabled: false
21:14:49.550 [FXGL Background Thread 3 ] DEBUG Engine               - isMobile: false
21:14:49.550 [FXGL Background Thread 3 ] DEBUG Engine               - isNative: false
21:14:49.550 [FXGL Background Thread 3 ] DEBUG Engine               - isPauseMusicWhenMinimized: true
21:14:49.550 [FXGL Background Thread 3 ] DEBUG Engine               - isPreserveResizeRatio: false
21:14:49.551 [FXGL Background Thread 3 ] DEBUG Engine               - isProfilingEnabled: false
21:14:49.551 [FXGL Background Thread 3 ] DEBUG Engine               - isScaleAffectedOnResize: true
21:14:49.551 [FXGL Background Thread 3 ] DEBUG Engine               - isSingleStep: false
21:14:49.551 [FXGL Background Thread 3 ] DEBUG Engine               - isUserProfileEnabled: false
21:14:49.551 [FXGL Background Thread 3 ] DEBUG Engine               - isWindows: true
21:14:49.551 [FXGL Background Thread 3 ] DEBUG Engine               - language: ObjectProperty [value: ENGLISH]
21:14:49.551 [FXGL Background Thread 3 ] DEBUG Engine               - menuKey: ESCAPE
21:14:49.551 [FXGL Background Thread 3 ] DEBUG Engine               - mouseSensitivity: 0.2
21:14:49.551 [FXGL Background Thread 3 ] DEBUG Engine               - notificationViewClass: class com.almasb.fxgl.notification.view.XboxNotificationView
21:14:49.551 [FXGL Background Thread 3 ] DEBUG Engine               - pixelsPerMeter: 50.0
21:14:49.551 [FXGL Background Thread 3 ] DEBUG Engine               - platform: WINDOWS
21:14:49.551 [FXGL Background Thread 3 ] DEBUG Engine               - prefHeightProperty: ReadOnlyDoubleProperty [value: 720.0]
21:14:49.552 [FXGL Background Thread 3 ] DEBUG Engine               - prefWidthProperty: ReadOnlyDoubleProperty [value: 1280.0]
21:14:49.552 [FXGL Background Thread 3 ] DEBUG Engine               - profileDir: profiles/
21:14:49.552 [FXGL Background Thread 3 ] DEBUG Engine               - profileName: StringProperty [value: DEFAULT]
21:14:49.552 [FXGL Background Thread 3 ] DEBUG Engine               - randomSeed: -1
21:14:49.552 [FXGL Background Thread 3 ] DEBUG Engine               - runtimeInfo: RuntimeInfo(platform=WINDOWS, version=25, build=05.02.2026 22.57)
21:14:49.552 [FXGL Background Thread 3 ] DEBUG Engine               - saveFileExt: sav
21:14:49.552 [FXGL Background Thread 3 ] DEBUG Engine               - scaledHeightProp$fxgl: DoubleProperty [bound, value: 671.0]
21:14:49.552 [FXGL Background Thread 3 ] DEBUG Engine               - scaledWidthProp$fxgl: DoubleProperty [bound, value: 1169.0]
21:14:49.552 [FXGL Background Thread 3 ] DEBUG Engine               - sceneFactory: org.group1.GamePackage.Factory.MainSceneFactory@5966b36a
21:14:49.552 [FXGL Background Thread 3 ] DEBUG Engine               - secondsIn24h: 60
21:14:49.552 [FXGL Background Thread 3 ] DEBUG Engine               - soundMenuBack: menu/back.wav
21:14:49.552 [FXGL Background Thread 3 ] DEBUG Engine               - soundMenuPress: menu/press.wav
21:14:49.553 [FXGL Background Thread 3 ] DEBUG Engine               - soundMenuSelect: menu/select.wav
21:14:49.553 [FXGL Background Thread 3 ] DEBUG Engine               - soundNotification: core/notification.wav
21:14:49.553 [FXGL Background Thread 3 ] DEBUG Engine               - stageStyle: DECORATED
21:14:49.553 [FXGL Background Thread 3 ] DEBUG Engine               - supportedLanguages: [ENGLISH, FRENCH, GERMAN, HUNGARIAN, RUSSIAN]
21:14:49.553 [FXGL Background Thread 3 ] DEBUG Engine               - ticksPerSecond: -1
21:14:49.553 [FXGL Background Thread 3 ] DEBUG Engine               - title: Untitled
21:14:49.553 [FXGL Background Thread 3 ] DEBUG Engine               - urlGithub: https://github.com/AlmasB/FXGL
21:14:49.553 [FXGL Background Thread 3 ] DEBUG Engine               - urlLeaderboard: http://fxgl-top.herokuapp.com/
21:14:49.553 [FXGL Background Thread 3 ] DEBUG Engine               - urlPOM: https://raw.githubusercontent.com/AlmasB/FXGL/release/README.md
21:14:49.553 [FXGL Background Thread 3 ] DEBUG Engine               - userAppClass: class org.group1.GamePackage.Application
21:14:49.553 [FXGL Background Thread 3 ] DEBUG Engine               - version: 0.0
21:14:49.553 [FXGL Background Thread 3 ] DEBUG Engine               - versionCheckDays: 7
21:14:49.553 [FXGL Background Thread 3 ] DEBUG Engine               - width: 1280
21:14:49.553 [FXGL Background Thread 3 ] DEBUG Engine               - Logging services
21:14:49.553 [FXGL Background Thread 3 ] DEBUG Engine               - class com.almasb.fxgl.app.services.FXGLAssetLoaderService
21:14:49.553 [FXGL Background Thread 3 ] DEBUG Engine               - class com.almasb.fxgl.app.FXGLApplication$GameApplicationService
21:14:49.553 [FXGL Background Thread 3 ] DEBUG Engine               - class com.almasb.fxgl.app.services.FXGLDialogService
21:14:49.553 [FXGL Background Thread 3 ] DEBUG Engine               - class com.almasb.fxgl.app.services.IOTaskExecutorService
21:14:49.553 [FXGL Background Thread 3 ] DEBUG Engine               - class com.almasb.fxgl.io.FileSystemService
21:14:49.553 [FXGL Background Thread 3 ] DEBUG Engine               - class com.almasb.fxgl.localization.LocalizationService
21:14:49.553 [FXGL Background Thread 3 ] DEBUG Engine               - class com.almasb.fxgl.app.services.SystemBundleService
21:14:49.554 [FXGL Background Thread 3 ] DEBUG Engine               - class com.almasb.fxgl.profile.SaveLoadService
21:14:49.554 [FXGL Background Thread 3 ] DEBUG Engine               - class com.almasb.fxgl.ui.FXGLUIFactoryServiceProvider
21:14:49.554 [FXGL Background Thread 3 ] DEBUG Engine               - class com.almasb.fxgl.ui.FXGLDialogFactoryServiceProvider
21:14:49.554 [FXGL Background Thread 3 ] DEBUG Engine               - class com.almasb.fxgl.audio.AudioPlayer
21:14:49.554 [FXGL Background Thread 3 ] DEBUG Engine               - class com.almasb.fxgl.notification.impl.NotificationServiceProvider
21:14:49.554 [FXGL Background Thread 3 ] DEBUG Engine               - class com.almasb.fxgl.achievement.AchievementService
21:14:49.554 [FXGL Background Thread 3 ] DEBUG Engine               - class com.almasb.fxgl.cutscene.CutsceneService
21:14:49.554 [FXGL Background Thread 3 ] DEBUG Engine               - class com.almasb.fxgl.minigames.MiniGameService
21:14:49.554 [FXGL Background Thread 3 ] DEBUG Engine               - class com.almasb.fxgl.net.NetService
21:14:49.554 [FXGL Background Thread 3 ] DEBUG Engine               - class com.almasb.fxgl.app.services.UpdaterService
21:14:49.554 [FXGL Background Thread 3 ] DEBUG Engine               - class com.almasb.fxgl.dev.DevService
21:14:49.903 [JavaFX Application Thread] DEBUG FXGLAssetLoaderServi - Loading from file system: file:/C:/Users/ryles/Downloads/ComProg_Project/target/classes/assets/textures/enemy_sprite.png
21:14:49.907 [JavaFX Application Thread] DEBUG FXGLAssetLoaderServi - Loading from file system: file:/C:/Users/ryles/Downloads/ComProg_Project/target/classes/assets/textures/explosion_sprite.png
21:14:52.546 [JavaFX Application Thread] DEBUG FXGLAssetLoaderServi - Loading from file system: file:/C:/Users/ryles/Downloads/ComProg_Project/target/classes/assets/textures/bullet_sprite.png
21:14:52.606 [JavaFX Application Thread] DEBUG FXGLAssetLoaderServi - Loading from file system: file:/C:/Users/ryles/Downloads/ComProg_Project/target/classes/assets/sounds/death_sound.wav
21:14:53.822 [JavaFX Application Thread] DEBUG FXGLAssetLoaderServi - Loading from file system: file:/C:/Users/ryles/Downloads/ComProg_Project/target/classes/assets/sounds/fah.wav
21:15:03.904 [JavaFX Application Thread] DEBUG FXGLAssetLoaderServi - Loading from file system: file:/C:/Users/ryles/Downloads/ComProg_Project/target/classes/assets/textures/heart_sprite.png
21:15:03.918 [JavaFX Application Thread] DEBUG FXGLAssetLoaderServi - Loading from file system: file:/C:/Users/ryles/Downloads/ComProg_Project/target/classes/assets/textures/heart_explode_sprite.png
21:15:04.926 [JavaFX Application Thread] DEBUG FXGLAssetLoaderServi - Loading from file system: file:/C:/Users/ryles/Downloads/ComProg_Project/target/classes/assets/sounds/heart_gain.wav
21:15:09.809 [JavaFX Application Thread] DEBUG FXGLApplication      - Exiting FXGL
21:15:09.809 [JavaFX Application Thread] DEBUG LoopRunner           - Stopping loop
21:15:09.809 [JavaFX Application Thread] DEBUG SystemBundleService  - Saving FXGL system data
21:15:09.814 [JavaFX Application Thread] DEBUG FileSystemAccess     - Writing to: C:\Users\ryles\Downloads\ComProg_Project\system\fxgl.bundle
21:15:09.817 [JavaFX Application Thread] DEBUG Async                - Shutting down background threads
21:15:09.817 [JavaFX Application Thread] DEBUG PrimaryStageWindow   - Closing main window
21:15:09.865 [JavaFX Application Thread] DEBUG Logger               - Closing Logger
