22:05:20.139 [main                     ] DEBUG Logger               - Configured Logger
22:05:20.147 [main                     ] DEBUG GameApplication      - Logging settings
Title: Untitled
Version: 0.0
Width: 1280
Height: 720
Fullscreen: false
Intro: false
Profiling: false
Single step:false
App Mode: DEVELOPER
Menu Key: ESCAPE
Stage Style: DECORATED
Scene Factory: class org.group1.GamePackage.Factory.MainSceneFactory

22:05:20.421 [JavaFX Application Thread] DEBUG FXGLApplication      - Initializing FXGL
22:05:20.426 [JavaFX Application Thread] INFO  Engine               - FXGL-25 (05.02.2026 22.57) on LINUX (J:25.0.2 FX:21.0.6)
22:05:20.427 [JavaFX Application Thread] DEBUG Engine               - JRE Vendor Name: Arch Linux
22:05:20.427 [JavaFX Application Thread] DEBUG Engine               - Running on OS: Linux version 6.18.20-1-lts
22:05:20.427 [JavaFX Application Thread] DEBUG Engine               - Architecture: amd64
22:05:20.427 [JavaFX Application Thread] INFO  Engine               - Source code and latest versions at: https://github.com/AlmasB/FXGL
22:05:20.427 [JavaFX Application Thread] INFO  Engine               -       Ask questions and discuss at: https://github.com/AlmasB/FXGL/discussions
22:05:20.500 [JavaFX Application Thread] DEBUG PrimaryStageWindow   - Creating a JavaFX scene
22:05:20.580 [JavaFX Application Thread] DEBUG PrimaryStageWindow   - Target settings size: 1280.0 x 720.0
22:05:20.581 [JavaFX Application Thread] DEBUG PrimaryStageWindow   - Scaled scene size:    1280.0 x 720.0
22:05:20.581 [JavaFX Application Thread] DEBUG PrimaryStageWindow   - Scaled ratio: (1.0, 1.0)
22:05:20.581 [JavaFX Application Thread] DEBUG PrimaryStageWindow   - Set initial scene to FXGLStartupScene
22:05:20.585 [JavaFX Application Thread] DEBUG PrimaryStageWindow   - Opening main window
22:05:20.621 [JavaFX Application Thread] DEBUG PrimaryStageWindow   - Window border size: (0.0, 35.0)
22:05:20.621 [JavaFX Application Thread] DEBUG PrimaryStageWindow   - Scaled size: 1280.0 x 685.0
22:05:20.621 [JavaFX Application Thread] DEBUG PrimaryStageWindow   - Scaled ratio: (1.0, 0.9513888888888888)
22:05:20.622 [JavaFX Application Thread] DEBUG PrimaryStageWindow   - Scene size: 1280.0 x 720.0
22:05:20.622 [JavaFX Application Thread] DEBUG PrimaryStageWindow   - Stage size: 1280.0 x 720.0
22:05:20.628 [FXGL Background Thread 1 ] DEBUG Engine               - Initializing environment variables
22:05:20.678 [FXGL Background Thread 1 ] DEBUG FXGLAssetLoaderServi - User app class for loading assets: class org.group1.GamePackage.Application
22:05:20.679 [FXGL Background Thread 1 ] DEBUG GameApplicationServi - Applying CSS: fxgl_dark.css
22:05:20.679 [FXGL Background Thread 1 ] DEBUG FXGLAssetLoaderServi - Loading from file system: jar:file:///home/me/.m2/repository/com/github/almasb/fxgl/25/fxgl-25.jar!/fxglassets/ui/css/fxgl_dark.css
22:05:20.719 [FXGL Background Thread 1 ] DEBUG GameApplicationServi - Initializing application scenes
22:05:20.723 [FXGL Background Thread 1 ] DEBUG FXGLAssetLoaderServi - Loading from file system: file:/home/me/projects/ComProg_Project/target/classes/assets/textures/background.png
22:05:20.847 [FXGL Background Thread 1 ] DEBUG FXGLAssetLoaderServi - Loading from file system: file:/home/me/projects/ComProg_Project/target/classes/assets/textures/background_stars1.png
22:05:20.900 [FXGL Background Thread 1 ] DEBUG FXGLAssetLoaderServi - Loading from file system: file:/home/me/projects/ComProg_Project/target/classes/assets/textures/background_stars2.png
22:05:20.949 [FXGL Background Thread 1 ] DEBUG FXGLAssetLoaderServi - Loading from file system: file:/home/me/projects/ComProg_Project/target/classes/assets/textures/background_stars3.png
22:05:20.984 [FXGL Background Thread 1 ] DEBUG FXGLAssetLoaderServi - Loading from file system: file:/home/me/projects/ComProg_Project/target/classes/assets/textures/background_cloud1.png
22:05:20.992 [FXGL Background Thread 1 ] DEBUG FXGLAssetLoaderServi - Loading from file system: file:/home/me/projects/ComProg_Project/target/classes/assets/textures/background_cloud2.png
22:05:21.004 [FXGL Background Thread 1 ] DEBUG FXGLAssetLoaderServi - Loading from file system: file:/home/me/projects/ComProg_Project/target/classes/assets/textures/background_mist1.png
22:05:21.013 [FXGL Background Thread 1 ] DEBUG FXGLAssetLoaderServi - Loading from file system: file:/home/me/projects/ComProg_Project/target/classes/assets/textures/background_hills.png
22:05:21.032 [FXGL Background Thread 1 ] DEBUG FXGLAssetLoaderServi - Loading from file system: file:/home/me/projects/ComProg_Project/target/classes/assets/textures/background_forest.png
22:05:21.043 [FXGL Background Thread 1 ] DEBUG FXGLAssetLoaderServi - Loading from file system: file:/home/me/projects/ComProg_Project/target/classes/assets/textures/background_large_forest.png
22:05:21.106 [FXGL Background Thread 1 ] DEBUG GameWorld            - Game world initialized
22:05:21.139 [FXGL Background Thread 1 ] DEBUG PhysicsWorld         - Physics world initialized: appHeight=720, physics.ppm=50.0
22:05:21.139 [FXGL Background Thread 1 ] DEBUG PhysicsWorld         - Using strategy: BRUTE_FORCE
22:05:21.142 [FXGL Background Thread 1 ] DEBUG GameScene            - Game scene initialized: 1280x720
22:05:21.218 [FXGL Background Thread 1 ] DEBUG FXGLAssetLoaderServi - Loading from file system: file:/home/me/projects/ComProg_Project/target/classes/assets/music/menu_music.wav
22:05:21.295 [FXGL Background Thread 1 ] DEBUG AudioPlayer          - Playing music com.almasb.fxgl.audio.Music@1d2f1a5a
22:05:21.320 [FXGL Background Thread 1 ] DEBUG GameApplicationServi - Application scenes initialized
22:05:21.327 [FXGL Background Thread 1 ] DEBUG SystemBundleService  - Loading FXGL system data
22:05:21.330 [FXGL Background Thread 1 ] DEBUG FileSystemAccess     - Reading from: /home/me/projects/ComProg_Project/system/fxgl.bundle
22:05:21.334 [FXGL Background Thread 1 ] DEBUG SystemBundleService  - Bundle FXGL: {}
22:05:21.334 [FXGL Background Thread 1 ] DEBUG UpdaterService       - Checking for updates
22:05:21.338 [FXGL Background Thread 4 ] DEBUG FXGLApplication      - Loading fonts
22:05:21.339 [FXGL Background Thread 4 ] DEBUG FXGLAssetLoaderServi - Loading from file system: jar:file:///home/me/.m2/repository/com/github/almasb/fxgl/25/fxgl-25.jar!/fxglassets/ui/fonts/VarelaRound-Regular.ttf
22:05:21.339 [FXGL Background Thread 1 ] DEBUG FXGLApplication      - Loading default localization
22:05:21.340 [FXGL Background Thread 1 ] DEBUG FXGLAssetLoaderServi - Loading from file system: jar:file:///home/me/.m2/repository/com/github/almasb/fxgl/25/fxgl-25.jar!/fxglassets/languages/english.lang
22:05:21.347 [FXGL Background Thread 4 ] DEBUG FXGLAssetLoaderServi - Loading from file system: jar:file:///home/me/.m2/repository/com/github/almasb/fxgl/25/fxgl-25.jar!/fxglassets/ui/fonts/Abel-Regular.ttf
22:05:21.349 [FXGL Background Thread 4 ] DEBUG FXGLAssetLoaderServi - Loading from file system: jar:file:///home/me/.m2/repository/com/github/almasb/fxgl/25/fxgl-25.jar!/fxglassets/ui/fonts/TerminalLandMono-Regular.otf
22:05:21.351 [FXGL Background Thread 4 ] DEBUG FXGLAssetLoaderServi - Loading from file system: jar:file:///home/me/.m2/repository/com/github/almasb/fxgl/25/fxgl-25.jar!/fxglassets/ui/fonts/Courier-Prime.ttf
22:05:21.352 [FXGL Background Thread 1 ] INFO  FXGLApplication      - FXGL initialization took: 0.725 sec
22:05:21.365 [JavaFX Application Thread] DEBUG Input                - Registered new binding: Move left - A
22:05:21.365 [JavaFX Application Thread] DEBUG Input                - Registered new binding: Move right - D
22:05:21.365 [JavaFX Application Thread] DEBUG Input                - Registered new binding: Move down - S
22:05:21.365 [JavaFX Application Thread] DEBUG Input                - Registered new binding: Move up - W
22:05:21.366 [JavaFX Application Thread] DEBUG Input                - Registered new binding: Shoot - Space
22:05:21.366 [JavaFX Application Thread] DEBUG Input                - Registered new binding: Switch to Fire Bullet - Q
22:05:21.366 [JavaFX Application Thread] DEBUG Input                - Registered new binding: Switch to Ice Bullet - E
22:05:21.367 [JavaFX Application Thread] DEBUG FXGLAssetLoaderServi - Loading from file system: jar:file:///home/me/.m2/repository/com/github/almasb/fxgl/25/fxgl-25.jar!/fxglassets/textures/fxgl_icon.png
22:05:21.397 [JavaFX Application Thread] DEBUG FXGLAssetLoaderServi - Loading from file system: jar:file:///home/me/.m2/repository/com/github/almasb/fxgl/25/fxgl-25.jar!/fxglassets/textures/fxgl_default_cursor.png
22:05:21.399 [JavaFX Application Thread] DEBUG Input                - Registered new binding: Screenshot - CTRL+8
22:05:21.399 [JavaFX Application Thread] DEBUG Input                - Registered new binding: System info dump - CTRL+9
22:05:21.399 [JavaFX Application Thread] DEBUG Input                - Registered new binding: Restart - CTRL+R
22:05:21.400 [JavaFX Application Thread] DEBUG Input                - Registered new binding: Toggle Debug Camera - CTRL+7
22:05:21.403 [JavaFX Application Thread] DEBUG LoopRunner           - Starting loop
22:05:21.404 [JavaFX Application Thread] DEBUG LoopRunner           - Initializing JavaFX AnimationTimerLoop
22:05:21.406 [JavaFX Application Thread] DEBUG Input                - Clearing active input actions
22:05:21.417 [JavaFX Application Thread] DEBUG GameApplicationServi - Removing overlay from FXGLStartupScene and adding to FXGLMainMenuDummyScene
22:05:21.418 [JavaFX Application Thread] DEBUG PrimaryStageWindow   - FXGLStartupScene -> FXGLMainMenuDummyScene
22:05:21.418 [JavaFX Application Thread] DEBUG PrimaryStageWindow   - Push state: MenuInterface
22:05:21.418 [JavaFX Application Thread] DEBUG Input                - Clearing active input actions
22:05:21.445 [JavaFX Application Thread] DEBUG GameApplicationServi - Removing overlay from FXGLMainMenuDummyScene and adding to MenuInterface
22:05:21.446 [JavaFX Application Thread] DEBUG PrimaryStageWindow   - FXGLMainMenuDummyScene -> MenuInterface
22:05:21.731 [JavaFX Application Thread] DEBUG FXGLApplication      - Registering font factories with UI factory
22:05:24.337 [FXGL Background Thread 3 ] DEBUG Engine               - Logging environment variables
22:05:24.339 [FXGL Background Thread 3 ] DEBUG Engine               - achievements: []
22:05:24.339 [FXGL Background Thread 3 ] DEBUG Engine               - actualHeight: 719.0
22:05:24.339 [FXGL Background Thread 3 ] DEBUG Engine               - actualHeightProperty: ReadOnlyDoubleProperty [value: 719.0]
22:05:24.340 [FXGL Background Thread 3 ] DEBUG Engine               - actualWidth: 1290.0
22:05:24.340 [FXGL Background Thread 3 ] DEBUG Engine               - actualWidthProperty: ReadOnlyDoubleProperty [value: 1290.0]
22:05:24.340 [FXGL Background Thread 3 ] DEBUG Engine               - appIcon: fxgl_icon.png
22:05:24.340 [FXGL Background Thread 3 ] DEBUG Engine               - applicationMode: DEVELOPER
22:05:24.341 [FXGL Background Thread 3 ] DEBUG Engine               - cSSList: [fxgl_dark.css]
22:05:24.341 [FXGL Background Thread 3 ] DEBUG Engine               - collisionDetectionStrategy: BRUTE_FORCE
22:05:24.341 [FXGL Background Thread 3 ] DEBUG Engine               - configClass: Optional.empty
22:05:24.341 [FXGL Background Thread 3 ] DEBUG Engine               - credits: []
22:05:24.346 [FXGL Background Thread 3 ] DEBUG Engine               - defaultCursor: CursorInfo(imageName=fxgl_default_cursor.png, hotspotX=7.0, hotspotY=6.0)
22:05:24.346 [FXGL Background Thread 3 ] DEBUG Engine               - devBBoxColorProperty: ObjectProperty [value: 0xff0000ff]
22:05:24.347 [FXGL Background Thread 3 ] DEBUG Engine               - devEnableDebugCameraProperty: BooleanProperty [value: false]
22:05:24.347 [FXGL Background Thread 3 ] DEBUG Engine               - devSensorColorProperty: ObjectProperty [value: 0xffff00ff]
22:05:24.347 [FXGL Background Thread 3 ] DEBUG Engine               - devShowBBoxProperty: BooleanProperty [value: false]
22:05:24.347 [FXGL Background Thread 3 ] DEBUG Engine               - devShowPositionProperty: BooleanProperty [value: false]
22:05:24.348 [FXGL Background Thread 3 ] DEBUG Engine               - enabledMenuItems: []
22:05:24.348 [FXGL Background Thread 3 ] DEBUG Engine               - engineServices: [class com.almasb.fxgl.app.services.FXGLAssetLoaderService, class com.almasb.fxgl.app.FXGLApplication$GameApplicationService, class com.almasb.fxgl.app.services.FXGLDialogService, class com.almasb.fxgl.app.services.IOTaskExecutorService, class com.almasb.fxgl.io.FileSystemService, class com.almasb.fxgl.localization.LocalizationService, class com.almasb.fxgl.app.services.SystemBundleService, class com.almasb.fxgl.profile.SaveLoadService, class com.almasb.fxgl.ui.FXGLUIFactoryServiceProvider, class com.almasb.fxgl.ui.FXGLDialogFactoryServiceProvider, class com.almasb.fxgl.audio.AudioPlayer, class com.almasb.fxgl.notification.impl.NotificationServiceProvider, class com.almasb.fxgl.achievement.AchievementService, class com.almasb.fxgl.cutscene.CutsceneService, class com.almasb.fxgl.minigames.MiniGameService, class com.almasb.fxgl.net.NetService, class com.almasb.fxgl.app.services.UpdaterService, class com.almasb.fxgl.dev.DevService]
22:05:24.348 [FXGL Background Thread 3 ] DEBUG Engine               - fontGame: Abel-Regular.ttf
22:05:24.349 [FXGL Background Thread 3 ] DEBUG Engine               - fontMono: TerminalLandMono-Regular.otf
22:05:24.349 [FXGL Background Thread 3 ] DEBUG Engine               - fontSizeScaleUI: 1.0
22:05:24.349 [FXGL Background Thread 3 ] DEBUG Engine               - fontText: Courier-Prime.ttf
22:05:24.349 [FXGL Background Thread 3 ] DEBUG Engine               - fontUI: VarelaRound-Regular.ttf
22:05:24.351 [FXGL Background Thread 3 ] DEBUG Engine               - fpsRefreshRate: 500.0 ms
22:05:24.351 [FXGL Background Thread 3 ] DEBUG Engine               - fullScreen: BooleanProperty [value: false]
22:05:24.351 [FXGL Background Thread 3 ] DEBUG Engine               - gameDifficulty: MEDIUM
22:05:24.351 [FXGL Background Thread 3 ] DEBUG Engine               - gameDifficultyProperty: ObjectProperty [value: MEDIUM]
22:05:24.352 [FXGL Background Thread 3 ] DEBUG Engine               - globalMusicVolume: 0.5
22:05:24.352 [FXGL Background Thread 3 ] DEBUG Engine               - globalMusicVolumeProperty: DoubleProperty [value: 0.5]
22:05:24.352 [FXGL Background Thread 3 ] DEBUG Engine               - globalSoundVolume: 0.5
22:05:24.352 [FXGL Background Thread 3 ] DEBUG Engine               - globalSoundVolumeProperty: DoubleProperty [value: 0.5]
22:05:24.353 [FXGL Background Thread 3 ] DEBUG Engine               - height: 720
22:05:24.353 [FXGL Background Thread 3 ] DEBUG Engine               - is3D: false
22:05:24.353 [FXGL Background Thread 3 ] DEBUG Engine               - isAndroid: false
22:05:24.353 [FXGL Background Thread 3 ] DEBUG Engine               - isBrowser: false
22:05:24.353 [FXGL Background Thread 3 ] DEBUG Engine               - isClickFeedbackEnabled: false
22:05:24.354 [FXGL Background Thread 3 ] DEBUG Engine               - isCloseConfirmation: false
22:05:24.354 [FXGL Background Thread 3 ] DEBUG Engine               - isDesktop: true
22:05:24.354 [FXGL Background Thread 3 ] DEBUG Engine               - isDeveloperMenuEnabled: false
22:05:24.354 [FXGL Background Thread 3 ] DEBUG Engine               - isEmbedded: false
22:05:24.355 [FXGL Background Thread 3 ] DEBUG Engine               - isEntityPreloadEnabled: true
22:05:24.355 [FXGL Background Thread 3 ] DEBUG Engine               - isExperimentalTiledLargeMap: false
22:05:24.355 [FXGL Background Thread 3 ] DEBUG Engine               - isFileSystemWriteAllowed: true
22:05:24.355 [FXGL Background Thread 3 ] DEBUG Engine               - isFullScreenAllowed: false
22:05:24.355 [FXGL Background Thread 3 ] DEBUG Engine               - isFullScreenFromStart: false
22:05:24.356 [FXGL Background Thread 3 ] DEBUG Engine               - isGameMenuEnabled: true
22:05:24.356 [FXGL Background Thread 3 ] DEBUG Engine               - isIOS: false
22:05:24.356 [FXGL Background Thread 3 ] DEBUG Engine               - isIntroEnabled: false
22:05:24.356 [FXGL Background Thread 3 ] DEBUG Engine               - isLinux: true
22:05:24.357 [FXGL Background Thread 3 ] DEBUG Engine               - isMac: false
22:05:24.357 [FXGL Background Thread 3 ] DEBUG Engine               - isMainMenuEnabled: true
22:05:24.357 [FXGL Background Thread 3 ] DEBUG Engine               - isManualResizeEnabled: false
22:05:24.357 [FXGL Background Thread 3 ] DEBUG Engine               - isMobile: false
22:05:24.357 [FXGL Background Thread 3 ] DEBUG Engine               - isNative: false
22:05:24.358 [FXGL Background Thread 3 ] DEBUG Engine               - isPauseMusicWhenMinimized: true
22:05:24.358 [FXGL Background Thread 3 ] DEBUG Engine               - isPreserveResizeRatio: false
22:05:24.358 [FXGL Background Thread 3 ] DEBUG Engine               - isProfilingEnabled: false
22:05:24.358 [FXGL Background Thread 3 ] DEBUG Engine               - isScaleAffectedOnResize: true
22:05:24.358 [FXGL Background Thread 3 ] DEBUG Engine               - isSingleStep: false
22:05:24.358 [FXGL Background Thread 3 ] DEBUG Engine               - isUserProfileEnabled: false
22:05:24.358 [FXGL Background Thread 3 ] DEBUG Engine               - isWindows: false
22:05:24.359 [FXGL Background Thread 3 ] DEBUG Engine               - language: ObjectProperty [value: ENGLISH]
22:05:24.359 [FXGL Background Thread 3 ] DEBUG Engine               - menuKey: ESCAPE
22:05:24.359 [FXGL Background Thread 3 ] DEBUG Engine               - mouseSensitivity: 0.2
22:05:24.359 [FXGL Background Thread 3 ] DEBUG Engine               - notificationViewClass: class com.almasb.fxgl.notification.view.XboxNotificationView
22:05:24.359 [FXGL Background Thread 3 ] DEBUG Engine               - pixelsPerMeter: 50.0
22:05:24.359 [FXGL Background Thread 3 ] DEBUG Engine               - platform: LINUX
22:05:24.360 [FXGL Background Thread 3 ] DEBUG Engine               - prefHeightProperty: ReadOnlyDoubleProperty [value: 720.0]
22:05:24.360 [FXGL Background Thread 3 ] DEBUG Engine               - prefWidthProperty: ReadOnlyDoubleProperty [value: 1280.0]
22:05:24.360 [FXGL Background Thread 3 ] DEBUG Engine               - profileDir: profiles/
22:05:24.360 [FXGL Background Thread 3 ] DEBUG Engine               - profileName: StringProperty [value: DEFAULT]
22:05:24.360 [FXGL Background Thread 3 ] DEBUG Engine               - randomSeed: -1
22:05:24.361 [FXGL Background Thread 3 ] DEBUG Engine               - runtimeInfo: RuntimeInfo(platform=LINUX, version=25, build=05.02.2026 22.57)
22:05:24.361 [FXGL Background Thread 3 ] DEBUG Engine               - saveFileExt: sav
22:05:24.361 [FXGL Background Thread 3 ] DEBUG Engine               - scaledHeightProp$fxgl: DoubleProperty [bound, value: 719.0]
22:05:24.361 [FXGL Background Thread 3 ] DEBUG Engine               - scaledWidthProp$fxgl: DoubleProperty [bound, value: 1290.0]
22:05:24.361 [FXGL Background Thread 3 ] DEBUG Engine               - sceneFactory: org.group1.GamePackage.Factory.MainSceneFactory@cbb8791
22:05:24.361 [FXGL Background Thread 3 ] DEBUG Engine               - secondsIn24h: 60
22:05:24.361 [FXGL Background Thread 3 ] DEBUG Engine               - soundMenuBack: menu/back.wav
22:05:24.361 [FXGL Background Thread 3 ] DEBUG Engine               - soundMenuPress: menu/press.wav
22:05:24.362 [FXGL Background Thread 3 ] DEBUG Engine               - soundMenuSelect: menu/select.wav
22:05:24.362 [FXGL Background Thread 3 ] DEBUG Engine               - soundNotification: core/notification.wav
22:05:24.362 [FXGL Background Thread 3 ] DEBUG Engine               - stageStyle: DECORATED
22:05:24.362 [FXGL Background Thread 3 ] DEBUG Engine               - supportedLanguages: [ENGLISH, FRENCH, GERMAN, HUNGARIAN, RUSSIAN]
22:05:24.362 [FXGL Background Thread 3 ] DEBUG Engine               - ticksPerSecond: -1
22:05:24.362 [FXGL Background Thread 3 ] DEBUG Engine               - title: Untitled
22:05:24.362 [FXGL Background Thread 3 ] DEBUG Engine               - urlGithub: https://github.com/AlmasB/FXGL
22:05:24.363 [FXGL Background Thread 3 ] DEBUG Engine               - urlLeaderboard: http://fxgl-top.herokuapp.com/
22:05:24.363 [FXGL Background Thread 3 ] DEBUG Engine               - urlPOM: https://raw.githubusercontent.com/AlmasB/FXGL/release/README.md
22:05:24.363 [FXGL Background Thread 3 ] DEBUG Engine               - userAppClass: class org.group1.GamePackage.Application
22:05:24.363 [FXGL Background Thread 3 ] DEBUG Engine               - version: 0.0
22:05:24.363 [FXGL Background Thread 3 ] DEBUG Engine               - versionCheckDays: 7
22:05:24.363 [FXGL Background Thread 3 ] DEBUG Engine               - width: 1280
22:05:24.363 [FXGL Background Thread 3 ] DEBUG Engine               - Logging services
22:05:24.364 [FXGL Background Thread 3 ] DEBUG Engine               - class com.almasb.fxgl.app.services.FXGLAssetLoaderService
22:05:24.364 [FXGL Background Thread 3 ] DEBUG Engine               - class com.almasb.fxgl.app.FXGLApplication$GameApplicationService
22:05:24.364 [FXGL Background Thread 3 ] DEBUG Engine               - class com.almasb.fxgl.app.services.FXGLDialogService
22:05:24.364 [FXGL Background Thread 3 ] DEBUG Engine               - class com.almasb.fxgl.app.services.IOTaskExecutorService
22:05:24.364 [FXGL Background Thread 3 ] DEBUG Engine               - class com.almasb.fxgl.io.FileSystemService
22:05:24.364 [FXGL Background Thread 3 ] DEBUG Engine               - class com.almasb.fxgl.localization.LocalizationService
22:05:24.364 [FXGL Background Thread 3 ] DEBUG Engine               - class com.almasb.fxgl.app.services.SystemBundleService
22:05:24.364 [FXGL Background Thread 3 ] DEBUG Engine               - class com.almasb.fxgl.profile.SaveLoadService
22:05:24.364 [FXGL Background Thread 3 ] DEBUG Engine               - class com.almasb.fxgl.ui.FXGLUIFactoryServiceProvider
22:05:24.364 [FXGL Background Thread 3 ] DEBUG Engine               - class com.almasb.fxgl.ui.FXGLDialogFactoryServiceProvider
22:05:24.364 [FXGL Background Thread 3 ] DEBUG Engine               - class com.almasb.fxgl.audio.AudioPlayer
22:05:24.364 [FXGL Background Thread 3 ] DEBUG Engine               - class com.almasb.fxgl.notification.impl.NotificationServiceProvider
22:05:24.364 [FXGL Background Thread 3 ] DEBUG Engine               - class com.almasb.fxgl.achievement.AchievementService
22:05:24.365 [FXGL Background Thread 3 ] DEBUG Engine               - class com.almasb.fxgl.cutscene.CutsceneService
22:05:24.365 [FXGL Background Thread 3 ] DEBUG Engine               - class com.almasb.fxgl.minigames.MiniGameService
22:05:24.365 [FXGL Background Thread 3 ] DEBUG Engine               - class com.almasb.fxgl.net.NetService
22:05:24.365 [FXGL Background Thread 3 ] DEBUG Engine               - class com.almasb.fxgl.app.services.UpdaterService
22:05:24.365 [FXGL Background Thread 3 ] DEBUG Engine               - class com.almasb.fxgl.dev.DevService
22:05:43.270 [JavaFX Application Thread] DEBUG FXGLApplication      - Exiting FXGL
22:05:43.270 [JavaFX Application Thread] DEBUG LoopRunner           - Stopping loop
22:05:43.270 [JavaFX Application Thread] DEBUG SystemBundleService  - Saving FXGL system data
22:05:43.274 [JavaFX Application Thread] DEBUG FileSystemAccess     - Writing to: /home/me/projects/ComProg_Project/system/fxgl.bundle
22:05:43.281 [JavaFX Application Thread] DEBUG Async                - Shutting down background threads
22:05:43.281 [JavaFX Application Thread] DEBUG PrimaryStageWindow   - Closing main window
22:05:43.286 [JavaFX Application Thread] DEBUG Logger               - Closing Logger
