15:50:04.900 [main                     ] DEBUG Logger               - Configured Logger
15:50:04.911 [main                     ] DEBUG GameApplication      - Logging settings
Title: Untitled
Version: 0.0
Width: 1280
Height: 720
Fullscreen: false
Intro: false
Profiling: false
Single step:false
App Mode: DEVELOPER
Menu Key: ESCAPE
Stage Style: DECORATED
Scene Factory: class com.almasb.fxgl.app.scene.SceneFactory

15:50:05.236 [JavaFX Application Thread] DEBUG FXGLApplication      - Initializing FXGL
15:50:05.241 [JavaFX Application Thread] INFO  Engine               - FXGL-25 (05.02.2026 22.57) on LINUX (J:25.0.2 FX:21.0.6)
15:50:05.242 [JavaFX Application Thread] DEBUG Engine               - JRE Vendor Name: Arch Linux
15:50:05.242 [JavaFX Application Thread] DEBUG Engine               - Running on OS: Linux version 6.19.9-arch1-1
15:50:05.242 [JavaFX Application Thread] DEBUG Engine               - Architecture: amd64
15:50:05.242 [JavaFX Application Thread] INFO  Engine               - Source code and latest versions at: https://github.com/AlmasB/FXGL
15:50:05.242 [JavaFX Application Thread] INFO  Engine               -       Ask questions and discuss at: https://github.com/AlmasB/FXGL/discussions
15:50:05.348 [JavaFX Application Thread] DEBUG PrimaryStageWindow   - Creating a JavaFX scene
15:50:05.459 [JavaFX Application Thread] DEBUG PrimaryStageWindow   - Target settings size: 1280.0 x 720.0
15:50:05.459 [JavaFX Application Thread] DEBUG PrimaryStageWindow   - Scaled scene size:    1280.0 x 720.0
15:50:05.459 [JavaFX Application Thread] DEBUG PrimaryStageWindow   - Scaled ratio: (1.0, 1.0)
15:50:05.460 [JavaFX Application Thread] DEBUG PrimaryStageWindow   - Set initial scene to FXGLStartupScene
15:50:05.465 [JavaFX Application Thread] DEBUG PrimaryStageWindow   - Opening main window
15:50:05.560 [JavaFX Application Thread] DEBUG PrimaryStageWindow   - Window border size: (0.0, 35.0)
15:50:05.560 [JavaFX Application Thread] DEBUG PrimaryStageWindow   - Scaled size: 1280.0 x 685.0
15:50:05.560 [JavaFX Application Thread] DEBUG PrimaryStageWindow   - Scaled ratio: (1.0, 0.9513888888888888)
15:50:05.560 [JavaFX Application Thread] DEBUG PrimaryStageWindow   - Scene size: 1280.0 x 720.0
15:50:05.561 [JavaFX Application Thread] DEBUG PrimaryStageWindow   - Stage size: 1280.0 x 720.0
15:50:05.568 [FXGL Background Thread 1 ] DEBUG Engine               - Initializing environment variables
15:50:05.652 [FXGL Background Thread 1 ] DEBUG FXGLAssetLoaderServi - User app class for loading assets: class org.group1.GamePackage.Application
15:50:05.652 [FXGL Background Thread 1 ] DEBUG GameApplicationServi - Applying CSS: fxgl_dark.css
15:50:05.653 [FXGL Background Thread 1 ] DEBUG FXGLAssetLoaderServi - Loading from file system: jar:file:///home/me/.m2/repository/com/github/almasb/fxgl/25/fxgl-25.jar!/fxglassets/ui/css/fxgl_dark.css
15:50:05.725 [FXGL Background Thread 1 ] DEBUG GameApplicationServi - Initializing application scenes
15:50:05.779 [FXGL Background Thread 1 ] DEBUG GameWorld            - Game world initialized
15:50:05.855 [FXGL Background Thread 1 ] DEBUG PhysicsWorld         - Physics world initialized: appHeight=720, physics.ppm=50.0
15:50:05.855 [FXGL Background Thread 1 ] DEBUG PhysicsWorld         - Using strategy: BRUTE_FORCE
15:50:05.862 [FXGL Background Thread 1 ] DEBUG GameScene            - Game scene initialized: 1280x720
15:50:05.880 [FXGL Background Thread 1 ] DEBUG FXGL.DefaultMenu     - createMenuBodyGameMenu()
15:50:05.897 [FXGL Background Thread 1 ] DEBUG FXGL.DefaultMenu     - createOptionsMenu()
15:50:05.911 [FXGL Background Thread 1 ] DEBUG FXGLAssetLoaderServi - Loading from file system: jar:file:///home/me/.m2/repository/com/github/almasb/fxgl/25/fxgl-25.jar!/fxglassets/textures/particles/smoke.png
15:50:06.043 [FXGL Background Thread 1 ] DEBUG FXGLAssetLoaderServi - Loading from file system: jar:file:///home/me/.m2/repository/com/github/almasb/fxgl/25/fxgl-25.jar!/fxglassets/textures/particles/trace_horizontal.png
15:50:06.092 [FXGL Background Thread 1 ] DEBUG GameApplicationServi - Application scenes initialized
15:50:06.106 [FXGL Background Thread 1 ] DEBUG SystemBundleService  - Loading FXGL system data
15:50:06.111 [FXGL Background Thread 1 ] DEBUG FileSystemAccess     - Reading from: /home/me/ComProg_Project/system/fxgl.bundle
15:50:06.120 [FXGL Background Thread 1 ] DEBUG SystemBundleService  - Bundle FXGL: {}
15:50:06.120 [FXGL Background Thread 1 ] DEBUG UpdaterService       - Checking for updates
15:50:06.125 [FXGL Background Thread 4 ] DEBUG FXGLApplication      - Loading fonts
15:50:06.126 [FXGL Background Thread 4 ] DEBUG FXGLAssetLoaderServi - Loading from file system: jar:file:///home/me/.m2/repository/com/github/almasb/fxgl/25/fxgl-25.jar!/fxglassets/ui/fonts/VarelaRound-Regular.ttf
15:50:06.126 [FXGL Background Thread 1 ] DEBUG FXGLApplication      - Loading default localization
15:50:06.127 [FXGL Background Thread 1 ] DEBUG FXGLAssetLoaderServi - Loading from file system: jar:file:///home/me/.m2/repository/com/github/almasb/fxgl/25/fxgl-25.jar!/fxglassets/languages/english.lang
15:50:06.137 [FXGL Background Thread 4 ] DEBUG FXGLAssetLoaderServi - Loading from file system: jar:file:///home/me/.m2/repository/com/github/almasb/fxgl/25/fxgl-25.jar!/fxglassets/ui/fonts/Abel-Regular.ttf
15:50:06.140 [FXGL Background Thread 4 ] DEBUG FXGLAssetLoaderServi - Loading from file system: jar:file:///home/me/.m2/repository/com/github/almasb/fxgl/25/fxgl-25.jar!/fxglassets/ui/fonts/TerminalLandMono-Regular.otf
15:50:06.143 [FXGL Background Thread 4 ] DEBUG FXGLAssetLoaderServi - Loading from file system: jar:file:///home/me/.m2/repository/com/github/almasb/fxgl/25/fxgl-25.jar!/fxglassets/ui/fonts/Courier-Prime.ttf
15:50:06.149 [FXGL Background Thread 1 ] INFO  FXGLApplication      - FXGL initialization took: 0.581 sec
15:50:06.150 [JavaFX Application Thread] DEBUG FXGLApplication      - Registering font factories with UI factory
15:50:06.170 [JavaFX Application Thread] DEBUG Input                - Registered new binding: Shoot - Space
15:50:06.170 [JavaFX Application Thread] DEBUG Input                - Registered new binding: Move up - W
15:50:06.171 [JavaFX Application Thread] DEBUG Input                - Registered new binding: Move down - S
15:50:06.171 [JavaFX Application Thread] DEBUG Input                - Registered new binding: Move left - A
15:50:06.171 [JavaFX Application Thread] DEBUG Input                - Registered new binding: Move right - D
15:50:06.172 [JavaFX Application Thread] DEBUG FXGLAssetLoaderServi - Loading from file system: jar:file:///home/me/.m2/repository/com/github/almasb/fxgl/25/fxgl-25.jar!/fxglassets/textures/fxgl_icon.png
15:50:06.222 [JavaFX Application Thread] DEBUG FXGLAssetLoaderServi - Loading from file system: jar:file:///home/me/.m2/repository/com/github/almasb/fxgl/25/fxgl-25.jar!/fxglassets/textures/fxgl_default_cursor.png
15:50:06.225 [JavaFX Application Thread] DEBUG Input                - Registered new binding: Screenshot - CTRL+8
15:50:06.226 [JavaFX Application Thread] DEBUG Input                - Registered new binding: System info dump - CTRL+9
15:50:06.226 [JavaFX Application Thread] DEBUG Input                - Registered new binding: Restart - CTRL+R
15:50:06.228 [JavaFX Application Thread] DEBUG Input                - Registered new binding: Toggle Debug Camera - CTRL+7
15:50:06.233 [JavaFX Application Thread] DEBUG LoopRunner           - Starting loop
15:50:06.233 [JavaFX Application Thread] DEBUG LoopRunner           - Initializing JavaFX AnimationTimerLoop
15:50:06.235 [JavaFX Application Thread] DEBUG GameApplicationServi - Starting new game
15:50:06.235 [JavaFX Application Thread] DEBUG Input                - Clearing active input actions
15:50:06.259 [JavaFX Application Thread] DEBUG GameApplicationServi - Removing overlay from FXGLStartupScene and adding to FXGLLoadingScene
15:50:06.259 [JavaFX Application Thread] DEBUG PrimaryStageWindow   - FXGLStartupScene -> FXGLLoadingScene
15:50:06.260 [JavaFX Application Thread] DEBUG GameApplicationServi - Clearing previous game
15:50:06.260 [JavaFX Application Thread] DEBUG GameScene            - Clearing game scene
15:50:06.260 [JavaFX Application Thread] DEBUG GameWorld            - Clearing game world
15:50:06.260 [JavaFX Application Thread] DEBUG PhysicsWorld         - Clearing physics world
15:50:06.263 [FXGL Background Thread 4 ] DEBUG FXGLApplication      - Initializing game
15:50:06.282 [FXGL Background Thread 4 ] DEBUG FXGLAssetLoaderServi - Loading from file system: file:/home/me/ComProg_Project/target/classes/assets/textures/background.png
15:50:06.554 [FXGL Background Thread 4 ] DEBUG FXGLAssetLoaderServi - Loading from file system: file:/home/me/ComProg_Project/target/classes/assets/textures/background_stars1.png
15:50:06.735 [FXGL Background Thread 4 ] DEBUG FXGLAssetLoaderServi - Loading from file system: file:/home/me/ComProg_Project/target/classes/assets/textures/background_stars2.png
15:50:07.149 [FXGL Background Thread 4 ] DEBUG FXGLAssetLoaderServi - Loading from file system: file:/home/me/ComProg_Project/target/classes/assets/textures/background_stars3.png
15:50:07.323 [FXGL Background Thread 4 ] DEBUG FXGLAssetLoaderServi - Loading from file system: file:/home/me/ComProg_Project/target/classes/assets/textures/background_cloud1.png
15:50:07.354 [FXGL Background Thread 4 ] DEBUG FXGLAssetLoaderServi - Loading from file system: file:/home/me/ComProg_Project/target/classes/assets/textures/background_cloud2.png
15:50:07.400 [FXGL Background Thread 4 ] DEBUG FXGLAssetLoaderServi - Loading from file system: file:/home/me/ComProg_Project/target/classes/assets/textures/background_mist1.png
15:50:07.436 [FXGL Background Thread 4 ] DEBUG FXGLAssetLoaderServi - Loading from file system: file:/home/me/ComProg_Project/target/classes/assets/textures/background_hills.png
15:50:07.516 [FXGL Background Thread 4 ] DEBUG FXGLAssetLoaderServi - Loading from file system: file:/home/me/ComProg_Project/target/classes/assets/textures/background_forest.png
15:50:07.563 [FXGL Background Thread 4 ] DEBUG FXGLAssetLoaderServi - Loading from file system: file:/home/me/ComProg_Project/target/classes/assets/textures/background_large_forest.png
15:50:07.625 [FXGL Background Thread 4 ] DEBUG FXGLAssetLoaderServi - Loading from file system: file:/home/me/ComProg_Project/target/classes/assets/textures/idle_sprite.png
15:50:07.639 [FXGL Background Thread 4 ] DEBUG FXGLAssetLoaderServi - Loading from file system: file:/home/me/ComProg_Project/target/classes/assets/textures/down_sprite.png
15:50:07.649 [FXGL Background Thread 4 ] DEBUG FXGLAssetLoaderServi - Loading from file system: file:/home/me/ComProg_Project/target/classes/assets/textures/up_sprite.png
15:50:07.688 [FXGL Background Thread 4 ] DEBUG FXGLAssetLoaderServi - Loading from file system: file:/home/me/ComProg_Project/target/classes/assets/music/main_music.wav
15:50:07.932 [FXGL Background Thread 4 ] DEBUG AudioPlayer          - Playing music com.almasb.fxgl.audio.Music@4679d0f0
15:50:07.936 [FXGL Background Thread 4 ] INFO  FXGLApplication      - Game initialization took: 1.673 sec
15:50:07.939 [JavaFX Application Thread] DEBUG Input                - Clearing active input actions
15:50:07.969 [JavaFX Application Thread] DEBUG GameApplicationServi - Removing overlay from FXGLLoadingScene and adding to GameScene
15:50:07.970 [JavaFX Application Thread] DEBUG PrimaryStageWindow   - FXGLLoadingScene -> GameScene
15:50:09.124 [FXGL Background Thread 3 ] DEBUG Engine               - Logging environment variables
15:50:09.125 [FXGL Background Thread 3 ] DEBUG Engine               - achievements: []
15:50:09.126 [FXGL Background Thread 3 ] DEBUG Engine               - actualHeight: 685.0
15:50:09.126 [FXGL Background Thread 3 ] DEBUG Engine               - actualHeightProperty: ReadOnlyDoubleProperty [value: 685.0]
15:50:09.126 [FXGL Background Thread 3 ] DEBUG Engine               - actualWidth: 1280.0
15:50:09.127 [FXGL Background Thread 3 ] DEBUG Engine               - actualWidthProperty: ReadOnlyDoubleProperty [value: 1280.0]
15:50:09.127 [FXGL Background Thread 3 ] DEBUG Engine               - appIcon: fxgl_icon.png
15:50:09.127 [FXGL Background Thread 3 ] DEBUG Engine               - applicationMode: DEVELOPER
15:50:09.127 [FXGL Background Thread 3 ] DEBUG Engine               - cSSList: [fxgl_dark.css]
15:50:09.127 [FXGL Background Thread 3 ] DEBUG Engine               - collisionDetectionStrategy: BRUTE_FORCE
15:50:09.128 [FXGL Background Thread 3 ] DEBUG Engine               - configClass: Optional.empty
15:50:09.128 [FXGL Background Thread 3 ] DEBUG Engine               - credits: []
15:50:09.129 [FXGL Background Thread 3 ] DEBUG Engine               - defaultCursor: CursorInfo(imageName=fxgl_default_cursor.png, hotspotX=7.0, hotspotY=6.0)
15:50:09.129 [FXGL Background Thread 3 ] DEBUG Engine               - devBBoxColorProperty: ObjectProperty [value: 0xff0000ff]
15:50:09.130 [FXGL Background Thread 3 ] DEBUG Engine               - devEnableDebugCameraProperty: BooleanProperty [value: false]
15:50:09.130 [FXGL Background Thread 3 ] DEBUG Engine               - devSensorColorProperty: ObjectProperty [value: 0xffff00ff]
15:50:09.130 [FXGL Background Thread 3 ] DEBUG Engine               - devShowBBoxProperty: BooleanProperty [value: false]
15:50:09.131 [FXGL Background Thread 3 ] DEBUG Engine               - devShowPositionProperty: BooleanProperty [value: false]
15:50:09.131 [FXGL Background Thread 3 ] DEBUG Engine               - enabledMenuItems: []
15:50:09.131 [FXGL Background Thread 3 ] DEBUG Engine               - engineServices: [class com.almasb.fxgl.app.services.FXGLAssetLoaderService, class com.almasb.fxgl.app.FXGLApplication$GameApplicationService, class com.almasb.fxgl.app.services.FXGLDialogService, class com.almasb.fxgl.app.services.IOTaskExecutorService, class com.almasb.fxgl.io.FileSystemService, class com.almasb.fxgl.localization.LocalizationService, class com.almasb.fxgl.app.services.SystemBundleService, class com.almasb.fxgl.profile.SaveLoadService, class com.almasb.fxgl.ui.FXGLUIFactoryServiceProvider, class com.almasb.fxgl.ui.FXGLDialogFactoryServiceProvider, class com.almasb.fxgl.audio.AudioPlayer, class com.almasb.fxgl.notification.impl.NotificationServiceProvider, class com.almasb.fxgl.achievement.AchievementService, class com.almasb.fxgl.cutscene.CutsceneService, class com.almasb.fxgl.minigames.MiniGameService, class com.almasb.fxgl.net.NetService, class com.almasb.fxgl.app.services.UpdaterService, class com.almasb.fxgl.dev.DevService]
15:50:09.131 [FXGL Background Thread 3 ] DEBUG Engine               - fontGame: Abel-Regular.ttf
15:50:09.132 [FXGL Background Thread 3 ] DEBUG Engine               - fontMono: TerminalLandMono-Regular.otf
15:50:09.132 [FXGL Background Thread 3 ] DEBUG Engine               - fontSizeScaleUI: 1.0
15:50:09.132 [FXGL Background Thread 3 ] DEBUG Engine               - fontText: Courier-Prime.ttf
15:50:09.132 [FXGL Background Thread 3 ] DEBUG Engine               - fontUI: VarelaRound-Regular.ttf
15:50:09.133 [FXGL Background Thread 3 ] DEBUG Engine               - fpsRefreshRate: 500.0 ms
15:50:09.133 [FXGL Background Thread 3 ] DEBUG Engine               - fullScreen: BooleanProperty [value: false]
15:50:09.133 [FXGL Background Thread 3 ] DEBUG Engine               - gameDifficulty: MEDIUM
15:50:09.134 [FXGL Background Thread 3 ] DEBUG Engine               - gameDifficultyProperty: ObjectProperty [value: MEDIUM]
15:50:09.134 [FXGL Background Thread 3 ] DEBUG Engine               - globalMusicVolume: 0.5
15:50:09.134 [FXGL Background Thread 3 ] DEBUG Engine               - globalMusicVolumeProperty: DoubleProperty [value: 0.1]
15:50:09.134 [FXGL Background Thread 3 ] DEBUG Engine               - globalSoundVolume: 0.5
15:50:09.135 [FXGL Background Thread 3 ] DEBUG Engine               - globalSoundVolumeProperty: DoubleProperty [value: 0.5]
15:50:09.135 [FXGL Background Thread 3 ] DEBUG Engine               - height: 720
15:50:09.135 [FXGL Background Thread 3 ] DEBUG Engine               - is3D: false
15:50:09.135 [FXGL Background Thread 3 ] DEBUG Engine               - isAndroid: false
15:50:09.135 [FXGL Background Thread 3 ] DEBUG Engine               - isBrowser: false
15:50:09.136 [FXGL Background Thread 3 ] DEBUG Engine               - isClickFeedbackEnabled: false
15:50:09.136 [FXGL Background Thread 3 ] DEBUG Engine               - isCloseConfirmation: false
15:50:09.136 [FXGL Background Thread 3 ] DEBUG Engine               - isDesktop: true
15:50:09.136 [FXGL Background Thread 3 ] DEBUG Engine               - isDeveloperMenuEnabled: false
15:50:09.137 [FXGL Background Thread 3 ] DEBUG Engine               - isEmbedded: false
15:50:09.137 [FXGL Background Thread 3 ] DEBUG Engine               - isEntityPreloadEnabled: true
15:50:09.137 [FXGL Background Thread 3 ] DEBUG Engine               - isExperimentalTiledLargeMap: false
15:50:09.137 [FXGL Background Thread 3 ] DEBUG Engine               - isFileSystemWriteAllowed: true
15:50:09.138 [FXGL Background Thread 3 ] DEBUG Engine               - isFullScreenAllowed: false
15:50:09.138 [FXGL Background Thread 3 ] DEBUG Engine               - isFullScreenFromStart: false
15:50:09.138 [FXGL Background Thread 3 ] DEBUG Engine               - isGameMenuEnabled: true
15:50:09.138 [FXGL Background Thread 3 ] DEBUG Engine               - isIOS: false
15:50:09.138 [FXGL Background Thread 3 ] DEBUG Engine               - isIntroEnabled: false
15:50:09.139 [FXGL Background Thread 3 ] DEBUG Engine               - isLinux: true
15:50:09.139 [FXGL Background Thread 3 ] DEBUG Engine               - isMac: false
15:50:09.139 [FXGL Background Thread 3 ] DEBUG Engine               - isMainMenuEnabled: false
15:50:09.139 [FXGL Background Thread 3 ] DEBUG Engine               - isManualResizeEnabled: false
15:50:09.139 [FXGL Background Thread 3 ] DEBUG Engine               - isMobile: false
15:50:09.140 [FXGL Background Thread 3 ] DEBUG Engine               - isNative: false
15:50:09.140 [FXGL Background Thread 3 ] DEBUG Engine               - isPauseMusicWhenMinimized: true
15:50:09.140 [FXGL Background Thread 3 ] DEBUG Engine               - isPreserveResizeRatio: false
15:50:09.140 [FXGL Background Thread 3 ] DEBUG Engine               - isProfilingEnabled: false
15:50:09.141 [FXGL Background Thread 3 ] DEBUG Engine               - isScaleAffectedOnResize: true
15:50:09.141 [FXGL Background Thread 3 ] DEBUG Engine               - isSingleStep: false
15:50:09.141 [FXGL Background Thread 3 ] DEBUG Engine               - isUserProfileEnabled: false
15:50:09.141 [FXGL Background Thread 3 ] DEBUG Engine               - isWindows: false
15:50:09.142 [FXGL Background Thread 3 ] DEBUG Engine               - language: ObjectProperty [value: ENGLISH]
15:50:09.142 [FXGL Background Thread 3 ] DEBUG Engine               - menuKey: ESCAPE
15:50:09.142 [FXGL Background Thread 3 ] DEBUG Engine               - mouseSensitivity: 0.2
15:50:09.142 [FXGL Background Thread 3 ] DEBUG Engine               - notificationViewClass: class com.almasb.fxgl.notification.view.XboxNotificationView
15:50:09.142 [FXGL Background Thread 3 ] DEBUG Engine               - pixelsPerMeter: 50.0
15:50:09.143 [FXGL Background Thread 3 ] DEBUG Engine               - platform: LINUX
15:50:09.143 [FXGL Background Thread 3 ] DEBUG Engine               - prefHeightProperty: ReadOnlyDoubleProperty [value: 720.0]
15:50:09.143 [FXGL Background Thread 3 ] DEBUG Engine               - prefWidthProperty: ReadOnlyDoubleProperty [value: 1280.0]
15:50:09.143 [FXGL Background Thread 3 ] DEBUG Engine               - profileDir: profiles/
15:50:09.144 [FXGL Background Thread 3 ] DEBUG Engine               - profileName: StringProperty [value: DEFAULT]
15:50:09.144 [FXGL Background Thread 3 ] DEBUG Engine               - randomSeed: -1
15:50:09.144 [FXGL Background Thread 3 ] DEBUG Engine               - runtimeInfo: RuntimeInfo(platform=LINUX, version=25, build=05.02.2026 22.57)
15:50:09.145 [FXGL Background Thread 3 ] DEBUG Engine               - saveFileExt: sav
15:50:09.145 [FXGL Background Thread 3 ] DEBUG Engine               - scaledHeightProp$fxgl: DoubleProperty [bound, value: 685.0]
15:50:09.145 [FXGL Background Thread 3 ] DEBUG Engine               - scaledWidthProp$fxgl: DoubleProperty [bound, value: 1280.0]
15:50:09.145 [FXGL Background Thread 3 ] DEBUG Engine               - sceneFactory: com.almasb.fxgl.app.scene.SceneFactory@2efe5125
15:50:09.146 [FXGL Background Thread 3 ] DEBUG Engine               - secondsIn24h: 60
15:50:09.146 [FXGL Background Thread 3 ] DEBUG Engine               - soundMenuBack: menu/back.wav
15:50:09.146 [FXGL Background Thread 3 ] DEBUG Engine               - soundMenuPress: menu/press.wav
15:50:09.146 [FXGL Background Thread 3 ] DEBUG Engine               - soundMenuSelect: menu/select.wav
15:50:09.146 [FXGL Background Thread 3 ] DEBUG Engine               - soundNotification: core/notification.wav
15:50:09.147 [FXGL Background Thread 3 ] DEBUG Engine               - stageStyle: DECORATED
15:50:09.147 [FXGL Background Thread 3 ] DEBUG Engine               - supportedLanguages: [ENGLISH, FRENCH, GERMAN, HUNGARIAN, RUSSIAN]
15:50:09.147 [FXGL Background Thread 3 ] DEBUG Engine               - ticksPerSecond: -1
15:50:09.147 [FXGL Background Thread 3 ] DEBUG Engine               - title: Untitled
15:50:09.147 [FXGL Background Thread 3 ] DEBUG Engine               - urlGithub: https://github.com/AlmasB/FXGL
15:50:09.147 [FXGL Background Thread 3 ] DEBUG Engine               - urlLeaderboard: http://fxgl-top.herokuapp.com/
15:50:09.147 [FXGL Background Thread 3 ] DEBUG Engine               - urlPOM: https://raw.githubusercontent.com/AlmasB/FXGL/release/README.md
15:50:09.148 [FXGL Background Thread 3 ] DEBUG Engine               - userAppClass: class org.group1.GamePackage.Application
15:50:09.148 [FXGL Background Thread 3 ] DEBUG Engine               - version: 0.0
15:50:09.148 [FXGL Background Thread 3 ] DEBUG Engine               - versionCheckDays: 7
15:50:09.148 [FXGL Background Thread 3 ] DEBUG Engine               - width: 1280
15:50:09.148 [FXGL Background Thread 3 ] DEBUG Engine               - Logging services
15:50:09.148 [FXGL Background Thread 3 ] DEBUG Engine               - class com.almasb.fxgl.app.services.FXGLAssetLoaderService
15:50:09.148 [FXGL Background Thread 3 ] DEBUG Engine               - class com.almasb.fxgl.app.FXGLApplication$GameApplicationService
15:50:09.149 [FXGL Background Thread 3 ] DEBUG Engine               - class com.almasb.fxgl.app.services.FXGLDialogService
15:50:09.149 [FXGL Background Thread 3 ] DEBUG Engine               - class com.almasb.fxgl.app.services.IOTaskExecutorService
15:50:09.149 [FXGL Background Thread 3 ] DEBUG Engine               - class com.almasb.fxgl.io.FileSystemService
15:50:09.149 [FXGL Background Thread 3 ] DEBUG Engine               - class com.almasb.fxgl.localization.LocalizationService
15:50:09.149 [FXGL Background Thread 3 ] DEBUG Engine               - class com.almasb.fxgl.app.services.SystemBundleService
15:50:09.149 [FXGL Background Thread 3 ] DEBUG Engine               - class com.almasb.fxgl.profile.SaveLoadService
15:50:09.149 [FXGL Background Thread 3 ] DEBUG Engine               - class com.almasb.fxgl.ui.FXGLUIFactoryServiceProvider
15:50:09.149 [FXGL Background Thread 3 ] DEBUG Engine               - class com.almasb.fxgl.ui.FXGLDialogFactoryServiceProvider
15:50:09.150 [FXGL Background Thread 3 ] DEBUG Engine               - class com.almasb.fxgl.audio.AudioPlayer
15:50:09.150 [FXGL Background Thread 3 ] DEBUG Engine               - class com.almasb.fxgl.notification.impl.NotificationServiceProvider
15:50:09.150 [FXGL Background Thread 3 ] DEBUG Engine               - class com.almasb.fxgl.achievement.AchievementService
15:50:09.150 [FXGL Background Thread 3 ] DEBUG Engine               - class com.almasb.fxgl.cutscene.CutsceneService
15:50:09.150 [FXGL Background Thread 3 ] DEBUG Engine               - class com.almasb.fxgl.minigames.MiniGameService
15:50:09.150 [FXGL Background Thread 3 ] DEBUG Engine               - class com.almasb.fxgl.net.NetService
15:50:09.150 [FXGL Background Thread 3 ] DEBUG Engine               - class com.almasb.fxgl.app.services.UpdaterService
15:50:09.150 [FXGL Background Thread 3 ] DEBUG Engine               - class com.almasb.fxgl.dev.DevService
15:50:10.934 [JavaFX Application Thread] DEBUG FXGLAssetLoaderServi - Loading from file system: file:/home/me/ComProg_Project/target/classes/assets/textures/enemy_sprite.png
15:50:10.940 [JavaFX Application Thread] DEBUG FXGLAssetLoaderServi - Loading from file system: file:/home/me/ComProg_Project/target/classes/assets/textures/explosion_sprite.png
15:50:11.768 [JavaFX Application Thread] DEBUG FXGLAssetLoaderServi - Loading from file system: file:/home/me/ComProg_Project/target/classes/assets/textures/bullet_sprite.png
15:50:11.946 [JavaFX Application Thread] DEBUG FXGLAssetLoaderServi - Loading from file system: file:/home/me/ComProg_Project/target/classes/assets/sounds/death_sound.wav
15:50:15.013 [JavaFX Application Thread] DEBUG FXGLAssetLoaderServi - Loading from file system: file:/home/me/ComProg_Project/target/classes/assets/sounds/fah.wav
15:50:35.618 [JavaFX Application Thread] DEBUG FXGLApplication      - Exiting FXGL
15:50:35.618 [JavaFX Application Thread] DEBUG LoopRunner           - Stopping loop
15:50:35.618 [JavaFX Application Thread] DEBUG SystemBundleService  - Saving FXGL system data
15:50:35.623 [JavaFX Application Thread] DEBUG FileSystemAccess     - Writing to: /home/me/ComProg_Project/system/fxgl.bundle
15:50:35.626 [JavaFX Application Thread] DEBUG Async                - Shutting down background threads
15:50:35.627 [JavaFX Application Thread] DEBUG PrimaryStageWindow   - Closing main window
15:50:35.632 [JavaFX Application Thread] DEBUG Logger               - Closing Logger
