00:30:24.503 [main                     ] DEBUG Logger               - Configured Logger
00:30:24.516 [main                     ] DEBUG GameApplication      - Logging settings
Title: Untitled
Version: 0.0
Width: 1280
Height: 720
Fullscreen: false
Intro: false
Profiling: false
Single step:false
App Mode: DEVELOPER
Menu Key: ESCAPE
Stage Style: DECORATED
Scene Factory: class org.group1.GamePackage.Factory.MainSceneFactory

00:30:25.103 [JavaFX Application Thread] DEBUG FXGLApplication      - Initializing FXGL
00:30:25.110 [JavaFX Application Thread] INFO  Engine               - FXGL-25 (05.02.2026 22.57) on WINDOWS (J:25.0.1 FX:21.0.6)
00:30:25.111 [JavaFX Application Thread] DEBUG Engine               - JRE Vendor Name: Oracle Corporation
00:30:25.111 [JavaFX Application Thread] DEBUG Engine               - Running on OS: Windows 11 version 10.0
00:30:25.111 [JavaFX Application Thread] DEBUG Engine               - Architecture: amd64
00:30:25.111 [JavaFX Application Thread] INFO  Engine               - Source code and latest versions at: https://github.com/AlmasB/FXGL
00:30:25.113 [JavaFX Application Thread] INFO  Engine               -       Ask questions and discuss at: https://github.com/AlmasB/FXGL/discussions
00:30:25.289 [JavaFX Application Thread] DEBUG PrimaryStageWindow   - Creating a JavaFX scene
00:30:25.379 [JavaFX Application Thread] DEBUG PrimaryStageWindow   - Target settings size: 1280.0 x 720.0
00:30:25.380 [JavaFX Application Thread] DEBUG PrimaryStageWindow   - Scaled scene size:    1280.0 x 720.0
00:30:25.380 [JavaFX Application Thread] DEBUG PrimaryStageWindow   - Scaled ratio: (1.0, 1.0)
00:30:25.383 [JavaFX Application Thread] DEBUG PrimaryStageWindow   - Set initial scene to FXGLStartupScene
00:30:25.391 [JavaFX Application Thread] DEBUG PrimaryStageWindow   - Opening main window
00:30:25.570 [JavaFX Application Thread] DEBUG PrimaryStageWindow   - Window border size: (14.6666259765625, 37.33331298828125)
00:30:25.570 [JavaFX Application Thread] DEBUG PrimaryStageWindow   - Scaled size: 1280.0 x 720.0
00:30:25.571 [JavaFX Application Thread] DEBUG PrimaryStageWindow   - Scaled ratio: (1.0, 1.0)
00:30:25.571 [JavaFX Application Thread] DEBUG PrimaryStageWindow   - Scene size: 1280.0 x 720.0
00:30:25.572 [JavaFX Application Thread] DEBUG PrimaryStageWindow   - Stage size: 1294.6666259765625 x 757.3333129882812
00:30:25.593 [FXGL Background Thread 1 ] DEBUG Engine               - Initializing environment variables
00:30:25.766 [FXGL Background Thread 1 ] DEBUG FXGLAssetLoaderServi - User app class for loading assets: class org.group1.GamePackage.Application
00:30:25.767 [FXGL Background Thread 1 ] DEBUG GameApplicationServi - Applying CSS: fxgl_dark.css
00:30:25.769 [FXGL Background Thread 1 ] DEBUG FXGLAssetLoaderServi - Loading from file system: jar:file:///C:/Users/ryles/.m2/repository/com/github/almasb/fxgl/25/fxgl-25.jar!/fxglassets/ui/css/fxgl_dark.css
00:30:25.871 [FXGL Background Thread 1 ] DEBUG GameApplicationServi - Initializing application scenes
00:30:25.883 [FXGL Background Thread 1 ] DEBUG FXGLAssetLoaderServi - Loading from file system: file:/C:/Users/ryles/Downloads/ComProg_Project/target/classes/assets/textures/background.png
00:30:26.162 [FXGL Background Thread 1 ] DEBUG FXGLAssetLoaderServi - Loading from file system: file:/C:/Users/ryles/Downloads/ComProg_Project/target/classes/assets/textures/background_stars1.png
00:30:26.299 [FXGL Background Thread 1 ] DEBUG FXGLAssetLoaderServi - Loading from file system: file:/C:/Users/ryles/Downloads/ComProg_Project/target/classes/assets/textures/background_stars2.png
00:30:26.404 [FXGL Background Thread 1 ] DEBUG FXGLAssetLoaderServi - Loading from file system: file:/C:/Users/ryles/Downloads/ComProg_Project/target/classes/assets/textures/background_stars3.png
00:30:26.544 [FXGL Background Thread 1 ] DEBUG FXGLAssetLoaderServi - Loading from file system: file:/C:/Users/ryles/Downloads/ComProg_Project/target/classes/assets/textures/background_cloud1.png
00:30:26.564 [FXGL Background Thread 1 ] DEBUG FXGLAssetLoaderServi - Loading from file system: file:/C:/Users/ryles/Downloads/ComProg_Project/target/classes/assets/textures/background_cloud2.png
00:30:26.594 [FXGL Background Thread 1 ] DEBUG FXGLAssetLoaderServi - Loading from file system: file:/C:/Users/ryles/Downloads/ComProg_Project/target/classes/assets/textures/background_mist1.png
00:30:26.618 [FXGL Background Thread 1 ] DEBUG FXGLAssetLoaderServi - Loading from file system: file:/C:/Users/ryles/Downloads/ComProg_Project/target/classes/assets/textures/background_hills.png
00:30:26.664 [FXGL Background Thread 1 ] DEBUG FXGLAssetLoaderServi - Loading from file system: file:/C:/Users/ryles/Downloads/ComProg_Project/target/classes/assets/textures/background_forest.png
00:30:26.689 [FXGL Background Thread 1 ] DEBUG FXGLAssetLoaderServi - Loading from file system: file:/C:/Users/ryles/Downloads/ComProg_Project/target/classes/assets/textures/background_large_forest.png
00:30:26.837 [FXGL Background Thread 1 ] DEBUG GameWorld            - Game world initialized
00:30:26.930 [FXGL Background Thread 1 ] DEBUG PhysicsWorld         - Physics world initialized: appHeight=720, physics.ppm=50.0
00:30:26.931 [FXGL Background Thread 1 ] DEBUG PhysicsWorld         - Using strategy: BRUTE_FORCE
00:30:26.939 [FXGL Background Thread 1 ] DEBUG GameScene            - Game scene initialized: 1280x720
00:30:27.134 [FXGL Background Thread 1 ] DEBUG GameApplicationServi - Application scenes initialized
00:30:27.148 [FXGL Background Thread 1 ] DEBUG SystemBundleService  - Loading FXGL system data
00:30:27.154 [FXGL Background Thread 1 ] DEBUG FileSystemAccess     - Reading from: C:\Users\ryles\Downloads\ComProg_Project\system\fxgl.bundle
00:30:27.164 [FXGL Background Thread 1 ] DEBUG SystemBundleService  - Bundle FXGL: {}
00:30:27.164 [FXGL Background Thread 1 ] DEBUG UpdaterService       - Checking for updates
00:30:27.172 [FXGL Background Thread 4 ] DEBUG FXGLApplication      - Loading fonts
00:30:27.173 [FXGL Background Thread 4 ] DEBUG FXGLAssetLoaderServi - Loading from file system: jar:file:///C:/Users/ryles/.m2/repository/com/github/almasb/fxgl/25/fxgl-25.jar!/fxglassets/ui/fonts/VarelaRound-Regular.ttf
00:30:27.173 [FXGL Background Thread 1 ] DEBUG FXGLApplication      - Loading default localization
00:30:27.174 [FXGL Background Thread 1 ] DEBUG FXGLAssetLoaderServi - Loading from file system: jar:file:///C:/Users/ryles/.m2/repository/com/github/almasb/fxgl/25/fxgl-25.jar!/fxglassets/languages/english.lang
00:30:27.199 [FXGL Background Thread 1 ] INFO  FXGLApplication      - FXGL initialization took: 1.607 sec
00:30:27.225 [JavaFX Application Thread] DEBUG Input                - Registered new binding: Move left - A
00:30:27.226 [JavaFX Application Thread] DEBUG Input                - Registered new binding: Move right - D
00:30:27.226 [JavaFX Application Thread] DEBUG Input                - Registered new binding: Move down - S
00:30:27.226 [JavaFX Application Thread] DEBUG Input                - Registered new binding: Move up - W
00:30:27.227 [JavaFX Application Thread] DEBUG Input                - Registered new binding: Shoot - Space
00:30:27.228 [JavaFX Application Thread] DEBUG Input                - Registered new binding: Switch to Fire Bullet - Q
00:30:27.228 [JavaFX Application Thread] DEBUG Input                - Registered new binding: Switch to Ice Bullet - E
00:30:27.229 [JavaFX Application Thread] DEBUG FXGLAssetLoaderServi - Loading from file system: jar:file:///C:/Users/ryles/.m2/repository/com/github/almasb/fxgl/25/fxgl-25.jar!/fxglassets/textures/fxgl_icon.png
00:30:27.238 [FXGL Background Thread 4 ] DEBUG FXGLAssetLoaderServi - Loading from file system: jar:file:///C:/Users/ryles/.m2/repository/com/github/almasb/fxgl/25/fxgl-25.jar!/fxglassets/ui/fonts/Abel-Regular.ttf
00:30:27.249 [FXGL Background Thread 4 ] DEBUG FXGLAssetLoaderServi - Loading from file system: jar:file:///C:/Users/ryles/.m2/repository/com/github/almasb/fxgl/25/fxgl-25.jar!/fxglassets/ui/fonts/TerminalLandMono-Regular.otf
00:30:27.259 [FXGL Background Thread 4 ] DEBUG FXGLAssetLoaderServi - Loading from file system: jar:file:///C:/Users/ryles/.m2/repository/com/github/almasb/fxgl/25/fxgl-25.jar!/fxglassets/ui/fonts/Courier-Prime.ttf
00:30:27.267 [JavaFX Application Thread] DEBUG FXGLAssetLoaderServi - Loading from file system: jar:file:///C:/Users/ryles/.m2/repository/com/github/almasb/fxgl/25/fxgl-25.jar!/fxglassets/textures/fxgl_default_cursor.png
00:30:27.274 [JavaFX Application Thread] DEBUG Input                - Registered new binding: Screenshot - CTRL+8
00:30:27.275 [JavaFX Application Thread] DEBUG Input                - Registered new binding: System info dump - CTRL+9
00:30:27.276 [JavaFX Application Thread] DEBUG Input                - Registered new binding: Restart - CTRL+R
00:30:27.278 [JavaFX Application Thread] DEBUG Input                - Registered new binding: Toggle Debug Camera - CTRL+7
00:30:27.284 [JavaFX Application Thread] DEBUG LoopRunner           - Starting loop
00:30:27.285 [JavaFX Application Thread] DEBUG LoopRunner           - Initializing JavaFX AnimationTimerLoop
00:30:27.288 [JavaFX Application Thread] DEBUG Input                - Clearing active input actions
00:30:27.304 [JavaFX Application Thread] DEBUG GameApplicationServi - Removing overlay from FXGLStartupScene and adding to FXGLMainMenuDummyScene
00:30:27.305 [JavaFX Application Thread] DEBUG PrimaryStageWindow   - FXGLStartupScene -> FXGLMainMenuDummyScene
00:30:27.305 [JavaFX Application Thread] DEBUG PrimaryStageWindow   - Push state: MenuInterface
00:30:27.307 [JavaFX Application Thread] DEBUG Input                - Clearing active input actions
00:30:27.326 [JavaFX Application Thread] DEBUG GameApplicationServi - Removing overlay from FXGLMainMenuDummyScene and adding to MenuInterface
00:30:27.326 [JavaFX Application Thread] DEBUG PrimaryStageWindow   - FXGLMainMenuDummyScene -> MenuInterface
00:30:27.515 [JavaFX Application Thread] DEBUG FXGLApplication      - Registering font factories with UI factory
00:30:28.380 [JavaFX Application Thread] DEBUG GameApplicationServi - Starting new game
00:30:28.380 [JavaFX Application Thread] DEBUG PrimaryStageWindow   - Pop state: MenuInterface
00:30:28.380 [JavaFX Application Thread] DEBUG Input                - Clearing active input actions
00:30:28.382 [JavaFX Application Thread] DEBUG GameApplicationServi - Removing overlay from MenuInterface and adding to FXGLMainMenuDummyScene
00:30:28.383 [JavaFX Application Thread] DEBUG PrimaryStageWindow   - FXGLMainMenuDummyScene <- MenuInterface
00:30:28.384 [JavaFX Application Thread] DEBUG Input                - Clearing active input actions
00:30:28.398 [JavaFX Application Thread] DEBUG GameApplicationServi - Removing overlay from FXGLMainMenuDummyScene and adding to LoadingInterface
00:30:28.399 [JavaFX Application Thread] DEBUG PrimaryStageWindow   - FXGLMainMenuDummyScene -> LoadingInterface
00:30:28.399 [JavaFX Application Thread] DEBUG GameApplicationServi - Clearing previous game
00:30:28.399 [JavaFX Application Thread] DEBUG GameScene            - Clearing game scene
00:30:28.399 [JavaFX Application Thread] DEBUG GameWorld            - Clearing game world
00:30:28.399 [JavaFX Application Thread] DEBUG PhysicsWorld         - Clearing physics world
00:30:28.402 [FXGL Background Thread 2 ] DEBUG FXGLApplication      - Initializing game
00:30:28.495 [FXGL Background Thread 2 ] DEBUG FXGLAssetLoaderServi - Loading from file system: file:/C:/Users/ryles/Downloads/ComProg_Project/target/classes/assets/textures/idle_sprite.png
00:30:28.535 [FXGL Background Thread 2 ] DEBUG FXGLAssetLoaderServi - Loading from file system: file:/C:/Users/ryles/Downloads/ComProg_Project/target/classes/assets/textures/bullet_HUD_selection.png
00:30:28.553 [FXGL Background Thread 2 ] DEBUG FXGLAssetLoaderServi - Loading from file system: file:/C:/Users/ryles/Downloads/ComProg_Project/target/classes/assets/music/main_music.wav
00:30:28.809 [FXGL Background Thread 2 ] DEBUG AudioPlayer          - Playing music com.almasb.fxgl.audio.Music@227b3ec5
00:30:28.841 [FXGL Background Thread 2 ] DEBUG FXGLAssetLoaderServi - Loading from file system: file:/C:/Users/ryles/Downloads/ComProg_Project/target/classes/assets/textures/lives_09.png
00:30:28.855 [FXGL Background Thread 2 ] INFO  FXGLApplication      - Game initialization took: 0.453 sec
00:30:28.857 [JavaFX Application Thread] DEBUG Input                - Clearing active input actions
00:30:28.870 [JavaFX Application Thread] DEBUG GameApplicationServi - Removing overlay from LoadingInterface and adding to GameScene
00:30:28.871 [JavaFX Application Thread] DEBUG PrimaryStageWindow   - LoadingInterface -> GameScene
00:30:29.563 [JavaFX Application Thread] DEBUG FXGLAssetLoaderServi - Loading from file system: file:/C:/Users/ryles/Downloads/ComProg_Project/target/classes/assets/textures/enemy_sprite.png
00:30:29.594 [JavaFX Application Thread] DEBUG FXGLAssetLoaderServi - Loading from file system: file:/C:/Users/ryles/Downloads/ComProg_Project/target/classes/assets/textures/explosion_sprite.png
00:30:30.175 [FXGL Background Thread 3 ] DEBUG Engine               - Logging environment variables
00:30:30.177 [FXGL Background Thread 3 ] DEBUG Engine               - achievements: []
00:30:30.177 [FXGL Background Thread 3 ] DEBUG Engine               - actualHeight: 720.0
00:30:30.177 [FXGL Background Thread 3 ] DEBUG Engine               - actualHeightProperty: ReadOnlyDoubleProperty [value: 720.0]
00:30:30.179 [FXGL Background Thread 3 ] DEBUG Engine               - actualWidth: 1280.0
00:30:30.180 [FXGL Background Thread 3 ] DEBUG Engine               - actualWidthProperty: ReadOnlyDoubleProperty [value: 1280.0]
00:30:30.180 [FXGL Background Thread 3 ] DEBUG Engine               - appIcon: fxgl_icon.png
00:30:30.181 [FXGL Background Thread 3 ] DEBUG Engine               - applicationMode: DEVELOPER
00:30:30.181 [FXGL Background Thread 3 ] DEBUG Engine               - cSSList: [fxgl_dark.css]
00:30:30.182 [FXGL Background Thread 3 ] DEBUG Engine               - collisionDetectionStrategy: BRUTE_FORCE
00:30:30.182 [FXGL Background Thread 3 ] DEBUG Engine               - configClass: Optional.empty
00:30:30.182 [FXGL Background Thread 3 ] DEBUG Engine               - credits: []
00:30:30.183 [FXGL Background Thread 3 ] DEBUG Engine               - defaultCursor: CursorInfo(imageName=fxgl_default_cursor.png, hotspotX=7.0, hotspotY=6.0)
00:30:30.184 [FXGL Background Thread 3 ] DEBUG Engine               - devBBoxColorProperty: ObjectProperty [value: 0xff0000ff]
00:30:30.184 [FXGL Background Thread 3 ] DEBUG Engine               - devEnableDebugCameraProperty: BooleanProperty [value: false]
00:30:30.185 [FXGL Background Thread 3 ] DEBUG Engine               - devSensorColorProperty: ObjectProperty [value: 0xffff00ff]
00:30:30.185 [FXGL Background Thread 3 ] DEBUG Engine               - devShowBBoxProperty: BooleanProperty [value: false]
00:30:30.185 [FXGL Background Thread 3 ] DEBUG Engine               - devShowPositionProperty: BooleanProperty [value: false]
00:30:30.185 [FXGL Background Thread 3 ] DEBUG Engine               - enabledMenuItems: []
00:30:30.185 [FXGL Background Thread 3 ] DEBUG Engine               - engineServices: [class com.almasb.fxgl.app.services.FXGLAssetLoaderService, class com.almasb.fxgl.app.FXGLApplication$GameApplicationService, class com.almasb.fxgl.app.services.FXGLDialogService, class com.almasb.fxgl.app.services.IOTaskExecutorService, class com.almasb.fxgl.io.FileSystemService, class com.almasb.fxgl.localization.LocalizationService, class com.almasb.fxgl.app.services.SystemBundleService, class com.almasb.fxgl.profile.SaveLoadService, class com.almasb.fxgl.ui.FXGLUIFactoryServiceProvider, class com.almasb.fxgl.ui.FXGLDialogFactoryServiceProvider, class com.almasb.fxgl.audio.AudioPlayer, class com.almasb.fxgl.notification.impl.NotificationServiceProvider, class com.almasb.fxgl.achievement.AchievementService, class com.almasb.fxgl.cutscene.CutsceneService, class com.almasb.fxgl.minigames.MiniGameService, class com.almasb.fxgl.net.NetService, class com.almasb.fxgl.app.services.UpdaterService, class com.almasb.fxgl.dev.DevService]
00:30:30.186 [FXGL Background Thread 3 ] DEBUG Engine               - fontGame: Abel-Regular.ttf
00:30:30.186 [FXGL Background Thread 3 ] DEBUG Engine               - fontMono: TerminalLandMono-Regular.otf
00:30:30.186 [FXGL Background Thread 3 ] DEBUG Engine               - fontSizeScaleUI: 1.0
00:30:30.186 [FXGL Background Thread 3 ] DEBUG Engine               - fontText: Courier-Prime.ttf
00:30:30.187 [FXGL Background Thread 3 ] DEBUG Engine               - fontUI: VarelaRound-Regular.ttf
00:30:30.187 [FXGL Background Thread 3 ] DEBUG Engine               - fpsRefreshRate: 500.0 ms
00:30:30.188 [FXGL Background Thread 3 ] DEBUG Engine               - fullScreen: BooleanProperty [value: false]
00:30:30.188 [FXGL Background Thread 3 ] DEBUG Engine               - gameDifficulty: MEDIUM
00:30:30.188 [FXGL Background Thread 3 ] DEBUG Engine               - gameDifficultyProperty: ObjectProperty [value: MEDIUM]
00:30:30.189 [FXGL Background Thread 3 ] DEBUG Engine               - globalMusicVolume: 0.5
00:30:30.189 [FXGL Background Thread 3 ] DEBUG Engine               - globalMusicVolumeProperty: DoubleProperty [value: 0.5]
00:30:30.189 [FXGL Background Thread 3 ] DEBUG Engine               - globalSoundVolume: 0.5
00:30:30.189 [FXGL Background Thread 3 ] DEBUG Engine               - globalSoundVolumeProperty: DoubleProperty [value: 0.5]
00:30:30.191 [FXGL Background Thread 3 ] DEBUG Engine               - height: 720
00:30:30.191 [FXGL Background Thread 3 ] DEBUG Engine               - is3D: false
00:30:30.191 [FXGL Background Thread 3 ] DEBUG Engine               - isAndroid: false
00:30:30.191 [FXGL Background Thread 3 ] DEBUG Engine               - isBrowser: false
00:30:30.191 [FXGL Background Thread 3 ] DEBUG Engine               - isClickFeedbackEnabled: false
00:30:30.191 [FXGL Background Thread 3 ] DEBUG Engine               - isCloseConfirmation: false
00:30:30.192 [FXGL Background Thread 3 ] DEBUG Engine               - isDesktop: true
00:30:30.192 [FXGL Background Thread 3 ] DEBUG Engine               - isDeveloperMenuEnabled: false
00:30:30.192 [FXGL Background Thread 3 ] DEBUG Engine               - isEmbedded: false
00:30:30.192 [FXGL Background Thread 3 ] DEBUG Engine               - isEntityPreloadEnabled: true
00:30:30.192 [FXGL Background Thread 3 ] DEBUG Engine               - isExperimentalTiledLargeMap: false
00:30:30.192 [FXGL Background Thread 3 ] DEBUG Engine               - isFileSystemWriteAllowed: true
00:30:30.192 [FXGL Background Thread 3 ] DEBUG Engine               - isFullScreenAllowed: false
00:30:30.193 [FXGL Background Thread 3 ] DEBUG Engine               - isFullScreenFromStart: false
00:30:30.193 [FXGL Background Thread 3 ] DEBUG Engine               - isGameMenuEnabled: true
00:30:30.193 [FXGL Background Thread 3 ] DEBUG Engine               - isIOS: false
00:30:30.193 [FXGL Background Thread 3 ] DEBUG Engine               - isIntroEnabled: false
00:30:30.194 [FXGL Background Thread 3 ] DEBUG Engine               - isLinux: false
00:30:30.194 [FXGL Background Thread 3 ] DEBUG Engine               - isMac: false
00:30:30.194 [FXGL Background Thread 3 ] DEBUG Engine               - isMainMenuEnabled: true
00:30:30.194 [FXGL Background Thread 3 ] DEBUG Engine               - isManualResizeEnabled: false
00:30:30.194 [FXGL Background Thread 3 ] DEBUG Engine               - isMobile: false
00:30:30.194 [FXGL Background Thread 3 ] DEBUG Engine               - isNative: false
00:30:30.195 [FXGL Background Thread 3 ] DEBUG Engine               - isPauseMusicWhenMinimized: true
00:30:30.195 [FXGL Background Thread 3 ] DEBUG Engine               - isPreserveResizeRatio: false
00:30:30.195 [FXGL Background Thread 3 ] DEBUG Engine               - isProfilingEnabled: false
00:30:30.195 [FXGL Background Thread 3 ] DEBUG Engine               - isScaleAffectedOnResize: true
00:30:30.195 [FXGL Background Thread 3 ] DEBUG Engine               - isSingleStep: false
00:30:30.195 [FXGL Background Thread 3 ] DEBUG Engine               - isUserProfileEnabled: false
00:30:30.195 [FXGL Background Thread 3 ] DEBUG Engine               - isWindows: true
00:30:30.195 [FXGL Background Thread 3 ] DEBUG Engine               - language: ObjectProperty [value: ENGLISH]
00:30:30.196 [FXGL Background Thread 3 ] DEBUG Engine               - menuKey: ESCAPE
00:30:30.196 [FXGL Background Thread 3 ] DEBUG Engine               - mouseSensitivity: 0.2
00:30:30.196 [FXGL Background Thread 3 ] DEBUG Engine               - notificationViewClass: class com.almasb.fxgl.notification.view.XboxNotificationView
00:30:30.196 [FXGL Background Thread 3 ] DEBUG Engine               - pixelsPerMeter: 50.0
00:30:30.196 [FXGL Background Thread 3 ] DEBUG Engine               - platform: WINDOWS
00:30:30.196 [FXGL Background Thread 3 ] DEBUG Engine               - prefHeightProperty: ReadOnlyDoubleProperty [value: 720.0]
00:30:30.196 [FXGL Background Thread 3 ] DEBUG Engine               - prefWidthProperty: ReadOnlyDoubleProperty [value: 1280.0]
00:30:30.196 [FXGL Background Thread 3 ] DEBUG Engine               - profileDir: profiles/
00:30:30.197 [FXGL Background Thread 3 ] DEBUG Engine               - profileName: StringProperty [value: DEFAULT]
00:30:30.197 [FXGL Background Thread 3 ] DEBUG Engine               - randomSeed: -1
00:30:30.197 [FXGL Background Thread 3 ] DEBUG Engine               - runtimeInfo: RuntimeInfo(platform=WINDOWS, version=25, build=05.02.2026 22.57)
00:30:30.198 [FXGL Background Thread 3 ] DEBUG Engine               - saveFileExt: sav
00:30:30.198 [FXGL Background Thread 3 ] DEBUG Engine               - scaledHeightProp$fxgl: DoubleProperty [bound, value: 720.0]
00:30:30.198 [FXGL Background Thread 3 ] DEBUG Engine               - scaledWidthProp$fxgl: DoubleProperty [bound, value: 1280.0]
00:30:30.199 [FXGL Background Thread 3 ] DEBUG Engine               - sceneFactory: org.group1.GamePackage.Factory.MainSceneFactory@3ae10809
00:30:30.199 [FXGL Background Thread 3 ] DEBUG Engine               - secondsIn24h: 60
00:30:30.199 [FXGL Background Thread 3 ] DEBUG Engine               - soundMenuBack: menu/back.wav
00:30:30.199 [FXGL Background Thread 3 ] DEBUG Engine               - soundMenuPress: menu/press.wav
00:30:30.199 [FXGL Background Thread 3 ] DEBUG Engine               - soundMenuSelect: menu/select.wav
00:30:30.199 [FXGL Background Thread 3 ] DEBUG Engine               - soundNotification: core/notification.wav
00:30:30.199 [FXGL Background Thread 3 ] DEBUG Engine               - stageStyle: DECORATED
00:30:30.199 [FXGL Background Thread 3 ] DEBUG Engine               - supportedLanguages: [ENGLISH, FRENCH, GERMAN, HUNGARIAN, RUSSIAN]
00:30:30.199 [FXGL Background Thread 3 ] DEBUG Engine               - ticksPerSecond: -1
00:30:30.199 [FXGL Background Thread 3 ] DEBUG Engine               - title: Untitled
00:30:30.199 [FXGL Background Thread 3 ] DEBUG Engine               - urlGithub: https://github.com/AlmasB/FXGL
00:30:30.199 [FXGL Background Thread 3 ] DEBUG Engine               - urlLeaderboard: http://fxgl-top.herokuapp.com/
00:30:30.199 [FXGL Background Thread 3 ] DEBUG Engine               - urlPOM: https://raw.githubusercontent.com/AlmasB/FXGL/release/README.md
00:30:30.200 [FXGL Background Thread 3 ] DEBUG Engine               - userAppClass: class org.group1.GamePackage.Application
00:30:30.200 [FXGL Background Thread 3 ] DEBUG Engine               - version: 0.0
00:30:30.200 [FXGL Background Thread 3 ] DEBUG Engine               - versionCheckDays: 7
00:30:30.200 [FXGL Background Thread 3 ] DEBUG Engine               - width: 1280
00:30:30.201 [FXGL Background Thread 3 ] DEBUG Engine               - Logging services
00:30:30.201 [FXGL Background Thread 3 ] DEBUG Engine               - class com.almasb.fxgl.app.services.FXGLAssetLoaderService
00:30:30.201 [FXGL Background Thread 3 ] DEBUG Engine               - class com.almasb.fxgl.app.FXGLApplication$GameApplicationService
00:30:30.201 [FXGL Background Thread 3 ] DEBUG Engine               - class com.almasb.fxgl.app.services.FXGLDialogService
00:30:30.201 [FXGL Background Thread 3 ] DEBUG Engine               - class com.almasb.fxgl.app.services.IOTaskExecutorService
00:30:30.201 [FXGL Background Thread 3 ] DEBUG Engine               - class com.almasb.fxgl.io.FileSystemService
00:30:30.201 [FXGL Background Thread 3 ] DEBUG Engine               - class com.almasb.fxgl.localization.LocalizationService
00:30:30.201 [FXGL Background Thread 3 ] DEBUG Engine               - class com.almasb.fxgl.app.services.SystemBundleService
00:30:30.201 [FXGL Background Thread 3 ] DEBUG Engine               - class com.almasb.fxgl.profile.SaveLoadService
00:30:30.201 [FXGL Background Thread 3 ] DEBUG Engine               - class com.almasb.fxgl.ui.FXGLUIFactoryServiceProvider
00:30:30.201 [FXGL Background Thread 3 ] DEBUG Engine               - class com.almasb.fxgl.ui.FXGLDialogFactoryServiceProvider
00:30:30.201 [FXGL Background Thread 3 ] DEBUG Engine               - class com.almasb.fxgl.audio.AudioPlayer
00:30:30.201 [FXGL Background Thread 3 ] DEBUG Engine               - class com.almasb.fxgl.notification.impl.NotificationServiceProvider
00:30:30.201 [FXGL Background Thread 3 ] DEBUG Engine               - class com.almasb.fxgl.achievement.AchievementService
00:30:30.202 [FXGL Background Thread 3 ] DEBUG Engine               - class com.almasb.fxgl.cutscene.CutsceneService
00:30:30.202 [FXGL Background Thread 3 ] DEBUG Engine               - class com.almasb.fxgl.minigames.MiniGameService
00:30:30.202 [FXGL Background Thread 3 ] DEBUG Engine               - class com.almasb.fxgl.net.NetService
00:30:30.202 [FXGL Background Thread 3 ] DEBUG Engine               - class com.almasb.fxgl.app.services.UpdaterService
00:30:30.202 [FXGL Background Thread 3 ] DEBUG Engine               - class com.almasb.fxgl.dev.DevService
00:30:38.873 [JavaFX Application Thread] DEBUG FXGLAssetLoaderServi - Loading from file system: file:/C:/Users/ryles/Downloads/ComProg_Project/target/classes/assets/textures/boss_idle_sprite.png
00:30:38.932 [JavaFX Application Thread] DEBUG FXGLAssetLoaderServi - Loading from file system: file:/C:/Users/ryles/Downloads/ComProg_Project/target/classes/assets/textures/boss_charging_sprite.png
00:30:39.007 [JavaFX Application Thread] DEBUG FXGLAssetLoaderServi - Loading from file system: file:/C:/Users/ryles/Downloads/ComProg_Project/target/classes/assets/textures/boss_recovering_sprite.png
00:30:39.849 [JavaFX Application Thread] DEBUG FXGLAssetLoaderServi - Loading from file system: file:/C:/Users/ryles/Downloads/ComProg_Project/target/classes/assets/textures/laser_sprite.png
00:30:39.867 [JavaFX Application Thread] DEBUG FXGLAssetLoaderServi - Loading from file system: file:/C:/Users/ryles/Downloads/ComProg_Project/target/classes/assets/sounds/death_sound.wav
00:30:42.999 [JavaFX Application Thread] DEBUG FXGLApplication      - Exiting FXGL
00:30:42.999 [JavaFX Application Thread] DEBUG LoopRunner           - Stopping loop
00:30:43.000 [JavaFX Application Thread] DEBUG SystemBundleService  - Saving FXGL system data
00:30:43.004 [JavaFX Application Thread] DEBUG FileSystemAccess     - Writing to: C:\Users\ryles\Downloads\ComProg_Project\system\fxgl.bundle
00:30:43.006 [JavaFX Application Thread] DEBUG Async                - Shutting down background threads
00:30:43.006 [JavaFX Application Thread] DEBUG PrimaryStageWindow   - Closing main window
00:30:43.071 [JavaFX Application Thread] DEBUG Logger               - Closing Logger
