00:19:32.783 [main                     ] DEBUG Logger               - Configured Logger
00:19:32.802 [main                     ] DEBUG GameApplication      - Logging settings
Title: Untitled
Version: 0.0
Width: 1280
Height: 720
Fullscreen: false
Intro: false
Profiling: false
Single step:false
App Mode: DEVELOPER
Menu Key: ESCAPE
Stage Style: DECORATED
Scene Factory: class org.group1.GamePackage.Factory.MainSceneFactory

00:19:33.501 [JavaFX Application Thread] DEBUG FXGLApplication      - Initializing FXGL
00:19:33.511 [JavaFX Application Thread] INFO  Engine               - FXGL-25 (05.02.2026 22.57) on WINDOWS (J:25.0.1 FX:21.0.6)
00:19:33.511 [JavaFX Application Thread] DEBUG Engine               - JRE Vendor Name: Oracle Corporation
00:19:33.512 [JavaFX Application Thread] DEBUG Engine               - Running on OS: Windows 11 version 10.0
00:19:33.512 [JavaFX Application Thread] DEBUG Engine               - Architecture: amd64
00:19:33.512 [JavaFX Application Thread] INFO  Engine               - Source code and latest versions at: https://github.com/AlmasB/FXGL
00:19:33.512 [JavaFX Application Thread] INFO  Engine               -       Ask questions and discuss at: https://github.com/AlmasB/FXGL/discussions
00:19:33.745 [JavaFX Application Thread] DEBUG PrimaryStageWindow   - Creating a JavaFX scene
00:19:33.861 [JavaFX Application Thread] DEBUG PrimaryStageWindow   - Target settings size: 1280.0 x 720.0
00:19:33.862 [JavaFX Application Thread] DEBUG PrimaryStageWindow   - Scaled scene size:    1280.0 x 720.0
00:19:33.862 [JavaFX Application Thread] DEBUG PrimaryStageWindow   - Scaled ratio: (1.0, 1.0)
00:19:33.865 [JavaFX Application Thread] DEBUG PrimaryStageWindow   - Set initial scene to FXGLStartupScene
00:19:33.873 [JavaFX Application Thread] DEBUG PrimaryStageWindow   - Opening main window
00:19:34.035 [JavaFX Application Thread] DEBUG PrimaryStageWindow   - Window border size: (14.6666259765625, 37.33331298828125)
00:19:34.036 [JavaFX Application Thread] DEBUG PrimaryStageWindow   - Scaled size: 1280.0 x 720.0
00:19:34.036 [JavaFX Application Thread] DEBUG PrimaryStageWindow   - Scaled ratio: (1.0, 1.0)
00:19:34.037 [JavaFX Application Thread] DEBUG PrimaryStageWindow   - Scene size: 1280.0 x 720.0
00:19:34.037 [JavaFX Application Thread] DEBUG PrimaryStageWindow   - Stage size: 1294.6666259765625 x 757.3333129882812
00:19:34.056 [FXGL Background Thread 1 ] DEBUG Engine               - Initializing environment variables
00:19:34.219 [FXGL Background Thread 1 ] DEBUG FXGLAssetLoaderServi - User app class for loading assets: class org.group1.GamePackage.Application
00:19:34.220 [FXGL Background Thread 1 ] DEBUG GameApplicationServi - Applying CSS: fxgl_dark.css
00:19:34.227 [FXGL Background Thread 1 ] DEBUG FXGLAssetLoaderServi - Loading from file system: jar:file:///C:/Users/ryles/.m2/repository/com/github/almasb/fxgl/25/fxgl-25.jar!/fxglassets/ui/css/fxgl_dark.css
00:19:34.308 [FXGL Background Thread 1 ] DEBUG GameApplicationServi - Initializing application scenes
00:19:34.319 [FXGL Background Thread 1 ] DEBUG FXGLAssetLoaderServi - Loading from file system: file:/C:/Users/ryles/Downloads/ComProg_Project/target/classes/assets/textures/background.png
00:19:34.550 [FXGL Background Thread 1 ] DEBUG FXGLAssetLoaderServi - Loading from file system: file:/C:/Users/ryles/Downloads/ComProg_Project/target/classes/assets/textures/background_stars1.png
00:19:34.677 [FXGL Background Thread 1 ] DEBUG FXGLAssetLoaderServi - Loading from file system: file:/C:/Users/ryles/Downloads/ComProg_Project/target/classes/assets/textures/background_stars2.png
00:19:34.770 [FXGL Background Thread 1 ] DEBUG FXGLAssetLoaderServi - Loading from file system: file:/C:/Users/ryles/Downloads/ComProg_Project/target/classes/assets/textures/background_stars3.png
00:19:34.898 [FXGL Background Thread 1 ] DEBUG FXGLAssetLoaderServi - Loading from file system: file:/C:/Users/ryles/Downloads/ComProg_Project/target/classes/assets/textures/background_cloud1.png
00:19:34.918 [FXGL Background Thread 1 ] DEBUG FXGLAssetLoaderServi - Loading from file system: file:/C:/Users/ryles/Downloads/ComProg_Project/target/classes/assets/textures/background_cloud2.png
00:19:34.949 [FXGL Background Thread 1 ] DEBUG FXGLAssetLoaderServi - Loading from file system: file:/C:/Users/ryles/Downloads/ComProg_Project/target/classes/assets/textures/background_mist1.png
00:19:34.978 [FXGL Background Thread 1 ] DEBUG FXGLAssetLoaderServi - Loading from file system: file:/C:/Users/ryles/Downloads/ComProg_Project/target/classes/assets/textures/background_hills.png
00:19:35.020 [FXGL Background Thread 1 ] DEBUG FXGLAssetLoaderServi - Loading from file system: file:/C:/Users/ryles/Downloads/ComProg_Project/target/classes/assets/textures/background_forest.png
00:19:35.046 [FXGL Background Thread 1 ] DEBUG FXGLAssetLoaderServi - Loading from file system: file:/C:/Users/ryles/Downloads/ComProg_Project/target/classes/assets/textures/background_large_forest.png
00:19:35.204 [FXGL Background Thread 1 ] DEBUG GameWorld            - Game world initialized
00:19:35.334 [FXGL Background Thread 1 ] DEBUG PhysicsWorld         - Physics world initialized: appHeight=720, physics.ppm=50.0
00:19:35.335 [FXGL Background Thread 1 ] DEBUG PhysicsWorld         - Using strategy: BRUTE_FORCE
00:19:35.349 [FXGL Background Thread 1 ] DEBUG GameScene            - Game scene initialized: 1280x720
00:19:35.578 [FXGL Background Thread 1 ] DEBUG GameApplicationServi - Application scenes initialized
00:19:35.594 [FXGL Background Thread 1 ] DEBUG SystemBundleService  - Loading FXGL system data
00:19:35.604 [FXGL Background Thread 1 ] DEBUG FileSystemAccess     - Reading from: C:\Users\ryles\Downloads\ComProg_Project\system\fxgl.bundle
00:19:35.617 [FXGL Background Thread 1 ] DEBUG SystemBundleService  - Bundle FXGL: {}
00:19:35.618 [FXGL Background Thread 1 ] DEBUG UpdaterService       - Checking for updates
00:19:35.634 [FXGL Background Thread 4 ] DEBUG FXGLApplication      - Loading fonts
00:19:35.635 [FXGL Background Thread 4 ] DEBUG FXGLAssetLoaderServi - Loading from file system: jar:file:///C:/Users/ryles/.m2/repository/com/github/almasb/fxgl/25/fxgl-25.jar!/fxglassets/ui/fonts/VarelaRound-Regular.ttf
00:19:35.636 [FXGL Background Thread 1 ] DEBUG FXGLApplication      - Loading default localization
00:19:35.638 [FXGL Background Thread 1 ] DEBUG FXGLAssetLoaderServi - Loading from file system: jar:file:///C:/Users/ryles/.m2/repository/com/github/almasb/fxgl/25/fxgl-25.jar!/fxglassets/languages/english.lang
00:19:35.682 [FXGL Background Thread 1 ] INFO  FXGLApplication      - FXGL initialization took: 1.626 sec
00:19:35.733 [JavaFX Application Thread] DEBUG Input                - Registered new binding: Move left - A
00:19:35.733 [JavaFX Application Thread] DEBUG Input                - Registered new binding: Move right - D
00:19:35.733 [JavaFX Application Thread] DEBUG Input                - Registered new binding: Move down - S
00:19:35.734 [JavaFX Application Thread] DEBUG Input                - Registered new binding: Move up - W
00:19:35.735 [JavaFX Application Thread] DEBUG Input                - Registered new binding: Shoot - Space
00:19:35.735 [JavaFX Application Thread] DEBUG Input                - Registered new binding: Switch to Fire Bullet - Q
00:19:35.735 [JavaFX Application Thread] DEBUG Input                - Registered new binding: Switch to Ice Bullet - E
00:19:35.736 [JavaFX Application Thread] DEBUG FXGLAssetLoaderServi - Loading from file system: jar:file:///C:/Users/ryles/.m2/repository/com/github/almasb/fxgl/25/fxgl-25.jar!/fxglassets/textures/fxgl_icon.png
00:19:35.763 [FXGL Background Thread 4 ] DEBUG FXGLAssetLoaderServi - Loading from file system: jar:file:///C:/Users/ryles/.m2/repository/com/github/almasb/fxgl/25/fxgl-25.jar!/fxglassets/ui/fonts/Abel-Regular.ttf
00:19:35.772 [JavaFX Application Thread] DEBUG FXGLAssetLoaderServi - Loading from file system: jar:file:///C:/Users/ryles/.m2/repository/com/github/almasb/fxgl/25/fxgl-25.jar!/fxglassets/textures/fxgl_default_cursor.png
00:19:35.777 [JavaFX Application Thread] DEBUG Input                - Registered new binding: Screenshot - CTRL+8
00:19:35.778 [JavaFX Application Thread] DEBUG Input                - Registered new binding: System info dump - CTRL+9
00:19:35.778 [JavaFX Application Thread] DEBUG Input                - Registered new binding: Restart - CTRL+R
00:19:35.779 [FXGL Background Thread 4 ] DEBUG FXGLAssetLoaderServi - Loading from file system: jar:file:///C:/Users/ryles/.m2/repository/com/github/almasb/fxgl/25/fxgl-25.jar!/fxglassets/ui/fonts/TerminalLandMono-Regular.otf
00:19:35.781 [JavaFX Application Thread] DEBUG Input                - Registered new binding: Toggle Debug Camera - CTRL+7
00:19:35.785 [JavaFX Application Thread] DEBUG LoopRunner           - Starting loop
00:19:35.785 [JavaFX Application Thread] DEBUG LoopRunner           - Initializing JavaFX AnimationTimerLoop
00:19:35.789 [FXGL Background Thread 4 ] DEBUG FXGLAssetLoaderServi - Loading from file system: jar:file:///C:/Users/ryles/.m2/repository/com/github/almasb/fxgl/25/fxgl-25.jar!/fxglassets/ui/fonts/Courier-Prime.ttf
00:19:35.789 [JavaFX Application Thread] DEBUG Input                - Clearing active input actions
00:19:35.805 [JavaFX Application Thread] DEBUG GameApplicationServi - Removing overlay from FXGLStartupScene and adding to FXGLMainMenuDummyScene
00:19:35.805 [JavaFX Application Thread] DEBUG PrimaryStageWindow   - FXGLStartupScene -> FXGLMainMenuDummyScene
00:19:35.806 [JavaFX Application Thread] DEBUG PrimaryStageWindow   - Push state: MenuInterface
00:19:35.806 [JavaFX Application Thread] DEBUG Input                - Clearing active input actions
00:19:35.826 [JavaFX Application Thread] DEBUG GameApplicationServi - Removing overlay from FXGLMainMenuDummyScene and adding to MenuInterface
00:19:35.827 [JavaFX Application Thread] DEBUG PrimaryStageWindow   - FXGLMainMenuDummyScene -> MenuInterface
00:19:36.015 [JavaFX Application Thread] DEBUG FXGLApplication      - Registering font factories with UI factory
00:19:37.301 [JavaFX Application Thread] DEBUG GameApplicationServi - Starting new game
00:19:37.302 [JavaFX Application Thread] DEBUG PrimaryStageWindow   - Pop state: MenuInterface
00:19:37.302 [JavaFX Application Thread] DEBUG Input                - Clearing active input actions
00:19:37.304 [JavaFX Application Thread] DEBUG GameApplicationServi - Removing overlay from MenuInterface and adding to FXGLMainMenuDummyScene
00:19:37.305 [JavaFX Application Thread] DEBUG PrimaryStageWindow   - FXGLMainMenuDummyScene <- MenuInterface
00:19:37.305 [JavaFX Application Thread] DEBUG Input                - Clearing active input actions
00:19:37.319 [JavaFX Application Thread] DEBUG GameApplicationServi - Removing overlay from FXGLMainMenuDummyScene and adding to LoadingInterface
00:19:37.320 [JavaFX Application Thread] DEBUG PrimaryStageWindow   - FXGLMainMenuDummyScene -> LoadingInterface
00:19:37.320 [JavaFX Application Thread] DEBUG GameApplicationServi - Clearing previous game
00:19:37.320 [JavaFX Application Thread] DEBUG GameScene            - Clearing game scene
00:19:37.320 [JavaFX Application Thread] DEBUG GameWorld            - Clearing game world
00:19:37.320 [JavaFX Application Thread] DEBUG PhysicsWorld         - Clearing physics world
00:19:37.323 [FXGL Background Thread 2 ] DEBUG FXGLApplication      - Initializing game
00:19:37.411 [FXGL Background Thread 2 ] DEBUG FXGLAssetLoaderServi - Loading from file system: file:/C:/Users/ryles/Downloads/ComProg_Project/target/classes/assets/textures/idle_sprite.png
00:19:37.450 [FXGL Background Thread 2 ] DEBUG FXGLAssetLoaderServi - Loading from file system: file:/C:/Users/ryles/Downloads/ComProg_Project/target/classes/assets/textures/bullet_HUD_selection.png
00:19:37.468 [FXGL Background Thread 2 ] DEBUG FXGLAssetLoaderServi - Loading from file system: file:/C:/Users/ryles/Downloads/ComProg_Project/target/classes/assets/music/main_music.wav
00:19:37.721 [FXGL Background Thread 2 ] DEBUG AudioPlayer          - Playing music com.almasb.fxgl.audio.Music@524013ce
00:19:37.756 [FXGL Background Thread 2 ] DEBUG FXGLAssetLoaderServi - Loading from file system: file:/C:/Users/ryles/Downloads/ComProg_Project/target/classes/assets/textures/lives_09.png
00:19:37.764 [FXGL Background Thread 2 ] INFO  FXGLApplication      - Game initialization took: 0.441 sec
00:19:37.765 [JavaFX Application Thread] DEBUG Input                - Clearing active input actions
00:19:37.774 [JavaFX Application Thread] DEBUG GameApplicationServi - Removing overlay from LoadingInterface and adding to GameScene
00:19:37.775 [JavaFX Application Thread] DEBUG PrimaryStageWindow   - LoadingInterface -> GameScene
00:19:38.481 [JavaFX Application Thread] DEBUG FXGLAssetLoaderServi - Loading from file system: file:/C:/Users/ryles/Downloads/ComProg_Project/target/classes/assets/textures/enemy_sprite.png
00:19:38.512 [JavaFX Application Thread] DEBUG FXGLAssetLoaderServi - Loading from file system: file:/C:/Users/ryles/Downloads/ComProg_Project/target/classes/assets/textures/explosion_sprite.png
00:19:38.630 [FXGL Background Thread 3 ] DEBUG Engine               - Logging environment variables
00:19:38.630 [FXGL Background Thread 3 ] DEBUG Engine               - achievements: []
00:19:38.632 [FXGL Background Thread 3 ] DEBUG Engine               - actualHeight: 720.0
00:19:38.632 [FXGL Background Thread 3 ] DEBUG Engine               - actualHeightProperty: ReadOnlyDoubleProperty [value: 720.0]
00:19:38.632 [FXGL Background Thread 3 ] DEBUG Engine               - actualWidth: 1280.0
00:19:38.632 [FXGL Background Thread 3 ] DEBUG Engine               - actualWidthProperty: ReadOnlyDoubleProperty [value: 1280.0]
00:19:38.632 [FXGL Background Thread 3 ] DEBUG Engine               - appIcon: fxgl_icon.png
00:19:38.632 [FXGL Background Thread 3 ] DEBUG Engine               - applicationMode: DEVELOPER
00:19:38.633 [FXGL Background Thread 3 ] DEBUG Engine               - cSSList: [fxgl_dark.css]
00:19:38.633 [FXGL Background Thread 3 ] DEBUG Engine               - collisionDetectionStrategy: BRUTE_FORCE
00:19:38.633 [FXGL Background Thread 3 ] DEBUG Engine               - configClass: Optional.empty
00:19:38.633 [FXGL Background Thread 3 ] DEBUG Engine               - credits: []
00:19:38.634 [FXGL Background Thread 3 ] DEBUG Engine               - defaultCursor: CursorInfo(imageName=fxgl_default_cursor.png, hotspotX=7.0, hotspotY=6.0)
00:19:38.634 [FXGL Background Thread 3 ] DEBUG Engine               - devBBoxColorProperty: ObjectProperty [value: 0xff0000ff]
00:19:38.634 [FXGL Background Thread 3 ] DEBUG Engine               - devEnableDebugCameraProperty: BooleanProperty [value: false]
00:19:38.634 [FXGL Background Thread 3 ] DEBUG Engine               - devSensorColorProperty: ObjectProperty [value: 0xffff00ff]
00:19:38.635 [FXGL Background Thread 3 ] DEBUG Engine               - devShowBBoxProperty: BooleanProperty [value: false]
00:19:38.635 [FXGL Background Thread 3 ] DEBUG Engine               - devShowPositionProperty: BooleanProperty [value: false]
00:19:38.635 [FXGL Background Thread 3 ] DEBUG Engine               - enabledMenuItems: []
00:19:38.635 [FXGL Background Thread 3 ] DEBUG Engine               - engineServices: [class com.almasb.fxgl.app.services.FXGLAssetLoaderService, class com.almasb.fxgl.app.FXGLApplication$GameApplicationService, class com.almasb.fxgl.app.services.FXGLDialogService, class com.almasb.fxgl.app.services.IOTaskExecutorService, class com.almasb.fxgl.io.FileSystemService, class com.almasb.fxgl.localization.LocalizationService, class com.almasb.fxgl.app.services.SystemBundleService, class com.almasb.fxgl.profile.SaveLoadService, class com.almasb.fxgl.ui.FXGLUIFactoryServiceProvider, class com.almasb.fxgl.ui.FXGLDialogFactoryServiceProvider, class com.almasb.fxgl.audio.AudioPlayer, class com.almasb.fxgl.notification.impl.NotificationServiceProvider, class com.almasb.fxgl.achievement.AchievementService, class com.almasb.fxgl.cutscene.CutsceneService, class com.almasb.fxgl.minigames.MiniGameService, class com.almasb.fxgl.net.NetService, class com.almasb.fxgl.app.services.UpdaterService, class com.almasb.fxgl.dev.DevService]
00:19:38.635 [FXGL Background Thread 3 ] DEBUG Engine               - fontGame: Abel-Regular.ttf
00:19:38.635 [FXGL Background Thread 3 ] DEBUG Engine               - fontMono: TerminalLandMono-Regular.otf
00:19:38.635 [FXGL Background Thread 3 ] DEBUG Engine               - fontSizeScaleUI: 1.0
00:19:38.635 [FXGL Background Thread 3 ] DEBUG Engine               - fontText: Courier-Prime.ttf
00:19:38.635 [FXGL Background Thread 3 ] DEBUG Engine               - fontUI: VarelaRound-Regular.ttf
00:19:38.636 [FXGL Background Thread 3 ] DEBUG Engine               - fpsRefreshRate: 500.0 ms
00:19:38.636 [FXGL Background Thread 3 ] DEBUG Engine               - fullScreen: BooleanProperty [value: false]
00:19:38.636 [FXGL Background Thread 3 ] DEBUG Engine               - gameDifficulty: MEDIUM
00:19:38.636 [FXGL Background Thread 3 ] DEBUG Engine               - gameDifficultyProperty: ObjectProperty [value: MEDIUM]
00:19:38.636 [FXGL Background Thread 3 ] DEBUG Engine               - globalMusicVolume: 0.5
00:19:38.637 [FXGL Background Thread 3 ] DEBUG Engine               - globalMusicVolumeProperty: DoubleProperty [value: 0.5]
00:19:38.637 [FXGL Background Thread 3 ] DEBUG Engine               - globalSoundVolume: 0.5
00:19:38.637 [FXGL Background Thread 3 ] DEBUG Engine               - globalSoundVolumeProperty: DoubleProperty [value: 0.5]
00:19:38.637 [FXGL Background Thread 3 ] DEBUG Engine               - height: 720
00:19:38.637 [FXGL Background Thread 3 ] DEBUG Engine               - is3D: false
00:19:38.637 [FXGL Background Thread 3 ] DEBUG Engine               - isAndroid: false
00:19:38.638 [FXGL Background Thread 3 ] DEBUG Engine               - isBrowser: false
00:19:38.638 [FXGL Background Thread 3 ] DEBUG Engine               - isClickFeedbackEnabled: false
00:19:38.638 [FXGL Background Thread 3 ] DEBUG Engine               - isCloseConfirmation: false
00:19:38.638 [FXGL Background Thread 3 ] DEBUG Engine               - isDesktop: true
00:19:38.638 [FXGL Background Thread 3 ] DEBUG Engine               - isDeveloperMenuEnabled: false
00:19:38.638 [FXGL Background Thread 3 ] DEBUG Engine               - isEmbedded: false
00:19:38.638 [FXGL Background Thread 3 ] DEBUG Engine               - isEntityPreloadEnabled: true
00:19:38.638 [FXGL Background Thread 3 ] DEBUG Engine               - isExperimentalTiledLargeMap: false
00:19:38.638 [FXGL Background Thread 3 ] DEBUG Engine               - isFileSystemWriteAllowed: true
00:19:38.638 [FXGL Background Thread 3 ] DEBUG Engine               - isFullScreenAllowed: false
00:19:38.638 [FXGL Background Thread 3 ] DEBUG Engine               - isFullScreenFromStart: false
00:19:38.639 [FXGL Background Thread 3 ] DEBUG Engine               - isGameMenuEnabled: true
00:19:38.639 [FXGL Background Thread 3 ] DEBUG Engine               - isIOS: false
00:19:38.639 [FXGL Background Thread 3 ] DEBUG Engine               - isIntroEnabled: false
00:19:38.639 [FXGL Background Thread 3 ] DEBUG Engine               - isLinux: false
00:19:38.639 [FXGL Background Thread 3 ] DEBUG Engine               - isMac: false
00:19:38.639 [FXGL Background Thread 3 ] DEBUG Engine               - isMainMenuEnabled: true
00:19:38.639 [FXGL Background Thread 3 ] DEBUG Engine               - isManualResizeEnabled: false
00:19:38.639 [FXGL Background Thread 3 ] DEBUG Engine               - isMobile: false
00:19:38.639 [FXGL Background Thread 3 ] DEBUG Engine               - isNative: false
00:19:38.639 [FXGL Background Thread 3 ] DEBUG Engine               - isPauseMusicWhenMinimized: true
00:19:38.639 [FXGL Background Thread 3 ] DEBUG Engine               - isPreserveResizeRatio: false
00:19:38.639 [FXGL Background Thread 3 ] DEBUG Engine               - isProfilingEnabled: false
00:19:38.639 [FXGL Background Thread 3 ] DEBUG Engine               - isScaleAffectedOnResize: true
00:19:38.640 [FXGL Background Thread 3 ] DEBUG Engine               - isSingleStep: false
00:19:38.640 [FXGL Background Thread 3 ] DEBUG Engine               - isUserProfileEnabled: false
00:19:38.640 [FXGL Background Thread 3 ] DEBUG Engine               - isWindows: true
00:19:38.640 [FXGL Background Thread 3 ] DEBUG Engine               - language: ObjectProperty [value: ENGLISH]
00:19:38.640 [FXGL Background Thread 3 ] DEBUG Engine               - menuKey: ESCAPE
00:19:38.640 [FXGL Background Thread 3 ] DEBUG Engine               - mouseSensitivity: 0.2
00:19:38.640 [FXGL Background Thread 3 ] DEBUG Engine               - notificationViewClass: class com.almasb.fxgl.notification.view.XboxNotificationView
00:19:38.640 [FXGL Background Thread 3 ] DEBUG Engine               - pixelsPerMeter: 50.0
00:19:38.640 [FXGL Background Thread 3 ] DEBUG Engine               - platform: WINDOWS
00:19:38.640 [FXGL Background Thread 3 ] DEBUG Engine               - prefHeightProperty: ReadOnlyDoubleProperty [value: 720.0]
00:19:38.640 [FXGL Background Thread 3 ] DEBUG Engine               - prefWidthProperty: ReadOnlyDoubleProperty [value: 1280.0]
00:19:38.640 [FXGL Background Thread 3 ] DEBUG Engine               - profileDir: profiles/
00:19:38.641 [FXGL Background Thread 3 ] DEBUG Engine               - profileName: StringProperty [value: DEFAULT]
00:19:38.641 [FXGL Background Thread 3 ] DEBUG Engine               - randomSeed: -1
00:19:38.642 [FXGL Background Thread 3 ] DEBUG Engine               - runtimeInfo: RuntimeInfo(platform=WINDOWS, version=25, build=05.02.2026 22.57)
00:19:38.642 [FXGL Background Thread 3 ] DEBUG Engine               - saveFileExt: sav
00:19:38.642 [FXGL Background Thread 3 ] DEBUG Engine               - scaledHeightProp$fxgl: DoubleProperty [bound, value: 720.0]
00:19:38.642 [FXGL Background Thread 3 ] DEBUG Engine               - scaledWidthProp$fxgl: DoubleProperty [bound, value: 1280.0]
00:19:38.642 [FXGL Background Thread 3 ] DEBUG Engine               - sceneFactory: org.group1.GamePackage.Factory.MainSceneFactory@2e53481b
00:19:38.642 [FXGL Background Thread 3 ] DEBUG Engine               - secondsIn24h: 60
00:19:38.643 [FXGL Background Thread 3 ] DEBUG Engine               - soundMenuBack: menu/back.wav
00:19:38.643 [FXGL Background Thread 3 ] DEBUG Engine               - soundMenuPress: menu/press.wav
00:19:38.643 [FXGL Background Thread 3 ] DEBUG Engine               - soundMenuSelect: menu/select.wav
00:19:38.644 [FXGL Background Thread 3 ] DEBUG Engine               - soundNotification: core/notification.wav
00:19:38.644 [FXGL Background Thread 3 ] DEBUG Engine               - stageStyle: DECORATED
00:19:38.644 [FXGL Background Thread 3 ] DEBUG Engine               - supportedLanguages: [ENGLISH, FRENCH, GERMAN, HUNGARIAN, RUSSIAN]
00:19:38.644 [FXGL Background Thread 3 ] DEBUG Engine               - ticksPerSecond: -1
00:19:38.644 [FXGL Background Thread 3 ] DEBUG Engine               - title: Untitled
00:19:38.644 [FXGL Background Thread 3 ] DEBUG Engine               - urlGithub: https://github.com/AlmasB/FXGL
00:19:38.644 [FXGL Background Thread 3 ] DEBUG Engine               - urlLeaderboard: http://fxgl-top.herokuapp.com/
00:19:38.644 [FXGL Background Thread 3 ] DEBUG Engine               - urlPOM: https://raw.githubusercontent.com/AlmasB/FXGL/release/README.md
00:19:38.644 [FXGL Background Thread 3 ] DEBUG Engine               - userAppClass: class org.group1.GamePackage.Application
00:19:38.644 [FXGL Background Thread 3 ] DEBUG Engine               - version: 0.0
00:19:38.644 [FXGL Background Thread 3 ] DEBUG Engine               - versionCheckDays: 7
00:19:38.644 [FXGL Background Thread 3 ] DEBUG Engine               - width: 1280
00:19:38.645 [FXGL Background Thread 3 ] DEBUG Engine               - Logging services
00:19:38.645 [FXGL Background Thread 3 ] DEBUG Engine               - class com.almasb.fxgl.app.services.FXGLAssetLoaderService
00:19:38.645 [FXGL Background Thread 3 ] DEBUG Engine               - class com.almasb.fxgl.app.FXGLApplication$GameApplicationService
00:19:38.645 [FXGL Background Thread 3 ] DEBUG Engine               - class com.almasb.fxgl.app.services.FXGLDialogService
00:19:38.645 [FXGL Background Thread 3 ] DEBUG Engine               - class com.almasb.fxgl.app.services.IOTaskExecutorService
00:19:38.645 [FXGL Background Thread 3 ] DEBUG Engine               - class com.almasb.fxgl.io.FileSystemService
00:19:38.645 [FXGL Background Thread 3 ] DEBUG Engine               - class com.almasb.fxgl.localization.LocalizationService
00:19:38.645 [FXGL Background Thread 3 ] DEBUG Engine               - class com.almasb.fxgl.app.services.SystemBundleService
00:19:38.645 [FXGL Background Thread 3 ] DEBUG Engine               - class com.almasb.fxgl.profile.SaveLoadService
00:19:38.645 [FXGL Background Thread 3 ] DEBUG Engine               - class com.almasb.fxgl.ui.FXGLUIFactoryServiceProvider
00:19:38.645 [FXGL Background Thread 3 ] DEBUG Engine               - class com.almasb.fxgl.ui.FXGLDialogFactoryServiceProvider
00:19:38.645 [FXGL Background Thread 3 ] DEBUG Engine               - class com.almasb.fxgl.audio.AudioPlayer
00:19:38.645 [FXGL Background Thread 3 ] DEBUG Engine               - class com.almasb.fxgl.notification.impl.NotificationServiceProvider
00:19:38.645 [FXGL Background Thread 3 ] DEBUG Engine               - class com.almasb.fxgl.achievement.AchievementService
00:19:38.646 [FXGL Background Thread 3 ] DEBUG Engine               - class com.almasb.fxgl.cutscene.CutsceneService
00:19:38.646 [FXGL Background Thread 3 ] DEBUG Engine               - class com.almasb.fxgl.minigames.MiniGameService
00:19:38.646 [FXGL Background Thread 3 ] DEBUG Engine               - class com.almasb.fxgl.net.NetService
00:19:38.646 [FXGL Background Thread 3 ] DEBUG Engine               - class com.almasb.fxgl.app.services.UpdaterService
00:19:38.646 [FXGL Background Thread 3 ] DEBUG Engine               - class com.almasb.fxgl.dev.DevService
00:19:39.936 [JavaFX Application Thread] DEBUG FXGLAssetLoaderServi - Loading from file system: file:/C:/Users/ryles/Downloads/ComProg_Project/target/classes/assets/sounds/death_sound.wav
00:19:47.763 [JavaFX Application Thread] DEBUG FXGLAssetLoaderServi - Loading from file system: file:/C:/Users/ryles/Downloads/ComProg_Project/target/classes/assets/textures/boss_idle_sprite.png
00:19:47.831 [JavaFX Application Thread] DEBUG FXGLAssetLoaderServi - Loading from file system: file:/C:/Users/ryles/Downloads/ComProg_Project/target/classes/assets/textures/boss_charging_sprite.png
00:19:47.909 [JavaFX Application Thread] DEBUG FXGLAssetLoaderServi - Loading from file system: file:/C:/Users/ryles/Downloads/ComProg_Project/target/classes/assets/textures/boss_recovering_sprite.png
00:19:58.223 [JavaFX Application Thread] DEBUG FXGLAssetLoaderServi - Loading from file system: file:/C:/Users/ryles/Downloads/ComProg_Project/target/classes/assets/textures/laser_sprite.png
00:20:18.020 [JavaFX Application Thread] DEBUG FXGLApplication      - Exiting FXGL
00:20:18.020 [JavaFX Application Thread] DEBUG LoopRunner           - Stopping loop
00:20:18.020 [JavaFX Application Thread] DEBUG SystemBundleService  - Saving FXGL system data
00:20:18.023 [JavaFX Application Thread] DEBUG FileSystemAccess     - Writing to: C:\Users\ryles\Downloads\ComProg_Project\system\fxgl.bundle
00:20:18.030 [JavaFX Application Thread] DEBUG Async                - Shutting down background threads
00:20:18.031 [JavaFX Application Thread] DEBUG PrimaryStageWindow   - Closing main window
00:20:18.084 [JavaFX Application Thread] DEBUG Logger               - Closing Logger
