10:50:44.846 [main                     ] DEBUG Logger               - Configured Logger
10:50:44.854 [main                     ] DEBUG GameApplication      - Logging settings
Title: Untitled
Version: 0.0
Width: 1280
Height: 720
Fullscreen: false
Intro: false
Profiling: false
Single step:false
App Mode: DEVELOPER
Menu Key: ESCAPE
Stage Style: DECORATED
Scene Factory: class com.almasb.fxgl.app.scene.SceneFactory

10:50:45.057 [JavaFX Application Thread] DEBUG FXGLApplication      - Initializing FXGL
10:50:45.060 [JavaFX Application Thread] INFO  Engine               - FXGL-25 (05.02.2026 22.57) on LINUX (J:25.0.2 FX:21.0.6)
10:50:45.060 [JavaFX Application Thread] DEBUG Engine               - JRE Vendor Name: Arch Linux
10:50:45.060 [JavaFX Application Thread] DEBUG Engine               - Running on OS: Linux version 6.19.9-arch1-1
10:50:45.060 [JavaFX Application Thread] DEBUG Engine               - Architecture: amd64
10:50:45.060 [JavaFX Application Thread] INFO  Engine               - Source code and latest versions at: https://github.com/AlmasB/FXGL
10:50:45.061 [JavaFX Application Thread] INFO  Engine               -       Ask questions and discuss at: https://github.com/AlmasB/FXGL/discussions
10:50:45.128 [JavaFX Application Thread] DEBUG PrimaryStageWindow   - Creating a JavaFX scene
10:50:45.208 [JavaFX Application Thread] DEBUG PrimaryStageWindow   - Target settings size: 1280.0 x 720.0
10:50:45.208 [JavaFX Application Thread] DEBUG PrimaryStageWindow   - Scaled scene size:    1280.0 x 720.0
10:50:45.208 [JavaFX Application Thread] DEBUG PrimaryStageWindow   - Scaled ratio: (1.0, 1.0)
10:50:45.209 [JavaFX Application Thread] DEBUG PrimaryStageWindow   - Set initial scene to FXGLStartupScene
10:50:45.213 [JavaFX Application Thread] DEBUG PrimaryStageWindow   - Opening main window
10:50:45.280 [JavaFX Application Thread] DEBUG PrimaryStageWindow   - Window border size: (0.0, 35.0)
10:50:45.280 [JavaFX Application Thread] DEBUG PrimaryStageWindow   - Scaled size: 1280.0 x 685.0
10:50:45.280 [JavaFX Application Thread] DEBUG PrimaryStageWindow   - Scaled ratio: (1.0, 0.9513888888888888)
10:50:45.280 [JavaFX Application Thread] DEBUG PrimaryStageWindow   - Scene size: 1280.0 x 720.0
10:50:45.281 [JavaFX Application Thread] DEBUG PrimaryStageWindow   - Stage size: 1280.0 x 720.0
10:50:45.285 [FXGL Background Thread 1 ] DEBUG Engine               - Initializing environment variables
10:50:45.353 [FXGL Background Thread 1 ] DEBUG FXGLAssetLoaderServi - User app class for loading assets: class org.group1.GamePackage.Application
10:50:45.354 [FXGL Background Thread 1 ] DEBUG GameApplicationServi - Applying CSS: fxgl_dark.css
10:50:45.355 [FXGL Background Thread 1 ] DEBUG FXGLAssetLoaderServi - Loading from file system: jar:file:///home/me/.m2/repository/com/github/almasb/fxgl/25/fxgl-25.jar!/fxglassets/ui/css/fxgl_dark.css
10:50:45.401 [FXGL Background Thread 1 ] DEBUG GameApplicationServi - Initializing application scenes
10:50:45.440 [FXGL Background Thread 1 ] DEBUG GameWorld            - Game world initialized
10:50:45.489 [FXGL Background Thread 1 ] DEBUG PhysicsWorld         - Physics world initialized: appHeight=720, physics.ppm=50.0
10:50:45.489 [FXGL Background Thread 1 ] DEBUG PhysicsWorld         - Using strategy: BRUTE_FORCE
10:50:45.493 [FXGL Background Thread 1 ] DEBUG GameScene            - Game scene initialized: 1280x720
10:50:45.507 [FXGL Background Thread 1 ] DEBUG FXGL.DefaultMenu     - createMenuBodyGameMenu()
10:50:45.517 [FXGL Background Thread 1 ] DEBUG FXGL.DefaultMenu     - createOptionsMenu()
10:50:45.526 [FXGL Background Thread 1 ] DEBUG FXGLAssetLoaderServi - Loading from file system: jar:file:///home/me/.m2/repository/com/github/almasb/fxgl/25/fxgl-25.jar!/fxglassets/textures/particles/smoke.png
10:50:45.617 [FXGL Background Thread 1 ] DEBUG FXGLAssetLoaderServi - Loading from file system: jar:file:///home/me/.m2/repository/com/github/almasb/fxgl/25/fxgl-25.jar!/fxglassets/textures/particles/trace_horizontal.png
10:50:45.648 [FXGL Background Thread 1 ] DEBUG GameApplicationServi - Application scenes initialized
10:50:45.660 [FXGL Background Thread 1 ] DEBUG SystemBundleService  - Loading FXGL system data
10:50:45.664 [FXGL Background Thread 1 ] DEBUG FileSystemAccess     - Reading from: /home/me/ComProg_Project/system/fxgl.bundle
10:50:45.671 [FXGL Background Thread 1 ] DEBUG SystemBundleService  - Bundle FXGL: {}
10:50:45.671 [FXGL Background Thread 1 ] DEBUG UpdaterService       - Checking for updates
10:50:45.677 [FXGL Background Thread 1 ] DEBUG FXGLApplication      - Loading default localization
10:50:45.677 [FXGL Background Thread 1 ] DEBUG FXGLAssetLoaderServi - Loading from file system: jar:file:///home/me/.m2/repository/com/github/almasb/fxgl/25/fxgl-25.jar!/fxglassets/languages/english.lang
10:50:45.678 [FXGL Background Thread 4 ] DEBUG FXGLApplication      - Loading fonts
10:50:45.679 [FXGL Background Thread 4 ] DEBUG FXGLAssetLoaderServi - Loading from file system: jar:file:///home/me/.m2/repository/com/github/almasb/fxgl/25/fxgl-25.jar!/fxglassets/ui/fonts/VarelaRound-Regular.ttf
10:50:45.687 [FXGL Background Thread 4 ] DEBUG FXGLAssetLoaderServi - Loading from file system: jar:file:///home/me/.m2/repository/com/github/almasb/fxgl/25/fxgl-25.jar!/fxglassets/ui/fonts/Abel-Regular.ttf
10:50:45.689 [FXGL Background Thread 4 ] DEBUG FXGLAssetLoaderServi - Loading from file system: jar:file:///home/me/.m2/repository/com/github/almasb/fxgl/25/fxgl-25.jar!/fxglassets/ui/fonts/TerminalLandMono-Regular.otf
10:50:45.691 [FXGL Background Thread 4 ] DEBUG FXGLAssetLoaderServi - Loading from file system: jar:file:///home/me/.m2/repository/com/github/almasb/fxgl/25/fxgl-25.jar!/fxglassets/ui/fonts/Courier-Prime.ttf
10:50:45.692 [FXGL Background Thread 1 ] INFO  FXGLApplication      - FXGL initialization took: 0.407 sec
10:50:45.700 [JavaFX Application Thread] DEBUG Input                - Registered new binding: Shoot - Space
10:50:45.701 [JavaFX Application Thread] DEBUG Input                - Registered new binding: Move up - W
10:50:45.701 [JavaFX Application Thread] DEBUG Input                - Registered new binding: Move down - S
10:50:45.701 [JavaFX Application Thread] DEBUG Input                - Registered new binding: Move left - A
10:50:45.701 [JavaFX Application Thread] DEBUG Input                - Registered new binding: Move right - D
10:50:45.701 [JavaFX Application Thread] DEBUG FXGLAssetLoaderServi - Loading from file system: jar:file:///home/me/.m2/repository/com/github/almasb/fxgl/25/fxgl-25.jar!/fxglassets/textures/fxgl_icon.png
10:50:45.722 [JavaFX Application Thread] DEBUG FXGLAssetLoaderServi - Loading from file system: jar:file:///home/me/.m2/repository/com/github/almasb/fxgl/25/fxgl-25.jar!/fxglassets/textures/fxgl_default_cursor.png
10:50:45.724 [JavaFX Application Thread] DEBUG Input                - Registered new binding: Screenshot - CTRL+8
10:50:45.724 [JavaFX Application Thread] DEBUG Input                - Registered new binding: System info dump - CTRL+9
10:50:45.725 [JavaFX Application Thread] DEBUG Input                - Registered new binding: Restart - CTRL+R
10:50:45.725 [JavaFX Application Thread] DEBUG Input                - Registered new binding: Toggle Debug Camera - CTRL+7
10:50:45.731 [JavaFX Application Thread] DEBUG LoopRunner           - Starting loop
10:50:45.731 [JavaFX Application Thread] DEBUG LoopRunner           - Initializing JavaFX AnimationTimerLoop
10:50:45.732 [JavaFX Application Thread] DEBUG GameApplicationServi - Starting new game
10:50:45.733 [JavaFX Application Thread] DEBUG Input                - Clearing active input actions
10:50:45.748 [JavaFX Application Thread] DEBUG GameApplicationServi - Removing overlay from FXGLStartupScene and adding to FXGLLoadingScene
10:50:45.749 [JavaFX Application Thread] DEBUG PrimaryStageWindow   - FXGLStartupScene -> FXGLLoadingScene
10:50:45.749 [JavaFX Application Thread] DEBUG GameApplicationServi - Clearing previous game
10:50:45.749 [JavaFX Application Thread] DEBUG GameScene            - Clearing game scene
10:50:45.749 [JavaFX Application Thread] DEBUG GameWorld            - Clearing game world
10:50:45.749 [JavaFX Application Thread] DEBUG PhysicsWorld         - Clearing physics world
10:50:45.751 [JavaFX Application Thread] DEBUG FXGLApplication      - Registering font factories with UI factory
10:50:45.751 [FXGL Background Thread 4 ] DEBUG FXGLApplication      - Initializing game
10:50:45.768 [FXGL Background Thread 4 ] DEBUG FXGLAssetLoaderServi - Loading from file system: file:/home/me/ComProg_Project/target/classes/assets/textures/idle_sprite.png
10:50:45.779 [FXGL Background Thread 4 ] DEBUG FXGLAssetLoaderServi - Loading from file system: file:/home/me/ComProg_Project/target/classes/assets/textures/down_sprite.png
10:50:45.784 [FXGL Background Thread 4 ] DEBUG FXGLAssetLoaderServi - Loading from file system: file:/home/me/ComProg_Project/target/classes/assets/textures/up_sprite.png
10:50:45.805 [FXGL Background Thread 4 ] INFO  FXGLApplication      - Game initialization took: 0.054 sec
10:50:45.869 [JavaFX Application Thread] DEBUG Input                - Clearing active input actions
10:50:45.882 [JavaFX Application Thread] DEBUG GameApplicationServi - Removing overlay from FXGLLoadingScene and adding to GameScene
10:50:45.883 [JavaFX Application Thread] DEBUG PrimaryStageWindow   - FXGLLoadingScene -> GameScene
10:50:48.675 [FXGL Background Thread 3 ] DEBUG Engine               - Logging environment variables
10:50:48.676 [FXGL Background Thread 3 ] DEBUG Engine               - achievements: []
10:50:48.677 [FXGL Background Thread 3 ] DEBUG Engine               - actualHeight: 685.0
10:50:48.677 [FXGL Background Thread 3 ] DEBUG Engine               - actualHeightProperty: ReadOnlyDoubleProperty [value: 685.0]
10:50:48.677 [FXGL Background Thread 3 ] DEBUG Engine               - actualWidth: 1280.0
10:50:48.678 [FXGL Background Thread 3 ] DEBUG Engine               - actualWidthProperty: ReadOnlyDoubleProperty [value: 1280.0]
10:50:48.678 [FXGL Background Thread 3 ] DEBUG Engine               - appIcon: fxgl_icon.png
10:50:48.678 [FXGL Background Thread 3 ] DEBUG Engine               - applicationMode: DEVELOPER
10:50:48.679 [FXGL Background Thread 3 ] DEBUG Engine               - cSSList: [fxgl_dark.css]
10:50:48.679 [FXGL Background Thread 3 ] DEBUG Engine               - collisionDetectionStrategy: BRUTE_FORCE
10:50:48.680 [FXGL Background Thread 3 ] DEBUG Engine               - configClass: Optional.empty
10:50:48.680 [FXGL Background Thread 3 ] DEBUG Engine               - credits: []
10:50:48.681 [FXGL Background Thread 3 ] DEBUG Engine               - defaultCursor: CursorInfo(imageName=fxgl_default_cursor.png, hotspotX=7.0, hotspotY=6.0)
10:50:48.681 [FXGL Background Thread 3 ] DEBUG Engine               - devBBoxColorProperty: ObjectProperty [value: 0xff0000ff]
10:50:48.682 [FXGL Background Thread 3 ] DEBUG Engine               - devEnableDebugCameraProperty: BooleanProperty [value: false]
10:50:48.682 [FXGL Background Thread 3 ] DEBUG Engine               - devSensorColorProperty: ObjectProperty [value: 0xffff00ff]
10:50:48.682 [FXGL Background Thread 3 ] DEBUG Engine               - devShowBBoxProperty: BooleanProperty [value: false]
10:50:48.683 [FXGL Background Thread 3 ] DEBUG Engine               - devShowPositionProperty: BooleanProperty [value: false]
10:50:48.683 [FXGL Background Thread 3 ] DEBUG Engine               - enabledMenuItems: []
10:50:48.683 [FXGL Background Thread 3 ] DEBUG Engine               - engineServices: [class com.almasb.fxgl.app.services.FXGLAssetLoaderService, class com.almasb.fxgl.app.FXGLApplication$GameApplicationService, class com.almasb.fxgl.app.services.FXGLDialogService, class com.almasb.fxgl.app.services.IOTaskExecutorService, class com.almasb.fxgl.io.FileSystemService, class com.almasb.fxgl.localization.LocalizationService, class com.almasb.fxgl.app.services.SystemBundleService, class com.almasb.fxgl.profile.SaveLoadService, class com.almasb.fxgl.ui.FXGLUIFactoryServiceProvider, class com.almasb.fxgl.ui.FXGLDialogFactoryServiceProvider, class com.almasb.fxgl.audio.AudioPlayer, class com.almasb.fxgl.notification.impl.NotificationServiceProvider, class com.almasb.fxgl.achievement.AchievementService, class com.almasb.fxgl.cutscene.CutsceneService, class com.almasb.fxgl.minigames.MiniGameService, class com.almasb.fxgl.net.NetService, class com.almasb.fxgl.app.services.UpdaterService, class com.almasb.fxgl.dev.DevService]
10:50:48.683 [FXGL Background Thread 3 ] DEBUG Engine               - fontGame: Abel-Regular.ttf
10:50:48.684 [FXGL Background Thread 3 ] DEBUG Engine               - fontMono: TerminalLandMono-Regular.otf
10:50:48.684 [FXGL Background Thread 3 ] DEBUG Engine               - fontSizeScaleUI: 1.0
10:50:48.684 [FXGL Background Thread 3 ] DEBUG Engine               - fontText: Courier-Prime.ttf
10:50:48.685 [FXGL Background Thread 3 ] DEBUG Engine               - fontUI: VarelaRound-Regular.ttf
10:50:48.685 [FXGL Background Thread 3 ] DEBUG Engine               - fpsRefreshRate: 500.0 ms
10:50:48.686 [FXGL Background Thread 3 ] DEBUG Engine               - fullScreen: BooleanProperty [value: false]
10:50:48.686 [FXGL Background Thread 3 ] DEBUG Engine               - gameDifficulty: MEDIUM
10:50:48.686 [FXGL Background Thread 3 ] DEBUG Engine               - gameDifficultyProperty: ObjectProperty [value: MEDIUM]
10:50:48.686 [FXGL Background Thread 3 ] DEBUG Engine               - globalMusicVolume: 0.5
10:50:48.687 [FXGL Background Thread 3 ] DEBUG Engine               - globalMusicVolumeProperty: DoubleProperty [value: 0.5]
10:50:48.687 [FXGL Background Thread 3 ] DEBUG Engine               - globalSoundVolume: 0.5
10:50:48.687 [FXGL Background Thread 3 ] DEBUG Engine               - globalSoundVolumeProperty: DoubleProperty [value: 0.5]
10:50:48.687 [FXGL Background Thread 3 ] DEBUG Engine               - height: 720
10:50:48.688 [FXGL Background Thread 3 ] DEBUG Engine               - is3D: false
10:50:48.688 [FXGL Background Thread 3 ] DEBUG Engine               - isAndroid: false
10:50:48.688 [FXGL Background Thread 3 ] DEBUG Engine               - isBrowser: false
10:50:48.688 [FXGL Background Thread 3 ] DEBUG Engine               - isClickFeedbackEnabled: false
10:50:48.689 [FXGL Background Thread 3 ] DEBUG Engine               - isCloseConfirmation: false
10:50:48.689 [FXGL Background Thread 3 ] DEBUG Engine               - isDesktop: true
10:50:48.689 [FXGL Background Thread 3 ] DEBUG Engine               - isDeveloperMenuEnabled: false
10:50:48.689 [FXGL Background Thread 3 ] DEBUG Engine               - isEmbedded: false
10:50:48.689 [FXGL Background Thread 3 ] DEBUG Engine               - isEntityPreloadEnabled: true
10:50:48.690 [FXGL Background Thread 3 ] DEBUG Engine               - isExperimentalTiledLargeMap: false
10:50:48.690 [FXGL Background Thread 3 ] DEBUG Engine               - isFileSystemWriteAllowed: true
10:50:48.690 [FXGL Background Thread 3 ] DEBUG Engine               - isFullScreenAllowed: false
10:50:48.690 [FXGL Background Thread 3 ] DEBUG Engine               - isFullScreenFromStart: false
10:50:48.691 [FXGL Background Thread 3 ] DEBUG Engine               - isGameMenuEnabled: true
10:50:48.691 [FXGL Background Thread 3 ] DEBUG Engine               - isIOS: false
10:50:48.691 [FXGL Background Thread 3 ] DEBUG Engine               - isIntroEnabled: false
10:50:48.691 [FXGL Background Thread 3 ] DEBUG Engine               - isLinux: true
10:50:48.692 [FXGL Background Thread 3 ] DEBUG Engine               - isMac: false
10:50:48.692 [FXGL Background Thread 3 ] DEBUG Engine               - isMainMenuEnabled: false
10:50:48.692 [FXGL Background Thread 3 ] DEBUG Engine               - isManualResizeEnabled: false
10:50:48.693 [FXGL Background Thread 3 ] DEBUG Engine               - isMobile: false
10:50:48.693 [FXGL Background Thread 3 ] DEBUG Engine               - isNative: false
10:50:48.693 [FXGL Background Thread 3 ] DEBUG Engine               - isPauseMusicWhenMinimized: true
10:50:48.693 [FXGL Background Thread 3 ] DEBUG Engine               - isPreserveResizeRatio: false
10:50:48.693 [FXGL Background Thread 3 ] DEBUG Engine               - isProfilingEnabled: false
10:50:48.694 [FXGL Background Thread 3 ] DEBUG Engine               - isScaleAffectedOnResize: true
10:50:48.694 [FXGL Background Thread 3 ] DEBUG Engine               - isSingleStep: false
10:50:48.694 [FXGL Background Thread 3 ] DEBUG Engine               - isUserProfileEnabled: false
10:50:48.694 [FXGL Background Thread 3 ] DEBUG Engine               - isWindows: false
10:50:48.694 [FXGL Background Thread 3 ] DEBUG Engine               - language: ObjectProperty [value: ENGLISH]
10:50:48.694 [FXGL Background Thread 3 ] DEBUG Engine               - menuKey: ESCAPE
10:50:48.694 [FXGL Background Thread 3 ] DEBUG Engine               - mouseSensitivity: 0.2
10:50:48.695 [FXGL Background Thread 3 ] DEBUG Engine               - notificationViewClass: class com.almasb.fxgl.notification.view.XboxNotificationView
10:50:48.695 [FXGL Background Thread 3 ] DEBUG Engine               - pixelsPerMeter: 50.0
10:50:48.695 [FXGL Background Thread 3 ] DEBUG Engine               - platform: LINUX
10:50:48.695 [FXGL Background Thread 3 ] DEBUG Engine               - prefHeightProperty: ReadOnlyDoubleProperty [value: 720.0]
10:50:48.695 [FXGL Background Thread 3 ] DEBUG Engine               - prefWidthProperty: ReadOnlyDoubleProperty [value: 1280.0]
10:50:48.696 [FXGL Background Thread 3 ] DEBUG Engine               - profileDir: profiles/
10:50:48.696 [FXGL Background Thread 3 ] DEBUG Engine               - profileName: StringProperty [value: DEFAULT]
10:50:48.696 [FXGL Background Thread 3 ] DEBUG Engine               - randomSeed: -1
10:50:48.696 [FXGL Background Thread 3 ] DEBUG Engine               - runtimeInfo: RuntimeInfo(platform=LINUX, version=25, build=05.02.2026 22.57)
10:50:48.697 [FXGL Background Thread 3 ] DEBUG Engine               - saveFileExt: sav
10:50:48.697 [FXGL Background Thread 3 ] DEBUG Engine               - scaledHeightProp$fxgl: DoubleProperty [bound, value: 685.0]
10:50:48.697 [FXGL Background Thread 3 ] DEBUG Engine               - scaledWidthProp$fxgl: DoubleProperty [bound, value: 1280.0]
10:50:48.697 [FXGL Background Thread 3 ] DEBUG Engine               - sceneFactory: com.almasb.fxgl.app.scene.SceneFactory@4e739cb5
10:50:48.697 [FXGL Background Thread 3 ] DEBUG Engine               - secondsIn24h: 60
10:50:48.697 [FXGL Background Thread 3 ] DEBUG Engine               - soundMenuBack: menu/back.wav
10:50:48.698 [FXGL Background Thread 3 ] DEBUG Engine               - soundMenuPress: menu/press.wav
10:50:48.698 [FXGL Background Thread 3 ] DEBUG Engine               - soundMenuSelect: menu/select.wav
10:50:48.698 [FXGL Background Thread 3 ] DEBUG Engine               - soundNotification: core/notification.wav
10:50:48.698 [FXGL Background Thread 3 ] DEBUG Engine               - stageStyle: DECORATED
10:50:48.698 [FXGL Background Thread 3 ] DEBUG Engine               - supportedLanguages: [ENGLISH, FRENCH, GERMAN, HUNGARIAN, RUSSIAN]
10:50:48.698 [FXGL Background Thread 3 ] DEBUG Engine               - ticksPerSecond: -1
10:50:48.698 [FXGL Background Thread 3 ] DEBUG Engine               - title: Untitled
10:50:48.699 [FXGL Background Thread 3 ] DEBUG Engine               - urlGithub: https://github.com/AlmasB/FXGL
10:50:48.699 [FXGL Background Thread 3 ] DEBUG Engine               - urlLeaderboard: http://fxgl-top.herokuapp.com/
10:50:48.699 [FXGL Background Thread 3 ] DEBUG Engine               - urlPOM: https://raw.githubusercontent.com/AlmasB/FXGL/release/README.md
10:50:48.699 [FXGL Background Thread 3 ] DEBUG Engine               - userAppClass: class org.group1.GamePackage.Application
10:50:48.699 [FXGL Background Thread 3 ] DEBUG Engine               - version: 0.0
10:50:48.699 [FXGL Background Thread 3 ] DEBUG Engine               - versionCheckDays: 7
10:50:48.699 [FXGL Background Thread 3 ] DEBUG Engine               - width: 1280
10:50:48.700 [FXGL Background Thread 3 ] DEBUG Engine               - Logging services
10:50:48.700 [FXGL Background Thread 3 ] DEBUG Engine               - class com.almasb.fxgl.app.services.FXGLAssetLoaderService
10:50:48.700 [FXGL Background Thread 3 ] DEBUG Engine               - class com.almasb.fxgl.app.FXGLApplication$GameApplicationService
10:50:48.700 [FXGL Background Thread 3 ] DEBUG Engine               - class com.almasb.fxgl.app.services.FXGLDialogService
10:50:48.700 [FXGL Background Thread 3 ] DEBUG Engine               - class com.almasb.fxgl.app.services.IOTaskExecutorService
10:50:48.700 [FXGL Background Thread 3 ] DEBUG Engine               - class com.almasb.fxgl.io.FileSystemService
10:50:48.700 [FXGL Background Thread 3 ] DEBUG Engine               - class com.almasb.fxgl.localization.LocalizationService
10:50:48.700 [FXGL Background Thread 3 ] DEBUG Engine               - class com.almasb.fxgl.app.services.SystemBundleService
10:50:48.700 [FXGL Background Thread 3 ] DEBUG Engine               - class com.almasb.fxgl.profile.SaveLoadService
10:50:48.700 [FXGL Background Thread 3 ] DEBUG Engine               - class com.almasb.fxgl.ui.FXGLUIFactoryServiceProvider
10:50:48.700 [FXGL Background Thread 3 ] DEBUG Engine               - class com.almasb.fxgl.ui.FXGLDialogFactoryServiceProvider
10:50:48.700 [FXGL Background Thread 3 ] DEBUG Engine               - class com.almasb.fxgl.audio.AudioPlayer
10:50:48.701 [FXGL Background Thread 3 ] DEBUG Engine               - class com.almasb.fxgl.notification.impl.NotificationServiceProvider
10:50:48.701 [FXGL Background Thread 3 ] DEBUG Engine               - class com.almasb.fxgl.achievement.AchievementService
10:50:48.701 [FXGL Background Thread 3 ] DEBUG Engine               - class com.almasb.fxgl.cutscene.CutsceneService
10:50:48.701 [FXGL Background Thread 3 ] DEBUG Engine               - class com.almasb.fxgl.minigames.MiniGameService
10:50:48.701 [FXGL Background Thread 3 ] DEBUG Engine               - class com.almasb.fxgl.net.NetService
10:50:48.701 [FXGL Background Thread 3 ] DEBUG Engine               - class com.almasb.fxgl.app.services.UpdaterService
10:50:48.701 [FXGL Background Thread 3 ] DEBUG Engine               - class com.almasb.fxgl.dev.DevService
10:50:48.774 [JavaFX Application Thread] DEBUG FXGLAssetLoaderServi - Loading from file system: file:/home/me/ComProg_Project/target/classes/assets/textures/enemy_sprite.png
10:50:48.806 [JavaFX Application Thread] DEBUG FXGLAssetLoaderServi - Loading from file system: file:/home/me/ComProg_Project/target/classes/assets/textures/explosion_sprite.png
10:50:52.482 [JavaFX Application Thread] DEBUG FXGLAssetLoaderServi - Loading from file system: file:/home/me/ComProg_Project/target/classes/assets/textures/bullet_sprite.png
10:51:28.936 [JavaFX Application Thread] WARN  GameWorld            - Attempted to remove entity which is not active
10:52:14.726 [JavaFX Application Thread] DEBUG FXGLApplication      - Exiting FXGL
10:52:14.726 [JavaFX Application Thread] DEBUG LoopRunner           - Stopping loop
10:52:14.726 [JavaFX Application Thread] DEBUG SystemBundleService  - Saving FXGL system data
10:52:14.729 [JavaFX Application Thread] DEBUG FileSystemAccess     - Writing to: /home/me/ComProg_Project/system/fxgl.bundle
10:52:14.731 [JavaFX Application Thread] DEBUG Async                - Shutting down background threads
10:52:14.731 [JavaFX Application Thread] DEBUG PrimaryStageWindow   - Closing main window
10:52:14.733 [JavaFX Application Thread] DEBUG Logger               - Closing Logger
