14:02:01.557 [main                     ] DEBUG Logger               - Configured Logger
14:02:01.563 [main                     ] DEBUG GameApplication      - Logging settings
Title: Untitled
Version: 0.0
Width: 1280
Height: 720
Fullscreen: false
Intro: false
Profiling: false
Single step:false
App Mode: DEVELOPER
Menu Key: ESCAPE
Stage Style: DECORATED
Scene Factory: class com.almasb.fxgl.app.scene.SceneFactory

14:02:01.763 [JavaFX Application Thread] DEBUG FXGLApplication      - Initializing FXGL
14:02:01.766 [JavaFX Application Thread] INFO  Engine               - FXGL-25 (05.02.2026 22.57) on LINUX (J:25.0.2 FX:21.0.6)
14:02:01.767 [JavaFX Application Thread] DEBUG Engine               - JRE Vendor Name: Arch Linux
14:02:01.767 [JavaFX Application Thread] DEBUG Engine               - Running on OS: Linux version 6.18.9-arch1-2
14:02:01.767 [JavaFX Application Thread] DEBUG Engine               - Architecture: amd64
14:02:01.767 [JavaFX Application Thread] INFO  Engine               - Source code and latest versions at: https://github.com/AlmasB/FXGL
14:02:01.767 [JavaFX Application Thread] INFO  Engine               -       Ask questions and discuss at: https://github.com/AlmasB/FXGL/discussions
14:02:01.839 [JavaFX Application Thread] DEBUG PrimaryStageWindow   - Creating a JavaFX scene
14:02:01.919 [JavaFX Application Thread] DEBUG PrimaryStageWindow   - Target settings size: 1280.0 x 720.0
14:02:01.919 [JavaFX Application Thread] DEBUG PrimaryStageWindow   - Scaled scene size:    1280.0 x 720.0
14:02:01.919 [JavaFX Application Thread] DEBUG PrimaryStageWindow   - Scaled ratio: (1.0, 1.0)
14:02:01.920 [JavaFX Application Thread] DEBUG PrimaryStageWindow   - Set initial scene to FXGLStartupScene
14:02:01.923 [JavaFX Application Thread] DEBUG PrimaryStageWindow   - Opening main window
14:02:01.986 [JavaFX Application Thread] DEBUG PrimaryStageWindow   - Window border size: (0.0, 35.0)
14:02:01.986 [JavaFX Application Thread] DEBUG PrimaryStageWindow   - Scaled size: 1280.0 x 685.0
14:02:01.986 [JavaFX Application Thread] DEBUG PrimaryStageWindow   - Scaled ratio: (1.0, 0.9513888888888888)
14:02:01.986 [JavaFX Application Thread] DEBUG PrimaryStageWindow   - Scene size: 1280.0 x 720.0
14:02:01.986 [JavaFX Application Thread] DEBUG PrimaryStageWindow   - Stage size: 1280.0 x 720.0
14:02:01.992 [FXGL Background Thread 1 ] DEBUG Engine               - Initializing environment variables
14:02:02.052 [FXGL Background Thread 1 ] DEBUG FXGLAssetLoaderServi - User app class for loading assets: class TestPackage.BasicGameSample
14:02:02.052 [FXGL Background Thread 1 ] DEBUG GameApplicationServi - Applying CSS: fxgl_dark.css
14:02:02.053 [FXGL Background Thread 1 ] DEBUG FXGLAssetLoaderServi - Loading from file system: jar:file:///home/me/.m2/repository/com/github/almasb/fxgl/25/fxgl-25.jar!/fxglassets/ui/css/fxgl_dark.css
14:02:02.095 [FXGL Background Thread 1 ] DEBUG GameApplicationServi - Initializing application scenes
14:02:02.142 [FXGL Background Thread 1 ] DEBUG GameWorld            - Game world initialized
14:02:02.192 [FXGL Background Thread 1 ] DEBUG PhysicsWorld         - Physics world initialized: appHeight=720, physics.ppm=50.0
14:02:02.192 [FXGL Background Thread 1 ] DEBUG PhysicsWorld         - Using strategy: BRUTE_FORCE
14:02:02.198 [FXGL Background Thread 1 ] DEBUG GameScene            - Game scene initialized: 1280x720
14:02:02.210 [FXGL Background Thread 1 ] DEBUG FXGL.DefaultMenu     - createMenuBodyGameMenu()
14:02:02.222 [FXGL Background Thread 1 ] DEBUG FXGL.DefaultMenu     - createOptionsMenu()
14:02:02.234 [FXGL Background Thread 1 ] DEBUG FXGLAssetLoaderServi - Loading from file system: jar:file:///home/me/.m2/repository/com/github/almasb/fxgl/25/fxgl-25.jar!/fxglassets/textures/particles/smoke.png
14:02:02.339 [FXGL Background Thread 1 ] DEBUG FXGLAssetLoaderServi - Loading from file system: jar:file:///home/me/.m2/repository/com/github/almasb/fxgl/25/fxgl-25.jar!/fxglassets/textures/particles/trace_horizontal.png
14:02:02.368 [FXGL Background Thread 1 ] DEBUG GameApplicationServi - Application scenes initialized
14:02:02.380 [FXGL Background Thread 1 ] DEBUG SystemBundleService  - Loading FXGL system data
14:02:02.384 [FXGL Background Thread 1 ] DEBUG FileSystemAccess     - Reading from: /home/me/ComProg_Project/system/fxgl.bundle
14:02:02.390 [FXGL Background Thread 1 ] DEBUG SystemBundleService  - Bundle FXGL: {}
14:02:02.390 [FXGL Background Thread 1 ] DEBUG UpdaterService       - Checking for updates
14:02:02.395 [FXGL Background Thread 4 ] DEBUG FXGLApplication      - Loading fonts
14:02:02.396 [FXGL Background Thread 4 ] DEBUG FXGLAssetLoaderServi - Loading from file system: jar:file:///home/me/.m2/repository/com/github/almasb/fxgl/25/fxgl-25.jar!/fxglassets/ui/fonts/VarelaRound-Regular.ttf
14:02:02.397 [FXGL Background Thread 1 ] DEBUG FXGLApplication      - Loading default localization
14:02:02.398 [FXGL Background Thread 1 ] DEBUG FXGLAssetLoaderServi - Loading from file system: jar:file:///home/me/.m2/repository/com/github/almasb/fxgl/25/fxgl-25.jar!/fxglassets/languages/english.lang
14:02:02.404 [FXGL Background Thread 4 ] DEBUG FXGLAssetLoaderServi - Loading from file system: jar:file:///home/me/.m2/repository/com/github/almasb/fxgl/25/fxgl-25.jar!/fxglassets/ui/fonts/Abel-Regular.ttf
14:02:02.405 [FXGL Background Thread 4 ] DEBUG FXGLAssetLoaderServi - Loading from file system: jar:file:///home/me/.m2/repository/com/github/almasb/fxgl/25/fxgl-25.jar!/fxglassets/ui/fonts/TerminalLandMono-Regular.otf
14:02:02.408 [FXGL Background Thread 4 ] DEBUG FXGLAssetLoaderServi - Loading from file system: jar:file:///home/me/.m2/repository/com/github/almasb/fxgl/25/fxgl-25.jar!/fxglassets/ui/fonts/Courier-Prime.ttf
14:02:02.414 [FXGL Background Thread 1 ] INFO  FXGLApplication      - FXGL initialization took: 0.422 sec
14:02:02.414 [JavaFX Application Thread] DEBUG FXGLApplication      - Registering font factories with UI factory
14:02:02.426 [JavaFX Application Thread] DEBUG Input                - Registered new binding: Shoot - Q
14:02:02.427 [JavaFX Application Thread] DEBUG Input                - Registered new binding: Move up - W
14:02:02.427 [JavaFX Application Thread] DEBUG Input                - Registered new binding: Move down - S
14:02:02.427 [JavaFX Application Thread] DEBUG Input                - Registered new binding: Move left - A
14:02:02.428 [JavaFX Application Thread] DEBUG Input                - Registered new binding: Move right - D
14:02:02.428 [JavaFX Application Thread] DEBUG FXGLAssetLoaderServi - Loading from file system: jar:file:///home/me/.m2/repository/com/github/almasb/fxgl/25/fxgl-25.jar!/fxglassets/textures/fxgl_icon.png
14:02:02.454 [JavaFX Application Thread] DEBUG FXGLAssetLoaderServi - Loading from file system: jar:file:///home/me/.m2/repository/com/github/almasb/fxgl/25/fxgl-25.jar!/fxglassets/textures/fxgl_default_cursor.png
14:02:02.456 [JavaFX Application Thread] DEBUG Input                - Registered new binding: Screenshot - CTRL+8
14:02:02.456 [JavaFX Application Thread] DEBUG Input                - Registered new binding: System info dump - CTRL+9
14:02:02.456 [JavaFX Application Thread] DEBUG Input                - Registered new binding: Restart - CTRL+R
14:02:02.458 [JavaFX Application Thread] DEBUG Input                - Registered new binding: Toggle Debug Camera - CTRL+7
14:02:02.462 [JavaFX Application Thread] DEBUG LoopRunner           - Starting loop
14:02:02.462 [JavaFX Application Thread] DEBUG LoopRunner           - Initializing JavaFX AnimationTimerLoop
14:02:02.463 [JavaFX Application Thread] DEBUG GameApplicationServi - Starting new game
14:02:02.464 [JavaFX Application Thread] DEBUG Input                - Clearing active input actions
14:02:02.479 [JavaFX Application Thread] DEBUG GameApplicationServi - Removing overlay from FXGLStartupScene and adding to FXGLLoadingScene
14:02:02.480 [JavaFX Application Thread] DEBUG PrimaryStageWindow   - FXGLStartupScene -> FXGLLoadingScene
14:02:02.480 [JavaFX Application Thread] DEBUG GameApplicationServi - Clearing previous game
14:02:02.480 [JavaFX Application Thread] DEBUG GameScene            - Clearing game scene
14:02:02.481 [JavaFX Application Thread] DEBUG GameWorld            - Clearing game world
14:02:02.481 [JavaFX Application Thread] DEBUG PhysicsWorld         - Clearing physics world
14:02:02.483 [FXGL Background Thread 1 ] DEBUG FXGLApplication      - Initializing game
14:02:02.493 [FXGL Background Thread 1 ] DEBUG FXGLAssetLoaderServi - Loading from file system: file:/home/me/ComProg_Project/target/classes/assets/textures/idle_sprite.png
14:02:02.504 [FXGL Background Thread 1 ] DEBUG FXGLAssetLoaderServi - Loading from file system: file:/home/me/ComProg_Project/target/classes/assets/textures/down_sprite.png
14:02:02.513 [FXGL Background Thread 1 ] DEBUG FXGLAssetLoaderServi - Loading from file system: file:/home/me/ComProg_Project/target/classes/assets/textures/up_sprite.png
14:02:02.544 [FXGL Background Thread 1 ] INFO  FXGLApplication      - Game initialization took: 0.060 sec
14:02:02.628 [JavaFX Application Thread] DEBUG Input                - Clearing active input actions
14:02:02.639 [JavaFX Application Thread] DEBUG GameApplicationServi - Removing overlay from FXGLLoadingScene and adding to GameScene
14:02:02.639 [JavaFX Application Thread] DEBUG PrimaryStageWindow   - FXGLLoadingScene -> GameScene
14:02:05.394 [FXGL Background Thread 3 ] DEBUG Engine               - Logging environment variables
14:02:05.396 [FXGL Background Thread 3 ] DEBUG Engine               - achievements: []
14:02:05.396 [FXGL Background Thread 3 ] DEBUG Engine               - actualHeight: 685.0
14:02:05.397 [FXGL Background Thread 3 ] DEBUG Engine               - actualHeightProperty: ReadOnlyDoubleProperty [value: 685.0]
14:02:05.397 [FXGL Background Thread 3 ] DEBUG Engine               - actualWidth: 1280.0
14:02:05.398 [FXGL Background Thread 3 ] DEBUG Engine               - actualWidthProperty: ReadOnlyDoubleProperty [value: 1280.0]
14:02:05.398 [FXGL Background Thread 3 ] DEBUG Engine               - appIcon: fxgl_icon.png
14:02:05.398 [FXGL Background Thread 3 ] DEBUG Engine               - applicationMode: DEVELOPER
14:02:05.399 [FXGL Background Thread 3 ] DEBUG Engine               - cSSList: [fxgl_dark.css]
14:02:05.399 [FXGL Background Thread 3 ] DEBUG Engine               - collisionDetectionStrategy: BRUTE_FORCE
14:02:05.400 [FXGL Background Thread 3 ] DEBUG Engine               - configClass: Optional.empty
14:02:05.400 [FXGL Background Thread 3 ] DEBUG Engine               - credits: []
14:02:05.401 [FXGL Background Thread 3 ] DEBUG Engine               - defaultCursor: CursorInfo(imageName=fxgl_default_cursor.png, hotspotX=7.0, hotspotY=6.0)
14:02:05.402 [FXGL Background Thread 3 ] DEBUG Engine               - devBBoxColorProperty: ObjectProperty [value: 0xff0000ff]
14:02:05.402 [FXGL Background Thread 3 ] DEBUG Engine               - devEnableDebugCameraProperty: BooleanProperty [value: false]
14:02:05.403 [FXGL Background Thread 3 ] DEBUG Engine               - devSensorColorProperty: ObjectProperty [value: 0xffff00ff]
14:02:05.403 [FXGL Background Thread 3 ] DEBUG Engine               - devShowBBoxProperty: BooleanProperty [value: false]
14:02:05.404 [FXGL Background Thread 3 ] DEBUG Engine               - devShowPositionProperty: BooleanProperty [value: false]
14:02:05.404 [FXGL Background Thread 3 ] DEBUG Engine               - enabledMenuItems: []
14:02:05.404 [FXGL Background Thread 3 ] DEBUG Engine               - engineServices: [class com.almasb.fxgl.app.services.FXGLAssetLoaderService, class com.almasb.fxgl.app.FXGLApplication$GameApplicationService, class com.almasb.fxgl.app.services.FXGLDialogService, class com.almasb.fxgl.app.services.IOTaskExecutorService, class com.almasb.fxgl.io.FileSystemService, class com.almasb.fxgl.localization.LocalizationService, class com.almasb.fxgl.app.services.SystemBundleService, class com.almasb.fxgl.profile.SaveLoadService, class com.almasb.fxgl.ui.FXGLUIFactoryServiceProvider, class com.almasb.fxgl.ui.FXGLDialogFactoryServiceProvider, class com.almasb.fxgl.audio.AudioPlayer, class com.almasb.fxgl.notification.impl.NotificationServiceProvider, class com.almasb.fxgl.achievement.AchievementService, class com.almasb.fxgl.cutscene.CutsceneService, class com.almasb.fxgl.minigames.MiniGameService, class com.almasb.fxgl.net.NetService, class com.almasb.fxgl.app.services.UpdaterService, class com.almasb.fxgl.dev.DevService]
14:02:05.405 [FXGL Background Thread 3 ] DEBUG Engine               - fontGame: Abel-Regular.ttf
14:02:05.405 [FXGL Background Thread 3 ] DEBUG Engine               - fontMono: TerminalLandMono-Regular.otf
14:02:05.405 [FXGL Background Thread 3 ] DEBUG Engine               - fontSizeScaleUI: 1.0
14:02:05.406 [FXGL Background Thread 3 ] DEBUG Engine               - fontText: Courier-Prime.ttf
14:02:05.406 [FXGL Background Thread 3 ] DEBUG Engine               - fontUI: VarelaRound-Regular.ttf
14:02:05.407 [FXGL Background Thread 3 ] DEBUG Engine               - fpsRefreshRate: 500.0 ms
14:02:05.407 [FXGL Background Thread 3 ] DEBUG Engine               - fullScreen: BooleanProperty [value: false]
14:02:05.408 [FXGL Background Thread 3 ] DEBUG Engine               - gameDifficulty: MEDIUM
14:02:05.408 [FXGL Background Thread 3 ] DEBUG Engine               - gameDifficultyProperty: ObjectProperty [value: MEDIUM]
14:02:05.409 [FXGL Background Thread 3 ] DEBUG Engine               - globalMusicVolume: 0.5
14:02:05.409 [FXGL Background Thread 3 ] DEBUG Engine               - globalMusicVolumeProperty: DoubleProperty [value: 0.5]
14:02:05.410 [FXGL Background Thread 3 ] DEBUG Engine               - globalSoundVolume: 0.5
14:02:05.410 [FXGL Background Thread 3 ] DEBUG Engine               - globalSoundVolumeProperty: DoubleProperty [value: 0.5]
14:02:05.410 [FXGL Background Thread 3 ] DEBUG Engine               - height: 720
14:02:05.411 [FXGL Background Thread 3 ] DEBUG Engine               - is3D: false
14:02:05.411 [FXGL Background Thread 3 ] DEBUG Engine               - isAndroid: false
14:02:05.411 [FXGL Background Thread 3 ] DEBUG Engine               - isBrowser: false
14:02:05.411 [FXGL Background Thread 3 ] DEBUG Engine               - isClickFeedbackEnabled: false
14:02:05.412 [FXGL Background Thread 3 ] DEBUG Engine               - isCloseConfirmation: false
14:02:05.412 [FXGL Background Thread 3 ] DEBUG Engine               - isDesktop: true
14:02:05.412 [FXGL Background Thread 3 ] DEBUG Engine               - isDeveloperMenuEnabled: false
14:02:05.413 [FXGL Background Thread 3 ] DEBUG Engine               - isEmbedded: false
14:02:05.413 [FXGL Background Thread 3 ] DEBUG Engine               - isEntityPreloadEnabled: true
14:02:05.413 [FXGL Background Thread 3 ] DEBUG Engine               - isExperimentalTiledLargeMap: false
14:02:05.414 [FXGL Background Thread 3 ] DEBUG Engine               - isFileSystemWriteAllowed: true
14:02:05.414 [FXGL Background Thread 3 ] DEBUG Engine               - isFullScreenAllowed: false
14:02:05.414 [FXGL Background Thread 3 ] DEBUG Engine               - isFullScreenFromStart: false
14:02:05.415 [FXGL Background Thread 3 ] DEBUG Engine               - isGameMenuEnabled: true
14:02:05.415 [FXGL Background Thread 3 ] DEBUG Engine               - isIOS: false
14:02:05.415 [FXGL Background Thread 3 ] DEBUG Engine               - isIntroEnabled: false
14:02:05.416 [FXGL Background Thread 3 ] DEBUG Engine               - isLinux: true
14:02:05.416 [FXGL Background Thread 3 ] DEBUG Engine               - isMac: false
14:02:05.416 [FXGL Background Thread 3 ] DEBUG Engine               - isMainMenuEnabled: false
14:02:05.417 [FXGL Background Thread 3 ] DEBUG Engine               - isManualResizeEnabled: false
14:02:05.417 [FXGL Background Thread 3 ] DEBUG Engine               - isMobile: false
14:02:05.417 [FXGL Background Thread 3 ] DEBUG Engine               - isNative: false
14:02:05.417 [FXGL Background Thread 3 ] DEBUG Engine               - isPauseMusicWhenMinimized: true
14:02:05.417 [FXGL Background Thread 3 ] DEBUG Engine               - isPreserveResizeRatio: false
14:02:05.418 [FXGL Background Thread 3 ] DEBUG Engine               - isProfilingEnabled: false
14:02:05.418 [FXGL Background Thread 3 ] DEBUG Engine               - isScaleAffectedOnResize: true
14:02:05.418 [FXGL Background Thread 3 ] DEBUG Engine               - isSingleStep: false
14:02:05.418 [FXGL Background Thread 3 ] DEBUG Engine               - isUserProfileEnabled: false
14:02:05.418 [FXGL Background Thread 3 ] DEBUG Engine               - isWindows: false
14:02:05.419 [FXGL Background Thread 3 ] DEBUG Engine               - language: ObjectProperty [value: ENGLISH]
14:02:05.419 [FXGL Background Thread 3 ] DEBUG Engine               - menuKey: ESCAPE
14:02:05.419 [FXGL Background Thread 3 ] DEBUG Engine               - mouseSensitivity: 0.2
14:02:05.419 [FXGL Background Thread 3 ] DEBUG Engine               - notificationViewClass: class com.almasb.fxgl.notification.view.XboxNotificationView
14:02:05.419 [FXGL Background Thread 3 ] DEBUG Engine               - pixelsPerMeter: 50.0
14:02:05.420 [FXGL Background Thread 3 ] DEBUG Engine               - platform: LINUX
14:02:05.420 [FXGL Background Thread 3 ] DEBUG Engine               - prefHeightProperty: ReadOnlyDoubleProperty [value: 720.0]
14:02:05.420 [FXGL Background Thread 3 ] DEBUG Engine               - prefWidthProperty: ReadOnlyDoubleProperty [value: 1280.0]
14:02:05.420 [FXGL Background Thread 3 ] DEBUG Engine               - profileDir: profiles/
14:02:05.420 [FXGL Background Thread 3 ] DEBUG Engine               - profileName: StringProperty [value: DEFAULT]
14:02:05.421 [FXGL Background Thread 3 ] DEBUG Engine               - randomSeed: -1
14:02:05.421 [FXGL Background Thread 3 ] DEBUG Engine               - runtimeInfo: RuntimeInfo(platform=LINUX, version=25, build=05.02.2026 22.57)
14:02:05.421 [FXGL Background Thread 3 ] DEBUG Engine               - saveFileExt: sav
14:02:05.421 [FXGL Background Thread 3 ] DEBUG Engine               - scaledHeightProp$fxgl: DoubleProperty [bound, value: 685.0]
14:02:05.421 [FXGL Background Thread 3 ] DEBUG Engine               - scaledWidthProp$fxgl: DoubleProperty [bound, value: 1280.0]
14:02:05.422 [FXGL Background Thread 3 ] DEBUG Engine               - sceneFactory: com.almasb.fxgl.app.scene.SceneFactory@32bea3df
14:02:05.422 [FXGL Background Thread 3 ] DEBUG Engine               - secondsIn24h: 60
14:02:05.422 [FXGL Background Thread 3 ] DEBUG Engine               - soundMenuBack: menu/back.wav
14:02:05.422 [FXGL Background Thread 3 ] DEBUG Engine               - soundMenuPress: menu/press.wav
14:02:05.422 [FXGL Background Thread 3 ] DEBUG Engine               - soundMenuSelect: menu/select.wav
14:02:05.422 [FXGL Background Thread 3 ] DEBUG Engine               - soundNotification: core/notification.wav
14:02:05.422 [FXGL Background Thread 3 ] DEBUG Engine               - stageStyle: DECORATED
14:02:05.422 [FXGL Background Thread 3 ] DEBUG Engine               - supportedLanguages: [ENGLISH, FRENCH, GERMAN, HUNGARIAN, RUSSIAN]
14:02:05.423 [FXGL Background Thread 3 ] DEBUG Engine               - ticksPerSecond: -1
14:02:05.423 [FXGL Background Thread 3 ] DEBUG Engine               - title: Untitled
14:02:05.423 [FXGL Background Thread 3 ] DEBUG Engine               - urlGithub: https://github.com/AlmasB/FXGL
14:02:05.423 [FXGL Background Thread 3 ] DEBUG Engine               - urlLeaderboard: http://fxgl-top.herokuapp.com/
14:02:05.423 [FXGL Background Thread 3 ] DEBUG Engine               - urlPOM: https://raw.githubusercontent.com/AlmasB/FXGL/release/README.md
14:02:05.423 [FXGL Background Thread 3 ] DEBUG Engine               - userAppClass: class TestPackage.BasicGameSample
14:02:05.424 [FXGL Background Thread 3 ] DEBUG Engine               - version: 0.0
14:02:05.424 [FXGL Background Thread 3 ] DEBUG Engine               - versionCheckDays: 7
14:02:05.424 [FXGL Background Thread 3 ] DEBUG Engine               - width: 1280
14:02:05.425 [FXGL Background Thread 3 ] DEBUG Engine               - Logging services
14:02:05.425 [FXGL Background Thread 3 ] DEBUG Engine               - class com.almasb.fxgl.app.services.FXGLAssetLoaderService
14:02:05.425 [FXGL Background Thread 3 ] DEBUG Engine               - class com.almasb.fxgl.app.FXGLApplication$GameApplicationService
14:02:05.425 [FXGL Background Thread 3 ] DEBUG Engine               - class com.almasb.fxgl.app.services.FXGLDialogService
14:02:05.425 [FXGL Background Thread 3 ] DEBUG Engine               - class com.almasb.fxgl.app.services.IOTaskExecutorService
14:02:05.425 [FXGL Background Thread 3 ] DEBUG Engine               - class com.almasb.fxgl.io.FileSystemService
14:02:05.425 [FXGL Background Thread 3 ] DEBUG Engine               - class com.almasb.fxgl.localization.LocalizationService
14:02:05.425 [FXGL Background Thread 3 ] DEBUG Engine               - class com.almasb.fxgl.app.services.SystemBundleService
14:02:05.426 [FXGL Background Thread 3 ] DEBUG Engine               - class com.almasb.fxgl.profile.SaveLoadService
14:02:05.426 [FXGL Background Thread 3 ] DEBUG Engine               - class com.almasb.fxgl.ui.FXGLUIFactoryServiceProvider
14:02:05.426 [FXGL Background Thread 3 ] DEBUG Engine               - class com.almasb.fxgl.ui.FXGLDialogFactoryServiceProvider
14:02:05.426 [FXGL Background Thread 3 ] DEBUG Engine               - class com.almasb.fxgl.audio.AudioPlayer
14:02:05.426 [FXGL Background Thread 3 ] DEBUG Engine               - class com.almasb.fxgl.notification.impl.NotificationServiceProvider
14:02:05.426 [FXGL Background Thread 3 ] DEBUG Engine               - class com.almasb.fxgl.achievement.AchievementService
14:02:05.426 [FXGL Background Thread 3 ] DEBUG Engine               - class com.almasb.fxgl.cutscene.CutsceneService
14:02:05.426 [FXGL Background Thread 3 ] DEBUG Engine               - class com.almasb.fxgl.minigames.MiniGameService
14:02:05.426 [FXGL Background Thread 3 ] DEBUG Engine               - class com.almasb.fxgl.net.NetService
14:02:05.426 [FXGL Background Thread 3 ] DEBUG Engine               - class com.almasb.fxgl.app.services.UpdaterService
14:02:05.427 [FXGL Background Thread 3 ] DEBUG Engine               - class com.almasb.fxgl.dev.DevService
14:02:11.086 [JavaFX Application Thread] DEBUG FXGLApplication      - Exiting FXGL
14:02:11.086 [JavaFX Application Thread] DEBUG LoopRunner           - Stopping loop
14:02:11.086 [JavaFX Application Thread] DEBUG SystemBundleService  - Saving FXGL system data
14:02:11.089 [JavaFX Application Thread] DEBUG FileSystemAccess     - Writing to: /home/me/ComProg_Project/system/fxgl.bundle
14:02:11.092 [JavaFX Application Thread] DEBUG Async                - Shutting down background threads
14:02:11.092 [JavaFX Application Thread] DEBUG PrimaryStageWindow   - Closing main window
14:02:11.098 [JavaFX Application Thread] DEBUG Logger               - Closing Logger
