21:40:53.874 [main                     ] DEBUG Logger               - Configured Logger
21:40:53.885 [main                     ] DEBUG GameApplication      - Logging settings
Title: Untitled
Version: 0.0
Width: 1280
Height: 720
Fullscreen: false
Intro: false
Profiling: false
Single step:false
App Mode: DEVELOPER
Menu Key: ESCAPE
Stage Style: DECORATED
Scene Factory: class org.group1.GamePackage.Factory.MainSceneFactory

21:40:54.309 [JavaFX Application Thread] DEBUG FXGLApplication      - Initializing FXGL
21:40:54.314 [JavaFX Application Thread] INFO  Engine               - FXGL-25 (05.02.2026 22.57) on WINDOWS (J:25.0.1 FX:21.0.6)
21:40:54.315 [JavaFX Application Thread] DEBUG Engine               - JRE Vendor Name: Oracle Corporation
21:40:54.315 [JavaFX Application Thread] DEBUG Engine               - Running on OS: Windows 11 version 10.0
21:40:54.315 [JavaFX Application Thread] DEBUG Engine               - Architecture: amd64
21:40:54.315 [JavaFX Application Thread] INFO  Engine               - Source code and latest versions at: https://github.com/AlmasB/FXGL
21:40:54.316 [JavaFX Application Thread] INFO  Engine               -       Ask questions and discuss at: https://github.com/AlmasB/FXGL/discussions
21:40:54.438 [JavaFX Application Thread] DEBUG PrimaryStageWindow   - Creating a JavaFX scene
21:40:54.500 [JavaFX Application Thread] DEBUG PrimaryStageWindow   - Target settings size: 1280.0 x 720.0
21:40:54.500 [JavaFX Application Thread] DEBUG PrimaryStageWindow   - Scaled scene size:    1280.0 x 720.0
21:40:54.500 [JavaFX Application Thread] DEBUG PrimaryStageWindow   - Scaled ratio: (1.0, 1.0)
21:40:54.502 [JavaFX Application Thread] DEBUG PrimaryStageWindow   - Set initial scene to FXGLStartupScene
21:40:54.507 [JavaFX Application Thread] DEBUG PrimaryStageWindow   - Opening main window
21:40:54.635 [JavaFX Application Thread] DEBUG PrimaryStageWindow   - Window border size: (14.6666259765625, 37.33331298828125)
21:40:54.635 [JavaFX Application Thread] DEBUG PrimaryStageWindow   - Scaled size: 1280.0 x 720.0
21:40:54.635 [JavaFX Application Thread] DEBUG PrimaryStageWindow   - Scaled ratio: (1.0, 1.0)
21:40:54.636 [JavaFX Application Thread] DEBUG PrimaryStageWindow   - Scene size: 1280.0 x 720.0
21:40:54.636 [JavaFX Application Thread] DEBUG PrimaryStageWindow   - Stage size: 1294.6666259765625 x 757.3333129882812
21:40:54.650 [FXGL Background Thread 1 ] DEBUG Engine               - Initializing environment variables
21:40:54.755 [FXGL Background Thread 1 ] DEBUG FXGLAssetLoaderServi - User app class for loading assets: class org.group1.GamePackage.Application
21:40:54.755 [FXGL Background Thread 1 ] DEBUG GameApplicationServi - Applying CSS: fxgl_dark.css
21:40:54.757 [FXGL Background Thread 1 ] DEBUG FXGLAssetLoaderServi - Loading from file system: jar:file:///C:/Users/ryles/.m2/repository/com/github/almasb/fxgl/25/fxgl-25.jar!/fxglassets/ui/css/fxgl_dark.css
21:40:54.821 [FXGL Background Thread 1 ] DEBUG GameApplicationServi - Initializing application scenes
21:40:54.829 [FXGL Background Thread 1 ] DEBUG FXGLAssetLoaderServi - Loading from file system: file:/C:/Users/ryles/Downloads/ComProg_Project/target/classes/assets/textures/background.png
21:40:55.037 [FXGL Background Thread 1 ] DEBUG FXGLAssetLoaderServi - Loading from file system: file:/C:/Users/ryles/Downloads/ComProg_Project/target/classes/assets/textures/background_stars1.png
21:40:55.134 [FXGL Background Thread 1 ] DEBUG FXGLAssetLoaderServi - Loading from file system: file:/C:/Users/ryles/Downloads/ComProg_Project/target/classes/assets/textures/background_stars2.png
21:40:55.209 [FXGL Background Thread 1 ] DEBUG FXGLAssetLoaderServi - Loading from file system: file:/C:/Users/ryles/Downloads/ComProg_Project/target/classes/assets/textures/background_stars3.png
21:40:55.315 [FXGL Background Thread 1 ] DEBUG FXGLAssetLoaderServi - Loading from file system: file:/C:/Users/ryles/Downloads/ComProg_Project/target/classes/assets/textures/background_cloud1.png
21:40:55.330 [FXGL Background Thread 1 ] DEBUG FXGLAssetLoaderServi - Loading from file system: file:/C:/Users/ryles/Downloads/ComProg_Project/target/classes/assets/textures/background_cloud2.png
21:40:55.358 [FXGL Background Thread 1 ] DEBUG FXGLAssetLoaderServi - Loading from file system: file:/C:/Users/ryles/Downloads/ComProg_Project/target/classes/assets/textures/background_mist1.png
21:40:55.379 [FXGL Background Thread 1 ] DEBUG FXGLAssetLoaderServi - Loading from file system: file:/C:/Users/ryles/Downloads/ComProg_Project/target/classes/assets/textures/background_hills.png
21:40:55.417 [FXGL Background Thread 1 ] DEBUG FXGLAssetLoaderServi - Loading from file system: file:/C:/Users/ryles/Downloads/ComProg_Project/target/classes/assets/textures/background_forest.png
21:40:55.436 [FXGL Background Thread 1 ] DEBUG FXGLAssetLoaderServi - Loading from file system: file:/C:/Users/ryles/Downloads/ComProg_Project/target/classes/assets/textures/background_large_forest.png
21:40:55.551 [FXGL Background Thread 1 ] DEBUG GameWorld            - Game world initialized
21:40:55.619 [FXGL Background Thread 1 ] DEBUG PhysicsWorld         - Physics world initialized: appHeight=720, physics.ppm=50.0
21:40:55.619 [FXGL Background Thread 1 ] DEBUG PhysicsWorld         - Using strategy: BRUTE_FORCE
21:40:55.627 [FXGL Background Thread 1 ] DEBUG GameScene            - Game scene initialized: 1280x720
21:40:55.769 [FXGL Background Thread 1 ] DEBUG GameApplicationServi - Application scenes initialized
21:40:55.782 [FXGL Background Thread 1 ] DEBUG SystemBundleService  - Loading FXGL system data
21:40:55.788 [FXGL Background Thread 1 ] DEBUG FileSystemAccess     - Reading from: C:\Users\ryles\Downloads\ComProg_Project\system\fxgl.bundle
21:40:55.795 [FXGL Background Thread 1 ] DEBUG SystemBundleService  - Bundle FXGL: {}
21:40:55.795 [FXGL Background Thread 1 ] DEBUG UpdaterService       - Checking for updates
21:40:55.803 [FXGL Background Thread 4 ] DEBUG FXGLApplication      - Loading fonts
21:40:55.803 [FXGL Background Thread 4 ] DEBUG FXGLAssetLoaderServi - Loading from file system: jar:file:///C:/Users/ryles/.m2/repository/com/github/almasb/fxgl/25/fxgl-25.jar!/fxglassets/ui/fonts/VarelaRound-Regular.ttf
21:40:55.804 [FXGL Background Thread 1 ] DEBUG FXGLApplication      - Loading default localization
21:40:55.804 [FXGL Background Thread 1 ] DEBUG FXGLAssetLoaderServi - Loading from file system: jar:file:///C:/Users/ryles/.m2/repository/com/github/almasb/fxgl/25/fxgl-25.jar!/fxglassets/languages/english.lang
21:40:55.824 [FXGL Background Thread 1 ] INFO  FXGLApplication      - FXGL initialization took: 1.174 sec
21:40:55.847 [JavaFX Application Thread] DEBUG Input                - Registered new binding: Move left - A
21:40:55.847 [JavaFX Application Thread] DEBUG Input                - Registered new binding: Move right - D
21:40:55.847 [JavaFX Application Thread] DEBUG Input                - Registered new binding: Move down - S
21:40:55.847 [JavaFX Application Thread] DEBUG Input                - Registered new binding: Move up - W
21:40:55.848 [JavaFX Application Thread] DEBUG Input                - Registered new binding: Shoot - Space
21:40:55.848 [JavaFX Application Thread] DEBUG Input                - Registered new binding: Switch to Fire Bullet - Q
21:40:55.849 [JavaFX Application Thread] DEBUG Input                - Registered new binding: Switch to Ice Bullet - E
21:40:55.849 [JavaFX Application Thread] DEBUG FXGLAssetLoaderServi - Loading from file system: jar:file:///C:/Users/ryles/.m2/repository/com/github/almasb/fxgl/25/fxgl-25.jar!/fxglassets/textures/fxgl_icon.png
21:40:55.852 [FXGL Background Thread 4 ] DEBUG FXGLAssetLoaderServi - Loading from file system: jar:file:///C:/Users/ryles/.m2/repository/com/github/almasb/fxgl/25/fxgl-25.jar!/fxglassets/ui/fonts/Abel-Regular.ttf
21:40:55.859 [FXGL Background Thread 4 ] DEBUG FXGLAssetLoaderServi - Loading from file system: jar:file:///C:/Users/ryles/.m2/repository/com/github/almasb/fxgl/25/fxgl-25.jar!/fxglassets/ui/fonts/TerminalLandMono-Regular.otf
21:40:55.866 [FXGL Background Thread 4 ] DEBUG FXGLAssetLoaderServi - Loading from file system: jar:file:///C:/Users/ryles/.m2/repository/com/github/almasb/fxgl/25/fxgl-25.jar!/fxglassets/ui/fonts/Courier-Prime.ttf
21:40:55.878 [JavaFX Application Thread] DEBUG FXGLAssetLoaderServi - Loading from file system: jar:file:///C:/Users/ryles/.m2/repository/com/github/almasb/fxgl/25/fxgl-25.jar!/fxglassets/textures/fxgl_default_cursor.png
21:40:55.881 [JavaFX Application Thread] DEBUG Input                - Registered new binding: Screenshot - CTRL+8
21:40:55.882 [JavaFX Application Thread] DEBUG Input                - Registered new binding: System info dump - CTRL+9
21:40:55.882 [JavaFX Application Thread] DEBUG Input                - Registered new binding: Restart - CTRL+R
21:40:55.884 [JavaFX Application Thread] DEBUG Input                - Registered new binding: Toggle Debug Camera - CTRL+7
21:40:55.888 [JavaFX Application Thread] DEBUG LoopRunner           - Starting loop
21:40:55.888 [JavaFX Application Thread] DEBUG LoopRunner           - Initializing JavaFX AnimationTimerLoop
21:40:55.891 [JavaFX Application Thread] DEBUG Input                - Clearing active input actions
21:40:55.904 [JavaFX Application Thread] DEBUG GameApplicationServi - Removing overlay from FXGLStartupScene and adding to FXGLMainMenuDummyScene
21:40:55.904 [JavaFX Application Thread] DEBUG PrimaryStageWindow   - FXGLStartupScene -> FXGLMainMenuDummyScene
21:40:55.905 [JavaFX Application Thread] DEBUG PrimaryStageWindow   - Push state: MenuInterface
21:40:55.905 [JavaFX Application Thread] DEBUG Input                - Clearing active input actions
21:40:55.923 [JavaFX Application Thread] DEBUG GameApplicationServi - Removing overlay from FXGLMainMenuDummyScene and adding to MenuInterface
21:40:55.924 [JavaFX Application Thread] DEBUG PrimaryStageWindow   - FXGLMainMenuDummyScene -> MenuInterface
21:40:56.096 [JavaFX Application Thread] DEBUG FXGLApplication      - Registering font factories with UI factory
21:40:57.284 [JavaFX Application Thread] DEBUG GameApplicationServi - Starting new game
21:40:57.284 [JavaFX Application Thread] DEBUG PrimaryStageWindow   - Pop state: MenuInterface
21:40:57.284 [JavaFX Application Thread] DEBUG Input                - Clearing active input actions
21:40:57.285 [JavaFX Application Thread] DEBUG GameApplicationServi - Removing overlay from MenuInterface and adding to FXGLMainMenuDummyScene
21:40:57.285 [JavaFX Application Thread] DEBUG PrimaryStageWindow   - FXGLMainMenuDummyScene <- MenuInterface
21:40:57.286 [JavaFX Application Thread] DEBUG Input                - Clearing active input actions
21:40:57.293 [JavaFX Application Thread] DEBUG GameApplicationServi - Removing overlay from FXGLMainMenuDummyScene and adding to LoadingInterface
21:40:57.294 [JavaFX Application Thread] DEBUG PrimaryStageWindow   - FXGLMainMenuDummyScene -> LoadingInterface
21:40:57.294 [JavaFX Application Thread] DEBUG GameApplicationServi - Clearing previous game
21:40:57.294 [JavaFX Application Thread] DEBUG GameScene            - Clearing game scene
21:40:57.294 [JavaFX Application Thread] DEBUG GameWorld            - Clearing game world
21:40:57.294 [JavaFX Application Thread] DEBUG PhysicsWorld         - Clearing physics world
21:40:57.295 [FXGL Background Thread 2 ] DEBUG FXGLApplication      - Initializing game
21:40:57.346 [FXGL Background Thread 2 ] DEBUG FXGLAssetLoaderServi - Loading from file system: file:/C:/Users/ryles/Downloads/ComProg_Project/target/classes/assets/textures/idle_sprite.png
21:40:57.353 [FXGL Background Thread 2 ] DEBUG FXGLAssetLoaderServi - Loading from file system: file:/C:/Users/ryles/Downloads/ComProg_Project/target/classes/assets/textures/down_sprite.png
21:40:57.360 [FXGL Background Thread 2 ] DEBUG FXGLAssetLoaderServi - Loading from file system: file:/C:/Users/ryles/Downloads/ComProg_Project/target/classes/assets/textures/up_sprite.png
21:40:57.391 [FXGL Background Thread 2 ] DEBUG FXGLAssetLoaderServi - Loading from file system: file:/C:/Users/ryles/Downloads/ComProg_Project/target/classes/assets/textures/bullet_HUD_selection.png
21:40:57.400 [FXGL Background Thread 2 ] DEBUG FXGLAssetLoaderServi - Loading from file system: file:/C:/Users/ryles/Downloads/ComProg_Project/target/classes/assets/music/main_music.wav
21:40:57.555 [FXGL Background Thread 2 ] DEBUG AudioPlayer          - Playing music com.almasb.fxgl.audio.Music@18454e23
21:40:57.569 [FXGL Background Thread 2 ] DEBUG FXGLAssetLoaderServi - Loading from file system: file:/C:/Users/ryles/Downloads/ComProg_Project/target/classes/assets/textures/lives_09.png
21:40:57.574 [FXGL Background Thread 2 ] INFO  FXGLApplication      - Game initialization took: 0.279 sec
21:40:57.575 [JavaFX Application Thread] DEBUG Input                - Clearing active input actions
21:40:57.586 [JavaFX Application Thread] DEBUG GameApplicationServi - Removing overlay from LoadingInterface and adding to GameScene
21:40:57.586 [JavaFX Application Thread] DEBUG PrimaryStageWindow   - LoadingInterface -> GameScene
21:40:58.279 [JavaFX Application Thread] DEBUG FXGLAssetLoaderServi - Loading from file system: file:/C:/Users/ryles/Downloads/ComProg_Project/target/classes/assets/textures/enemy_sprite.png
21:40:58.291 [JavaFX Application Thread] DEBUG FXGLAssetLoaderServi - Loading from file system: file:/C:/Users/ryles/Downloads/ComProg_Project/target/classes/assets/textures/explosion_sprite.png
21:40:58.801 [FXGL Background Thread 3 ] DEBUG Engine               - Logging environment variables
21:40:58.801 [FXGL Background Thread 3 ] DEBUG Engine               - achievements: []
21:40:58.801 [FXGL Background Thread 3 ] DEBUG Engine               - actualHeight: 720.0
21:40:58.801 [FXGL Background Thread 3 ] DEBUG Engine               - actualHeightProperty: ReadOnlyDoubleProperty [value: 720.0]
21:40:58.802 [FXGL Background Thread 3 ] DEBUG Engine               - actualWidth: 1280.0
21:40:58.802 [FXGL Background Thread 3 ] DEBUG Engine               - actualWidthProperty: ReadOnlyDoubleProperty [value: 1280.0]
21:40:58.802 [FXGL Background Thread 3 ] DEBUG Engine               - appIcon: fxgl_icon.png
21:40:58.802 [FXGL Background Thread 3 ] DEBUG Engine               - applicationMode: DEVELOPER
21:40:58.802 [FXGL Background Thread 3 ] DEBUG Engine               - cSSList: [fxgl_dark.css]
21:40:58.802 [FXGL Background Thread 3 ] DEBUG Engine               - collisionDetectionStrategy: BRUTE_FORCE
21:40:58.802 [FXGL Background Thread 3 ] DEBUG Engine               - configClass: Optional.empty
21:40:58.802 [FXGL Background Thread 3 ] DEBUG Engine               - credits: []
21:40:58.802 [FXGL Background Thread 3 ] DEBUG Engine               - defaultCursor: CursorInfo(imageName=fxgl_default_cursor.png, hotspotX=7.0, hotspotY=6.0)
21:40:58.802 [FXGL Background Thread 3 ] DEBUG Engine               - devBBoxColorProperty: ObjectProperty [value: 0xff0000ff]
21:40:58.802 [FXGL Background Thread 3 ] DEBUG Engine               - devEnableDebugCameraProperty: BooleanProperty [value: false]
21:40:58.802 [FXGL Background Thread 3 ] DEBUG Engine               - devSensorColorProperty: ObjectProperty [value: 0xffff00ff]
21:40:58.802 [FXGL Background Thread 3 ] DEBUG Engine               - devShowBBoxProperty: BooleanProperty [value: false]
21:40:58.803 [FXGL Background Thread 3 ] DEBUG Engine               - devShowPositionProperty: BooleanProperty [value: false]
21:40:58.803 [FXGL Background Thread 3 ] DEBUG Engine               - enabledMenuItems: []
21:40:58.803 [FXGL Background Thread 3 ] DEBUG Engine               - engineServices: [class com.almasb.fxgl.app.services.FXGLAssetLoaderService, class com.almasb.fxgl.app.FXGLApplication$GameApplicationService, class com.almasb.fxgl.app.services.FXGLDialogService, class com.almasb.fxgl.app.services.IOTaskExecutorService, class com.almasb.fxgl.io.FileSystemService, class com.almasb.fxgl.localization.LocalizationService, class com.almasb.fxgl.app.services.SystemBundleService, class com.almasb.fxgl.profile.SaveLoadService, class com.almasb.fxgl.ui.FXGLUIFactoryServiceProvider, class com.almasb.fxgl.ui.FXGLDialogFactoryServiceProvider, class com.almasb.fxgl.audio.AudioPlayer, class com.almasb.fxgl.notification.impl.NotificationServiceProvider, class com.almasb.fxgl.achievement.AchievementService, class com.almasb.fxgl.cutscene.CutsceneService, class com.almasb.fxgl.minigames.MiniGameService, class com.almasb.fxgl.net.NetService, class com.almasb.fxgl.app.services.UpdaterService, class com.almasb.fxgl.dev.DevService]
21:40:58.803 [FXGL Background Thread 3 ] DEBUG Engine               - fontGame: Abel-Regular.ttf
21:40:58.803 [FXGL Background Thread 3 ] DEBUG Engine               - fontMono: TerminalLandMono-Regular.otf
21:40:58.803 [FXGL Background Thread 3 ] DEBUG Engine               - fontSizeScaleUI: 1.0
21:40:58.803 [FXGL Background Thread 3 ] DEBUG Engine               - fontText: Courier-Prime.ttf
21:40:58.803 [FXGL Background Thread 3 ] DEBUG Engine               - fontUI: VarelaRound-Regular.ttf
21:40:58.803 [FXGL Background Thread 3 ] DEBUG Engine               - fpsRefreshRate: 500.0 ms
21:40:58.803 [FXGL Background Thread 3 ] DEBUG Engine               - fullScreen: BooleanProperty [value: false]
21:40:58.803 [FXGL Background Thread 3 ] DEBUG Engine               - gameDifficulty: MEDIUM
21:40:58.803 [FXGL Background Thread 3 ] DEBUG Engine               - gameDifficultyProperty: ObjectProperty [value: MEDIUM]
21:40:58.803 [FXGL Background Thread 3 ] DEBUG Engine               - globalMusicVolume: 0.5
21:40:58.803 [FXGL Background Thread 3 ] DEBUG Engine               - globalMusicVolumeProperty: DoubleProperty [value: 0.5]
21:40:58.804 [FXGL Background Thread 3 ] DEBUG Engine               - globalSoundVolume: 0.5
21:40:58.804 [FXGL Background Thread 3 ] DEBUG Engine               - globalSoundVolumeProperty: DoubleProperty [value: 0.5]
21:40:58.804 [FXGL Background Thread 3 ] DEBUG Engine               - height: 720
21:40:58.804 [FXGL Background Thread 3 ] DEBUG Engine               - is3D: false
21:40:58.804 [FXGL Background Thread 3 ] DEBUG Engine               - isAndroid: false
21:40:58.804 [FXGL Background Thread 3 ] DEBUG Engine               - isBrowser: false
21:40:58.804 [FXGL Background Thread 3 ] DEBUG Engine               - isClickFeedbackEnabled: false
21:40:58.804 [FXGL Background Thread 3 ] DEBUG Engine               - isCloseConfirmation: false
21:40:58.804 [FXGL Background Thread 3 ] DEBUG Engine               - isDesktop: true
21:40:58.804 [FXGL Background Thread 3 ] DEBUG Engine               - isDeveloperMenuEnabled: false
21:40:58.804 [FXGL Background Thread 3 ] DEBUG Engine               - isEmbedded: false
21:40:58.804 [FXGL Background Thread 3 ] DEBUG Engine               - isEntityPreloadEnabled: true
21:40:58.804 [FXGL Background Thread 3 ] DEBUG Engine               - isExperimentalTiledLargeMap: false
21:40:58.804 [FXGL Background Thread 3 ] DEBUG Engine               - isFileSystemWriteAllowed: true
21:40:58.804 [FXGL Background Thread 3 ] DEBUG Engine               - isFullScreenAllowed: false
21:40:58.804 [FXGL Background Thread 3 ] DEBUG Engine               - isFullScreenFromStart: false
21:40:58.804 [FXGL Background Thread 3 ] DEBUG Engine               - isGameMenuEnabled: true
21:40:58.804 [FXGL Background Thread 3 ] DEBUG Engine               - isIOS: false
21:40:58.804 [FXGL Background Thread 3 ] DEBUG Engine               - isIntroEnabled: false
21:40:58.804 [FXGL Background Thread 3 ] DEBUG Engine               - isLinux: false
21:40:58.804 [FXGL Background Thread 3 ] DEBUG Engine               - isMac: false
21:40:58.804 [FXGL Background Thread 3 ] DEBUG Engine               - isMainMenuEnabled: true
21:40:58.804 [FXGL Background Thread 3 ] DEBUG Engine               - isManualResizeEnabled: false
21:40:58.804 [FXGL Background Thread 3 ] DEBUG Engine               - isMobile: false
21:40:58.804 [FXGL Background Thread 3 ] DEBUG Engine               - isNative: false
21:40:58.804 [FXGL Background Thread 3 ] DEBUG Engine               - isPauseMusicWhenMinimized: true
21:40:58.804 [FXGL Background Thread 3 ] DEBUG Engine               - isPreserveResizeRatio: false
21:40:58.804 [FXGL Background Thread 3 ] DEBUG Engine               - isProfilingEnabled: false
21:40:58.804 [FXGL Background Thread 3 ] DEBUG Engine               - isScaleAffectedOnResize: true
21:40:58.805 [FXGL Background Thread 3 ] DEBUG Engine               - isSingleStep: false
21:40:58.805 [FXGL Background Thread 3 ] DEBUG Engine               - isUserProfileEnabled: false
21:40:58.805 [FXGL Background Thread 3 ] DEBUG Engine               - isWindows: true
21:40:58.805 [FXGL Background Thread 3 ] DEBUG Engine               - language: ObjectProperty [value: ENGLISH]
21:40:58.805 [FXGL Background Thread 3 ] DEBUG Engine               - menuKey: ESCAPE
21:40:58.805 [FXGL Background Thread 3 ] DEBUG Engine               - mouseSensitivity: 0.2
21:40:58.805 [FXGL Background Thread 3 ] DEBUG Engine               - notificationViewClass: class com.almasb.fxgl.notification.view.XboxNotificationView
21:40:58.805 [FXGL Background Thread 3 ] DEBUG Engine               - pixelsPerMeter: 50.0
21:40:58.805 [FXGL Background Thread 3 ] DEBUG Engine               - platform: WINDOWS
21:40:58.805 [FXGL Background Thread 3 ] DEBUG Engine               - prefHeightProperty: ReadOnlyDoubleProperty [value: 720.0]
21:40:58.805 [FXGL Background Thread 3 ] DEBUG Engine               - prefWidthProperty: ReadOnlyDoubleProperty [value: 1280.0]
21:40:58.805 [FXGL Background Thread 3 ] DEBUG Engine               - profileDir: profiles/
21:40:58.805 [FXGL Background Thread 3 ] DEBUG Engine               - profileName: StringProperty [value: DEFAULT]
21:40:58.805 [FXGL Background Thread 3 ] DEBUG Engine               - randomSeed: -1
21:40:58.805 [FXGL Background Thread 3 ] DEBUG Engine               - runtimeInfo: RuntimeInfo(platform=WINDOWS, version=25, build=05.02.2026 22.57)
21:40:58.805 [FXGL Background Thread 3 ] DEBUG Engine               - saveFileExt: sav
21:40:58.805 [FXGL Background Thread 3 ] DEBUG Engine               - scaledHeightProp$fxgl: DoubleProperty [bound, value: 720.0]
21:40:58.805 [FXGL Background Thread 3 ] DEBUG Engine               - scaledWidthProp$fxgl: DoubleProperty [bound, value: 1280.0]
21:40:58.805 [FXGL Background Thread 3 ] DEBUG Engine               - sceneFactory: org.group1.GamePackage.Factory.MainSceneFactory@48fcd624
21:40:58.806 [FXGL Background Thread 3 ] DEBUG Engine               - secondsIn24h: 60
21:40:58.806 [FXGL Background Thread 3 ] DEBUG Engine               - soundMenuBack: menu/back.wav
21:40:58.806 [FXGL Background Thread 3 ] DEBUG Engine               - soundMenuPress: menu/press.wav
21:40:58.806 [FXGL Background Thread 3 ] DEBUG Engine               - soundMenuSelect: menu/select.wav
21:40:58.806 [FXGL Background Thread 3 ] DEBUG Engine               - soundNotification: core/notification.wav
21:40:58.806 [FXGL Background Thread 3 ] DEBUG Engine               - stageStyle: DECORATED
21:40:58.806 [FXGL Background Thread 3 ] DEBUG Engine               - supportedLanguages: [ENGLISH, FRENCH, GERMAN, HUNGARIAN, RUSSIAN]
21:40:58.806 [FXGL Background Thread 3 ] DEBUG Engine               - ticksPerSecond: -1
21:40:58.806 [FXGL Background Thread 3 ] DEBUG Engine               - title: Untitled
21:40:58.806 [FXGL Background Thread 3 ] DEBUG Engine               - urlGithub: https://github.com/AlmasB/FXGL
21:40:58.806 [FXGL Background Thread 3 ] DEBUG Engine               - urlLeaderboard: http://fxgl-top.herokuapp.com/
21:40:58.806 [FXGL Background Thread 3 ] DEBUG Engine               - urlPOM: https://raw.githubusercontent.com/AlmasB/FXGL/release/README.md
21:40:58.806 [FXGL Background Thread 3 ] DEBUG Engine               - userAppClass: class org.group1.GamePackage.Application
21:40:58.806 [FXGL Background Thread 3 ] DEBUG Engine               - version: 0.0
21:40:58.806 [FXGL Background Thread 3 ] DEBUG Engine               - versionCheckDays: 7
21:40:58.806 [FXGL Background Thread 3 ] DEBUG Engine               - width: 1280
21:40:58.806 [FXGL Background Thread 3 ] DEBUG Engine               - Logging services
21:40:58.806 [FXGL Background Thread 3 ] DEBUG Engine               - class com.almasb.fxgl.app.services.FXGLAssetLoaderService
21:40:58.806 [FXGL Background Thread 3 ] DEBUG Engine               - class com.almasb.fxgl.app.FXGLApplication$GameApplicationService
21:40:58.806 [FXGL Background Thread 3 ] DEBUG Engine               - class com.almasb.fxgl.app.services.FXGLDialogService
21:40:58.806 [FXGL Background Thread 3 ] DEBUG Engine               - class com.almasb.fxgl.app.services.IOTaskExecutorService
21:40:58.806 [FXGL Background Thread 3 ] DEBUG Engine               - class com.almasb.fxgl.io.FileSystemService
21:40:58.806 [FXGL Background Thread 3 ] DEBUG Engine               - class com.almasb.fxgl.localization.LocalizationService
21:40:58.806 [FXGL Background Thread 3 ] DEBUG Engine               - class com.almasb.fxgl.app.services.SystemBundleService
21:40:58.806 [FXGL Background Thread 3 ] DEBUG Engine               - class com.almasb.fxgl.profile.SaveLoadService
21:40:58.807 [FXGL Background Thread 3 ] DEBUG Engine               - class com.almasb.fxgl.ui.FXGLUIFactoryServiceProvider
21:40:58.807 [FXGL Background Thread 3 ] DEBUG Engine               - class com.almasb.fxgl.ui.FXGLDialogFactoryServiceProvider
21:40:58.807 [FXGL Background Thread 3 ] DEBUG Engine               - class com.almasb.fxgl.audio.AudioPlayer
21:40:58.807 [FXGL Background Thread 3 ] DEBUG Engine               - class com.almasb.fxgl.notification.impl.NotificationServiceProvider
21:40:58.807 [FXGL Background Thread 3 ] DEBUG Engine               - class com.almasb.fxgl.achievement.AchievementService
21:40:58.807 [FXGL Background Thread 3 ] DEBUG Engine               - class com.almasb.fxgl.cutscene.CutsceneService
21:40:58.807 [FXGL Background Thread 3 ] DEBUG Engine               - class com.almasb.fxgl.minigames.MiniGameService
21:40:58.807 [FXGL Background Thread 3 ] DEBUG Engine               - class com.almasb.fxgl.net.NetService
21:40:58.807 [FXGL Background Thread 3 ] DEBUG Engine               - class com.almasb.fxgl.app.services.UpdaterService
21:40:58.807 [FXGL Background Thread 3 ] DEBUG Engine               - class com.almasb.fxgl.dev.DevService
21:40:59.239 [JavaFX Application Thread] DEBUG FXGLAssetLoaderServi - Loading from file system: file:/C:/Users/ryles/Downloads/ComProg_Project/target/classes/assets/textures/bullet_sprite.png
21:40:59.369 [JavaFX Application Thread] DEBUG FXGLAssetLoaderServi - Loading from file system: file:/C:/Users/ryles/Downloads/ComProg_Project/target/classes/assets/sounds/death_sound.wav
21:40:59.399 [JavaFX Application Thread] DEBUG FXGLAssetLoaderServi - Loading from file system: file:/C:/Users/ryles/Downloads/ComProg_Project/target/classes/assets/textures/boss_idle_sprite.png
21:40:59.429 [JavaFX Application Thread] DEBUG FXGLAssetLoaderServi - Loading from file system: file:/C:/Users/ryles/Downloads/ComProg_Project/target/classes/assets/textures/boss_charging_sprite.png
21:40:59.493 [JavaFX Application Thread] DEBUG FXGLAssetLoaderServi - Loading from file system: file:/C:/Users/ryles/Downloads/ComProg_Project/target/classes/assets/textures/boss_recovering_sprite.png
21:41:01.246 [JavaFX Application Thread] DEBUG FXGLAssetLoaderServi - Loading from file system: file:/C:/Users/ryles/Downloads/ComProg_Project/target/classes/assets/sounds/switch_bullet.wav
21:41:01.255 [JavaFX Application Thread] DEBUG FXGLAssetLoaderServi - Loading from file system: file:/C:/Users/ryles/Downloads/ComProg_Project/target/classes/assets/textures/ice_HUD_sprite.png
21:41:02.198 [JavaFX Application Thread] DEBUG FXGLAssetLoaderServi - Loading from file system: file:/C:/Users/ryles/Downloads/ComProg_Project/target/classes/assets/textures/ice_bullet_sprite.png
21:41:19.775 [JavaFX Application Thread] DEBUG FXGLAssetLoaderServi - Loading from file system: file:/C:/Users/ryles/Downloads/ComProg_Project/target/classes/assets/textures/laser_sprite.png
21:41:22.101 [JavaFX Application Thread] DEBUG FXGLAssetLoaderServi - Loading from file system: file:/C:/Users/ryles/Downloads/ComProg_Project/target/classes/assets/sounds/fah.wav
21:41:22.109 [JavaFX Application Thread] DEBUG FXGLAssetLoaderServi - Loading from file system: file:/C:/Users/ryles/Downloads/ComProg_Project/target/classes/assets/textures/lives_08.png
21:41:27.013 [JavaFX Application Thread] DEBUG FXGLAssetLoaderServi - Loading from file system: file:/C:/Users/ryles/Downloads/ComProg_Project/target/classes/assets/textures/lives_07.png
21:41:28.676 [JavaFX Application Thread] DEBUG FXGLAssetLoaderServi - Loading from file system: file:/C:/Users/ryles/Downloads/ComProg_Project/target/classes/assets/textures/lives_06.png
21:41:30.590 [JavaFX Application Thread] DEBUG FXGLAssetLoaderServi - Loading from file system: file:/C:/Users/ryles/Downloads/ComProg_Project/target/classes/assets/textures/lives_05.png
21:41:35.765 [JavaFX Application Thread] DEBUG FXGLAssetLoaderServi - Loading from file system: file:/C:/Users/ryles/Downloads/ComProg_Project/target/classes/assets/textures/lives_04.png
21:41:37.270 [JavaFX Application Thread] DEBUG FXGLAssetLoaderServi - Loading from file system: file:/C:/Users/ryles/Downloads/ComProg_Project/target/classes/assets/textures/lives_03.png
21:41:41.559 [JavaFX Application Thread] DEBUG FXGLApplication      - Exiting FXGL
21:41:41.559 [JavaFX Application Thread] DEBUG LoopRunner           - Stopping loop
21:41:41.559 [JavaFX Application Thread] DEBUG SystemBundleService  - Saving FXGL system data
21:41:41.561 [JavaFX Application Thread] DEBUG FileSystemAccess     - Writing to: C:\Users\ryles\Downloads\ComProg_Project\system\fxgl.bundle
21:41:41.563 [JavaFX Application Thread] DEBUG Async                - Shutting down background threads
21:41:41.563 [JavaFX Application Thread] DEBUG PrimaryStageWindow   - Closing main window
21:41:41.588 [JavaFX Application Thread] DEBUG Logger               - Closing Logger
