15:44:07.085 [main                     ] DEBUG Logger               - Configured Logger
15:44:07.093 [main                     ] DEBUG GameApplication      - Logging settings
Title: Untitled
Version: 0.0
Width: 800
Height: 600
Fullscreen: false
Intro: false
Profiling: false
Single step:false
App Mode: DEVELOPER
Menu Key: ESCAPE
Stage Style: DECORATED
Scene Factory: class com.almasb.fxgl.app.scene.SceneFactory

15:44:07.295 [JavaFX Application Thread] DEBUG FXGLApplication      - Initializing FXGL
15:44:07.299 [JavaFX Application Thread] INFO  Engine               - FXGL-25 (05.02.2026 22.57) on LINUX (J:25.0.2 FX:21.0.6)
15:44:07.299 [JavaFX Application Thread] DEBUG Engine               - JRE Vendor Name: Arch Linux
15:44:07.299 [JavaFX Application Thread] DEBUG Engine               - Running on OS: Linux version 6.18.9-arch1-2
15:44:07.299 [JavaFX Application Thread] DEBUG Engine               - Architecture: amd64
15:44:07.299 [JavaFX Application Thread] INFO  Engine               - Source code and latest versions at: https://github.com/AlmasB/FXGL
15:44:07.299 [JavaFX Application Thread] INFO  Engine               -       Ask questions and discuss at: https://github.com/AlmasB/FXGL/discussions
15:44:07.375 [JavaFX Application Thread] DEBUG PrimaryStageWindow   - Creating a JavaFX scene
15:44:07.456 [JavaFX Application Thread] DEBUG PrimaryStageWindow   - Target settings size: 800.0 x 600.0
15:44:07.456 [JavaFX Application Thread] DEBUG PrimaryStageWindow   - Scaled scene size:    800.0 x 600.0
15:44:07.456 [JavaFX Application Thread] DEBUG PrimaryStageWindow   - Scaled ratio: (1.0, 1.0)
15:44:07.457 [JavaFX Application Thread] DEBUG PrimaryStageWindow   - Set initial scene to FXGLStartupScene
15:44:07.460 [JavaFX Application Thread] DEBUG PrimaryStageWindow   - Opening main window
15:44:07.525 [JavaFX Application Thread] DEBUG PrimaryStageWindow   - Window border size: (0.0, 35.0)
15:44:07.525 [JavaFX Application Thread] DEBUG PrimaryStageWindow   - Scaled size: 800.0 x 565.0
15:44:07.525 [JavaFX Application Thread] DEBUG PrimaryStageWindow   - Scaled ratio: (1.0, 0.9416666666666667)
15:44:07.526 [JavaFX Application Thread] DEBUG PrimaryStageWindow   - Scene size: 800.0 x 600.0
15:44:07.526 [JavaFX Application Thread] DEBUG PrimaryStageWindow   - Stage size: 800.0 x 600.0
15:44:07.532 [FXGL Background Thread 1 ] DEBUG Engine               - Initializing environment variables
15:44:07.588 [FXGL Background Thread 1 ] DEBUG FXGLAssetLoaderServi - User app class for loading assets: class TestPackage.BasicGameSample
15:44:07.588 [FXGL Background Thread 1 ] DEBUG GameApplicationServi - Applying CSS: fxgl_dark.css
15:44:07.589 [FXGL Background Thread 1 ] DEBUG FXGLAssetLoaderServi - Loading from file system: jar:file:///home/me/.m2/repository/com/github/almasb/fxgl/25/fxgl-25.jar!/fxglassets/ui/css/fxgl_dark.css
15:44:07.633 [FXGL Background Thread 1 ] DEBUG GameApplicationServi - Initializing application scenes
15:44:07.672 [FXGL Background Thread 1 ] DEBUG GameWorld            - Game world initialized
15:44:07.721 [FXGL Background Thread 1 ] DEBUG PhysicsWorld         - Physics world initialized: appHeight=600, physics.ppm=50.0
15:44:07.721 [FXGL Background Thread 1 ] DEBUG PhysicsWorld         - Using strategy: BRUTE_FORCE
15:44:07.726 [FXGL Background Thread 1 ] DEBUG GameScene            - Game scene initialized: 800x600
15:44:07.742 [FXGL Background Thread 1 ] DEBUG FXGL.DefaultMenu     - createMenuBodyGameMenu()
15:44:07.757 [FXGL Background Thread 1 ] DEBUG FXGL.DefaultMenu     - createOptionsMenu()
15:44:07.768 [FXGL Background Thread 1 ] DEBUG FXGLAssetLoaderServi - Loading from file system: jar:file:///home/me/.m2/repository/com/github/almasb/fxgl/25/fxgl-25.jar!/fxglassets/textures/particles/smoke.png
15:44:07.867 [FXGL Background Thread 1 ] DEBUG FXGLAssetLoaderServi - Loading from file system: jar:file:///home/me/.m2/repository/com/github/almasb/fxgl/25/fxgl-25.jar!/fxglassets/textures/particles/trace_horizontal.png
15:44:07.902 [FXGL Background Thread 1 ] DEBUG GameApplicationServi - Application scenes initialized
15:44:07.911 [FXGL Background Thread 1 ] DEBUG SystemBundleService  - Loading FXGL system data
15:44:07.915 [FXGL Background Thread 1 ] DEBUG FileSystemAccess     - Reading from: /home/me/ComProg_Project/system/fxgl.bundle
15:44:07.922 [FXGL Background Thread 1 ] DEBUG SystemBundleService  - Bundle FXGL: {}
15:44:07.922 [FXGL Background Thread 1 ] DEBUG UpdaterService       - Checking for updates
15:44:07.926 [FXGL Background Thread 4 ] DEBUG FXGLApplication      - Loading fonts
15:44:07.926 [FXGL Background Thread 4 ] DEBUG FXGLAssetLoaderServi - Loading from file system: jar:file:///home/me/.m2/repository/com/github/almasb/fxgl/25/fxgl-25.jar!/fxglassets/ui/fonts/VarelaRound-Regular.ttf
15:44:07.927 [FXGL Background Thread 1 ] DEBUG FXGLApplication      - Loading default localization
15:44:07.927 [FXGL Background Thread 1 ] DEBUG FXGLAssetLoaderServi - Loading from file system: jar:file:///home/me/.m2/repository/com/github/almasb/fxgl/25/fxgl-25.jar!/fxglassets/languages/english.lang
15:44:07.934 [FXGL Background Thread 4 ] DEBUG FXGLAssetLoaderServi - Loading from file system: jar:file:///home/me/.m2/repository/com/github/almasb/fxgl/25/fxgl-25.jar!/fxglassets/ui/fonts/Abel-Regular.ttf
15:44:07.935 [FXGL Background Thread 4 ] DEBUG FXGLAssetLoaderServi - Loading from file system: jar:file:///home/me/.m2/repository/com/github/almasb/fxgl/25/fxgl-25.jar!/fxglassets/ui/fonts/TerminalLandMono-Regular.otf
15:44:07.937 [FXGL Background Thread 4 ] DEBUG FXGLAssetLoaderServi - Loading from file system: jar:file:///home/me/.m2/repository/com/github/almasb/fxgl/25/fxgl-25.jar!/fxglassets/ui/fonts/Courier-Prime.ttf
15:44:07.943 [FXGL Background Thread 1 ] INFO  FXGLApplication      - FXGL initialization took: 0.412 sec
15:44:07.944 [JavaFX Application Thread] DEBUG FXGLApplication      - Registering font factories with UI factory
15:44:07.946 [JavaFX Application Thread] DEBUG FXGLAssetLoaderServi - Loading from file system: jar:file:///home/me/.m2/repository/com/github/almasb/fxgl/25/fxgl-25.jar!/fxglassets/textures/fxgl_icon.png
15:44:07.974 [JavaFX Application Thread] DEBUG FXGLAssetLoaderServi - Loading from file system: jar:file:///home/me/.m2/repository/com/github/almasb/fxgl/25/fxgl-25.jar!/fxglassets/textures/fxgl_default_cursor.png
15:44:07.987 [JavaFX Application Thread] DEBUG Input                - Registered new binding: Screenshot - CTRL+8
15:44:07.988 [JavaFX Application Thread] DEBUG Input                - Registered new binding: System info dump - CTRL+9
15:44:07.988 [JavaFX Application Thread] DEBUG Input                - Registered new binding: Restart - CTRL+R
15:44:07.990 [JavaFX Application Thread] DEBUG Input                - Registered new binding: Toggle Debug Camera - CTRL+7
15:44:07.992 [JavaFX Application Thread] DEBUG LoopRunner           - Starting loop
15:44:07.992 [JavaFX Application Thread] DEBUG LoopRunner           - Initializing JavaFX AnimationTimerLoop
15:44:07.993 [JavaFX Application Thread] DEBUG GameApplicationServi - Starting new game
15:44:07.994 [JavaFX Application Thread] DEBUG Input                - Clearing active input actions
15:44:08.010 [JavaFX Application Thread] DEBUG GameApplicationServi - Removing overlay from FXGLStartupScene and adding to FXGLLoadingScene
15:44:08.011 [JavaFX Application Thread] DEBUG PrimaryStageWindow   - FXGLStartupScene -> FXGLLoadingScene
15:44:08.011 [JavaFX Application Thread] DEBUG GameApplicationServi - Clearing previous game
15:44:08.011 [JavaFX Application Thread] DEBUG GameScene            - Clearing game scene
15:44:08.011 [JavaFX Application Thread] DEBUG GameWorld            - Clearing game world
15:44:08.011 [JavaFX Application Thread] DEBUG PhysicsWorld         - Clearing physics world
15:44:08.013 [FXGL Background Thread 1 ] DEBUG FXGLApplication      - Initializing game
15:44:08.031 [FXGL Background Thread 1 ] WARN  FXGLAssetLoaderServi - Asset "/assets/textures//Cuphead_Plane.png" was not found!
15:44:08.031 [FXGL Background Thread 1 ] WARN  FXGLAssetLoaderServi - Failed to load IMAGE
15:44:08.204 [FXGL Background Thread 1 ] INFO  FXGLApplication      - Game initialization took: 0.190 sec
15:44:08.210 [JavaFX Application Thread] DEBUG Input                - Clearing active input actions
15:44:08.231 [JavaFX Application Thread] DEBUG GameApplicationServi - Removing overlay from FXGLLoadingScene and adding to GameScene
15:44:08.233 [JavaFX Application Thread] DEBUG PrimaryStageWindow   - FXGLLoadingScene -> GameScene
15:44:08.842 [JavaFX Application Thread] DEBUG FXGLApplication      - Exiting FXGL
15:44:08.843 [JavaFX Application Thread] DEBUG LoopRunner           - Stopping loop
15:44:08.843 [JavaFX Application Thread] DEBUG SystemBundleService  - Saving FXGL system data
15:44:08.847 [JavaFX Application Thread] DEBUG FileSystemAccess     - Writing to: /home/me/ComProg_Project/system/fxgl.bundle
15:44:08.852 [JavaFX Application Thread] DEBUG Async                - Shutting down background threads
15:44:08.853 [JavaFX Application Thread] DEBUG PrimaryStageWindow   - Closing main window
15:44:08.861 [JavaFX Application Thread] DEBUG Logger               - Closing Logger
