00:47:27.534 [main                     ] DEBUG Logger               - Configured Logger
00:47:27.537 [main                     ] DEBUG GameApplication      - Logging settings
Title: Untitled
Version: 0.0
Width: 1280
Height: 720
Fullscreen: false
Intro: false
Profiling: false
Single step:false
App Mode: DEVELOPER
Menu Key: ESCAPE
Stage Style: DECORATED
Scene Factory: class org.group1.GamePackage.Factory.MainSceneFactory

00:47:28.187 [JavaFX Application Thread] DEBUG FXGLApplication      - Initializing FXGL
00:47:28.189 [JavaFX Application Thread] INFO  Engine               - FXGL-25 (05.02.2026 22.57) on WINDOWS (J:25.0.2 FX:21.0.6)
00:47:28.189 [JavaFX Application Thread] DEBUG Engine               - JRE Vendor Name: Oracle Corporation
00:47:28.189 [JavaFX Application Thread] DEBUG Engine               - Running on OS: Windows 11 version 10.0
00:47:28.189 [JavaFX Application Thread] DEBUG Engine               - Architecture: amd64
00:47:28.189 [JavaFX Application Thread] INFO  Engine               - Source code and latest versions at: https://github.com/AlmasB/FXGL
00:47:28.189 [JavaFX Application Thread] INFO  Engine               -       Ask questions and discuss at: https://github.com/AlmasB/FXGL/discussions
00:47:28.238 [JavaFX Application Thread] DEBUG PrimaryStageWindow   - Creating a JavaFX scene
00:47:28.263 [JavaFX Application Thread] DEBUG PrimaryStageWindow   - Target settings size: 1280.0 x 720.0
00:47:28.263 [JavaFX Application Thread] DEBUG PrimaryStageWindow   - Scaled scene size:    1280.0 x 720.0
00:47:28.263 [JavaFX Application Thread] DEBUG PrimaryStageWindow   - Scaled ratio: (1.0, 1.0)
00:47:28.263 [JavaFX Application Thread] DEBUG PrimaryStageWindow   - Set initial scene to FXGLStartupScene
00:47:28.266 [JavaFX Application Thread] DEBUG PrimaryStageWindow   - Opening main window
00:47:28.326 [JavaFX Application Thread] DEBUG PrimaryStageWindow   - Window border size: (16.0, 39.0)
00:47:28.326 [JavaFX Application Thread] DEBUG PrimaryStageWindow   - Scaled size: 1280.0 x 720.0
00:47:28.326 [JavaFX Application Thread] DEBUG PrimaryStageWindow   - Scaled ratio: (1.0, 1.0)
00:47:28.326 [JavaFX Application Thread] DEBUG PrimaryStageWindow   - Scene size: 1280.0 x 720.0
00:47:28.328 [JavaFX Application Thread] DEBUG PrimaryStageWindow   - Stage size: 1296.0 x 759.0
00:47:28.331 [FXGL Background Thread 1 ] DEBUG Engine               - Initializing environment variables
00:47:28.371 [FXGL Background Thread 1 ] DEBUG FXGLAssetLoaderServi - User app class for loading assets: class org.group1.GamePackage.Application
00:47:28.371 [FXGL Background Thread 1 ] DEBUG GameApplicationServi - Applying CSS: fxgl_dark.css
00:47:28.372 [FXGL Background Thread 1 ] DEBUG FXGLAssetLoaderServi - Loading from file system: jar:file:///C:/Users/Wren/.m2/repository/com/github/almasb/fxgl/25/fxgl-25.jar!/fxglassets/ui/css/fxgl_dark.css
00:47:28.405 [FXGL Background Thread 1 ] DEBUG GameApplicationServi - Initializing application scenes
00:47:28.455 [FXGL Background Thread 1 ] DEBUG GameWorld            - Game world initialized
00:47:28.485 [FXGL Background Thread 1 ] DEBUG PhysicsWorld         - Physics world initialized: appHeight=720, physics.ppm=50.0
00:47:28.485 [FXGL Background Thread 1 ] DEBUG PhysicsWorld         - Using strategy: BRUTE_FORCE
00:47:28.489 [FXGL Background Thread 1 ] DEBUG GameScene            - Game scene initialized: 1280x720
00:47:28.498 [FXGL Background Thread 1 ] DEBUG FXGL.DefaultMenu     - createMenuBodyGameMenu()
00:47:28.503 [FXGL Background Thread 1 ] DEBUG FXGL.DefaultMenu     - createOptionsMenu()
00:47:28.510 [FXGL Background Thread 1 ] DEBUG FXGLAssetLoaderServi - Loading from file system: jar:file:///C:/Users/Wren/.m2/repository/com/github/almasb/fxgl/25/fxgl-25.jar!/fxglassets/textures/particles/smoke.png
00:47:28.576 [FXGL Background Thread 1 ] DEBUG FXGLAssetLoaderServi - Loading from file system: jar:file:///C:/Users/Wren/.m2/repository/com/github/almasb/fxgl/25/fxgl-25.jar!/fxglassets/textures/particles/trace_horizontal.png
00:47:28.594 [FXGL Background Thread 1 ] DEBUG GameApplicationServi - Application scenes initialized
00:47:28.600 [FXGL Background Thread 1 ] DEBUG SystemBundleService  - Loading FXGL system data
00:47:28.601 [FXGL Background Thread 1 ] DEBUG FileSystemAccess     - Reading from: C:\Users\Wren\IdeaProjects\GameGame\system\fxgl.bundle
00:47:28.603 [FXGL Background Thread 1 ] DEBUG SystemBundleService  - Bundle FXGL: {}
00:47:28.603 [FXGL Background Thread 1 ] DEBUG UpdaterService       - Checking for updates
00:47:28.605 [FXGL Background Thread 4 ] DEBUG FXGLApplication      - Loading fonts
00:47:28.605 [FXGL Background Thread 1 ] DEBUG FXGLApplication      - Loading default localization
00:47:28.606 [FXGL Background Thread 4 ] DEBUG FXGLAssetLoaderServi - Loading from file system: jar:file:///C:/Users/Wren/.m2/repository/com/github/almasb/fxgl/25/fxgl-25.jar!/fxglassets/ui/fonts/VarelaRound-Regular.ttf
00:47:28.606 [FXGL Background Thread 1 ] DEBUG FXGLAssetLoaderServi - Loading from file system: jar:file:///C:/Users/Wren/.m2/repository/com/github/almasb/fxgl/25/fxgl-25.jar!/fxglassets/languages/english.lang
00:47:28.626 [FXGL Background Thread 1 ] INFO  FXGLApplication      - FXGL initialization took: 0.295 sec
00:47:28.630 [FXGL Background Thread 4 ] DEBUG FXGLAssetLoaderServi - Loading from file system: jar:file:///C:/Users/Wren/.m2/repository/com/github/almasb/fxgl/25/fxgl-25.jar!/fxglassets/ui/fonts/Abel-Regular.ttf
00:47:28.638 [JavaFX Application Thread] DEBUG Input                - Registered new binding: Move left - A
00:47:28.638 [JavaFX Application Thread] DEBUG Input                - Registered new binding: Move right - D
00:47:28.638 [JavaFX Application Thread] DEBUG Input                - Registered new binding: Move down - S
00:47:28.638 [JavaFX Application Thread] DEBUG Input                - Registered new binding: Move up - W
00:47:28.639 [JavaFX Application Thread] DEBUG Input                - Registered new binding: Shoot - Space
00:47:28.639 [JavaFX Application Thread] DEBUG FXGLAssetLoaderServi - Loading from file system: jar:file:///C:/Users/Wren/.m2/repository/com/github/almasb/fxgl/25/fxgl-25.jar!/fxglassets/textures/fxgl_icon.png
00:47:28.644 [FXGL Background Thread 4 ] DEBUG FXGLAssetLoaderServi - Loading from file system: jar:file:///C:/Users/Wren/.m2/repository/com/github/almasb/fxgl/25/fxgl-25.jar!/fxglassets/ui/fonts/TerminalLandMono-Regular.otf
00:47:28.655 [JavaFX Application Thread] DEBUG FXGLAssetLoaderServi - Loading from file system: jar:file:///C:/Users/Wren/.m2/repository/com/github/almasb/fxgl/25/fxgl-25.jar!/fxglassets/textures/fxgl_default_cursor.png
00:47:28.656 [JavaFX Application Thread] DEBUG Input                - Registered new binding: Screenshot - CTRL+8
00:47:28.656 [JavaFX Application Thread] DEBUG Input                - Registered new binding: System info dump - CTRL+9
00:47:28.657 [JavaFX Application Thread] DEBUG Input                - Registered new binding: Restart - CTRL+R
00:47:28.657 [JavaFX Application Thread] DEBUG Input                - Registered new binding: Toggle Debug Camera - CTRL+7
00:47:28.658 [FXGL Background Thread 4 ] DEBUG FXGLAssetLoaderServi - Loading from file system: jar:file:///C:/Users/Wren/.m2/repository/com/github/almasb/fxgl/25/fxgl-25.jar!/fxglassets/ui/fonts/Courier-Prime.ttf
00:47:28.659 [JavaFX Application Thread] DEBUG LoopRunner           - Starting loop
00:47:28.659 [JavaFX Application Thread] DEBUG LoopRunner           - Initializing JavaFX AnimationTimerLoop
00:47:28.662 [JavaFX Application Thread] DEBUG Input                - Clearing active input actions
00:47:28.670 [JavaFX Application Thread] DEBUG GameApplicationServi - Removing overlay from FXGLStartupScene and adding to FXGLMainMenuDummyScene
00:47:28.671 [JavaFX Application Thread] DEBUG PrimaryStageWindow   - FXGLStartupScene -> FXGLMainMenuDummyScene
00:47:28.671 [JavaFX Application Thread] DEBUG PrimaryStageWindow   - Push state: MenuInterface
00:47:28.671 [JavaFX Application Thread] DEBUG Input                - Clearing active input actions
00:47:28.675 [JavaFX Application Thread] DEBUG GameApplicationServi - Removing overlay from FXGLMainMenuDummyScene and adding to MenuInterface
00:47:28.676 [JavaFX Application Thread] DEBUG PrimaryStageWindow   - FXGLMainMenuDummyScene -> MenuInterface
00:47:28.715 [JavaFX Application Thread] DEBUG FXGLApplication      - Registering font factories with UI factory
00:47:29.043 [JavaFX Application Thread] DEBUG Menu                 - fireNewGame()
00:47:29.043 [JavaFX Application Thread] DEBUG GameApplicationServi - Starting new game
00:47:29.043 [JavaFX Application Thread] DEBUG PrimaryStageWindow   - Pop state: MenuInterface
00:47:29.043 [JavaFX Application Thread] DEBUG Input                - Clearing active input actions
00:47:29.045 [JavaFX Application Thread] DEBUG GameApplicationServi - Removing overlay from MenuInterface and adding to FXGLMainMenuDummyScene
00:47:29.046 [JavaFX Application Thread] DEBUG PrimaryStageWindow   - FXGLMainMenuDummyScene <- MenuInterface
00:47:29.046 [JavaFX Application Thread] DEBUG Input                - Clearing active input actions
00:47:29.051 [JavaFX Application Thread] DEBUG GameApplicationServi - Removing overlay from FXGLMainMenuDummyScene and adding to LoadingInterface
00:47:29.051 [JavaFX Application Thread] DEBUG PrimaryStageWindow   - FXGLMainMenuDummyScene -> LoadingInterface
00:47:29.051 [JavaFX Application Thread] DEBUG GameApplicationServi - Clearing previous game
00:47:29.051 [JavaFX Application Thread] DEBUG GameScene            - Clearing game scene
00:47:29.051 [JavaFX Application Thread] DEBUG GameWorld            - Clearing game world
00:47:29.051 [JavaFX Application Thread] DEBUG PhysicsWorld         - Clearing physics world
00:47:29.052 [FXGL Background Thread 4 ] DEBUG FXGLApplication      - Initializing game
00:47:29.066 [FXGL Background Thread 4 ] DEBUG FXGLAssetLoaderServi - Loading from file system: file:/C:/Users/Wren/IdeaProjects/GameGame/target/classes/assets/textures/background.png
00:47:29.141 [FXGL Background Thread 4 ] DEBUG FXGLAssetLoaderServi - Loading from file system: file:/C:/Users/Wren/IdeaProjects/GameGame/target/classes/assets/textures/background_stars1.png
00:47:29.223 [FXGL Background Thread 4 ] DEBUG FXGLAssetLoaderServi - Loading from file system: file:/C:/Users/Wren/IdeaProjects/GameGame/target/classes/assets/textures/background_stars2.png
00:47:29.251 [FXGL Background Thread 4 ] DEBUG FXGLAssetLoaderServi - Loading from file system: file:/C:/Users/Wren/IdeaProjects/GameGame/target/classes/assets/textures/background_stars3.png
00:47:29.276 [FXGL Background Thread 4 ] DEBUG FXGLAssetLoaderServi - Loading from file system: file:/C:/Users/Wren/IdeaProjects/GameGame/target/classes/assets/textures/background_cloud1.png
00:47:29.294 [FXGL Background Thread 4 ] DEBUG FXGLAssetLoaderServi - Loading from file system: file:/C:/Users/Wren/IdeaProjects/GameGame/target/classes/assets/textures/background_cloud2.png
00:47:29.308 [FXGL Background Thread 4 ] DEBUG FXGLAssetLoaderServi - Loading from file system: file:/C:/Users/Wren/IdeaProjects/GameGame/target/classes/assets/textures/background_mist1.png
00:47:29.316 [FXGL Background Thread 4 ] DEBUG FXGLAssetLoaderServi - Loading from file system: file:/C:/Users/Wren/IdeaProjects/GameGame/target/classes/assets/textures/background_hills.png
00:47:29.331 [FXGL Background Thread 4 ] DEBUG FXGLAssetLoaderServi - Loading from file system: file:/C:/Users/Wren/IdeaProjects/GameGame/target/classes/assets/textures/background_forest.png
00:47:29.341 [FXGL Background Thread 4 ] DEBUG FXGLAssetLoaderServi - Loading from file system: file:/C:/Users/Wren/IdeaProjects/GameGame/target/classes/assets/textures/background_large_forest.png
00:47:29.362 [FXGL Background Thread 4 ] DEBUG FXGLAssetLoaderServi - Loading from file system: file:/C:/Users/Wren/IdeaProjects/GameGame/target/classes/assets/textures/idle_sprite.png
00:47:29.365 [FXGL Background Thread 4 ] DEBUG FXGLAssetLoaderServi - Loading from file system: file:/C:/Users/Wren/IdeaProjects/GameGame/target/classes/assets/textures/down_sprite.png
00:47:29.367 [FXGL Background Thread 4 ] DEBUG FXGLAssetLoaderServi - Loading from file system: file:/C:/Users/Wren/IdeaProjects/GameGame/target/classes/assets/textures/up_sprite.png
00:47:29.374 [FXGL Background Thread 4 ] DEBUG FXGLAssetLoaderServi - Loading from file system: file:/C:/Users/Wren/IdeaProjects/GameGame/target/classes/assets/music/main_music.wav
00:47:29.445 [FXGL Background Thread 4 ] DEBUG AudioPlayer          - Playing music com.almasb.fxgl.audio.Music@62473036
00:47:29.448 [FXGL Background Thread 4 ] INFO  FXGLApplication      - Game initialization took: 0.396 sec
00:47:29.449 [JavaFX Application Thread] DEBUG Input                - Clearing active input actions
00:47:29.453 [JavaFX Application Thread] DEBUG GameApplicationServi - Removing overlay from LoadingInterface and adding to GameScene
00:47:29.455 [JavaFX Application Thread] DEBUG PrimaryStageWindow   - LoadingInterface -> GameScene
00:47:29.957 [JavaFX Application Thread] DEBUG FXGLAssetLoaderServi - Loading from file system: file:/C:/Users/Wren/IdeaProjects/GameGame/target/classes/assets/textures/enemy_sprite.png
00:47:29.959 [JavaFX Application Thread] DEBUG FXGLAssetLoaderServi - Loading from file system: file:/C:/Users/Wren/IdeaProjects/GameGame/target/classes/assets/textures/explosion_sprite.png
00:47:30.670 [JavaFX Application Thread] DEBUG FXGLAssetLoaderServi - Loading from file system: file:/C:/Users/Wren/IdeaProjects/GameGame/target/classes/assets/textures/bullet_sprite.png
00:47:30.952 [JavaFX Application Thread] DEBUG FXGLAssetLoaderServi - Loading from file system: file:/C:/Users/Wren/IdeaProjects/GameGame/target/classes/assets/textures/heart_sprite.png
00:47:30.957 [JavaFX Application Thread] DEBUG FXGLAssetLoaderServi - Loading from file system: file:/C:/Users/Wren/IdeaProjects/GameGame/target/classes/assets/textures/heart_explode_sprite.png
00:47:30.973 [JavaFX Application Thread] DEBUG FXGLAssetLoaderServi - Loading from file system: file:/C:/Users/Wren/IdeaProjects/GameGame/target/classes/assets/sounds/death_sound.wav
00:47:31.605 [FXGL Background Thread 3 ] DEBUG Engine               - Logging environment variables
00:47:31.605 [FXGL Background Thread 3 ] DEBUG Engine               - achievements: []
00:47:31.605 [FXGL Background Thread 3 ] DEBUG Engine               - actualHeight: 720.0
00:47:31.605 [FXGL Background Thread 3 ] DEBUG Engine               - actualHeightProperty: ReadOnlyDoubleProperty [value: 720.0]
00:47:31.605 [FXGL Background Thread 3 ] DEBUG Engine               - actualWidth: 1280.0
00:47:31.605 [FXGL Background Thread 3 ] DEBUG Engine               - actualWidthProperty: ReadOnlyDoubleProperty [value: 1280.0]
00:47:31.605 [FXGL Background Thread 3 ] DEBUG Engine               - appIcon: fxgl_icon.png
00:47:31.606 [FXGL Background Thread 3 ] DEBUG Engine               - applicationMode: DEVELOPER
00:47:31.606 [FXGL Background Thread 3 ] DEBUG Engine               - cSSList: [fxgl_dark.css]
00:47:31.606 [FXGL Background Thread 3 ] DEBUG Engine               - collisionDetectionStrategy: BRUTE_FORCE
00:47:31.606 [FXGL Background Thread 3 ] DEBUG Engine               - configClass: Optional.empty
00:47:31.606 [FXGL Background Thread 3 ] DEBUG Engine               - credits: []
00:47:31.606 [FXGL Background Thread 3 ] DEBUG Engine               - defaultCursor: CursorInfo(imageName=fxgl_default_cursor.png, hotspotX=7.0, hotspotY=6.0)
00:47:31.606 [FXGL Background Thread 3 ] DEBUG Engine               - devBBoxColorProperty: ObjectProperty [value: 0xff0000ff]
00:47:31.606 [FXGL Background Thread 3 ] DEBUG Engine               - devEnableDebugCameraProperty: BooleanProperty [value: false]
00:47:31.606 [FXGL Background Thread 3 ] DEBUG Engine               - devSensorColorProperty: ObjectProperty [value: 0xffff00ff]
00:47:31.606 [FXGL Background Thread 3 ] DEBUG Engine               - devShowBBoxProperty: BooleanProperty [value: false]
00:47:31.606 [FXGL Background Thread 3 ] DEBUG Engine               - devShowPositionProperty: BooleanProperty [value: false]
00:47:31.606 [FXGL Background Thread 3 ] DEBUG Engine               - enabledMenuItems: []
00:47:31.607 [FXGL Background Thread 3 ] DEBUG Engine               - engineServices: [class com.almasb.fxgl.app.services.FXGLAssetLoaderService, class com.almasb.fxgl.app.FXGLApplication$GameApplicationService, class com.almasb.fxgl.app.services.FXGLDialogService, class com.almasb.fxgl.app.services.IOTaskExecutorService, class com.almasb.fxgl.io.FileSystemService, class com.almasb.fxgl.localization.LocalizationService, class com.almasb.fxgl.app.services.SystemBundleService, class com.almasb.fxgl.profile.SaveLoadService, class com.almasb.fxgl.ui.FXGLUIFactoryServiceProvider, class com.almasb.fxgl.ui.FXGLDialogFactoryServiceProvider, class com.almasb.fxgl.audio.AudioPlayer, class com.almasb.fxgl.notification.impl.NotificationServiceProvider, class com.almasb.fxgl.achievement.AchievementService, class com.almasb.fxgl.cutscene.CutsceneService, class com.almasb.fxgl.minigames.MiniGameService, class com.almasb.fxgl.net.NetService, class com.almasb.fxgl.app.services.UpdaterService, class com.almasb.fxgl.dev.DevService]
00:47:31.607 [FXGL Background Thread 3 ] DEBUG Engine               - fontGame: Abel-Regular.ttf
00:47:31.607 [FXGL Background Thread 3 ] DEBUG Engine               - fontMono: TerminalLandMono-Regular.otf
00:47:31.607 [FXGL Background Thread 3 ] DEBUG Engine               - fontSizeScaleUI: 1.0
00:47:31.607 [FXGL Background Thread 3 ] DEBUG Engine               - fontText: Courier-Prime.ttf
00:47:31.607 [FXGL Background Thread 3 ] DEBUG Engine               - fontUI: VarelaRound-Regular.ttf
00:47:31.607 [FXGL Background Thread 3 ] DEBUG Engine               - fpsRefreshRate: 500.0 ms
00:47:31.607 [FXGL Background Thread 3 ] DEBUG Engine               - fullScreen: BooleanProperty [value: false]
00:47:31.607 [FXGL Background Thread 3 ] DEBUG Engine               - gameDifficulty: MEDIUM
00:47:31.607 [FXGL Background Thread 3 ] DEBUG Engine               - gameDifficultyProperty: ObjectProperty [value: MEDIUM]
00:47:31.607 [FXGL Background Thread 3 ] DEBUG Engine               - globalMusicVolume: 0.5
00:47:31.607 [FXGL Background Thread 3 ] DEBUG Engine               - globalMusicVolumeProperty: DoubleProperty [value: 0.5]
00:47:31.607 [FXGL Background Thread 3 ] DEBUG Engine               - globalSoundVolume: 0.5
00:47:31.607 [FXGL Background Thread 3 ] DEBUG Engine               - globalSoundVolumeProperty: DoubleProperty [value: 0.5]
00:47:31.607 [FXGL Background Thread 3 ] DEBUG Engine               - height: 720
00:47:31.607 [FXGL Background Thread 3 ] DEBUG Engine               - is3D: false
00:47:31.608 [FXGL Background Thread 3 ] DEBUG Engine               - isAndroid: false
00:47:31.608 [FXGL Background Thread 3 ] DEBUG Engine               - isBrowser: false
00:47:31.608 [FXGL Background Thread 3 ] DEBUG Engine               - isClickFeedbackEnabled: false
00:47:31.608 [FXGL Background Thread 3 ] DEBUG Engine               - isCloseConfirmation: false
00:47:31.608 [FXGL Background Thread 3 ] DEBUG Engine               - isDesktop: true
00:47:31.608 [FXGL Background Thread 3 ] DEBUG Engine               - isDeveloperMenuEnabled: false
00:47:31.608 [FXGL Background Thread 3 ] DEBUG Engine               - isEmbedded: false
00:47:31.608 [FXGL Background Thread 3 ] DEBUG Engine               - isEntityPreloadEnabled: true
00:47:31.608 [FXGL Background Thread 3 ] DEBUG Engine               - isExperimentalTiledLargeMap: false
00:47:31.608 [FXGL Background Thread 3 ] DEBUG Engine               - isFileSystemWriteAllowed: true
00:47:31.608 [FXGL Background Thread 3 ] DEBUG Engine               - isFullScreenAllowed: false
00:47:31.608 [FXGL Background Thread 3 ] DEBUG Engine               - isFullScreenFromStart: false
00:47:31.608 [FXGL Background Thread 3 ] DEBUG Engine               - isGameMenuEnabled: true
00:47:31.608 [FXGL Background Thread 3 ] DEBUG Engine               - isIOS: false
00:47:31.608 [FXGL Background Thread 3 ] DEBUG Engine               - isIntroEnabled: false
00:47:31.608 [FXGL Background Thread 3 ] DEBUG Engine               - isLinux: false
00:47:31.608 [FXGL Background Thread 3 ] DEBUG Engine               - isMac: false
00:47:31.608 [FXGL Background Thread 3 ] DEBUG Engine               - isMainMenuEnabled: true
00:47:31.608 [FXGL Background Thread 3 ] DEBUG Engine               - isManualResizeEnabled: false
00:47:31.608 [FXGL Background Thread 3 ] DEBUG Engine               - isMobile: false
00:47:31.608 [FXGL Background Thread 3 ] DEBUG Engine               - isNative: false
00:47:31.608 [FXGL Background Thread 3 ] DEBUG Engine               - isPauseMusicWhenMinimized: true
00:47:31.608 [FXGL Background Thread 3 ] DEBUG Engine               - isPreserveResizeRatio: false
00:47:31.608 [FXGL Background Thread 3 ] DEBUG Engine               - isProfilingEnabled: false
00:47:31.608 [FXGL Background Thread 3 ] DEBUG Engine               - isScaleAffectedOnResize: true
00:47:31.608 [FXGL Background Thread 3 ] DEBUG Engine               - isSingleStep: false
00:47:31.608 [FXGL Background Thread 3 ] DEBUG Engine               - isUserProfileEnabled: false
00:47:31.608 [FXGL Background Thread 3 ] DEBUG Engine               - isWindows: true
00:47:31.608 [FXGL Background Thread 3 ] DEBUG Engine               - language: ObjectProperty [value: ENGLISH]
00:47:31.608 [FXGL Background Thread 3 ] DEBUG Engine               - menuKey: ESCAPE
00:47:31.608 [FXGL Background Thread 3 ] DEBUG Engine               - mouseSensitivity: 0.2
00:47:31.608 [FXGL Background Thread 3 ] DEBUG Engine               - notificationViewClass: class com.almasb.fxgl.notification.view.XboxNotificationView
00:47:31.608 [FXGL Background Thread 3 ] DEBUG Engine               - pixelsPerMeter: 50.0
00:47:31.608 [FXGL Background Thread 3 ] DEBUG Engine               - platform: WINDOWS
00:47:31.608 [FXGL Background Thread 3 ] DEBUG Engine               - prefHeightProperty: ReadOnlyDoubleProperty [value: 720.0]
00:47:31.609 [FXGL Background Thread 3 ] DEBUG Engine               - prefWidthProperty: ReadOnlyDoubleProperty [value: 1280.0]
00:47:31.609 [FXGL Background Thread 3 ] DEBUG Engine               - profileDir: profiles/
00:47:31.609 [FXGL Background Thread 3 ] DEBUG Engine               - profileName: StringProperty [value: DEFAULT]
00:47:31.609 [FXGL Background Thread 3 ] DEBUG Engine               - randomSeed: -1
00:47:31.609 [FXGL Background Thread 3 ] DEBUG Engine               - runtimeInfo: RuntimeInfo(platform=WINDOWS, version=25, build=05.02.2026 22.57)
00:47:31.609 [FXGL Background Thread 3 ] DEBUG Engine               - saveFileExt: sav
00:47:31.609 [FXGL Background Thread 3 ] DEBUG Engine               - scaledHeightProp$fxgl: DoubleProperty [bound, value: 720.0]
00:47:31.609 [FXGL Background Thread 3 ] DEBUG Engine               - scaledWidthProp$fxgl: DoubleProperty [bound, value: 1280.0]
00:47:31.609 [FXGL Background Thread 3 ] DEBUG Engine               - sceneFactory: org.group1.GamePackage.Factory.MainSceneFactory@2fbf7bb7
00:47:31.609 [FXGL Background Thread 3 ] DEBUG Engine               - secondsIn24h: 60
00:47:31.609 [FXGL Background Thread 3 ] DEBUG Engine               - soundMenuBack: menu/back.wav
00:47:31.609 [FXGL Background Thread 3 ] DEBUG Engine               - soundMenuPress: menu/press.wav
00:47:31.609 [FXGL Background Thread 3 ] DEBUG Engine               - soundMenuSelect: menu/select.wav
00:47:31.609 [FXGL Background Thread 3 ] DEBUG Engine               - soundNotification: core/notification.wav
00:47:31.609 [FXGL Background Thread 3 ] DEBUG Engine               - stageStyle: DECORATED
00:47:31.609 [FXGL Background Thread 3 ] DEBUG Engine               - supportedLanguages: [ENGLISH, FRENCH, GERMAN, HUNGARIAN, RUSSIAN]
00:47:31.609 [FXGL Background Thread 3 ] DEBUG Engine               - ticksPerSecond: -1
00:47:31.609 [FXGL Background Thread 3 ] DEBUG Engine               - title: Untitled
00:47:31.609 [FXGL Background Thread 3 ] DEBUG Engine               - urlGithub: https://github.com/AlmasB/FXGL
00:47:31.609 [FXGL Background Thread 3 ] DEBUG Engine               - urlLeaderboard: http://fxgl-top.herokuapp.com/
00:47:31.609 [FXGL Background Thread 3 ] DEBUG Engine               - urlPOM: https://raw.githubusercontent.com/AlmasB/FXGL/release/README.md
00:47:31.609 [FXGL Background Thread 3 ] DEBUG Engine               - userAppClass: class org.group1.GamePackage.Application
00:47:31.610 [FXGL Background Thread 3 ] DEBUG Engine               - version: 0.0
00:47:31.610 [FXGL Background Thread 3 ] DEBUG Engine               - versionCheckDays: 7
00:47:31.610 [FXGL Background Thread 3 ] DEBUG Engine               - width: 1280
00:47:31.610 [FXGL Background Thread 3 ] DEBUG Engine               - Logging services
00:47:31.610 [FXGL Background Thread 3 ] DEBUG Engine               - class com.almasb.fxgl.app.services.FXGLAssetLoaderService
00:47:31.610 [FXGL Background Thread 3 ] DEBUG Engine               - class com.almasb.fxgl.app.FXGLApplication$GameApplicationService
00:47:31.610 [FXGL Background Thread 3 ] DEBUG Engine               - class com.almasb.fxgl.app.services.FXGLDialogService
00:47:31.610 [FXGL Background Thread 3 ] DEBUG Engine               - class com.almasb.fxgl.app.services.IOTaskExecutorService
00:47:31.610 [FXGL Background Thread 3 ] DEBUG Engine               - class com.almasb.fxgl.io.FileSystemService
00:47:31.610 [FXGL Background Thread 3 ] DEBUG Engine               - class com.almasb.fxgl.localization.LocalizationService
00:47:31.610 [FXGL Background Thread 3 ] DEBUG Engine               - class com.almasb.fxgl.app.services.SystemBundleService
00:47:31.610 [FXGL Background Thread 3 ] DEBUG Engine               - class com.almasb.fxgl.profile.SaveLoadService
00:47:31.610 [FXGL Background Thread 3 ] DEBUG Engine               - class com.almasb.fxgl.ui.FXGLUIFactoryServiceProvider
00:47:31.610 [FXGL Background Thread 3 ] DEBUG Engine               - class com.almasb.fxgl.ui.FXGLDialogFactoryServiceProvider
00:47:31.610 [FXGL Background Thread 3 ] DEBUG Engine               - class com.almasb.fxgl.audio.AudioPlayer
00:47:31.610 [FXGL Background Thread 3 ] DEBUG Engine               - class com.almasb.fxgl.notification.impl.NotificationServiceProvider
00:47:31.610 [FXGL Background Thread 3 ] DEBUG Engine               - class com.almasb.fxgl.achievement.AchievementService
00:47:31.610 [FXGL Background Thread 3 ] DEBUG Engine               - class com.almasb.fxgl.cutscene.CutsceneService
00:47:31.610 [FXGL Background Thread 3 ] DEBUG Engine               - class com.almasb.fxgl.minigames.MiniGameService
00:47:31.610 [FXGL Background Thread 3 ] DEBUG Engine               - class com.almasb.fxgl.net.NetService
00:47:31.610 [FXGL Background Thread 3 ] DEBUG Engine               - class com.almasb.fxgl.app.services.UpdaterService
00:47:31.610 [FXGL Background Thread 3 ] DEBUG Engine               - class com.almasb.fxgl.dev.DevService
00:47:39.443 [JavaFX Application Thread] DEBUG FXGLApplication      - Exiting FXGL
00:47:39.443 [JavaFX Application Thread] DEBUG LoopRunner           - Stopping loop
00:47:39.445 [JavaFX Application Thread] DEBUG SystemBundleService  - Saving FXGL system data
00:47:39.446 [JavaFX Application Thread] DEBUG FileSystemAccess     - Writing to: C:\Users\Wren\IdeaProjects\GameGame\system\fxgl.bundle
00:47:39.447 [JavaFX Application Thread] DEBUG Async                - Shutting down background threads
00:47:39.447 [JavaFX Application Thread] DEBUG PrimaryStageWindow   - Closing main window
00:47:39.456 [JavaFX Application Thread] DEBUG Logger               - Closing Logger
