16:18:37.640 [main                     ] DEBUG Logger               - Configured Logger
16:18:37.649 [main                     ] DEBUG GameApplication      - Logging settings
Title: Untitled
Version: 0.0
Width: 1280
Height: 720
Fullscreen: false
Intro: false
Profiling: false
Single step:false
App Mode: DEVELOPER
Menu Key: ESCAPE
Stage Style: DECORATED
Scene Factory: class org.group1.GamePackage.Factory.MainSceneFactory

16:18:38.054 [JavaFX Application Thread] DEBUG FXGLApplication      - Initializing FXGL
16:18:38.062 [JavaFX Application Thread] INFO  Engine               - FXGL-25 (05.02.2026 22.57) on WINDOWS (J:25.0.1 FX:21.0.6)
16:18:38.062 [JavaFX Application Thread] DEBUG Engine               - JRE Vendor Name: Oracle Corporation
16:18:38.062 [JavaFX Application Thread] DEBUG Engine               - Running on OS: Windows 11 version 10.0
16:18:38.062 [JavaFX Application Thread] DEBUG Engine               - Architecture: amd64
16:18:38.063 [JavaFX Application Thread] INFO  Engine               - Source code and latest versions at: https://github.com/AlmasB/FXGL
16:18:38.063 [JavaFX Application Thread] INFO  Engine               -       Ask questions and discuss at: https://github.com/AlmasB/FXGL/discussions
16:18:38.204 [JavaFX Application Thread] DEBUG PrimaryStageWindow   - Creating a JavaFX scene
16:18:38.272 [JavaFX Application Thread] DEBUG PrimaryStageWindow   - Target settings size: 1280.0 x 720.0
16:18:38.273 [JavaFX Application Thread] DEBUG PrimaryStageWindow   - Scaled scene size:    1280.0 x 720.0
16:18:38.273 [JavaFX Application Thread] DEBUG PrimaryStageWindow   - Scaled ratio: (1.0, 1.0)
16:18:38.274 [JavaFX Application Thread] DEBUG PrimaryStageWindow   - Set initial scene to FXGLStartupScene
16:18:38.279 [JavaFX Application Thread] DEBUG PrimaryStageWindow   - Opening main window
16:18:38.396 [JavaFX Application Thread] DEBUG PrimaryStageWindow   - Window border size: (14.6666259765625, 37.33331298828125)
16:18:38.396 [JavaFX Application Thread] DEBUG PrimaryStageWindow   - Scaled size: 1280.0 x 720.0
16:18:38.396 [JavaFX Application Thread] DEBUG PrimaryStageWindow   - Scaled ratio: (1.0, 1.0)
16:18:38.397 [JavaFX Application Thread] DEBUG PrimaryStageWindow   - Scene size: 1280.0 x 720.0
16:18:38.397 [JavaFX Application Thread] DEBUG PrimaryStageWindow   - Stage size: 1294.6666259765625 x 757.3333129882812
16:18:38.411 [FXGL Background Thread 1 ] DEBUG Engine               - Initializing environment variables
16:18:38.526 [FXGL Background Thread 1 ] DEBUG FXGLAssetLoaderServi - User app class for loading assets: class org.group1.GamePackage.Application
16:18:38.526 [FXGL Background Thread 1 ] DEBUG GameApplicationServi - Applying CSS: fxgl_dark.css
16:18:38.527 [FXGL Background Thread 1 ] DEBUG FXGLAssetLoaderServi - Loading from file system: jar:file:///C:/Users/ryles/.m2/repository/com/github/almasb/fxgl/25/fxgl-25.jar!/fxglassets/ui/css/fxgl_dark.css
16:18:38.592 [FXGL Background Thread 1 ] DEBUG GameApplicationServi - Initializing application scenes
16:18:38.601 [FXGL Background Thread 1 ] DEBUG FXGLAssetLoaderServi - Loading from file system: file:/C:/Users/ryles/Downloads/ComProg_Project/target/classes/assets/textures/background.png
16:18:38.794 [FXGL Background Thread 1 ] DEBUG FXGLAssetLoaderServi - Loading from file system: file:/C:/Users/ryles/Downloads/ComProg_Project/target/classes/assets/textures/background_stars1.png
16:18:38.887 [FXGL Background Thread 1 ] DEBUG FXGLAssetLoaderServi - Loading from file system: file:/C:/Users/ryles/Downloads/ComProg_Project/target/classes/assets/textures/background_stars2.png
16:18:38.963 [FXGL Background Thread 1 ] DEBUG FXGLAssetLoaderServi - Loading from file system: file:/C:/Users/ryles/Downloads/ComProg_Project/target/classes/assets/textures/background_stars3.png
16:18:39.071 [FXGL Background Thread 1 ] DEBUG FXGLAssetLoaderServi - Loading from file system: file:/C:/Users/ryles/Downloads/ComProg_Project/target/classes/assets/textures/background_cloud1.png
16:18:39.088 [FXGL Background Thread 1 ] DEBUG FXGLAssetLoaderServi - Loading from file system: file:/C:/Users/ryles/Downloads/ComProg_Project/target/classes/assets/textures/background_cloud2.png
16:18:39.111 [FXGL Background Thread 1 ] DEBUG FXGLAssetLoaderServi - Loading from file system: file:/C:/Users/ryles/Downloads/ComProg_Project/target/classes/assets/textures/background_mist1.png
16:18:39.130 [FXGL Background Thread 1 ] DEBUG FXGLAssetLoaderServi - Loading from file system: file:/C:/Users/ryles/Downloads/ComProg_Project/target/classes/assets/textures/background_hills.png
16:18:39.166 [FXGL Background Thread 1 ] DEBUG FXGLAssetLoaderServi - Loading from file system: file:/C:/Users/ryles/Downloads/ComProg_Project/target/classes/assets/textures/background_forest.png
16:18:39.188 [FXGL Background Thread 1 ] DEBUG FXGLAssetLoaderServi - Loading from file system: file:/C:/Users/ryles/Downloads/ComProg_Project/target/classes/assets/textures/background_large_forest.png
16:18:39.287 [FXGL Background Thread 1 ] DEBUG GameWorld            - Game world initialized
16:18:39.350 [FXGL Background Thread 1 ] DEBUG PhysicsWorld         - Physics world initialized: appHeight=720, physics.ppm=50.0
16:18:39.351 [FXGL Background Thread 1 ] DEBUG PhysicsWorld         - Using strategy: BRUTE_FORCE
16:18:39.357 [FXGL Background Thread 1 ] DEBUG GameScene            - Game scene initialized: 1280x720
16:18:39.519 [FXGL Background Thread 1 ] DEBUG GameApplicationServi - Application scenes initialized
16:18:39.531 [FXGL Background Thread 1 ] DEBUG SystemBundleService  - Loading FXGL system data
16:18:39.536 [FXGL Background Thread 1 ] DEBUG FileSystemAccess     - Reading from: C:\Users\ryles\Downloads\ComProg_Project\system\fxgl.bundle
16:18:39.542 [FXGL Background Thread 1 ] DEBUG SystemBundleService  - Bundle FXGL: {}
16:18:39.542 [FXGL Background Thread 1 ] DEBUG UpdaterService       - Checking for updates
16:18:39.550 [FXGL Background Thread 1 ] DEBUG FXGLApplication      - Loading default localization
16:18:39.552 [FXGL Background Thread 4 ] DEBUG FXGLApplication      - Loading fonts
16:18:39.552 [FXGL Background Thread 1 ] DEBUG FXGLAssetLoaderServi - Loading from file system: jar:file:///C:/Users/ryles/.m2/repository/com/github/almasb/fxgl/25/fxgl-25.jar!/fxglassets/languages/english.lang
16:18:39.553 [FXGL Background Thread 4 ] DEBUG FXGLAssetLoaderServi - Loading from file system: jar:file:///C:/Users/ryles/.m2/repository/com/github/almasb/fxgl/25/fxgl-25.jar!/fxglassets/ui/fonts/VarelaRound-Regular.ttf
16:18:39.571 [FXGL Background Thread 1 ] INFO  FXGLApplication      - FXGL initialization took: 1.160 sec
16:18:39.596 [JavaFX Application Thread] DEBUG Input                - Registered new binding: Move left - A
16:18:39.596 [JavaFX Application Thread] DEBUG Input                - Registered new binding: Move right - D
16:18:39.596 [JavaFX Application Thread] DEBUG Input                - Registered new binding: Move down - S
16:18:39.596 [JavaFX Application Thread] DEBUG Input                - Registered new binding: Move up - W
16:18:39.597 [JavaFX Application Thread] DEBUG Input                - Registered new binding: Shoot - Space
16:18:39.597 [JavaFX Application Thread] DEBUG Input                - Registered new binding: Switch to Fire Bullet - Q
16:18:39.598 [JavaFX Application Thread] DEBUG Input                - Registered new binding: Switch to Ice Bullet - E
16:18:39.598 [JavaFX Application Thread] DEBUG FXGLAssetLoaderServi - Loading from file system: jar:file:///C:/Users/ryles/.m2/repository/com/github/almasb/fxgl/25/fxgl-25.jar!/fxglassets/textures/fxgl_icon.png
16:18:39.608 [FXGL Background Thread 4 ] DEBUG FXGLAssetLoaderServi - Loading from file system: jar:file:///C:/Users/ryles/.m2/repository/com/github/almasb/fxgl/25/fxgl-25.jar!/fxglassets/ui/fonts/Abel-Regular.ttf
16:18:39.614 [FXGL Background Thread 4 ] DEBUG FXGLAssetLoaderServi - Loading from file system: jar:file:///C:/Users/ryles/.m2/repository/com/github/almasb/fxgl/25/fxgl-25.jar!/fxglassets/ui/fonts/TerminalLandMono-Regular.otf
16:18:39.626 [FXGL Background Thread 4 ] DEBUG FXGLAssetLoaderServi - Loading from file system: jar:file:///C:/Users/ryles/.m2/repository/com/github/almasb/fxgl/25/fxgl-25.jar!/fxglassets/ui/fonts/Courier-Prime.ttf
16:18:39.629 [JavaFX Application Thread] DEBUG FXGLAssetLoaderServi - Loading from file system: jar:file:///C:/Users/ryles/.m2/repository/com/github/almasb/fxgl/25/fxgl-25.jar!/fxglassets/textures/fxgl_default_cursor.png
16:18:39.633 [JavaFX Application Thread] DEBUG Input                - Registered new binding: Screenshot - CTRL+8
16:18:39.633 [JavaFX Application Thread] DEBUG Input                - Registered new binding: System info dump - CTRL+9
16:18:39.634 [JavaFX Application Thread] DEBUG Input                - Registered new binding: Restart - CTRL+R
16:18:39.635 [JavaFX Application Thread] DEBUG Input                - Registered new binding: Toggle Debug Camera - CTRL+7
16:18:39.639 [JavaFX Application Thread] DEBUG LoopRunner           - Starting loop
16:18:39.640 [JavaFX Application Thread] DEBUG LoopRunner           - Initializing JavaFX AnimationTimerLoop
16:18:39.644 [JavaFX Application Thread] DEBUG Input                - Clearing active input actions
16:18:39.658 [JavaFX Application Thread] DEBUG GameApplicationServi - Removing overlay from FXGLStartupScene and adding to FXGLMainMenuDummyScene
16:18:39.659 [JavaFX Application Thread] DEBUG PrimaryStageWindow   - FXGLStartupScene -> FXGLMainMenuDummyScene
16:18:39.659 [JavaFX Application Thread] DEBUG PrimaryStageWindow   - Push state: MenuInterface
16:18:39.660 [JavaFX Application Thread] DEBUG Input                - Clearing active input actions
16:18:39.675 [JavaFX Application Thread] DEBUG GameApplicationServi - Removing overlay from FXGLMainMenuDummyScene and adding to MenuInterface
16:18:39.675 [JavaFX Application Thread] DEBUG PrimaryStageWindow   - FXGLMainMenuDummyScene -> MenuInterface
16:18:39.956 [JavaFX Application Thread] DEBUG FXGLApplication      - Registering font factories with UI factory
16:18:40.820 [JavaFX Application Thread] DEBUG GameApplicationServi - Starting new game
16:18:40.820 [JavaFX Application Thread] DEBUG PrimaryStageWindow   - Pop state: MenuInterface
16:18:40.820 [JavaFX Application Thread] DEBUG Input                - Clearing active input actions
16:18:40.821 [JavaFX Application Thread] DEBUG GameApplicationServi - Removing overlay from MenuInterface and adding to FXGLMainMenuDummyScene
16:18:40.822 [JavaFX Application Thread] DEBUG PrimaryStageWindow   - FXGLMainMenuDummyScene <- MenuInterface
16:18:40.822 [JavaFX Application Thread] DEBUG Input                - Clearing active input actions
16:18:40.830 [JavaFX Application Thread] DEBUG GameApplicationServi - Removing overlay from FXGLMainMenuDummyScene and adding to LoadingInterface
16:18:40.830 [JavaFX Application Thread] DEBUG PrimaryStageWindow   - FXGLMainMenuDummyScene -> LoadingInterface
16:18:40.830 [JavaFX Application Thread] DEBUG GameApplicationServi - Clearing previous game
16:18:40.831 [JavaFX Application Thread] DEBUG GameScene            - Clearing game scene
16:18:40.831 [JavaFX Application Thread] DEBUG GameWorld            - Clearing game world
16:18:40.831 [JavaFX Application Thread] DEBUG PhysicsWorld         - Clearing physics world
16:18:40.832 [FXGL Background Thread 2 ] DEBUG FXGLApplication      - Initializing game
16:18:40.880 [FXGL Background Thread 2 ] DEBUG FXGLAssetLoaderServi - Loading from file system: file:/C:/Users/ryles/Downloads/ComProg_Project/target/classes/assets/textures/idle_sprite.png
16:18:40.910 [FXGL Background Thread 2 ] DEBUG FXGLAssetLoaderServi - Loading from file system: file:/C:/Users/ryles/Downloads/ComProg_Project/target/classes/assets/textures/bullet_HUD_selection.png
16:18:40.923 [FXGL Background Thread 2 ] DEBUG FXGLAssetLoaderServi - Loading from file system: file:/C:/Users/ryles/Downloads/ComProg_Project/target/classes/assets/music/main_music.wav
16:18:41.097 [FXGL Background Thread 2 ] DEBUG AudioPlayer          - Playing music com.almasb.fxgl.audio.Music@68bb77cd
16:18:41.123 [FXGL Background Thread 2 ] DEBUG FXGLAssetLoaderServi - Loading from file system: file:/C:/Users/ryles/Downloads/ComProg_Project/target/classes/assets/textures/lives_09.png
16:18:41.133 [FXGL Background Thread 2 ] INFO  FXGLApplication      - Game initialization took: 0.300 sec
16:18:41.146 [JavaFX Application Thread] DEBUG Input                - Clearing active input actions
16:18:41.156 [JavaFX Application Thread] DEBUG GameApplicationServi - Removing overlay from LoadingInterface and adding to GameScene
16:18:41.157 [JavaFX Application Thread] DEBUG PrimaryStageWindow   - LoadingInterface -> GameScene
16:18:41.830 [JavaFX Application Thread] DEBUG FXGLAssetLoaderServi - Loading from file system: file:/C:/Users/ryles/Downloads/ComProg_Project/target/classes/assets/textures/bullet_sprite.png
16:18:41.941 [JavaFX Application Thread] DEBUG FXGLAssetLoaderServi - Loading from file system: file:/C:/Users/ryles/Downloads/ComProg_Project/target/classes/assets/textures/enemy_sprite.png
16:18:41.951 [JavaFX Application Thread] DEBUG FXGLAssetLoaderServi - Loading from file system: file:/C:/Users/ryles/Downloads/ComProg_Project/target/classes/assets/textures/explosion_sprite.png
16:18:42.547 [FXGL Background Thread 3 ] DEBUG Engine               - Logging environment variables
16:18:42.547 [FXGL Background Thread 3 ] DEBUG Engine               - achievements: []
16:18:42.547 [FXGL Background Thread 3 ] DEBUG Engine               - actualHeight: 720.0
16:18:42.547 [FXGL Background Thread 3 ] DEBUG Engine               - actualHeightProperty: ReadOnlyDoubleProperty [value: 720.0]
16:18:42.547 [FXGL Background Thread 3 ] DEBUG Engine               - actualWidth: 1280.0
16:18:42.547 [FXGL Background Thread 3 ] DEBUG Engine               - actualWidthProperty: ReadOnlyDoubleProperty [value: 1280.0]
16:18:42.547 [FXGL Background Thread 3 ] DEBUG Engine               - appIcon: fxgl_icon.png
16:18:42.547 [FXGL Background Thread 3 ] DEBUG Engine               - applicationMode: DEVELOPER
16:18:42.547 [FXGL Background Thread 3 ] DEBUG Engine               - cSSList: [fxgl_dark.css]
16:18:42.547 [FXGL Background Thread 3 ] DEBUG Engine               - collisionDetectionStrategy: BRUTE_FORCE
16:18:42.547 [FXGL Background Thread 3 ] DEBUG Engine               - configClass: Optional.empty
16:18:42.547 [FXGL Background Thread 3 ] DEBUG Engine               - credits: []
16:18:42.549 [FXGL Background Thread 3 ] DEBUG Engine               - defaultCursor: CursorInfo(imageName=fxgl_default_cursor.png, hotspotX=7.0, hotspotY=6.0)
16:18:42.549 [FXGL Background Thread 3 ] DEBUG Engine               - devBBoxColorProperty: ObjectProperty [value: 0xff0000ff]
16:18:42.549 [FXGL Background Thread 3 ] DEBUG Engine               - devEnableDebugCameraProperty: BooleanProperty [value: false]
16:18:42.549 [FXGL Background Thread 3 ] DEBUG Engine               - devSensorColorProperty: ObjectProperty [value: 0xffff00ff]
16:18:42.549 [FXGL Background Thread 3 ] DEBUG Engine               - devShowBBoxProperty: BooleanProperty [value: false]
16:18:42.549 [FXGL Background Thread 3 ] DEBUG Engine               - devShowPositionProperty: BooleanProperty [value: false]
16:18:42.549 [FXGL Background Thread 3 ] DEBUG Engine               - enabledMenuItems: []
16:18:42.549 [FXGL Background Thread 3 ] DEBUG Engine               - engineServices: [class com.almasb.fxgl.app.services.FXGLAssetLoaderService, class com.almasb.fxgl.app.FXGLApplication$GameApplicationService, class com.almasb.fxgl.app.services.FXGLDialogService, class com.almasb.fxgl.app.services.IOTaskExecutorService, class com.almasb.fxgl.io.FileSystemService, class com.almasb.fxgl.localization.LocalizationService, class com.almasb.fxgl.app.services.SystemBundleService, class com.almasb.fxgl.profile.SaveLoadService, class com.almasb.fxgl.ui.FXGLUIFactoryServiceProvider, class com.almasb.fxgl.ui.FXGLDialogFactoryServiceProvider, class com.almasb.fxgl.audio.AudioPlayer, class com.almasb.fxgl.notification.impl.NotificationServiceProvider, class com.almasb.fxgl.achievement.AchievementService, class com.almasb.fxgl.cutscene.CutsceneService, class com.almasb.fxgl.minigames.MiniGameService, class com.almasb.fxgl.net.NetService, class com.almasb.fxgl.app.services.UpdaterService, class com.almasb.fxgl.dev.DevService]
16:18:42.549 [FXGL Background Thread 3 ] DEBUG Engine               - fontGame: Abel-Regular.ttf
16:18:42.549 [FXGL Background Thread 3 ] DEBUG Engine               - fontMono: TerminalLandMono-Regular.otf
16:18:42.549 [FXGL Background Thread 3 ] DEBUG Engine               - fontSizeScaleUI: 1.0
16:18:42.549 [FXGL Background Thread 3 ] DEBUG Engine               - fontText: Courier-Prime.ttf
16:18:42.549 [FXGL Background Thread 3 ] DEBUG Engine               - fontUI: VarelaRound-Regular.ttf
16:18:42.550 [FXGL Background Thread 3 ] DEBUG Engine               - fpsRefreshRate: 500.0 ms
16:18:42.550 [FXGL Background Thread 3 ] DEBUG Engine               - fullScreen: BooleanProperty [value: false]
16:18:42.550 [FXGL Background Thread 3 ] DEBUG Engine               - gameDifficulty: MEDIUM
16:18:42.550 [FXGL Background Thread 3 ] DEBUG Engine               - gameDifficultyProperty: ObjectProperty [value: MEDIUM]
16:18:42.550 [FXGL Background Thread 3 ] DEBUG Engine               - globalMusicVolume: 0.5
16:18:42.550 [FXGL Background Thread 3 ] DEBUG Engine               - globalMusicVolumeProperty: DoubleProperty [value: 0.5]
16:18:42.550 [FXGL Background Thread 3 ] DEBUG Engine               - globalSoundVolume: 0.5
16:18:42.550 [FXGL Background Thread 3 ] DEBUG Engine               - globalSoundVolumeProperty: DoubleProperty [value: 0.5]
16:18:42.550 [FXGL Background Thread 3 ] DEBUG Engine               - height: 720
16:18:42.550 [FXGL Background Thread 3 ] DEBUG Engine               - is3D: false
16:18:42.550 [FXGL Background Thread 3 ] DEBUG Engine               - isAndroid: false
16:18:42.550 [FXGL Background Thread 3 ] DEBUG Engine               - isBrowser: false
16:18:42.550 [FXGL Background Thread 3 ] DEBUG Engine               - isClickFeedbackEnabled: false
16:18:42.550 [FXGL Background Thread 3 ] DEBUG Engine               - isCloseConfirmation: false
16:18:42.550 [FXGL Background Thread 3 ] DEBUG Engine               - isDesktop: true
16:18:42.550 [FXGL Background Thread 3 ] DEBUG Engine               - isDeveloperMenuEnabled: false
16:18:42.550 [FXGL Background Thread 3 ] DEBUG Engine               - isEmbedded: false
16:18:42.550 [FXGL Background Thread 3 ] DEBUG Engine               - isEntityPreloadEnabled: true
16:18:42.551 [FXGL Background Thread 3 ] DEBUG Engine               - isExperimentalTiledLargeMap: false
16:18:42.551 [FXGL Background Thread 3 ] DEBUG Engine               - isFileSystemWriteAllowed: true
16:18:42.551 [FXGL Background Thread 3 ] DEBUG Engine               - isFullScreenAllowed: false
16:18:42.551 [FXGL Background Thread 3 ] DEBUG Engine               - isFullScreenFromStart: false
16:18:42.551 [FXGL Background Thread 3 ] DEBUG Engine               - isGameMenuEnabled: true
16:18:42.551 [FXGL Background Thread 3 ] DEBUG Engine               - isIOS: false
16:18:42.551 [FXGL Background Thread 3 ] DEBUG Engine               - isIntroEnabled: false
16:18:42.551 [FXGL Background Thread 3 ] DEBUG Engine               - isLinux: false
16:18:42.551 [FXGL Background Thread 3 ] DEBUG Engine               - isMac: false
16:18:42.551 [FXGL Background Thread 3 ] DEBUG Engine               - isMainMenuEnabled: true
16:18:42.551 [FXGL Background Thread 3 ] DEBUG Engine               - isManualResizeEnabled: false
16:18:42.551 [FXGL Background Thread 3 ] DEBUG Engine               - isMobile: false
16:18:42.551 [FXGL Background Thread 3 ] DEBUG Engine               - isNative: false
16:18:42.551 [FXGL Background Thread 3 ] DEBUG Engine               - isPauseMusicWhenMinimized: true
16:18:42.551 [FXGL Background Thread 3 ] DEBUG Engine               - isPreserveResizeRatio: false
16:18:42.551 [FXGL Background Thread 3 ] DEBUG Engine               - isProfilingEnabled: false
16:18:42.551 [FXGL Background Thread 3 ] DEBUG Engine               - isScaleAffectedOnResize: true
16:18:42.551 [FXGL Background Thread 3 ] DEBUG Engine               - isSingleStep: false
16:18:42.551 [FXGL Background Thread 3 ] DEBUG Engine               - isUserProfileEnabled: false
16:18:42.551 [FXGL Background Thread 3 ] DEBUG Engine               - isWindows: true
16:18:42.551 [FXGL Background Thread 3 ] DEBUG Engine               - language: ObjectProperty [value: ENGLISH]
16:18:42.551 [FXGL Background Thread 3 ] DEBUG Engine               - menuKey: ESCAPE
16:18:42.551 [FXGL Background Thread 3 ] DEBUG Engine               - mouseSensitivity: 0.2
16:18:42.551 [FXGL Background Thread 3 ] DEBUG Engine               - notificationViewClass: class com.almasb.fxgl.notification.view.XboxNotificationView
16:18:42.551 [FXGL Background Thread 3 ] DEBUG Engine               - pixelsPerMeter: 50.0
16:18:42.551 [FXGL Background Thread 3 ] DEBUG Engine               - platform: WINDOWS
16:18:42.551 [FXGL Background Thread 3 ] DEBUG Engine               - prefHeightProperty: ReadOnlyDoubleProperty [value: 720.0]
16:18:42.552 [FXGL Background Thread 3 ] DEBUG Engine               - prefWidthProperty: ReadOnlyDoubleProperty [value: 1280.0]
16:18:42.552 [FXGL Background Thread 3 ] DEBUG Engine               - profileDir: profiles/
16:18:42.552 [FXGL Background Thread 3 ] DEBUG Engine               - profileName: StringProperty [value: DEFAULT]
16:18:42.552 [FXGL Background Thread 3 ] DEBUG Engine               - randomSeed: -1
16:18:42.552 [FXGL Background Thread 3 ] DEBUG Engine               - runtimeInfo: RuntimeInfo(platform=WINDOWS, version=25, build=05.02.2026 22.57)
16:18:42.552 [FXGL Background Thread 3 ] DEBUG Engine               - saveFileExt: sav
16:18:42.552 [FXGL Background Thread 3 ] DEBUG Engine               - scaledHeightProp$fxgl: DoubleProperty [bound, value: 720.0]
16:18:42.552 [FXGL Background Thread 3 ] DEBUG Engine               - scaledWidthProp$fxgl: DoubleProperty [bound, value: 1280.0]
16:18:42.552 [FXGL Background Thread 3 ] DEBUG Engine               - sceneFactory: org.group1.GamePackage.Factory.MainSceneFactory@5f9381a7
16:18:42.552 [FXGL Background Thread 3 ] DEBUG Engine               - secondsIn24h: 60
16:18:42.552 [FXGL Background Thread 3 ] DEBUG Engine               - soundMenuBack: menu/back.wav
16:18:42.552 [FXGL Background Thread 3 ] DEBUG Engine               - soundMenuPress: menu/press.wav
16:18:42.552 [FXGL Background Thread 3 ] DEBUG Engine               - soundMenuSelect: menu/select.wav
16:18:42.552 [FXGL Background Thread 3 ] DEBUG Engine               - soundNotification: core/notification.wav
16:18:42.553 [FXGL Background Thread 3 ] DEBUG Engine               - stageStyle: DECORATED
16:18:42.553 [FXGL Background Thread 3 ] DEBUG Engine               - supportedLanguages: [ENGLISH, FRENCH, GERMAN, HUNGARIAN, RUSSIAN]
16:18:42.553 [FXGL Background Thread 3 ] DEBUG Engine               - ticksPerSecond: -1
16:18:42.553 [FXGL Background Thread 3 ] DEBUG Engine               - title: Untitled
16:18:42.553 [FXGL Background Thread 3 ] DEBUG Engine               - urlGithub: https://github.com/AlmasB/FXGL
16:18:42.553 [FXGL Background Thread 3 ] DEBUG Engine               - urlLeaderboard: http://fxgl-top.herokuapp.com/
16:18:42.553 [FXGL Background Thread 3 ] DEBUG Engine               - urlPOM: https://raw.githubusercontent.com/AlmasB/FXGL/release/README.md
16:18:42.553 [FXGL Background Thread 3 ] DEBUG Engine               - userAppClass: class org.group1.GamePackage.Application
16:18:42.553 [FXGL Background Thread 3 ] DEBUG Engine               - version: 0.0
16:18:42.553 [FXGL Background Thread 3 ] DEBUG Engine               - versionCheckDays: 7
16:18:42.553 [FXGL Background Thread 3 ] DEBUG Engine               - width: 1280
16:18:42.553 [FXGL Background Thread 3 ] DEBUG Engine               - Logging services
16:18:42.553 [FXGL Background Thread 3 ] DEBUG Engine               - class com.almasb.fxgl.app.services.FXGLAssetLoaderService
16:18:42.553 [FXGL Background Thread 3 ] DEBUG Engine               - class com.almasb.fxgl.app.FXGLApplication$GameApplicationService
16:18:42.553 [FXGL Background Thread 3 ] DEBUG Engine               - class com.almasb.fxgl.app.services.FXGLDialogService
16:18:42.553 [FXGL Background Thread 3 ] DEBUG Engine               - class com.almasb.fxgl.app.services.IOTaskExecutorService
16:18:42.553 [FXGL Background Thread 3 ] DEBUG Engine               - class com.almasb.fxgl.io.FileSystemService
16:18:42.553 [FXGL Background Thread 3 ] DEBUG Engine               - class com.almasb.fxgl.localization.LocalizationService
16:18:42.553 [FXGL Background Thread 3 ] DEBUG Engine               - class com.almasb.fxgl.app.services.SystemBundleService
16:18:42.553 [FXGL Background Thread 3 ] DEBUG Engine               - class com.almasb.fxgl.profile.SaveLoadService
16:18:42.553 [FXGL Background Thread 3 ] DEBUG Engine               - class com.almasb.fxgl.ui.FXGLUIFactoryServiceProvider
16:18:42.553 [FXGL Background Thread 3 ] DEBUG Engine               - class com.almasb.fxgl.ui.FXGLDialogFactoryServiceProvider
16:18:42.553 [FXGL Background Thread 3 ] DEBUG Engine               - class com.almasb.fxgl.audio.AudioPlayer
16:18:42.553 [FXGL Background Thread 3 ] DEBUG Engine               - class com.almasb.fxgl.notification.impl.NotificationServiceProvider
16:18:42.554 [FXGL Background Thread 3 ] DEBUG Engine               - class com.almasb.fxgl.achievement.AchievementService
16:18:42.554 [FXGL Background Thread 3 ] DEBUG Engine               - class com.almasb.fxgl.cutscene.CutsceneService
16:18:42.554 [FXGL Background Thread 3 ] DEBUG Engine               - class com.almasb.fxgl.minigames.MiniGameService
16:18:42.554 [FXGL Background Thread 3 ] DEBUG Engine               - class com.almasb.fxgl.net.NetService
16:18:42.554 [FXGL Background Thread 3 ] DEBUG Engine               - class com.almasb.fxgl.app.services.UpdaterService
16:18:42.554 [FXGL Background Thread 3 ] DEBUG Engine               - class com.almasb.fxgl.dev.DevService
16:18:43.044 [JavaFX Application Thread] DEBUG FXGLAssetLoaderServi - Loading from file system: file:/C:/Users/ryles/Downloads/ComProg_Project/target/classes/assets/sounds/death_sound.wav
16:18:43.110 [JavaFX Application Thread] DEBUG FXGLAssetLoaderServi - Loading from file system: file:/C:/Users/ryles/Downloads/ComProg_Project/target/classes/assets/textures/fire_potion_sprite.png
16:18:45.013 [JavaFX Application Thread] DEBUG FXGLAssetLoaderServi - Loading from file system: file:/C:/Users/ryles/Downloads/ComProg_Project/target/classes/assets/sounds/potion_drink.wav
16:18:45.744 [JavaFX Application Thread] DEBUG FXGLAssetLoaderServi - Loading from file system: file:/C:/Users/ryles/Downloads/ComProg_Project/target/classes/assets/textures/boost_sprite.png
16:18:45.747 [JavaFX Application Thread] DEBUG FXGLAssetLoaderServi - Loading from file system: file:/C:/Users/ryles/Downloads/ComProg_Project/target/classes/assets/textures/boost_explode.png
16:18:47.364 [JavaFX Application Thread] DEBUG FXGLAssetLoaderServi - Loading from file system: file:/C:/Users/ryles/Downloads/ComProg_Project/target/classes/assets/textures/ice_potion_sprite.png
16:18:47.473 [JavaFX Application Thread] DEBUG FXGLAssetLoaderServi - Loading from file system: file:/C:/Users/ryles/Downloads/ComProg_Project/target/classes/assets/sounds/boost.wav
16:18:51.157 [JavaFX Application Thread] DEBUG FXGLAssetLoaderServi - Loading from file system: file:/C:/Users/ryles/Downloads/ComProg_Project/target/classes/assets/textures/boss_idle_sprite.png
16:18:51.182 [JavaFX Application Thread] DEBUG FXGLAssetLoaderServi - Loading from file system: file:/C:/Users/ryles/Downloads/ComProg_Project/target/classes/assets/textures/boss_charging_sprite.png
16:18:51.230 [JavaFX Application Thread] DEBUG FXGLAssetLoaderServi - Loading from file system: file:/C:/Users/ryles/Downloads/ComProg_Project/target/classes/assets/textures/boss_recovering_sprite.png
16:18:51.253 [JavaFX Application Thread] DEBUG FXGLAssetLoaderServi - Loading from file system: file:/C:/Users/ryles/Downloads/ComProg_Project/target/classes/assets/textures/boss_death.png
16:18:51.303 [JavaFX Application Thread] DEBUG FXGLAssetLoaderServi - Loading from file system: file:/C:/Users/ryles/Downloads/ComProg_Project/target/classes/assets/textures/heart_sprite.png
16:18:51.312 [JavaFX Application Thread] DEBUG FXGLAssetLoaderServi - Loading from file system: file:/C:/Users/ryles/Downloads/ComProg_Project/target/classes/assets/textures/heart_explode_sprite.png
16:18:54.005 [JavaFX Application Thread] DEBUG FXGLAssetLoaderServi - Loading from file system: file:/C:/Users/ryles/Downloads/ComProg_Project/target/classes/assets/sounds/heart_gain.wav
16:18:54.324 [JavaFX Application Thread] DEBUG FXGLAssetLoaderServi - Loading from file system: file:/C:/Users/ryles/Downloads/ComProg_Project/target/classes/assets/textures/laser_sprite.png
16:19:36.359 [JavaFX Application Thread] DEBUG FXGLApplication      - Exiting FXGL
16:19:36.359 [JavaFX Application Thread] DEBUG LoopRunner           - Stopping loop
16:19:36.359 [JavaFX Application Thread] DEBUG SystemBundleService  - Saving FXGL system data
16:19:36.363 [JavaFX Application Thread] DEBUG FileSystemAccess     - Writing to: C:\Users\ryles\Downloads\ComProg_Project\system\fxgl.bundle
16:19:36.366 [JavaFX Application Thread] DEBUG Async                - Shutting down background threads
16:19:36.367 [JavaFX Application Thread] DEBUG PrimaryStageWindow   - Closing main window
16:19:36.388 [JavaFX Application Thread] DEBUG Logger               - Closing Logger
