23:58:57.550 [main                     ] DEBUG Logger               - Configured Logger
23:58:57.556 [main                     ] DEBUG GameApplication      - Logging settings
Title: Untitled
Version: 0.0
Width: 1280
Height: 720
Fullscreen: false
Intro: false
Profiling: false
Single step:false
App Mode: DEVELOPER
Menu Key: ESCAPE
Stage Style: DECORATED
Scene Factory: class com.almasb.fxgl.app.scene.SceneFactory

23:58:57.747 [JavaFX Application Thread] DEBUG FXGLApplication      - Initializing FXGL
23:58:57.750 [JavaFX Application Thread] INFO  Engine               - FXGL-25 (05.02.2026 22.57) on LINUX (J:25.0.2 FX:21.0.6)
23:58:57.751 [JavaFX Application Thread] DEBUG Engine               - JRE Vendor Name: Arch Linux
23:58:57.751 [JavaFX Application Thread] DEBUG Engine               - Running on OS: Linux version 6.19.9-arch1-1
23:58:57.751 [JavaFX Application Thread] DEBUG Engine               - Architecture: amd64
23:58:57.751 [JavaFX Application Thread] INFO  Engine               - Source code and latest versions at: https://github.com/AlmasB/FXGL
23:58:57.751 [JavaFX Application Thread] INFO  Engine               -       Ask questions and discuss at: https://github.com/AlmasB/FXGL/discussions
23:58:57.819 [JavaFX Application Thread] DEBUG PrimaryStageWindow   - Creating a JavaFX scene
23:58:57.895 [JavaFX Application Thread] DEBUG PrimaryStageWindow   - Target settings size: 1280.0 x 720.0
23:58:57.895 [JavaFX Application Thread] DEBUG PrimaryStageWindow   - Scaled scene size:    1280.0 x 720.0
23:58:57.896 [JavaFX Application Thread] DEBUG PrimaryStageWindow   - Scaled ratio: (1.0, 1.0)
23:58:57.896 [JavaFX Application Thread] DEBUG PrimaryStageWindow   - Set initial scene to FXGLStartupScene
23:58:57.900 [JavaFX Application Thread] DEBUG PrimaryStageWindow   - Opening main window
23:58:57.967 [JavaFX Application Thread] DEBUG PrimaryStageWindow   - Window border size: (0.0, 35.0)
23:58:57.968 [JavaFX Application Thread] DEBUG PrimaryStageWindow   - Scaled size: 1280.0 x 685.0
23:58:57.968 [JavaFX Application Thread] DEBUG PrimaryStageWindow   - Scaled ratio: (1.0, 0.9513888888888888)
23:58:57.968 [JavaFX Application Thread] DEBUG PrimaryStageWindow   - Scene size: 1280.0 x 720.0
23:58:57.968 [JavaFX Application Thread] DEBUG PrimaryStageWindow   - Stage size: 1280.0 x 720.0
23:58:57.973 [FXGL Background Thread 1 ] DEBUG Engine               - Initializing environment variables
23:58:58.036 [FXGL Background Thread 1 ] DEBUG FXGLAssetLoaderServi - User app class for loading assets: class org.group1.GamePackage.Application
23:58:58.036 [FXGL Background Thread 1 ] DEBUG GameApplicationServi - Applying CSS: fxgl_dark.css
23:58:58.037 [FXGL Background Thread 1 ] DEBUG FXGLAssetLoaderServi - Loading from file system: jar:file:///home/me/.m2/repository/com/github/almasb/fxgl/25/fxgl-25.jar!/fxglassets/ui/css/fxgl_dark.css
23:58:58.079 [FXGL Background Thread 1 ] DEBUG GameApplicationServi - Initializing application scenes
23:58:58.121 [FXGL Background Thread 1 ] DEBUG GameWorld            - Game world initialized
23:58:58.172 [FXGL Background Thread 1 ] DEBUG PhysicsWorld         - Physics world initialized: appHeight=720, physics.ppm=50.0
23:58:58.172 [FXGL Background Thread 1 ] DEBUG PhysicsWorld         - Using strategy: BRUTE_FORCE
23:58:58.176 [FXGL Background Thread 1 ] DEBUG GameScene            - Game scene initialized: 1280x720
23:58:58.188 [FXGL Background Thread 1 ] DEBUG FXGL.DefaultMenu     - createMenuBodyGameMenu()
23:58:58.199 [FXGL Background Thread 1 ] DEBUG FXGL.DefaultMenu     - createOptionsMenu()
23:58:58.209 [FXGL Background Thread 1 ] DEBUG FXGLAssetLoaderServi - Loading from file system: jar:file:///home/me/.m2/repository/com/github/almasb/fxgl/25/fxgl-25.jar!/fxglassets/textures/particles/smoke.png
23:58:58.295 [FXGL Background Thread 1 ] DEBUG FXGLAssetLoaderServi - Loading from file system: jar:file:///home/me/.m2/repository/com/github/almasb/fxgl/25/fxgl-25.jar!/fxglassets/textures/particles/trace_horizontal.png
23:58:58.330 [FXGL Background Thread 1 ] DEBUG GameApplicationServi - Application scenes initialized
23:58:58.343 [FXGL Background Thread 1 ] DEBUG SystemBundleService  - Loading FXGL system data
23:58:58.347 [FXGL Background Thread 1 ] DEBUG FileSystemAccess     - Reading from: /home/me/ComProg_Project/system/fxgl.bundle
23:58:58.354 [FXGL Background Thread 1 ] DEBUG SystemBundleService  - Bundle FXGL: {}
23:58:58.354 [FXGL Background Thread 1 ] DEBUG UpdaterService       - Checking for updates
23:58:58.358 [FXGL Background Thread 4 ] DEBUG FXGLApplication      - Loading fonts
23:58:58.358 [FXGL Background Thread 4 ] DEBUG FXGLAssetLoaderServi - Loading from file system: jar:file:///home/me/.m2/repository/com/github/almasb/fxgl/25/fxgl-25.jar!/fxglassets/ui/fonts/VarelaRound-Regular.ttf
23:58:58.359 [FXGL Background Thread 1 ] DEBUG FXGLApplication      - Loading default localization
23:58:58.359 [FXGL Background Thread 1 ] DEBUG FXGLAssetLoaderServi - Loading from file system: jar:file:///home/me/.m2/repository/com/github/almasb/fxgl/25/fxgl-25.jar!/fxglassets/languages/english.lang
23:58:58.365 [FXGL Background Thread 4 ] DEBUG FXGLAssetLoaderServi - Loading from file system: jar:file:///home/me/.m2/repository/com/github/almasb/fxgl/25/fxgl-25.jar!/fxglassets/ui/fonts/Abel-Regular.ttf
23:58:58.367 [FXGL Background Thread 4 ] DEBUG FXGLAssetLoaderServi - Loading from file system: jar:file:///home/me/.m2/repository/com/github/almasb/fxgl/25/fxgl-25.jar!/fxglassets/ui/fonts/TerminalLandMono-Regular.otf
23:58:58.369 [FXGL Background Thread 4 ] DEBUG FXGLAssetLoaderServi - Loading from file system: jar:file:///home/me/.m2/repository/com/github/almasb/fxgl/25/fxgl-25.jar!/fxglassets/ui/fonts/Courier-Prime.ttf
23:58:58.373 [FXGL Background Thread 1 ] INFO  FXGLApplication      - FXGL initialization took: 0.400 sec
23:58:58.374 [JavaFX Application Thread] DEBUG FXGLApplication      - Registering font factories with UI factory
23:58:58.384 [JavaFX Application Thread] DEBUG Input                - Registered new binding: Shoot - Space
23:58:58.384 [JavaFX Application Thread] DEBUG Input                - Registered new binding: Move up - W
23:58:58.384 [JavaFX Application Thread] DEBUG Input                - Registered new binding: Move down - S
23:58:58.385 [JavaFX Application Thread] DEBUG Input                - Registered new binding: Move left - A
23:58:58.385 [JavaFX Application Thread] DEBUG Input                - Registered new binding: Move right - D
23:58:58.385 [JavaFX Application Thread] DEBUG FXGLAssetLoaderServi - Loading from file system: jar:file:///home/me/.m2/repository/com/github/almasb/fxgl/25/fxgl-25.jar!/fxglassets/textures/fxgl_icon.png
23:58:58.406 [JavaFX Application Thread] DEBUG FXGLAssetLoaderServi - Loading from file system: jar:file:///home/me/.m2/repository/com/github/almasb/fxgl/25/fxgl-25.jar!/fxglassets/textures/fxgl_default_cursor.png
23:58:58.408 [JavaFX Application Thread] DEBUG Input                - Registered new binding: Screenshot - CTRL+8
23:58:58.408 [JavaFX Application Thread] DEBUG Input                - Registered new binding: System info dump - CTRL+9
23:58:58.409 [JavaFX Application Thread] DEBUG Input                - Registered new binding: Restart - CTRL+R
23:58:58.409 [JavaFX Application Thread] DEBUG Input                - Registered new binding: Toggle Debug Camera - CTRL+7
23:58:58.411 [JavaFX Application Thread] DEBUG LoopRunner           - Starting loop
23:58:58.411 [JavaFX Application Thread] DEBUG LoopRunner           - Initializing JavaFX AnimationTimerLoop
23:58:58.412 [JavaFX Application Thread] DEBUG GameApplicationServi - Starting new game
23:58:58.413 [JavaFX Application Thread] DEBUG Input                - Clearing active input actions
23:58:58.425 [JavaFX Application Thread] DEBUG GameApplicationServi - Removing overlay from FXGLStartupScene and adding to FXGLLoadingScene
23:58:58.425 [JavaFX Application Thread] DEBUG PrimaryStageWindow   - FXGLStartupScene -> FXGLLoadingScene
23:58:58.425 [JavaFX Application Thread] DEBUG GameApplicationServi - Clearing previous game
23:58:58.425 [JavaFX Application Thread] DEBUG GameScene            - Clearing game scene
23:58:58.425 [JavaFX Application Thread] DEBUG GameWorld            - Clearing game world
23:58:58.426 [JavaFX Application Thread] DEBUG PhysicsWorld         - Clearing physics world
23:58:58.427 [FXGL Background Thread 4 ] DEBUG FXGLApplication      - Initializing game
23:58:58.440 [FXGL Background Thread 4 ] DEBUG FXGLAssetLoaderServi - Loading from file system: file:/home/me/ComProg_Project/target/classes/assets/textures/idle_sprite.png
23:58:58.450 [FXGL Background Thread 4 ] DEBUG FXGLAssetLoaderServi - Loading from file system: file:/home/me/ComProg_Project/target/classes/assets/textures/down_sprite.png
23:58:58.457 [FXGL Background Thread 4 ] DEBUG FXGLAssetLoaderServi - Loading from file system: file:/home/me/ComProg_Project/target/classes/assets/textures/up_sprite.png
23:58:58.482 [FXGL Background Thread 4 ] INFO  FXGLApplication      - Game initialization took: 0.055 sec
23:58:58.553 [JavaFX Application Thread] DEBUG Input                - Clearing active input actions
23:58:58.565 [JavaFX Application Thread] DEBUG GameApplicationServi - Removing overlay from FXGLLoadingScene and adding to GameScene
23:58:58.565 [JavaFX Application Thread] DEBUG PrimaryStageWindow   - FXGLLoadingScene -> GameScene
23:59:01.357 [FXGL Background Thread 3 ] DEBUG Engine               - Logging environment variables
23:59:01.358 [FXGL Background Thread 3 ] DEBUG Engine               - achievements: []
23:59:01.359 [FXGL Background Thread 3 ] DEBUG Engine               - actualHeight: 685.0
23:59:01.359 [FXGL Background Thread 3 ] DEBUG Engine               - actualHeightProperty: ReadOnlyDoubleProperty [value: 685.0]
23:59:01.360 [FXGL Background Thread 3 ] DEBUG Engine               - actualWidth: 1280.0
23:59:01.360 [FXGL Background Thread 3 ] DEBUG Engine               - actualWidthProperty: ReadOnlyDoubleProperty [value: 1280.0]
23:59:01.360 [FXGL Background Thread 3 ] DEBUG Engine               - appIcon: fxgl_icon.png
23:59:01.361 [FXGL Background Thread 3 ] DEBUG Engine               - applicationMode: DEVELOPER
23:59:01.361 [FXGL Background Thread 3 ] DEBUG Engine               - cSSList: [fxgl_dark.css]
23:59:01.361 [FXGL Background Thread 3 ] DEBUG Engine               - collisionDetectionStrategy: BRUTE_FORCE
23:59:01.361 [FXGL Background Thread 3 ] DEBUG Engine               - configClass: Optional.empty
23:59:01.362 [FXGL Background Thread 3 ] DEBUG Engine               - credits: []
23:59:01.363 [FXGL Background Thread 3 ] DEBUG Engine               - defaultCursor: CursorInfo(imageName=fxgl_default_cursor.png, hotspotX=7.0, hotspotY=6.0)
23:59:01.363 [FXGL Background Thread 3 ] DEBUG Engine               - devBBoxColorProperty: ObjectProperty [value: 0xff0000ff]
23:59:01.364 [FXGL Background Thread 3 ] DEBUG Engine               - devEnableDebugCameraProperty: BooleanProperty [value: false]
23:59:01.364 [FXGL Background Thread 3 ] DEBUG Engine               - devSensorColorProperty: ObjectProperty [value: 0xffff00ff]
23:59:01.364 [FXGL Background Thread 3 ] DEBUG Engine               - devShowBBoxProperty: BooleanProperty [value: false]
23:59:01.365 [FXGL Background Thread 3 ] DEBUG Engine               - devShowPositionProperty: BooleanProperty [value: false]
23:59:01.365 [FXGL Background Thread 3 ] DEBUG Engine               - enabledMenuItems: []
23:59:01.365 [FXGL Background Thread 3 ] DEBUG Engine               - engineServices: [class com.almasb.fxgl.app.services.FXGLAssetLoaderService, class com.almasb.fxgl.app.FXGLApplication$GameApplicationService, class com.almasb.fxgl.app.services.FXGLDialogService, class com.almasb.fxgl.app.services.IOTaskExecutorService, class com.almasb.fxgl.io.FileSystemService, class com.almasb.fxgl.localization.LocalizationService, class com.almasb.fxgl.app.services.SystemBundleService, class com.almasb.fxgl.profile.SaveLoadService, class com.almasb.fxgl.ui.FXGLUIFactoryServiceProvider, class com.almasb.fxgl.ui.FXGLDialogFactoryServiceProvider, class com.almasb.fxgl.audio.AudioPlayer, class com.almasb.fxgl.notification.impl.NotificationServiceProvider, class com.almasb.fxgl.achievement.AchievementService, class com.almasb.fxgl.cutscene.CutsceneService, class com.almasb.fxgl.minigames.MiniGameService, class com.almasb.fxgl.net.NetService, class com.almasb.fxgl.app.services.UpdaterService, class com.almasb.fxgl.dev.DevService]
23:59:01.366 [FXGL Background Thread 3 ] DEBUG Engine               - fontGame: Abel-Regular.ttf
23:59:01.366 [FXGL Background Thread 3 ] DEBUG Engine               - fontMono: TerminalLandMono-Regular.otf
23:59:01.367 [FXGL Background Thread 3 ] DEBUG Engine               - fontSizeScaleUI: 1.0
23:59:01.367 [FXGL Background Thread 3 ] DEBUG Engine               - fontText: Courier-Prime.ttf
23:59:01.367 [FXGL Background Thread 3 ] DEBUG Engine               - fontUI: VarelaRound-Regular.ttf
23:59:01.368 [FXGL Background Thread 3 ] DEBUG Engine               - fpsRefreshRate: 500.0 ms
23:59:01.369 [FXGL Background Thread 3 ] DEBUG Engine               - fullScreen: BooleanProperty [value: false]
23:59:01.370 [FXGL Background Thread 3 ] DEBUG Engine               - gameDifficulty: MEDIUM
23:59:01.370 [FXGL Background Thread 3 ] DEBUG Engine               - gameDifficultyProperty: ObjectProperty [value: MEDIUM]
23:59:01.370 [FXGL Background Thread 3 ] DEBUG Engine               - globalMusicVolume: 0.5
23:59:01.371 [FXGL Background Thread 3 ] DEBUG Engine               - globalMusicVolumeProperty: DoubleProperty [value: 0.5]
23:59:01.371 [FXGL Background Thread 3 ] DEBUG Engine               - globalSoundVolume: 0.5
23:59:01.372 [FXGL Background Thread 3 ] DEBUG Engine               - globalSoundVolumeProperty: DoubleProperty [value: 0.5]
23:59:01.372 [FXGL Background Thread 3 ] DEBUG Engine               - height: 720
23:59:01.372 [FXGL Background Thread 3 ] DEBUG Engine               - is3D: false
23:59:01.373 [FXGL Background Thread 3 ] DEBUG Engine               - isAndroid: false
23:59:01.373 [FXGL Background Thread 3 ] DEBUG Engine               - isBrowser: false
23:59:01.373 [FXGL Background Thread 3 ] DEBUG Engine               - isClickFeedbackEnabled: false
23:59:01.373 [FXGL Background Thread 3 ] DEBUG Engine               - isCloseConfirmation: false
23:59:01.373 [FXGL Background Thread 3 ] DEBUG Engine               - isDesktop: true
23:59:01.373 [FXGL Background Thread 3 ] DEBUG Engine               - isDeveloperMenuEnabled: false
23:59:01.373 [FXGL Background Thread 3 ] DEBUG Engine               - isEmbedded: false
23:59:01.374 [FXGL Background Thread 3 ] DEBUG Engine               - isEntityPreloadEnabled: true
23:59:01.374 [FXGL Background Thread 3 ] DEBUG Engine               - isExperimentalTiledLargeMap: false
23:59:01.374 [FXGL Background Thread 3 ] DEBUG Engine               - isFileSystemWriteAllowed: true
23:59:01.374 [FXGL Background Thread 3 ] DEBUG Engine               - isFullScreenAllowed: false
23:59:01.374 [FXGL Background Thread 3 ] DEBUG Engine               - isFullScreenFromStart: false
23:59:01.374 [FXGL Background Thread 3 ] DEBUG Engine               - isGameMenuEnabled: true
23:59:01.374 [FXGL Background Thread 3 ] DEBUG Engine               - isIOS: false
23:59:01.375 [FXGL Background Thread 3 ] DEBUG Engine               - isIntroEnabled: false
23:59:01.375 [FXGL Background Thread 3 ] DEBUG Engine               - isLinux: true
23:59:01.375 [FXGL Background Thread 3 ] DEBUG Engine               - isMac: false
23:59:01.375 [FXGL Background Thread 3 ] DEBUG Engine               - isMainMenuEnabled: false
23:59:01.375 [FXGL Background Thread 3 ] DEBUG Engine               - isManualResizeEnabled: false
23:59:01.375 [FXGL Background Thread 3 ] DEBUG Engine               - isMobile: false
23:59:01.376 [FXGL Background Thread 3 ] DEBUG Engine               - isNative: false
23:59:01.376 [FXGL Background Thread 3 ] DEBUG Engine               - isPauseMusicWhenMinimized: true
23:59:01.376 [FXGL Background Thread 3 ] DEBUG Engine               - isPreserveResizeRatio: false
23:59:01.376 [FXGL Background Thread 3 ] DEBUG Engine               - isProfilingEnabled: false
23:59:01.376 [FXGL Background Thread 3 ] DEBUG Engine               - isScaleAffectedOnResize: true
23:59:01.376 [FXGL Background Thread 3 ] DEBUG Engine               - isSingleStep: false
23:59:01.376 [FXGL Background Thread 3 ] DEBUG Engine               - isUserProfileEnabled: false
23:59:01.377 [FXGL Background Thread 3 ] DEBUG Engine               - isWindows: false
23:59:01.377 [FXGL Background Thread 3 ] DEBUG Engine               - language: ObjectProperty [value: ENGLISH]
23:59:01.377 [FXGL Background Thread 3 ] DEBUG Engine               - menuKey: ESCAPE
23:59:01.377 [FXGL Background Thread 3 ] DEBUG Engine               - mouseSensitivity: 0.2
23:59:01.377 [FXGL Background Thread 3 ] DEBUG Engine               - notificationViewClass: class com.almasb.fxgl.notification.view.XboxNotificationView
23:59:01.377 [FXGL Background Thread 3 ] DEBUG Engine               - pixelsPerMeter: 50.0
23:59:01.377 [FXGL Background Thread 3 ] DEBUG Engine               - platform: LINUX
23:59:01.378 [FXGL Background Thread 3 ] DEBUG Engine               - prefHeightProperty: ReadOnlyDoubleProperty [value: 720.0]
23:59:01.378 [FXGL Background Thread 3 ] DEBUG Engine               - prefWidthProperty: ReadOnlyDoubleProperty [value: 1280.0]
23:59:01.378 [FXGL Background Thread 3 ] DEBUG Engine               - profileDir: profiles/
23:59:01.378 [FXGL Background Thread 3 ] DEBUG Engine               - profileName: StringProperty [value: DEFAULT]
23:59:01.378 [FXGL Background Thread 3 ] DEBUG Engine               - randomSeed: -1
23:59:01.378 [FXGL Background Thread 3 ] DEBUG Engine               - runtimeInfo: RuntimeInfo(platform=LINUX, version=25, build=05.02.2026 22.57)
23:59:01.379 [FXGL Background Thread 3 ] DEBUG Engine               - saveFileExt: sav
23:59:01.379 [FXGL Background Thread 3 ] DEBUG Engine               - scaledHeightProp$fxgl: DoubleProperty [bound, value: 685.0]
23:59:01.379 [FXGL Background Thread 3 ] DEBUG Engine               - scaledWidthProp$fxgl: DoubleProperty [bound, value: 1280.0]
23:59:01.379 [FXGL Background Thread 3 ] DEBUG Engine               - sceneFactory: com.almasb.fxgl.app.scene.SceneFactory@6aa2d9a6
23:59:01.379 [FXGL Background Thread 3 ] DEBUG Engine               - secondsIn24h: 60
23:59:01.379 [FXGL Background Thread 3 ] DEBUG Engine               - soundMenuBack: menu/back.wav
23:59:01.379 [FXGL Background Thread 3 ] DEBUG Engine               - soundMenuPress: menu/press.wav
23:59:01.379 [FXGL Background Thread 3 ] DEBUG Engine               - soundMenuSelect: menu/select.wav
23:59:01.379 [FXGL Background Thread 3 ] DEBUG Engine               - soundNotification: core/notification.wav
23:59:01.380 [FXGL Background Thread 3 ] DEBUG Engine               - stageStyle: DECORATED
23:59:01.380 [FXGL Background Thread 3 ] DEBUG Engine               - supportedLanguages: [ENGLISH, FRENCH, GERMAN, HUNGARIAN, RUSSIAN]
23:59:01.380 [FXGL Background Thread 3 ] DEBUG Engine               - ticksPerSecond: -1
23:59:01.380 [FXGL Background Thread 3 ] DEBUG Engine               - title: Untitled
23:59:01.380 [FXGL Background Thread 3 ] DEBUG Engine               - urlGithub: https://github.com/AlmasB/FXGL
23:59:01.380 [FXGL Background Thread 3 ] DEBUG Engine               - urlLeaderboard: http://fxgl-top.herokuapp.com/
23:59:01.380 [FXGL Background Thread 3 ] DEBUG Engine               - urlPOM: https://raw.githubusercontent.com/AlmasB/FXGL/release/README.md
23:59:01.381 [FXGL Background Thread 3 ] DEBUG Engine               - userAppClass: class org.group1.GamePackage.Application
23:59:01.381 [FXGL Background Thread 3 ] DEBUG Engine               - version: 0.0
23:59:01.381 [FXGL Background Thread 3 ] DEBUG Engine               - versionCheckDays: 7
23:59:01.381 [FXGL Background Thread 3 ] DEBUG Engine               - width: 1280
23:59:01.381 [FXGL Background Thread 3 ] DEBUG Engine               - Logging services
23:59:01.381 [FXGL Background Thread 3 ] DEBUG Engine               - class com.almasb.fxgl.app.services.FXGLAssetLoaderService
23:59:01.382 [FXGL Background Thread 3 ] DEBUG Engine               - class com.almasb.fxgl.app.FXGLApplication$GameApplicationService
23:59:01.382 [FXGL Background Thread 3 ] DEBUG Engine               - class com.almasb.fxgl.app.services.FXGLDialogService
23:59:01.382 [FXGL Background Thread 3 ] DEBUG Engine               - class com.almasb.fxgl.app.services.IOTaskExecutorService
23:59:01.382 [FXGL Background Thread 3 ] DEBUG Engine               - class com.almasb.fxgl.io.FileSystemService
23:59:01.382 [FXGL Background Thread 3 ] DEBUG Engine               - class com.almasb.fxgl.localization.LocalizationService
23:59:01.382 [FXGL Background Thread 3 ] DEBUG Engine               - class com.almasb.fxgl.app.services.SystemBundleService
23:59:01.382 [FXGL Background Thread 3 ] DEBUG Engine               - class com.almasb.fxgl.profile.SaveLoadService
23:59:01.382 [FXGL Background Thread 3 ] DEBUG Engine               - class com.almasb.fxgl.ui.FXGLUIFactoryServiceProvider
23:59:01.383 [FXGL Background Thread 3 ] DEBUG Engine               - class com.almasb.fxgl.ui.FXGLDialogFactoryServiceProvider
23:59:01.383 [FXGL Background Thread 3 ] DEBUG Engine               - class com.almasb.fxgl.audio.AudioPlayer
23:59:01.383 [FXGL Background Thread 3 ] DEBUG Engine               - class com.almasb.fxgl.notification.impl.NotificationServiceProvider
23:59:01.383 [FXGL Background Thread 3 ] DEBUG Engine               - class com.almasb.fxgl.achievement.AchievementService
23:59:01.383 [FXGL Background Thread 3 ] DEBUG Engine               - class com.almasb.fxgl.cutscene.CutsceneService
23:59:01.383 [FXGL Background Thread 3 ] DEBUG Engine               - class com.almasb.fxgl.minigames.MiniGameService
23:59:01.383 [FXGL Background Thread 3 ] DEBUG Engine               - class com.almasb.fxgl.net.NetService
23:59:01.383 [FXGL Background Thread 3 ] DEBUG Engine               - class com.almasb.fxgl.app.services.UpdaterService
23:59:01.383 [FXGL Background Thread 3 ] DEBUG Engine               - class com.almasb.fxgl.dev.DevService
23:59:01.430 [JavaFX Application Thread] DEBUG FXGLAssetLoaderServi - Loading from file system: file:/home/me/ComProg_Project/target/classes/assets/textures/enemy_sprite.png
23:59:01.442 [JavaFX Application Thread] DEBUG FXGLAssetLoaderServi - Loading from file system: file:/home/me/ComProg_Project/target/classes/assets/textures/explosion_sprite.png
23:59:02.443 [JavaFX Application Thread] DEBUG FXGLAssetLoaderServi - Loading from file system: file:/home/me/ComProg_Project/target/classes/assets/textures/bullet_sprite.png
23:59:15.968 [JavaFX Application Thread] DEBUG FXGLApplication      - Exiting FXGL
23:59:15.968 [JavaFX Application Thread] DEBUG LoopRunner           - Stopping loop
23:59:15.968 [JavaFX Application Thread] DEBUG SystemBundleService  - Saving FXGL system data
23:59:15.970 [JavaFX Application Thread] DEBUG FileSystemAccess     - Writing to: /home/me/ComProg_Project/system/fxgl.bundle
23:59:15.972 [JavaFX Application Thread] DEBUG Async                - Shutting down background threads
23:59:15.972 [JavaFX Application Thread] DEBUG PrimaryStageWindow   - Closing main window
23:59:15.975 [JavaFX Application Thread] DEBUG Logger               - Closing Logger
