22:40:01.229 [main                     ] DEBUG Logger               - Configured Logger
22:40:01.238 [main                     ] DEBUG GameApplication      - Logging settings
Title: Untitled
Version: 0.0
Width: 1280
Height: 720
Fullscreen: false
Intro: false
Profiling: false
Single step:false
App Mode: DEVELOPER
Menu Key: ESCAPE
Stage Style: DECORATED
Scene Factory: class com.almasb.fxgl.app.scene.SceneFactory

22:40:01.538 [JavaFX Application Thread] DEBUG FXGLApplication      - Initializing FXGL
22:40:01.542 [JavaFX Application Thread] INFO  Engine               - FXGL-25 (05.02.2026 22.57) on WINDOWS (J:25.0.1 FX:21.0.6)
22:40:01.543 [JavaFX Application Thread] DEBUG Engine               - JRE Vendor Name: Oracle Corporation
22:40:01.543 [JavaFX Application Thread] DEBUG Engine               - Running on OS: Windows 11 version 10.0
22:40:01.543 [JavaFX Application Thread] DEBUG Engine               - Architecture: amd64
22:40:01.543 [JavaFX Application Thread] INFO  Engine               - Source code and latest versions at: https://github.com/AlmasB/FXGL
22:40:01.543 [JavaFX Application Thread] INFO  Engine               -       Ask questions and discuss at: https://github.com/AlmasB/FXGL/discussions
22:40:01.637 [JavaFX Application Thread] DEBUG PrimaryStageWindow   - Creating a JavaFX scene
22:40:01.637 [JavaFX Application Thread] DEBUG PrimaryStageWindow   - Target size > screen size
22:40:01.681 [JavaFX Application Thread] DEBUG PrimaryStageWindow   - Target settings size: 1280.0 x 720.0
22:40:01.681 [JavaFX Application Thread] DEBUG PrimaryStageWindow   - Scaled scene size:    1169.0 x 671.0
22:40:01.681 [JavaFX Application Thread] DEBUG PrimaryStageWindow   - Scaled ratio: (0.91328125, 0.9319444444444445)
22:40:01.682 [JavaFX Application Thread] DEBUG PrimaryStageWindow   - Set initial scene to FXGLStartupScene
22:40:01.684 [JavaFX Application Thread] DEBUG PrimaryStageWindow   - Opening main window
22:40:01.758 [JavaFX Application Thread] DEBUG PrimaryStageWindow   - Window border size: (15.0, 37.66668701171875)
22:40:01.759 [JavaFX Application Thread] DEBUG PrimaryStageWindow   - Scaled size: 1169.0 x 671.0
22:40:01.759 [JavaFX Application Thread] DEBUG PrimaryStageWindow   - Scaled ratio: (0.91328125, 0.9319444444444445)
22:40:01.759 [JavaFX Application Thread] DEBUG PrimaryStageWindow   - Scene size: 1169.0 x 671.0
22:40:01.759 [JavaFX Application Thread] DEBUG PrimaryStageWindow   - Stage size: 1184.0 x 708.6666870117188
22:40:01.767 [FXGL Background Thread 1 ] DEBUG Engine               - Initializing environment variables
22:40:01.845 [FXGL Background Thread 1 ] DEBUG FXGLAssetLoaderServi - User app class for loading assets: class org.group1.GamePackage.Application
22:40:01.845 [FXGL Background Thread 1 ] DEBUG GameApplicationServi - Applying CSS: fxgl_dark.css
22:40:01.847 [FXGL Background Thread 1 ] DEBUG FXGLAssetLoaderServi - Loading from file system: jar:file:///C:/Users/ryles/.m2/repository/com/github/almasb/fxgl/25/fxgl-25.jar!/fxglassets/ui/css/fxgl_dark.css
22:40:01.901 [FXGL Background Thread 1 ] DEBUG GameApplicationServi - Initializing application scenes
22:40:01.947 [FXGL Background Thread 1 ] DEBUG GameWorld            - Game world initialized
22:40:02.015 [FXGL Background Thread 1 ] DEBUG PhysicsWorld         - Physics world initialized: appHeight=720, physics.ppm=50.0
22:40:02.015 [FXGL Background Thread 1 ] DEBUG PhysicsWorld         - Using strategy: BRUTE_FORCE
22:40:02.022 [FXGL Background Thread 1 ] DEBUG GameScene            - Game scene initialized: 1280x720
22:40:02.039 [FXGL Background Thread 1 ] DEBUG FXGL.DefaultMenu     - createMenuBodyGameMenu()
22:40:02.056 [FXGL Background Thread 1 ] DEBUG FXGL.DefaultMenu     - createOptionsMenu()
22:40:02.066 [FXGL Background Thread 1 ] DEBUG FXGLAssetLoaderServi - Loading from file system: jar:file:///C:/Users/ryles/.m2/repository/com/github/almasb/fxgl/25/fxgl-25.jar!/fxglassets/textures/particles/smoke.png
22:40:02.145 [FXGL Background Thread 1 ] DEBUG FXGLAssetLoaderServi - Loading from file system: jar:file:///C:/Users/ryles/.m2/repository/com/github/almasb/fxgl/25/fxgl-25.jar!/fxglassets/textures/particles/trace_horizontal.png
22:40:02.178 [FXGL Background Thread 1 ] DEBUG GameApplicationServi - Application scenes initialized
22:40:02.189 [FXGL Background Thread 1 ] DEBUG SystemBundleService  - Loading FXGL system data
22:40:02.193 [FXGL Background Thread 1 ] DEBUG FileSystemAccess     - Reading from: C:\Users\ryles\Downloads\ComProg_Project\system\fxgl.bundle
22:40:02.201 [FXGL Background Thread 1 ] DEBUG SystemBundleService  - Bundle FXGL: {}
22:40:02.201 [FXGL Background Thread 1 ] DEBUG UpdaterService       - Checking for updates
22:40:02.205 [FXGL Background Thread 4 ] DEBUG FXGLApplication      - Loading fonts
22:40:02.206 [FXGL Background Thread 4 ] DEBUG FXGLAssetLoaderServi - Loading from file system: jar:file:///C:/Users/ryles/.m2/repository/com/github/almasb/fxgl/25/fxgl-25.jar!/fxglassets/ui/fonts/VarelaRound-Regular.ttf
22:40:02.206 [FXGL Background Thread 1 ] DEBUG FXGLApplication      - Loading default localization
22:40:02.206 [FXGL Background Thread 1 ] DEBUG FXGLAssetLoaderServi - Loading from file system: jar:file:///C:/Users/ryles/.m2/repository/com/github/almasb/fxgl/25/fxgl-25.jar!/fxglassets/languages/english.lang
22:40:02.221 [FXGL Background Thread 1 ] INFO  FXGLApplication      - FXGL initialization took: 0.455 sec
22:40:02.224 [JavaFX Application Thread] DEBUG FXGLAssetLoaderServi - Loading from file system: jar:file:///C:/Users/ryles/.m2/repository/com/github/almasb/fxgl/25/fxgl-25.jar!/fxglassets/textures/fxgl_icon.png
22:40:02.246 [JavaFX Application Thread] DEBUG FXGLAssetLoaderServi - Loading from file system: jar:file:///C:/Users/ryles/.m2/repository/com/github/almasb/fxgl/25/fxgl-25.jar!/fxglassets/textures/fxgl_default_cursor.png
22:40:02.260 [JavaFX Application Thread] DEBUG Input                - Registered new binding: Screenshot - CTRL+8
22:40:02.260 [JavaFX Application Thread] DEBUG Input                - Registered new binding: System info dump - CTRL+9
22:40:02.261 [JavaFX Application Thread] DEBUG Input                - Registered new binding: Restart - CTRL+R
22:40:02.262 [JavaFX Application Thread] DEBUG Input                - Registered new binding: Toggle Debug Camera - CTRL+7
22:40:02.265 [JavaFX Application Thread] DEBUG LoopRunner           - Starting loop
22:40:02.266 [JavaFX Application Thread] DEBUG LoopRunner           - Initializing JavaFX AnimationTimerLoop
22:40:02.267 [JavaFX Application Thread] DEBUG GameApplicationServi - Starting new game
22:40:02.267 [JavaFX Application Thread] DEBUG Input                - Clearing active input actions
22:40:02.279 [JavaFX Application Thread] DEBUG GameApplicationServi - Removing overlay from FXGLStartupScene and adding to FXGLLoadingScene
22:40:02.280 [FXGL Background Thread 4 ] DEBUG FXGLAssetLoaderServi - Loading from file system: jar:file:///C:/Users/ryles/.m2/repository/com/github/almasb/fxgl/25/fxgl-25.jar!/fxglassets/ui/fonts/Abel-Regular.ttf
22:40:02.280 [JavaFX Application Thread] DEBUG PrimaryStageWindow   - FXGLStartupScene -> FXGLLoadingScene
22:40:02.281 [JavaFX Application Thread] DEBUG GameApplicationServi - Clearing previous game
22:40:02.281 [JavaFX Application Thread] DEBUG GameScene            - Clearing game scene
22:40:02.281 [JavaFX Application Thread] DEBUG GameWorld            - Clearing game world
22:40:02.281 [JavaFX Application Thread] DEBUG PhysicsWorld         - Clearing physics world
22:40:02.283 [FXGL Background Thread 1 ] DEBUG FXGLApplication      - Initializing game
22:40:02.285 [FXGL Background Thread 4 ] DEBUG FXGLAssetLoaderServi - Loading from file system: jar:file:///C:/Users/ryles/.m2/repository/com/github/almasb/fxgl/25/fxgl-25.jar!/fxglassets/ui/fonts/TerminalLandMono-Regular.otf
22:40:02.292 [FXGL Background Thread 4 ] DEBUG FXGLAssetLoaderServi - Loading from file system: jar:file:///C:/Users/ryles/.m2/repository/com/github/almasb/fxgl/25/fxgl-25.jar!/fxglassets/ui/fonts/Courier-Prime.ttf
22:40:02.294 [FXGL Background Thread 1 ] DEBUG FXGLAssetLoaderServi - Loading from file system: file:/C:/Users/ryles/Downloads/ComProg_Project/target/classes/assets/textures/background.png
22:40:02.324 [JavaFX Application Thread] DEBUG FXGLApplication      - Registering font factories with UI factory
22:40:02.433 [FXGL Background Thread 1 ] DEBUG FXGLAssetLoaderServi - Loading from file system: file:/C:/Users/ryles/Downloads/ComProg_Project/target/classes/assets/textures/background_stars1.png
22:40:02.623 [FXGL Background Thread 1 ] DEBUG FXGLAssetLoaderServi - Loading from file system: file:/C:/Users/ryles/Downloads/ComProg_Project/target/classes/assets/textures/background_stars2.png
22:40:02.684 [FXGL Background Thread 1 ] DEBUG FXGLAssetLoaderServi - Loading from file system: file:/C:/Users/ryles/Downloads/ComProg_Project/target/classes/assets/textures/background_stars3.png
22:40:02.742 [FXGL Background Thread 1 ] DEBUG FXGLAssetLoaderServi - Loading from file system: file:/C:/Users/ryles/Downloads/ComProg_Project/target/classes/assets/textures/background_cloud1.png
22:40:02.758 [FXGL Background Thread 1 ] DEBUG FXGLAssetLoaderServi - Loading from file system: file:/C:/Users/ryles/Downloads/ComProg_Project/target/classes/assets/textures/background_cloud2.png
22:40:02.779 [FXGL Background Thread 1 ] DEBUG FXGLAssetLoaderServi - Loading from file system: file:/C:/Users/ryles/Downloads/ComProg_Project/target/classes/assets/textures/background_mist1.png
22:40:02.793 [FXGL Background Thread 1 ] DEBUG FXGLAssetLoaderServi - Loading from file system: file:/C:/Users/ryles/Downloads/ComProg_Project/target/classes/assets/textures/background_hills.png
22:40:02.815 [FXGL Background Thread 1 ] DEBUG FXGLAssetLoaderServi - Loading from file system: file:/C:/Users/ryles/Downloads/ComProg_Project/target/classes/assets/textures/background_forest.png
22:40:02.827 [FXGL Background Thread 1 ] DEBUG FXGLAssetLoaderServi - Loading from file system: file:/C:/Users/ryles/Downloads/ComProg_Project/target/classes/assets/textures/background_large_forest.png
22:40:02.847 [FXGL Background Thread 1 ] DEBUG FXGLAssetLoaderServi - Loading from file system: file:/C:/Users/ryles/Downloads/ComProg_Project/target/classes/assets/textures/idle_sprite.png
22:40:02.851 [FXGL Background Thread 1 ] DEBUG FXGLAssetLoaderServi - Loading from file system: file:/C:/Users/ryles/Downloads/ComProg_Project/target/classes/assets/textures/down_sprite.png
22:40:02.854 [FXGL Background Thread 1 ] DEBUG FXGLAssetLoaderServi - Loading from file system: file:/C:/Users/ryles/Downloads/ComProg_Project/target/classes/assets/textures/up_sprite.png
22:40:02.871 [FXGL Background Thread 1 ] DEBUG Input                - Registered new binding: Move left - A
22:40:02.871 [FXGL Background Thread 1 ] DEBUG Input                - Registered new binding: Move right - D
22:40:02.871 [FXGL Background Thread 1 ] DEBUG Input                - Registered new binding: Move down - S
22:40:02.871 [FXGL Background Thread 1 ] DEBUG Input                - Registered new binding: Move up - W
22:40:02.871 [FXGL Background Thread 1 ] DEBUG Input                - Registered new binding: Shoot - Space
22:40:02.872 [FXGL Background Thread 1 ] DEBUG FXGLAssetLoaderServi - Loading from file system: file:/C:/Users/ryles/Downloads/ComProg_Project/target/classes/assets/music/main_music.wav
22:40:02.995 [FXGL Background Thread 1 ] DEBUG AudioPlayer          - Playing music com.almasb.fxgl.audio.Music@5e180aa7
22:40:02.999 [FXGL Background Thread 1 ] INFO  FXGLApplication      - Game initialization took: 0.716 sec
22:40:03.000 [JavaFX Application Thread] DEBUG Input                - Clearing active input actions
22:40:03.008 [JavaFX Application Thread] DEBUG GameApplicationServi - Removing overlay from FXGLLoadingScene and adding to GameScene
22:40:03.008 [JavaFX Application Thread] DEBUG PrimaryStageWindow   - FXGLLoadingScene -> GameScene
22:40:05.204 [FXGL Background Thread 3 ] DEBUG Engine               - Logging environment variables
22:40:05.204 [FXGL Background Thread 3 ] DEBUG Engine               - achievements: []
22:40:05.205 [FXGL Background Thread 3 ] DEBUG Engine               - actualHeight: 671.0
22:40:05.205 [FXGL Background Thread 3 ] DEBUG Engine               - actualHeightProperty: ReadOnlyDoubleProperty [value: 671.0]
22:40:05.205 [FXGL Background Thread 3 ] DEBUG Engine               - actualWidth: 1169.0
22:40:05.205 [FXGL Background Thread 3 ] DEBUG Engine               - actualWidthProperty: ReadOnlyDoubleProperty [value: 1169.0]
22:40:05.205 [FXGL Background Thread 3 ] DEBUG Engine               - appIcon: fxgl_icon.png
22:40:05.205 [FXGL Background Thread 3 ] DEBUG Engine               - applicationMode: DEVELOPER
22:40:05.205 [FXGL Background Thread 3 ] DEBUG Engine               - cSSList: [fxgl_dark.css]
22:40:05.205 [FXGL Background Thread 3 ] DEBUG Engine               - collisionDetectionStrategy: BRUTE_FORCE
22:40:05.205 [FXGL Background Thread 3 ] DEBUG Engine               - configClass: Optional.empty
22:40:05.205 [FXGL Background Thread 3 ] DEBUG Engine               - credits: []
22:40:05.205 [FXGL Background Thread 3 ] DEBUG Engine               - defaultCursor: CursorInfo(imageName=fxgl_default_cursor.png, hotspotX=7.0, hotspotY=6.0)
22:40:05.205 [FXGL Background Thread 3 ] DEBUG Engine               - devBBoxColorProperty: ObjectProperty [value: 0xff0000ff]
22:40:05.205 [FXGL Background Thread 3 ] DEBUG Engine               - devEnableDebugCameraProperty: BooleanProperty [value: false]
22:40:05.206 [FXGL Background Thread 3 ] DEBUG Engine               - devSensorColorProperty: ObjectProperty [value: 0xffff00ff]
22:40:05.206 [FXGL Background Thread 3 ] DEBUG Engine               - devShowBBoxProperty: BooleanProperty [value: false]
22:40:05.206 [FXGL Background Thread 3 ] DEBUG Engine               - devShowPositionProperty: BooleanProperty [value: false]
22:40:05.206 [FXGL Background Thread 3 ] DEBUG Engine               - enabledMenuItems: []
22:40:05.206 [FXGL Background Thread 3 ] DEBUG Engine               - engineServices: [class com.almasb.fxgl.app.services.FXGLAssetLoaderService, class com.almasb.fxgl.app.FXGLApplication$GameApplicationService, class com.almasb.fxgl.app.services.FXGLDialogService, class com.almasb.fxgl.app.services.IOTaskExecutorService, class com.almasb.fxgl.io.FileSystemService, class com.almasb.fxgl.localization.LocalizationService, class com.almasb.fxgl.app.services.SystemBundleService, class com.almasb.fxgl.profile.SaveLoadService, class com.almasb.fxgl.ui.FXGLUIFactoryServiceProvider, class com.almasb.fxgl.ui.FXGLDialogFactoryServiceProvider, class com.almasb.fxgl.audio.AudioPlayer, class com.almasb.fxgl.notification.impl.NotificationServiceProvider, class com.almasb.fxgl.achievement.AchievementService, class com.almasb.fxgl.cutscene.CutsceneService, class com.almasb.fxgl.minigames.MiniGameService, class com.almasb.fxgl.net.NetService, class com.almasb.fxgl.app.services.UpdaterService, class com.almasb.fxgl.dev.DevService]
22:40:05.206 [FXGL Background Thread 3 ] DEBUG Engine               - fontGame: Abel-Regular.ttf
22:40:05.206 [FXGL Background Thread 3 ] DEBUG Engine               - fontMono: TerminalLandMono-Regular.otf
22:40:05.206 [FXGL Background Thread 3 ] DEBUG Engine               - fontSizeScaleUI: 1.0
22:40:05.206 [FXGL Background Thread 3 ] DEBUG Engine               - fontText: Courier-Prime.ttf
22:40:05.206 [FXGL Background Thread 3 ] DEBUG Engine               - fontUI: VarelaRound-Regular.ttf
22:40:05.206 [FXGL Background Thread 3 ] DEBUG Engine               - fpsRefreshRate: 500.0 ms
22:40:05.206 [FXGL Background Thread 3 ] DEBUG Engine               - fullScreen: BooleanProperty [value: false]
22:40:05.206 [FXGL Background Thread 3 ] DEBUG Engine               - gameDifficulty: MEDIUM
22:40:05.206 [FXGL Background Thread 3 ] DEBUG Engine               - gameDifficultyProperty: ObjectProperty [value: MEDIUM]
22:40:05.206 [FXGL Background Thread 3 ] DEBUG Engine               - globalMusicVolume: 0.5
22:40:05.206 [FXGL Background Thread 3 ] DEBUG Engine               - globalMusicVolumeProperty: DoubleProperty [value: 0.5]
22:40:05.207 [FXGL Background Thread 3 ] DEBUG Engine               - globalSoundVolume: 0.5
22:40:05.207 [FXGL Background Thread 3 ] DEBUG Engine               - globalSoundVolumeProperty: DoubleProperty [value: 0.5]
22:40:05.207 [FXGL Background Thread 3 ] DEBUG Engine               - height: 720
22:40:05.207 [FXGL Background Thread 3 ] DEBUG Engine               - is3D: false
22:40:05.207 [FXGL Background Thread 3 ] DEBUG Engine               - isAndroid: false
22:40:05.207 [FXGL Background Thread 3 ] DEBUG Engine               - isBrowser: false
22:40:05.207 [FXGL Background Thread 3 ] DEBUG Engine               - isClickFeedbackEnabled: false
22:40:05.207 [FXGL Background Thread 3 ] DEBUG Engine               - isCloseConfirmation: false
22:40:05.207 [FXGL Background Thread 3 ] DEBUG Engine               - isDesktop: true
22:40:05.207 [FXGL Background Thread 3 ] DEBUG Engine               - isDeveloperMenuEnabled: false
22:40:05.208 [FXGL Background Thread 3 ] DEBUG Engine               - isEmbedded: false
22:40:05.208 [FXGL Background Thread 3 ] DEBUG Engine               - isEntityPreloadEnabled: true
22:40:05.208 [FXGL Background Thread 3 ] DEBUG Engine               - isExperimentalTiledLargeMap: false
22:40:05.208 [FXGL Background Thread 3 ] DEBUG Engine               - isFileSystemWriteAllowed: true
22:40:05.208 [FXGL Background Thread 3 ] DEBUG Engine               - isFullScreenAllowed: false
22:40:05.208 [FXGL Background Thread 3 ] DEBUG Engine               - isFullScreenFromStart: false
22:40:05.208 [FXGL Background Thread 3 ] DEBUG Engine               - isGameMenuEnabled: true
22:40:05.208 [FXGL Background Thread 3 ] DEBUG Engine               - isIOS: false
22:40:05.208 [FXGL Background Thread 3 ] DEBUG Engine               - isIntroEnabled: false
22:40:05.208 [FXGL Background Thread 3 ] DEBUG Engine               - isLinux: false
22:40:05.208 [FXGL Background Thread 3 ] DEBUG Engine               - isMac: false
22:40:05.208 [FXGL Background Thread 3 ] DEBUG Engine               - isMainMenuEnabled: false
22:40:05.208 [FXGL Background Thread 3 ] DEBUG Engine               - isManualResizeEnabled: false
22:40:05.208 [FXGL Background Thread 3 ] DEBUG Engine               - isMobile: false
22:40:05.208 [FXGL Background Thread 3 ] DEBUG Engine               - isNative: false
22:40:05.208 [FXGL Background Thread 3 ] DEBUG Engine               - isPauseMusicWhenMinimized: true
22:40:05.208 [FXGL Background Thread 3 ] DEBUG Engine               - isPreserveResizeRatio: false
22:40:05.208 [FXGL Background Thread 3 ] DEBUG Engine               - isProfilingEnabled: false
22:40:05.208 [FXGL Background Thread 3 ] DEBUG Engine               - isScaleAffectedOnResize: true
22:40:05.208 [FXGL Background Thread 3 ] DEBUG Engine               - isSingleStep: false
22:40:05.208 [FXGL Background Thread 3 ] DEBUG Engine               - isUserProfileEnabled: false
22:40:05.208 [FXGL Background Thread 3 ] DEBUG Engine               - isWindows: true
22:40:05.208 [FXGL Background Thread 3 ] DEBUG Engine               - language: ObjectProperty [value: ENGLISH]
22:40:05.208 [FXGL Background Thread 3 ] DEBUG Engine               - menuKey: ESCAPE
22:40:05.208 [FXGL Background Thread 3 ] DEBUG Engine               - mouseSensitivity: 0.2
22:40:05.208 [FXGL Background Thread 3 ] DEBUG Engine               - notificationViewClass: class com.almasb.fxgl.notification.view.XboxNotificationView
22:40:05.209 [FXGL Background Thread 3 ] DEBUG Engine               - pixelsPerMeter: 50.0
22:40:05.209 [FXGL Background Thread 3 ] DEBUG Engine               - platform: WINDOWS
22:40:05.209 [FXGL Background Thread 3 ] DEBUG Engine               - prefHeightProperty: ReadOnlyDoubleProperty [value: 720.0]
22:40:05.209 [FXGL Background Thread 3 ] DEBUG Engine               - prefWidthProperty: ReadOnlyDoubleProperty [value: 1280.0]
22:40:05.209 [FXGL Background Thread 3 ] DEBUG Engine               - profileDir: profiles/
22:40:05.209 [FXGL Background Thread 3 ] DEBUG Engine               - profileName: StringProperty [value: DEFAULT]
22:40:05.209 [FXGL Background Thread 3 ] DEBUG Engine               - randomSeed: -1
22:40:05.209 [FXGL Background Thread 3 ] DEBUG Engine               - runtimeInfo: RuntimeInfo(platform=WINDOWS, version=25, build=05.02.2026 22.57)
22:40:05.209 [FXGL Background Thread 3 ] DEBUG Engine               - saveFileExt: sav
22:40:05.209 [FXGL Background Thread 3 ] DEBUG Engine               - scaledHeightProp$fxgl: DoubleProperty [bound, value: 671.0]
22:40:05.209 [FXGL Background Thread 3 ] DEBUG Engine               - scaledWidthProp$fxgl: DoubleProperty [bound, value: 1169.0]
22:40:05.209 [FXGL Background Thread 3 ] DEBUG Engine               - sceneFactory: com.almasb.fxgl.app.scene.SceneFactory@60a1a9c7
22:40:05.209 [FXGL Background Thread 3 ] DEBUG Engine               - secondsIn24h: 60
22:40:05.209 [FXGL Background Thread 3 ] DEBUG Engine               - soundMenuBack: menu/back.wav
22:40:05.209 [FXGL Background Thread 3 ] DEBUG Engine               - soundMenuPress: menu/press.wav
22:40:05.209 [FXGL Background Thread 3 ] DEBUG Engine               - soundMenuSelect: menu/select.wav
22:40:05.209 [FXGL Background Thread 3 ] DEBUG Engine               - soundNotification: core/notification.wav
22:40:05.209 [FXGL Background Thread 3 ] DEBUG Engine               - stageStyle: DECORATED
22:40:05.209 [FXGL Background Thread 3 ] DEBUG Engine               - supportedLanguages: [ENGLISH, FRENCH, GERMAN, HUNGARIAN, RUSSIAN]
22:40:05.209 [FXGL Background Thread 3 ] DEBUG Engine               - ticksPerSecond: -1
22:40:05.209 [FXGL Background Thread 3 ] DEBUG Engine               - title: Untitled
22:40:05.209 [FXGL Background Thread 3 ] DEBUG Engine               - urlGithub: https://github.com/AlmasB/FXGL
22:40:05.210 [FXGL Background Thread 3 ] DEBUG Engine               - urlLeaderboard: http://fxgl-top.herokuapp.com/
22:40:05.210 [FXGL Background Thread 3 ] DEBUG Engine               - urlPOM: https://raw.githubusercontent.com/AlmasB/FXGL/release/README.md
22:40:05.210 [FXGL Background Thread 3 ] DEBUG Engine               - userAppClass: class org.group1.GamePackage.Application
22:40:05.210 [FXGL Background Thread 3 ] DEBUG Engine               - version: 0.0
22:40:05.210 [FXGL Background Thread 3 ] DEBUG Engine               - versionCheckDays: 7
22:40:05.210 [FXGL Background Thread 3 ] DEBUG Engine               - width: 1280
22:40:05.210 [FXGL Background Thread 3 ] DEBUG Engine               - Logging services
22:40:05.210 [FXGL Background Thread 3 ] DEBUG Engine               - class com.almasb.fxgl.app.services.FXGLAssetLoaderService
22:40:05.210 [FXGL Background Thread 3 ] DEBUG Engine               - class com.almasb.fxgl.app.FXGLApplication$GameApplicationService
22:40:05.210 [FXGL Background Thread 3 ] DEBUG Engine               - class com.almasb.fxgl.app.services.FXGLDialogService
22:40:05.210 [FXGL Background Thread 3 ] DEBUG Engine               - class com.almasb.fxgl.app.services.IOTaskExecutorService
22:40:05.210 [FXGL Background Thread 3 ] DEBUG Engine               - class com.almasb.fxgl.io.FileSystemService
22:40:05.210 [FXGL Background Thread 3 ] DEBUG Engine               - class com.almasb.fxgl.localization.LocalizationService
22:40:05.210 [FXGL Background Thread 3 ] DEBUG Engine               - class com.almasb.fxgl.app.services.SystemBundleService
22:40:05.210 [FXGL Background Thread 3 ] DEBUG Engine               - class com.almasb.fxgl.profile.SaveLoadService
22:40:05.210 [FXGL Background Thread 3 ] DEBUG Engine               - class com.almasb.fxgl.ui.FXGLUIFactoryServiceProvider
22:40:05.210 [FXGL Background Thread 3 ] DEBUG Engine               - class com.almasb.fxgl.ui.FXGLDialogFactoryServiceProvider
22:40:05.210 [FXGL Background Thread 3 ] DEBUG Engine               - class com.almasb.fxgl.audio.AudioPlayer
22:40:05.210 [FXGL Background Thread 3 ] DEBUG Engine               - class com.almasb.fxgl.notification.impl.NotificationServiceProvider
22:40:05.210 [FXGL Background Thread 3 ] DEBUG Engine               - class com.almasb.fxgl.achievement.AchievementService
22:40:05.210 [FXGL Background Thread 3 ] DEBUG Engine               - class com.almasb.fxgl.cutscene.CutsceneService
22:40:05.210 [FXGL Background Thread 3 ] DEBUG Engine               - class com.almasb.fxgl.minigames.MiniGameService
22:40:05.210 [FXGL Background Thread 3 ] DEBUG Engine               - class com.almasb.fxgl.net.NetService
22:40:05.210 [FXGL Background Thread 3 ] DEBUG Engine               - class com.almasb.fxgl.app.services.UpdaterService
22:40:05.210 [FXGL Background Thread 3 ] DEBUG Engine               - class com.almasb.fxgl.dev.DevService
22:40:06.010 [JavaFX Application Thread] DEBUG FXGLAssetLoaderServi - Loading from file system: file:/C:/Users/ryles/Downloads/ComProg_Project/target/classes/assets/textures/enemy_sprite.png
22:40:06.013 [JavaFX Application Thread] DEBUG FXGLAssetLoaderServi - Loading from file system: file:/C:/Users/ryles/Downloads/ComProg_Project/target/classes/assets/textures/explosion_sprite.png
22:40:07.386 [JavaFX Application Thread] DEBUG FXGLAssetLoaderServi - Loading from file system: file:/C:/Users/ryles/Downloads/ComProg_Project/target/classes/assets/sounds/fah.wav
22:40:07.395 [JavaFX Application Thread] DEBUG FXGLAssetLoaderServi - Loading from file system: file:/C:/Users/ryles/Downloads/ComProg_Project/target/classes/assets/sounds/death_sound.wav
22:40:09.676 [JavaFX Application Thread] DEBUG FXGLAssetLoaderServi - Loading from file system: file:/C:/Users/ryles/Downloads/ComProg_Project/target/classes/assets/textures/bullet_sprite.png
22:40:14.767 [JavaFX Application Thread] DEBUG FXGLApplication      - Exiting FXGL
22:40:14.767 [JavaFX Application Thread] DEBUG LoopRunner           - Stopping loop
22:40:14.767 [JavaFX Application Thread] DEBUG SystemBundleService  - Saving FXGL system data
22:40:14.770 [JavaFX Application Thread] DEBUG FileSystemAccess     - Writing to: C:\Users\ryles\Downloads\ComProg_Project\system\fxgl.bundle
22:40:14.772 [JavaFX Application Thread] DEBUG Async                - Shutting down background threads
22:40:14.772 [JavaFX Application Thread] DEBUG PrimaryStageWindow   - Closing main window
22:40:14.785 [JavaFX Application Thread] DEBUG Logger               - Closing Logger
