14:36:36.280 [main                     ] DEBUG Logger               - Configured Logger
14:36:36.287 [main                     ] DEBUG GameApplication      - Logging settings
Title: Untitled
Version: 0.0
Width: 1280
Height: 720
Fullscreen: false
Intro: false
Profiling: false
Single step:false
App Mode: DEVELOPER
Menu Key: ESCAPE
Stage Style: DECORATED
Scene Factory: class com.almasb.fxgl.app.scene.SceneFactory

14:36:36.482 [JavaFX Application Thread] DEBUG FXGLApplication      - Initializing FXGL
14:36:36.486 [JavaFX Application Thread] INFO  Engine               - FXGL-25 (05.02.2026 22.57) on LINUX (J:25.0.2 FX:21.0.6)
14:36:36.487 [JavaFX Application Thread] DEBUG Engine               - JRE Vendor Name: Arch Linux
14:36:36.487 [JavaFX Application Thread] DEBUG Engine               - Running on OS: Linux version 6.18.9-arch1-2
14:36:36.487 [JavaFX Application Thread] DEBUG Engine               - Architecture: amd64
14:36:36.487 [JavaFX Application Thread] INFO  Engine               - Source code and latest versions at: https://github.com/AlmasB/FXGL
14:36:36.487 [JavaFX Application Thread] INFO  Engine               -       Ask questions and discuss at: https://github.com/AlmasB/FXGL/discussions
14:36:36.557 [JavaFX Application Thread] DEBUG PrimaryStageWindow   - Creating a JavaFX scene
14:36:36.637 [JavaFX Application Thread] DEBUG PrimaryStageWindow   - Target settings size: 1280.0 x 720.0
14:36:36.637 [JavaFX Application Thread] DEBUG PrimaryStageWindow   - Scaled scene size:    1280.0 x 720.0
14:36:36.637 [JavaFX Application Thread] DEBUG PrimaryStageWindow   - Scaled ratio: (1.0, 1.0)
14:36:36.638 [JavaFX Application Thread] DEBUG PrimaryStageWindow   - Set initial scene to FXGLStartupScene
14:36:36.641 [JavaFX Application Thread] DEBUG PrimaryStageWindow   - Opening main window
14:36:36.705 [JavaFX Application Thread] DEBUG PrimaryStageWindow   - Window border size: (0.0, 35.0)
14:36:36.705 [JavaFX Application Thread] DEBUG PrimaryStageWindow   - Scaled size: 1280.0 x 685.0
14:36:36.705 [JavaFX Application Thread] DEBUG PrimaryStageWindow   - Scaled ratio: (1.0, 0.9513888888888888)
14:36:36.705 [JavaFX Application Thread] DEBUG PrimaryStageWindow   - Scene size: 1280.0 x 720.0
14:36:36.706 [JavaFX Application Thread] DEBUG PrimaryStageWindow   - Stage size: 1280.0 x 720.0
14:36:36.712 [FXGL Background Thread 1 ] DEBUG Engine               - Initializing environment variables
14:36:36.769 [FXGL Background Thread 1 ] DEBUG FXGLAssetLoaderServi - User app class for loading assets: class TestPackage.BasicGameSample
14:36:36.769 [FXGL Background Thread 1 ] DEBUG GameApplicationServi - Applying CSS: fxgl_dark.css
14:36:36.770 [FXGL Background Thread 1 ] DEBUG FXGLAssetLoaderServi - Loading from file system: jar:file:///home/me/.m2/repository/com/github/almasb/fxgl/25/fxgl-25.jar!/fxglassets/ui/css/fxgl_dark.css
14:36:36.815 [FXGL Background Thread 1 ] DEBUG GameApplicationServi - Initializing application scenes
14:36:36.851 [FXGL Background Thread 1 ] DEBUG GameWorld            - Game world initialized
14:36:36.899 [FXGL Background Thread 1 ] DEBUG PhysicsWorld         - Physics world initialized: appHeight=720, physics.ppm=50.0
14:36:36.900 [FXGL Background Thread 1 ] DEBUG PhysicsWorld         - Using strategy: BRUTE_FORCE
14:36:36.907 [FXGL Background Thread 1 ] DEBUG GameScene            - Game scene initialized: 1280x720
14:36:36.917 [FXGL Background Thread 1 ] DEBUG FXGL.DefaultMenu     - createMenuBodyGameMenu()
14:36:36.930 [FXGL Background Thread 1 ] DEBUG FXGL.DefaultMenu     - createOptionsMenu()
14:36:36.940 [FXGL Background Thread 1 ] DEBUG FXGLAssetLoaderServi - Loading from file system: jar:file:///home/me/.m2/repository/com/github/almasb/fxgl/25/fxgl-25.jar!/fxglassets/textures/particles/smoke.png
14:36:37.033 [FXGL Background Thread 1 ] DEBUG FXGLAssetLoaderServi - Loading from file system: jar:file:///home/me/.m2/repository/com/github/almasb/fxgl/25/fxgl-25.jar!/fxglassets/textures/particles/trace_horizontal.png
14:36:37.063 [FXGL Background Thread 1 ] DEBUG GameApplicationServi - Application scenes initialized
14:36:37.076 [FXGL Background Thread 1 ] DEBUG SystemBundleService  - Loading FXGL system data
14:36:37.080 [FXGL Background Thread 1 ] DEBUG FileSystemAccess     - Reading from: /home/me/ComProg_Project/system/fxgl.bundle
14:36:37.087 [FXGL Background Thread 1 ] DEBUG SystemBundleService  - Bundle FXGL: {}
14:36:37.087 [FXGL Background Thread 1 ] DEBUG UpdaterService       - Checking for updates
14:36:37.094 [FXGL Background Thread 4 ] DEBUG FXGLApplication      - Loading fonts
14:36:37.095 [FXGL Background Thread 4 ] DEBUG FXGLAssetLoaderServi - Loading from file system: jar:file:///home/me/.m2/repository/com/github/almasb/fxgl/25/fxgl-25.jar!/fxglassets/ui/fonts/VarelaRound-Regular.ttf
14:36:37.095 [FXGL Background Thread 1 ] DEBUG FXGLApplication      - Loading default localization
14:36:37.096 [FXGL Background Thread 1 ] DEBUG FXGLAssetLoaderServi - Loading from file system: jar:file:///home/me/.m2/repository/com/github/almasb/fxgl/25/fxgl-25.jar!/fxglassets/languages/english.lang
14:36:37.105 [FXGL Background Thread 4 ] DEBUG FXGLAssetLoaderServi - Loading from file system: jar:file:///home/me/.m2/repository/com/github/almasb/fxgl/25/fxgl-25.jar!/fxglassets/ui/fonts/Abel-Regular.ttf
14:36:37.108 [FXGL Background Thread 4 ] DEBUG FXGLAssetLoaderServi - Loading from file system: jar:file:///home/me/.m2/repository/com/github/almasb/fxgl/25/fxgl-25.jar!/fxglassets/ui/fonts/TerminalLandMono-Regular.otf
14:36:37.111 [FXGL Background Thread 4 ] DEBUG FXGLAssetLoaderServi - Loading from file system: jar:file:///home/me/.m2/repository/com/github/almasb/fxgl/25/fxgl-25.jar!/fxglassets/ui/fonts/Courier-Prime.ttf
14:36:37.114 [FXGL Background Thread 1 ] INFO  FXGLApplication      - FXGL initialization took: 0.402 sec
14:36:37.126 [JavaFX Application Thread] DEBUG Input                - Registered new binding: Shoot - Space
14:36:37.127 [JavaFX Application Thread] DEBUG Input                - Registered new binding: Move up - W
14:36:37.127 [JavaFX Application Thread] DEBUG Input                - Registered new binding: Move down - S
14:36:37.127 [JavaFX Application Thread] DEBUG Input                - Registered new binding: Move left - A
14:36:37.128 [JavaFX Application Thread] DEBUG Input                - Registered new binding: Move right - D
14:36:37.128 [JavaFX Application Thread] DEBUG FXGLAssetLoaderServi - Loading from file system: jar:file:///home/me/.m2/repository/com/github/almasb/fxgl/25/fxgl-25.jar!/fxglassets/textures/fxgl_icon.png
14:36:37.150 [JavaFX Application Thread] DEBUG FXGLAssetLoaderServi - Loading from file system: jar:file:///home/me/.m2/repository/com/github/almasb/fxgl/25/fxgl-25.jar!/fxglassets/textures/fxgl_default_cursor.png
14:36:37.153 [JavaFX Application Thread] DEBUG Input                - Registered new binding: Screenshot - CTRL+8
14:36:37.154 [JavaFX Application Thread] DEBUG Input                - Registered new binding: System info dump - CTRL+9
14:36:37.154 [JavaFX Application Thread] DEBUG Input                - Registered new binding: Restart - CTRL+R
14:36:37.155 [JavaFX Application Thread] DEBUG Input                - Registered new binding: Toggle Debug Camera - CTRL+7
14:36:37.159 [JavaFX Application Thread] DEBUG LoopRunner           - Starting loop
14:36:37.159 [JavaFX Application Thread] DEBUG LoopRunner           - Initializing JavaFX AnimationTimerLoop
14:36:37.160 [JavaFX Application Thread] DEBUG GameApplicationServi - Starting new game
14:36:37.160 [JavaFX Application Thread] DEBUG Input                - Clearing active input actions
14:36:37.171 [JavaFX Application Thread] DEBUG GameApplicationServi - Removing overlay from FXGLStartupScene and adding to FXGLLoadingScene
14:36:37.171 [JavaFX Application Thread] DEBUG PrimaryStageWindow   - FXGLStartupScene -> FXGLLoadingScene
14:36:37.171 [JavaFX Application Thread] DEBUG GameApplicationServi - Clearing previous game
14:36:37.171 [JavaFX Application Thread] DEBUG GameScene            - Clearing game scene
14:36:37.171 [JavaFX Application Thread] DEBUG GameWorld            - Clearing game world
14:36:37.172 [JavaFX Application Thread] DEBUG PhysicsWorld         - Clearing physics world
14:36:37.174 [FXGL Background Thread 4 ] DEBUG FXGLApplication      - Initializing game
14:36:37.187 [FXGL Background Thread 4 ] DEBUG FXGLAssetLoaderServi - Loading from file system: file:/home/me/ComProg_Project/target/classes/assets/textures/idle_sprite.png
14:36:37.198 [FXGL Background Thread 4 ] DEBUG FXGLAssetLoaderServi - Loading from file system: file:/home/me/ComProg_Project/target/classes/assets/textures/down_sprite.png
14:36:37.206 [FXGL Background Thread 4 ] DEBUG FXGLAssetLoaderServi - Loading from file system: file:/home/me/ComProg_Project/target/classes/assets/textures/up_sprite.png
14:36:37.234 [FXGL Background Thread 4 ] INFO  FXGLApplication      - Game initialization took: 0.060 sec
14:36:37.309 [JavaFX Application Thread] DEBUG Input                - Clearing active input actions
14:36:37.322 [JavaFX Application Thread] DEBUG GameApplicationServi - Removing overlay from FXGLLoadingScene and adding to GameScene
14:36:37.323 [JavaFX Application Thread] DEBUG PrimaryStageWindow   - FXGLLoadingScene -> GameScene
14:36:37.772 [JavaFX Application Thread] DEBUG FXGLAssetLoaderServi - Loading from file system: file:/home/me/ComProg_Project/target/classes/assets/textures/bullet_sprite.png
14:36:40.092 [FXGL Background Thread 3 ] DEBUG Engine               - Logging environment variables
14:36:40.094 [FXGL Background Thread 3 ] DEBUG Engine               - achievements: []
14:36:40.094 [FXGL Background Thread 3 ] DEBUG Engine               - actualHeight: 685.0
14:36:40.094 [FXGL Background Thread 3 ] DEBUG Engine               - actualHeightProperty: ReadOnlyDoubleProperty [value: 685.0]
14:36:40.095 [FXGL Background Thread 3 ] DEBUG Engine               - actualWidth: 1280.0
14:36:40.095 [FXGL Background Thread 3 ] DEBUG Engine               - actualWidthProperty: ReadOnlyDoubleProperty [value: 1280.0]
14:36:40.095 [FXGL Background Thread 3 ] DEBUG Engine               - appIcon: fxgl_icon.png
14:36:40.095 [FXGL Background Thread 3 ] DEBUG Engine               - applicationMode: DEVELOPER
14:36:40.096 [FXGL Background Thread 3 ] DEBUG Engine               - cSSList: [fxgl_dark.css]
14:36:40.096 [FXGL Background Thread 3 ] DEBUG Engine               - collisionDetectionStrategy: BRUTE_FORCE
14:36:40.096 [FXGL Background Thread 3 ] DEBUG Engine               - configClass: Optional.empty
14:36:40.097 [FXGL Background Thread 3 ] DEBUG Engine               - credits: []
14:36:40.098 [FXGL Background Thread 3 ] DEBUG Engine               - defaultCursor: CursorInfo(imageName=fxgl_default_cursor.png, hotspotX=7.0, hotspotY=6.0)
14:36:40.098 [FXGL Background Thread 3 ] DEBUG Engine               - devBBoxColorProperty: ObjectProperty [value: 0xff0000ff]
14:36:40.099 [FXGL Background Thread 3 ] DEBUG Engine               - devEnableDebugCameraProperty: BooleanProperty [value: false]
14:36:40.099 [FXGL Background Thread 3 ] DEBUG Engine               - devSensorColorProperty: ObjectProperty [value: 0xffff00ff]
14:36:40.100 [FXGL Background Thread 3 ] DEBUG Engine               - devShowBBoxProperty: BooleanProperty [value: false]
14:36:40.100 [FXGL Background Thread 3 ] DEBUG Engine               - devShowPositionProperty: BooleanProperty [value: false]
14:36:40.100 [FXGL Background Thread 3 ] DEBUG Engine               - enabledMenuItems: []
14:36:40.101 [FXGL Background Thread 3 ] DEBUG Engine               - engineServices: [class com.almasb.fxgl.app.services.FXGLAssetLoaderService, class com.almasb.fxgl.app.FXGLApplication$GameApplicationService, class com.almasb.fxgl.app.services.FXGLDialogService, class com.almasb.fxgl.app.services.IOTaskExecutorService, class com.almasb.fxgl.io.FileSystemService, class com.almasb.fxgl.localization.LocalizationService, class com.almasb.fxgl.app.services.SystemBundleService, class com.almasb.fxgl.profile.SaveLoadService, class com.almasb.fxgl.ui.FXGLUIFactoryServiceProvider, class com.almasb.fxgl.ui.FXGLDialogFactoryServiceProvider, class com.almasb.fxgl.audio.AudioPlayer, class com.almasb.fxgl.notification.impl.NotificationServiceProvider, class com.almasb.fxgl.achievement.AchievementService, class com.almasb.fxgl.cutscene.CutsceneService, class com.almasb.fxgl.minigames.MiniGameService, class com.almasb.fxgl.net.NetService, class com.almasb.fxgl.app.services.UpdaterService, class com.almasb.fxgl.dev.DevService]
14:36:40.101 [FXGL Background Thread 3 ] DEBUG Engine               - fontGame: Abel-Regular.ttf
14:36:40.101 [FXGL Background Thread 3 ] DEBUG Engine               - fontMono: TerminalLandMono-Regular.otf
14:36:40.102 [FXGL Background Thread 3 ] DEBUG Engine               - fontSizeScaleUI: 1.0
14:36:40.102 [FXGL Background Thread 3 ] DEBUG Engine               - fontText: Courier-Prime.ttf
14:36:40.103 [FXGL Background Thread 3 ] DEBUG Engine               - fontUI: VarelaRound-Regular.ttf
14:36:40.104 [FXGL Background Thread 3 ] DEBUG Engine               - fpsRefreshRate: 500.0 ms
14:36:40.104 [FXGL Background Thread 3 ] DEBUG Engine               - fullScreen: BooleanProperty [value: false]
14:36:40.104 [FXGL Background Thread 3 ] DEBUG Engine               - gameDifficulty: MEDIUM
14:36:40.105 [FXGL Background Thread 3 ] DEBUG Engine               - gameDifficultyProperty: ObjectProperty [value: MEDIUM]
14:36:40.105 [FXGL Background Thread 3 ] DEBUG Engine               - globalMusicVolume: 0.5
14:36:40.105 [FXGL Background Thread 3 ] DEBUG Engine               - globalMusicVolumeProperty: DoubleProperty [value: 0.5]
14:36:40.106 [FXGL Background Thread 3 ] DEBUG Engine               - globalSoundVolume: 0.5
14:36:40.106 [FXGL Background Thread 3 ] DEBUG Engine               - globalSoundVolumeProperty: DoubleProperty [value: 0.5]
14:36:40.106 [FXGL Background Thread 3 ] DEBUG Engine               - height: 720
14:36:40.106 [FXGL Background Thread 3 ] DEBUG Engine               - is3D: false
14:36:40.107 [FXGL Background Thread 3 ] DEBUG Engine               - isAndroid: false
14:36:40.107 [FXGL Background Thread 3 ] DEBUG Engine               - isBrowser: false
14:36:40.107 [FXGL Background Thread 3 ] DEBUG Engine               - isClickFeedbackEnabled: false
14:36:40.107 [FXGL Background Thread 3 ] DEBUG Engine               - isCloseConfirmation: false
14:36:40.108 [FXGL Background Thread 3 ] DEBUG Engine               - isDesktop: true
14:36:40.108 [FXGL Background Thread 3 ] DEBUG Engine               - isDeveloperMenuEnabled: false
14:36:40.108 [FXGL Background Thread 3 ] DEBUG Engine               - isEmbedded: false
14:36:40.108 [FXGL Background Thread 3 ] DEBUG Engine               - isEntityPreloadEnabled: true
14:36:40.109 [FXGL Background Thread 3 ] DEBUG Engine               - isExperimentalTiledLargeMap: false
14:36:40.109 [FXGL Background Thread 3 ] DEBUG Engine               - isFileSystemWriteAllowed: true
14:36:40.109 [FXGL Background Thread 3 ] DEBUG Engine               - isFullScreenAllowed: false
14:36:40.110 [FXGL Background Thread 3 ] DEBUG Engine               - isFullScreenFromStart: false
14:36:40.110 [FXGL Background Thread 3 ] DEBUG Engine               - isGameMenuEnabled: true
14:36:40.110 [FXGL Background Thread 3 ] DEBUG Engine               - isIOS: false
14:36:40.110 [FXGL Background Thread 3 ] DEBUG Engine               - isIntroEnabled: false
14:36:40.110 [FXGL Background Thread 3 ] DEBUG Engine               - isLinux: true
14:36:40.111 [FXGL Background Thread 3 ] DEBUG Engine               - isMac: false
14:36:40.111 [FXGL Background Thread 3 ] DEBUG Engine               - isMainMenuEnabled: false
14:36:40.111 [FXGL Background Thread 3 ] DEBUG Engine               - isManualResizeEnabled: false
14:36:40.111 [FXGL Background Thread 3 ] DEBUG Engine               - isMobile: false
14:36:40.111 [FXGL Background Thread 3 ] DEBUG Engine               - isNative: false
14:36:40.112 [FXGL Background Thread 3 ] DEBUG Engine               - isPauseMusicWhenMinimized: true
14:36:40.112 [FXGL Background Thread 3 ] DEBUG Engine               - isPreserveResizeRatio: false
14:36:40.112 [FXGL Background Thread 3 ] DEBUG Engine               - isProfilingEnabled: false
14:36:40.112 [FXGL Background Thread 3 ] DEBUG Engine               - isScaleAffectedOnResize: true
14:36:40.112 [FXGL Background Thread 3 ] DEBUG Engine               - isSingleStep: false
14:36:40.113 [FXGL Background Thread 3 ] DEBUG Engine               - isUserProfileEnabled: false
14:36:40.113 [FXGL Background Thread 3 ] DEBUG Engine               - isWindows: false
14:36:40.113 [FXGL Background Thread 3 ] DEBUG Engine               - language: ObjectProperty [value: ENGLISH]
14:36:40.113 [FXGL Background Thread 3 ] DEBUG Engine               - menuKey: ESCAPE
14:36:40.113 [FXGL Background Thread 3 ] DEBUG Engine               - mouseSensitivity: 0.2
14:36:40.114 [FXGL Background Thread 3 ] DEBUG Engine               - notificationViewClass: class com.almasb.fxgl.notification.view.XboxNotificationView
14:36:40.114 [FXGL Background Thread 3 ] DEBUG Engine               - pixelsPerMeter: 50.0
14:36:40.114 [FXGL Background Thread 3 ] DEBUG Engine               - platform: LINUX
14:36:40.115 [FXGL Background Thread 3 ] DEBUG Engine               - prefHeightProperty: ReadOnlyDoubleProperty [value: 720.0]
14:36:40.115 [FXGL Background Thread 3 ] DEBUG Engine               - prefWidthProperty: ReadOnlyDoubleProperty [value: 1280.0]
14:36:40.115 [FXGL Background Thread 3 ] DEBUG Engine               - profileDir: profiles/
14:36:40.115 [FXGL Background Thread 3 ] DEBUG Engine               - profileName: StringProperty [value: DEFAULT]
14:36:40.115 [FXGL Background Thread 3 ] DEBUG Engine               - randomSeed: -1
14:36:40.116 [FXGL Background Thread 3 ] DEBUG Engine               - runtimeInfo: RuntimeInfo(platform=LINUX, version=25, build=05.02.2026 22.57)
14:36:40.116 [FXGL Background Thread 3 ] DEBUG Engine               - saveFileExt: sav
14:36:40.116 [FXGL Background Thread 3 ] DEBUG Engine               - scaledHeightProp$fxgl: DoubleProperty [bound, value: 685.0]
14:36:40.117 [FXGL Background Thread 3 ] DEBUG Engine               - scaledWidthProp$fxgl: DoubleProperty [bound, value: 1280.0]
14:36:40.117 [FXGL Background Thread 3 ] DEBUG Engine               - sceneFactory: com.almasb.fxgl.app.scene.SceneFactory@520a9be
14:36:40.117 [FXGL Background Thread 3 ] DEBUG Engine               - secondsIn24h: 60
14:36:40.117 [FXGL Background Thread 3 ] DEBUG Engine               - soundMenuBack: menu/back.wav
14:36:40.118 [FXGL Background Thread 3 ] DEBUG Engine               - soundMenuPress: menu/press.wav
14:36:40.118 [FXGL Background Thread 3 ] DEBUG Engine               - soundMenuSelect: menu/select.wav
14:36:40.118 [FXGL Background Thread 3 ] DEBUG Engine               - soundNotification: core/notification.wav
14:36:40.118 [FXGL Background Thread 3 ] DEBUG Engine               - stageStyle: DECORATED
14:36:40.119 [FXGL Background Thread 3 ] DEBUG Engine               - supportedLanguages: [ENGLISH, FRENCH, GERMAN, HUNGARIAN, RUSSIAN]
14:36:40.119 [FXGL Background Thread 3 ] DEBUG Engine               - ticksPerSecond: -1
14:36:40.119 [FXGL Background Thread 3 ] DEBUG Engine               - title: Untitled
14:36:40.120 [FXGL Background Thread 3 ] DEBUG Engine               - urlGithub: https://github.com/AlmasB/FXGL
14:36:40.120 [FXGL Background Thread 3 ] DEBUG Engine               - urlLeaderboard: http://fxgl-top.herokuapp.com/
14:36:40.120 [FXGL Background Thread 3 ] DEBUG Engine               - urlPOM: https://raw.githubusercontent.com/AlmasB/FXGL/release/README.md
14:36:40.120 [FXGL Background Thread 3 ] DEBUG Engine               - userAppClass: class TestPackage.BasicGameSample
14:36:40.120 [FXGL Background Thread 3 ] DEBUG Engine               - version: 0.0
14:36:40.121 [FXGL Background Thread 3 ] DEBUG Engine               - versionCheckDays: 7
14:36:40.121 [FXGL Background Thread 3 ] DEBUG Engine               - width: 1280
14:36:40.121 [FXGL Background Thread 3 ] DEBUG Engine               - Logging services
14:36:40.121 [FXGL Background Thread 3 ] DEBUG Engine               - class com.almasb.fxgl.app.services.FXGLAssetLoaderService
14:36:40.121 [FXGL Background Thread 3 ] DEBUG Engine               - class com.almasb.fxgl.app.FXGLApplication$GameApplicationService
14:36:40.121 [FXGL Background Thread 3 ] DEBUG Engine               - class com.almasb.fxgl.app.services.FXGLDialogService
14:36:40.121 [FXGL Background Thread 3 ] DEBUG Engine               - class com.almasb.fxgl.app.services.IOTaskExecutorService
14:36:40.121 [FXGL Background Thread 3 ] DEBUG Engine               - class com.almasb.fxgl.io.FileSystemService
14:36:40.121 [FXGL Background Thread 3 ] DEBUG Engine               - class com.almasb.fxgl.localization.LocalizationService
14:36:40.121 [FXGL Background Thread 3 ] DEBUG Engine               - class com.almasb.fxgl.app.services.SystemBundleService
14:36:40.122 [FXGL Background Thread 3 ] DEBUG Engine               - class com.almasb.fxgl.profile.SaveLoadService
14:36:40.122 [FXGL Background Thread 3 ] DEBUG Engine               - class com.almasb.fxgl.ui.FXGLUIFactoryServiceProvider
14:36:40.122 [FXGL Background Thread 3 ] DEBUG Engine               - class com.almasb.fxgl.ui.FXGLDialogFactoryServiceProvider
14:36:40.122 [FXGL Background Thread 3 ] DEBUG Engine               - class com.almasb.fxgl.audio.AudioPlayer
14:36:40.122 [FXGL Background Thread 3 ] DEBUG Engine               - class com.almasb.fxgl.notification.impl.NotificationServiceProvider
14:36:40.122 [FXGL Background Thread 3 ] DEBUG Engine               - class com.almasb.fxgl.achievement.AchievementService
14:36:40.122 [FXGL Background Thread 3 ] DEBUG Engine               - class com.almasb.fxgl.cutscene.CutsceneService
14:36:40.122 [FXGL Background Thread 3 ] DEBUG Engine               - class com.almasb.fxgl.minigames.MiniGameService
14:36:40.122 [FXGL Background Thread 3 ] DEBUG Engine               - class com.almasb.fxgl.net.NetService
14:36:40.122 [FXGL Background Thread 3 ] DEBUG Engine               - class com.almasb.fxgl.app.services.UpdaterService
14:36:40.122 [FXGL Background Thread 3 ] DEBUG Engine               - class com.almasb.fxgl.dev.DevService
14:36:44.921 [JavaFX Application Thread] DEBUG FXGLApplication      - Exiting FXGL
14:36:44.921 [JavaFX Application Thread] DEBUG LoopRunner           - Stopping loop
14:36:44.921 [JavaFX Application Thread] DEBUG SystemBundleService  - Saving FXGL system data
14:36:44.923 [JavaFX Application Thread] DEBUG FileSystemAccess     - Writing to: /home/me/ComProg_Project/system/fxgl.bundle
14:36:44.925 [JavaFX Application Thread] DEBUG Async                - Shutting down background threads
14:36:44.925 [JavaFX Application Thread] DEBUG PrimaryStageWindow   - Closing main window
14:36:44.928 [JavaFX Application Thread] DEBUG Logger               - Closing Logger
