15:59:19.576 [main                     ] DEBUG Logger               - Configured Logger
15:59:19.589 [main                     ] DEBUG GameApplication      - Logging settings
Title: Untitled
Version: 0.0
Width: 800
Height: 600
Fullscreen: false
Intro: false
Profiling: false
Single step:false
App Mode: DEVELOPER
Menu Key: ESCAPE
Stage Style: DECORATED
Scene Factory: class com.almasb.fxgl.app.scene.SceneFactory

15:59:19.962 [JavaFX Application Thread] DEBUG FXGLApplication      - Initializing FXGL
15:59:19.967 [JavaFX Application Thread] INFO  Engine               - FXGL-25 (05.02.2026 22.57) on LINUX (J:25.0.2 FX:21.0.6)
15:59:19.967 [JavaFX Application Thread] DEBUG Engine               - JRE Vendor Name: Arch Linux
15:59:19.968 [JavaFX Application Thread] DEBUG Engine               - Running on OS: Linux version 6.18.9-arch1-2
15:59:19.968 [JavaFX Application Thread] DEBUG Engine               - Architecture: amd64
15:59:19.968 [JavaFX Application Thread] INFO  Engine               - Source code and latest versions at: https://github.com/AlmasB/FXGL
15:59:19.968 [JavaFX Application Thread] INFO  Engine               -       Ask questions and discuss at: https://github.com/AlmasB/FXGL/discussions
15:59:20.094 [JavaFX Application Thread] DEBUG PrimaryStageWindow   - Creating a JavaFX scene
15:59:20.229 [JavaFX Application Thread] DEBUG PrimaryStageWindow   - Target settings size: 800.0 x 600.0
15:59:20.229 [JavaFX Application Thread] DEBUG PrimaryStageWindow   - Scaled scene size:    800.0 x 600.0
15:59:20.229 [JavaFX Application Thread] DEBUG PrimaryStageWindow   - Scaled ratio: (1.0, 1.0)
15:59:20.230 [JavaFX Application Thread] DEBUG PrimaryStageWindow   - Set initial scene to FXGLStartupScene
15:59:20.236 [JavaFX Application Thread] DEBUG PrimaryStageWindow   - Opening main window
15:59:20.344 [JavaFX Application Thread] DEBUG PrimaryStageWindow   - Window border size: (0.0, 35.0)
15:59:20.344 [JavaFX Application Thread] DEBUG PrimaryStageWindow   - Scaled size: 800.0 x 565.0
15:59:20.344 [JavaFX Application Thread] DEBUG PrimaryStageWindow   - Scaled ratio: (1.0, 0.9416666666666667)
15:59:20.344 [JavaFX Application Thread] DEBUG PrimaryStageWindow   - Scene size: 800.0 x 600.0
15:59:20.344 [JavaFX Application Thread] DEBUG PrimaryStageWindow   - Stage size: 800.0 x 600.0
15:59:20.352 [FXGL Background Thread 1 ] DEBUG Engine               - Initializing environment variables
15:59:20.444 [FXGL Background Thread 1 ] DEBUG FXGLAssetLoaderServi - User app class for loading assets: class TestPackage.BasicGameSample
15:59:20.444 [FXGL Background Thread 1 ] DEBUG GameApplicationServi - Applying CSS: fxgl_dark.css
15:59:20.446 [FXGL Background Thread 1 ] DEBUG FXGLAssetLoaderServi - Loading from file system: jar:file:///home/me/.m2/repository/com/github/almasb/fxgl/25/fxgl-25.jar!/fxglassets/ui/css/fxgl_dark.css
15:59:20.514 [FXGL Background Thread 1 ] DEBUG GameApplicationServi - Initializing application scenes
15:59:20.571 [FXGL Background Thread 1 ] DEBUG GameWorld            - Game world initialized
15:59:20.651 [FXGL Background Thread 1 ] DEBUG PhysicsWorld         - Physics world initialized: appHeight=600, physics.ppm=50.0
15:59:20.651 [FXGL Background Thread 1 ] DEBUG PhysicsWorld         - Using strategy: BRUTE_FORCE
15:59:20.658 [FXGL Background Thread 1 ] DEBUG GameScene            - Game scene initialized: 800x600
15:59:20.677 [FXGL Background Thread 1 ] DEBUG FXGL.DefaultMenu     - createMenuBodyGameMenu()
15:59:20.697 [FXGL Background Thread 1 ] DEBUG FXGL.DefaultMenu     - createOptionsMenu()
15:59:20.713 [FXGL Background Thread 1 ] DEBUG FXGLAssetLoaderServi - Loading from file system: jar:file:///home/me/.m2/repository/com/github/almasb/fxgl/25/fxgl-25.jar!/fxglassets/textures/particles/smoke.png
15:59:20.859 [FXGL Background Thread 1 ] DEBUG FXGLAssetLoaderServi - Loading from file system: jar:file:///home/me/.m2/repository/com/github/almasb/fxgl/25/fxgl-25.jar!/fxglassets/textures/particles/trace_horizontal.png
15:59:20.922 [FXGL Background Thread 1 ] DEBUG GameApplicationServi - Application scenes initialized
15:59:20.941 [FXGL Background Thread 1 ] DEBUG SystemBundleService  - Loading FXGL system data
15:59:20.947 [FXGL Background Thread 1 ] DEBUG FileSystemAccess     - Reading from: /home/me/ComProg_Project/system/fxgl.bundle
15:59:20.958 [FXGL Background Thread 1 ] DEBUG SystemBundleService  - Bundle FXGL: {}
15:59:20.958 [FXGL Background Thread 1 ] DEBUG UpdaterService       - Checking for updates
15:59:20.968 [FXGL Background Thread 4 ] DEBUG FXGLApplication      - Loading fonts
15:59:20.969 [FXGL Background Thread 4 ] DEBUG FXGLAssetLoaderServi - Loading from file system: jar:file:///home/me/.m2/repository/com/github/almasb/fxgl/25/fxgl-25.jar!/fxglassets/ui/fonts/VarelaRound-Regular.ttf
15:59:20.970 [FXGL Background Thread 1 ] DEBUG FXGLApplication      - Loading default localization
15:59:20.971 [FXGL Background Thread 1 ] DEBUG FXGLAssetLoaderServi - Loading from file system: jar:file:///home/me/.m2/repository/com/github/almasb/fxgl/25/fxgl-25.jar!/fxglassets/languages/english.lang
15:59:20.981 [FXGL Background Thread 4 ] DEBUG FXGLAssetLoaderServi - Loading from file system: jar:file:///home/me/.m2/repository/com/github/almasb/fxgl/25/fxgl-25.jar!/fxglassets/ui/fonts/Abel-Regular.ttf
15:59:20.983 [FXGL Background Thread 4 ] DEBUG FXGLAssetLoaderServi - Loading from file system: jar:file:///home/me/.m2/repository/com/github/almasb/fxgl/25/fxgl-25.jar!/fxglassets/ui/fonts/TerminalLandMono-Regular.otf
15:59:20.987 [FXGL Background Thread 4 ] DEBUG FXGLAssetLoaderServi - Loading from file system: jar:file:///home/me/.m2/repository/com/github/almasb/fxgl/25/fxgl-25.jar!/fxglassets/ui/fonts/Courier-Prime.ttf
15:59:20.995 [JavaFX Application Thread] DEBUG FXGLApplication      - Registering font factories with UI factory
15:59:20.997 [FXGL Background Thread 1 ] INFO  FXGLApplication      - FXGL initialization took: 0.644 sec
15:59:20.999 [JavaFX Application Thread] DEBUG FXGLAssetLoaderServi - Loading from file system: jar:file:///home/me/.m2/repository/com/github/almasb/fxgl/25/fxgl-25.jar!/fxglassets/textures/fxgl_icon.png
15:59:21.055 [JavaFX Application Thread] DEBUG FXGLAssetLoaderServi - Loading from file system: jar:file:///home/me/.m2/repository/com/github/almasb/fxgl/25/fxgl-25.jar!/fxglassets/textures/fxgl_default_cursor.png
15:59:21.072 [JavaFX Application Thread] DEBUG Input                - Registered new binding: Screenshot - CTRL+8
15:59:21.073 [JavaFX Application Thread] DEBUG Input                - Registered new binding: System info dump - CTRL+9
15:59:21.073 [JavaFX Application Thread] DEBUG Input                - Registered new binding: Restart - CTRL+R
15:59:21.075 [JavaFX Application Thread] DEBUG Input                - Registered new binding: Toggle Debug Camera - CTRL+7
15:59:21.079 [JavaFX Application Thread] DEBUG LoopRunner           - Starting loop
15:59:21.080 [JavaFX Application Thread] DEBUG LoopRunner           - Initializing JavaFX AnimationTimerLoop
15:59:21.081 [JavaFX Application Thread] DEBUG GameApplicationServi - Starting new game
15:59:21.082 [JavaFX Application Thread] DEBUG Input                - Clearing active input actions
15:59:21.101 [JavaFX Application Thread] DEBUG GameApplicationServi - Removing overlay from FXGLStartupScene and adding to FXGLLoadingScene
15:59:21.102 [JavaFX Application Thread] DEBUG PrimaryStageWindow   - FXGLStartupScene -> FXGLLoadingScene
15:59:21.102 [JavaFX Application Thread] DEBUG GameApplicationServi - Clearing previous game
15:59:21.102 [JavaFX Application Thread] DEBUG GameScene            - Clearing game scene
15:59:21.102 [JavaFX Application Thread] DEBUG GameWorld            - Clearing game world
15:59:21.102 [JavaFX Application Thread] DEBUG PhysicsWorld         - Clearing physics world
15:59:21.105 [FXGL Background Thread 1 ] DEBUG FXGLApplication      - Initializing game
15:59:21.129 [FXGL Background Thread 1 ] WARN  FXGLAssetLoaderServi - Asset "/assets/textures/Cuphead_Plane.png" was not found!
15:59:21.130 [FXGL Background Thread 1 ] WARN  FXGLAssetLoaderServi - Failed to load IMAGE
15:59:21.333 [FXGL Background Thread 1 ] INFO  FXGLApplication      - Game initialization took: 0.228 sec
15:59:21.339 [JavaFX Application Thread] DEBUG Input                - Clearing active input actions
15:59:21.366 [JavaFX Application Thread] DEBUG GameApplicationServi - Removing overlay from FXGLLoadingScene and adding to GameScene
15:59:21.367 [JavaFX Application Thread] DEBUG PrimaryStageWindow   - FXGLLoadingScene -> GameScene
15:59:23.965 [FXGL Background Thread 3 ] DEBUG Engine               - Logging environment variables
15:59:23.965 [FXGL Background Thread 3 ] DEBUG Engine               - achievements: []
15:59:23.966 [FXGL Background Thread 3 ] DEBUG Engine               - actualHeight: 565.0
15:59:23.966 [FXGL Background Thread 3 ] DEBUG Engine               - actualHeightProperty: ReadOnlyDoubleProperty [value: 958.0]
15:59:23.966 [FXGL Background Thread 3 ] DEBUG Engine               - actualWidth: 800.0
15:59:23.966 [FXGL Background Thread 3 ] DEBUG Engine               - actualWidthProperty: ReadOnlyDoubleProperty [value: 938.0]
15:59:23.966 [FXGL Background Thread 3 ] DEBUG Engine               - appIcon: fxgl_icon.png
15:59:23.966 [FXGL Background Thread 3 ] DEBUG Engine               - applicationMode: DEVELOPER
15:59:23.967 [FXGL Background Thread 3 ] DEBUG Engine               - cSSList: [fxgl_dark.css]
15:59:23.967 [FXGL Background Thread 3 ] DEBUG Engine               - collisionDetectionStrategy: BRUTE_FORCE
15:59:23.967 [FXGL Background Thread 3 ] DEBUG Engine               - configClass: Optional.empty
15:59:23.967 [FXGL Background Thread 3 ] DEBUG Engine               - credits: []
15:59:23.967 [FXGL Background Thread 3 ] DEBUG Engine               - defaultCursor: CursorInfo(imageName=fxgl_default_cursor.png, hotspotX=7.0, hotspotY=6.0)
15:59:23.968 [FXGL Background Thread 3 ] DEBUG Engine               - devBBoxColorProperty: ObjectProperty [value: 0xff0000ff]
15:59:23.968 [FXGL Background Thread 3 ] DEBUG Engine               - devEnableDebugCameraProperty: BooleanProperty [value: false]
15:59:23.968 [FXGL Background Thread 3 ] DEBUG Engine               - devSensorColorProperty: ObjectProperty [value: 0xffff00ff]
15:59:23.969 [FXGL Background Thread 3 ] DEBUG Engine               - devShowBBoxProperty: BooleanProperty [value: false]
15:59:23.969 [FXGL Background Thread 3 ] DEBUG Engine               - devShowPositionProperty: BooleanProperty [value: false]
15:59:23.969 [FXGL Background Thread 3 ] DEBUG Engine               - enabledMenuItems: []
15:59:23.969 [FXGL Background Thread 3 ] DEBUG Engine               - engineServices: [class com.almasb.fxgl.app.services.FXGLAssetLoaderService, class com.almasb.fxgl.app.FXGLApplication$GameApplicationService, class com.almasb.fxgl.app.services.FXGLDialogService, class com.almasb.fxgl.app.services.IOTaskExecutorService, class com.almasb.fxgl.io.FileSystemService, class com.almasb.fxgl.localization.LocalizationService, class com.almasb.fxgl.app.services.SystemBundleService, class com.almasb.fxgl.profile.SaveLoadService, class com.almasb.fxgl.ui.FXGLUIFactoryServiceProvider, class com.almasb.fxgl.ui.FXGLDialogFactoryServiceProvider, class com.almasb.fxgl.audio.AudioPlayer, class com.almasb.fxgl.notification.impl.NotificationServiceProvider, class com.almasb.fxgl.achievement.AchievementService, class com.almasb.fxgl.cutscene.CutsceneService, class com.almasb.fxgl.minigames.MiniGameService, class com.almasb.fxgl.net.NetService, class com.almasb.fxgl.app.services.UpdaterService, class com.almasb.fxgl.dev.DevService]
15:59:23.969 [FXGL Background Thread 3 ] DEBUG Engine               - fontGame: Abel-Regular.ttf
15:59:23.970 [FXGL Background Thread 3 ] DEBUG Engine               - fontMono: TerminalLandMono-Regular.otf
15:59:23.970 [FXGL Background Thread 3 ] DEBUG Engine               - fontSizeScaleUI: 1.0
15:59:23.970 [FXGL Background Thread 3 ] DEBUG Engine               - fontText: Courier-Prime.ttf
15:59:23.970 [FXGL Background Thread 3 ] DEBUG Engine               - fontUI: VarelaRound-Regular.ttf
15:59:23.971 [FXGL Background Thread 3 ] DEBUG Engine               - fpsRefreshRate: 500.0 ms
15:59:23.971 [FXGL Background Thread 3 ] DEBUG Engine               - fullScreen: BooleanProperty [value: false]
15:59:23.971 [FXGL Background Thread 3 ] DEBUG Engine               - gameDifficulty: MEDIUM
15:59:23.971 [FXGL Background Thread 3 ] DEBUG Engine               - gameDifficultyProperty: ObjectProperty [value: MEDIUM]
15:59:23.971 [FXGL Background Thread 3 ] DEBUG Engine               - globalMusicVolume: 0.5
15:59:23.972 [FXGL Background Thread 3 ] DEBUG Engine               - globalMusicVolumeProperty: DoubleProperty [value: 0.5]
15:59:23.972 [FXGL Background Thread 3 ] DEBUG Engine               - globalSoundVolume: 0.5
15:59:23.972 [FXGL Background Thread 3 ] DEBUG Engine               - globalSoundVolumeProperty: DoubleProperty [value: 0.5]
15:59:23.972 [FXGL Background Thread 3 ] DEBUG Engine               - height: 600
15:59:23.972 [FXGL Background Thread 3 ] DEBUG Engine               - is3D: false
15:59:23.972 [FXGL Background Thread 3 ] DEBUG Engine               - isAndroid: false
15:59:23.973 [FXGL Background Thread 3 ] DEBUG Engine               - isBrowser: false
15:59:23.973 [FXGL Background Thread 3 ] DEBUG Engine               - isClickFeedbackEnabled: false
15:59:23.973 [FXGL Background Thread 3 ] DEBUG Engine               - isCloseConfirmation: false
15:59:23.973 [FXGL Background Thread 3 ] DEBUG Engine               - isDesktop: true
15:59:23.973 [FXGL Background Thread 3 ] DEBUG Engine               - isDeveloperMenuEnabled: false
15:59:23.973 [FXGL Background Thread 3 ] DEBUG Engine               - isEmbedded: false
15:59:23.974 [FXGL Background Thread 3 ] DEBUG Engine               - isEntityPreloadEnabled: true
15:59:23.974 [FXGL Background Thread 3 ] DEBUG Engine               - isExperimentalTiledLargeMap: false
15:59:23.974 [FXGL Background Thread 3 ] DEBUG Engine               - isFileSystemWriteAllowed: true
15:59:23.974 [FXGL Background Thread 3 ] DEBUG Engine               - isFullScreenAllowed: false
15:59:23.975 [FXGL Background Thread 3 ] DEBUG Engine               - isFullScreenFromStart: false
15:59:23.975 [FXGL Background Thread 3 ] DEBUG Engine               - isGameMenuEnabled: true
15:59:23.975 [FXGL Background Thread 3 ] DEBUG Engine               - isIOS: false
15:59:23.975 [FXGL Background Thread 3 ] DEBUG Engine               - isIntroEnabled: false
15:59:23.975 [FXGL Background Thread 3 ] DEBUG Engine               - isLinux: true
15:59:23.976 [FXGL Background Thread 3 ] DEBUG Engine               - isMac: false
15:59:23.976 [FXGL Background Thread 3 ] DEBUG Engine               - isMainMenuEnabled: false
15:59:23.976 [FXGL Background Thread 3 ] DEBUG Engine               - isManualResizeEnabled: false
15:59:23.977 [FXGL Background Thread 3 ] DEBUG Engine               - isMobile: false
15:59:23.977 [FXGL Background Thread 3 ] DEBUG Engine               - isNative: false
15:59:23.977 [FXGL Background Thread 3 ] DEBUG Engine               - isPauseMusicWhenMinimized: true
15:59:23.977 [FXGL Background Thread 3 ] DEBUG Engine               - isPreserveResizeRatio: false
15:59:23.978 [FXGL Background Thread 3 ] DEBUG Engine               - isProfilingEnabled: false
15:59:23.978 [FXGL Background Thread 3 ] DEBUG Engine               - isScaleAffectedOnResize: true
15:59:23.978 [FXGL Background Thread 3 ] DEBUG Engine               - isSingleStep: false
15:59:23.978 [FXGL Background Thread 3 ] DEBUG Engine               - isUserProfileEnabled: false
15:59:23.978 [FXGL Background Thread 3 ] DEBUG Engine               - isWindows: false
15:59:23.979 [FXGL Background Thread 3 ] DEBUG Engine               - language: ObjectProperty [value: ENGLISH]
15:59:23.979 [FXGL Background Thread 3 ] DEBUG Engine               - menuKey: ESCAPE
15:59:23.979 [FXGL Background Thread 3 ] DEBUG Engine               - mouseSensitivity: 0.2
15:59:23.979 [FXGL Background Thread 3 ] DEBUG Engine               - notificationViewClass: class com.almasb.fxgl.notification.view.XboxNotificationView
15:59:23.979 [FXGL Background Thread 3 ] DEBUG Engine               - pixelsPerMeter: 50.0
15:59:23.980 [FXGL Background Thread 3 ] DEBUG Engine               - platform: LINUX
15:59:23.980 [FXGL Background Thread 3 ] DEBUG Engine               - prefHeightProperty: ReadOnlyDoubleProperty [value: 600.0]
15:59:23.980 [FXGL Background Thread 3 ] DEBUG Engine               - prefWidthProperty: ReadOnlyDoubleProperty [value: 800.0]
15:59:23.980 [FXGL Background Thread 3 ] DEBUG Engine               - profileDir: profiles/
15:59:23.980 [FXGL Background Thread 3 ] DEBUG Engine               - profileName: StringProperty [value: DEFAULT]
15:59:23.981 [FXGL Background Thread 3 ] DEBUG Engine               - randomSeed: -1
15:59:23.981 [FXGL Background Thread 3 ] DEBUG Engine               - runtimeInfo: RuntimeInfo(platform=LINUX, version=25, build=05.02.2026 22.57)
15:59:23.981 [FXGL Background Thread 3 ] DEBUG Engine               - saveFileExt: sav
15:59:23.982 [FXGL Background Thread 3 ] DEBUG Engine               - scaledHeightProp$fxgl: DoubleProperty [bound, value: 958.0]
15:59:23.982 [FXGL Background Thread 3 ] DEBUG Engine               - scaledWidthProp$fxgl: DoubleProperty [bound, value: 938.0]
15:59:23.982 [FXGL Background Thread 3 ] DEBUG Engine               - sceneFactory: com.almasb.fxgl.app.scene.SceneFactory@5459dfb8
15:59:23.982 [FXGL Background Thread 3 ] DEBUG Engine               - secondsIn24h: 60
15:59:23.982 [FXGL Background Thread 3 ] DEBUG Engine               - soundMenuBack: menu/back.wav
15:59:23.983 [FXGL Background Thread 3 ] DEBUG Engine               - soundMenuPress: menu/press.wav
15:59:23.983 [FXGL Background Thread 3 ] DEBUG Engine               - soundMenuSelect: menu/select.wav
15:59:23.983 [FXGL Background Thread 3 ] DEBUG Engine               - soundNotification: core/notification.wav
15:59:23.983 [FXGL Background Thread 3 ] DEBUG Engine               - stageStyle: DECORATED
15:59:23.983 [FXGL Background Thread 3 ] DEBUG Engine               - supportedLanguages: [ENGLISH, FRENCH, GERMAN, HUNGARIAN, RUSSIAN]
15:59:23.983 [FXGL Background Thread 3 ] DEBUG Engine               - ticksPerSecond: -1
15:59:23.984 [FXGL Background Thread 3 ] DEBUG Engine               - title: Untitled
15:59:23.984 [FXGL Background Thread 3 ] DEBUG Engine               - urlGithub: https://github.com/AlmasB/FXGL
15:59:23.984 [FXGL Background Thread 3 ] DEBUG Engine               - urlLeaderboard: http://fxgl-top.herokuapp.com/
15:59:23.984 [FXGL Background Thread 3 ] DEBUG Engine               - urlPOM: https://raw.githubusercontent.com/AlmasB/FXGL/release/README.md
15:59:23.984 [FXGL Background Thread 3 ] DEBUG Engine               - userAppClass: class TestPackage.BasicGameSample
15:59:23.984 [FXGL Background Thread 3 ] DEBUG Engine               - version: 0.0
15:59:23.985 [FXGL Background Thread 3 ] DEBUG Engine               - versionCheckDays: 7
15:59:23.985 [FXGL Background Thread 3 ] DEBUG Engine               - width: 800
15:59:23.985 [FXGL Background Thread 3 ] DEBUG Engine               - Logging services
15:59:23.985 [FXGL Background Thread 3 ] DEBUG Engine               - class com.almasb.fxgl.app.services.FXGLAssetLoaderService
15:59:23.986 [FXGL Background Thread 3 ] DEBUG Engine               - class com.almasb.fxgl.app.FXGLApplication$GameApplicationService
15:59:23.986 [FXGL Background Thread 3 ] DEBUG Engine               - class com.almasb.fxgl.app.services.FXGLDialogService
15:59:23.986 [FXGL Background Thread 3 ] DEBUG Engine               - class com.almasb.fxgl.app.services.IOTaskExecutorService
15:59:23.986 [FXGL Background Thread 3 ] DEBUG Engine               - class com.almasb.fxgl.io.FileSystemService
15:59:23.986 [FXGL Background Thread 3 ] DEBUG Engine               - class com.almasb.fxgl.localization.LocalizationService
15:59:23.987 [FXGL Background Thread 3 ] DEBUG Engine               - class com.almasb.fxgl.app.services.SystemBundleService
15:59:23.987 [FXGL Background Thread 3 ] DEBUG Engine               - class com.almasb.fxgl.profile.SaveLoadService
15:59:23.987 [FXGL Background Thread 3 ] DEBUG Engine               - class com.almasb.fxgl.ui.FXGLUIFactoryServiceProvider
15:59:23.987 [FXGL Background Thread 3 ] DEBUG Engine               - class com.almasb.fxgl.ui.FXGLDialogFactoryServiceProvider
15:59:23.987 [FXGL Background Thread 3 ] DEBUG Engine               - class com.almasb.fxgl.audio.AudioPlayer
15:59:23.987 [FXGL Background Thread 3 ] DEBUG Engine               - class com.almasb.fxgl.notification.impl.NotificationServiceProvider
15:59:23.987 [FXGL Background Thread 3 ] DEBUG Engine               - class com.almasb.fxgl.achievement.AchievementService
15:59:23.988 [FXGL Background Thread 3 ] DEBUG Engine               - class com.almasb.fxgl.cutscene.CutsceneService
15:59:23.988 [FXGL Background Thread 3 ] DEBUG Engine               - class com.almasb.fxgl.minigames.MiniGameService
15:59:23.988 [FXGL Background Thread 3 ] DEBUG Engine               - class com.almasb.fxgl.net.NetService
15:59:23.988 [FXGL Background Thread 3 ] DEBUG Engine               - class com.almasb.fxgl.app.services.UpdaterService
15:59:23.988 [FXGL Background Thread 3 ] DEBUG Engine               - class com.almasb.fxgl.dev.DevService
15:59:24.254 [JavaFX Application Thread] DEBUG FXGLApplication      - Exiting FXGL
15:59:24.254 [JavaFX Application Thread] DEBUG LoopRunner           - Stopping loop
15:59:24.254 [JavaFX Application Thread] DEBUG SystemBundleService  - Saving FXGL system data
15:59:24.256 [JavaFX Application Thread] DEBUG FileSystemAccess     - Writing to: /home/me/ComProg_Project/system/fxgl.bundle
15:59:24.259 [JavaFX Application Thread] DEBUG Async                - Shutting down background threads
15:59:24.259 [JavaFX Application Thread] DEBUG PrimaryStageWindow   - Closing main window
15:59:24.262 [JavaFX Application Thread] DEBUG Logger               - Closing Logger
