23:56:27.189 [main                     ] DEBUG Logger               - Configured Logger
23:56:27.204 [main                     ] DEBUG GameApplication      - Logging settings
Title: Untitled
Version: 0.0
Width: 1280
Height: 720
Fullscreen: false
Intro: false
Profiling: false
Single step:false
App Mode: DEVELOPER
Menu Key: ESCAPE
Stage Style: DECORATED
Scene Factory: class org.group1.GamePackage.Factory.MainSceneFactory

23:56:27.884 [JavaFX Application Thread] DEBUG FXGLApplication      - Initializing FXGL
23:56:27.892 [JavaFX Application Thread] INFO  Engine               - FXGL-25 (05.02.2026 22.57) on WINDOWS (J:25.0.1 FX:21.0.6)
23:56:27.893 [JavaFX Application Thread] DEBUG Engine               - JRE Vendor Name: Oracle Corporation
23:56:27.893 [JavaFX Application Thread] DEBUG Engine               - Running on OS: Windows 11 version 10.0
23:56:27.894 [JavaFX Application Thread] DEBUG Engine               - Architecture: amd64
23:56:27.894 [JavaFX Application Thread] INFO  Engine               - Source code and latest versions at: https://github.com/AlmasB/FXGL
23:56:27.894 [JavaFX Application Thread] INFO  Engine               -       Ask questions and discuss at: https://github.com/AlmasB/FXGL/discussions
23:56:28.096 [JavaFX Application Thread] DEBUG PrimaryStageWindow   - Creating a JavaFX scene
23:56:28.190 [JavaFX Application Thread] DEBUG PrimaryStageWindow   - Target settings size: 1280.0 x 720.0
23:56:28.190 [JavaFX Application Thread] DEBUG PrimaryStageWindow   - Scaled scene size:    1280.0 x 720.0
23:56:28.190 [JavaFX Application Thread] DEBUG PrimaryStageWindow   - Scaled ratio: (1.0, 1.0)
23:56:28.193 [JavaFX Application Thread] DEBUG PrimaryStageWindow   - Set initial scene to FXGLStartupScene
23:56:28.199 [JavaFX Application Thread] DEBUG PrimaryStageWindow   - Opening main window
23:56:28.417 [JavaFX Application Thread] DEBUG PrimaryStageWindow   - Window border size: (14.6666259765625, 37.33331298828125)
23:56:28.417 [JavaFX Application Thread] DEBUG PrimaryStageWindow   - Scaled size: 1280.0 x 720.0
23:56:28.418 [JavaFX Application Thread] DEBUG PrimaryStageWindow   - Scaled ratio: (1.0, 1.0)
23:56:28.418 [JavaFX Application Thread] DEBUG PrimaryStageWindow   - Scene size: 1280.0 x 720.0
23:56:28.419 [JavaFX Application Thread] DEBUG PrimaryStageWindow   - Stage size: 1294.6666259765625 x 757.3333129882812
23:56:28.440 [FXGL Background Thread 1 ] DEBUG Engine               - Initializing environment variables
23:56:28.628 [FXGL Background Thread 1 ] DEBUG FXGLAssetLoaderServi - User app class for loading assets: class org.group1.GamePackage.Application
23:56:28.628 [FXGL Background Thread 1 ] DEBUG GameApplicationServi - Applying CSS: fxgl_dark.css
23:56:28.630 [FXGL Background Thread 1 ] DEBUG FXGLAssetLoaderServi - Loading from file system: jar:file:///C:/Users/ryles/.m2/repository/com/github/almasb/fxgl/25/fxgl-25.jar!/fxglassets/ui/css/fxgl_dark.css
23:56:28.732 [FXGL Background Thread 1 ] DEBUG GameApplicationServi - Initializing application scenes
23:56:28.745 [FXGL Background Thread 1 ] DEBUG FXGLAssetLoaderServi - Loading from file system: file:/C:/Users/ryles/Downloads/ComProg_Project/target/classes/assets/textures/background.png
23:56:29.006 [FXGL Background Thread 1 ] DEBUG FXGLAssetLoaderServi - Loading from file system: file:/C:/Users/ryles/Downloads/ComProg_Project/target/classes/assets/textures/background_stars1.png
23:56:29.142 [FXGL Background Thread 1 ] DEBUG FXGLAssetLoaderServi - Loading from file system: file:/C:/Users/ryles/Downloads/ComProg_Project/target/classes/assets/textures/background_stars2.png
23:56:29.256 [FXGL Background Thread 1 ] DEBUG FXGLAssetLoaderServi - Loading from file system: file:/C:/Users/ryles/Downloads/ComProg_Project/target/classes/assets/textures/background_stars3.png
23:56:29.364 [FXGL Background Thread 1 ] DEBUG FXGLAssetLoaderServi - Loading from file system: file:/C:/Users/ryles/Downloads/ComProg_Project/target/classes/assets/textures/background_cloud1.png
23:56:29.381 [FXGL Background Thread 1 ] DEBUG FXGLAssetLoaderServi - Loading from file system: file:/C:/Users/ryles/Downloads/ComProg_Project/target/classes/assets/textures/background_cloud2.png
23:56:29.407 [FXGL Background Thread 1 ] DEBUG FXGLAssetLoaderServi - Loading from file system: file:/C:/Users/ryles/Downloads/ComProg_Project/target/classes/assets/textures/background_mist1.png
23:56:29.427 [FXGL Background Thread 1 ] DEBUG FXGLAssetLoaderServi - Loading from file system: file:/C:/Users/ryles/Downloads/ComProg_Project/target/classes/assets/textures/background_hills.png
23:56:29.464 [FXGL Background Thread 1 ] DEBUG FXGLAssetLoaderServi - Loading from file system: file:/C:/Users/ryles/Downloads/ComProg_Project/target/classes/assets/textures/background_forest.png
23:56:29.482 [FXGL Background Thread 1 ] DEBUG FXGLAssetLoaderServi - Loading from file system: file:/C:/Users/ryles/Downloads/ComProg_Project/target/classes/assets/textures/background_large_forest.png
23:56:29.609 [FXGL Background Thread 1 ] DEBUG GameWorld            - Game world initialized
23:56:29.688 [FXGL Background Thread 1 ] DEBUG PhysicsWorld         - Physics world initialized: appHeight=720, physics.ppm=50.0
23:56:29.688 [FXGL Background Thread 1 ] DEBUG PhysicsWorld         - Using strategy: BRUTE_FORCE
23:56:29.697 [FXGL Background Thread 1 ] DEBUG GameScene            - Game scene initialized: 1280x720
23:56:29.886 [FXGL Background Thread 1 ] DEBUG GameApplicationServi - Application scenes initialized
23:56:29.902 [FXGL Background Thread 1 ] DEBUG SystemBundleService  - Loading FXGL system data
23:56:29.912 [FXGL Background Thread 1 ] DEBUG FileSystemAccess     - Reading from: C:\Users\ryles\Downloads\ComProg_Project\system\fxgl.bundle
23:56:29.922 [FXGL Background Thread 1 ] DEBUG SystemBundleService  - Bundle FXGL: {}
23:56:29.923 [FXGL Background Thread 1 ] DEBUG UpdaterService       - Checking for updates
23:56:29.933 [FXGL Background Thread 4 ] DEBUG FXGLApplication      - Loading fonts
23:56:29.934 [FXGL Background Thread 1 ] DEBUG FXGLApplication      - Loading default localization
23:56:29.934 [FXGL Background Thread 4 ] DEBUG FXGLAssetLoaderServi - Loading from file system: jar:file:///C:/Users/ryles/.m2/repository/com/github/almasb/fxgl/25/fxgl-25.jar!/fxglassets/ui/fonts/VarelaRound-Regular.ttf
23:56:29.935 [FXGL Background Thread 1 ] DEBUG FXGLAssetLoaderServi - Loading from file system: jar:file:///C:/Users/ryles/.m2/repository/com/github/almasb/fxgl/25/fxgl-25.jar!/fxglassets/languages/english.lang
23:56:29.961 [FXGL Background Thread 1 ] INFO  FXGLApplication      - FXGL initialization took: 1.519 sec
23:56:29.990 [JavaFX Application Thread] DEBUG Input                - Registered new binding: Move left - A
23:56:29.990 [JavaFX Application Thread] DEBUG Input                - Registered new binding: Move right - D
23:56:29.990 [JavaFX Application Thread] DEBUG Input                - Registered new binding: Move down - S
23:56:29.991 [JavaFX Application Thread] DEBUG Input                - Registered new binding: Move up - W
23:56:29.992 [JavaFX Application Thread] DEBUG Input                - Registered new binding: Shoot - Space
23:56:29.993 [JavaFX Application Thread] DEBUG Input                - Registered new binding: Switch to Fire Bullet - Q
23:56:29.993 [JavaFX Application Thread] DEBUG Input                - Registered new binding: Switch to Ice Bullet - E
23:56:29.994 [JavaFX Application Thread] DEBUG FXGLAssetLoaderServi - Loading from file system: jar:file:///C:/Users/ryles/.m2/repository/com/github/almasb/fxgl/25/fxgl-25.jar!/fxglassets/textures/fxgl_icon.png
23:56:29.999 [FXGL Background Thread 4 ] DEBUG FXGLAssetLoaderServi - Loading from file system: jar:file:///C:/Users/ryles/.m2/repository/com/github/almasb/fxgl/25/fxgl-25.jar!/fxglassets/ui/fonts/Abel-Regular.ttf
23:56:30.014 [FXGL Background Thread 4 ] DEBUG FXGLAssetLoaderServi - Loading from file system: jar:file:///C:/Users/ryles/.m2/repository/com/github/almasb/fxgl/25/fxgl-25.jar!/fxglassets/ui/fonts/TerminalLandMono-Regular.otf
23:56:30.024 [FXGL Background Thread 4 ] DEBUG FXGLAssetLoaderServi - Loading from file system: jar:file:///C:/Users/ryles/.m2/repository/com/github/almasb/fxgl/25/fxgl-25.jar!/fxglassets/ui/fonts/Courier-Prime.ttf
23:56:30.030 [JavaFX Application Thread] DEBUG FXGLAssetLoaderServi - Loading from file system: jar:file:///C:/Users/ryles/.m2/repository/com/github/almasb/fxgl/25/fxgl-25.jar!/fxglassets/textures/fxgl_default_cursor.png
23:56:30.035 [JavaFX Application Thread] DEBUG Input                - Registered new binding: Screenshot - CTRL+8
23:56:30.036 [JavaFX Application Thread] DEBUG Input                - Registered new binding: System info dump - CTRL+9
23:56:30.037 [JavaFX Application Thread] DEBUG Input                - Registered new binding: Restart - CTRL+R
23:56:30.038 [JavaFX Application Thread] DEBUG Input                - Registered new binding: Toggle Debug Camera - CTRL+7
23:56:30.044 [JavaFX Application Thread] DEBUG LoopRunner           - Starting loop
23:56:30.044 [JavaFX Application Thread] DEBUG LoopRunner           - Initializing JavaFX AnimationTimerLoop
23:56:30.048 [JavaFX Application Thread] DEBUG Input                - Clearing active input actions
23:56:30.063 [JavaFX Application Thread] DEBUG GameApplicationServi - Removing overlay from FXGLStartupScene and adding to FXGLMainMenuDummyScene
23:56:30.064 [JavaFX Application Thread] DEBUG PrimaryStageWindow   - FXGLStartupScene -> FXGLMainMenuDummyScene
23:56:30.064 [JavaFX Application Thread] DEBUG PrimaryStageWindow   - Push state: MenuInterface
23:56:30.065 [JavaFX Application Thread] DEBUG Input                - Clearing active input actions
23:56:30.085 [JavaFX Application Thread] DEBUG GameApplicationServi - Removing overlay from FXGLMainMenuDummyScene and adding to MenuInterface
23:56:30.086 [JavaFX Application Thread] DEBUG PrimaryStageWindow   - FXGLMainMenuDummyScene -> MenuInterface
23:56:30.261 [JavaFX Application Thread] DEBUG FXGLApplication      - Registering font factories with UI factory
23:56:31.100 [JavaFX Application Thread] DEBUG GameApplicationServi - Starting new game
23:56:31.100 [JavaFX Application Thread] DEBUG PrimaryStageWindow   - Pop state: MenuInterface
23:56:31.100 [JavaFX Application Thread] DEBUG Input                - Clearing active input actions
23:56:31.101 [JavaFX Application Thread] DEBUG GameApplicationServi - Removing overlay from MenuInterface and adding to FXGLMainMenuDummyScene
23:56:31.102 [JavaFX Application Thread] DEBUG PrimaryStageWindow   - FXGLMainMenuDummyScene <- MenuInterface
23:56:31.103 [JavaFX Application Thread] DEBUG Input                - Clearing active input actions
23:56:31.115 [JavaFX Application Thread] DEBUG GameApplicationServi - Removing overlay from FXGLMainMenuDummyScene and adding to LoadingInterface
23:56:31.115 [JavaFX Application Thread] DEBUG PrimaryStageWindow   - FXGLMainMenuDummyScene -> LoadingInterface
23:56:31.115 [JavaFX Application Thread] DEBUG GameApplicationServi - Clearing previous game
23:56:31.115 [JavaFX Application Thread] DEBUG GameScene            - Clearing game scene
23:56:31.115 [JavaFX Application Thread] DEBUG GameWorld            - Clearing game world
23:56:31.115 [JavaFX Application Thread] DEBUG PhysicsWorld         - Clearing physics world
23:56:31.119 [FXGL Background Thread 4 ] DEBUG FXGLApplication      - Initializing game
23:56:31.224 [FXGL Background Thread 4 ] DEBUG FXGLAssetLoaderServi - Loading from file system: file:/C:/Users/ryles/Downloads/ComProg_Project/target/classes/assets/textures/idle_sprite.png
23:56:31.268 [FXGL Background Thread 4 ] DEBUG FXGLAssetLoaderServi - Loading from file system: file:/C:/Users/ryles/Downloads/ComProg_Project/target/classes/assets/textures/bullet_HUD_selection.png
23:56:31.292 [FXGL Background Thread 4 ] DEBUG FXGLAssetLoaderServi - Loading from file system: file:/C:/Users/ryles/Downloads/ComProg_Project/target/classes/assets/music/main_music.wav
23:56:31.535 [FXGL Background Thread 4 ] DEBUG AudioPlayer          - Playing music com.almasb.fxgl.audio.Music@3d2da87d
23:56:31.558 [FXGL Background Thread 4 ] DEBUG FXGLAssetLoaderServi - Loading from file system: file:/C:/Users/ryles/Downloads/ComProg_Project/target/classes/assets/textures/lives_09.png
23:56:31.567 [FXGL Background Thread 4 ] INFO  FXGLApplication      - Game initialization took: 0.448 sec
23:56:31.568 [JavaFX Application Thread] DEBUG Input                - Clearing active input actions
23:56:31.576 [JavaFX Application Thread] DEBUG GameApplicationServi - Removing overlay from LoadingInterface and adding to GameScene
23:56:31.577 [JavaFX Application Thread] DEBUG PrimaryStageWindow   - LoadingInterface -> GameScene
23:56:32.293 [JavaFX Application Thread] DEBUG FXGLAssetLoaderServi - Loading from file system: file:/C:/Users/ryles/Downloads/ComProg_Project/target/classes/assets/textures/enemy_sprite.png
23:56:32.324 [JavaFX Application Thread] DEBUG FXGLAssetLoaderServi - Loading from file system: file:/C:/Users/ryles/Downloads/ComProg_Project/target/classes/assets/textures/explosion_sprite.png
23:56:32.932 [FXGL Background Thread 3 ] DEBUG Engine               - Logging environment variables
23:56:32.933 [FXGL Background Thread 3 ] DEBUG Engine               - achievements: []
23:56:32.934 [FXGL Background Thread 3 ] DEBUG Engine               - actualHeight: 720.0
23:56:32.934 [FXGL Background Thread 3 ] DEBUG Engine               - actualHeightProperty: ReadOnlyDoubleProperty [value: 720.0]
23:56:32.934 [FXGL Background Thread 3 ] DEBUG Engine               - actualWidth: 1280.0
23:56:32.934 [FXGL Background Thread 3 ] DEBUG Engine               - actualWidthProperty: ReadOnlyDoubleProperty [value: 1280.0]
23:56:32.935 [FXGL Background Thread 3 ] DEBUG Engine               - appIcon: fxgl_icon.png
23:56:32.935 [FXGL Background Thread 3 ] DEBUG Engine               - applicationMode: DEVELOPER
23:56:32.935 [FXGL Background Thread 3 ] DEBUG Engine               - cSSList: [fxgl_dark.css]
23:56:32.935 [FXGL Background Thread 3 ] DEBUG Engine               - collisionDetectionStrategy: BRUTE_FORCE
23:56:32.936 [FXGL Background Thread 3 ] DEBUG Engine               - configClass: Optional.empty
23:56:32.936 [FXGL Background Thread 3 ] DEBUG Engine               - credits: []
23:56:32.937 [FXGL Background Thread 3 ] DEBUG Engine               - defaultCursor: CursorInfo(imageName=fxgl_default_cursor.png, hotspotX=7.0, hotspotY=6.0)
23:56:32.938 [FXGL Background Thread 3 ] DEBUG Engine               - devBBoxColorProperty: ObjectProperty [value: 0xff0000ff]
23:56:32.938 [FXGL Background Thread 3 ] DEBUG Engine               - devEnableDebugCameraProperty: BooleanProperty [value: false]
23:56:32.938 [FXGL Background Thread 3 ] DEBUG Engine               - devSensorColorProperty: ObjectProperty [value: 0xffff00ff]
23:56:32.938 [FXGL Background Thread 3 ] DEBUG Engine               - devShowBBoxProperty: BooleanProperty [value: false]
23:56:32.939 [FXGL Background Thread 3 ] DEBUG Engine               - devShowPositionProperty: BooleanProperty [value: false]
23:56:32.939 [FXGL Background Thread 3 ] DEBUG Engine               - enabledMenuItems: []
23:56:32.939 [FXGL Background Thread 3 ] DEBUG Engine               - engineServices: [class com.almasb.fxgl.app.services.FXGLAssetLoaderService, class com.almasb.fxgl.app.FXGLApplication$GameApplicationService, class com.almasb.fxgl.app.services.FXGLDialogService, class com.almasb.fxgl.app.services.IOTaskExecutorService, class com.almasb.fxgl.io.FileSystemService, class com.almasb.fxgl.localization.LocalizationService, class com.almasb.fxgl.app.services.SystemBundleService, class com.almasb.fxgl.profile.SaveLoadService, class com.almasb.fxgl.ui.FXGLUIFactoryServiceProvider, class com.almasb.fxgl.ui.FXGLDialogFactoryServiceProvider, class com.almasb.fxgl.audio.AudioPlayer, class com.almasb.fxgl.notification.impl.NotificationServiceProvider, class com.almasb.fxgl.achievement.AchievementService, class com.almasb.fxgl.cutscene.CutsceneService, class com.almasb.fxgl.minigames.MiniGameService, class com.almasb.fxgl.net.NetService, class com.almasb.fxgl.app.services.UpdaterService, class com.almasb.fxgl.dev.DevService]
23:56:32.939 [FXGL Background Thread 3 ] DEBUG Engine               - fontGame: Abel-Regular.ttf
23:56:32.939 [FXGL Background Thread 3 ] DEBUG Engine               - fontMono: TerminalLandMono-Regular.otf
23:56:32.940 [FXGL Background Thread 3 ] DEBUG Engine               - fontSizeScaleUI: 1.0
23:56:32.940 [FXGL Background Thread 3 ] DEBUG Engine               - fontText: Courier-Prime.ttf
23:56:32.940 [FXGL Background Thread 3 ] DEBUG Engine               - fontUI: VarelaRound-Regular.ttf
23:56:32.941 [FXGL Background Thread 3 ] DEBUG Engine               - fpsRefreshRate: 500.0 ms
23:56:32.941 [FXGL Background Thread 3 ] DEBUG Engine               - fullScreen: BooleanProperty [value: false]
23:56:32.941 [FXGL Background Thread 3 ] DEBUG Engine               - gameDifficulty: MEDIUM
23:56:32.941 [FXGL Background Thread 3 ] DEBUG Engine               - gameDifficultyProperty: ObjectProperty [value: MEDIUM]
23:56:32.942 [FXGL Background Thread 3 ] DEBUG Engine               - globalMusicVolume: 0.5
23:56:32.942 [FXGL Background Thread 3 ] DEBUG Engine               - globalMusicVolumeProperty: DoubleProperty [value: 0.5]
23:56:32.942 [FXGL Background Thread 3 ] DEBUG Engine               - globalSoundVolume: 0.5
23:56:32.942 [FXGL Background Thread 3 ] DEBUG Engine               - globalSoundVolumeProperty: DoubleProperty [value: 0.5]
23:56:32.943 [FXGL Background Thread 3 ] DEBUG Engine               - height: 720
23:56:32.943 [FXGL Background Thread 3 ] DEBUG Engine               - is3D: false
23:56:32.943 [FXGL Background Thread 3 ] DEBUG Engine               - isAndroid: false
23:56:32.943 [FXGL Background Thread 3 ] DEBUG Engine               - isBrowser: false
23:56:32.943 [FXGL Background Thread 3 ] DEBUG Engine               - isClickFeedbackEnabled: false
23:56:32.944 [FXGL Background Thread 3 ] DEBUG Engine               - isCloseConfirmation: false
23:56:32.944 [FXGL Background Thread 3 ] DEBUG Engine               - isDesktop: true
23:56:32.944 [FXGL Background Thread 3 ] DEBUG Engine               - isDeveloperMenuEnabled: false
23:56:32.944 [FXGL Background Thread 3 ] DEBUG Engine               - isEmbedded: false
23:56:32.944 [FXGL Background Thread 3 ] DEBUG Engine               - isEntityPreloadEnabled: true
23:56:32.944 [FXGL Background Thread 3 ] DEBUG Engine               - isExperimentalTiledLargeMap: false
23:56:32.944 [FXGL Background Thread 3 ] DEBUG Engine               - isFileSystemWriteAllowed: true
23:56:32.944 [FXGL Background Thread 3 ] DEBUG Engine               - isFullScreenAllowed: false
23:56:32.945 [FXGL Background Thread 3 ] DEBUG Engine               - isFullScreenFromStart: false
23:56:32.945 [FXGL Background Thread 3 ] DEBUG Engine               - isGameMenuEnabled: true
23:56:32.945 [FXGL Background Thread 3 ] DEBUG Engine               - isIOS: false
23:56:32.945 [FXGL Background Thread 3 ] DEBUG Engine               - isIntroEnabled: false
23:56:32.945 [FXGL Background Thread 3 ] DEBUG Engine               - isLinux: false
23:56:32.945 [FXGL Background Thread 3 ] DEBUG Engine               - isMac: false
23:56:32.945 [FXGL Background Thread 3 ] DEBUG Engine               - isMainMenuEnabled: true
23:56:32.945 [FXGL Background Thread 3 ] DEBUG Engine               - isManualResizeEnabled: false
23:56:32.946 [FXGL Background Thread 3 ] DEBUG Engine               - isMobile: false
23:56:32.946 [FXGL Background Thread 3 ] DEBUG Engine               - isNative: false
23:56:32.946 [FXGL Background Thread 3 ] DEBUG Engine               - isPauseMusicWhenMinimized: true
23:56:32.946 [FXGL Background Thread 3 ] DEBUG Engine               - isPreserveResizeRatio: false
23:56:32.947 [FXGL Background Thread 3 ] DEBUG Engine               - isProfilingEnabled: false
23:56:32.947 [FXGL Background Thread 3 ] DEBUG Engine               - isScaleAffectedOnResize: true
23:56:32.947 [FXGL Background Thread 3 ] DEBUG Engine               - isSingleStep: false
23:56:32.947 [FXGL Background Thread 3 ] DEBUG Engine               - isUserProfileEnabled: false
23:56:32.947 [FXGL Background Thread 3 ] DEBUG Engine               - isWindows: true
23:56:32.947 [FXGL Background Thread 3 ] DEBUG Engine               - language: ObjectProperty [value: ENGLISH]
23:56:32.948 [FXGL Background Thread 3 ] DEBUG Engine               - menuKey: ESCAPE
23:56:32.948 [FXGL Background Thread 3 ] DEBUG Engine               - mouseSensitivity: 0.2
23:56:32.948 [FXGL Background Thread 3 ] DEBUG Engine               - notificationViewClass: class com.almasb.fxgl.notification.view.XboxNotificationView
23:56:32.949 [FXGL Background Thread 3 ] DEBUG Engine               - pixelsPerMeter: 50.0
23:56:32.949 [FXGL Background Thread 3 ] DEBUG Engine               - platform: WINDOWS
23:56:32.949 [FXGL Background Thread 3 ] DEBUG Engine               - prefHeightProperty: ReadOnlyDoubleProperty [value: 720.0]
23:56:32.949 [FXGL Background Thread 3 ] DEBUG Engine               - prefWidthProperty: ReadOnlyDoubleProperty [value: 1280.0]
23:56:32.949 [FXGL Background Thread 3 ] DEBUG Engine               - profileDir: profiles/
23:56:32.949 [FXGL Background Thread 3 ] DEBUG Engine               - profileName: StringProperty [value: DEFAULT]
23:56:32.949 [FXGL Background Thread 3 ] DEBUG Engine               - randomSeed: -1
23:56:32.950 [FXGL Background Thread 3 ] DEBUG Engine               - runtimeInfo: RuntimeInfo(platform=WINDOWS, version=25, build=05.02.2026 22.57)
23:56:32.950 [FXGL Background Thread 3 ] DEBUG Engine               - saveFileExt: sav
23:56:32.951 [FXGL Background Thread 3 ] DEBUG Engine               - scaledHeightProp$fxgl: DoubleProperty [bound, value: 720.0]
23:56:32.951 [FXGL Background Thread 3 ] DEBUG Engine               - scaledWidthProp$fxgl: DoubleProperty [bound, value: 1280.0]
23:56:32.951 [FXGL Background Thread 3 ] DEBUG Engine               - sceneFactory: org.group1.GamePackage.Factory.MainSceneFactory@2e53481b
23:56:32.951 [FXGL Background Thread 3 ] DEBUG Engine               - secondsIn24h: 60
23:56:32.951 [FXGL Background Thread 3 ] DEBUG Engine               - soundMenuBack: menu/back.wav
23:56:32.951 [FXGL Background Thread 3 ] DEBUG Engine               - soundMenuPress: menu/press.wav
23:56:32.951 [FXGL Background Thread 3 ] DEBUG Engine               - soundMenuSelect: menu/select.wav
23:56:32.951 [FXGL Background Thread 3 ] DEBUG Engine               - soundNotification: core/notification.wav
23:56:32.951 [FXGL Background Thread 3 ] DEBUG Engine               - stageStyle: DECORATED
23:56:32.951 [FXGL Background Thread 3 ] DEBUG Engine               - supportedLanguages: [ENGLISH, FRENCH, GERMAN, HUNGARIAN, RUSSIAN]
23:56:32.952 [FXGL Background Thread 3 ] DEBUG Engine               - ticksPerSecond: -1
23:56:32.952 [FXGL Background Thread 3 ] DEBUG Engine               - title: Untitled
23:56:32.952 [FXGL Background Thread 3 ] DEBUG Engine               - urlGithub: https://github.com/AlmasB/FXGL
23:56:32.952 [FXGL Background Thread 3 ] DEBUG Engine               - urlLeaderboard: http://fxgl-top.herokuapp.com/
23:56:32.952 [FXGL Background Thread 3 ] DEBUG Engine               - urlPOM: https://raw.githubusercontent.com/AlmasB/FXGL/release/README.md
23:56:32.953 [FXGL Background Thread 3 ] DEBUG Engine               - userAppClass: class org.group1.GamePackage.Application
23:56:32.953 [FXGL Background Thread 3 ] DEBUG Engine               - version: 0.0
23:56:32.953 [FXGL Background Thread 3 ] DEBUG Engine               - versionCheckDays: 7
23:56:32.953 [FXGL Background Thread 3 ] DEBUG Engine               - width: 1280
23:56:32.953 [FXGL Background Thread 3 ] DEBUG Engine               - Logging services
23:56:32.953 [FXGL Background Thread 3 ] DEBUG Engine               - class com.almasb.fxgl.app.services.FXGLAssetLoaderService
23:56:32.953 [FXGL Background Thread 3 ] DEBUG Engine               - class com.almasb.fxgl.app.FXGLApplication$GameApplicationService
23:56:32.953 [FXGL Background Thread 3 ] DEBUG Engine               - class com.almasb.fxgl.app.services.FXGLDialogService
23:56:32.953 [FXGL Background Thread 3 ] DEBUG Engine               - class com.almasb.fxgl.app.services.IOTaskExecutorService
23:56:32.953 [FXGL Background Thread 3 ] DEBUG Engine               - class com.almasb.fxgl.io.FileSystemService
23:56:32.953 [FXGL Background Thread 3 ] DEBUG Engine               - class com.almasb.fxgl.localization.LocalizationService
23:56:32.953 [FXGL Background Thread 3 ] DEBUG Engine               - class com.almasb.fxgl.app.services.SystemBundleService
23:56:32.954 [FXGL Background Thread 3 ] DEBUG Engine               - class com.almasb.fxgl.profile.SaveLoadService
23:56:32.954 [FXGL Background Thread 3 ] DEBUG Engine               - class com.almasb.fxgl.ui.FXGLUIFactoryServiceProvider
23:56:32.954 [FXGL Background Thread 3 ] DEBUG Engine               - class com.almasb.fxgl.ui.FXGLDialogFactoryServiceProvider
23:56:32.954 [FXGL Background Thread 3 ] DEBUG Engine               - class com.almasb.fxgl.audio.AudioPlayer
23:56:32.954 [FXGL Background Thread 3 ] DEBUG Engine               - class com.almasb.fxgl.notification.impl.NotificationServiceProvider
23:56:32.955 [FXGL Background Thread 3 ] DEBUG Engine               - class com.almasb.fxgl.achievement.AchievementService
23:56:32.955 [FXGL Background Thread 3 ] DEBUG Engine               - class com.almasb.fxgl.cutscene.CutsceneService
23:56:32.955 [FXGL Background Thread 3 ] DEBUG Engine               - class com.almasb.fxgl.minigames.MiniGameService
23:56:32.955 [FXGL Background Thread 3 ] DEBUG Engine               - class com.almasb.fxgl.net.NetService
23:56:32.955 [FXGL Background Thread 3 ] DEBUG Engine               - class com.almasb.fxgl.app.services.UpdaterService
23:56:32.955 [FXGL Background Thread 3 ] DEBUG Engine               - class com.almasb.fxgl.dev.DevService
23:56:33.090 [JavaFX Application Thread] DEBUG FXGLAssetLoaderServi - Loading from file system: file:/C:/Users/ryles/Downloads/ComProg_Project/target/classes/assets/textures/bullet_sprite.png
23:56:33.506 [JavaFX Application Thread] DEBUG FXGLAssetLoaderServi - Loading from file system: file:/C:/Users/ryles/Downloads/ComProg_Project/target/classes/assets/textures/heart_sprite.png
23:56:33.533 [JavaFX Application Thread] DEBUG FXGLAssetLoaderServi - Loading from file system: file:/C:/Users/ryles/Downloads/ComProg_Project/target/classes/assets/textures/heart_explode_sprite.png
23:56:33.606 [JavaFX Application Thread] DEBUG FXGLAssetLoaderServi - Loading from file system: file:/C:/Users/ryles/Downloads/ComProg_Project/target/classes/assets/sounds/death_sound.wav
23:56:35.237 [JavaFX Application Thread] DEBUG FXGLAssetLoaderServi - Loading from file system: file:/C:/Users/ryles/Downloads/ComProg_Project/target/classes/assets/sounds/heart_gain.wav
23:56:39.524 [JavaFX Application Thread] DEBUG FXGLApplication      - Exiting FXGL
23:56:39.525 [JavaFX Application Thread] DEBUG LoopRunner           - Stopping loop
23:56:39.525 [JavaFX Application Thread] DEBUG SystemBundleService  - Saving FXGL system data
23:56:39.527 [JavaFX Application Thread] DEBUG FileSystemAccess     - Writing to: C:\Users\ryles\Downloads\ComProg_Project\system\fxgl.bundle
23:56:39.530 [JavaFX Application Thread] DEBUG Async                - Shutting down background threads
23:56:39.531 [JavaFX Application Thread] DEBUG PrimaryStageWindow   - Closing main window
23:56:39.599 [JavaFX Application Thread] DEBUG Logger               - Closing Logger
