10:03:52.014 [main                     ] DEBUG Logger               - Configured Logger
10:03:52.020 [main                     ] DEBUG GameApplication      - Logging settings
Title: Untitled
Version: 0.0
Width: 1280
Height: 720
Fullscreen: false
Intro: false
Profiling: false
Single step:false
App Mode: DEVELOPER
Menu Key: ESCAPE
Stage Style: DECORATED
Scene Factory: class org.group1.GamePackage.Factory.MainSceneFactory

10:03:52.295 [JavaFX Application Thread] DEBUG FXGLApplication      - Initializing FXGL
10:03:52.299 [JavaFX Application Thread] INFO  Engine               - FXGL-25 (05.02.2026 22.57) on LINUX (J:25.0.2 FX:21.0.6)
10:03:52.299 [JavaFX Application Thread] DEBUG Engine               - JRE Vendor Name: Arch Linux
10:03:52.299 [JavaFX Application Thread] DEBUG Engine               - Running on OS: Linux version 6.18.20-1-lts
10:03:52.299 [JavaFX Application Thread] DEBUG Engine               - Architecture: amd64
10:03:52.299 [JavaFX Application Thread] INFO  Engine               - Source code and latest versions at: https://github.com/AlmasB/FXGL
10:03:52.299 [JavaFX Application Thread] INFO  Engine               -       Ask questions and discuss at: https://github.com/AlmasB/FXGL/discussions
10:03:52.376 [JavaFX Application Thread] DEBUG PrimaryStageWindow   - Creating a JavaFX scene
10:03:52.456 [JavaFX Application Thread] DEBUG PrimaryStageWindow   - Target settings size: 1280.0 x 720.0
10:03:52.456 [JavaFX Application Thread] DEBUG PrimaryStageWindow   - Scaled scene size:    1280.0 x 720.0
10:03:52.456 [JavaFX Application Thread] DEBUG PrimaryStageWindow   - Scaled ratio: (1.0, 1.0)
10:03:52.457 [JavaFX Application Thread] DEBUG PrimaryStageWindow   - Set initial scene to FXGLStartupScene
10:03:52.461 [JavaFX Application Thread] DEBUG PrimaryStageWindow   - Opening main window
10:03:52.490 [JavaFX Application Thread] DEBUG PrimaryStageWindow   - Window border size: (0.0, 35.0)
10:03:52.490 [JavaFX Application Thread] DEBUG PrimaryStageWindow   - Scaled size: 1280.0 x 685.0
10:03:52.490 [JavaFX Application Thread] DEBUG PrimaryStageWindow   - Scaled ratio: (1.0, 0.9513888888888888)
10:03:52.490 [JavaFX Application Thread] DEBUG PrimaryStageWindow   - Scene size: 1280.0 x 720.0
10:03:52.490 [JavaFX Application Thread] DEBUG PrimaryStageWindow   - Stage size: 1280.0 x 720.0
10:03:52.496 [FXGL Background Thread 1 ] DEBUG Engine               - Initializing environment variables
10:03:52.558 [FXGL Background Thread 1 ] DEBUG FXGLAssetLoaderServi - User app class for loading assets: class org.group1.GamePackage.Application
10:03:52.558 [FXGL Background Thread 1 ] DEBUG GameApplicationServi - Applying CSS: fxgl_dark.css
10:03:52.559 [FXGL Background Thread 1 ] DEBUG FXGLAssetLoaderServi - Loading from file system: jar:file:///home/me/.m2/repository/com/github/almasb/fxgl/25/fxgl-25.jar!/fxglassets/ui/css/fxgl_dark.css
10:03:52.604 [FXGL Background Thread 1 ] DEBUG GameApplicationServi - Initializing application scenes
10:03:52.669 [FXGL Background Thread 1 ] DEBUG GameWorld            - Game world initialized
10:03:52.702 [FXGL Background Thread 1 ] DEBUG PhysicsWorld         - Physics world initialized: appHeight=720, physics.ppm=50.0
10:03:52.702 [FXGL Background Thread 1 ] DEBUG PhysicsWorld         - Using strategy: BRUTE_FORCE
10:03:52.706 [FXGL Background Thread 1 ] DEBUG GameScene            - Game scene initialized: 1280x720
10:03:52.717 [FXGL Background Thread 1 ] DEBUG FXGL.DefaultMenu     - createMenuBodyGameMenu()
10:03:52.723 [FXGL Background Thread 1 ] DEBUG FXGL.DefaultMenu     - createOptionsMenu()
10:03:52.734 [FXGL Background Thread 1 ] DEBUG FXGLAssetLoaderServi - Loading from file system: jar:file:///home/me/.m2/repository/com/github/almasb/fxgl/25/fxgl-25.jar!/fxglassets/textures/particles/smoke.png
10:03:52.819 [FXGL Background Thread 1 ] DEBUG FXGLAssetLoaderServi - Loading from file system: jar:file:///home/me/.m2/repository/com/github/almasb/fxgl/25/fxgl-25.jar!/fxglassets/textures/particles/trace_horizontal.png
10:03:52.847 [FXGL Background Thread 1 ] DEBUG GameApplicationServi - Application scenes initialized
10:03:52.854 [FXGL Background Thread 1 ] DEBUG SystemBundleService  - Loading FXGL system data
10:03:52.857 [FXGL Background Thread 1 ] DEBUG FileSystemAccess     - Reading from: /home/me/projects/ComProg_Project/system/fxgl.bundle
10:03:52.862 [FXGL Background Thread 1 ] DEBUG SystemBundleService  - Bundle FXGL: {}
10:03:52.862 [FXGL Background Thread 1 ] DEBUG UpdaterService       - Checking for updates
10:03:52.866 [FXGL Background Thread 4 ] DEBUG FXGLApplication      - Loading fonts
10:03:52.867 [FXGL Background Thread 4 ] DEBUG FXGLAssetLoaderServi - Loading from file system: jar:file:///home/me/.m2/repository/com/github/almasb/fxgl/25/fxgl-25.jar!/fxglassets/ui/fonts/VarelaRound-Regular.ttf
10:03:52.867 [FXGL Background Thread 1 ] DEBUG FXGLApplication      - Loading default localization
10:03:52.867 [FXGL Background Thread 1 ] DEBUG FXGLAssetLoaderServi - Loading from file system: jar:file:///home/me/.m2/repository/com/github/almasb/fxgl/25/fxgl-25.jar!/fxglassets/languages/english.lang
10:03:52.873 [FXGL Background Thread 4 ] DEBUG FXGLAssetLoaderServi - Loading from file system: jar:file:///home/me/.m2/repository/com/github/almasb/fxgl/25/fxgl-25.jar!/fxglassets/ui/fonts/Abel-Regular.ttf
10:03:52.874 [FXGL Background Thread 4 ] DEBUG FXGLAssetLoaderServi - Loading from file system: jar:file:///home/me/.m2/repository/com/github/almasb/fxgl/25/fxgl-25.jar!/fxglassets/ui/fonts/TerminalLandMono-Regular.otf
10:03:52.876 [FXGL Background Thread 4 ] DEBUG FXGLAssetLoaderServi - Loading from file system: jar:file:///home/me/.m2/repository/com/github/almasb/fxgl/25/fxgl-25.jar!/fxglassets/ui/fonts/Courier-Prime.ttf
10:03:52.879 [FXGL Background Thread 1 ] INFO  FXGLApplication      - FXGL initialization took: 0.383 sec
10:03:52.892 [JavaFX Application Thread] DEBUG Input                - Registered new binding: Move left - A
10:03:52.892 [JavaFX Application Thread] DEBUG Input                - Registered new binding: Move right - D
10:03:52.892 [JavaFX Application Thread] DEBUG Input                - Registered new binding: Move down - S
10:03:52.893 [JavaFX Application Thread] DEBUG Input                - Registered new binding: Move up - W
10:03:52.893 [JavaFX Application Thread] DEBUG Input                - Registered new binding: Shoot - Space
10:03:52.893 [JavaFX Application Thread] DEBUG Input                - Registered new binding: Switch to Fire Bullet - Q
10:03:52.894 [JavaFX Application Thread] DEBUG Input                - Registered new binding: Switch to Ice Bullet - E
10:03:52.894 [JavaFX Application Thread] DEBUG FXGLAssetLoaderServi - Loading from file system: jar:file:///home/me/.m2/repository/com/github/almasb/fxgl/25/fxgl-25.jar!/fxglassets/textures/fxgl_icon.png
10:03:52.918 [JavaFX Application Thread] DEBUG FXGLAssetLoaderServi - Loading from file system: jar:file:///home/me/.m2/repository/com/github/almasb/fxgl/25/fxgl-25.jar!/fxglassets/textures/fxgl_default_cursor.png
10:03:52.920 [JavaFX Application Thread] DEBUG Input                - Registered new binding: Screenshot - CTRL+8
10:03:52.920 [JavaFX Application Thread] DEBUG Input                - Registered new binding: System info dump - CTRL+9
10:03:52.920 [JavaFX Application Thread] DEBUG Input                - Registered new binding: Restart - CTRL+R
10:03:52.921 [JavaFX Application Thread] DEBUG Input                - Registered new binding: Toggle Debug Camera - CTRL+7
10:03:52.924 [JavaFX Application Thread] DEBUG LoopRunner           - Starting loop
10:03:52.924 [JavaFX Application Thread] DEBUG LoopRunner           - Initializing JavaFX AnimationTimerLoop
10:03:52.926 [JavaFX Application Thread] DEBUG Input                - Clearing active input actions
10:03:52.938 [JavaFX Application Thread] DEBUG GameApplicationServi - Removing overlay from FXGLStartupScene and adding to FXGLMainMenuDummyScene
10:03:52.938 [JavaFX Application Thread] DEBUG PrimaryStageWindow   - FXGLStartupScene -> FXGLMainMenuDummyScene
10:03:52.939 [JavaFX Application Thread] DEBUG PrimaryStageWindow   - Push state: MenuInterface
10:03:52.939 [JavaFX Application Thread] DEBUG Input                - Clearing active input actions
10:03:52.945 [JavaFX Application Thread] DEBUG GameApplicationServi - Removing overlay from FXGLMainMenuDummyScene and adding to MenuInterface
10:03:52.946 [JavaFX Application Thread] DEBUG PrimaryStageWindow   - FXGLMainMenuDummyScene -> MenuInterface
10:03:52.946 [JavaFX Application Thread] DEBUG FXGLApplication      - Registering font factories with UI factory
10:03:55.865 [FXGL Background Thread 3 ] DEBUG Engine               - Logging environment variables
10:03:55.866 [FXGL Background Thread 3 ] DEBUG Engine               - achievements: []
10:03:55.867 [FXGL Background Thread 3 ] DEBUG Engine               - actualHeight: 719.0
10:03:55.867 [FXGL Background Thread 3 ] DEBUG Engine               - actualHeightProperty: ReadOnlyDoubleProperty [value: 719.0]
10:03:55.867 [FXGL Background Thread 3 ] DEBUG Engine               - actualWidth: 1290.0
10:03:55.867 [FXGL Background Thread 3 ] DEBUG Engine               - actualWidthProperty: ReadOnlyDoubleProperty [value: 1290.0]
10:03:55.867 [FXGL Background Thread 3 ] DEBUG Engine               - appIcon: fxgl_icon.png
10:03:55.868 [FXGL Background Thread 3 ] DEBUG Engine               - applicationMode: DEVELOPER
10:03:55.868 [FXGL Background Thread 3 ] DEBUG Engine               - cSSList: [fxgl_dark.css]
10:03:55.868 [FXGL Background Thread 3 ] DEBUG Engine               - collisionDetectionStrategy: BRUTE_FORCE
10:03:55.868 [FXGL Background Thread 3 ] DEBUG Engine               - configClass: Optional.empty
10:03:55.868 [FXGL Background Thread 3 ] DEBUG Engine               - credits: []
10:03:55.869 [FXGL Background Thread 3 ] DEBUG Engine               - defaultCursor: CursorInfo(imageName=fxgl_default_cursor.png, hotspotX=7.0, hotspotY=6.0)
10:03:55.869 [FXGL Background Thread 3 ] DEBUG Engine               - devBBoxColorProperty: ObjectProperty [value: 0xff0000ff]
10:03:55.870 [FXGL Background Thread 3 ] DEBUG Engine               - devEnableDebugCameraProperty: BooleanProperty [value: false]
10:03:55.870 [FXGL Background Thread 3 ] DEBUG Engine               - devSensorColorProperty: ObjectProperty [value: 0xffff00ff]
10:03:55.870 [FXGL Background Thread 3 ] DEBUG Engine               - devShowBBoxProperty: BooleanProperty [value: false]
10:03:55.870 [FXGL Background Thread 3 ] DEBUG Engine               - devShowPositionProperty: BooleanProperty [value: false]
10:03:55.870 [FXGL Background Thread 3 ] DEBUG Engine               - enabledMenuItems: []
10:03:55.871 [FXGL Background Thread 3 ] DEBUG Engine               - engineServices: [class com.almasb.fxgl.app.services.FXGLAssetLoaderService, class com.almasb.fxgl.app.FXGLApplication$GameApplicationService, class com.almasb.fxgl.app.services.FXGLDialogService, class com.almasb.fxgl.app.services.IOTaskExecutorService, class com.almasb.fxgl.io.FileSystemService, class com.almasb.fxgl.localization.LocalizationService, class com.almasb.fxgl.app.services.SystemBundleService, class com.almasb.fxgl.profile.SaveLoadService, class com.almasb.fxgl.ui.FXGLUIFactoryServiceProvider, class com.almasb.fxgl.ui.FXGLDialogFactoryServiceProvider, class com.almasb.fxgl.audio.AudioPlayer, class com.almasb.fxgl.notification.impl.NotificationServiceProvider, class com.almasb.fxgl.achievement.AchievementService, class com.almasb.fxgl.cutscene.CutsceneService, class com.almasb.fxgl.minigames.MiniGameService, class com.almasb.fxgl.net.NetService, class com.almasb.fxgl.app.services.UpdaterService, class com.almasb.fxgl.dev.DevService]
10:03:55.871 [FXGL Background Thread 3 ] DEBUG Engine               - fontGame: Abel-Regular.ttf
10:03:55.871 [FXGL Background Thread 3 ] DEBUG Engine               - fontMono: TerminalLandMono-Regular.otf
10:03:55.871 [FXGL Background Thread 3 ] DEBUG Engine               - fontSizeScaleUI: 1.0
10:03:55.871 [FXGL Background Thread 3 ] DEBUG Engine               - fontText: Courier-Prime.ttf
10:03:55.871 [FXGL Background Thread 3 ] DEBUG Engine               - fontUI: VarelaRound-Regular.ttf
10:03:55.872 [FXGL Background Thread 3 ] DEBUG Engine               - fpsRefreshRate: 500.0 ms
10:03:55.872 [FXGL Background Thread 3 ] DEBUG Engine               - fullScreen: BooleanProperty [value: false]
10:03:55.872 [FXGL Background Thread 3 ] DEBUG Engine               - gameDifficulty: MEDIUM
10:03:55.872 [FXGL Background Thread 3 ] DEBUG Engine               - gameDifficultyProperty: ObjectProperty [value: MEDIUM]
10:03:55.873 [FXGL Background Thread 3 ] DEBUG Engine               - globalMusicVolume: 0.5
10:03:55.873 [FXGL Background Thread 3 ] DEBUG Engine               - globalMusicVolumeProperty: DoubleProperty [value: 0.5]
10:03:55.873 [FXGL Background Thread 3 ] DEBUG Engine               - globalSoundVolume: 0.5
10:03:55.873 [FXGL Background Thread 3 ] DEBUG Engine               - globalSoundVolumeProperty: DoubleProperty [value: 0.5]
10:03:55.874 [FXGL Background Thread 3 ] DEBUG Engine               - height: 720
10:03:55.874 [FXGL Background Thread 3 ] DEBUG Engine               - is3D: false
10:03:55.874 [FXGL Background Thread 3 ] DEBUG Engine               - isAndroid: false
10:03:55.874 [FXGL Background Thread 3 ] DEBUG Engine               - isBrowser: false
10:03:55.874 [FXGL Background Thread 3 ] DEBUG Engine               - isClickFeedbackEnabled: false
10:03:55.875 [FXGL Background Thread 3 ] DEBUG Engine               - isCloseConfirmation: false
10:03:55.875 [FXGL Background Thread 3 ] DEBUG Engine               - isDesktop: true
10:03:55.875 [FXGL Background Thread 3 ] DEBUG Engine               - isDeveloperMenuEnabled: false
10:03:55.875 [FXGL Background Thread 3 ] DEBUG Engine               - isEmbedded: false
10:03:55.875 [FXGL Background Thread 3 ] DEBUG Engine               - isEntityPreloadEnabled: true
10:03:55.875 [FXGL Background Thread 3 ] DEBUG Engine               - isExperimentalTiledLargeMap: false
10:03:55.876 [FXGL Background Thread 3 ] DEBUG Engine               - isFileSystemWriteAllowed: true
10:03:55.876 [FXGL Background Thread 3 ] DEBUG Engine               - isFullScreenAllowed: false
10:03:55.876 [FXGL Background Thread 3 ] DEBUG Engine               - isFullScreenFromStart: false
10:03:55.876 [FXGL Background Thread 3 ] DEBUG Engine               - isGameMenuEnabled: true
10:03:55.876 [FXGL Background Thread 3 ] DEBUG Engine               - isIOS: false
10:03:55.876 [FXGL Background Thread 3 ] DEBUG Engine               - isIntroEnabled: false
10:03:55.877 [FXGL Background Thread 3 ] DEBUG Engine               - isLinux: true
10:03:55.877 [FXGL Background Thread 3 ] DEBUG Engine               - isMac: false
10:03:55.877 [FXGL Background Thread 3 ] DEBUG Engine               - isMainMenuEnabled: true
10:03:55.877 [FXGL Background Thread 3 ] DEBUG Engine               - isManualResizeEnabled: false
10:03:55.877 [FXGL Background Thread 3 ] DEBUG Engine               - isMobile: false
10:03:55.877 [FXGL Background Thread 3 ] DEBUG Engine               - isNative: false
10:03:55.877 [FXGL Background Thread 3 ] DEBUG Engine               - isPauseMusicWhenMinimized: true
10:03:55.878 [FXGL Background Thread 3 ] DEBUG Engine               - isPreserveResizeRatio: false
10:03:55.878 [FXGL Background Thread 3 ] DEBUG Engine               - isProfilingEnabled: false
10:03:55.878 [FXGL Background Thread 3 ] DEBUG Engine               - isScaleAffectedOnResize: true
10:03:55.878 [FXGL Background Thread 3 ] DEBUG Engine               - isSingleStep: false
10:03:55.878 [FXGL Background Thread 3 ] DEBUG Engine               - isUserProfileEnabled: false
10:03:55.878 [FXGL Background Thread 3 ] DEBUG Engine               - isWindows: false
10:03:55.879 [FXGL Background Thread 3 ] DEBUG Engine               - language: ObjectProperty [value: ENGLISH]
10:03:55.879 [FXGL Background Thread 3 ] DEBUG Engine               - menuKey: ESCAPE
10:03:55.879 [FXGL Background Thread 3 ] DEBUG Engine               - mouseSensitivity: 0.2
10:03:55.879 [FXGL Background Thread 3 ] DEBUG Engine               - notificationViewClass: class com.almasb.fxgl.notification.view.XboxNotificationView
10:03:55.879 [FXGL Background Thread 3 ] DEBUG Engine               - pixelsPerMeter: 50.0
10:03:55.879 [FXGL Background Thread 3 ] DEBUG Engine               - platform: LINUX
10:03:55.879 [FXGL Background Thread 3 ] DEBUG Engine               - prefHeightProperty: ReadOnlyDoubleProperty [value: 720.0]
10:03:55.880 [FXGL Background Thread 3 ] DEBUG Engine               - prefWidthProperty: ReadOnlyDoubleProperty [value: 1280.0]
10:03:55.880 [FXGL Background Thread 3 ] DEBUG Engine               - profileDir: profiles/
10:03:55.880 [FXGL Background Thread 3 ] DEBUG Engine               - profileName: StringProperty [value: DEFAULT]
10:03:55.880 [FXGL Background Thread 3 ] DEBUG Engine               - randomSeed: -1
10:03:55.881 [FXGL Background Thread 3 ] DEBUG Engine               - runtimeInfo: RuntimeInfo(platform=LINUX, version=25, build=05.02.2026 22.57)
10:03:55.881 [FXGL Background Thread 3 ] DEBUG Engine               - saveFileExt: sav
10:03:55.881 [FXGL Background Thread 3 ] DEBUG Engine               - scaledHeightProp$fxgl: DoubleProperty [bound, value: 719.0]
10:03:55.881 [FXGL Background Thread 3 ] DEBUG Engine               - scaledWidthProp$fxgl: DoubleProperty [bound, value: 1290.0]
10:03:55.881 [FXGL Background Thread 3 ] DEBUG Engine               - sceneFactory: org.group1.GamePackage.Factory.MainSceneFactory@777e6a2a
10:03:55.881 [FXGL Background Thread 3 ] DEBUG Engine               - secondsIn24h: 60
10:03:55.882 [FXGL Background Thread 3 ] DEBUG Engine               - soundMenuBack: menu/back.wav
10:03:55.882 [FXGL Background Thread 3 ] DEBUG Engine               - soundMenuPress: menu/press.wav
10:03:55.882 [FXGL Background Thread 3 ] DEBUG Engine               - soundMenuSelect: menu/select.wav
10:03:55.882 [FXGL Background Thread 3 ] DEBUG Engine               - soundNotification: core/notification.wav
10:03:55.882 [FXGL Background Thread 3 ] DEBUG Engine               - stageStyle: DECORATED
10:03:55.882 [FXGL Background Thread 3 ] DEBUG Engine               - supportedLanguages: [ENGLISH, FRENCH, GERMAN, HUNGARIAN, RUSSIAN]
10:03:55.882 [FXGL Background Thread 3 ] DEBUG Engine               - ticksPerSecond: -1
10:03:55.882 [FXGL Background Thread 3 ] DEBUG Engine               - title: Untitled
10:03:55.883 [FXGL Background Thread 3 ] DEBUG Engine               - urlGithub: https://github.com/AlmasB/FXGL
10:03:55.883 [FXGL Background Thread 3 ] DEBUG Engine               - urlLeaderboard: http://fxgl-top.herokuapp.com/
10:03:55.883 [FXGL Background Thread 3 ] DEBUG Engine               - urlPOM: https://raw.githubusercontent.com/AlmasB/FXGL/release/README.md
10:03:55.883 [FXGL Background Thread 3 ] DEBUG Engine               - userAppClass: class org.group1.GamePackage.Application
10:03:55.883 [FXGL Background Thread 3 ] DEBUG Engine               - version: 0.0
10:03:55.883 [FXGL Background Thread 3 ] DEBUG Engine               - versionCheckDays: 7
10:03:55.883 [FXGL Background Thread 3 ] DEBUG Engine               - width: 1280
10:03:55.884 [FXGL Background Thread 3 ] DEBUG Engine               - Logging services
10:03:55.884 [FXGL Background Thread 3 ] DEBUG Engine               - class com.almasb.fxgl.app.services.FXGLAssetLoaderService
10:03:55.884 [FXGL Background Thread 3 ] DEBUG Engine               - class com.almasb.fxgl.app.FXGLApplication$GameApplicationService
10:03:55.884 [FXGL Background Thread 3 ] DEBUG Engine               - class com.almasb.fxgl.app.services.FXGLDialogService
10:03:55.884 [FXGL Background Thread 3 ] DEBUG Engine               - class com.almasb.fxgl.app.services.IOTaskExecutorService
10:03:55.884 [FXGL Background Thread 3 ] DEBUG Engine               - class com.almasb.fxgl.io.FileSystemService
10:03:55.884 [FXGL Background Thread 3 ] DEBUG Engine               - class com.almasb.fxgl.localization.LocalizationService
10:03:55.885 [FXGL Background Thread 3 ] DEBUG Engine               - class com.almasb.fxgl.app.services.SystemBundleService
10:03:55.885 [FXGL Background Thread 3 ] DEBUG Engine               - class com.almasb.fxgl.profile.SaveLoadService
10:03:55.885 [FXGL Background Thread 3 ] DEBUG Engine               - class com.almasb.fxgl.ui.FXGLUIFactoryServiceProvider
10:03:55.885 [FXGL Background Thread 3 ] DEBUG Engine               - class com.almasb.fxgl.ui.FXGLDialogFactoryServiceProvider
10:03:55.885 [FXGL Background Thread 3 ] DEBUG Engine               - class com.almasb.fxgl.audio.AudioPlayer
10:03:55.885 [FXGL Background Thread 3 ] DEBUG Engine               - class com.almasb.fxgl.notification.impl.NotificationServiceProvider
10:03:55.885 [FXGL Background Thread 3 ] DEBUG Engine               - class com.almasb.fxgl.achievement.AchievementService
10:03:55.885 [FXGL Background Thread 3 ] DEBUG Engine               - class com.almasb.fxgl.cutscene.CutsceneService
10:03:55.885 [FXGL Background Thread 3 ] DEBUG Engine               - class com.almasb.fxgl.minigames.MiniGameService
10:03:55.886 [FXGL Background Thread 3 ] DEBUG Engine               - class com.almasb.fxgl.net.NetService
10:03:55.886 [FXGL Background Thread 3 ] DEBUG Engine               - class com.almasb.fxgl.app.services.UpdaterService
10:03:55.886 [FXGL Background Thread 3 ] DEBUG Engine               - class com.almasb.fxgl.dev.DevService
10:03:58.939 [JavaFX Application Thread] DEBUG FXGLApplication      - Exiting FXGL
10:03:58.940 [JavaFX Application Thread] DEBUG LoopRunner           - Stopping loop
10:03:58.940 [JavaFX Application Thread] DEBUG SystemBundleService  - Saving FXGL system data
10:03:58.943 [JavaFX Application Thread] DEBUG FileSystemAccess     - Writing to: /home/me/projects/ComProg_Project/system/fxgl.bundle
10:03:58.946 [JavaFX Application Thread] DEBUG Async                - Shutting down background threads
10:03:58.946 [JavaFX Application Thread] DEBUG PrimaryStageWindow   - Closing main window
10:03:58.949 [JavaFX Application Thread] DEBUG Logger               - Closing Logger
