11:50:32.318 [main                     ] DEBUG Logger               - Configured Logger
11:50:32.342 [main                     ] DEBUG GameApplication      - Logging settings
Title: Untitled
Version: 0.0
Width: 1280
Height: 720
Fullscreen: false
Intro: false
Profiling: false
Single step:false
App Mode: DEVELOPER
Menu Key: ESCAPE
Stage Style: DECORATED
Scene Factory: class org.group1.GamePackage.Factory.MainSceneFactory

11:50:32.822 [JavaFX Application Thread] DEBUG FXGLApplication      - Initializing FXGL
11:50:32.827 [JavaFX Application Thread] INFO  Engine               - FXGL-25 (05.02.2026 22.57) on WINDOWS (J:25.0.1 FX:21.0.6)
11:50:32.828 [JavaFX Application Thread] DEBUG Engine               - JRE Vendor Name: Oracle Corporation
11:50:32.828 [JavaFX Application Thread] DEBUG Engine               - Running on OS: Windows 11 version 10.0
11:50:32.828 [JavaFX Application Thread] DEBUG Engine               - Architecture: amd64
11:50:32.828 [JavaFX Application Thread] INFO  Engine               - Source code and latest versions at: https://github.com/AlmasB/FXGL
11:50:32.829 [JavaFX Application Thread] INFO  Engine               -       Ask questions and discuss at: https://github.com/AlmasB/FXGL/discussions
11:50:32.966 [JavaFX Application Thread] DEBUG PrimaryStageWindow   - Creating a JavaFX scene
11:50:32.967 [JavaFX Application Thread] DEBUG PrimaryStageWindow   - Target size > screen size
11:50:33.021 [JavaFX Application Thread] DEBUG PrimaryStageWindow   - Target settings size: 1280.0 x 720.0
11:50:33.021 [JavaFX Application Thread] DEBUG PrimaryStageWindow   - Scaled scene size:    1169.0 x 671.0
11:50:33.021 [JavaFX Application Thread] DEBUG PrimaryStageWindow   - Scaled ratio: (0.91328125, 0.9319444444444445)
11:50:33.022 [JavaFX Application Thread] DEBUG PrimaryStageWindow   - Set initial scene to FXGLStartupScene
11:50:33.026 [JavaFX Application Thread] DEBUG PrimaryStageWindow   - Opening main window
11:50:33.158 [JavaFX Application Thread] DEBUG PrimaryStageWindow   - Window border size: (15.0, 37.66668701171875)
11:50:33.158 [JavaFX Application Thread] DEBUG PrimaryStageWindow   - Scaled size: 1169.0 x 671.0
11:50:33.158 [JavaFX Application Thread] DEBUG PrimaryStageWindow   - Scaled ratio: (0.91328125, 0.9319444444444445)
11:50:33.159 [JavaFX Application Thread] DEBUG PrimaryStageWindow   - Scene size: 1169.0 x 671.0
11:50:33.159 [JavaFX Application Thread] DEBUG PrimaryStageWindow   - Stage size: 1184.0 x 708.6666870117188
11:50:33.174 [FXGL Background Thread 1 ] DEBUG Engine               - Initializing environment variables
11:50:33.326 [FXGL Background Thread 1 ] DEBUG FXGLAssetLoaderServi - User app class for loading assets: class org.group1.GamePackage.Application
11:50:33.327 [FXGL Background Thread 1 ] DEBUG GameApplicationServi - Applying CSS: fxgl_dark.css
11:50:33.329 [FXGL Background Thread 1 ] DEBUG FXGLAssetLoaderServi - Loading from file system: jar:file:///C:/Users/ryles/.m2/repository/com/github/almasb/fxgl/25/fxgl-25.jar!/fxglassets/ui/css/fxgl_dark.css
11:50:33.453 [FXGL Background Thread 1 ] DEBUG GameApplicationServi - Initializing application scenes
11:50:33.604 [FXGL Background Thread 1 ] DEBUG GameWorld            - Game world initialized
11:50:33.734 [FXGL Background Thread 1 ] DEBUG PhysicsWorld         - Physics world initialized: appHeight=720, physics.ppm=50.0
11:50:33.734 [FXGL Background Thread 1 ] DEBUG PhysicsWorld         - Using strategy: BRUTE_FORCE
11:50:33.745 [FXGL Background Thread 1 ] DEBUG GameScene            - Game scene initialized: 1280x720
11:50:33.774 [FXGL Background Thread 1 ] DEBUG FXGL.DefaultMenu     - createMenuBodyGameMenu()
11:50:33.792 [FXGL Background Thread 1 ] DEBUG FXGL.DefaultMenu     - createOptionsMenu()
11:50:33.819 [FXGL Background Thread 1 ] DEBUG FXGLAssetLoaderServi - Loading from file system: jar:file:///C:/Users/ryles/.m2/repository/com/github/almasb/fxgl/25/fxgl-25.jar!/fxglassets/textures/particles/smoke.png
11:50:34.038 [FXGL Background Thread 1 ] DEBUG FXGLAssetLoaderServi - Loading from file system: jar:file:///C:/Users/ryles/.m2/repository/com/github/almasb/fxgl/25/fxgl-25.jar!/fxglassets/textures/particles/trace_horizontal.png
11:50:34.101 [FXGL Background Thread 1 ] DEBUG GameApplicationServi - Application scenes initialized
11:50:34.121 [FXGL Background Thread 1 ] DEBUG SystemBundleService  - Loading FXGL system data
11:50:34.127 [FXGL Background Thread 1 ] DEBUG FileSystemAccess     - Reading from: C:\Users\ryles\Downloads\ComProg_Project\system\fxgl.bundle
11:50:34.142 [FXGL Background Thread 1 ] DEBUG SystemBundleService  - Bundle FXGL: {}
11:50:34.143 [FXGL Background Thread 1 ] DEBUG UpdaterService       - Checking for updates
11:50:34.150 [FXGL Background Thread 4 ] DEBUG FXGLApplication      - Loading fonts
11:50:34.151 [FXGL Background Thread 1 ] DEBUG FXGLApplication      - Loading default localization
11:50:34.151 [FXGL Background Thread 4 ] DEBUG FXGLAssetLoaderServi - Loading from file system: jar:file:///C:/Users/ryles/.m2/repository/com/github/almasb/fxgl/25/fxgl-25.jar!/fxglassets/ui/fonts/VarelaRound-Regular.ttf
11:50:34.152 [FXGL Background Thread 1 ] DEBUG FXGLAssetLoaderServi - Loading from file system: jar:file:///C:/Users/ryles/.m2/repository/com/github/almasb/fxgl/25/fxgl-25.jar!/fxglassets/languages/english.lang
11:50:34.188 [FXGL Background Thread 1 ] INFO  FXGLApplication      - FXGL initialization took: 1.013 sec
11:50:34.213 [JavaFX Application Thread] DEBUG Input                - Registered new binding: Move left - A
11:50:34.213 [JavaFX Application Thread] DEBUG Input                - Registered new binding: Move right - D
11:50:34.213 [JavaFX Application Thread] DEBUG Input                - Registered new binding: Move down - S
11:50:34.213 [JavaFX Application Thread] DEBUG Input                - Registered new binding: Move up - W
11:50:34.214 [JavaFX Application Thread] DEBUG Input                - Registered new binding: Shoot - Space
11:50:34.214 [JavaFX Application Thread] DEBUG FXGLAssetLoaderServi - Loading from file system: jar:file:///C:/Users/ryles/.m2/repository/com/github/almasb/fxgl/25/fxgl-25.jar!/fxglassets/textures/fxgl_icon.png
11:50:34.227 [FXGL Background Thread 4 ] DEBUG FXGLAssetLoaderServi - Loading from file system: jar:file:///C:/Users/ryles/.m2/repository/com/github/almasb/fxgl/25/fxgl-25.jar!/fxglassets/ui/fonts/Abel-Regular.ttf
11:50:34.235 [FXGL Background Thread 4 ] DEBUG FXGLAssetLoaderServi - Loading from file system: jar:file:///C:/Users/ryles/.m2/repository/com/github/almasb/fxgl/25/fxgl-25.jar!/fxglassets/ui/fonts/TerminalLandMono-Regular.otf
11:50:34.243 [FXGL Background Thread 4 ] DEBUG FXGLAssetLoaderServi - Loading from file system: jar:file:///C:/Users/ryles/.m2/repository/com/github/almasb/fxgl/25/fxgl-25.jar!/fxglassets/ui/fonts/Courier-Prime.ttf
11:50:34.250 [JavaFX Application Thread] DEBUG FXGLAssetLoaderServi - Loading from file system: jar:file:///C:/Users/ryles/.m2/repository/com/github/almasb/fxgl/25/fxgl-25.jar!/fxglassets/textures/fxgl_default_cursor.png
11:50:34.255 [JavaFX Application Thread] DEBUG Input                - Registered new binding: Screenshot - CTRL+8
11:50:34.255 [JavaFX Application Thread] DEBUG Input                - Registered new binding: System info dump - CTRL+9
11:50:34.256 [JavaFX Application Thread] DEBUG Input                - Registered new binding: Restart - CTRL+R
11:50:34.259 [JavaFX Application Thread] DEBUG Input                - Registered new binding: Toggle Debug Camera - CTRL+7
11:50:34.264 [JavaFX Application Thread] DEBUG LoopRunner           - Starting loop
11:50:34.264 [JavaFX Application Thread] DEBUG LoopRunner           - Initializing JavaFX AnimationTimerLoop
11:50:34.268 [JavaFX Application Thread] DEBUG Input                - Clearing active input actions
11:50:34.283 [JavaFX Application Thread] DEBUG GameApplicationServi - Removing overlay from FXGLStartupScene and adding to FXGLMainMenuDummyScene
11:50:34.284 [JavaFX Application Thread] DEBUG PrimaryStageWindow   - FXGLStartupScene -> FXGLMainMenuDummyScene
11:50:34.284 [JavaFX Application Thread] DEBUG PrimaryStageWindow   - Push state: MenuInterface
11:50:34.285 [JavaFX Application Thread] DEBUG Input                - Clearing active input actions
11:50:34.292 [JavaFX Application Thread] DEBUG GameApplicationServi - Removing overlay from FXGLMainMenuDummyScene and adding to MenuInterface
11:50:34.292 [JavaFX Application Thread] DEBUG PrimaryStageWindow   - FXGLMainMenuDummyScene -> MenuInterface
11:50:34.361 [JavaFX Application Thread] DEBUG FXGLApplication      - Registering font factories with UI factory
11:50:37.147 [FXGL Background Thread 3 ] DEBUG Engine               - Logging environment variables
11:50:37.147 [FXGL Background Thread 3 ] DEBUG Engine               - achievements: []
11:50:37.147 [FXGL Background Thread 3 ] DEBUG Engine               - actualHeight: 671.0
11:50:37.148 [FXGL Background Thread 3 ] DEBUG Engine               - actualHeightProperty: ReadOnlyDoubleProperty [value: 671.0]
11:50:37.148 [FXGL Background Thread 3 ] DEBUG Engine               - actualWidth: 1169.0
11:50:37.148 [FXGL Background Thread 3 ] DEBUG Engine               - actualWidthProperty: ReadOnlyDoubleProperty [value: 1169.0]
11:50:37.148 [FXGL Background Thread 3 ] DEBUG Engine               - appIcon: fxgl_icon.png
11:50:37.148 [FXGL Background Thread 3 ] DEBUG Engine               - applicationMode: DEVELOPER
11:50:37.148 [FXGL Background Thread 3 ] DEBUG Engine               - cSSList: [fxgl_dark.css]
11:50:37.148 [FXGL Background Thread 3 ] DEBUG Engine               - collisionDetectionStrategy: BRUTE_FORCE
11:50:37.148 [FXGL Background Thread 3 ] DEBUG Engine               - configClass: Optional.empty
11:50:37.148 [FXGL Background Thread 3 ] DEBUG Engine               - credits: []
11:50:37.148 [FXGL Background Thread 3 ] DEBUG Engine               - defaultCursor: CursorInfo(imageName=fxgl_default_cursor.png, hotspotX=7.0, hotspotY=6.0)
11:50:37.149 [FXGL Background Thread 3 ] DEBUG Engine               - devBBoxColorProperty: ObjectProperty [value: 0xff0000ff]
11:50:37.149 [FXGL Background Thread 3 ] DEBUG Engine               - devEnableDebugCameraProperty: BooleanProperty [value: false]
11:50:37.149 [FXGL Background Thread 3 ] DEBUG Engine               - devSensorColorProperty: ObjectProperty [value: 0xffff00ff]
11:50:37.149 [FXGL Background Thread 3 ] DEBUG Engine               - devShowBBoxProperty: BooleanProperty [value: false]
11:50:37.149 [FXGL Background Thread 3 ] DEBUG Engine               - devShowPositionProperty: BooleanProperty [value: false]
11:50:37.149 [FXGL Background Thread 3 ] DEBUG Engine               - enabledMenuItems: []
11:50:37.149 [FXGL Background Thread 3 ] DEBUG Engine               - engineServices: [class com.almasb.fxgl.app.services.FXGLAssetLoaderService, class com.almasb.fxgl.app.FXGLApplication$GameApplicationService, class com.almasb.fxgl.app.services.FXGLDialogService, class com.almasb.fxgl.app.services.IOTaskExecutorService, class com.almasb.fxgl.io.FileSystemService, class com.almasb.fxgl.localization.LocalizationService, class com.almasb.fxgl.app.services.SystemBundleService, class com.almasb.fxgl.profile.SaveLoadService, class com.almasb.fxgl.ui.FXGLUIFactoryServiceProvider, class com.almasb.fxgl.ui.FXGLDialogFactoryServiceProvider, class com.almasb.fxgl.audio.AudioPlayer, class com.almasb.fxgl.notification.impl.NotificationServiceProvider, class com.almasb.fxgl.achievement.AchievementService, class com.almasb.fxgl.cutscene.CutsceneService, class com.almasb.fxgl.minigames.MiniGameService, class com.almasb.fxgl.net.NetService, class com.almasb.fxgl.app.services.UpdaterService, class com.almasb.fxgl.dev.DevService]
11:50:37.149 [FXGL Background Thread 3 ] DEBUG Engine               - fontGame: Abel-Regular.ttf
11:50:37.149 [FXGL Background Thread 3 ] DEBUG Engine               - fontMono: TerminalLandMono-Regular.otf
11:50:37.150 [FXGL Background Thread 3 ] DEBUG Engine               - fontSizeScaleUI: 1.0
11:50:37.150 [FXGL Background Thread 3 ] DEBUG Engine               - fontText: Courier-Prime.ttf
11:50:37.150 [FXGL Background Thread 3 ] DEBUG Engine               - fontUI: VarelaRound-Regular.ttf
11:50:37.150 [FXGL Background Thread 3 ] DEBUG Engine               - fpsRefreshRate: 500.0 ms
11:50:37.150 [FXGL Background Thread 3 ] DEBUG Engine               - fullScreen: BooleanProperty [value: false]
11:50:37.150 [FXGL Background Thread 3 ] DEBUG Engine               - gameDifficulty: MEDIUM
11:50:37.150 [FXGL Background Thread 3 ] DEBUG Engine               - gameDifficultyProperty: ObjectProperty [value: MEDIUM]
11:50:37.150 [FXGL Background Thread 3 ] DEBUG Engine               - globalMusicVolume: 0.5
11:50:37.150 [FXGL Background Thread 3 ] DEBUG Engine               - globalMusicVolumeProperty: DoubleProperty [value: 0.5]
11:50:37.150 [FXGL Background Thread 3 ] DEBUG Engine               - globalSoundVolume: 0.5
11:50:37.150 [FXGL Background Thread 3 ] DEBUG Engine               - globalSoundVolumeProperty: DoubleProperty [value: 0.5]
11:50:37.150 [FXGL Background Thread 3 ] DEBUG Engine               - height: 720
11:50:37.150 [FXGL Background Thread 3 ] DEBUG Engine               - is3D: false
11:50:37.150 [FXGL Background Thread 3 ] DEBUG Engine               - isAndroid: false
11:50:37.151 [FXGL Background Thread 3 ] DEBUG Engine               - isBrowser: false
11:50:37.151 [FXGL Background Thread 3 ] DEBUG Engine               - isClickFeedbackEnabled: false
11:50:37.151 [FXGL Background Thread 3 ] DEBUG Engine               - isCloseConfirmation: false
11:50:37.151 [FXGL Background Thread 3 ] DEBUG Engine               - isDesktop: true
11:50:37.151 [FXGL Background Thread 3 ] DEBUG Engine               - isDeveloperMenuEnabled: false
11:50:37.151 [FXGL Background Thread 3 ] DEBUG Engine               - isEmbedded: false
11:50:37.151 [FXGL Background Thread 3 ] DEBUG Engine               - isEntityPreloadEnabled: true
11:50:37.151 [FXGL Background Thread 3 ] DEBUG Engine               - isExperimentalTiledLargeMap: false
11:50:37.151 [FXGL Background Thread 3 ] DEBUG Engine               - isFileSystemWriteAllowed: true
11:50:37.151 [FXGL Background Thread 3 ] DEBUG Engine               - isFullScreenAllowed: false
11:50:37.151 [FXGL Background Thread 3 ] DEBUG Engine               - isFullScreenFromStart: false
11:50:37.151 [FXGL Background Thread 3 ] DEBUG Engine               - isGameMenuEnabled: true
11:50:37.151 [FXGL Background Thread 3 ] DEBUG Engine               - isIOS: false
11:50:37.151 [FXGL Background Thread 3 ] DEBUG Engine               - isIntroEnabled: false
11:50:37.151 [FXGL Background Thread 3 ] DEBUG Engine               - isLinux: false
11:50:37.151 [FXGL Background Thread 3 ] DEBUG Engine               - isMac: false
11:50:37.151 [FXGL Background Thread 3 ] DEBUG Engine               - isMainMenuEnabled: true
11:50:37.151 [FXGL Background Thread 3 ] DEBUG Engine               - isManualResizeEnabled: false
11:50:37.151 [FXGL Background Thread 3 ] DEBUG Engine               - isMobile: false
11:50:37.151 [FXGL Background Thread 3 ] DEBUG Engine               - isNative: false
11:50:37.152 [FXGL Background Thread 3 ] DEBUG Engine               - isPauseMusicWhenMinimized: true
11:50:37.152 [FXGL Background Thread 3 ] DEBUG Engine               - isPreserveResizeRatio: false
11:50:37.152 [FXGL Background Thread 3 ] DEBUG Engine               - isProfilingEnabled: false
11:50:37.152 [FXGL Background Thread 3 ] DEBUG Engine               - isScaleAffectedOnResize: true
11:50:37.152 [FXGL Background Thread 3 ] DEBUG Engine               - isSingleStep: false
11:50:37.152 [FXGL Background Thread 3 ] DEBUG Engine               - isUserProfileEnabled: false
11:50:37.152 [FXGL Background Thread 3 ] DEBUG Engine               - isWindows: true
11:50:37.152 [FXGL Background Thread 3 ] DEBUG Engine               - language: ObjectProperty [value: ENGLISH]
11:50:37.152 [FXGL Background Thread 3 ] DEBUG Engine               - menuKey: ESCAPE
11:50:37.152 [FXGL Background Thread 3 ] DEBUG Engine               - mouseSensitivity: 0.2
11:50:37.152 [FXGL Background Thread 3 ] DEBUG Engine               - notificationViewClass: class com.almasb.fxgl.notification.view.XboxNotificationView
11:50:37.152 [FXGL Background Thread 3 ] DEBUG Engine               - pixelsPerMeter: 50.0
11:50:37.152 [FXGL Background Thread 3 ] DEBUG Engine               - platform: WINDOWS
11:50:37.152 [FXGL Background Thread 3 ] DEBUG Engine               - prefHeightProperty: ReadOnlyDoubleProperty [value: 720.0]
11:50:37.152 [FXGL Background Thread 3 ] DEBUG Engine               - prefWidthProperty: ReadOnlyDoubleProperty [value: 1280.0]
11:50:37.152 [FXGL Background Thread 3 ] DEBUG Engine               - profileDir: profiles/
11:50:37.152 [FXGL Background Thread 3 ] DEBUG Engine               - profileName: StringProperty [value: DEFAULT]
11:50:37.153 [FXGL Background Thread 3 ] DEBUG Engine               - randomSeed: -1
11:50:37.153 [FXGL Background Thread 3 ] DEBUG Engine               - runtimeInfo: RuntimeInfo(platform=WINDOWS, version=25, build=05.02.2026 22.57)
11:50:37.153 [FXGL Background Thread 3 ] DEBUG Engine               - saveFileExt: sav
11:50:37.153 [FXGL Background Thread 3 ] DEBUG Engine               - scaledHeightProp$fxgl: DoubleProperty [bound, value: 671.0]
11:50:37.153 [FXGL Background Thread 3 ] DEBUG Engine               - scaledWidthProp$fxgl: DoubleProperty [bound, value: 1169.0]
11:50:37.153 [FXGL Background Thread 3 ] DEBUG Engine               - sceneFactory: org.group1.GamePackage.Factory.MainSceneFactory@437309f9
11:50:37.153 [FXGL Background Thread 3 ] DEBUG Engine               - secondsIn24h: 60
11:50:37.153 [FXGL Background Thread 3 ] DEBUG Engine               - soundMenuBack: menu/back.wav
11:50:37.153 [FXGL Background Thread 3 ] DEBUG Engine               - soundMenuPress: menu/press.wav
11:50:37.153 [FXGL Background Thread 3 ] DEBUG Engine               - soundMenuSelect: menu/select.wav
11:50:37.153 [FXGL Background Thread 3 ] DEBUG Engine               - soundNotification: core/notification.wav
11:50:37.153 [FXGL Background Thread 3 ] DEBUG Engine               - stageStyle: DECORATED
11:50:37.153 [FXGL Background Thread 3 ] DEBUG Engine               - supportedLanguages: [ENGLISH, FRENCH, GERMAN, HUNGARIAN, RUSSIAN]
11:50:37.153 [FXGL Background Thread 3 ] DEBUG Engine               - ticksPerSecond: -1
11:50:37.153 [FXGL Background Thread 3 ] DEBUG Engine               - title: Untitled
11:50:37.153 [FXGL Background Thread 3 ] DEBUG Engine               - urlGithub: https://github.com/AlmasB/FXGL
11:50:37.153 [FXGL Background Thread 3 ] DEBUG Engine               - urlLeaderboard: http://fxgl-top.herokuapp.com/
11:50:37.153 [FXGL Background Thread 3 ] DEBUG Engine               - urlPOM: https://raw.githubusercontent.com/AlmasB/FXGL/release/README.md
11:50:37.154 [FXGL Background Thread 3 ] DEBUG Engine               - userAppClass: class org.group1.GamePackage.Application
11:50:37.154 [FXGL Background Thread 3 ] DEBUG Engine               - version: 0.0
11:50:37.154 [FXGL Background Thread 3 ] DEBUG Engine               - versionCheckDays: 7
11:50:37.154 [FXGL Background Thread 3 ] DEBUG Engine               - width: 1280
11:50:37.154 [FXGL Background Thread 3 ] DEBUG Engine               - Logging services
11:50:37.154 [FXGL Background Thread 3 ] DEBUG Engine               - class com.almasb.fxgl.app.services.FXGLAssetLoaderService
11:50:37.154 [FXGL Background Thread 3 ] DEBUG Engine               - class com.almasb.fxgl.app.FXGLApplication$GameApplicationService
11:50:37.154 [FXGL Background Thread 3 ] DEBUG Engine               - class com.almasb.fxgl.app.services.FXGLDialogService
11:50:37.154 [FXGL Background Thread 3 ] DEBUG Engine               - class com.almasb.fxgl.app.services.IOTaskExecutorService
11:50:37.154 [FXGL Background Thread 3 ] DEBUG Engine               - class com.almasb.fxgl.io.FileSystemService
11:50:37.154 [FXGL Background Thread 3 ] DEBUG Engine               - class com.almasb.fxgl.localization.LocalizationService
11:50:37.154 [FXGL Background Thread 3 ] DEBUG Engine               - class com.almasb.fxgl.app.services.SystemBundleService
11:50:37.154 [FXGL Background Thread 3 ] DEBUG Engine               - class com.almasb.fxgl.profile.SaveLoadService
11:50:37.154 [FXGL Background Thread 3 ] DEBUG Engine               - class com.almasb.fxgl.ui.FXGLUIFactoryServiceProvider
11:50:37.154 [FXGL Background Thread 3 ] DEBUG Engine               - class com.almasb.fxgl.ui.FXGLDialogFactoryServiceProvider
11:50:37.154 [FXGL Background Thread 3 ] DEBUG Engine               - class com.almasb.fxgl.audio.AudioPlayer
11:50:37.154 [FXGL Background Thread 3 ] DEBUG Engine               - class com.almasb.fxgl.notification.impl.NotificationServiceProvider
11:50:37.154 [FXGL Background Thread 3 ] DEBUG Engine               - class com.almasb.fxgl.achievement.AchievementService
11:50:37.154 [FXGL Background Thread 3 ] DEBUG Engine               - class com.almasb.fxgl.cutscene.CutsceneService
11:50:37.154 [FXGL Background Thread 3 ] DEBUG Engine               - class com.almasb.fxgl.minigames.MiniGameService
11:50:37.154 [FXGL Background Thread 3 ] DEBUG Engine               - class com.almasb.fxgl.net.NetService
11:50:37.154 [FXGL Background Thread 3 ] DEBUG Engine               - class com.almasb.fxgl.app.services.UpdaterService
11:50:37.154 [FXGL Background Thread 3 ] DEBUG Engine               - class com.almasb.fxgl.dev.DevService
11:50:40.852 [JavaFX Application Thread] DEBUG Menu                 - fireNewGame()
11:50:40.853 [JavaFX Application Thread] DEBUG GameApplicationServi - Starting new game
11:50:40.853 [JavaFX Application Thread] DEBUG PrimaryStageWindow   - Pop state: MenuInterface
11:50:40.853 [JavaFX Application Thread] DEBUG Input                - Clearing active input actions
11:50:40.854 [JavaFX Application Thread] DEBUG GameApplicationServi - Removing overlay from MenuInterface and adding to FXGLMainMenuDummyScene
11:50:40.854 [JavaFX Application Thread] DEBUG PrimaryStageWindow   - FXGLMainMenuDummyScene <- MenuInterface
11:50:40.854 [JavaFX Application Thread] DEBUG Input                - Clearing active input actions
11:50:40.862 [JavaFX Application Thread] DEBUG GameApplicationServi - Removing overlay from FXGLMainMenuDummyScene and adding to LoadingInterface
11:50:40.863 [JavaFX Application Thread] DEBUG PrimaryStageWindow   - FXGLMainMenuDummyScene -> LoadingInterface
11:50:40.863 [JavaFX Application Thread] DEBUG GameApplicationServi - Clearing previous game
11:50:40.863 [JavaFX Application Thread] DEBUG GameScene            - Clearing game scene
11:50:40.863 [JavaFX Application Thread] DEBUG GameWorld            - Clearing game world
11:50:40.863 [JavaFX Application Thread] DEBUG PhysicsWorld         - Clearing physics world
11:50:40.864 [FXGL Background Thread 2 ] DEBUG FXGLApplication      - Initializing game
11:50:40.880 [FXGL Background Thread 2 ] DEBUG FXGLAssetLoaderServi - Loading from file system: file:/C:/Users/ryles/Downloads/ComProg_Project/target/classes/assets/textures/background.png
11:50:41.049 [FXGL Background Thread 2 ] DEBUG FXGLAssetLoaderServi - Loading from file system: file:/C:/Users/ryles/Downloads/ComProg_Project/target/classes/assets/textures/background_stars1.png
11:50:41.141 [FXGL Background Thread 2 ] DEBUG FXGLAssetLoaderServi - Loading from file system: file:/C:/Users/ryles/Downloads/ComProg_Project/target/classes/assets/textures/background_stars2.png
11:50:41.185 [FXGL Background Thread 2 ] DEBUG FXGLAssetLoaderServi - Loading from file system: file:/C:/Users/ryles/Downloads/ComProg_Project/target/classes/assets/textures/background_stars3.png
11:50:41.223 [FXGL Background Thread 2 ] DEBUG FXGLAssetLoaderServi - Loading from file system: file:/C:/Users/ryles/Downloads/ComProg_Project/target/classes/assets/textures/background_cloud1.png
11:50:41.234 [FXGL Background Thread 2 ] DEBUG FXGLAssetLoaderServi - Loading from file system: file:/C:/Users/ryles/Downloads/ComProg_Project/target/classes/assets/textures/background_cloud2.png
11:50:41.248 [FXGL Background Thread 2 ] DEBUG FXGLAssetLoaderServi - Loading from file system: file:/C:/Users/ryles/Downloads/ComProg_Project/target/classes/assets/textures/background_mist1.png
11:50:41.261 [FXGL Background Thread 2 ] DEBUG FXGLAssetLoaderServi - Loading from file system: file:/C:/Users/ryles/Downloads/ComProg_Project/target/classes/assets/textures/background_hills.png
11:50:41.290 [FXGL Background Thread 2 ] DEBUG FXGLAssetLoaderServi - Loading from file system: file:/C:/Users/ryles/Downloads/ComProg_Project/target/classes/assets/textures/background_forest.png
11:50:41.305 [FXGL Background Thread 2 ] DEBUG FXGLAssetLoaderServi - Loading from file system: file:/C:/Users/ryles/Downloads/ComProg_Project/target/classes/assets/textures/background_large_forest.png
11:50:41.344 [FXGL Background Thread 2 ] DEBUG FXGLAssetLoaderServi - Loading from file system: file:/C:/Users/ryles/Downloads/ComProg_Project/target/classes/assets/textures/idle_sprite.png
11:50:41.350 [FXGL Background Thread 2 ] DEBUG FXGLAssetLoaderServi - Loading from file system: file:/C:/Users/ryles/Downloads/ComProg_Project/target/classes/assets/textures/down_sprite.png
11:50:41.353 [FXGL Background Thread 2 ] DEBUG FXGLAssetLoaderServi - Loading from file system: file:/C:/Users/ryles/Downloads/ComProg_Project/target/classes/assets/textures/up_sprite.png
11:50:41.369 [FXGL Background Thread 2 ] DEBUG FXGLAssetLoaderServi - Loading from file system: file:/C:/Users/ryles/Downloads/ComProg_Project/target/classes/assets/music/main_music.wav
11:50:41.544 [FXGL Background Thread 2 ] DEBUG AudioPlayer          - Playing music com.almasb.fxgl.audio.Music@115d48ff
11:50:41.552 [FXGL Background Thread 2 ] INFO  FXGLApplication      - Game initialization took: 0.687 sec
11:50:41.553 [JavaFX Application Thread] DEBUG Input                - Clearing active input actions
11:50:41.564 [JavaFX Application Thread] DEBUG GameApplicationServi - Removing overlay from LoadingInterface and adding to GameScene
11:50:41.564 [JavaFX Application Thread] DEBUG PrimaryStageWindow   - LoadingInterface -> GameScene
11:50:42.059 [JavaFX Application Thread] DEBUG FXGLAssetLoaderServi - Loading from file system: file:/C:/Users/ryles/Downloads/ComProg_Project/target/classes/assets/textures/enemy_sprite.png
11:50:42.064 [JavaFX Application Thread] DEBUG FXGLAssetLoaderServi - Loading from file system: file:/C:/Users/ryles/Downloads/ComProg_Project/target/classes/assets/textures/explosion_sprite.png
11:50:47.099 [JavaFX Application Thread] DEBUG FXGLAssetLoaderServi - Loading from file system: file:/C:/Users/ryles/Downloads/ComProg_Project/target/classes/assets/textures/bullet_sprite.png
11:50:47.240 [JavaFX Application Thread] DEBUG FXGLAssetLoaderServi - Loading from file system: file:/C:/Users/ryles/Downloads/ComProg_Project/target/classes/assets/sounds/death_sound.wav
11:50:54.097 [JavaFX Application Thread] DEBUG FXGLAssetLoaderServi - Loading from file system: file:/C:/Users/ryles/Downloads/ComProg_Project/target/classes/assets/textures/heart_sprite.png
11:50:54.141 [JavaFX Application Thread] DEBUG FXGLAssetLoaderServi - Loading from file system: file:/C:/Users/ryles/Downloads/ComProg_Project/target/classes/assets/textures/heart_explode_sprite.png
11:50:55.497 [JavaFX Application Thread] DEBUG FXGLAssetLoaderServi - Loading from file system: file:/C:/Users/ryles/Downloads/ComProg_Project/target/classes/assets/sounds/fah.wav
11:51:07.405 [JavaFX Application Thread] DEBUG FXGLAssetLoaderServi - Loading from file system: file:/C:/Users/ryles/Downloads/ComProg_Project/target/classes/assets/sounds/heart_gain.wav
11:51:32.760 [JavaFX Application Thread] DEBUG FXGLApplication      - Exiting FXGL
11:51:32.760 [JavaFX Application Thread] DEBUG LoopRunner           - Stopping loop
11:51:32.760 [JavaFX Application Thread] DEBUG SystemBundleService  - Saving FXGL system data
11:51:32.764 [JavaFX Application Thread] DEBUG FileSystemAccess     - Writing to: C:\Users\ryles\Downloads\ComProg_Project\system\fxgl.bundle
11:51:32.768 [JavaFX Application Thread] DEBUG Async                - Shutting down background threads
11:51:32.768 [JavaFX Application Thread] DEBUG PrimaryStageWindow   - Closing main window
11:51:32.805 [JavaFX Application Thread] DEBUG Logger               - Closing Logger
