14:27:43.680 [main                     ] DEBUG Logger               - Configured Logger
14:27:43.695 [main                     ] DEBUG GameApplication      - Logging settings
Title: Untitled
Version: 0.0
Width: 1280
Height: 720
Fullscreen: false
Intro: false
Profiling: false
Single step:false
App Mode: DEVELOPER
Menu Key: ESCAPE
Stage Style: DECORATED
Scene Factory: class com.almasb.fxgl.app.scene.SceneFactory

14:27:44.391 [JavaFX Application Thread] DEBUG FXGLApplication      - Initializing FXGL
14:27:44.399 [JavaFX Application Thread] INFO  Engine               - FXGL-25 (05.02.2026 22.57) on WINDOWS (J:25.0.1 FX:21.0.6)
14:27:44.400 [JavaFX Application Thread] DEBUG Engine               - JRE Vendor Name: Oracle Corporation
14:27:44.400 [JavaFX Application Thread] DEBUG Engine               - Running on OS: Windows 11 version 10.0
14:27:44.400 [JavaFX Application Thread] DEBUG Engine               - Architecture: amd64
14:27:44.400 [JavaFX Application Thread] INFO  Engine               - Source code and latest versions at: https://github.com/AlmasB/FXGL
14:27:44.401 [JavaFX Application Thread] INFO  Engine               -       Ask questions and discuss at: https://github.com/AlmasB/FXGL/discussions
14:27:44.619 [JavaFX Application Thread] DEBUG PrimaryStageWindow   - Creating a JavaFX scene
14:27:44.727 [JavaFX Application Thread] DEBUG PrimaryStageWindow   - Target settings size: 1280.0 x 720.0
14:27:44.727 [JavaFX Application Thread] DEBUG PrimaryStageWindow   - Scaled scene size:    1280.0 x 720.0
14:27:44.728 [JavaFX Application Thread] DEBUG PrimaryStageWindow   - Scaled ratio: (1.0, 1.0)
14:27:44.729 [JavaFX Application Thread] DEBUG PrimaryStageWindow   - Set initial scene to FXGLStartupScene
14:27:44.736 [JavaFX Application Thread] DEBUG PrimaryStageWindow   - Opening main window
14:27:44.900 [JavaFX Application Thread] DEBUG PrimaryStageWindow   - Window border size: (14.6666259765625, 37.33331298828125)
14:27:44.900 [JavaFX Application Thread] DEBUG PrimaryStageWindow   - Scaled size: 1280.0 x 720.0
14:27:44.901 [JavaFX Application Thread] DEBUG PrimaryStageWindow   - Scaled ratio: (1.0, 1.0)
14:27:44.902 [JavaFX Application Thread] DEBUG PrimaryStageWindow   - Scene size: 1280.0 x 720.0
14:27:44.902 [JavaFX Application Thread] DEBUG PrimaryStageWindow   - Stage size: 1294.6666259765625 x 757.3333129882812
14:27:44.917 [FXGL Background Thread 1 ] DEBUG Engine               - Initializing environment variables
14:27:45.061 [FXGL Background Thread 1 ] DEBUG FXGLAssetLoaderServi - User app class for loading assets: class org.group1.GamePackage.Application
14:27:45.061 [FXGL Background Thread 1 ] DEBUG GameApplicationServi - Applying CSS: fxgl_dark.css
14:27:45.062 [FXGL Background Thread 1 ] DEBUG FXGLAssetLoaderServi - Loading from file system: jar:file:///C:/Users/ryles/.m2/repository/com/github/almasb/fxgl/25/fxgl-25.jar!/fxglassets/ui/css/fxgl_dark.css
14:27:45.169 [FXGL Background Thread 1 ] DEBUG GameApplicationServi - Initializing application scenes
14:27:45.232 [FXGL Background Thread 1 ] DEBUG GameWorld            - Game world initialized
14:27:45.354 [FXGL Background Thread 1 ] DEBUG PhysicsWorld         - Physics world initialized: appHeight=720, physics.ppm=50.0
14:27:45.355 [FXGL Background Thread 1 ] DEBUG PhysicsWorld         - Using strategy: BRUTE_FORCE
14:27:45.364 [FXGL Background Thread 1 ] DEBUG GameScene            - Game scene initialized: 1280x720
14:27:45.390 [FXGL Background Thread 1 ] DEBUG FXGL.DefaultMenu     - createMenuBodyGameMenu()
14:27:45.416 [FXGL Background Thread 1 ] DEBUG FXGL.DefaultMenu     - createOptionsMenu()
14:27:45.437 [FXGL Background Thread 1 ] DEBUG FXGLAssetLoaderServi - Loading from file system: jar:file:///C:/Users/ryles/.m2/repository/com/github/almasb/fxgl/25/fxgl-25.jar!/fxglassets/textures/particles/smoke.png
14:27:45.622 [FXGL Background Thread 1 ] DEBUG FXGLAssetLoaderServi - Loading from file system: jar:file:///C:/Users/ryles/.m2/repository/com/github/almasb/fxgl/25/fxgl-25.jar!/fxglassets/textures/particles/trace_horizontal.png
14:27:45.688 [FXGL Background Thread 1 ] DEBUG GameApplicationServi - Application scenes initialized
14:27:45.710 [FXGL Background Thread 1 ] DEBUG SystemBundleService  - Loading FXGL system data
14:27:45.718 [FXGL Background Thread 1 ] DEBUG FileSystemAccess     - Reading from: C:\Users\ryles\Downloads\ComProg_Project\system\fxgl.bundle
14:27:45.734 [FXGL Background Thread 1 ] DEBUG SystemBundleService  - Bundle FXGL: {}
14:27:45.734 [FXGL Background Thread 1 ] DEBUG UpdaterService       - Checking for updates
14:27:45.742 [FXGL Background Thread 4 ] DEBUG FXGLApplication      - Loading fonts
14:27:45.743 [FXGL Background Thread 4 ] DEBUG FXGLAssetLoaderServi - Loading from file system: jar:file:///C:/Users/ryles/.m2/repository/com/github/almasb/fxgl/25/fxgl-25.jar!/fxglassets/ui/fonts/VarelaRound-Regular.ttf
14:27:45.743 [FXGL Background Thread 1 ] DEBUG FXGLApplication      - Loading default localization
14:27:45.744 [FXGL Background Thread 1 ] DEBUG FXGLAssetLoaderServi - Loading from file system: jar:file:///C:/Users/ryles/.m2/repository/com/github/almasb/fxgl/25/fxgl-25.jar!/fxglassets/languages/english.lang
14:27:45.765 [FXGL Background Thread 1 ] INFO  FXGLApplication      - FXGL initialization took: 0.848 sec
14:27:45.802 [JavaFX Application Thread] DEBUG Input                - Registered new binding: Move left - A
14:27:45.802 [JavaFX Application Thread] DEBUG Input                - Registered new binding: Move right - D
14:27:45.803 [JavaFX Application Thread] DEBUG Input                - Registered new binding: Move down - S
14:27:45.803 [JavaFX Application Thread] DEBUG Input                - Registered new binding: Move up - W
14:27:45.804 [JavaFX Application Thread] DEBUG Input                - Registered new binding: Shoot - Space
14:27:45.805 [JavaFX Application Thread] DEBUG FXGLAssetLoaderServi - Loading from file system: jar:file:///C:/Users/ryles/.m2/repository/com/github/almasb/fxgl/25/fxgl-25.jar!/fxglassets/textures/fxgl_icon.png
14:27:45.856 [JavaFX Application Thread] DEBUG FXGLAssetLoaderServi - Loading from file system: jar:file:///C:/Users/ryles/.m2/repository/com/github/almasb/fxgl/25/fxgl-25.jar!/fxglassets/textures/fxgl_default_cursor.png
14:27:45.862 [JavaFX Application Thread] DEBUG Input                - Registered new binding: Screenshot - CTRL+8
14:27:45.863 [JavaFX Application Thread] DEBUG Input                - Registered new binding: System info dump - CTRL+9
14:27:45.863 [JavaFX Application Thread] DEBUG Input                - Registered new binding: Restart - CTRL+R
14:27:45.865 [JavaFX Application Thread] DEBUG Input                - Registered new binding: Toggle Debug Camera - CTRL+7
14:27:45.874 [JavaFX Application Thread] DEBUG LoopRunner           - Starting loop
14:27:45.875 [JavaFX Application Thread] DEBUG LoopRunner           - Initializing JavaFX AnimationTimerLoop
14:27:45.879 [JavaFX Application Thread] DEBUG GameApplicationServi - Starting new game
14:27:45.880 [JavaFX Application Thread] DEBUG Input                - Clearing active input actions
14:27:45.900 [FXGL Background Thread 4 ] DEBUG FXGLAssetLoaderServi - Loading from file system: jar:file:///C:/Users/ryles/.m2/repository/com/github/almasb/fxgl/25/fxgl-25.jar!/fxglassets/ui/fonts/Abel-Regular.ttf
14:27:45.903 [JavaFX Application Thread] DEBUG GameApplicationServi - Removing overlay from FXGLStartupScene and adding to FXGLLoadingScene
14:27:45.904 [JavaFX Application Thread] DEBUG PrimaryStageWindow   - FXGLStartupScene -> FXGLLoadingScene
14:27:45.904 [JavaFX Application Thread] DEBUG GameApplicationServi - Clearing previous game
14:27:45.904 [JavaFX Application Thread] DEBUG GameScene            - Clearing game scene
14:27:45.904 [JavaFX Application Thread] DEBUG GameWorld            - Clearing game world
14:27:45.904 [JavaFX Application Thread] DEBUG PhysicsWorld         - Clearing physics world
14:27:45.907 [FXGL Background Thread 1 ] DEBUG FXGLApplication      - Initializing game
14:27:45.910 [FXGL Background Thread 4 ] DEBUG FXGLAssetLoaderServi - Loading from file system: jar:file:///C:/Users/ryles/.m2/repository/com/github/almasb/fxgl/25/fxgl-25.jar!/fxglassets/ui/fonts/TerminalLandMono-Regular.otf
14:27:45.924 [FXGL Background Thread 1 ] DEBUG FXGLAssetLoaderServi - Loading from file system: file:/C:/Users/ryles/Downloads/ComProg_Project/target/classes/assets/textures/background.png
14:27:45.931 [FXGL Background Thread 4 ] DEBUG FXGLAssetLoaderServi - Loading from file system: jar:file:///C:/Users/ryles/.m2/repository/com/github/almasb/fxgl/25/fxgl-25.jar!/fxglassets/ui/fonts/Courier-Prime.ttf
14:27:45.991 [JavaFX Application Thread] DEBUG FXGLApplication      - Registering font factories with UI factory
14:27:46.152 [FXGL Background Thread 1 ] DEBUG FXGLAssetLoaderServi - Loading from file system: file:/C:/Users/ryles/Downloads/ComProg_Project/target/classes/assets/textures/background_stars1.png
14:27:46.312 [FXGL Background Thread 1 ] DEBUG FXGLAssetLoaderServi - Loading from file system: file:/C:/Users/ryles/Downloads/ComProg_Project/target/classes/assets/textures/background_stars2.png
14:27:46.447 [FXGL Background Thread 1 ] DEBUG FXGLAssetLoaderServi - Loading from file system: file:/C:/Users/ryles/Downloads/ComProg_Project/target/classes/assets/textures/background_stars3.png
14:27:46.560 [FXGL Background Thread 1 ] DEBUG FXGLAssetLoaderServi - Loading from file system: file:/C:/Users/ryles/Downloads/ComProg_Project/target/classes/assets/textures/background_cloud1.png
14:27:46.594 [FXGL Background Thread 1 ] DEBUG FXGLAssetLoaderServi - Loading from file system: file:/C:/Users/ryles/Downloads/ComProg_Project/target/classes/assets/textures/background_cloud2.png
14:27:46.632 [FXGL Background Thread 1 ] DEBUG FXGLAssetLoaderServi - Loading from file system: file:/C:/Users/ryles/Downloads/ComProg_Project/target/classes/assets/textures/background_mist1.png
14:27:46.673 [FXGL Background Thread 1 ] DEBUG FXGLAssetLoaderServi - Loading from file system: file:/C:/Users/ryles/Downloads/ComProg_Project/target/classes/assets/textures/background_hills.png
14:27:46.734 [FXGL Background Thread 1 ] DEBUG FXGLAssetLoaderServi - Loading from file system: file:/C:/Users/ryles/Downloads/ComProg_Project/target/classes/assets/textures/background_forest.png
14:27:46.819 [FXGL Background Thread 1 ] DEBUG FXGLAssetLoaderServi - Loading from file system: file:/C:/Users/ryles/Downloads/ComProg_Project/target/classes/assets/textures/background_large_forest.png
14:27:46.888 [JavaFX Application Thread] DEBUG LoopRunner           - Stopping loop
14:27:46.892 [JavaFX Application Thread] FATAL FXGLApplication      - Uncaught Exception:
java.lang.RuntimeException: Initialization failed
	at com.almasb.fxgl.all@25/com.almasb.fxgl.app.FXGLApplication$InitAppTask.failed(FXGLApplication.kt:350)
	at javafx.graphics@21.0.6/javafx.concurrent.Task.setState(Task.java:710)
	at javafx.graphics@21.0.6/javafx.concurrent.Task$TaskCallable.lambda$call$2(Task.java:1429)
	at javafx.graphics@21.0.6/com.sun.javafx.application.PlatformImpl.lambda$runLater$10(PlatformImpl.java:456)
	at java.base/java.security.AccessController.doPrivileged(AccessController.java:138)
	at javafx.graphics@21.0.6/com.sun.javafx.application.PlatformImpl.lambda$runLater$11(PlatformImpl.java:455)
	at javafx.graphics@21.0.6/com.sun.glass.ui.InvokeLaterDispatcher$Future.run(InvokeLaterDispatcher.java:95)
	at javafx.graphics@21.0.6/com.sun.glass.ui.win.WinApplication._runLoop(Native Method)
	at javafx.graphics@21.0.6/com.sun.glass.ui.win.WinApplication.lambda$runLoop$3(WinApplication.java:185)
	at java.base/java.lang.Thread.run(Thread.java:1474)
Caused by: java.lang.NullPointerException: Cannot invoke "com.almasb.fxgl.entity.Entity.getComponent(java.lang.Class)" because "time" is null
	at org.group.game/org.group1.GamePackage.UI.HUDInterface.displayTimer(HUDInterface.java:31)
	at org.group.game/org.group1.GamePackage.Application.initGame(Application.java:100)
	at com.almasb.fxgl.all@25/com.almasb.fxgl.app.FXGLApplication$InitAppTask.initGame(FXGLApplication.kt:346)
	at com.almasb.fxgl.all@25/com.almasb.fxgl.app.FXGLApplication$InitAppTask.call(FXGLApplication.kt:324)
	at com.almasb.fxgl.all@25/com.almasb.fxgl.app.FXGLApplication$InitAppTask.call(FXGLApplication.kt:316)
	at javafx.graphics@21.0.6/javafx.concurrent.Task$TaskCallable.call(Task.java:1399)
	at java.base/java.util.concurrent.FutureTask.run(FutureTask.java:328)
	at java.base/java.util.concurrent.Executors$RunnableAdapter.call(Executors.java:545)
	at java.base/java.util.concurrent.FutureTask.run(FutureTask.java:328)
	at java.base/java.util.concurrent.ThreadPoolExecutor.runWorker(ThreadPoolExecutor.java:1090)
	at java.base/java.util.concurrent.ThreadPoolExecutor$Worker.run(ThreadPoolExecutor.java:614)
	... 1 more

14:27:46.893 [JavaFX Application Thread] FATAL FXGLApplication      - Application will now exit
14:27:46.920 [JavaFX Application Thread] DEBUG PrimaryStageWindow   - Push state: ErrorSubScene
14:27:46.921 [JavaFX Application Thread] DEBUG Input                - Clearing active input actions
14:27:46.929 [JavaFX Application Thread] DEBUG GameApplicationServi - Removing overlay from FXGLLoadingScene and adding to ErrorSubScene
14:27:46.930 [JavaFX Application Thread] DEBUG PrimaryStageWindow   - FXGLLoadingScene -> ErrorSubScene
14:27:48.740 [FXGL Background Thread 3 ] DEBUG Engine               - Logging environment variables
14:27:48.741 [FXGL Background Thread 3 ] DEBUG Engine               - achievements: []
14:27:48.741 [FXGL Background Thread 3 ] DEBUG Engine               - actualHeight: 720.0
14:27:48.741 [FXGL Background Thread 3 ] DEBUG Engine               - actualHeightProperty: ReadOnlyDoubleProperty [value: 720.0]
14:27:48.742 [FXGL Background Thread 3 ] DEBUG Engine               - actualWidth: 1280.0
14:27:48.742 [FXGL Background Thread 3 ] DEBUG Engine               - actualWidthProperty: ReadOnlyDoubleProperty [value: 1280.0]
14:27:48.742 [FXGL Background Thread 3 ] DEBUG Engine               - appIcon: fxgl_icon.png
14:27:48.742 [FXGL Background Thread 3 ] DEBUG Engine               - applicationMode: DEVELOPER
14:27:48.742 [FXGL Background Thread 3 ] DEBUG Engine               - cSSList: [fxgl_dark.css]
14:27:48.742 [FXGL Background Thread 3 ] DEBUG Engine               - collisionDetectionStrategy: BRUTE_FORCE
14:27:48.742 [FXGL Background Thread 3 ] DEBUG Engine               - configClass: Optional.empty
14:27:48.742 [FXGL Background Thread 3 ] DEBUG Engine               - credits: []
14:27:48.743 [FXGL Background Thread 3 ] DEBUG Engine               - defaultCursor: CursorInfo(imageName=fxgl_default_cursor.png, hotspotX=7.0, hotspotY=6.0)
14:27:48.743 [FXGL Background Thread 3 ] DEBUG Engine               - devBBoxColorProperty: ObjectProperty [value: 0xff0000ff]
14:27:48.743 [FXGL Background Thread 3 ] DEBUG Engine               - devEnableDebugCameraProperty: BooleanProperty [value: false]
14:27:48.743 [FXGL Background Thread 3 ] DEBUG Engine               - devSensorColorProperty: ObjectProperty [value: 0xffff00ff]
14:27:48.743 [FXGL Background Thread 3 ] DEBUG Engine               - devShowBBoxProperty: BooleanProperty [value: false]
14:27:48.743 [FXGL Background Thread 3 ] DEBUG Engine               - devShowPositionProperty: BooleanProperty [value: false]
14:27:48.743 [FXGL Background Thread 3 ] DEBUG Engine               - enabledMenuItems: []
14:27:48.744 [FXGL Background Thread 3 ] DEBUG Engine               - engineServices: [class com.almasb.fxgl.app.services.FXGLAssetLoaderService, class com.almasb.fxgl.app.FXGLApplication$GameApplicationService, class com.almasb.fxgl.app.services.FXGLDialogService, class com.almasb.fxgl.app.services.IOTaskExecutorService, class com.almasb.fxgl.io.FileSystemService, class com.almasb.fxgl.localization.LocalizationService, class com.almasb.fxgl.app.services.SystemBundleService, class com.almasb.fxgl.profile.SaveLoadService, class com.almasb.fxgl.ui.FXGLUIFactoryServiceProvider, class com.almasb.fxgl.ui.FXGLDialogFactoryServiceProvider, class com.almasb.fxgl.audio.AudioPlayer, class com.almasb.fxgl.notification.impl.NotificationServiceProvider, class com.almasb.fxgl.achievement.AchievementService, class com.almasb.fxgl.cutscene.CutsceneService, class com.almasb.fxgl.minigames.MiniGameService, class com.almasb.fxgl.net.NetService, class com.almasb.fxgl.app.services.UpdaterService, class com.almasb.fxgl.dev.DevService]
14:27:48.744 [FXGL Background Thread 3 ] DEBUG Engine               - fontGame: Abel-Regular.ttf
14:27:48.744 [FXGL Background Thread 3 ] DEBUG Engine               - fontMono: TerminalLandMono-Regular.otf
14:27:48.744 [FXGL Background Thread 3 ] DEBUG Engine               - fontSizeScaleUI: 1.0
14:27:48.744 [FXGL Background Thread 3 ] DEBUG Engine               - fontText: Courier-Prime.ttf
14:27:48.744 [FXGL Background Thread 3 ] DEBUG Engine               - fontUI: VarelaRound-Regular.ttf
14:27:48.744 [FXGL Background Thread 3 ] DEBUG Engine               - fpsRefreshRate: 500.0 ms
14:27:48.745 [FXGL Background Thread 3 ] DEBUG Engine               - fullScreen: BooleanProperty [value: false]
14:27:48.745 [FXGL Background Thread 3 ] DEBUG Engine               - gameDifficulty: MEDIUM
14:27:48.745 [FXGL Background Thread 3 ] DEBUG Engine               - gameDifficultyProperty: ObjectProperty [value: MEDIUM]
14:27:48.745 [FXGL Background Thread 3 ] DEBUG Engine               - globalMusicVolume: 0.5
14:27:48.745 [FXGL Background Thread 3 ] DEBUG Engine               - globalMusicVolumeProperty: DoubleProperty [value: 0.5]
14:27:48.745 [FXGL Background Thread 3 ] DEBUG Engine               - globalSoundVolume: 0.5
14:27:48.745 [FXGL Background Thread 3 ] DEBUG Engine               - globalSoundVolumeProperty: DoubleProperty [value: 0.5]
14:27:48.745 [FXGL Background Thread 3 ] DEBUG Engine               - height: 720
14:27:48.745 [FXGL Background Thread 3 ] DEBUG Engine               - is3D: false
14:27:48.745 [FXGL Background Thread 3 ] DEBUG Engine               - isAndroid: false
14:27:48.746 [FXGL Background Thread 3 ] DEBUG Engine               - isBrowser: false
14:27:48.746 [FXGL Background Thread 3 ] DEBUG Engine               - isClickFeedbackEnabled: false
14:27:48.746 [FXGL Background Thread 3 ] DEBUG Engine               - isCloseConfirmation: false
14:27:48.746 [FXGL Background Thread 3 ] DEBUG Engine               - isDesktop: true
14:27:48.746 [FXGL Background Thread 3 ] DEBUG Engine               - isDeveloperMenuEnabled: false
14:27:48.746 [FXGL Background Thread 3 ] DEBUG Engine               - isEmbedded: false
14:27:48.747 [FXGL Background Thread 3 ] DEBUG Engine               - isEntityPreloadEnabled: true
14:27:48.747 [FXGL Background Thread 3 ] DEBUG Engine               - isExperimentalTiledLargeMap: false
14:27:48.747 [FXGL Background Thread 3 ] DEBUG Engine               - isFileSystemWriteAllowed: true
14:27:48.747 [FXGL Background Thread 3 ] DEBUG Engine               - isFullScreenAllowed: false
14:27:48.747 [FXGL Background Thread 3 ] DEBUG Engine               - isFullScreenFromStart: false
14:27:48.747 [FXGL Background Thread 3 ] DEBUG Engine               - isGameMenuEnabled: true
14:27:48.747 [FXGL Background Thread 3 ] DEBUG Engine               - isIOS: false
14:27:48.748 [FXGL Background Thread 3 ] DEBUG Engine               - isIntroEnabled: false
14:27:48.748 [FXGL Background Thread 3 ] DEBUG Engine               - isLinux: false
14:27:48.748 [FXGL Background Thread 3 ] DEBUG Engine               - isMac: false
14:27:48.748 [FXGL Background Thread 3 ] DEBUG Engine               - isMainMenuEnabled: false
14:27:48.748 [FXGL Background Thread 3 ] DEBUG Engine               - isManualResizeEnabled: false
14:27:48.748 [FXGL Background Thread 3 ] DEBUG Engine               - isMobile: false
14:27:48.748 [FXGL Background Thread 3 ] DEBUG Engine               - isNative: false
14:27:48.748 [FXGL Background Thread 3 ] DEBUG Engine               - isPauseMusicWhenMinimized: true
14:27:48.748 [FXGL Background Thread 3 ] DEBUG Engine               - isPreserveResizeRatio: false
14:27:48.748 [FXGL Background Thread 3 ] DEBUG Engine               - isProfilingEnabled: false
14:27:48.748 [FXGL Background Thread 3 ] DEBUG Engine               - isScaleAffectedOnResize: true
14:27:48.749 [FXGL Background Thread 3 ] DEBUG Engine               - isSingleStep: false
14:27:48.749 [FXGL Background Thread 3 ] DEBUG Engine               - isUserProfileEnabled: false
14:27:48.749 [FXGL Background Thread 3 ] DEBUG Engine               - isWindows: true
14:27:48.749 [FXGL Background Thread 3 ] DEBUG Engine               - language: ObjectProperty [value: ENGLISH]
14:27:48.749 [FXGL Background Thread 3 ] DEBUG Engine               - menuKey: ESCAPE
14:27:48.749 [FXGL Background Thread 3 ] DEBUG Engine               - mouseSensitivity: 0.2
14:27:48.749 [FXGL Background Thread 3 ] DEBUG Engine               - notificationViewClass: class com.almasb.fxgl.notification.view.XboxNotificationView
14:27:48.749 [FXGL Background Thread 3 ] DEBUG Engine               - pixelsPerMeter: 50.0
14:27:48.749 [FXGL Background Thread 3 ] DEBUG Engine               - platform: WINDOWS
14:27:48.750 [FXGL Background Thread 3 ] DEBUG Engine               - prefHeightProperty: ReadOnlyDoubleProperty [value: 720.0]
14:27:48.750 [FXGL Background Thread 3 ] DEBUG Engine               - prefWidthProperty: ReadOnlyDoubleProperty [value: 1280.0]
14:27:48.750 [FXGL Background Thread 3 ] DEBUG Engine               - profileDir: profiles/
14:27:48.750 [FXGL Background Thread 3 ] DEBUG Engine               - profileName: StringProperty [value: DEFAULT]
14:27:48.750 [FXGL Background Thread 3 ] DEBUG Engine               - randomSeed: -1
14:27:48.750 [FXGL Background Thread 3 ] DEBUG Engine               - runtimeInfo: RuntimeInfo(platform=WINDOWS, version=25, build=05.02.2026 22.57)
14:27:48.750 [FXGL Background Thread 3 ] DEBUG Engine               - saveFileExt: sav
14:27:48.750 [FXGL Background Thread 3 ] DEBUG Engine               - scaledHeightProp$fxgl: DoubleProperty [bound, value: 720.0]
14:27:48.750 [FXGL Background Thread 3 ] DEBUG Engine               - scaledWidthProp$fxgl: DoubleProperty [bound, value: 1280.0]
14:27:48.751 [FXGL Background Thread 3 ] DEBUG Engine               - sceneFactory: com.almasb.fxgl.app.scene.SceneFactory@58f910f3
14:27:48.751 [FXGL Background Thread 3 ] DEBUG Engine               - secondsIn24h: 60
14:27:48.751 [FXGL Background Thread 3 ] DEBUG Engine               - soundMenuBack: menu/back.wav
14:27:48.751 [FXGL Background Thread 3 ] DEBUG Engine               - soundMenuPress: menu/press.wav
14:27:48.751 [FXGL Background Thread 3 ] DEBUG Engine               - soundMenuSelect: menu/select.wav
14:27:48.751 [FXGL Background Thread 3 ] DEBUG Engine               - soundNotification: core/notification.wav
14:27:48.751 [FXGL Background Thread 3 ] DEBUG Engine               - stageStyle: DECORATED
14:27:48.751 [FXGL Background Thread 3 ] DEBUG Engine               - supportedLanguages: [ENGLISH, FRENCH, GERMAN, HUNGARIAN, RUSSIAN]
14:27:48.751 [FXGL Background Thread 3 ] DEBUG Engine               - ticksPerSecond: -1
14:27:48.751 [FXGL Background Thread 3 ] DEBUG Engine               - title: Untitled
14:27:48.751 [FXGL Background Thread 3 ] DEBUG Engine               - urlGithub: https://github.com/AlmasB/FXGL
14:27:48.751 [FXGL Background Thread 3 ] DEBUG Engine               - urlLeaderboard: http://fxgl-top.herokuapp.com/
14:27:48.751 [FXGL Background Thread 3 ] DEBUG Engine               - urlPOM: https://raw.githubusercontent.com/AlmasB/FXGL/release/README.md
14:27:48.751 [FXGL Background Thread 3 ] DEBUG Engine               - userAppClass: class org.group1.GamePackage.Application
14:27:48.751 [FXGL Background Thread 3 ] DEBUG Engine               - version: 0.0
14:27:48.751 [FXGL Background Thread 3 ] DEBUG Engine               - versionCheckDays: 7
14:27:48.751 [FXGL Background Thread 3 ] DEBUG Engine               - width: 1280
14:27:48.751 [FXGL Background Thread 3 ] DEBUG Engine               - Logging services
14:27:48.751 [FXGL Background Thread 3 ] DEBUG Engine               - class com.almasb.fxgl.app.services.FXGLAssetLoaderService
14:27:48.752 [FXGL Background Thread 3 ] DEBUG Engine               - class com.almasb.fxgl.app.FXGLApplication$GameApplicationService
14:27:48.752 [FXGL Background Thread 3 ] DEBUG Engine               - class com.almasb.fxgl.app.services.FXGLDialogService
14:27:48.752 [FXGL Background Thread 3 ] DEBUG Engine               - class com.almasb.fxgl.app.services.IOTaskExecutorService
14:27:48.752 [FXGL Background Thread 3 ] DEBUG Engine               - class com.almasb.fxgl.io.FileSystemService
14:27:48.752 [FXGL Background Thread 3 ] DEBUG Engine               - class com.almasb.fxgl.localization.LocalizationService
14:27:48.752 [FXGL Background Thread 3 ] DEBUG Engine               - class com.almasb.fxgl.app.services.SystemBundleService
14:27:48.752 [FXGL Background Thread 3 ] DEBUG Engine               - class com.almasb.fxgl.profile.SaveLoadService
14:27:48.752 [FXGL Background Thread 3 ] DEBUG Engine               - class com.almasb.fxgl.ui.FXGLUIFactoryServiceProvider
14:27:48.752 [FXGL Background Thread 3 ] DEBUG Engine               - class com.almasb.fxgl.ui.FXGLDialogFactoryServiceProvider
14:27:48.752 [FXGL Background Thread 3 ] DEBUG Engine               - class com.almasb.fxgl.audio.AudioPlayer
14:27:48.752 [FXGL Background Thread 3 ] DEBUG Engine               - class com.almasb.fxgl.notification.impl.NotificationServiceProvider
14:27:48.752 [FXGL Background Thread 3 ] DEBUG Engine               - class com.almasb.fxgl.achievement.AchievementService
14:27:48.752 [FXGL Background Thread 3 ] DEBUG Engine               - class com.almasb.fxgl.cutscene.CutsceneService
14:27:48.752 [FXGL Background Thread 3 ] DEBUG Engine               - class com.almasb.fxgl.minigames.MiniGameService
14:27:48.752 [FXGL Background Thread 3 ] DEBUG Engine               - class com.almasb.fxgl.net.NetService
14:27:48.752 [FXGL Background Thread 3 ] DEBUG Engine               - class com.almasb.fxgl.app.services.UpdaterService
14:27:48.752 [FXGL Background Thread 3 ] DEBUG Engine               - class com.almasb.fxgl.dev.DevService
14:28:16.585 [JavaFX Application Thread] DEBUG FXGLApplication      - Exiting FXGL
14:28:16.585 [JavaFX Application Thread] DEBUG Async                - Shutting down background threads
14:28:16.585 [JavaFX Application Thread] DEBUG PrimaryStageWindow   - Closing main window
14:28:16.612 [JavaFX Application Thread] DEBUG Logger               - Closing Logger
