00:13:52.169 [main                     ] DEBUG Logger               - Configured Logger
00:13:52.176 [main                     ] DEBUG GameApplication      - Logging settings
Title: Untitled
Version: 0.0
Width: 1280
Height: 720
Fullscreen: false
Intro: false
Profiling: false
Single step:false
App Mode: DEVELOPER
Menu Key: ESCAPE
Stage Style: DECORATED
Scene Factory: class org.group1.GamePackage.Factory.MainSceneFactory

00:13:52.484 [JavaFX Application Thread] DEBUG FXGLApplication      - Initializing FXGL
00:13:52.487 [JavaFX Application Thread] INFO  Engine               - FXGL-25 (05.02.2026 22.57) on WINDOWS (J:25.0.1 FX:21.0.6)
00:13:52.487 [JavaFX Application Thread] DEBUG Engine               - JRE Vendor Name: Oracle Corporation
00:13:52.487 [JavaFX Application Thread] DEBUG Engine               - Running on OS: Windows 11 version 10.0
00:13:52.487 [JavaFX Application Thread] DEBUG Engine               - Architecture: amd64
00:13:52.487 [JavaFX Application Thread] INFO  Engine               - Source code and latest versions at: https://github.com/AlmasB/FXGL
00:13:52.488 [JavaFX Application Thread] INFO  Engine               -       Ask questions and discuss at: https://github.com/AlmasB/FXGL/discussions
00:13:52.560 [JavaFX Application Thread] DEBUG PrimaryStageWindow   - Creating a JavaFX scene
00:13:52.561 [JavaFX Application Thread] DEBUG PrimaryStageWindow   - Target size > screen size
00:13:52.597 [JavaFX Application Thread] DEBUG PrimaryStageWindow   - Target settings size: 1280.0 x 720.0
00:13:52.597 [JavaFX Application Thread] DEBUG PrimaryStageWindow   - Scaled scene size:    1169.0 x 671.0
00:13:52.597 [JavaFX Application Thread] DEBUG PrimaryStageWindow   - Scaled ratio: (0.91328125, 0.9319444444444445)
00:13:52.598 [JavaFX Application Thread] DEBUG PrimaryStageWindow   - Set initial scene to FXGLStartupScene
00:13:52.601 [JavaFX Application Thread] DEBUG PrimaryStageWindow   - Opening main window
00:13:52.691 [JavaFX Application Thread] DEBUG PrimaryStageWindow   - Window border size: (15.0, 37.66668701171875)
00:13:52.691 [JavaFX Application Thread] DEBUG PrimaryStageWindow   - Scaled size: 1169.0 x 671.0
00:13:52.691 [JavaFX Application Thread] DEBUG PrimaryStageWindow   - Scaled ratio: (0.91328125, 0.9319444444444445)
00:13:52.692 [JavaFX Application Thread] DEBUG PrimaryStageWindow   - Scene size: 1169.0 x 671.0
00:13:52.692 [JavaFX Application Thread] DEBUG PrimaryStageWindow   - Stage size: 1184.0 x 708.6666870117188
00:13:52.703 [FXGL Background Thread 1 ] DEBUG Engine               - Initializing environment variables
00:13:52.785 [FXGL Background Thread 1 ] DEBUG FXGLAssetLoaderServi - User app class for loading assets: class org.group1.GamePackage.Application
00:13:52.785 [FXGL Background Thread 1 ] DEBUG GameApplicationServi - Applying CSS: fxgl_dark.css
00:13:52.786 [FXGL Background Thread 1 ] DEBUG FXGLAssetLoaderServi - Loading from file system: jar:file:///C:/Users/ryles/.m2/repository/com/github/almasb/fxgl/25/fxgl-25.jar!/fxglassets/ui/css/fxgl_dark.css
00:13:52.837 [FXGL Background Thread 1 ] DEBUG GameApplicationServi - Initializing application scenes
00:13:52.915 [FXGL Background Thread 1 ] DEBUG GameWorld            - Game world initialized
00:13:52.966 [FXGL Background Thread 1 ] DEBUG PhysicsWorld         - Physics world initialized: appHeight=720, physics.ppm=50.0
00:13:52.966 [FXGL Background Thread 1 ] DEBUG PhysicsWorld         - Using strategy: BRUTE_FORCE
00:13:52.970 [FXGL Background Thread 1 ] DEBUG GameScene            - Game scene initialized: 1280x720
00:13:52.983 [FXGL Background Thread 1 ] DEBUG FXGL.DefaultMenu     - createMenuBodyGameMenu()
00:13:52.991 [FXGL Background Thread 1 ] DEBUG FXGL.DefaultMenu     - createOptionsMenu()
00:13:53.001 [FXGL Background Thread 1 ] DEBUG FXGLAssetLoaderServi - Loading from file system: jar:file:///C:/Users/ryles/.m2/repository/com/github/almasb/fxgl/25/fxgl-25.jar!/fxglassets/textures/particles/smoke.png
00:13:53.079 [FXGL Background Thread 1 ] DEBUG FXGLAssetLoaderServi - Loading from file system: jar:file:///C:/Users/ryles/.m2/repository/com/github/almasb/fxgl/25/fxgl-25.jar!/fxglassets/textures/particles/trace_horizontal.png
00:13:53.103 [FXGL Background Thread 1 ] DEBUG GameApplicationServi - Application scenes initialized
00:13:53.109 [FXGL Background Thread 1 ] DEBUG SystemBundleService  - Loading FXGL system data
00:13:53.112 [FXGL Background Thread 1 ] DEBUG FileSystemAccess     - Reading from: C:\Users\ryles\Downloads\ComProg_Project\system\fxgl.bundle
00:13:53.118 [FXGL Background Thread 1 ] DEBUG SystemBundleService  - Bundle FXGL: {}
00:13:53.119 [FXGL Background Thread 1 ] DEBUG UpdaterService       - Checking for updates
00:13:53.123 [FXGL Background Thread 4 ] DEBUG FXGLApplication      - Loading fonts
00:13:53.124 [FXGL Background Thread 1 ] DEBUG FXGLApplication      - Loading default localization
00:13:53.124 [FXGL Background Thread 4 ] DEBUG FXGLAssetLoaderServi - Loading from file system: jar:file:///C:/Users/ryles/.m2/repository/com/github/almasb/fxgl/25/fxgl-25.jar!/fxglassets/ui/fonts/VarelaRound-Regular.ttf
00:13:53.125 [FXGL Background Thread 1 ] DEBUG FXGLAssetLoaderServi - Loading from file system: jar:file:///C:/Users/ryles/.m2/repository/com/github/almasb/fxgl/25/fxgl-25.jar!/fxglassets/languages/english.lang
00:13:53.138 [FXGL Background Thread 1 ] INFO  FXGLApplication      - FXGL initialization took: 0.435 sec
00:13:53.150 [JavaFX Application Thread] DEBUG Input                - Registered new binding: Move left - A
00:13:53.150 [JavaFX Application Thread] DEBUG Input                - Registered new binding: Move right - D
00:13:53.150 [JavaFX Application Thread] DEBUG Input                - Registered new binding: Move down - S
00:13:53.150 [JavaFX Application Thread] DEBUG Input                - Registered new binding: Move up - W
00:13:53.151 [JavaFX Application Thread] DEBUG Input                - Registered new binding: Shoot - Space
00:13:53.151 [JavaFX Application Thread] DEBUG FXGLAssetLoaderServi - Loading from file system: jar:file:///C:/Users/ryles/.m2/repository/com/github/almasb/fxgl/25/fxgl-25.jar!/fxglassets/textures/fxgl_icon.png
00:13:53.162 [FXGL Background Thread 4 ] DEBUG FXGLAssetLoaderServi - Loading from file system: jar:file:///C:/Users/ryles/.m2/repository/com/github/almasb/fxgl/25/fxgl-25.jar!/fxglassets/ui/fonts/Abel-Regular.ttf
00:13:53.168 [FXGL Background Thread 4 ] DEBUG FXGLAssetLoaderServi - Loading from file system: jar:file:///C:/Users/ryles/.m2/repository/com/github/almasb/fxgl/25/fxgl-25.jar!/fxglassets/ui/fonts/TerminalLandMono-Regular.otf
00:13:53.169 [JavaFX Application Thread] DEBUG FXGLAssetLoaderServi - Loading from file system: jar:file:///C:/Users/ryles/.m2/repository/com/github/almasb/fxgl/25/fxgl-25.jar!/fxglassets/textures/fxgl_default_cursor.png
00:13:53.172 [JavaFX Application Thread] DEBUG Input                - Registered new binding: Screenshot - CTRL+8
00:13:53.172 [JavaFX Application Thread] DEBUG Input                - Registered new binding: System info dump - CTRL+9
00:13:53.173 [JavaFX Application Thread] DEBUG Input                - Registered new binding: Restart - CTRL+R
00:13:53.174 [JavaFX Application Thread] DEBUG Input                - Registered new binding: Toggle Debug Camera - CTRL+7
00:13:53.176 [JavaFX Application Thread] DEBUG LoopRunner           - Starting loop
00:13:53.176 [FXGL Background Thread 4 ] DEBUG FXGLAssetLoaderServi - Loading from file system: jar:file:///C:/Users/ryles/.m2/repository/com/github/almasb/fxgl/25/fxgl-25.jar!/fxglassets/ui/fonts/Courier-Prime.ttf
00:13:53.176 [JavaFX Application Thread] DEBUG LoopRunner           - Initializing JavaFX AnimationTimerLoop
00:13:53.178 [JavaFX Application Thread] DEBUG Input                - Clearing active input actions
00:13:53.189 [JavaFX Application Thread] DEBUG GameApplicationServi - Removing overlay from FXGLStartupScene and adding to FXGLMainMenuDummyScene
00:13:53.190 [JavaFX Application Thread] DEBUG PrimaryStageWindow   - FXGLStartupScene -> FXGLMainMenuDummyScene
00:13:53.190 [JavaFX Application Thread] DEBUG PrimaryStageWindow   - Push state: MenuInterface
00:13:53.190 [JavaFX Application Thread] DEBUG Input                - Clearing active input actions
00:13:53.195 [JavaFX Application Thread] DEBUG GameApplicationServi - Removing overlay from FXGLMainMenuDummyScene and adding to MenuInterface
00:13:53.195 [JavaFX Application Thread] DEBUG PrimaryStageWindow   - FXGLMainMenuDummyScene -> MenuInterface
00:13:53.241 [JavaFX Application Thread] DEBUG FXGLApplication      - Registering font factories with UI factory
00:13:53.832 [JavaFX Application Thread] DEBUG Menu                 - fireNewGame()
00:13:53.832 [JavaFX Application Thread] DEBUG GameApplicationServi - Starting new game
00:13:53.832 [JavaFX Application Thread] DEBUG PrimaryStageWindow   - Pop state: MenuInterface
00:13:53.832 [JavaFX Application Thread] DEBUG Input                - Clearing active input actions
00:13:53.833 [JavaFX Application Thread] DEBUG GameApplicationServi - Removing overlay from MenuInterface and adding to FXGLMainMenuDummyScene
00:13:53.833 [JavaFX Application Thread] DEBUG PrimaryStageWindow   - FXGLMainMenuDummyScene <- MenuInterface
00:13:53.834 [JavaFX Application Thread] DEBUG Input                - Clearing active input actions
00:13:53.838 [JavaFX Application Thread] DEBUG GameApplicationServi - Removing overlay from FXGLMainMenuDummyScene and adding to LoadingInterface
00:13:53.838 [JavaFX Application Thread] DEBUG PrimaryStageWindow   - FXGLMainMenuDummyScene -> LoadingInterface
00:13:53.838 [JavaFX Application Thread] DEBUG GameApplicationServi - Clearing previous game
00:13:53.838 [JavaFX Application Thread] DEBUG GameScene            - Clearing game scene
00:13:53.838 [JavaFX Application Thread] DEBUG GameWorld            - Clearing game world
00:13:53.838 [JavaFX Application Thread] DEBUG PhysicsWorld         - Clearing physics world
00:13:53.840 [FXGL Background Thread 4 ] DEBUG FXGLApplication      - Initializing game
00:13:53.850 [FXGL Background Thread 4 ] DEBUG FXGLAssetLoaderServi - Loading from file system: file:/C:/Users/ryles/Downloads/ComProg_Project/target/classes/assets/textures/background.png
00:13:53.950 [FXGL Background Thread 4 ] DEBUG FXGLAssetLoaderServi - Loading from file system: file:/C:/Users/ryles/Downloads/ComProg_Project/target/classes/assets/textures/background_stars1.png
00:13:54.059 [FXGL Background Thread 4 ] DEBUG FXGLAssetLoaderServi - Loading from file system: file:/C:/Users/ryles/Downloads/ComProg_Project/target/classes/assets/textures/background_stars2.png
00:13:54.093 [FXGL Background Thread 4 ] DEBUG FXGLAssetLoaderServi - Loading from file system: file:/C:/Users/ryles/Downloads/ComProg_Project/target/classes/assets/textures/background_stars3.png
00:13:54.124 [FXGL Background Thread 4 ] DEBUG FXGLAssetLoaderServi - Loading from file system: file:/C:/Users/ryles/Downloads/ComProg_Project/target/classes/assets/textures/background_cloud1.png
00:13:54.134 [FXGL Background Thread 4 ] DEBUG FXGLAssetLoaderServi - Loading from file system: file:/C:/Users/ryles/Downloads/ComProg_Project/target/classes/assets/textures/background_cloud2.png
00:13:54.147 [FXGL Background Thread 4 ] DEBUG FXGLAssetLoaderServi - Loading from file system: file:/C:/Users/ryles/Downloads/ComProg_Project/target/classes/assets/textures/background_mist1.png
00:13:54.156 [FXGL Background Thread 4 ] DEBUG FXGLAssetLoaderServi - Loading from file system: file:/C:/Users/ryles/Downloads/ComProg_Project/target/classes/assets/textures/background_hills.png
00:13:54.178 [FXGL Background Thread 4 ] DEBUG FXGLAssetLoaderServi - Loading from file system: file:/C:/Users/ryles/Downloads/ComProg_Project/target/classes/assets/textures/background_forest.png
00:13:54.191 [FXGL Background Thread 4 ] DEBUG FXGLAssetLoaderServi - Loading from file system: file:/C:/Users/ryles/Downloads/ComProg_Project/target/classes/assets/textures/background_large_forest.png
00:13:54.219 [FXGL Background Thread 4 ] DEBUG FXGLAssetLoaderServi - Loading from file system: file:/C:/Users/ryles/Downloads/ComProg_Project/target/classes/assets/textures/idle_sprite.png
00:13:54.222 [FXGL Background Thread 4 ] DEBUG FXGLAssetLoaderServi - Loading from file system: file:/C:/Users/ryles/Downloads/ComProg_Project/target/classes/assets/textures/down_sprite.png
00:13:54.232 [FXGL Background Thread 4 ] DEBUG FXGLAssetLoaderServi - Loading from file system: file:/C:/Users/ryles/Downloads/ComProg_Project/target/classes/assets/textures/up_sprite.png
00:13:54.243 [FXGL Background Thread 4 ] DEBUG FXGLAssetLoaderServi - Loading from file system: file:/C:/Users/ryles/Downloads/ComProg_Project/target/classes/assets/music/main_music.wav
00:13:54.341 [FXGL Background Thread 4 ] DEBUG AudioPlayer          - Playing music com.almasb.fxgl.audio.Music@18c501b9
00:13:54.345 [FXGL Background Thread 4 ] INFO  FXGLApplication      - Game initialization took: 0.506 sec
00:13:54.346 [JavaFX Application Thread] DEBUG Input                - Clearing active input actions
00:13:54.352 [JavaFX Application Thread] DEBUG GameApplicationServi - Removing overlay from LoadingInterface and adding to GameScene
00:13:54.352 [JavaFX Application Thread] DEBUG PrimaryStageWindow   - LoadingInterface -> GameScene
00:13:54.846 [JavaFX Application Thread] DEBUG FXGLAssetLoaderServi - Loading from file system: file:/C:/Users/ryles/Downloads/ComProg_Project/target/classes/assets/textures/enemy_sprite.png
00:13:54.849 [JavaFX Application Thread] DEBUG FXGLAssetLoaderServi - Loading from file system: file:/C:/Users/ryles/Downloads/ComProg_Project/target/classes/assets/textures/explosion_sprite.png
00:13:54.904 [JavaFX Application Thread] DEBUG FXGLAssetLoaderServi - Loading from file system: file:/C:/Users/ryles/Downloads/ComProg_Project/target/classes/assets/textures/bullet_sprite.png
00:13:56.123 [FXGL Background Thread 3 ] DEBUG Engine               - Logging environment variables
00:13:56.123 [FXGL Background Thread 3 ] DEBUG Engine               - achievements: []
00:13:56.123 [FXGL Background Thread 3 ] DEBUG Engine               - actualHeight: 671.0
00:13:56.123 [FXGL Background Thread 3 ] DEBUG Engine               - actualHeightProperty: ReadOnlyDoubleProperty [value: 671.0]
00:13:56.123 [FXGL Background Thread 3 ] DEBUG Engine               - actualWidth: 1169.0
00:13:56.124 [FXGL Background Thread 3 ] DEBUG Engine               - actualWidthProperty: ReadOnlyDoubleProperty [value: 1169.0]
00:13:56.124 [FXGL Background Thread 3 ] DEBUG Engine               - appIcon: fxgl_icon.png
00:13:56.124 [FXGL Background Thread 3 ] DEBUG Engine               - applicationMode: DEVELOPER
00:13:56.124 [FXGL Background Thread 3 ] DEBUG Engine               - cSSList: [fxgl_dark.css]
00:13:56.124 [FXGL Background Thread 3 ] DEBUG Engine               - collisionDetectionStrategy: BRUTE_FORCE
00:13:56.124 [FXGL Background Thread 3 ] DEBUG Engine               - configClass: Optional.empty
00:13:56.124 [FXGL Background Thread 3 ] DEBUG Engine               - credits: []
00:13:56.124 [FXGL Background Thread 3 ] DEBUG Engine               - defaultCursor: CursorInfo(imageName=fxgl_default_cursor.png, hotspotX=7.0, hotspotY=6.0)
00:13:56.124 [FXGL Background Thread 3 ] DEBUG Engine               - devBBoxColorProperty: ObjectProperty [value: 0xff0000ff]
00:13:56.124 [FXGL Background Thread 3 ] DEBUG Engine               - devEnableDebugCameraProperty: BooleanProperty [value: false]
00:13:56.124 [FXGL Background Thread 3 ] DEBUG Engine               - devSensorColorProperty: ObjectProperty [value: 0xffff00ff]
00:13:56.124 [FXGL Background Thread 3 ] DEBUG Engine               - devShowBBoxProperty: BooleanProperty [value: false]
00:13:56.124 [FXGL Background Thread 3 ] DEBUG Engine               - devShowPositionProperty: BooleanProperty [value: false]
00:13:56.124 [FXGL Background Thread 3 ] DEBUG Engine               - enabledMenuItems: []
00:13:56.124 [FXGL Background Thread 3 ] DEBUG Engine               - engineServices: [class com.almasb.fxgl.app.services.FXGLAssetLoaderService, class com.almasb.fxgl.app.FXGLApplication$GameApplicationService, class com.almasb.fxgl.app.services.FXGLDialogService, class com.almasb.fxgl.app.services.IOTaskExecutorService, class com.almasb.fxgl.io.FileSystemService, class com.almasb.fxgl.localization.LocalizationService, class com.almasb.fxgl.app.services.SystemBundleService, class com.almasb.fxgl.profile.SaveLoadService, class com.almasb.fxgl.ui.FXGLUIFactoryServiceProvider, class com.almasb.fxgl.ui.FXGLDialogFactoryServiceProvider, class com.almasb.fxgl.audio.AudioPlayer, class com.almasb.fxgl.notification.impl.NotificationServiceProvider, class com.almasb.fxgl.achievement.AchievementService, class com.almasb.fxgl.cutscene.CutsceneService, class com.almasb.fxgl.minigames.MiniGameService, class com.almasb.fxgl.net.NetService, class com.almasb.fxgl.app.services.UpdaterService, class com.almasb.fxgl.dev.DevService]
00:13:56.124 [FXGL Background Thread 3 ] DEBUG Engine               - fontGame: Abel-Regular.ttf
00:13:56.124 [FXGL Background Thread 3 ] DEBUG Engine               - fontMono: TerminalLandMono-Regular.otf
00:13:56.124 [FXGL Background Thread 3 ] DEBUG Engine               - fontSizeScaleUI: 1.0
00:13:56.125 [FXGL Background Thread 3 ] DEBUG Engine               - fontText: Courier-Prime.ttf
00:13:56.125 [FXGL Background Thread 3 ] DEBUG Engine               - fontUI: VarelaRound-Regular.ttf
00:13:56.125 [FXGL Background Thread 3 ] DEBUG Engine               - fpsRefreshRate: 500.0 ms
00:13:56.125 [FXGL Background Thread 3 ] DEBUG Engine               - fullScreen: BooleanProperty [value: false]
00:13:56.125 [FXGL Background Thread 3 ] DEBUG Engine               - gameDifficulty: MEDIUM
00:13:56.125 [FXGL Background Thread 3 ] DEBUG Engine               - gameDifficultyProperty: ObjectProperty [value: MEDIUM]
00:13:56.125 [FXGL Background Thread 3 ] DEBUG Engine               - globalMusicVolume: 0.5
00:13:56.125 [FXGL Background Thread 3 ] DEBUG Engine               - globalMusicVolumeProperty: DoubleProperty [value: 0.5]
00:13:56.125 [FXGL Background Thread 3 ] DEBUG Engine               - globalSoundVolume: 0.5
00:13:56.125 [FXGL Background Thread 3 ] DEBUG Engine               - globalSoundVolumeProperty: DoubleProperty [value: 0.5]
00:13:56.125 [FXGL Background Thread 3 ] DEBUG Engine               - height: 720
00:13:56.125 [FXGL Background Thread 3 ] DEBUG Engine               - is3D: false
00:13:56.125 [FXGL Background Thread 3 ] DEBUG Engine               - isAndroid: false
00:13:56.125 [FXGL Background Thread 3 ] DEBUG Engine               - isBrowser: false
00:13:56.125 [FXGL Background Thread 3 ] DEBUG Engine               - isClickFeedbackEnabled: false
00:13:56.125 [FXGL Background Thread 3 ] DEBUG Engine               - isCloseConfirmation: false
00:13:56.125 [FXGL Background Thread 3 ] DEBUG Engine               - isDesktop: true
00:13:56.125 [FXGL Background Thread 3 ] DEBUG Engine               - isDeveloperMenuEnabled: false
00:13:56.125 [FXGL Background Thread 3 ] DEBUG Engine               - isEmbedded: false
00:13:56.125 [FXGL Background Thread 3 ] DEBUG Engine               - isEntityPreloadEnabled: true
00:13:56.125 [FXGL Background Thread 3 ] DEBUG Engine               - isExperimentalTiledLargeMap: false
00:13:56.125 [FXGL Background Thread 3 ] DEBUG Engine               - isFileSystemWriteAllowed: true
00:13:56.125 [FXGL Background Thread 3 ] DEBUG Engine               - isFullScreenAllowed: false
00:13:56.125 [FXGL Background Thread 3 ] DEBUG Engine               - isFullScreenFromStart: false
00:13:56.125 [FXGL Background Thread 3 ] DEBUG Engine               - isGameMenuEnabled: true
00:13:56.125 [FXGL Background Thread 3 ] DEBUG Engine               - isIOS: false
00:13:56.125 [FXGL Background Thread 3 ] DEBUG Engine               - isIntroEnabled: false
00:13:56.126 [FXGL Background Thread 3 ] DEBUG Engine               - isLinux: false
00:13:56.126 [FXGL Background Thread 3 ] DEBUG Engine               - isMac: false
00:13:56.126 [FXGL Background Thread 3 ] DEBUG Engine               - isMainMenuEnabled: true
00:13:56.126 [FXGL Background Thread 3 ] DEBUG Engine               - isManualResizeEnabled: false
00:13:56.126 [FXGL Background Thread 3 ] DEBUG Engine               - isMobile: false
00:13:56.126 [FXGL Background Thread 3 ] DEBUG Engine               - isNative: false
00:13:56.126 [FXGL Background Thread 3 ] DEBUG Engine               - isPauseMusicWhenMinimized: true
00:13:56.126 [FXGL Background Thread 3 ] DEBUG Engine               - isPreserveResizeRatio: false
00:13:56.126 [FXGL Background Thread 3 ] DEBUG Engine               - isProfilingEnabled: false
00:13:56.126 [FXGL Background Thread 3 ] DEBUG Engine               - isScaleAffectedOnResize: true
00:13:56.126 [FXGL Background Thread 3 ] DEBUG Engine               - isSingleStep: false
00:13:56.126 [FXGL Background Thread 3 ] DEBUG Engine               - isUserProfileEnabled: false
00:13:56.126 [FXGL Background Thread 3 ] DEBUG Engine               - isWindows: true
00:13:56.126 [FXGL Background Thread 3 ] DEBUG Engine               - language: ObjectProperty [value: ENGLISH]
00:13:56.126 [FXGL Background Thread 3 ] DEBUG Engine               - menuKey: ESCAPE
00:13:56.126 [FXGL Background Thread 3 ] DEBUG Engine               - mouseSensitivity: 0.2
00:13:56.126 [FXGL Background Thread 3 ] DEBUG Engine               - notificationViewClass: class com.almasb.fxgl.notification.view.XboxNotificationView
00:13:56.126 [FXGL Background Thread 3 ] DEBUG Engine               - pixelsPerMeter: 50.0
00:13:56.126 [FXGL Background Thread 3 ] DEBUG Engine               - platform: WINDOWS
00:13:56.126 [FXGL Background Thread 3 ] DEBUG Engine               - prefHeightProperty: ReadOnlyDoubleProperty [value: 720.0]
00:13:56.126 [FXGL Background Thread 3 ] DEBUG Engine               - prefWidthProperty: ReadOnlyDoubleProperty [value: 1280.0]
00:13:56.126 [FXGL Background Thread 3 ] DEBUG Engine               - profileDir: profiles/
00:13:56.126 [FXGL Background Thread 3 ] DEBUG Engine               - profileName: StringProperty [value: DEFAULT]
00:13:56.126 [FXGL Background Thread 3 ] DEBUG Engine               - randomSeed: -1
00:13:56.126 [FXGL Background Thread 3 ] DEBUG Engine               - runtimeInfo: RuntimeInfo(platform=WINDOWS, version=25, build=05.02.2026 22.57)
00:13:56.126 [FXGL Background Thread 3 ] DEBUG Engine               - saveFileExt: sav
00:13:56.126 [FXGL Background Thread 3 ] DEBUG Engine               - scaledHeightProp$fxgl: DoubleProperty [bound, value: 671.0]
00:13:56.126 [FXGL Background Thread 3 ] DEBUG Engine               - scaledWidthProp$fxgl: DoubleProperty [bound, value: 1169.0]
00:13:56.126 [FXGL Background Thread 3 ] DEBUG Engine               - sceneFactory: org.group1.GamePackage.Factory.MainSceneFactory@6e7e1fad
00:13:56.126 [FXGL Background Thread 3 ] DEBUG Engine               - secondsIn24h: 60
00:13:56.126 [FXGL Background Thread 3 ] DEBUG Engine               - soundMenuBack: menu/back.wav
00:13:56.127 [FXGL Background Thread 3 ] DEBUG Engine               - soundMenuPress: menu/press.wav
00:13:56.127 [FXGL Background Thread 3 ] DEBUG Engine               - soundMenuSelect: menu/select.wav
00:13:56.127 [FXGL Background Thread 3 ] DEBUG Engine               - soundNotification: core/notification.wav
00:13:56.127 [FXGL Background Thread 3 ] DEBUG Engine               - stageStyle: DECORATED
00:13:56.127 [FXGL Background Thread 3 ] DEBUG Engine               - supportedLanguages: [ENGLISH, FRENCH, GERMAN, HUNGARIAN, RUSSIAN]
00:13:56.127 [FXGL Background Thread 3 ] DEBUG Engine               - ticksPerSecond: -1
00:13:56.127 [FXGL Background Thread 3 ] DEBUG Engine               - title: Untitled
00:13:56.127 [FXGL Background Thread 3 ] DEBUG Engine               - urlGithub: https://github.com/AlmasB/FXGL
00:13:56.127 [FXGL Background Thread 3 ] DEBUG Engine               - urlLeaderboard: http://fxgl-top.herokuapp.com/
00:13:56.127 [FXGL Background Thread 3 ] DEBUG Engine               - urlPOM: https://raw.githubusercontent.com/AlmasB/FXGL/release/README.md
00:13:56.127 [FXGL Background Thread 3 ] DEBUG Engine               - userAppClass: class org.group1.GamePackage.Application
00:13:56.127 [FXGL Background Thread 3 ] DEBUG Engine               - version: 0.0
00:13:56.127 [FXGL Background Thread 3 ] DEBUG Engine               - versionCheckDays: 7
00:13:56.127 [FXGL Background Thread 3 ] DEBUG Engine               - width: 1280
00:13:56.127 [FXGL Background Thread 3 ] DEBUG Engine               - Logging services
00:13:56.127 [FXGL Background Thread 3 ] DEBUG Engine               - class com.almasb.fxgl.app.services.FXGLAssetLoaderService
00:13:56.127 [FXGL Background Thread 3 ] DEBUG Engine               - class com.almasb.fxgl.app.FXGLApplication$GameApplicationService
00:13:56.127 [FXGL Background Thread 3 ] DEBUG Engine               - class com.almasb.fxgl.app.services.FXGLDialogService
00:13:56.127 [FXGL Background Thread 3 ] DEBUG Engine               - class com.almasb.fxgl.app.services.IOTaskExecutorService
00:13:56.127 [FXGL Background Thread 3 ] DEBUG Engine               - class com.almasb.fxgl.io.FileSystemService
00:13:56.127 [FXGL Background Thread 3 ] DEBUG Engine               - class com.almasb.fxgl.localization.LocalizationService
00:13:56.127 [FXGL Background Thread 3 ] DEBUG Engine               - class com.almasb.fxgl.app.services.SystemBundleService
00:13:56.127 [FXGL Background Thread 3 ] DEBUG Engine               - class com.almasb.fxgl.profile.SaveLoadService
00:13:56.127 [FXGL Background Thread 3 ] DEBUG Engine               - class com.almasb.fxgl.ui.FXGLUIFactoryServiceProvider
00:13:56.127 [FXGL Background Thread 3 ] DEBUG Engine               - class com.almasb.fxgl.ui.FXGLDialogFactoryServiceProvider
00:13:56.127 [FXGL Background Thread 3 ] DEBUG Engine               - class com.almasb.fxgl.audio.AudioPlayer
00:13:56.127 [FXGL Background Thread 3 ] DEBUG Engine               - class com.almasb.fxgl.notification.impl.NotificationServiceProvider
00:13:56.127 [FXGL Background Thread 3 ] DEBUG Engine               - class com.almasb.fxgl.achievement.AchievementService
00:13:56.127 [FXGL Background Thread 3 ] DEBUG Engine               - class com.almasb.fxgl.cutscene.CutsceneService
00:13:56.127 [FXGL Background Thread 3 ] DEBUG Engine               - class com.almasb.fxgl.minigames.MiniGameService
00:13:56.127 [FXGL Background Thread 3 ] DEBUG Engine               - class com.almasb.fxgl.net.NetService
00:13:56.127 [FXGL Background Thread 3 ] DEBUG Engine               - class com.almasb.fxgl.app.services.UpdaterService
00:13:56.127 [FXGL Background Thread 3 ] DEBUG Engine               - class com.almasb.fxgl.dev.DevService
00:13:56.217 [JavaFX Application Thread] DEBUG FXGLAssetLoaderServi - Loading from file system: file:/C:/Users/ryles/Downloads/ComProg_Project/target/classes/assets/sounds/death_sound.wav
00:14:06.135 [JavaFX Application Thread] DEBUG FXGLAssetLoaderServi - Loading from file system: file:/C:/Users/ryles/Downloads/ComProg_Project/target/classes/assets/sounds/fah.wav
00:14:13.986 [JavaFX Application Thread] DEBUG FXGLApplication      - Exiting FXGL
00:14:13.987 [JavaFX Application Thread] DEBUG LoopRunner           - Stopping loop
00:14:13.987 [JavaFX Application Thread] DEBUG SystemBundleService  - Saving FXGL system data
00:14:13.989 [JavaFX Application Thread] DEBUG FileSystemAccess     - Writing to: C:\Users\ryles\Downloads\ComProg_Project\system\fxgl.bundle
00:14:13.990 [JavaFX Application Thread] DEBUG Async                - Shutting down background threads
00:14:13.990 [JavaFX Application Thread] DEBUG PrimaryStageWindow   - Closing main window
00:14:14.011 [JavaFX Application Thread] DEBUG Logger               - Closing Logger
