16:58:52.886 [main                     ] DEBUG Logger               - Configured Logger
16:58:52.894 [main                     ] DEBUG GameApplication      - Logging settings
Title: Untitled
Version: 0.0
Width: 1280
Height: 720
Fullscreen: false
Intro: false
Profiling: false
Single step:false
App Mode: DEVELOPER
Menu Key: ESCAPE
Stage Style: DECORATED
Scene Factory: class org.group1.GamePackage.Factory.MainSceneFactory

16:58:53.294 [JavaFX Application Thread] DEBUG FXGLApplication      - Initializing FXGL
16:58:53.297 [JavaFX Application Thread] INFO  Engine               - FXGL-25 (05.02.2026 22.57) on WINDOWS (J:25.0.1 FX:21.0.6)
16:58:53.298 [JavaFX Application Thread] DEBUG Engine               - JRE Vendor Name: Oracle Corporation
16:58:53.298 [JavaFX Application Thread] DEBUG Engine               - Running on OS: Windows 11 version 10.0
16:58:53.298 [JavaFX Application Thread] DEBUG Engine               - Architecture: amd64
16:58:53.298 [JavaFX Application Thread] INFO  Engine               - Source code and latest versions at: https://github.com/AlmasB/FXGL
16:58:53.298 [JavaFX Application Thread] INFO  Engine               -       Ask questions and discuss at: https://github.com/AlmasB/FXGL/discussions
16:58:53.423 [JavaFX Application Thread] DEBUG PrimaryStageWindow   - Creating a JavaFX scene
16:58:53.486 [JavaFX Application Thread] DEBUG PrimaryStageWindow   - Target settings size: 1280.0 x 720.0
16:58:53.486 [JavaFX Application Thread] DEBUG PrimaryStageWindow   - Scaled scene size:    1280.0 x 720.0
16:58:53.486 [JavaFX Application Thread] DEBUG PrimaryStageWindow   - Scaled ratio: (1.0, 1.0)
16:58:53.487 [JavaFX Application Thread] DEBUG PrimaryStageWindow   - Set initial scene to FXGLStartupScene
16:58:53.490 [JavaFX Application Thread] DEBUG PrimaryStageWindow   - Opening main window
16:58:53.593 [JavaFX Application Thread] DEBUG PrimaryStageWindow   - Window border size: (14.6666259765625, 37.33331298828125)
16:58:53.593 [JavaFX Application Thread] DEBUG PrimaryStageWindow   - Scaled size: 1280.0 x 720.0
16:58:53.593 [JavaFX Application Thread] DEBUG PrimaryStageWindow   - Scaled ratio: (1.0, 1.0)
16:58:53.593 [JavaFX Application Thread] DEBUG PrimaryStageWindow   - Scene size: 1280.0 x 720.0
16:58:53.594 [JavaFX Application Thread] DEBUG PrimaryStageWindow   - Stage size: 1294.6666259765625 x 757.3333129882812
16:58:53.605 [FXGL Background Thread 1 ] DEBUG Engine               - Initializing environment variables
16:58:53.693 [FXGL Background Thread 1 ] DEBUG FXGLAssetLoaderServi - User app class for loading assets: class org.group1.GamePackage.Application
16:58:53.693 [FXGL Background Thread 1 ] DEBUG GameApplicationServi - Applying CSS: fxgl_dark.css
16:58:53.694 [FXGL Background Thread 1 ] DEBUG FXGLAssetLoaderServi - Loading from file system: jar:file:///C:/Users/ryles/.m2/repository/com/github/almasb/fxgl/25/fxgl-25.jar!/fxglassets/ui/css/fxgl_dark.css
16:58:53.754 [FXGL Background Thread 1 ] DEBUG GameApplicationServi - Initializing application scenes
16:58:53.761 [FXGL Background Thread 1 ] DEBUG FXGLAssetLoaderServi - Loading from file system: file:/C:/Users/ryles/Downloads/ComProg_Project/target/classes/assets/textures/background.png
16:58:53.885 [FXGL Background Thread 1 ] DEBUG FXGLAssetLoaderServi - Loading from file system: file:/C:/Users/ryles/Downloads/ComProg_Project/target/classes/assets/textures/background_stars1.png
16:58:53.949 [FXGL Background Thread 1 ] DEBUG FXGLAssetLoaderServi - Loading from file system: file:/C:/Users/ryles/Downloads/ComProg_Project/target/classes/assets/textures/background_stars2.png
16:58:53.990 [FXGL Background Thread 1 ] DEBUG FXGLAssetLoaderServi - Loading from file system: file:/C:/Users/ryles/Downloads/ComProg_Project/target/classes/assets/textures/background_stars3.png
16:58:54.061 [FXGL Background Thread 1 ] DEBUG FXGLAssetLoaderServi - Loading from file system: file:/C:/Users/ryles/Downloads/ComProg_Project/target/classes/assets/textures/background_cloud1.png
16:58:54.071 [FXGL Background Thread 1 ] DEBUG FXGLAssetLoaderServi - Loading from file system: file:/C:/Users/ryles/Downloads/ComProg_Project/target/classes/assets/textures/background_cloud2.png
16:58:54.086 [FXGL Background Thread 1 ] DEBUG FXGLAssetLoaderServi - Loading from file system: file:/C:/Users/ryles/Downloads/ComProg_Project/target/classes/assets/textures/background_mist1.png
16:58:54.098 [FXGL Background Thread 1 ] DEBUG FXGLAssetLoaderServi - Loading from file system: file:/C:/Users/ryles/Downloads/ComProg_Project/target/classes/assets/textures/background_hills.png
16:58:54.118 [FXGL Background Thread 1 ] DEBUG FXGLAssetLoaderServi - Loading from file system: file:/C:/Users/ryles/Downloads/ComProg_Project/target/classes/assets/textures/background_forest.png
16:58:54.132 [FXGL Background Thread 1 ] DEBUG FXGLAssetLoaderServi - Loading from file system: file:/C:/Users/ryles/Downloads/ComProg_Project/target/classes/assets/textures/background_large_forest.png
16:58:54.216 [FXGL Background Thread 1 ] DEBUG GameWorld            - Game world initialized
16:58:54.258 [FXGL Background Thread 1 ] DEBUG PhysicsWorld         - Physics world initialized: appHeight=720, physics.ppm=50.0
16:58:54.258 [FXGL Background Thread 1 ] DEBUG PhysicsWorld         - Using strategy: BRUTE_FORCE
16:58:54.263 [FXGL Background Thread 1 ] DEBUG GameScene            - Game scene initialized: 1280x720
16:58:54.278 [FXGL Background Thread 1 ] DEBUG FXGL.DefaultMenu     - createMenuBodyGameMenu()
16:58:54.284 [FXGL Background Thread 1 ] DEBUG FXGL.DefaultMenu     - createOptionsMenu()
16:58:54.289 [FXGL Background Thread 1 ] DEBUG FXGLAssetLoaderServi - Loading from file system: jar:file:///C:/Users/ryles/.m2/repository/com/github/almasb/fxgl/25/fxgl-25.jar!/fxglassets/textures/particles/smoke.png
16:58:54.365 [FXGL Background Thread 1 ] DEBUG FXGLAssetLoaderServi - Loading from file system: jar:file:///C:/Users/ryles/.m2/repository/com/github/almasb/fxgl/25/fxgl-25.jar!/fxglassets/textures/particles/trace_horizontal.png
16:58:54.391 [FXGL Background Thread 1 ] DEBUG GameApplicationServi - Application scenes initialized
16:58:54.399 [FXGL Background Thread 1 ] DEBUG SystemBundleService  - Loading FXGL system data
16:58:54.404 [FXGL Background Thread 1 ] DEBUG FileSystemAccess     - Reading from: C:\Users\ryles\Downloads\ComProg_Project\system\fxgl.bundle
16:58:54.413 [FXGL Background Thread 1 ] DEBUG SystemBundleService  - Bundle FXGL: {}
16:58:54.413 [FXGL Background Thread 1 ] DEBUG UpdaterService       - Checking for updates
16:58:54.417 [FXGL Background Thread 4 ] DEBUG FXGLApplication      - Loading fonts
16:58:54.417 [FXGL Background Thread 1 ] DEBUG FXGLApplication      - Loading default localization
16:58:54.417 [FXGL Background Thread 4 ] DEBUG FXGLAssetLoaderServi - Loading from file system: jar:file:///C:/Users/ryles/.m2/repository/com/github/almasb/fxgl/25/fxgl-25.jar!/fxglassets/ui/fonts/VarelaRound-Regular.ttf
16:58:54.417 [FXGL Background Thread 1 ] DEBUG FXGLAssetLoaderServi - Loading from file system: jar:file:///C:/Users/ryles/.m2/repository/com/github/almasb/fxgl/25/fxgl-25.jar!/fxglassets/languages/english.lang
16:58:54.432 [FXGL Background Thread 1 ] INFO  FXGLApplication      - FXGL initialization took: 0.827 sec
16:58:54.445 [JavaFX Application Thread] DEBUG Input                - Registered new binding: Move left - A
16:58:54.445 [JavaFX Application Thread] DEBUG Input                - Registered new binding: Move right - D
16:58:54.446 [JavaFX Application Thread] DEBUG Input                - Registered new binding: Move down - S
16:58:54.446 [JavaFX Application Thread] DEBUG Input                - Registered new binding: Move up - W
16:58:54.446 [JavaFX Application Thread] DEBUG Input                - Registered new binding: Shoot - Space
16:58:54.446 [JavaFX Application Thread] DEBUG Input                - Registered new binding: Switch to Fire Bullet - Q
16:58:54.447 [JavaFX Application Thread] DEBUG Input                - Registered new binding: Switch to Ice Bullet - E
16:58:54.447 [JavaFX Application Thread] DEBUG FXGLAssetLoaderServi - Loading from file system: jar:file:///C:/Users/ryles/.m2/repository/com/github/almasb/fxgl/25/fxgl-25.jar!/fxglassets/textures/fxgl_icon.png
16:58:54.450 [FXGL Background Thread 4 ] DEBUG FXGLAssetLoaderServi - Loading from file system: jar:file:///C:/Users/ryles/.m2/repository/com/github/almasb/fxgl/25/fxgl-25.jar!/fxglassets/ui/fonts/Abel-Regular.ttf
16:58:54.454 [FXGL Background Thread 4 ] DEBUG FXGLAssetLoaderServi - Loading from file system: jar:file:///C:/Users/ryles/.m2/repository/com/github/almasb/fxgl/25/fxgl-25.jar!/fxglassets/ui/fonts/TerminalLandMono-Regular.otf
16:58:54.458 [FXGL Background Thread 4 ] DEBUG FXGLAssetLoaderServi - Loading from file system: jar:file:///C:/Users/ryles/.m2/repository/com/github/almasb/fxgl/25/fxgl-25.jar!/fxglassets/ui/fonts/Courier-Prime.ttf
16:58:54.458 [JavaFX Application Thread] DEBUG FXGLAssetLoaderServi - Loading from file system: jar:file:///C:/Users/ryles/.m2/repository/com/github/almasb/fxgl/25/fxgl-25.jar!/fxglassets/textures/fxgl_default_cursor.png
16:58:54.461 [JavaFX Application Thread] DEBUG Input                - Registered new binding: Screenshot - CTRL+8
16:58:54.462 [JavaFX Application Thread] DEBUG Input                - Registered new binding: System info dump - CTRL+9
16:58:54.462 [JavaFX Application Thread] DEBUG Input                - Registered new binding: Restart - CTRL+R
16:58:54.463 [JavaFX Application Thread] DEBUG Input                - Registered new binding: Toggle Debug Camera - CTRL+7
16:58:54.466 [JavaFX Application Thread] DEBUG LoopRunner           - Starting loop
16:58:54.466 [JavaFX Application Thread] DEBUG LoopRunner           - Initializing JavaFX AnimationTimerLoop
16:58:54.469 [JavaFX Application Thread] DEBUG Input                - Clearing active input actions
16:58:54.479 [JavaFX Application Thread] DEBUG GameApplicationServi - Removing overlay from FXGLStartupScene and adding to FXGLMainMenuDummyScene
16:58:54.480 [JavaFX Application Thread] DEBUG PrimaryStageWindow   - FXGLStartupScene -> FXGLMainMenuDummyScene
16:58:54.480 [JavaFX Application Thread] DEBUG PrimaryStageWindow   - Push state: MenuInterface
16:58:54.481 [JavaFX Application Thread] DEBUG Input                - Clearing active input actions
16:58:54.489 [JavaFX Application Thread] DEBUG GameApplicationServi - Removing overlay from FXGLMainMenuDummyScene and adding to MenuInterface
16:58:54.490 [JavaFX Application Thread] DEBUG PrimaryStageWindow   - FXGLMainMenuDummyScene -> MenuInterface
16:58:54.562 [JavaFX Application Thread] DEBUG FXGLApplication      - Registering font factories with UI factory
16:58:57.417 [FXGL Background Thread 3 ] DEBUG Engine               - Logging environment variables
16:58:57.417 [FXGL Background Thread 3 ] DEBUG Engine               - achievements: []
16:58:57.417 [FXGL Background Thread 3 ] DEBUG Engine               - actualHeight: 720.0
16:58:57.417 [FXGL Background Thread 3 ] DEBUG Engine               - actualHeightProperty: ReadOnlyDoubleProperty [value: 720.0]
16:58:57.418 [FXGL Background Thread 3 ] DEBUG Engine               - actualWidth: 1280.0
16:58:57.418 [FXGL Background Thread 3 ] DEBUG Engine               - actualWidthProperty: ReadOnlyDoubleProperty [value: 1280.0]
16:58:57.418 [FXGL Background Thread 3 ] DEBUG Engine               - appIcon: fxgl_icon.png
16:58:57.418 [FXGL Background Thread 3 ] DEBUG Engine               - applicationMode: DEVELOPER
16:58:57.418 [FXGL Background Thread 3 ] DEBUG Engine               - cSSList: [fxgl_dark.css]
16:58:57.418 [FXGL Background Thread 3 ] DEBUG Engine               - collisionDetectionStrategy: BRUTE_FORCE
16:58:57.418 [FXGL Background Thread 3 ] DEBUG Engine               - configClass: Optional.empty
16:58:57.418 [FXGL Background Thread 3 ] DEBUG Engine               - credits: []
16:58:57.418 [FXGL Background Thread 3 ] DEBUG Engine               - defaultCursor: CursorInfo(imageName=fxgl_default_cursor.png, hotspotX=7.0, hotspotY=6.0)
16:58:57.418 [FXGL Background Thread 3 ] DEBUG Engine               - devBBoxColorProperty: ObjectProperty [value: 0xff0000ff]
16:58:57.418 [FXGL Background Thread 3 ] DEBUG Engine               - devEnableDebugCameraProperty: BooleanProperty [value: false]
16:58:57.418 [FXGL Background Thread 3 ] DEBUG Engine               - devSensorColorProperty: ObjectProperty [value: 0xffff00ff]
16:58:57.419 [FXGL Background Thread 3 ] DEBUG Engine               - devShowBBoxProperty: BooleanProperty [value: false]
16:58:57.419 [FXGL Background Thread 3 ] DEBUG Engine               - devShowPositionProperty: BooleanProperty [value: false]
16:58:57.419 [FXGL Background Thread 3 ] DEBUG Engine               - enabledMenuItems: []
16:58:57.419 [FXGL Background Thread 3 ] DEBUG Engine               - engineServices: [class com.almasb.fxgl.app.services.FXGLAssetLoaderService, class com.almasb.fxgl.app.FXGLApplication$GameApplicationService, class com.almasb.fxgl.app.services.FXGLDialogService, class com.almasb.fxgl.app.services.IOTaskExecutorService, class com.almasb.fxgl.io.FileSystemService, class com.almasb.fxgl.localization.LocalizationService, class com.almasb.fxgl.app.services.SystemBundleService, class com.almasb.fxgl.profile.SaveLoadService, class com.almasb.fxgl.ui.FXGLUIFactoryServiceProvider, class com.almasb.fxgl.ui.FXGLDialogFactoryServiceProvider, class com.almasb.fxgl.audio.AudioPlayer, class com.almasb.fxgl.notification.impl.NotificationServiceProvider, class com.almasb.fxgl.achievement.AchievementService, class com.almasb.fxgl.cutscene.CutsceneService, class com.almasb.fxgl.minigames.MiniGameService, class com.almasb.fxgl.net.NetService, class com.almasb.fxgl.app.services.UpdaterService, class com.almasb.fxgl.dev.DevService]
16:58:57.419 [FXGL Background Thread 3 ] DEBUG Engine               - fontGame: Abel-Regular.ttf
16:58:57.419 [FXGL Background Thread 3 ] DEBUG Engine               - fontMono: TerminalLandMono-Regular.otf
16:58:57.419 [FXGL Background Thread 3 ] DEBUG Engine               - fontSizeScaleUI: 1.0
16:58:57.419 [FXGL Background Thread 3 ] DEBUG Engine               - fontText: Courier-Prime.ttf
16:58:57.419 [FXGL Background Thread 3 ] DEBUG Engine               - fontUI: VarelaRound-Regular.ttf
16:58:57.420 [FXGL Background Thread 3 ] DEBUG Engine               - fpsRefreshRate: 500.0 ms
16:58:57.420 [FXGL Background Thread 3 ] DEBUG Engine               - fullScreen: BooleanProperty [value: false]
16:58:57.420 [FXGL Background Thread 3 ] DEBUG Engine               - gameDifficulty: MEDIUM
16:58:57.420 [FXGL Background Thread 3 ] DEBUG Engine               - gameDifficultyProperty: ObjectProperty [value: MEDIUM]
16:58:57.420 [FXGL Background Thread 3 ] DEBUG Engine               - globalMusicVolume: 0.5
16:58:57.420 [FXGL Background Thread 3 ] DEBUG Engine               - globalMusicVolumeProperty: DoubleProperty [value: 0.5]
16:58:57.420 [FXGL Background Thread 3 ] DEBUG Engine               - globalSoundVolume: 0.5
16:58:57.420 [FXGL Background Thread 3 ] DEBUG Engine               - globalSoundVolumeProperty: DoubleProperty [value: 0.5]
16:58:57.420 [FXGL Background Thread 3 ] DEBUG Engine               - height: 720
16:58:57.420 [FXGL Background Thread 3 ] DEBUG Engine               - is3D: false
16:58:57.420 [FXGL Background Thread 3 ] DEBUG Engine               - isAndroid: false
16:58:57.420 [FXGL Background Thread 3 ] DEBUG Engine               - isBrowser: false
16:58:57.420 [FXGL Background Thread 3 ] DEBUG Engine               - isClickFeedbackEnabled: false
16:58:57.420 [FXGL Background Thread 3 ] DEBUG Engine               - isCloseConfirmation: false
16:58:57.420 [FXGL Background Thread 3 ] DEBUG Engine               - isDesktop: true
16:58:57.420 [FXGL Background Thread 3 ] DEBUG Engine               - isDeveloperMenuEnabled: false
16:58:57.421 [FXGL Background Thread 3 ] DEBUG Engine               - isEmbedded: false
16:58:57.421 [FXGL Background Thread 3 ] DEBUG Engine               - isEntityPreloadEnabled: true
16:58:57.421 [FXGL Background Thread 3 ] DEBUG Engine               - isExperimentalTiledLargeMap: false
16:58:57.421 [FXGL Background Thread 3 ] DEBUG Engine               - isFileSystemWriteAllowed: true
16:58:57.421 [FXGL Background Thread 3 ] DEBUG Engine               - isFullScreenAllowed: false
16:58:57.421 [FXGL Background Thread 3 ] DEBUG Engine               - isFullScreenFromStart: false
16:58:57.421 [FXGL Background Thread 3 ] DEBUG Engine               - isGameMenuEnabled: true
16:58:57.421 [FXGL Background Thread 3 ] DEBUG Engine               - isIOS: false
16:58:57.421 [FXGL Background Thread 3 ] DEBUG Engine               - isIntroEnabled: false
16:58:57.421 [FXGL Background Thread 3 ] DEBUG Engine               - isLinux: false
16:58:57.421 [FXGL Background Thread 3 ] DEBUG Engine               - isMac: false
16:58:57.421 [FXGL Background Thread 3 ] DEBUG Engine               - isMainMenuEnabled: true
16:58:57.421 [FXGL Background Thread 3 ] DEBUG Engine               - isManualResizeEnabled: false
16:58:57.421 [FXGL Background Thread 3 ] DEBUG Engine               - isMobile: false
16:58:57.421 [FXGL Background Thread 3 ] DEBUG Engine               - isNative: false
16:58:57.421 [FXGL Background Thread 3 ] DEBUG Engine               - isPauseMusicWhenMinimized: true
16:58:57.421 [FXGL Background Thread 3 ] DEBUG Engine               - isPreserveResizeRatio: false
16:58:57.421 [FXGL Background Thread 3 ] DEBUG Engine               - isProfilingEnabled: false
16:58:57.421 [FXGL Background Thread 3 ] DEBUG Engine               - isScaleAffectedOnResize: true
16:58:57.421 [FXGL Background Thread 3 ] DEBUG Engine               - isSingleStep: false
16:58:57.421 [FXGL Background Thread 3 ] DEBUG Engine               - isUserProfileEnabled: false
16:58:57.422 [FXGL Background Thread 3 ] DEBUG Engine               - isWindows: true
16:58:57.422 [FXGL Background Thread 3 ] DEBUG Engine               - language: ObjectProperty [value: ENGLISH]
16:58:57.422 [FXGL Background Thread 3 ] DEBUG Engine               - menuKey: ESCAPE
16:58:57.422 [FXGL Background Thread 3 ] DEBUG Engine               - mouseSensitivity: 0.2
16:58:57.422 [FXGL Background Thread 3 ] DEBUG Engine               - notificationViewClass: class com.almasb.fxgl.notification.view.XboxNotificationView
16:58:57.422 [FXGL Background Thread 3 ] DEBUG Engine               - pixelsPerMeter: 50.0
16:58:57.422 [FXGL Background Thread 3 ] DEBUG Engine               - platform: WINDOWS
16:58:57.422 [FXGL Background Thread 3 ] DEBUG Engine               - prefHeightProperty: ReadOnlyDoubleProperty [value: 720.0]
16:58:57.422 [FXGL Background Thread 3 ] DEBUG Engine               - prefWidthProperty: ReadOnlyDoubleProperty [value: 1280.0]
16:58:57.422 [FXGL Background Thread 3 ] DEBUG Engine               - profileDir: profiles/
16:58:57.422 [FXGL Background Thread 3 ] DEBUG Engine               - profileName: StringProperty [value: DEFAULT]
16:58:57.422 [FXGL Background Thread 3 ] DEBUG Engine               - randomSeed: -1
16:58:57.422 [FXGL Background Thread 3 ] DEBUG Engine               - runtimeInfo: RuntimeInfo(platform=WINDOWS, version=25, build=05.02.2026 22.57)
16:58:57.422 [FXGL Background Thread 3 ] DEBUG Engine               - saveFileExt: sav
16:58:57.422 [FXGL Background Thread 3 ] DEBUG Engine               - scaledHeightProp$fxgl: DoubleProperty [bound, value: 720.0]
16:58:57.422 [FXGL Background Thread 3 ] DEBUG Engine               - scaledWidthProp$fxgl: DoubleProperty [bound, value: 1280.0]
16:58:57.422 [FXGL Background Thread 3 ] DEBUG Engine               - sceneFactory: org.group1.GamePackage.Factory.MainSceneFactory@2e963f3
16:58:57.422 [FXGL Background Thread 3 ] DEBUG Engine               - secondsIn24h: 60
16:58:57.422 [FXGL Background Thread 3 ] DEBUG Engine               - soundMenuBack: menu/back.wav
16:58:57.422 [FXGL Background Thread 3 ] DEBUG Engine               - soundMenuPress: menu/press.wav
16:58:57.422 [FXGL Background Thread 3 ] DEBUG Engine               - soundMenuSelect: menu/select.wav
16:58:57.422 [FXGL Background Thread 3 ] DEBUG Engine               - soundNotification: core/notification.wav
16:58:57.422 [FXGL Background Thread 3 ] DEBUG Engine               - stageStyle: DECORATED
16:58:57.422 [FXGL Background Thread 3 ] DEBUG Engine               - supportedLanguages: [ENGLISH, FRENCH, GERMAN, HUNGARIAN, RUSSIAN]
16:58:57.422 [FXGL Background Thread 3 ] DEBUG Engine               - ticksPerSecond: -1
16:58:57.422 [FXGL Background Thread 3 ] DEBUG Engine               - title: Untitled
16:58:57.422 [FXGL Background Thread 3 ] DEBUG Engine               - urlGithub: https://github.com/AlmasB/FXGL
16:58:57.423 [FXGL Background Thread 3 ] DEBUG Engine               - urlLeaderboard: http://fxgl-top.herokuapp.com/
16:58:57.423 [FXGL Background Thread 3 ] DEBUG Engine               - urlPOM: https://raw.githubusercontent.com/AlmasB/FXGL/release/README.md
16:58:57.423 [FXGL Background Thread 3 ] DEBUG Engine               - userAppClass: class org.group1.GamePackage.Application
16:58:57.423 [FXGL Background Thread 3 ] DEBUG Engine               - version: 0.0
16:58:57.423 [FXGL Background Thread 3 ] DEBUG Engine               - versionCheckDays: 7
16:58:57.423 [FXGL Background Thread 3 ] DEBUG Engine               - width: 1280
16:58:57.423 [FXGL Background Thread 3 ] DEBUG Engine               - Logging services
16:58:57.423 [FXGL Background Thread 3 ] DEBUG Engine               - class com.almasb.fxgl.app.services.FXGLAssetLoaderService
16:58:57.423 [FXGL Background Thread 3 ] DEBUG Engine               - class com.almasb.fxgl.app.FXGLApplication$GameApplicationService
16:58:57.423 [FXGL Background Thread 3 ] DEBUG Engine               - class com.almasb.fxgl.app.services.FXGLDialogService
16:58:57.423 [FXGL Background Thread 3 ] DEBUG Engine               - class com.almasb.fxgl.app.services.IOTaskExecutorService
16:58:57.423 [FXGL Background Thread 3 ] DEBUG Engine               - class com.almasb.fxgl.io.FileSystemService
16:58:57.423 [FXGL Background Thread 3 ] DEBUG Engine               - class com.almasb.fxgl.localization.LocalizationService
16:58:57.423 [FXGL Background Thread 3 ] DEBUG Engine               - class com.almasb.fxgl.app.services.SystemBundleService
16:58:57.423 [FXGL Background Thread 3 ] DEBUG Engine               - class com.almasb.fxgl.profile.SaveLoadService
16:58:57.423 [FXGL Background Thread 3 ] DEBUG Engine               - class com.almasb.fxgl.ui.FXGLUIFactoryServiceProvider
16:58:57.423 [FXGL Background Thread 3 ] DEBUG Engine               - class com.almasb.fxgl.ui.FXGLDialogFactoryServiceProvider
16:58:57.423 [FXGL Background Thread 3 ] DEBUG Engine               - class com.almasb.fxgl.audio.AudioPlayer
16:58:57.423 [FXGL Background Thread 3 ] DEBUG Engine               - class com.almasb.fxgl.notification.impl.NotificationServiceProvider
16:58:57.423 [FXGL Background Thread 3 ] DEBUG Engine               - class com.almasb.fxgl.achievement.AchievementService
16:58:57.423 [FXGL Background Thread 3 ] DEBUG Engine               - class com.almasb.fxgl.cutscene.CutsceneService
16:58:57.423 [FXGL Background Thread 3 ] DEBUG Engine               - class com.almasb.fxgl.minigames.MiniGameService
16:58:57.423 [FXGL Background Thread 3 ] DEBUG Engine               - class com.almasb.fxgl.net.NetService
16:58:57.423 [FXGL Background Thread 3 ] DEBUG Engine               - class com.almasb.fxgl.app.services.UpdaterService
16:58:57.423 [FXGL Background Thread 3 ] DEBUG Engine               - class com.almasb.fxgl.dev.DevService
16:59:05.468 [JavaFX Application Thread] DEBUG GameApplicationServi - Starting new game
16:59:05.468 [JavaFX Application Thread] DEBUG PrimaryStageWindow   - Pop state: MenuInterface
16:59:05.468 [JavaFX Application Thread] DEBUG Input                - Clearing active input actions
16:59:05.470 [JavaFX Application Thread] DEBUG GameApplicationServi - Removing overlay from MenuInterface and adding to FXGLMainMenuDummyScene
16:59:05.471 [JavaFX Application Thread] DEBUG PrimaryStageWindow   - FXGLMainMenuDummyScene <- MenuInterface
16:59:05.471 [JavaFX Application Thread] DEBUG Input                - Clearing active input actions
16:59:05.477 [JavaFX Application Thread] DEBUG GameApplicationServi - Removing overlay from FXGLMainMenuDummyScene and adding to LoadingInterface
16:59:05.477 [JavaFX Application Thread] DEBUG PrimaryStageWindow   - FXGLMainMenuDummyScene -> LoadingInterface
16:59:05.477 [JavaFX Application Thread] DEBUG GameApplicationServi - Clearing previous game
16:59:05.477 [JavaFX Application Thread] DEBUG GameScene            - Clearing game scene
16:59:05.477 [JavaFX Application Thread] DEBUG GameWorld            - Clearing game world
16:59:05.477 [JavaFX Application Thread] DEBUG PhysicsWorld         - Clearing physics world
16:59:05.478 [FXGL Background Thread 2 ] DEBUG FXGLApplication      - Initializing game
16:59:05.513 [FXGL Background Thread 2 ] DEBUG FXGLAssetLoaderServi - Loading from file system: file:/C:/Users/ryles/Downloads/ComProg_Project/target/classes/assets/textures/idle_sprite.png
16:59:05.518 [FXGL Background Thread 2 ] DEBUG FXGLAssetLoaderServi - Loading from file system: file:/C:/Users/ryles/Downloads/ComProg_Project/target/classes/assets/textures/down_sprite.png
16:59:05.521 [FXGL Background Thread 2 ] DEBUG FXGLAssetLoaderServi - Loading from file system: file:/C:/Users/ryles/Downloads/ComProg_Project/target/classes/assets/textures/up_sprite.png
16:59:05.534 [FXGL Background Thread 2 ] DEBUG FXGLAssetLoaderServi - Loading from file system: file:/C:/Users/ryles/Downloads/ComProg_Project/target/classes/assets/textures/bullet_HUD_selection.png
16:59:05.542 [FXGL Background Thread 2 ] DEBUG FXGLAssetLoaderServi - Loading from file system: file:/C:/Users/ryles/Downloads/ComProg_Project/target/classes/assets/music/main_music.wav
16:59:05.692 [FXGL Background Thread 2 ] DEBUG AudioPlayer          - Playing music com.almasb.fxgl.audio.Music@7c54788
16:59:05.706 [FXGL Background Thread 2 ] INFO  FXGLApplication      - Game initialization took: 0.228 sec
16:59:05.707 [JavaFX Application Thread] DEBUG Input                - Clearing active input actions
16:59:05.713 [JavaFX Application Thread] DEBUG GameApplicationServi - Removing overlay from LoadingInterface and adding to GameScene
16:59:05.713 [JavaFX Application Thread] DEBUG PrimaryStageWindow   - LoadingInterface -> GameScene
16:59:06.403 [JavaFX Application Thread] DEBUG FXGLAssetLoaderServi - Loading from file system: file:/C:/Users/ryles/Downloads/ComProg_Project/target/classes/assets/textures/enemy_sprite.png
16:59:06.407 [JavaFX Application Thread] DEBUG FXGLAssetLoaderServi - Loading from file system: file:/C:/Users/ryles/Downloads/ComProg_Project/target/classes/assets/textures/explosion_sprite.png
16:59:08.834 [JavaFX Application Thread] DEBUG FXGLAssetLoaderServi - Loading from file system: file:/C:/Users/ryles/Downloads/ComProg_Project/target/classes/assets/textures/bullet_sprite.png
16:59:09.187 [JavaFX Application Thread] DEBUG FXGLAssetLoaderServi - Loading from file system: file:/C:/Users/ryles/Downloads/ComProg_Project/target/classes/assets/textures/heart_sprite.png
16:59:09.196 [JavaFX Application Thread] DEBUG FXGLAssetLoaderServi - Loading from file system: file:/C:/Users/ryles/Downloads/ComProg_Project/target/classes/assets/textures/heart_explode_sprite.png
16:59:09.218 [JavaFX Application Thread] DEBUG FXGLAssetLoaderServi - Loading from file system: file:/C:/Users/ryles/Downloads/ComProg_Project/target/classes/assets/sounds/death_sound.wav
16:59:10.403 [JavaFX Application Thread] DEBUG FXGLAssetLoaderServi - Loading from file system: file:/C:/Users/ryles/Downloads/ComProg_Project/target/classes/assets/sounds/heart_gain.wav
16:59:15.712 [JavaFX Application Thread] DEBUG FXGLAssetLoaderServi - Loading from file system: file:/C:/Users/ryles/Downloads/ComProg_Project/target/classes/assets/textures/boss_placeholder.png
16:59:18.081 [JavaFX Application Thread] DEBUG FXGLAssetLoaderServi - Loading from file system: file:/C:/Users/ryles/Downloads/ComProg_Project/target/classes/assets/textures/laser_sprite.png
16:59:20.527 [JavaFX Application Thread] DEBUG FXGLAssetLoaderServi - Loading from file system: file:/C:/Users/ryles/Downloads/ComProg_Project/target/classes/assets/sounds/fah.wav
16:59:27.573 [JavaFX Application Thread] DEBUG FXGLAssetLoaderServi - Loading from file system: file:/C:/Users/ryles/Downloads/ComProg_Project/target/classes/assets/sounds/switch_bullet.wav
16:59:27.582 [JavaFX Application Thread] DEBUG FXGLAssetLoaderServi - Loading from file system: file:/C:/Users/ryles/Downloads/ComProg_Project/target/classes/assets/textures/fire_HUD_sprite.png
16:59:29.728 [JavaFX Application Thread] DEBUG FXGLAssetLoaderServi - Loading from file system: file:/C:/Users/ryles/Downloads/ComProg_Project/target/classes/assets/textures/fire_bullet_sprite.png
16:59:48.077 [JavaFX Application Thread] DEBUG FXGLAssetLoaderServi - Loading from file system: file:/C:/Users/ryles/Downloads/ComProg_Project/target/classes/assets/textures/ice_HUD_sprite.png
16:59:49.056 [JavaFX Application Thread] DEBUG FXGLAssetLoaderServi - Loading from file system: file:/C:/Users/ryles/Downloads/ComProg_Project/target/classes/assets/textures/ice_bullet_sprite.png
16:59:57.219 [JavaFX Application Thread] DEBUG FXGLAssetLoaderServi - Loading from file system: file:/C:/Users/ryles/Downloads/ComProg_Project/target/classes/assets/textures/death_sprite.png
17:00:00.224 [JavaFX Application Thread] DEBUG Input                - Clearing active input actions
17:00:00.231 [JavaFX Application Thread] DEBUG GameApplicationServi - Removing overlay from GameScene and adding to FXGLMainMenuDummyScene
17:00:00.231 [JavaFX Application Thread] DEBUG PrimaryStageWindow   - GameScene -> FXGLMainMenuDummyScene
17:00:00.231 [JavaFX Application Thread] DEBUG PrimaryStageWindow   - Push state: MenuInterface
17:00:00.231 [JavaFX Application Thread] DEBUG Input                - Clearing active input actions
17:00:00.237 [JavaFX Application Thread] DEBUG GameApplicationServi - Removing overlay from FXGLMainMenuDummyScene and adding to MenuInterface
17:00:00.237 [JavaFX Application Thread] DEBUG PrimaryStageWindow   - FXGLMainMenuDummyScene -> MenuInterface
17:00:00.238 [JavaFX Application Thread] DEBUG AudioPlayer          - Stopping music com.almasb.fxgl.audio.Music@7c54788
17:00:00.378 [JavaFX Application Thread] DEBUG GameApplicationServi - Starting new game
17:00:00.378 [JavaFX Application Thread] DEBUG PrimaryStageWindow   - Pop state: MenuInterface
17:00:00.378 [JavaFX Application Thread] DEBUG Input                - Clearing active input actions
17:00:00.379 [JavaFX Application Thread] DEBUG GameApplicationServi - Removing overlay from MenuInterface and adding to FXGLMainMenuDummyScene
17:00:00.379 [JavaFX Application Thread] DEBUG PrimaryStageWindow   - FXGLMainMenuDummyScene <- MenuInterface
17:00:00.379 [JavaFX Application Thread] DEBUG Input                - Clearing active input actions
17:00:00.384 [JavaFX Application Thread] DEBUG GameApplicationServi - Removing overlay from FXGLMainMenuDummyScene and adding to LoadingInterface
17:00:00.384 [JavaFX Application Thread] DEBUG PrimaryStageWindow   - FXGLMainMenuDummyScene -> LoadingInterface
17:00:00.384 [JavaFX Application Thread] DEBUG GameApplicationServi - Clearing previous game
17:00:00.384 [JavaFX Application Thread] DEBUG GameScene            - Clearing game scene
17:00:00.384 [JavaFX Application Thread] DEBUG GameWorld            - Clearing game world
17:00:00.386 [JavaFX Application Thread] DEBUG PhysicsWorld         - Clearing physics world
17:00:00.387 [FXGL Background Thread 2 ] DEBUG FXGLApplication      - Initializing game
17:00:00.391 [FXGL Background Thread 2 ] DEBUG AudioPlayer          - Stopping music com.almasb.fxgl.audio.Music@7c54788
17:00:00.393 [FXGL Background Thread 2 ] DEBUG AudioPlayer          - Playing music com.almasb.fxgl.audio.Music@7c54788
17:00:00.394 [FXGL Background Thread 2 ] INFO  FXGLApplication      - Game initialization took: 0.008 sec
17:00:00.395 [JavaFX Application Thread] DEBUG Input                - Clearing active input actions
17:00:00.397 [JavaFX Application Thread] DEBUG GameApplicationServi - Removing overlay from LoadingInterface and adding to GameScene
17:00:00.397 [JavaFX Application Thread] DEBUG PrimaryStageWindow   - LoadingInterface -> GameScene
17:00:01.401 [JavaFX Application Thread] DEBUG PrimaryStageWindow   - Push state: FXGLDefaultMenu
17:00:01.405 [JavaFX Application Thread] DEBUG Input                - Clearing active input actions
17:00:01.407 [JavaFX Application Thread] DEBUG GameApplicationServi - Removing overlay from GameScene and adding to FXGLDefaultMenu
17:00:01.407 [JavaFX Application Thread] DEBUG PrimaryStageWindow   - GameScene -> FXGLDefaultMenu
17:00:04.904 [JavaFX Application Thread] DEBUG Menu                 - fireResume()
17:00:04.905 [JavaFX Application Thread] DEBUG PrimaryStageWindow   - Pop state: FXGLDefaultMenu
17:00:04.905 [JavaFX Application Thread] DEBUG Input                - Clearing active input actions
17:00:04.906 [JavaFX Application Thread] DEBUG GameApplicationServi - Removing overlay from FXGLDefaultMenu and adding to GameScene
17:00:04.906 [JavaFX Application Thread] DEBUG PrimaryStageWindow   - GameScene <- FXGLDefaultMenu
17:01:04.736 [JavaFX Application Thread] DEBUG FXGLAssetLoaderServi - Loading from file system: file:/C:/Users/ryles/Downloads/ComProg_Project/target/classes/assets/textures/boss_placeholder.png
17:01:56.256 [JavaFX Application Thread] DEBUG FXGLAssetLoaderServi - Loading from file system: file:/C:/Users/ryles/Downloads/ComProg_Project/target/classes/assets/sounds/boss_die.wav
17:01:59.263 [JavaFX Application Thread] DEBUG Input                - Clearing active input actions
17:01:59.271 [JavaFX Application Thread] DEBUG GameApplicationServi - Removing overlay from GameScene and adding to FXGLMainMenuDummyScene
17:01:59.271 [JavaFX Application Thread] DEBUG PrimaryStageWindow   - GameScene -> FXGLMainMenuDummyScene
17:01:59.271 [JavaFX Application Thread] DEBUG PrimaryStageWindow   - Push state: MenuInterface
17:01:59.271 [JavaFX Application Thread] DEBUG Input                - Clearing active input actions
17:01:59.275 [JavaFX Application Thread] DEBUG GameApplicationServi - Removing overlay from FXGLMainMenuDummyScene and adding to MenuInterface
17:01:59.275 [JavaFX Application Thread] DEBUG PrimaryStageWindow   - FXGLMainMenuDummyScene -> MenuInterface
17:01:59.276 [JavaFX Application Thread] DEBUG AudioPlayer          - Stopping music com.almasb.fxgl.audio.Music@7c54788
17:02:16.487 [JavaFX Application Thread] DEBUG FXGLApplication      - Exiting FXGL
17:02:16.487 [JavaFX Application Thread] DEBUG LoopRunner           - Stopping loop
17:02:16.487 [JavaFX Application Thread] DEBUG SystemBundleService  - Saving FXGL system data
17:02:16.494 [JavaFX Application Thread] DEBUG FileSystemAccess     - Writing to: C:\Users\ryles\Downloads\ComProg_Project\system\fxgl.bundle
17:02:16.497 [JavaFX Application Thread] DEBUG Async                - Shutting down background threads
17:02:16.498 [JavaFX Application Thread] DEBUG PrimaryStageWindow   - Closing main window
17:02:16.519 [JavaFX Application Thread] DEBUG Logger               - Closing Logger
