01:41:12.265 [main                     ] DEBUG Logger               - Configured Logger
01:41:12.282 [main                     ] DEBUG GameApplication      - Logging settings
Title: Untitled
Version: 0.0
Width: 1280
Height: 720
Fullscreen: false
Intro: false
Profiling: false
Single step:false
App Mode: DEVELOPER
Menu Key: ESCAPE
Stage Style: DECORATED
Scene Factory: class org.group1.GamePackage.Factory.MainSceneFactory

01:41:12.813 [JavaFX Application Thread] DEBUG FXGLApplication      - Initializing FXGL
01:41:12.817 [JavaFX Application Thread] INFO  Engine               - FXGL-25 (05.02.2026 22.57) on WINDOWS (J:25.0.2 FX:21.0.6)
01:41:12.817 [JavaFX Application Thread] DEBUG Engine               - JRE Vendor Name: Oracle Corporation
01:41:12.817 [JavaFX Application Thread] DEBUG Engine               - Running on OS: Windows 11 version 10.0
01:41:12.817 [JavaFX Application Thread] DEBUG Engine               - Architecture: amd64
01:41:12.817 [JavaFX Application Thread] INFO  Engine               - Source code and latest versions at: https://github.com/AlmasB/FXGL
01:41:12.817 [JavaFX Application Thread] INFO  Engine               -       Ask questions and discuss at: https://github.com/AlmasB/FXGL/discussions
01:41:12.898 [JavaFX Application Thread] DEBUG PrimaryStageWindow   - Creating a JavaFX scene
01:41:12.945 [JavaFX Application Thread] DEBUG PrimaryStageWindow   - Target settings size: 1280.0 x 720.0
01:41:12.945 [JavaFX Application Thread] DEBUG PrimaryStageWindow   - Scaled scene size:    1280.0 x 720.0
01:41:12.945 [JavaFX Application Thread] DEBUG PrimaryStageWindow   - Scaled ratio: (1.0, 1.0)
01:41:12.946 [JavaFX Application Thread] DEBUG PrimaryStageWindow   - Set initial scene to FXGLStartupScene
01:41:12.950 [JavaFX Application Thread] DEBUG PrimaryStageWindow   - Opening main window
01:41:13.045 [JavaFX Application Thread] DEBUG PrimaryStageWindow   - Window border size: (16.0, 39.0)
01:41:13.045 [JavaFX Application Thread] DEBUG PrimaryStageWindow   - Scaled size: 1280.0 x 720.0
01:41:13.045 [JavaFX Application Thread] DEBUG PrimaryStageWindow   - Scaled ratio: (1.0, 1.0)
01:41:13.046 [JavaFX Application Thread] DEBUG PrimaryStageWindow   - Scene size: 1280.0 x 720.0
01:41:13.046 [JavaFX Application Thread] DEBUG PrimaryStageWindow   - Stage size: 1296.0 x 759.0
01:41:13.057 [FXGL Background Thread 1 ] DEBUG Engine               - Initializing environment variables
01:41:13.135 [FXGL Background Thread 1 ] DEBUG FXGLAssetLoaderServi - User app class for loading assets: class org.group1.GamePackage.Application
01:41:13.136 [FXGL Background Thread 1 ] DEBUG GameApplicationServi - Applying CSS: fxgl_dark.css
01:41:13.136 [FXGL Background Thread 1 ] DEBUG FXGLAssetLoaderServi - Loading from file system: jar:file:///C:/Users/Wren/.m2/repository/com/github/almasb/fxgl/25/fxgl-25.jar!/fxglassets/ui/css/fxgl_dark.css
01:41:13.177 [FXGL Background Thread 1 ] DEBUG GameApplicationServi - Initializing application scenes
01:41:13.180 [FXGL Background Thread 1 ] DEBUG FXGLAssetLoaderServi - Loading from file system: file:/C:/Users/Wren/IdeaProjects/GameGame/target/classes/assets/textures/background.png
01:41:13.293 [FXGL Background Thread 1 ] DEBUG FXGLAssetLoaderServi - Loading from file system: file:/C:/Users/Wren/IdeaProjects/GameGame/target/classes/assets/textures/background_stars1.png
01:41:13.345 [FXGL Background Thread 1 ] DEBUG FXGLAssetLoaderServi - Loading from file system: file:/C:/Users/Wren/IdeaProjects/GameGame/target/classes/assets/textures/background_stars2.png
01:41:13.390 [FXGL Background Thread 1 ] DEBUG FXGLAssetLoaderServi - Loading from file system: file:/C:/Users/Wren/IdeaProjects/GameGame/target/classes/assets/textures/background_stars3.png
01:41:13.421 [FXGL Background Thread 1 ] DEBUG FXGLAssetLoaderServi - Loading from file system: file:/C:/Users/Wren/IdeaProjects/GameGame/target/classes/assets/textures/background_cloud1.png
01:41:13.431 [FXGL Background Thread 1 ] DEBUG FXGLAssetLoaderServi - Loading from file system: file:/C:/Users/Wren/IdeaProjects/GameGame/target/classes/assets/textures/background_cloud2.png
01:41:13.445 [FXGL Background Thread 1 ] DEBUG FXGLAssetLoaderServi - Loading from file system: file:/C:/Users/Wren/IdeaProjects/GameGame/target/classes/assets/textures/background_mist1.png
01:41:13.454 [FXGL Background Thread 1 ] DEBUG FXGLAssetLoaderServi - Loading from file system: file:/C:/Users/Wren/IdeaProjects/GameGame/target/classes/assets/textures/background_hills.png
01:41:13.475 [FXGL Background Thread 1 ] DEBUG FXGLAssetLoaderServi - Loading from file system: file:/C:/Users/Wren/IdeaProjects/GameGame/target/classes/assets/textures/background_forest.png
01:41:13.492 [FXGL Background Thread 1 ] DEBUG FXGLAssetLoaderServi - Loading from file system: file:/C:/Users/Wren/IdeaProjects/GameGame/target/classes/assets/textures/background_large_forest.png
01:41:13.587 [FXGL Background Thread 1 ] DEBUG GameWorld            - Game world initialized
01:41:13.644 [FXGL Background Thread 1 ] DEBUG PhysicsWorld         - Physics world initialized: appHeight=720, physics.ppm=50.0
01:41:13.645 [FXGL Background Thread 1 ] DEBUG PhysicsWorld         - Using strategy: BRUTE_FORCE
01:41:13.649 [FXGL Background Thread 1 ] DEBUG GameScene            - Game scene initialized: 1280x720
01:41:13.782 [FXGL Background Thread 1 ] DEBUG GameApplicationServi - Application scenes initialized
01:41:13.793 [FXGL Background Thread 1 ] DEBUG SystemBundleService  - Loading FXGL system data
01:41:13.799 [FXGL Background Thread 1 ] DEBUG FileSystemAccess     - Reading from: C:\Users\Wren\IdeaProjects\GameGame\system\fxgl.bundle
01:41:13.811 [FXGL Background Thread 1 ] DEBUG SystemBundleService  - Bundle FXGL: {}
01:41:13.811 [FXGL Background Thread 1 ] DEBUG UpdaterService       - Checking for updates
01:41:13.817 [FXGL Background Thread 4 ] DEBUG FXGLApplication      - Loading fonts
01:41:13.818 [FXGL Background Thread 1 ] DEBUG FXGLApplication      - Loading default localization
01:41:13.818 [FXGL Background Thread 4 ] DEBUG FXGLAssetLoaderServi - Loading from file system: jar:file:///C:/Users/Wren/.m2/repository/com/github/almasb/fxgl/25/fxgl-25.jar!/fxglassets/ui/fonts/VarelaRound-Regular.ttf
01:41:13.819 [FXGL Background Thread 1 ] DEBUG FXGLAssetLoaderServi - Loading from file system: jar:file:///C:/Users/Wren/.m2/repository/com/github/almasb/fxgl/25/fxgl-25.jar!/fxglassets/languages/english.lang
01:41:13.836 [FXGL Background Thread 1 ] INFO  FXGLApplication      - FXGL initialization took: 0.778 sec
01:41:13.852 [JavaFX Application Thread] DEBUG Input                - Registered new binding: Move left - A
01:41:13.852 [JavaFX Application Thread] DEBUG Input                - Registered new binding: Move right - D
01:41:13.853 [JavaFX Application Thread] DEBUG Input                - Registered new binding: Move down - S
01:41:13.853 [JavaFX Application Thread] DEBUG Input                - Registered new binding: Move up - W
01:41:13.854 [JavaFX Application Thread] DEBUG Input                - Registered new binding: Shoot - Space
01:41:13.854 [JavaFX Application Thread] DEBUG Input                - Registered new binding: Switch to Fire Bullet - Q
01:41:13.854 [JavaFX Application Thread] DEBUG Input                - Registered new binding: Switch to Ice Bullet - E
01:41:13.855 [JavaFX Application Thread] DEBUG FXGLAssetLoaderServi - Loading from file system: jar:file:///C:/Users/Wren/.m2/repository/com/github/almasb/fxgl/25/fxgl-25.jar!/fxglassets/textures/fxgl_icon.png
01:41:13.875 [FXGL Background Thread 4 ] DEBUG FXGLAssetLoaderServi - Loading from file system: jar:file:///C:/Users/Wren/.m2/repository/com/github/almasb/fxgl/25/fxgl-25.jar!/fxglassets/ui/fonts/Abel-Regular.ttf
01:41:13.876 [JavaFX Application Thread] DEBUG FXGLAssetLoaderServi - Loading from file system: jar:file:///C:/Users/Wren/.m2/repository/com/github/almasb/fxgl/25/fxgl-25.jar!/fxglassets/textures/fxgl_default_cursor.png
01:41:13.879 [JavaFX Application Thread] DEBUG Input                - Registered new binding: Screenshot - CTRL+8
01:41:13.879 [JavaFX Application Thread] DEBUG Input                - Registered new binding: System info dump - CTRL+9
01:41:13.880 [JavaFX Application Thread] DEBUG Input                - Registered new binding: Restart - CTRL+R
01:41:13.880 [FXGL Background Thread 4 ] DEBUG FXGLAssetLoaderServi - Loading from file system: jar:file:///C:/Users/Wren/.m2/repository/com/github/almasb/fxgl/25/fxgl-25.jar!/fxglassets/ui/fonts/TerminalLandMono-Regular.otf
01:41:13.881 [JavaFX Application Thread] DEBUG Input                - Registered new binding: Toggle Debug Camera - CTRL+7
01:41:13.884 [JavaFX Application Thread] DEBUG LoopRunner           - Starting loop
01:41:13.886 [JavaFX Application Thread] DEBUG LoopRunner           - Initializing JavaFX AnimationTimerLoop
01:41:13.886 [FXGL Background Thread 4 ] DEBUG FXGLAssetLoaderServi - Loading from file system: jar:file:///C:/Users/Wren/.m2/repository/com/github/almasb/fxgl/25/fxgl-25.jar!/fxglassets/ui/fonts/Courier-Prime.ttf
01:41:13.887 [JavaFX Application Thread] DEBUG Input                - Clearing active input actions
01:41:13.896 [JavaFX Application Thread] DEBUG GameApplicationServi - Removing overlay from FXGLStartupScene and adding to FXGLMainMenuDummyScene
01:41:13.897 [JavaFX Application Thread] DEBUG PrimaryStageWindow   - FXGLStartupScene -> FXGLMainMenuDummyScene
01:41:13.898 [JavaFX Application Thread] DEBUG PrimaryStageWindow   - Push state: MenuInterface
01:41:13.898 [JavaFX Application Thread] DEBUG Input                - Clearing active input actions
01:41:13.909 [JavaFX Application Thread] DEBUG GameApplicationServi - Removing overlay from FXGLMainMenuDummyScene and adding to MenuInterface
01:41:13.909 [JavaFX Application Thread] DEBUG PrimaryStageWindow   - FXGLMainMenuDummyScene -> MenuInterface
01:41:14.000 [JavaFX Application Thread] DEBUG FXGLApplication      - Registering font factories with UI factory
01:41:14.535 [JavaFX Application Thread] DEBUG GameApplicationServi - Starting new game
01:41:14.535 [JavaFX Application Thread] DEBUG PrimaryStageWindow   - Pop state: MenuInterface
01:41:14.535 [JavaFX Application Thread] DEBUG Input                - Clearing active input actions
01:41:14.536 [JavaFX Application Thread] DEBUG GameApplicationServi - Removing overlay from MenuInterface and adding to FXGLMainMenuDummyScene
01:41:14.536 [JavaFX Application Thread] DEBUG PrimaryStageWindow   - FXGLMainMenuDummyScene <- MenuInterface
01:41:14.536 [JavaFX Application Thread] DEBUG Input                - Clearing active input actions
01:41:14.540 [JavaFX Application Thread] DEBUG GameApplicationServi - Removing overlay from FXGLMainMenuDummyScene and adding to LoadingInterface
01:41:14.540 [JavaFX Application Thread] DEBUG PrimaryStageWindow   - FXGLMainMenuDummyScene -> LoadingInterface
01:41:14.541 [JavaFX Application Thread] DEBUG GameApplicationServi - Clearing previous game
01:41:14.541 [JavaFX Application Thread] DEBUG GameScene            - Clearing game scene
01:41:14.541 [JavaFX Application Thread] DEBUG GameWorld            - Clearing game world
01:41:14.541 [JavaFX Application Thread] DEBUG PhysicsWorld         - Clearing physics world
01:41:14.541 [FXGL Background Thread 4 ] DEBUG FXGLApplication      - Initializing game
01:41:14.575 [FXGL Background Thread 4 ] DEBUG FXGLAssetLoaderServi - Loading from file system: file:/C:/Users/Wren/IdeaProjects/GameGame/target/classes/assets/textures/idle_sprite.png
01:41:14.594 [FXGL Background Thread 4 ] DEBUG FXGLAssetLoaderServi - Loading from file system: file:/C:/Users/Wren/IdeaProjects/GameGame/target/classes/assets/textures/bullet_HUD_selection.png
01:41:14.602 [FXGL Background Thread 4 ] DEBUG FXGLAssetLoaderServi - Loading from file system: file:/C:/Users/Wren/IdeaProjects/GameGame/target/classes/assets/music/main_music.wav
01:41:14.703 [FXGL Background Thread 4 ] DEBUG AudioPlayer          - Playing music com.almasb.fxgl.audio.Music@497ca88b
01:41:14.715 [FXGL Background Thread 4 ] DEBUG FXGLAssetLoaderServi - Loading from file system: file:/C:/Users/Wren/IdeaProjects/GameGame/target/classes/assets/textures/lives_09.png
01:41:14.720 [FXGL Background Thread 4 ] INFO  FXGLApplication      - Game initialization took: 0.178 sec
01:41:14.726 [JavaFX Application Thread] DEBUG Input                - Clearing active input actions
01:41:14.732 [JavaFX Application Thread] DEBUG GameApplicationServi - Removing overlay from LoadingInterface and adding to GameScene
01:41:14.732 [JavaFX Application Thread] DEBUG PrimaryStageWindow   - LoadingInterface -> GameScene
01:41:15.432 [JavaFX Application Thread] DEBUG FXGLAssetLoaderServi - Loading from file system: file:/C:/Users/Wren/IdeaProjects/GameGame/target/classes/assets/textures/enemy_sprite.png
01:41:15.438 [JavaFX Application Thread] DEBUG FXGLAssetLoaderServi - Loading from file system: file:/C:/Users/Wren/IdeaProjects/GameGame/target/classes/assets/textures/explosion_sprite.png
01:41:15.881 [JavaFX Application Thread] DEBUG FXGLAssetLoaderServi - Loading from file system: file:/C:/Users/Wren/IdeaProjects/GameGame/target/classes/assets/textures/bullet_sprite.png
01:41:16.191 [JavaFX Application Thread] DEBUG FXGLAssetLoaderServi - Loading from file system: file:/C:/Users/Wren/IdeaProjects/GameGame/target/classes/assets/sounds/death_sound.wav
01:41:16.816 [FXGL Background Thread 3 ] DEBUG Engine               - Logging environment variables
01:41:16.816 [FXGL Background Thread 3 ] DEBUG Engine               - achievements: []
01:41:16.816 [FXGL Background Thread 3 ] DEBUG Engine               - actualHeight: 720.0
01:41:16.817 [FXGL Background Thread 3 ] DEBUG Engine               - actualHeightProperty: ReadOnlyDoubleProperty [value: 720.0]
01:41:16.817 [FXGL Background Thread 3 ] DEBUG Engine               - actualWidth: 1280.0
01:41:16.817 [FXGL Background Thread 3 ] DEBUG Engine               - actualWidthProperty: ReadOnlyDoubleProperty [value: 1280.0]
01:41:16.817 [FXGL Background Thread 3 ] DEBUG Engine               - appIcon: fxgl_icon.png
01:41:16.817 [FXGL Background Thread 3 ] DEBUG Engine               - applicationMode: DEVELOPER
01:41:16.817 [FXGL Background Thread 3 ] DEBUG Engine               - cSSList: [fxgl_dark.css]
01:41:16.817 [FXGL Background Thread 3 ] DEBUG Engine               - collisionDetectionStrategy: BRUTE_FORCE
01:41:16.817 [FXGL Background Thread 3 ] DEBUG Engine               - configClass: Optional.empty
01:41:16.817 [FXGL Background Thread 3 ] DEBUG Engine               - credits: []
01:41:16.817 [FXGL Background Thread 3 ] DEBUG Engine               - defaultCursor: CursorInfo(imageName=fxgl_default_cursor.png, hotspotX=7.0, hotspotY=6.0)
01:41:16.817 [FXGL Background Thread 3 ] DEBUG Engine               - devBBoxColorProperty: ObjectProperty [value: 0xff0000ff]
01:41:16.817 [FXGL Background Thread 3 ] DEBUG Engine               - devEnableDebugCameraProperty: BooleanProperty [value: false]
01:41:16.817 [FXGL Background Thread 3 ] DEBUG Engine               - devSensorColorProperty: ObjectProperty [value: 0xffff00ff]
01:41:16.817 [FXGL Background Thread 3 ] DEBUG Engine               - devShowBBoxProperty: BooleanProperty [value: false]
01:41:16.817 [FXGL Background Thread 3 ] DEBUG Engine               - devShowPositionProperty: BooleanProperty [value: false]
01:41:16.817 [FXGL Background Thread 3 ] DEBUG Engine               - enabledMenuItems: []
01:41:16.817 [FXGL Background Thread 3 ] DEBUG Engine               - engineServices: [class com.almasb.fxgl.app.services.FXGLAssetLoaderService, class com.almasb.fxgl.app.FXGLApplication$GameApplicationService, class com.almasb.fxgl.app.services.FXGLDialogService, class com.almasb.fxgl.app.services.IOTaskExecutorService, class com.almasb.fxgl.io.FileSystemService, class com.almasb.fxgl.localization.LocalizationService, class com.almasb.fxgl.app.services.SystemBundleService, class com.almasb.fxgl.profile.SaveLoadService, class com.almasb.fxgl.ui.FXGLUIFactoryServiceProvider, class com.almasb.fxgl.ui.FXGLDialogFactoryServiceProvider, class com.almasb.fxgl.audio.AudioPlayer, class com.almasb.fxgl.notification.impl.NotificationServiceProvider, class com.almasb.fxgl.achievement.AchievementService, class com.almasb.fxgl.cutscene.CutsceneService, class com.almasb.fxgl.minigames.MiniGameService, class com.almasb.fxgl.net.NetService, class com.almasb.fxgl.app.services.UpdaterService, class com.almasb.fxgl.dev.DevService]
01:41:16.817 [FXGL Background Thread 3 ] DEBUG Engine               - fontGame: Abel-Regular.ttf
01:41:16.817 [FXGL Background Thread 3 ] DEBUG Engine               - fontMono: TerminalLandMono-Regular.otf
01:41:16.817 [FXGL Background Thread 3 ] DEBUG Engine               - fontSizeScaleUI: 1.0
01:41:16.817 [FXGL Background Thread 3 ] DEBUG Engine               - fontText: Courier-Prime.ttf
01:41:16.818 [FXGL Background Thread 3 ] DEBUG Engine               - fontUI: VarelaRound-Regular.ttf
01:41:16.818 [FXGL Background Thread 3 ] DEBUG Engine               - fpsRefreshRate: 500.0 ms
01:41:16.818 [FXGL Background Thread 3 ] DEBUG Engine               - fullScreen: BooleanProperty [value: false]
01:41:16.818 [FXGL Background Thread 3 ] DEBUG Engine               - gameDifficulty: MEDIUM
01:41:16.818 [FXGL Background Thread 3 ] DEBUG Engine               - gameDifficultyProperty: ObjectProperty [value: MEDIUM]
01:41:16.818 [FXGL Background Thread 3 ] DEBUG Engine               - globalMusicVolume: 0.5
01:41:16.818 [FXGL Background Thread 3 ] DEBUG Engine               - globalMusicVolumeProperty: DoubleProperty [value: 0.5]
01:41:16.818 [FXGL Background Thread 3 ] DEBUG Engine               - globalSoundVolume: 0.5
01:41:16.818 [FXGL Background Thread 3 ] DEBUG Engine               - globalSoundVolumeProperty: DoubleProperty [value: 0.5]
01:41:16.818 [FXGL Background Thread 3 ] DEBUG Engine               - height: 720
01:41:16.818 [FXGL Background Thread 3 ] DEBUG Engine               - is3D: false
01:41:16.818 [FXGL Background Thread 3 ] DEBUG Engine               - isAndroid: false
01:41:16.818 [FXGL Background Thread 3 ] DEBUG Engine               - isBrowser: false
01:41:16.818 [FXGL Background Thread 3 ] DEBUG Engine               - isClickFeedbackEnabled: false
01:41:16.818 [FXGL Background Thread 3 ] DEBUG Engine               - isCloseConfirmation: false
01:41:16.818 [FXGL Background Thread 3 ] DEBUG Engine               - isDesktop: true
01:41:16.818 [FXGL Background Thread 3 ] DEBUG Engine               - isDeveloperMenuEnabled: false
01:41:16.818 [FXGL Background Thread 3 ] DEBUG Engine               - isEmbedded: false
01:41:16.818 [FXGL Background Thread 3 ] DEBUG Engine               - isEntityPreloadEnabled: true
01:41:16.818 [FXGL Background Thread 3 ] DEBUG Engine               - isExperimentalTiledLargeMap: false
01:41:16.818 [FXGL Background Thread 3 ] DEBUG Engine               - isFileSystemWriteAllowed: true
01:41:16.818 [FXGL Background Thread 3 ] DEBUG Engine               - isFullScreenAllowed: false
01:41:16.818 [FXGL Background Thread 3 ] DEBUG Engine               - isFullScreenFromStart: false
01:41:16.818 [FXGL Background Thread 3 ] DEBUG Engine               - isGameMenuEnabled: true
01:41:16.818 [FXGL Background Thread 3 ] DEBUG Engine               - isIOS: false
01:41:16.818 [FXGL Background Thread 3 ] DEBUG Engine               - isIntroEnabled: false
01:41:16.818 [FXGL Background Thread 3 ] DEBUG Engine               - isLinux: false
01:41:16.818 [FXGL Background Thread 3 ] DEBUG Engine               - isMac: false
01:41:16.818 [FXGL Background Thread 3 ] DEBUG Engine               - isMainMenuEnabled: true
01:41:16.818 [FXGL Background Thread 3 ] DEBUG Engine               - isManualResizeEnabled: false
01:41:16.818 [FXGL Background Thread 3 ] DEBUG Engine               - isMobile: false
01:41:16.818 [FXGL Background Thread 3 ] DEBUG Engine               - isNative: false
01:41:16.818 [FXGL Background Thread 3 ] DEBUG Engine               - isPauseMusicWhenMinimized: true
01:41:16.818 [FXGL Background Thread 3 ] DEBUG Engine               - isPreserveResizeRatio: false
01:41:16.818 [FXGL Background Thread 3 ] DEBUG Engine               - isProfilingEnabled: false
01:41:16.818 [FXGL Background Thread 3 ] DEBUG Engine               - isScaleAffectedOnResize: true
01:41:16.818 [FXGL Background Thread 3 ] DEBUG Engine               - isSingleStep: false
01:41:16.818 [FXGL Background Thread 3 ] DEBUG Engine               - isUserProfileEnabled: false
01:41:16.818 [FXGL Background Thread 3 ] DEBUG Engine               - isWindows: true
01:41:16.818 [FXGL Background Thread 3 ] DEBUG Engine               - language: ObjectProperty [value: ENGLISH]
01:41:16.818 [FXGL Background Thread 3 ] DEBUG Engine               - menuKey: ESCAPE
01:41:16.818 [FXGL Background Thread 3 ] DEBUG Engine               - mouseSensitivity: 0.2
01:41:16.818 [FXGL Background Thread 3 ] DEBUG Engine               - notificationViewClass: class com.almasb.fxgl.notification.view.XboxNotificationView
01:41:16.818 [FXGL Background Thread 3 ] DEBUG Engine               - pixelsPerMeter: 50.0
01:41:16.818 [FXGL Background Thread 3 ] DEBUG Engine               - platform: WINDOWS
01:41:16.818 [FXGL Background Thread 3 ] DEBUG Engine               - prefHeightProperty: ReadOnlyDoubleProperty [value: 720.0]
01:41:16.818 [FXGL Background Thread 3 ] DEBUG Engine               - prefWidthProperty: ReadOnlyDoubleProperty [value: 1280.0]
01:41:16.819 [FXGL Background Thread 3 ] DEBUG Engine               - profileDir: profiles/
01:41:16.819 [FXGL Background Thread 3 ] DEBUG Engine               - profileName: StringProperty [value: DEFAULT]
01:41:16.819 [FXGL Background Thread 3 ] DEBUG Engine               - randomSeed: -1
01:41:16.819 [FXGL Background Thread 3 ] DEBUG Engine               - runtimeInfo: RuntimeInfo(platform=WINDOWS, version=25, build=05.02.2026 22.57)
01:41:16.819 [FXGL Background Thread 3 ] DEBUG Engine               - saveFileExt: sav
01:41:16.819 [FXGL Background Thread 3 ] DEBUG Engine               - scaledHeightProp$fxgl: DoubleProperty [bound, value: 720.0]
01:41:16.819 [FXGL Background Thread 3 ] DEBUG Engine               - scaledWidthProp$fxgl: DoubleProperty [bound, value: 1280.0]
01:41:16.819 [FXGL Background Thread 3 ] DEBUG Engine               - sceneFactory: org.group1.GamePackage.Factory.MainSceneFactory@1c5cccd3
01:41:16.819 [FXGL Background Thread 3 ] DEBUG Engine               - secondsIn24h: 60
01:41:16.819 [FXGL Background Thread 3 ] DEBUG Engine               - soundMenuBack: menu/back.wav
01:41:16.819 [FXGL Background Thread 3 ] DEBUG Engine               - soundMenuPress: menu/press.wav
01:41:16.819 [FXGL Background Thread 3 ] DEBUG Engine               - soundMenuSelect: menu/select.wav
01:41:16.819 [FXGL Background Thread 3 ] DEBUG Engine               - soundNotification: core/notification.wav
01:41:16.819 [FXGL Background Thread 3 ] DEBUG Engine               - stageStyle: DECORATED
01:41:16.819 [FXGL Background Thread 3 ] DEBUG Engine               - supportedLanguages: [ENGLISH, FRENCH, GERMAN, HUNGARIAN, RUSSIAN]
01:41:16.820 [FXGL Background Thread 3 ] DEBUG Engine               - ticksPerSecond: -1
01:41:16.820 [FXGL Background Thread 3 ] DEBUG Engine               - title: Untitled
01:41:16.820 [FXGL Background Thread 3 ] DEBUG Engine               - urlGithub: https://github.com/AlmasB/FXGL
01:41:16.820 [FXGL Background Thread 3 ] DEBUG Engine               - urlLeaderboard: http://fxgl-top.herokuapp.com/
01:41:16.820 [FXGL Background Thread 3 ] DEBUG Engine               - urlPOM: https://raw.githubusercontent.com/AlmasB/FXGL/release/README.md
01:41:16.820 [FXGL Background Thread 3 ] DEBUG Engine               - userAppClass: class org.group1.GamePackage.Application
01:41:16.820 [FXGL Background Thread 3 ] DEBUG Engine               - version: 0.0
01:41:16.820 [FXGL Background Thread 3 ] DEBUG Engine               - versionCheckDays: 7
01:41:16.820 [FXGL Background Thread 3 ] DEBUG Engine               - width: 1280
01:41:16.820 [FXGL Background Thread 3 ] DEBUG Engine               - Logging services
01:41:16.820 [FXGL Background Thread 3 ] DEBUG Engine               - class com.almasb.fxgl.app.services.FXGLAssetLoaderService
01:41:16.820 [FXGL Background Thread 3 ] DEBUG Engine               - class com.almasb.fxgl.app.FXGLApplication$GameApplicationService
01:41:16.820 [FXGL Background Thread 3 ] DEBUG Engine               - class com.almasb.fxgl.app.services.FXGLDialogService
01:41:16.820 [FXGL Background Thread 3 ] DEBUG Engine               - class com.almasb.fxgl.app.services.IOTaskExecutorService
01:41:16.820 [FXGL Background Thread 3 ] DEBUG Engine               - class com.almasb.fxgl.io.FileSystemService
01:41:16.820 [FXGL Background Thread 3 ] DEBUG Engine               - class com.almasb.fxgl.localization.LocalizationService
01:41:16.820 [FXGL Background Thread 3 ] DEBUG Engine               - class com.almasb.fxgl.app.services.SystemBundleService
01:41:16.820 [FXGL Background Thread 3 ] DEBUG Engine               - class com.almasb.fxgl.profile.SaveLoadService
01:41:16.820 [FXGL Background Thread 3 ] DEBUG Engine               - class com.almasb.fxgl.ui.FXGLUIFactoryServiceProvider
01:41:16.820 [FXGL Background Thread 3 ] DEBUG Engine               - class com.almasb.fxgl.ui.FXGLDialogFactoryServiceProvider
01:41:16.820 [FXGL Background Thread 3 ] DEBUG Engine               - class com.almasb.fxgl.audio.AudioPlayer
01:41:16.820 [FXGL Background Thread 3 ] DEBUG Engine               - class com.almasb.fxgl.notification.impl.NotificationServiceProvider
01:41:16.820 [FXGL Background Thread 3 ] DEBUG Engine               - class com.almasb.fxgl.achievement.AchievementService
01:41:16.820 [FXGL Background Thread 3 ] DEBUG Engine               - class com.almasb.fxgl.cutscene.CutsceneService
01:41:16.820 [FXGL Background Thread 3 ] DEBUG Engine               - class com.almasb.fxgl.minigames.MiniGameService
01:41:16.820 [FXGL Background Thread 3 ] DEBUG Engine               - class com.almasb.fxgl.net.NetService
01:41:16.820 [FXGL Background Thread 3 ] DEBUG Engine               - class com.almasb.fxgl.app.services.UpdaterService
01:41:16.820 [FXGL Background Thread 3 ] DEBUG Engine               - class com.almasb.fxgl.dev.DevService
01:41:18.515 [JavaFX Application Thread] DEBUG FXGLAssetLoaderServi - Loading from file system: file:/C:/Users/Wren/IdeaProjects/GameGame/target/classes/assets/textures/heart_sprite.png
01:41:18.521 [JavaFX Application Thread] DEBUG FXGLAssetLoaderServi - Loading from file system: file:/C:/Users/Wren/IdeaProjects/GameGame/target/classes/assets/textures/heart_explode_sprite.png
01:41:19.793 [JavaFX Application Thread] DEBUG FXGLAssetLoaderServi - Loading from file system: file:/C:/Users/Wren/IdeaProjects/GameGame/target/classes/assets/sounds/heart_gain.wav
01:41:21.537 [JavaFX Application Thread] DEBUG FXGLApplication      - Exiting FXGL
01:41:21.537 [JavaFX Application Thread] DEBUG LoopRunner           - Stopping loop
01:41:21.537 [JavaFX Application Thread] DEBUG SystemBundleService  - Saving FXGL system data
01:41:21.541 [JavaFX Application Thread] DEBUG FileSystemAccess     - Writing to: C:\Users\Wren\IdeaProjects\GameGame\system\fxgl.bundle
01:41:21.543 [JavaFX Application Thread] DEBUG Async                - Shutting down background threads
01:41:21.544 [JavaFX Application Thread] DEBUG PrimaryStageWindow   - Closing main window
01:41:21.558 [JavaFX Application Thread] DEBUG Logger               - Closing Logger
