14:54:32.605 [main                     ] DEBUG Logger               - Configured Logger
14:54:32.611 [main                     ] DEBUG GameApplication      - Logging settings
Title: Untitled
Version: 0.0
Width: 1280
Height: 720
Fullscreen: false
Intro: false
Profiling: false
Single step:false
App Mode: DEVELOPER
Menu Key: ESCAPE
Stage Style: DECORATED
Scene Factory: class com.almasb.fxgl.app.scene.SceneFactory

14:54:32.804 [JavaFX Application Thread] DEBUG FXGLApplication      - Initializing FXGL
14:54:32.808 [JavaFX Application Thread] INFO  Engine               - FXGL-25 (05.02.2026 22.57) on LINUX (J:25.0.2 FX:21.0.6)
14:54:32.808 [JavaFX Application Thread] DEBUG Engine               - JRE Vendor Name: Arch Linux
14:54:32.808 [JavaFX Application Thread] DEBUG Engine               - Running on OS: Linux version 6.18.9-arch1-2
14:54:32.808 [JavaFX Application Thread] DEBUG Engine               - Architecture: amd64
14:54:32.809 [JavaFX Application Thread] INFO  Engine               - Source code and latest versions at: https://github.com/AlmasB/FXGL
14:54:32.809 [JavaFX Application Thread] INFO  Engine               -       Ask questions and discuss at: https://github.com/AlmasB/FXGL/discussions
14:54:32.882 [JavaFX Application Thread] DEBUG PrimaryStageWindow   - Creating a JavaFX scene
14:54:32.964 [JavaFX Application Thread] DEBUG PrimaryStageWindow   - Target settings size: 1280.0 x 720.0
14:54:32.965 [JavaFX Application Thread] DEBUG PrimaryStageWindow   - Scaled scene size:    1280.0 x 720.0
14:54:32.965 [JavaFX Application Thread] DEBUG PrimaryStageWindow   - Scaled ratio: (1.0, 1.0)
14:54:32.965 [JavaFX Application Thread] DEBUG PrimaryStageWindow   - Set initial scene to FXGLStartupScene
14:54:32.968 [JavaFX Application Thread] DEBUG PrimaryStageWindow   - Opening main window
14:54:33.034 [JavaFX Application Thread] DEBUG PrimaryStageWindow   - Window border size: (0.0, 35.0)
14:54:33.034 [JavaFX Application Thread] DEBUG PrimaryStageWindow   - Scaled size: 1280.0 x 685.0
14:54:33.034 [JavaFX Application Thread] DEBUG PrimaryStageWindow   - Scaled ratio: (1.0, 0.9513888888888888)
14:54:33.034 [JavaFX Application Thread] DEBUG PrimaryStageWindow   - Scene size: 1280.0 x 720.0
14:54:33.034 [JavaFX Application Thread] DEBUG PrimaryStageWindow   - Stage size: 1280.0 x 720.0
14:54:33.040 [FXGL Background Thread 1 ] DEBUG Engine               - Initializing environment variables
14:54:33.104 [FXGL Background Thread 1 ] DEBUG FXGLAssetLoaderServi - User app class for loading assets: class TestPackage.BasicGameSample
14:54:33.105 [FXGL Background Thread 1 ] DEBUG GameApplicationServi - Applying CSS: fxgl_dark.css
14:54:33.106 [FXGL Background Thread 1 ] DEBUG FXGLAssetLoaderServi - Loading from file system: jar:file:///home/me/.m2/repository/com/github/almasb/fxgl/25/fxgl-25.jar!/fxglassets/ui/css/fxgl_dark.css
14:54:33.157 [FXGL Background Thread 1 ] DEBUG GameApplicationServi - Initializing application scenes
14:54:33.206 [FXGL Background Thread 1 ] DEBUG GameWorld            - Game world initialized
14:54:33.263 [FXGL Background Thread 1 ] DEBUG PhysicsWorld         - Physics world initialized: appHeight=720, physics.ppm=50.0
14:54:33.264 [FXGL Background Thread 1 ] DEBUG PhysicsWorld         - Using strategy: BRUTE_FORCE
14:54:33.269 [FXGL Background Thread 1 ] DEBUG GameScene            - Game scene initialized: 1280x720
14:54:33.284 [FXGL Background Thread 1 ] DEBUG FXGL.DefaultMenu     - createMenuBodyGameMenu()
14:54:33.297 [FXGL Background Thread 1 ] DEBUG FXGL.DefaultMenu     - createOptionsMenu()
14:54:33.307 [FXGL Background Thread 1 ] DEBUG FXGLAssetLoaderServi - Loading from file system: jar:file:///home/me/.m2/repository/com/github/almasb/fxgl/25/fxgl-25.jar!/fxglassets/textures/particles/smoke.png
14:54:33.402 [FXGL Background Thread 1 ] DEBUG FXGLAssetLoaderServi - Loading from file system: jar:file:///home/me/.m2/repository/com/github/almasb/fxgl/25/fxgl-25.jar!/fxglassets/textures/particles/trace_horizontal.png
14:54:33.435 [FXGL Background Thread 1 ] DEBUG GameApplicationServi - Application scenes initialized
14:54:33.450 [FXGL Background Thread 1 ] DEBUG SystemBundleService  - Loading FXGL system data
14:54:33.453 [FXGL Background Thread 1 ] DEBUG FileSystemAccess     - Reading from: /home/me/ComProg_Project/system/fxgl.bundle
14:54:33.461 [FXGL Background Thread 1 ] DEBUG SystemBundleService  - Bundle FXGL: {}
14:54:33.461 [FXGL Background Thread 1 ] DEBUG UpdaterService       - Checking for updates
14:54:33.466 [FXGL Background Thread 4 ] DEBUG FXGLApplication      - Loading fonts
14:54:33.467 [FXGL Background Thread 4 ] DEBUG FXGLAssetLoaderServi - Loading from file system: jar:file:///home/me/.m2/repository/com/github/almasb/fxgl/25/fxgl-25.jar!/fxglassets/ui/fonts/VarelaRound-Regular.ttf
14:54:33.467 [FXGL Background Thread 1 ] DEBUG FXGLApplication      - Loading default localization
14:54:33.468 [FXGL Background Thread 1 ] DEBUG FXGLAssetLoaderServi - Loading from file system: jar:file:///home/me/.m2/repository/com/github/almasb/fxgl/25/fxgl-25.jar!/fxglassets/languages/english.lang
14:54:33.474 [FXGL Background Thread 4 ] DEBUG FXGLAssetLoaderServi - Loading from file system: jar:file:///home/me/.m2/repository/com/github/almasb/fxgl/25/fxgl-25.jar!/fxglassets/ui/fonts/Abel-Regular.ttf
14:54:33.476 [FXGL Background Thread 4 ] DEBUG FXGLAssetLoaderServi - Loading from file system: jar:file:///home/me/.m2/repository/com/github/almasb/fxgl/25/fxgl-25.jar!/fxglassets/ui/fonts/TerminalLandMono-Regular.otf
14:54:33.479 [FXGL Background Thread 4 ] DEBUG FXGLAssetLoaderServi - Loading from file system: jar:file:///home/me/.m2/repository/com/github/almasb/fxgl/25/fxgl-25.jar!/fxglassets/ui/fonts/Courier-Prime.ttf
14:54:33.484 [JavaFX Application Thread] DEBUG FXGLApplication      - Registering font factories with UI factory
14:54:33.484 [FXGL Background Thread 1 ] INFO  FXGLApplication      - FXGL initialization took: 0.444 sec
14:54:33.497 [JavaFX Application Thread] DEBUG Input                - Registered new binding: Shoot - Space
14:54:33.497 [JavaFX Application Thread] DEBUG Input                - Registered new binding: Move up - W
14:54:33.498 [JavaFX Application Thread] DEBUG Input                - Registered new binding: Move down - S
14:54:33.498 [JavaFX Application Thread] DEBUG Input                - Registered new binding: Move left - A
14:54:33.498 [JavaFX Application Thread] DEBUG Input                - Registered new binding: Move right - D
14:54:33.498 [JavaFX Application Thread] DEBUG FXGLAssetLoaderServi - Loading from file system: jar:file:///home/me/.m2/repository/com/github/almasb/fxgl/25/fxgl-25.jar!/fxglassets/textures/fxgl_icon.png
14:54:33.530 [JavaFX Application Thread] DEBUG FXGLAssetLoaderServi - Loading from file system: jar:file:///home/me/.m2/repository/com/github/almasb/fxgl/25/fxgl-25.jar!/fxglassets/textures/fxgl_default_cursor.png
14:54:33.531 [JavaFX Application Thread] DEBUG Input                - Registered new binding: Screenshot - CTRL+8
14:54:33.532 [JavaFX Application Thread] DEBUG Input                - Registered new binding: System info dump - CTRL+9
14:54:33.532 [JavaFX Application Thread] DEBUG Input                - Registered new binding: Restart - CTRL+R
14:54:33.533 [JavaFX Application Thread] DEBUG Input                - Registered new binding: Toggle Debug Camera - CTRL+7
14:54:33.535 [JavaFX Application Thread] DEBUG LoopRunner           - Starting loop
14:54:33.535 [JavaFX Application Thread] DEBUG LoopRunner           - Initializing JavaFX AnimationTimerLoop
14:54:33.535 [JavaFX Application Thread] DEBUG GameApplicationServi - Starting new game
14:54:33.536 [JavaFX Application Thread] DEBUG Input                - Clearing active input actions
14:54:33.551 [JavaFX Application Thread] DEBUG GameApplicationServi - Removing overlay from FXGLStartupScene and adding to FXGLLoadingScene
14:54:33.551 [JavaFX Application Thread] DEBUG PrimaryStageWindow   - FXGLStartupScene -> FXGLLoadingScene
14:54:33.551 [JavaFX Application Thread] DEBUG GameApplicationServi - Clearing previous game
14:54:33.552 [JavaFX Application Thread] DEBUG GameScene            - Clearing game scene
14:54:33.552 [JavaFX Application Thread] DEBUG GameWorld            - Clearing game world
14:54:33.552 [JavaFX Application Thread] DEBUG PhysicsWorld         - Clearing physics world
14:54:33.553 [FXGL Background Thread 1 ] DEBUG FXGLApplication      - Initializing game
14:54:33.566 [FXGL Background Thread 1 ] DEBUG FXGLAssetLoaderServi - Loading from file system: file:/home/me/ComProg_Project/target/classes/assets/textures/idle_sprite.png
14:54:33.573 [FXGL Background Thread 1 ] DEBUG FXGLAssetLoaderServi - Loading from file system: file:/home/me/ComProg_Project/target/classes/assets/textures/down_sprite.png
14:54:33.578 [FXGL Background Thread 1 ] DEBUG FXGLAssetLoaderServi - Loading from file system: file:/home/me/ComProg_Project/target/classes/assets/textures/up_sprite.png
14:54:33.604 [FXGL Background Thread 1 ] INFO  FXGLApplication      - Game initialization took: 0.051 sec
14:54:33.698 [JavaFX Application Thread] DEBUG Input                - Clearing active input actions
14:54:33.709 [JavaFX Application Thread] DEBUG GameApplicationServi - Removing overlay from FXGLLoadingScene and adding to GameScene
14:54:33.710 [JavaFX Application Thread] DEBUG PrimaryStageWindow   - FXGLLoadingScene -> GameScene
14:54:34.176 [JavaFX Application Thread] DEBUG FXGLAssetLoaderServi - Loading from file system: file:/home/me/ComProg_Project/target/classes/assets/textures/bullet_sprite.png
14:54:36.465 [FXGL Background Thread 3 ] DEBUG Engine               - Logging environment variables
14:54:36.466 [FXGL Background Thread 3 ] DEBUG Engine               - achievements: []
14:54:36.466 [FXGL Background Thread 3 ] DEBUG Engine               - actualHeight: 685.0
14:54:36.467 [FXGL Background Thread 3 ] DEBUG Engine               - actualHeightProperty: ReadOnlyDoubleProperty [value: 685.0]
14:54:36.467 [FXGL Background Thread 3 ] DEBUG Engine               - actualWidth: 1280.0
14:54:36.467 [FXGL Background Thread 3 ] DEBUG Engine               - actualWidthProperty: ReadOnlyDoubleProperty [value: 1280.0]
14:54:36.468 [FXGL Background Thread 3 ] DEBUG Engine               - appIcon: fxgl_icon.png
14:54:36.468 [FXGL Background Thread 3 ] DEBUG Engine               - applicationMode: DEVELOPER
14:54:36.469 [FXGL Background Thread 3 ] DEBUG Engine               - cSSList: [fxgl_dark.css]
14:54:36.469 [FXGL Background Thread 3 ] DEBUG Engine               - collisionDetectionStrategy: BRUTE_FORCE
14:54:36.469 [FXGL Background Thread 3 ] DEBUG Engine               - configClass: Optional.empty
14:54:36.470 [FXGL Background Thread 3 ] DEBUG Engine               - credits: []
14:54:36.470 [FXGL Background Thread 3 ] DEBUG Engine               - defaultCursor: CursorInfo(imageName=fxgl_default_cursor.png, hotspotX=7.0, hotspotY=6.0)
14:54:36.471 [FXGL Background Thread 3 ] DEBUG Engine               - devBBoxColorProperty: ObjectProperty [value: 0xff0000ff]
14:54:36.472 [FXGL Background Thread 3 ] DEBUG Engine               - devEnableDebugCameraProperty: BooleanProperty [value: false]
14:54:36.472 [FXGL Background Thread 3 ] DEBUG Engine               - devSensorColorProperty: ObjectProperty [value: 0xffff00ff]
14:54:36.473 [FXGL Background Thread 3 ] DEBUG Engine               - devShowBBoxProperty: BooleanProperty [value: false]
14:54:36.473 [FXGL Background Thread 3 ] DEBUG Engine               - devShowPositionProperty: BooleanProperty [value: false]
14:54:36.473 [FXGL Background Thread 3 ] DEBUG Engine               - enabledMenuItems: []
14:54:36.474 [FXGL Background Thread 3 ] DEBUG Engine               - engineServices: [class com.almasb.fxgl.app.services.FXGLAssetLoaderService, class com.almasb.fxgl.app.FXGLApplication$GameApplicationService, class com.almasb.fxgl.app.services.FXGLDialogService, class com.almasb.fxgl.app.services.IOTaskExecutorService, class com.almasb.fxgl.io.FileSystemService, class com.almasb.fxgl.localization.LocalizationService, class com.almasb.fxgl.app.services.SystemBundleService, class com.almasb.fxgl.profile.SaveLoadService, class com.almasb.fxgl.ui.FXGLUIFactoryServiceProvider, class com.almasb.fxgl.ui.FXGLDialogFactoryServiceProvider, class com.almasb.fxgl.audio.AudioPlayer, class com.almasb.fxgl.notification.impl.NotificationServiceProvider, class com.almasb.fxgl.achievement.AchievementService, class com.almasb.fxgl.cutscene.CutsceneService, class com.almasb.fxgl.minigames.MiniGameService, class com.almasb.fxgl.net.NetService, class com.almasb.fxgl.app.services.UpdaterService, class com.almasb.fxgl.dev.DevService]
14:54:36.474 [FXGL Background Thread 3 ] DEBUG Engine               - fontGame: Abel-Regular.ttf
14:54:36.474 [FXGL Background Thread 3 ] DEBUG Engine               - fontMono: TerminalLandMono-Regular.otf
14:54:36.475 [FXGL Background Thread 3 ] DEBUG Engine               - fontSizeScaleUI: 1.0
14:54:36.475 [FXGL Background Thread 3 ] DEBUG Engine               - fontText: Courier-Prime.ttf
14:54:36.475 [FXGL Background Thread 3 ] DEBUG Engine               - fontUI: VarelaRound-Regular.ttf
14:54:36.476 [FXGL Background Thread 3 ] DEBUG Engine               - fpsRefreshRate: 500.0 ms
14:54:36.476 [FXGL Background Thread 3 ] DEBUG Engine               - fullScreen: BooleanProperty [value: false]
14:54:36.476 [FXGL Background Thread 3 ] DEBUG Engine               - gameDifficulty: MEDIUM
14:54:36.477 [FXGL Background Thread 3 ] DEBUG Engine               - gameDifficultyProperty: ObjectProperty [value: MEDIUM]
14:54:36.477 [FXGL Background Thread 3 ] DEBUG Engine               - globalMusicVolume: 0.5
14:54:36.477 [FXGL Background Thread 3 ] DEBUG Engine               - globalMusicVolumeProperty: DoubleProperty [value: 0.5]
14:54:36.478 [FXGL Background Thread 3 ] DEBUG Engine               - globalSoundVolume: 0.5
14:54:36.478 [FXGL Background Thread 3 ] DEBUG Engine               - globalSoundVolumeProperty: DoubleProperty [value: 0.5]
14:54:36.478 [FXGL Background Thread 3 ] DEBUG Engine               - height: 720
14:54:36.479 [FXGL Background Thread 3 ] DEBUG Engine               - is3D: false
14:54:36.479 [FXGL Background Thread 3 ] DEBUG Engine               - isAndroid: false
14:54:36.479 [FXGL Background Thread 3 ] DEBUG Engine               - isBrowser: false
14:54:36.479 [FXGL Background Thread 3 ] DEBUG Engine               - isClickFeedbackEnabled: false
14:54:36.480 [FXGL Background Thread 3 ] DEBUG Engine               - isCloseConfirmation: false
14:54:36.480 [FXGL Background Thread 3 ] DEBUG Engine               - isDesktop: true
14:54:36.480 [FXGL Background Thread 3 ] DEBUG Engine               - isDeveloperMenuEnabled: false
14:54:36.480 [FXGL Background Thread 3 ] DEBUG Engine               - isEmbedded: false
14:54:36.480 [FXGL Background Thread 3 ] DEBUG Engine               - isEntityPreloadEnabled: true
14:54:36.481 [FXGL Background Thread 3 ] DEBUG Engine               - isExperimentalTiledLargeMap: false
14:54:36.481 [FXGL Background Thread 3 ] DEBUG Engine               - isFileSystemWriteAllowed: true
14:54:36.481 [FXGL Background Thread 3 ] DEBUG Engine               - isFullScreenAllowed: false
14:54:36.481 [FXGL Background Thread 3 ] DEBUG Engine               - isFullScreenFromStart: false
14:54:36.481 [FXGL Background Thread 3 ] DEBUG Engine               - isGameMenuEnabled: true
14:54:36.482 [FXGL Background Thread 3 ] DEBUG Engine               - isIOS: false
14:54:36.482 [FXGL Background Thread 3 ] DEBUG Engine               - isIntroEnabled: false
14:54:36.482 [FXGL Background Thread 3 ] DEBUG Engine               - isLinux: true
14:54:36.482 [FXGL Background Thread 3 ] DEBUG Engine               - isMac: false
14:54:36.483 [FXGL Background Thread 3 ] DEBUG Engine               - isMainMenuEnabled: false
14:54:36.483 [FXGL Background Thread 3 ] DEBUG Engine               - isManualResizeEnabled: false
14:54:36.483 [FXGL Background Thread 3 ] DEBUG Engine               - isMobile: false
14:54:36.484 [FXGL Background Thread 3 ] DEBUG Engine               - isNative: false
14:54:36.484 [FXGL Background Thread 3 ] DEBUG Engine               - isPauseMusicWhenMinimized: true
14:54:36.484 [FXGL Background Thread 3 ] DEBUG Engine               - isPreserveResizeRatio: false
14:54:36.484 [FXGL Background Thread 3 ] DEBUG Engine               - isProfilingEnabled: false
14:54:36.484 [FXGL Background Thread 3 ] DEBUG Engine               - isScaleAffectedOnResize: true
14:54:36.485 [FXGL Background Thread 3 ] DEBUG Engine               - isSingleStep: false
14:54:36.485 [FXGL Background Thread 3 ] DEBUG Engine               - isUserProfileEnabled: false
14:54:36.485 [FXGL Background Thread 3 ] DEBUG Engine               - isWindows: false
14:54:36.485 [FXGL Background Thread 3 ] DEBUG Engine               - language: ObjectProperty [value: ENGLISH]
14:54:36.486 [FXGL Background Thread 3 ] DEBUG Engine               - menuKey: ESCAPE
14:54:36.486 [FXGL Background Thread 3 ] DEBUG Engine               - mouseSensitivity: 0.2
14:54:36.486 [FXGL Background Thread 3 ] DEBUG Engine               - notificationViewClass: class com.almasb.fxgl.notification.view.XboxNotificationView
14:54:36.486 [FXGL Background Thread 3 ] DEBUG Engine               - pixelsPerMeter: 50.0
14:54:36.487 [FXGL Background Thread 3 ] DEBUG Engine               - platform: LINUX
14:54:36.487 [FXGL Background Thread 3 ] DEBUG Engine               - prefHeightProperty: ReadOnlyDoubleProperty [value: 720.0]
14:54:36.488 [FXGL Background Thread 3 ] DEBUG Engine               - prefWidthProperty: ReadOnlyDoubleProperty [value: 1280.0]
14:54:36.488 [FXGL Background Thread 3 ] DEBUG Engine               - profileDir: profiles/
14:54:36.488 [FXGL Background Thread 3 ] DEBUG Engine               - profileName: StringProperty [value: DEFAULT]
14:54:36.488 [FXGL Background Thread 3 ] DEBUG Engine               - randomSeed: -1
14:54:36.489 [FXGL Background Thread 3 ] DEBUG Engine               - runtimeInfo: RuntimeInfo(platform=LINUX, version=25, build=05.02.2026 22.57)
14:54:36.489 [FXGL Background Thread 3 ] DEBUG Engine               - saveFileExt: sav
14:54:36.489 [FXGL Background Thread 3 ] DEBUG Engine               - scaledHeightProp$fxgl: DoubleProperty [bound, value: 685.0]
14:54:36.490 [FXGL Background Thread 3 ] DEBUG Engine               - scaledWidthProp$fxgl: DoubleProperty [bound, value: 1280.0]
14:54:36.490 [FXGL Background Thread 3 ] DEBUG Engine               - sceneFactory: com.almasb.fxgl.app.scene.SceneFactory@42fc171d
14:54:36.490 [FXGL Background Thread 3 ] DEBUG Engine               - secondsIn24h: 60
14:54:36.490 [FXGL Background Thread 3 ] DEBUG Engine               - soundMenuBack: menu/back.wav
14:54:36.491 [FXGL Background Thread 3 ] DEBUG Engine               - soundMenuPress: menu/press.wav
14:54:36.491 [FXGL Background Thread 3 ] DEBUG Engine               - soundMenuSelect: menu/select.wav
14:54:36.491 [FXGL Background Thread 3 ] DEBUG Engine               - soundNotification: core/notification.wav
14:54:36.491 [FXGL Background Thread 3 ] DEBUG Engine               - stageStyle: DECORATED
14:54:36.491 [FXGL Background Thread 3 ] DEBUG Engine               - supportedLanguages: [ENGLISH, FRENCH, GERMAN, HUNGARIAN, RUSSIAN]
14:54:36.491 [FXGL Background Thread 3 ] DEBUG Engine               - ticksPerSecond: -1
14:54:36.491 [FXGL Background Thread 3 ] DEBUG Engine               - title: Untitled
14:54:36.491 [FXGL Background Thread 3 ] DEBUG Engine               - urlGithub: https://github.com/AlmasB/FXGL
14:54:36.491 [FXGL Background Thread 3 ] DEBUG Engine               - urlLeaderboard: http://fxgl-top.herokuapp.com/
14:54:36.492 [FXGL Background Thread 3 ] DEBUG Engine               - urlPOM: https://raw.githubusercontent.com/AlmasB/FXGL/release/README.md
14:54:36.492 [FXGL Background Thread 3 ] DEBUG Engine               - userAppClass: class TestPackage.BasicGameSample
14:54:36.492 [FXGL Background Thread 3 ] DEBUG Engine               - version: 0.0
14:54:36.492 [FXGL Background Thread 3 ] DEBUG Engine               - versionCheckDays: 7
14:54:36.492 [FXGL Background Thread 3 ] DEBUG Engine               - width: 1280
14:54:36.492 [FXGL Background Thread 3 ] DEBUG Engine               - Logging services
14:54:36.492 [FXGL Background Thread 3 ] DEBUG Engine               - class com.almasb.fxgl.app.services.FXGLAssetLoaderService
14:54:36.492 [FXGL Background Thread 3 ] DEBUG Engine               - class com.almasb.fxgl.app.FXGLApplication$GameApplicationService
14:54:36.492 [FXGL Background Thread 3 ] DEBUG Engine               - class com.almasb.fxgl.app.services.FXGLDialogService
14:54:36.493 [FXGL Background Thread 3 ] DEBUG Engine               - class com.almasb.fxgl.app.services.IOTaskExecutorService
14:54:36.493 [FXGL Background Thread 3 ] DEBUG Engine               - class com.almasb.fxgl.io.FileSystemService
14:54:36.493 [FXGL Background Thread 3 ] DEBUG Engine               - class com.almasb.fxgl.localization.LocalizationService
14:54:36.493 [FXGL Background Thread 3 ] DEBUG Engine               - class com.almasb.fxgl.app.services.SystemBundleService
14:54:36.493 [FXGL Background Thread 3 ] DEBUG Engine               - class com.almasb.fxgl.profile.SaveLoadService
14:54:36.493 [FXGL Background Thread 3 ] DEBUG Engine               - class com.almasb.fxgl.ui.FXGLUIFactoryServiceProvider
14:54:36.493 [FXGL Background Thread 3 ] DEBUG Engine               - class com.almasb.fxgl.ui.FXGLDialogFactoryServiceProvider
14:54:36.493 [FXGL Background Thread 3 ] DEBUG Engine               - class com.almasb.fxgl.audio.AudioPlayer
14:54:36.493 [FXGL Background Thread 3 ] DEBUG Engine               - class com.almasb.fxgl.notification.impl.NotificationServiceProvider
14:54:36.493 [FXGL Background Thread 3 ] DEBUG Engine               - class com.almasb.fxgl.achievement.AchievementService
14:54:36.493 [FXGL Background Thread 3 ] DEBUG Engine               - class com.almasb.fxgl.cutscene.CutsceneService
14:54:36.493 [FXGL Background Thread 3 ] DEBUG Engine               - class com.almasb.fxgl.minigames.MiniGameService
14:54:36.493 [FXGL Background Thread 3 ] DEBUG Engine               - class com.almasb.fxgl.net.NetService
14:54:36.493 [FXGL Background Thread 3 ] DEBUG Engine               - class com.almasb.fxgl.app.services.UpdaterService
14:54:36.493 [FXGL Background Thread 3 ] DEBUG Engine               - class com.almasb.fxgl.dev.DevService
14:55:05.565 [JavaFX Application Thread] DEBUG FXGLApplication      - Exiting FXGL
14:55:05.565 [JavaFX Application Thread] DEBUG LoopRunner           - Stopping loop
14:55:05.565 [JavaFX Application Thread] DEBUG SystemBundleService  - Saving FXGL system data
14:55:05.568 [JavaFX Application Thread] DEBUG FileSystemAccess     - Writing to: /home/me/ComProg_Project/system/fxgl.bundle
14:55:05.571 [JavaFX Application Thread] DEBUG Async                - Shutting down background threads
14:55:05.571 [JavaFX Application Thread] DEBUG PrimaryStageWindow   - Closing main window
14:55:05.575 [JavaFX Application Thread] DEBUG Logger               - Closing Logger
