00:22:45.163 [main                     ] DEBUG Logger               - Configured Logger
00:22:45.179 [main                     ] DEBUG GameApplication      - Logging settings
Title: Untitled
Version: 0.0
Width: 1280
Height: 720
Fullscreen: false
Intro: false
Profiling: false
Single step:false
App Mode: DEVELOPER
Menu Key: ESCAPE
Stage Style: DECORATED
Scene Factory: class org.group1.GamePackage.Factory.MainSceneFactory

00:22:45.937 [JavaFX Application Thread] DEBUG FXGLApplication      - Initializing FXGL
00:22:45.945 [JavaFX Application Thread] INFO  Engine               - FXGL-25 (05.02.2026 22.57) on WINDOWS (J:25.0.1 FX:21.0.6)
00:22:45.945 [JavaFX Application Thread] DEBUG Engine               - JRE Vendor Name: Oracle Corporation
00:22:45.946 [JavaFX Application Thread] DEBUG Engine               - Running on OS: Windows 11 version 10.0
00:22:45.946 [JavaFX Application Thread] DEBUG Engine               - Architecture: amd64
00:22:45.946 [JavaFX Application Thread] INFO  Engine               - Source code and latest versions at: https://github.com/AlmasB/FXGL
00:22:45.947 [JavaFX Application Thread] INFO  Engine               -       Ask questions and discuss at: https://github.com/AlmasB/FXGL/discussions
00:22:46.162 [JavaFX Application Thread] DEBUG PrimaryStageWindow   - Creating a JavaFX scene
00:22:46.242 [JavaFX Application Thread] DEBUG PrimaryStageWindow   - Target settings size: 1280.0 x 720.0
00:22:46.242 [JavaFX Application Thread] DEBUG PrimaryStageWindow   - Scaled scene size:    1280.0 x 720.0
00:22:46.242 [JavaFX Application Thread] DEBUG PrimaryStageWindow   - Scaled ratio: (1.0, 1.0)
00:22:46.244 [JavaFX Application Thread] DEBUG PrimaryStageWindow   - Set initial scene to FXGLStartupScene
00:22:46.250 [JavaFX Application Thread] DEBUG PrimaryStageWindow   - Opening main window
00:22:46.429 [JavaFX Application Thread] DEBUG PrimaryStageWindow   - Window border size: (14.6666259765625, 37.33331298828125)
00:22:46.430 [JavaFX Application Thread] DEBUG PrimaryStageWindow   - Scaled size: 1280.0 x 720.0
00:22:46.430 [JavaFX Application Thread] DEBUG PrimaryStageWindow   - Scaled ratio: (1.0, 1.0)
00:22:46.431 [JavaFX Application Thread] DEBUG PrimaryStageWindow   - Scene size: 1280.0 x 720.0
00:22:46.431 [JavaFX Application Thread] DEBUG PrimaryStageWindow   - Stage size: 1294.6666259765625 x 757.3333129882812
00:22:46.451 [FXGL Background Thread 1 ] DEBUG Engine               - Initializing environment variables
00:22:46.639 [FXGL Background Thread 1 ] DEBUG FXGLAssetLoaderServi - User app class for loading assets: class org.group1.GamePackage.Application
00:22:46.639 [FXGL Background Thread 1 ] DEBUG GameApplicationServi - Applying CSS: fxgl_dark.css
00:22:46.640 [FXGL Background Thread 1 ] DEBUG FXGLAssetLoaderServi - Loading from file system: jar:file:///C:/Users/ryles/.m2/repository/com/github/almasb/fxgl/25/fxgl-25.jar!/fxglassets/ui/css/fxgl_dark.css
00:22:46.729 [FXGL Background Thread 1 ] DEBUG GameApplicationServi - Initializing application scenes
00:22:46.741 [FXGL Background Thread 1 ] DEBUG FXGLAssetLoaderServi - Loading from file system: file:/C:/Users/ryles/Downloads/ComProg_Project/target/classes/assets/textures/background.png
00:22:46.967 [FXGL Background Thread 1 ] DEBUG FXGLAssetLoaderServi - Loading from file system: file:/C:/Users/ryles/Downloads/ComProg_Project/target/classes/assets/textures/background_stars1.png
00:22:47.071 [FXGL Background Thread 1 ] DEBUG FXGLAssetLoaderServi - Loading from file system: file:/C:/Users/ryles/Downloads/ComProg_Project/target/classes/assets/textures/background_stars2.png
00:22:47.167 [FXGL Background Thread 1 ] DEBUG FXGLAssetLoaderServi - Loading from file system: file:/C:/Users/ryles/Downloads/ComProg_Project/target/classes/assets/textures/background_stars3.png
00:22:47.303 [FXGL Background Thread 1 ] DEBUG FXGLAssetLoaderServi - Loading from file system: file:/C:/Users/ryles/Downloads/ComProg_Project/target/classes/assets/textures/background_cloud1.png
00:22:47.326 [FXGL Background Thread 1 ] DEBUG FXGLAssetLoaderServi - Loading from file system: file:/C:/Users/ryles/Downloads/ComProg_Project/target/classes/assets/textures/background_cloud2.png
00:22:47.362 [FXGL Background Thread 1 ] DEBUG FXGLAssetLoaderServi - Loading from file system: file:/C:/Users/ryles/Downloads/ComProg_Project/target/classes/assets/textures/background_mist1.png
00:22:47.392 [FXGL Background Thread 1 ] DEBUG FXGLAssetLoaderServi - Loading from file system: file:/C:/Users/ryles/Downloads/ComProg_Project/target/classes/assets/textures/background_hills.png
00:22:47.450 [FXGL Background Thread 1 ] DEBUG FXGLAssetLoaderServi - Loading from file system: file:/C:/Users/ryles/Downloads/ComProg_Project/target/classes/assets/textures/background_forest.png
00:22:47.479 [FXGL Background Thread 1 ] DEBUG FXGLAssetLoaderServi - Loading from file system: file:/C:/Users/ryles/Downloads/ComProg_Project/target/classes/assets/textures/background_large_forest.png
00:22:47.643 [FXGL Background Thread 1 ] DEBUG GameWorld            - Game world initialized
00:22:47.729 [FXGL Background Thread 1 ] DEBUG PhysicsWorld         - Physics world initialized: appHeight=720, physics.ppm=50.0
00:22:47.730 [FXGL Background Thread 1 ] DEBUG PhysicsWorld         - Using strategy: BRUTE_FORCE
00:22:47.739 [FXGL Background Thread 1 ] DEBUG GameScene            - Game scene initialized: 1280x720
00:22:47.906 [FXGL Background Thread 1 ] DEBUG GameApplicationServi - Application scenes initialized
00:22:47.917 [FXGL Background Thread 1 ] DEBUG SystemBundleService  - Loading FXGL system data
00:22:47.923 [FXGL Background Thread 1 ] DEBUG FileSystemAccess     - Reading from: C:\Users\ryles\Downloads\ComProg_Project\system\fxgl.bundle
00:22:47.930 [FXGL Background Thread 1 ] DEBUG SystemBundleService  - Bundle FXGL: {}
00:22:47.930 [FXGL Background Thread 1 ] DEBUG UpdaterService       - Checking for updates
00:22:47.937 [FXGL Background Thread 4 ] DEBUG FXGLApplication      - Loading fonts
00:22:47.938 [FXGL Background Thread 1 ] DEBUG FXGLApplication      - Loading default localization
00:22:47.938 [FXGL Background Thread 4 ] DEBUG FXGLAssetLoaderServi - Loading from file system: jar:file:///C:/Users/ryles/.m2/repository/com/github/almasb/fxgl/25/fxgl-25.jar!/fxglassets/ui/fonts/VarelaRound-Regular.ttf
00:22:47.939 [FXGL Background Thread 1 ] DEBUG FXGLAssetLoaderServi - Loading from file system: jar:file:///C:/Users/ryles/.m2/repository/com/github/almasb/fxgl/25/fxgl-25.jar!/fxglassets/languages/english.lang
00:22:47.961 [FXGL Background Thread 1 ] INFO  FXGLApplication      - FXGL initialization took: 1.510 sec
00:22:47.983 [JavaFX Application Thread] DEBUG Input                - Registered new binding: Move left - A
00:22:47.983 [JavaFX Application Thread] DEBUG Input                - Registered new binding: Move right - D
00:22:47.983 [JavaFX Application Thread] DEBUG Input                - Registered new binding: Move down - S
00:22:47.983 [JavaFX Application Thread] DEBUG Input                - Registered new binding: Move up - W
00:22:47.985 [JavaFX Application Thread] DEBUG Input                - Registered new binding: Shoot - Space
00:22:47.985 [JavaFX Application Thread] DEBUG Input                - Registered new binding: Switch to Fire Bullet - Q
00:22:47.985 [JavaFX Application Thread] DEBUG Input                - Registered new binding: Switch to Ice Bullet - E
00:22:47.986 [JavaFX Application Thread] DEBUG FXGLAssetLoaderServi - Loading from file system: jar:file:///C:/Users/ryles/.m2/repository/com/github/almasb/fxgl/25/fxgl-25.jar!/fxglassets/textures/fxgl_icon.png
00:22:48.001 [FXGL Background Thread 4 ] DEBUG FXGLAssetLoaderServi - Loading from file system: jar:file:///C:/Users/ryles/.m2/repository/com/github/almasb/fxgl/25/fxgl-25.jar!/fxglassets/ui/fonts/Abel-Regular.ttf
00:22:48.009 [FXGL Background Thread 4 ] DEBUG FXGLAssetLoaderServi - Loading from file system: jar:file:///C:/Users/ryles/.m2/repository/com/github/almasb/fxgl/25/fxgl-25.jar!/fxglassets/ui/fonts/TerminalLandMono-Regular.otf
00:22:48.017 [JavaFX Application Thread] DEBUG FXGLAssetLoaderServi - Loading from file system: jar:file:///C:/Users/ryles/.m2/repository/com/github/almasb/fxgl/25/fxgl-25.jar!/fxglassets/textures/fxgl_default_cursor.png
00:22:48.017 [FXGL Background Thread 4 ] DEBUG FXGLAssetLoaderServi - Loading from file system: jar:file:///C:/Users/ryles/.m2/repository/com/github/almasb/fxgl/25/fxgl-25.jar!/fxglassets/ui/fonts/Courier-Prime.ttf
00:22:48.020 [JavaFX Application Thread] DEBUG Input                - Registered new binding: Screenshot - CTRL+8
00:22:48.021 [JavaFX Application Thread] DEBUG Input                - Registered new binding: System info dump - CTRL+9
00:22:48.022 [JavaFX Application Thread] DEBUG Input                - Registered new binding: Restart - CTRL+R
00:22:48.026 [JavaFX Application Thread] DEBUG Input                - Registered new binding: Toggle Debug Camera - CTRL+7
00:22:48.031 [JavaFX Application Thread] DEBUG LoopRunner           - Starting loop
00:22:48.031 [JavaFX Application Thread] DEBUG LoopRunner           - Initializing JavaFX AnimationTimerLoop
00:22:48.035 [JavaFX Application Thread] DEBUG Input                - Clearing active input actions
00:22:48.058 [JavaFX Application Thread] DEBUG GameApplicationServi - Removing overlay from FXGLStartupScene and adding to FXGLMainMenuDummyScene
00:22:48.058 [JavaFX Application Thread] DEBUG PrimaryStageWindow   - FXGLStartupScene -> FXGLMainMenuDummyScene
00:22:48.059 [JavaFX Application Thread] DEBUG PrimaryStageWindow   - Push state: MenuInterface
00:22:48.059 [JavaFX Application Thread] DEBUG Input                - Clearing active input actions
00:22:48.078 [JavaFX Application Thread] DEBUG GameApplicationServi - Removing overlay from FXGLMainMenuDummyScene and adding to MenuInterface
00:22:48.079 [JavaFX Application Thread] DEBUG PrimaryStageWindow   - FXGLMainMenuDummyScene -> MenuInterface
00:22:48.260 [JavaFX Application Thread] DEBUG FXGLApplication      - Registering font factories with UI factory
00:22:50.936 [FXGL Background Thread 3 ] DEBUG Engine               - Logging environment variables
00:22:50.937 [FXGL Background Thread 3 ] DEBUG Engine               - achievements: []
00:22:50.937 [FXGL Background Thread 3 ] DEBUG Engine               - actualHeight: 720.0
00:22:50.937 [FXGL Background Thread 3 ] DEBUG Engine               - actualHeightProperty: ReadOnlyDoubleProperty [value: 720.0]
00:22:50.937 [FXGL Background Thread 3 ] DEBUG Engine               - actualWidth: 1280.0
00:22:50.937 [FXGL Background Thread 3 ] DEBUG Engine               - actualWidthProperty: ReadOnlyDoubleProperty [value: 1280.0]
00:22:50.938 [FXGL Background Thread 3 ] DEBUG Engine               - appIcon: fxgl_icon.png
00:22:50.938 [FXGL Background Thread 3 ] DEBUG Engine               - applicationMode: DEVELOPER
00:22:50.938 [FXGL Background Thread 3 ] DEBUG Engine               - cSSList: [fxgl_dark.css]
00:22:50.938 [FXGL Background Thread 3 ] DEBUG Engine               - collisionDetectionStrategy: BRUTE_FORCE
00:22:50.938 [FXGL Background Thread 3 ] DEBUG Engine               - configClass: Optional.empty
00:22:50.938 [FXGL Background Thread 3 ] DEBUG Engine               - credits: []
00:22:50.941 [FXGL Background Thread 3 ] DEBUG Engine               - defaultCursor: CursorInfo(imageName=fxgl_default_cursor.png, hotspotX=7.0, hotspotY=6.0)
00:22:50.942 [FXGL Background Thread 3 ] DEBUG Engine               - devBBoxColorProperty: ObjectProperty [value: 0xff0000ff]
00:22:50.942 [FXGL Background Thread 3 ] DEBUG Engine               - devEnableDebugCameraProperty: BooleanProperty [value: false]
00:22:50.942 [FXGL Background Thread 3 ] DEBUG Engine               - devSensorColorProperty: ObjectProperty [value: 0xffff00ff]
00:22:50.942 [FXGL Background Thread 3 ] DEBUG Engine               - devShowBBoxProperty: BooleanProperty [value: false]
00:22:50.942 [FXGL Background Thread 3 ] DEBUG Engine               - devShowPositionProperty: BooleanProperty [value: false]
00:22:50.942 [FXGL Background Thread 3 ] DEBUG Engine               - enabledMenuItems: []
00:22:50.942 [FXGL Background Thread 3 ] DEBUG Engine               - engineServices: [class com.almasb.fxgl.app.services.FXGLAssetLoaderService, class com.almasb.fxgl.app.FXGLApplication$GameApplicationService, class com.almasb.fxgl.app.services.FXGLDialogService, class com.almasb.fxgl.app.services.IOTaskExecutorService, class com.almasb.fxgl.io.FileSystemService, class com.almasb.fxgl.localization.LocalizationService, class com.almasb.fxgl.app.services.SystemBundleService, class com.almasb.fxgl.profile.SaveLoadService, class com.almasb.fxgl.ui.FXGLUIFactoryServiceProvider, class com.almasb.fxgl.ui.FXGLDialogFactoryServiceProvider, class com.almasb.fxgl.audio.AudioPlayer, class com.almasb.fxgl.notification.impl.NotificationServiceProvider, class com.almasb.fxgl.achievement.AchievementService, class com.almasb.fxgl.cutscene.CutsceneService, class com.almasb.fxgl.minigames.MiniGameService, class com.almasb.fxgl.net.NetService, class com.almasb.fxgl.app.services.UpdaterService, class com.almasb.fxgl.dev.DevService]
00:22:50.942 [FXGL Background Thread 3 ] DEBUG Engine               - fontGame: Abel-Regular.ttf
00:22:50.942 [FXGL Background Thread 3 ] DEBUG Engine               - fontMono: TerminalLandMono-Regular.otf
00:22:50.942 [FXGL Background Thread 3 ] DEBUG Engine               - fontSizeScaleUI: 1.0
00:22:50.942 [FXGL Background Thread 3 ] DEBUG Engine               - fontText: Courier-Prime.ttf
00:22:50.942 [FXGL Background Thread 3 ] DEBUG Engine               - fontUI: VarelaRound-Regular.ttf
00:22:50.943 [FXGL Background Thread 3 ] DEBUG Engine               - fpsRefreshRate: 500.0 ms
00:22:50.943 [FXGL Background Thread 3 ] DEBUG Engine               - fullScreen: BooleanProperty [value: false]
00:22:50.943 [FXGL Background Thread 3 ] DEBUG Engine               - gameDifficulty: MEDIUM
00:22:50.943 [FXGL Background Thread 3 ] DEBUG Engine               - gameDifficultyProperty: ObjectProperty [value: MEDIUM]
00:22:50.943 [FXGL Background Thread 3 ] DEBUG Engine               - globalMusicVolume: 0.5
00:22:50.943 [FXGL Background Thread 3 ] DEBUG Engine               - globalMusicVolumeProperty: DoubleProperty [value: 0.5]
00:22:50.943 [FXGL Background Thread 3 ] DEBUG Engine               - globalSoundVolume: 0.5
00:22:50.944 [FXGL Background Thread 3 ] DEBUG Engine               - globalSoundVolumeProperty: DoubleProperty [value: 0.5]
00:22:50.944 [FXGL Background Thread 3 ] DEBUG Engine               - height: 720
00:22:50.944 [FXGL Background Thread 3 ] DEBUG Engine               - is3D: false
00:22:50.944 [FXGL Background Thread 3 ] DEBUG Engine               - isAndroid: false
00:22:50.944 [FXGL Background Thread 3 ] DEBUG Engine               - isBrowser: false
00:22:50.944 [FXGL Background Thread 3 ] DEBUG Engine               - isClickFeedbackEnabled: false
00:22:50.944 [FXGL Background Thread 3 ] DEBUG Engine               - isCloseConfirmation: false
00:22:50.944 [FXGL Background Thread 3 ] DEBUG Engine               - isDesktop: true
00:22:50.944 [FXGL Background Thread 3 ] DEBUG Engine               - isDeveloperMenuEnabled: false
00:22:50.945 [FXGL Background Thread 3 ] DEBUG Engine               - isEmbedded: false
00:22:50.945 [FXGL Background Thread 3 ] DEBUG Engine               - isEntityPreloadEnabled: true
00:22:50.945 [FXGL Background Thread 3 ] DEBUG Engine               - isExperimentalTiledLargeMap: false
00:22:50.945 [FXGL Background Thread 3 ] DEBUG Engine               - isFileSystemWriteAllowed: true
00:22:50.945 [FXGL Background Thread 3 ] DEBUG Engine               - isFullScreenAllowed: false
00:22:50.945 [FXGL Background Thread 3 ] DEBUG Engine               - isFullScreenFromStart: false
00:22:50.945 [FXGL Background Thread 3 ] DEBUG Engine               - isGameMenuEnabled: true
00:22:50.945 [FXGL Background Thread 3 ] DEBUG Engine               - isIOS: false
00:22:50.945 [FXGL Background Thread 3 ] DEBUG Engine               - isIntroEnabled: false
00:22:50.945 [FXGL Background Thread 3 ] DEBUG Engine               - isLinux: false
00:22:50.946 [FXGL Background Thread 3 ] DEBUG Engine               - isMac: false
00:22:50.946 [FXGL Background Thread 3 ] DEBUG Engine               - isMainMenuEnabled: true
00:22:50.946 [FXGL Background Thread 3 ] DEBUG Engine               - isManualResizeEnabled: false
00:22:50.946 [FXGL Background Thread 3 ] DEBUG Engine               - isMobile: false
00:22:50.946 [FXGL Background Thread 3 ] DEBUG Engine               - isNative: false
00:22:50.946 [FXGL Background Thread 3 ] DEBUG Engine               - isPauseMusicWhenMinimized: true
00:22:50.946 [FXGL Background Thread 3 ] DEBUG Engine               - isPreserveResizeRatio: false
00:22:50.946 [FXGL Background Thread 3 ] DEBUG Engine               - isProfilingEnabled: false
00:22:50.946 [FXGL Background Thread 3 ] DEBUG Engine               - isScaleAffectedOnResize: true
00:22:50.946 [FXGL Background Thread 3 ] DEBUG Engine               - isSingleStep: false
00:22:50.946 [FXGL Background Thread 3 ] DEBUG Engine               - isUserProfileEnabled: false
00:22:50.946 [FXGL Background Thread 3 ] DEBUG Engine               - isWindows: true
00:22:50.947 [FXGL Background Thread 3 ] DEBUG Engine               - language: ObjectProperty [value: ENGLISH]
00:22:50.947 [FXGL Background Thread 3 ] DEBUG Engine               - menuKey: ESCAPE
00:22:50.947 [FXGL Background Thread 3 ] DEBUG Engine               - mouseSensitivity: 0.2
00:22:50.947 [FXGL Background Thread 3 ] DEBUG Engine               - notificationViewClass: class com.almasb.fxgl.notification.view.XboxNotificationView
00:22:50.947 [FXGL Background Thread 3 ] DEBUG Engine               - pixelsPerMeter: 50.0
00:22:50.947 [FXGL Background Thread 3 ] DEBUG Engine               - platform: WINDOWS
00:22:50.947 [FXGL Background Thread 3 ] DEBUG Engine               - prefHeightProperty: ReadOnlyDoubleProperty [value: 720.0]
00:22:50.947 [FXGL Background Thread 3 ] DEBUG Engine               - prefWidthProperty: ReadOnlyDoubleProperty [value: 1280.0]
00:22:50.947 [FXGL Background Thread 3 ] DEBUG Engine               - profileDir: profiles/
00:22:50.947 [FXGL Background Thread 3 ] DEBUG Engine               - profileName: StringProperty [value: DEFAULT]
00:22:50.947 [FXGL Background Thread 3 ] DEBUG Engine               - randomSeed: -1
00:22:50.947 [FXGL Background Thread 3 ] DEBUG Engine               - runtimeInfo: RuntimeInfo(platform=WINDOWS, version=25, build=05.02.2026 22.57)
00:22:50.948 [FXGL Background Thread 3 ] DEBUG Engine               - saveFileExt: sav
00:22:50.948 [FXGL Background Thread 3 ] DEBUG Engine               - scaledHeightProp$fxgl: DoubleProperty [bound, value: 720.0]
00:22:50.948 [FXGL Background Thread 3 ] DEBUG Engine               - scaledWidthProp$fxgl: DoubleProperty [bound, value: 1280.0]
00:22:50.948 [FXGL Background Thread 3 ] DEBUG Engine               - sceneFactory: org.group1.GamePackage.Factory.MainSceneFactory@3771853a
00:22:50.948 [FXGL Background Thread 3 ] DEBUG Engine               - secondsIn24h: 60
00:22:50.948 [FXGL Background Thread 3 ] DEBUG Engine               - soundMenuBack: menu/back.wav
00:22:50.948 [FXGL Background Thread 3 ] DEBUG Engine               - soundMenuPress: menu/press.wav
00:22:50.948 [FXGL Background Thread 3 ] DEBUG Engine               - soundMenuSelect: menu/select.wav
00:22:50.948 [FXGL Background Thread 3 ] DEBUG Engine               - soundNotification: core/notification.wav
00:22:50.948 [FXGL Background Thread 3 ] DEBUG Engine               - stageStyle: DECORATED
00:22:50.948 [FXGL Background Thread 3 ] DEBUG Engine               - supportedLanguages: [ENGLISH, FRENCH, GERMAN, HUNGARIAN, RUSSIAN]
00:22:50.948 [FXGL Background Thread 3 ] DEBUG Engine               - ticksPerSecond: -1
00:22:50.948 [FXGL Background Thread 3 ] DEBUG Engine               - title: Untitled
00:22:50.949 [FXGL Background Thread 3 ] DEBUG Engine               - urlGithub: https://github.com/AlmasB/FXGL
00:22:50.949 [FXGL Background Thread 3 ] DEBUG Engine               - urlLeaderboard: http://fxgl-top.herokuapp.com/
00:22:50.949 [FXGL Background Thread 3 ] DEBUG Engine               - urlPOM: https://raw.githubusercontent.com/AlmasB/FXGL/release/README.md
00:22:50.949 [FXGL Background Thread 3 ] DEBUG Engine               - userAppClass: class org.group1.GamePackage.Application
00:22:50.949 [FXGL Background Thread 3 ] DEBUG Engine               - version: 0.0
00:22:50.949 [FXGL Background Thread 3 ] DEBUG Engine               - versionCheckDays: 7
00:22:50.949 [FXGL Background Thread 3 ] DEBUG Engine               - width: 1280
00:22:50.949 [FXGL Background Thread 3 ] DEBUG Engine               - Logging services
00:22:50.949 [FXGL Background Thread 3 ] DEBUG Engine               - class com.almasb.fxgl.app.services.FXGLAssetLoaderService
00:22:50.949 [FXGL Background Thread 3 ] DEBUG Engine               - class com.almasb.fxgl.app.FXGLApplication$GameApplicationService
00:22:50.949 [FXGL Background Thread 3 ] DEBUG Engine               - class com.almasb.fxgl.app.services.FXGLDialogService
00:22:50.949 [FXGL Background Thread 3 ] DEBUG Engine               - class com.almasb.fxgl.app.services.IOTaskExecutorService
00:22:50.949 [FXGL Background Thread 3 ] DEBUG Engine               - class com.almasb.fxgl.io.FileSystemService
00:22:50.949 [FXGL Background Thread 3 ] DEBUG Engine               - class com.almasb.fxgl.localization.LocalizationService
00:22:50.949 [FXGL Background Thread 3 ] DEBUG Engine               - class com.almasb.fxgl.app.services.SystemBundleService
00:22:50.949 [FXGL Background Thread 3 ] DEBUG Engine               - class com.almasb.fxgl.profile.SaveLoadService
00:22:50.949 [FXGL Background Thread 3 ] DEBUG Engine               - class com.almasb.fxgl.ui.FXGLUIFactoryServiceProvider
00:22:50.949 [FXGL Background Thread 3 ] DEBUG Engine               - class com.almasb.fxgl.ui.FXGLDialogFactoryServiceProvider
00:22:50.949 [FXGL Background Thread 3 ] DEBUG Engine               - class com.almasb.fxgl.audio.AudioPlayer
00:22:50.949 [FXGL Background Thread 3 ] DEBUG Engine               - class com.almasb.fxgl.notification.impl.NotificationServiceProvider
00:22:50.949 [FXGL Background Thread 3 ] DEBUG Engine               - class com.almasb.fxgl.achievement.AchievementService
00:22:50.949 [FXGL Background Thread 3 ] DEBUG Engine               - class com.almasb.fxgl.cutscene.CutsceneService
00:22:50.949 [FXGL Background Thread 3 ] DEBUG Engine               - class com.almasb.fxgl.minigames.MiniGameService
00:22:50.949 [FXGL Background Thread 3 ] DEBUG Engine               - class com.almasb.fxgl.net.NetService
00:22:50.949 [FXGL Background Thread 3 ] DEBUG Engine               - class com.almasb.fxgl.app.services.UpdaterService
00:22:50.950 [FXGL Background Thread 3 ] DEBUG Engine               - class com.almasb.fxgl.dev.DevService
00:22:56.545 [JavaFX Application Thread] DEBUG GameApplicationServi - Starting new game
00:22:56.546 [JavaFX Application Thread] DEBUG PrimaryStageWindow   - Pop state: MenuInterface
00:22:56.546 [JavaFX Application Thread] DEBUG Input                - Clearing active input actions
00:22:56.547 [JavaFX Application Thread] DEBUG GameApplicationServi - Removing overlay from MenuInterface and adding to FXGLMainMenuDummyScene
00:22:56.548 [JavaFX Application Thread] DEBUG PrimaryStageWindow   - FXGLMainMenuDummyScene <- MenuInterface
00:22:56.548 [JavaFX Application Thread] DEBUG Input                - Clearing active input actions
00:22:56.565 [JavaFX Application Thread] DEBUG GameApplicationServi - Removing overlay from FXGLMainMenuDummyScene and adding to LoadingInterface
00:22:56.565 [JavaFX Application Thread] DEBUG PrimaryStageWindow   - FXGLMainMenuDummyScene -> LoadingInterface
00:22:56.565 [JavaFX Application Thread] DEBUG GameApplicationServi - Clearing previous game
00:22:56.565 [JavaFX Application Thread] DEBUG GameScene            - Clearing game scene
00:22:56.565 [JavaFX Application Thread] DEBUG GameWorld            - Clearing game world
00:22:56.565 [JavaFX Application Thread] DEBUG PhysicsWorld         - Clearing physics world
00:22:56.568 [FXGL Background Thread 2 ] DEBUG FXGLApplication      - Initializing game
00:22:56.640 [FXGL Background Thread 2 ] DEBUG FXGLAssetLoaderServi - Loading from file system: file:/C:/Users/ryles/Downloads/ComProg_Project/target/classes/assets/textures/idle_sprite.png
00:22:56.675 [FXGL Background Thread 2 ] DEBUG FXGLAssetLoaderServi - Loading from file system: file:/C:/Users/ryles/Downloads/ComProg_Project/target/classes/assets/textures/bullet_HUD_selection.png
00:22:56.690 [FXGL Background Thread 2 ] DEBUG FXGLAssetLoaderServi - Loading from file system: file:/C:/Users/ryles/Downloads/ComProg_Project/target/classes/assets/music/main_music.wav
00:22:56.895 [FXGL Background Thread 2 ] DEBUG AudioPlayer          - Playing music com.almasb.fxgl.audio.Music@6239348c
00:22:56.917 [FXGL Background Thread 2 ] DEBUG FXGLAssetLoaderServi - Loading from file system: file:/C:/Users/ryles/Downloads/ComProg_Project/target/classes/assets/textures/lives_09.png
00:22:56.926 [FXGL Background Thread 2 ] INFO  FXGLApplication      - Game initialization took: 0.358 sec
00:22:56.927 [JavaFX Application Thread] DEBUG Input                - Clearing active input actions
00:22:56.936 [JavaFX Application Thread] DEBUG GameApplicationServi - Removing overlay from LoadingInterface and adding to GameScene
00:22:56.937 [JavaFX Application Thread] DEBUG PrimaryStageWindow   - LoadingInterface -> GameScene
00:22:57.632 [JavaFX Application Thread] DEBUG FXGLAssetLoaderServi - Loading from file system: file:/C:/Users/ryles/Downloads/ComProg_Project/target/classes/assets/textures/enemy_sprite.png
00:22:57.657 [JavaFX Application Thread] DEBUG FXGLAssetLoaderServi - Loading from file system: file:/C:/Users/ryles/Downloads/ComProg_Project/target/classes/assets/textures/explosion_sprite.png
00:22:59.767 [JavaFX Application Thread] DEBUG FXGLAssetLoaderServi - Loading from file system: file:/C:/Users/ryles/Downloads/ComProg_Project/target/classes/assets/sounds/death_sound.wav
00:23:06.929 [JavaFX Application Thread] DEBUG FXGLAssetLoaderServi - Loading from file system: file:/C:/Users/ryles/Downloads/ComProg_Project/target/classes/assets/textures/boss_idle_sprite.png
00:23:06.983 [JavaFX Application Thread] DEBUG FXGLAssetLoaderServi - Loading from file system: file:/C:/Users/ryles/Downloads/ComProg_Project/target/classes/assets/textures/boss_charging_sprite.png
00:23:07.051 [JavaFX Application Thread] DEBUG FXGLAssetLoaderServi - Loading from file system: file:/C:/Users/ryles/Downloads/ComProg_Project/target/classes/assets/textures/boss_recovering_sprite.png
00:23:07.629 [JavaFX Application Thread] DEBUG FXGLAssetLoaderServi - Loading from file system: file:/C:/Users/ryles/Downloads/ComProg_Project/target/classes/assets/textures/laser_sprite.png
00:24:17.449 [JavaFX Application Thread] DEBUG FXGLApplication      - Exiting FXGL
00:24:17.449 [JavaFX Application Thread] DEBUG LoopRunner           - Stopping loop
00:24:17.449 [JavaFX Application Thread] DEBUG SystemBundleService  - Saving FXGL system data
00:24:17.453 [JavaFX Application Thread] DEBUG FileSystemAccess     - Writing to: C:\Users\ryles\Downloads\ComProg_Project\system\fxgl.bundle
00:24:17.456 [JavaFX Application Thread] DEBUG Async                - Shutting down background threads
00:24:17.457 [JavaFX Application Thread] DEBUG PrimaryStageWindow   - Closing main window
00:24:17.513 [JavaFX Application Thread] DEBUG Logger               - Closing Logger
