03:28:06.310 [main                     ] DEBUG Logger               - Configured Logger
03:28:06.317 [main                     ] DEBUG GameApplication      - Logging settings
Title: Untitled
Version: 0.0
Width: 1280
Height: 720
Fullscreen: false
Intro: false
Profiling: false
Single step:false
App Mode: DEVELOPER
Menu Key: ESCAPE
Stage Style: DECORATED
Scene Factory: class org.group1.GamePackage.Factory.MainSceneFactory

03:28:06.520 [JavaFX Application Thread] DEBUG FXGLApplication      - Initializing FXGL
03:28:06.523 [JavaFX Application Thread] INFO  Engine               - FXGL-25 (05.02.2026 22.57) on LINUX (J:25.0.2 FX:21.0.6)
03:28:06.523 [JavaFX Application Thread] DEBUG Engine               - JRE Vendor Name: Arch Linux
03:28:06.524 [JavaFX Application Thread] DEBUG Engine               - Running on OS: Linux version 6.19.9-arch1-1
03:28:06.524 [JavaFX Application Thread] DEBUG Engine               - Architecture: amd64
03:28:06.524 [JavaFX Application Thread] INFO  Engine               - Source code and latest versions at: https://github.com/AlmasB/FXGL
03:28:06.524 [JavaFX Application Thread] INFO  Engine               -       Ask questions and discuss at: https://github.com/AlmasB/FXGL/discussions
03:28:06.594 [JavaFX Application Thread] DEBUG PrimaryStageWindow   - Creating a JavaFX scene
03:28:06.669 [JavaFX Application Thread] DEBUG PrimaryStageWindow   - Target settings size: 1280.0 x 720.0
03:28:06.670 [JavaFX Application Thread] DEBUG PrimaryStageWindow   - Scaled scene size:    1280.0 x 720.0
03:28:06.670 [JavaFX Application Thread] DEBUG PrimaryStageWindow   - Scaled ratio: (1.0, 1.0)
03:28:06.670 [JavaFX Application Thread] DEBUG PrimaryStageWindow   - Set initial scene to FXGLStartupScene
03:28:06.674 [JavaFX Application Thread] DEBUG PrimaryStageWindow   - Opening main window
03:28:06.740 [JavaFX Application Thread] DEBUG PrimaryStageWindow   - Window border size: (0.0, 35.0)
03:28:06.741 [JavaFX Application Thread] DEBUG PrimaryStageWindow   - Scaled size: 1280.0 x 685.0
03:28:06.741 [JavaFX Application Thread] DEBUG PrimaryStageWindow   - Scaled ratio: (1.0, 0.9513888888888888)
03:28:06.741 [JavaFX Application Thread] DEBUG PrimaryStageWindow   - Scene size: 1280.0 x 720.0
03:28:06.741 [JavaFX Application Thread] DEBUG PrimaryStageWindow   - Stage size: 1280.0 x 720.0
03:28:06.746 [FXGL Background Thread 1 ] DEBUG Engine               - Initializing environment variables
03:28:06.804 [FXGL Background Thread 1 ] DEBUG FXGLAssetLoaderServi - User app class for loading assets: class org.group1.GamePackage.Application
03:28:06.805 [FXGL Background Thread 1 ] DEBUG GameApplicationServi - Applying CSS: fxgl_dark.css
03:28:06.805 [FXGL Background Thread 1 ] DEBUG FXGLAssetLoaderServi - Loading from file system: jar:file:///home/me/.m2/repository/com/github/almasb/fxgl/25/fxgl-25.jar!/fxglassets/ui/css/fxgl_dark.css
03:28:06.843 [FXGL Background Thread 1 ] DEBUG GameApplicationServi - Initializing application scenes
03:28:06.892 [FXGL Background Thread 1 ] DEBUG GameWorld            - Game world initialized
03:28:06.924 [FXGL Background Thread 1 ] DEBUG PhysicsWorld         - Physics world initialized: appHeight=720, physics.ppm=50.0
03:28:06.924 [FXGL Background Thread 1 ] DEBUG PhysicsWorld         - Using strategy: BRUTE_FORCE
03:28:06.927 [FXGL Background Thread 1 ] DEBUG GameScene            - Game scene initialized: 1280x720
03:28:06.937 [FXGL Background Thread 1 ] DEBUG FXGL.DefaultMenu     - createMenuBodyGameMenu()
03:28:06.943 [FXGL Background Thread 1 ] DEBUG FXGL.DefaultMenu     - createOptionsMenu()
03:28:06.952 [FXGL Background Thread 1 ] DEBUG FXGLAssetLoaderServi - Loading from file system: jar:file:///home/me/.m2/repository/com/github/almasb/fxgl/25/fxgl-25.jar!/fxglassets/textures/particles/smoke.png
03:28:07.040 [FXGL Background Thread 1 ] DEBUG FXGLAssetLoaderServi - Loading from file system: jar:file:///home/me/.m2/repository/com/github/almasb/fxgl/25/fxgl-25.jar!/fxglassets/textures/particles/trace_horizontal.png
03:28:07.071 [FXGL Background Thread 1 ] DEBUG GameApplicationServi - Application scenes initialized
03:28:07.081 [FXGL Background Thread 1 ] DEBUG SystemBundleService  - Loading FXGL system data
03:28:07.085 [FXGL Background Thread 1 ] DEBUG FileSystemAccess     - Reading from: /home/me/ComProg_Project/system/fxgl.bundle
03:28:07.093 [FXGL Background Thread 1 ] DEBUG SystemBundleService  - Bundle FXGL: {}
03:28:07.093 [FXGL Background Thread 1 ] DEBUG UpdaterService       - Checking for updates
03:28:07.098 [FXGL Background Thread 4 ] DEBUG FXGLApplication      - Loading fonts
03:28:07.098 [FXGL Background Thread 4 ] DEBUG FXGLAssetLoaderServi - Loading from file system: jar:file:///home/me/.m2/repository/com/github/almasb/fxgl/25/fxgl-25.jar!/fxglassets/ui/fonts/VarelaRound-Regular.ttf
03:28:07.099 [FXGL Background Thread 1 ] DEBUG FXGLApplication      - Loading default localization
03:28:07.100 [FXGL Background Thread 1 ] DEBUG FXGLAssetLoaderServi - Loading from file system: jar:file:///home/me/.m2/repository/com/github/almasb/fxgl/25/fxgl-25.jar!/fxglassets/languages/english.lang
03:28:07.106 [FXGL Background Thread 4 ] DEBUG FXGLAssetLoaderServi - Loading from file system: jar:file:///home/me/.m2/repository/com/github/almasb/fxgl/25/fxgl-25.jar!/fxglassets/ui/fonts/Abel-Regular.ttf
03:28:07.108 [FXGL Background Thread 4 ] DEBUG FXGLAssetLoaderServi - Loading from file system: jar:file:///home/me/.m2/repository/com/github/almasb/fxgl/25/fxgl-25.jar!/fxglassets/ui/fonts/TerminalLandMono-Regular.otf
03:28:07.109 [FXGL Background Thread 4 ] DEBUG FXGLAssetLoaderServi - Loading from file system: jar:file:///home/me/.m2/repository/com/github/almasb/fxgl/25/fxgl-25.jar!/fxglassets/ui/fonts/Courier-Prime.ttf
03:28:07.113 [FXGL Background Thread 1 ] INFO  FXGLApplication      - FXGL initialization took: 0.367 sec
03:28:07.114 [JavaFX Application Thread] DEBUG FXGLApplication      - Registering font factories with UI factory
03:28:07.134 [JavaFX Application Thread] DEBUG Input                - Registered new binding: Move left - A
03:28:07.134 [JavaFX Application Thread] DEBUG Input                - Registered new binding: Move right - D
03:28:07.135 [JavaFX Application Thread] DEBUG Input                - Registered new binding: Move down - S
03:28:07.135 [JavaFX Application Thread] DEBUG Input                - Registered new binding: Move up - W
03:28:07.135 [JavaFX Application Thread] DEBUG Input                - Registered new binding: Shoot - Space
03:28:07.135 [JavaFX Application Thread] DEBUG FXGLAssetLoaderServi - Loading from file system: jar:file:///home/me/.m2/repository/com/github/almasb/fxgl/25/fxgl-25.jar!/fxglassets/textures/fxgl_icon.png
03:28:07.161 [JavaFX Application Thread] DEBUG FXGLAssetLoaderServi - Loading from file system: jar:file:///home/me/.m2/repository/com/github/almasb/fxgl/25/fxgl-25.jar!/fxglassets/textures/fxgl_default_cursor.png
03:28:07.164 [JavaFX Application Thread] DEBUG Input                - Registered new binding: Screenshot - CTRL+8
03:28:07.165 [JavaFX Application Thread] DEBUG Input                - Registered new binding: System info dump - CTRL+9
03:28:07.165 [JavaFX Application Thread] DEBUG Input                - Registered new binding: Restart - CTRL+R
03:28:07.166 [JavaFX Application Thread] DEBUG Input                - Registered new binding: Toggle Debug Camera - CTRL+7
03:28:07.170 [JavaFX Application Thread] DEBUG LoopRunner           - Starting loop
03:28:07.170 [JavaFX Application Thread] DEBUG LoopRunner           - Initializing JavaFX AnimationTimerLoop
03:28:07.172 [JavaFX Application Thread] DEBUG Input                - Clearing active input actions
03:28:07.182 [JavaFX Application Thread] DEBUG GameApplicationServi - Removing overlay from FXGLStartupScene and adding to FXGLMainMenuDummyScene
03:28:07.183 [JavaFX Application Thread] DEBUG PrimaryStageWindow   - FXGLStartupScene -> FXGLMainMenuDummyScene
03:28:07.183 [JavaFX Application Thread] DEBUG PrimaryStageWindow   - Push state: MenuInterface
03:28:07.183 [JavaFX Application Thread] DEBUG Input                - Clearing active input actions
03:28:07.186 [JavaFX Application Thread] DEBUG GameApplicationServi - Removing overlay from FXGLMainMenuDummyScene and adding to MenuInterface
03:28:07.187 [JavaFX Application Thread] DEBUG PrimaryStageWindow   - FXGLMainMenuDummyScene -> MenuInterface
03:28:08.036 [JavaFX Application Thread] DEBUG Menu                 - fireNewGame()
03:28:08.037 [JavaFX Application Thread] DEBUG GameApplicationServi - Starting new game
03:28:08.037 [JavaFX Application Thread] DEBUG PrimaryStageWindow   - Pop state: MenuInterface
03:28:08.037 [JavaFX Application Thread] DEBUG Input                - Clearing active input actions
03:28:08.039 [JavaFX Application Thread] DEBUG GameApplicationServi - Removing overlay from MenuInterface and adding to FXGLMainMenuDummyScene
03:28:08.040 [JavaFX Application Thread] DEBUG PrimaryStageWindow   - FXGLMainMenuDummyScene <- MenuInterface
03:28:08.041 [JavaFX Application Thread] DEBUG Input                - Clearing active input actions
03:28:08.063 [JavaFX Application Thread] DEBUG GameApplicationServi - Removing overlay from FXGLMainMenuDummyScene and adding to LoadingInterface
03:28:08.064 [JavaFX Application Thread] DEBUG PrimaryStageWindow   - FXGLMainMenuDummyScene -> LoadingInterface
03:28:08.064 [JavaFX Application Thread] DEBUG GameApplicationServi - Clearing previous game
03:28:08.064 [JavaFX Application Thread] DEBUG GameScene            - Clearing game scene
03:28:08.065 [JavaFX Application Thread] DEBUG GameWorld            - Clearing game world
03:28:08.065 [JavaFX Application Thread] DEBUG PhysicsWorld         - Clearing physics world
03:28:08.069 [FXGL Background Thread 2 ] DEBUG FXGLApplication      - Initializing game
03:28:08.097 [FXGL Background Thread 2 ] DEBUG FXGLAssetLoaderServi - Loading from file system: file:/home/me/ComProg_Project/target/classes/assets/textures/background.png
03:28:08.243 [FXGL Background Thread 2 ] DEBUG FXGLAssetLoaderServi - Loading from file system: file:/home/me/ComProg_Project/target/classes/assets/textures/background_stars1.png
03:28:08.347 [FXGL Background Thread 2 ] DEBUG FXGLAssetLoaderServi - Loading from file system: file:/home/me/ComProg_Project/target/classes/assets/textures/background_stars2.png
03:28:08.383 [FXGL Background Thread 2 ] DEBUG FXGLAssetLoaderServi - Loading from file system: file:/home/me/ComProg_Project/target/classes/assets/textures/background_stars3.png
03:28:08.417 [FXGL Background Thread 2 ] DEBUG FXGLAssetLoaderServi - Loading from file system: file:/home/me/ComProg_Project/target/classes/assets/textures/background_cloud1.png
03:28:08.426 [FXGL Background Thread 2 ] DEBUG FXGLAssetLoaderServi - Loading from file system: file:/home/me/ComProg_Project/target/classes/assets/textures/background_cloud2.png
03:28:08.439 [FXGL Background Thread 2 ] DEBUG FXGLAssetLoaderServi - Loading from file system: file:/home/me/ComProg_Project/target/classes/assets/textures/background_mist1.png
03:28:08.449 [FXGL Background Thread 2 ] DEBUG FXGLAssetLoaderServi - Loading from file system: file:/home/me/ComProg_Project/target/classes/assets/textures/background_hills.png
03:28:08.470 [FXGL Background Thread 2 ] DEBUG FXGLAssetLoaderServi - Loading from file system: file:/home/me/ComProg_Project/target/classes/assets/textures/background_forest.png
03:28:08.481 [FXGL Background Thread 2 ] DEBUG FXGLAssetLoaderServi - Loading from file system: file:/home/me/ComProg_Project/target/classes/assets/textures/background_large_forest.png
03:28:08.513 [FXGL Background Thread 2 ] DEBUG FXGLAssetLoaderServi - Loading from file system: file:/home/me/ComProg_Project/target/classes/assets/textures/idle_sprite.png
03:28:08.516 [FXGL Background Thread 2 ] DEBUG FXGLAssetLoaderServi - Loading from file system: file:/home/me/ComProg_Project/target/classes/assets/textures/down_sprite.png
03:28:08.518 [FXGL Background Thread 2 ] DEBUG FXGLAssetLoaderServi - Loading from file system: file:/home/me/ComProg_Project/target/classes/assets/textures/up_sprite.png
03:28:08.527 [FXGL Background Thread 2 ] DEBUG FXGLAssetLoaderServi - Loading from file system: file:/home/me/ComProg_Project/target/classes/assets/music/main_music.wav
03:28:08.603 [FXGL Background Thread 2 ] DEBUG AudioPlayer          - Playing music com.almasb.fxgl.audio.Music@f37a212
03:28:08.607 [FXGL Background Thread 2 ] INFO  FXGLApplication      - Game initialization took: 0.539 sec
03:28:08.608 [JavaFX Application Thread] DEBUG Input                - Clearing active input actions
03:28:08.623 [JavaFX Application Thread] DEBUG GameApplicationServi - Removing overlay from LoadingInterface and adding to GameScene
03:28:08.624 [JavaFX Application Thread] DEBUG PrimaryStageWindow   - LoadingInterface -> GameScene
03:28:09.101 [JavaFX Application Thread] DEBUG FXGLAssetLoaderServi - Loading from file system: file:/home/me/ComProg_Project/target/classes/assets/textures/enemy_sprite.png
03:28:09.104 [JavaFX Application Thread] DEBUG FXGLAssetLoaderServi - Loading from file system: file:/home/me/ComProg_Project/target/classes/assets/textures/explosion_sprite.png
03:28:09.192 [JavaFX Application Thread] DEBUG FXGLAssetLoaderServi - Loading from file system: file:/home/me/ComProg_Project/target/classes/assets/textures/bullet_sprite.png
03:28:09.776 [JavaFX Application Thread] DEBUG FXGLAssetLoaderServi - Loading from file system: file:/home/me/ComProg_Project/target/classes/assets/sounds/death_sound.wav
03:28:10.096 [FXGL Background Thread 3 ] DEBUG Engine               - Logging environment variables
03:28:10.097 [FXGL Background Thread 3 ] DEBUG Engine               - achievements: []
03:28:10.097 [FXGL Background Thread 3 ] DEBUG Engine               - actualHeight: 685.0
03:28:10.098 [FXGL Background Thread 3 ] DEBUG Engine               - actualHeightProperty: ReadOnlyDoubleProperty [value: 685.0]
03:28:10.098 [FXGL Background Thread 3 ] DEBUG Engine               - actualWidth: 1280.0
03:28:10.098 [FXGL Background Thread 3 ] DEBUG Engine               - actualWidthProperty: ReadOnlyDoubleProperty [value: 1280.0]
03:28:10.098 [FXGL Background Thread 3 ] DEBUG Engine               - appIcon: fxgl_icon.png
03:28:10.098 [FXGL Background Thread 3 ] DEBUG Engine               - applicationMode: DEVELOPER
03:28:10.099 [FXGL Background Thread 3 ] DEBUG Engine               - cSSList: [fxgl_dark.css]
03:28:10.099 [FXGL Background Thread 3 ] DEBUG Engine               - collisionDetectionStrategy: BRUTE_FORCE
03:28:10.099 [FXGL Background Thread 3 ] DEBUG Engine               - configClass: Optional.empty
03:28:10.099 [FXGL Background Thread 3 ] DEBUG Engine               - credits: []
03:28:10.100 [FXGL Background Thread 3 ] DEBUG Engine               - defaultCursor: CursorInfo(imageName=fxgl_default_cursor.png, hotspotX=7.0, hotspotY=6.0)
03:28:10.100 [FXGL Background Thread 3 ] DEBUG Engine               - devBBoxColorProperty: ObjectProperty [value: 0xff0000ff]
03:28:10.100 [FXGL Background Thread 3 ] DEBUG Engine               - devEnableDebugCameraProperty: BooleanProperty [value: false]
03:28:10.101 [FXGL Background Thread 3 ] DEBUG Engine               - devSensorColorProperty: ObjectProperty [value: 0xffff00ff]
03:28:10.101 [FXGL Background Thread 3 ] DEBUG Engine               - devShowBBoxProperty: BooleanProperty [value: false]
03:28:10.101 [FXGL Background Thread 3 ] DEBUG Engine               - devShowPositionProperty: BooleanProperty [value: false]
03:28:10.101 [FXGL Background Thread 3 ] DEBUG Engine               - enabledMenuItems: []
03:28:10.101 [FXGL Background Thread 3 ] DEBUG Engine               - engineServices: [class com.almasb.fxgl.app.services.FXGLAssetLoaderService, class com.almasb.fxgl.app.FXGLApplication$GameApplicationService, class com.almasb.fxgl.app.services.FXGLDialogService, class com.almasb.fxgl.app.services.IOTaskExecutorService, class com.almasb.fxgl.io.FileSystemService, class com.almasb.fxgl.localization.LocalizationService, class com.almasb.fxgl.app.services.SystemBundleService, class com.almasb.fxgl.profile.SaveLoadService, class com.almasb.fxgl.ui.FXGLUIFactoryServiceProvider, class com.almasb.fxgl.ui.FXGLDialogFactoryServiceProvider, class com.almasb.fxgl.audio.AudioPlayer, class com.almasb.fxgl.notification.impl.NotificationServiceProvider, class com.almasb.fxgl.achievement.AchievementService, class com.almasb.fxgl.cutscene.CutsceneService, class com.almasb.fxgl.minigames.MiniGameService, class com.almasb.fxgl.net.NetService, class com.almasb.fxgl.app.services.UpdaterService, class com.almasb.fxgl.dev.DevService]
03:28:10.101 [FXGL Background Thread 3 ] DEBUG Engine               - fontGame: Abel-Regular.ttf
03:28:10.102 [FXGL Background Thread 3 ] DEBUG Engine               - fontMono: TerminalLandMono-Regular.otf
03:28:10.102 [FXGL Background Thread 3 ] DEBUG Engine               - fontSizeScaleUI: 1.0
03:28:10.102 [FXGL Background Thread 3 ] DEBUG Engine               - fontText: Courier-Prime.ttf
03:28:10.102 [FXGL Background Thread 3 ] DEBUG Engine               - fontUI: VarelaRound-Regular.ttf
03:28:10.102 [FXGL Background Thread 3 ] DEBUG Engine               - fpsRefreshRate: 500.0 ms
03:28:10.103 [FXGL Background Thread 3 ] DEBUG Engine               - fullScreen: BooleanProperty [value: false]
03:28:10.103 [FXGL Background Thread 3 ] DEBUG Engine               - gameDifficulty: MEDIUM
03:28:10.103 [FXGL Background Thread 3 ] DEBUG Engine               - gameDifficultyProperty: ObjectProperty [value: MEDIUM]
03:28:10.103 [FXGL Background Thread 3 ] DEBUG Engine               - globalMusicVolume: 0.5
03:28:10.103 [FXGL Background Thread 3 ] DEBUG Engine               - globalMusicVolumeProperty: DoubleProperty [value: 0.5]
03:28:10.103 [FXGL Background Thread 3 ] DEBUG Engine               - globalSoundVolume: 0.5
03:28:10.103 [FXGL Background Thread 3 ] DEBUG Engine               - globalSoundVolumeProperty: DoubleProperty [value: 0.5]
03:28:10.103 [FXGL Background Thread 3 ] DEBUG Engine               - height: 720
03:28:10.104 [FXGL Background Thread 3 ] DEBUG Engine               - is3D: false
03:28:10.104 [FXGL Background Thread 3 ] DEBUG Engine               - isAndroid: false
03:28:10.104 [FXGL Background Thread 3 ] DEBUG Engine               - isBrowser: false
03:28:10.104 [FXGL Background Thread 3 ] DEBUG Engine               - isClickFeedbackEnabled: false
03:28:10.104 [FXGL Background Thread 3 ] DEBUG Engine               - isCloseConfirmation: false
03:28:10.104 [FXGL Background Thread 3 ] DEBUG Engine               - isDesktop: true
03:28:10.104 [FXGL Background Thread 3 ] DEBUG Engine               - isDeveloperMenuEnabled: false
03:28:10.104 [FXGL Background Thread 3 ] DEBUG Engine               - isEmbedded: false
03:28:10.104 [FXGL Background Thread 3 ] DEBUG Engine               - isEntityPreloadEnabled: true
03:28:10.105 [FXGL Background Thread 3 ] DEBUG Engine               - isExperimentalTiledLargeMap: false
03:28:10.105 [FXGL Background Thread 3 ] DEBUG Engine               - isFileSystemWriteAllowed: true
03:28:10.105 [FXGL Background Thread 3 ] DEBUG Engine               - isFullScreenAllowed: false
03:28:10.105 [FXGL Background Thread 3 ] DEBUG Engine               - isFullScreenFromStart: false
03:28:10.105 [FXGL Background Thread 3 ] DEBUG Engine               - isGameMenuEnabled: true
03:28:10.105 [FXGL Background Thread 3 ] DEBUG Engine               - isIOS: false
03:28:10.105 [FXGL Background Thread 3 ] DEBUG Engine               - isIntroEnabled: false
03:28:10.105 [FXGL Background Thread 3 ] DEBUG Engine               - isLinux: true
03:28:10.105 [FXGL Background Thread 3 ] DEBUG Engine               - isMac: false
03:28:10.106 [FXGL Background Thread 3 ] DEBUG Engine               - isMainMenuEnabled: true
03:28:10.106 [FXGL Background Thread 3 ] DEBUG Engine               - isManualResizeEnabled: false
03:28:10.106 [FXGL Background Thread 3 ] DEBUG Engine               - isMobile: false
03:28:10.106 [FXGL Background Thread 3 ] DEBUG Engine               - isNative: false
03:28:10.106 [FXGL Background Thread 3 ] DEBUG Engine               - isPauseMusicWhenMinimized: true
03:28:10.106 [FXGL Background Thread 3 ] DEBUG Engine               - isPreserveResizeRatio: false
03:28:10.106 [FXGL Background Thread 3 ] DEBUG Engine               - isProfilingEnabled: false
03:28:10.106 [FXGL Background Thread 3 ] DEBUG Engine               - isScaleAffectedOnResize: true
03:28:10.106 [FXGL Background Thread 3 ] DEBUG Engine               - isSingleStep: false
03:28:10.107 [FXGL Background Thread 3 ] DEBUG Engine               - isUserProfileEnabled: false
03:28:10.107 [FXGL Background Thread 3 ] DEBUG Engine               - isWindows: false
03:28:10.107 [FXGL Background Thread 3 ] DEBUG Engine               - language: ObjectProperty [value: ENGLISH]
03:28:10.107 [FXGL Background Thread 3 ] DEBUG Engine               - menuKey: ESCAPE
03:28:10.108 [FXGL Background Thread 3 ] DEBUG Engine               - mouseSensitivity: 0.2
03:28:10.108 [FXGL Background Thread 3 ] DEBUG Engine               - notificationViewClass: class com.almasb.fxgl.notification.view.XboxNotificationView
03:28:10.108 [FXGL Background Thread 3 ] DEBUG Engine               - pixelsPerMeter: 50.0
03:28:10.108 [FXGL Background Thread 3 ] DEBUG Engine               - platform: LINUX
03:28:10.108 [FXGL Background Thread 3 ] DEBUG Engine               - prefHeightProperty: ReadOnlyDoubleProperty [value: 720.0]
03:28:10.108 [FXGL Background Thread 3 ] DEBUG Engine               - prefWidthProperty: ReadOnlyDoubleProperty [value: 1280.0]
03:28:10.108 [FXGL Background Thread 3 ] DEBUG Engine               - profileDir: profiles/
03:28:10.109 [FXGL Background Thread 3 ] DEBUG Engine               - profileName: StringProperty [value: DEFAULT]
03:28:10.109 [FXGL Background Thread 3 ] DEBUG Engine               - randomSeed: -1
03:28:10.109 [FXGL Background Thread 3 ] DEBUG Engine               - runtimeInfo: RuntimeInfo(platform=LINUX, version=25, build=05.02.2026 22.57)
03:28:10.109 [FXGL Background Thread 3 ] DEBUG Engine               - saveFileExt: sav
03:28:10.109 [FXGL Background Thread 3 ] DEBUG Engine               - scaledHeightProp$fxgl: DoubleProperty [bound, value: 685.0]
03:28:10.109 [FXGL Background Thread 3 ] DEBUG Engine               - scaledWidthProp$fxgl: DoubleProperty [bound, value: 1280.0]
03:28:10.109 [FXGL Background Thread 3 ] DEBUG Engine               - sceneFactory: org.group1.GamePackage.Factory.MainSceneFactory@7cd8ef49
03:28:10.110 [FXGL Background Thread 3 ] DEBUG Engine               - secondsIn24h: 60
03:28:10.110 [FXGL Background Thread 3 ] DEBUG Engine               - soundMenuBack: menu/back.wav
03:28:10.110 [FXGL Background Thread 3 ] DEBUG Engine               - soundMenuPress: menu/press.wav
03:28:10.110 [FXGL Background Thread 3 ] DEBUG Engine               - soundMenuSelect: menu/select.wav
03:28:10.110 [FXGL Background Thread 3 ] DEBUG Engine               - soundNotification: core/notification.wav
03:28:10.110 [FXGL Background Thread 3 ] DEBUG Engine               - stageStyle: DECORATED
03:28:10.110 [FXGL Background Thread 3 ] DEBUG Engine               - supportedLanguages: [ENGLISH, FRENCH, GERMAN, HUNGARIAN, RUSSIAN]
03:28:10.110 [FXGL Background Thread 3 ] DEBUG Engine               - ticksPerSecond: -1
03:28:10.110 [FXGL Background Thread 3 ] DEBUG Engine               - title: Untitled
03:28:10.111 [FXGL Background Thread 3 ] DEBUG Engine               - urlGithub: https://github.com/AlmasB/FXGL
03:28:10.111 [FXGL Background Thread 3 ] DEBUG Engine               - urlLeaderboard: http://fxgl-top.herokuapp.com/
03:28:10.111 [FXGL Background Thread 3 ] DEBUG Engine               - urlPOM: https://raw.githubusercontent.com/AlmasB/FXGL/release/README.md
03:28:10.111 [FXGL Background Thread 3 ] DEBUG Engine               - userAppClass: class org.group1.GamePackage.Application
03:28:10.111 [FXGL Background Thread 3 ] DEBUG Engine               - version: 0.0
03:28:10.111 [FXGL Background Thread 3 ] DEBUG Engine               - versionCheckDays: 7
03:28:10.111 [FXGL Background Thread 3 ] DEBUG Engine               - width: 1280
03:28:10.111 [FXGL Background Thread 3 ] DEBUG Engine               - Logging services
03:28:10.111 [FXGL Background Thread 3 ] DEBUG Engine               - class com.almasb.fxgl.app.services.FXGLAssetLoaderService
03:28:10.111 [FXGL Background Thread 3 ] DEBUG Engine               - class com.almasb.fxgl.app.FXGLApplication$GameApplicationService
03:28:10.112 [FXGL Background Thread 3 ] DEBUG Engine               - class com.almasb.fxgl.app.services.FXGLDialogService
03:28:10.112 [FXGL Background Thread 3 ] DEBUG Engine               - class com.almasb.fxgl.app.services.IOTaskExecutorService
03:28:10.112 [FXGL Background Thread 3 ] DEBUG Engine               - class com.almasb.fxgl.io.FileSystemService
03:28:10.112 [FXGL Background Thread 3 ] DEBUG Engine               - class com.almasb.fxgl.localization.LocalizationService
03:28:10.112 [FXGL Background Thread 3 ] DEBUG Engine               - class com.almasb.fxgl.app.services.SystemBundleService
03:28:10.112 [FXGL Background Thread 3 ] DEBUG Engine               - class com.almasb.fxgl.profile.SaveLoadService
03:28:10.112 [FXGL Background Thread 3 ] DEBUG Engine               - class com.almasb.fxgl.ui.FXGLUIFactoryServiceProvider
03:28:10.112 [FXGL Background Thread 3 ] DEBUG Engine               - class com.almasb.fxgl.ui.FXGLDialogFactoryServiceProvider
03:28:10.112 [FXGL Background Thread 3 ] DEBUG Engine               - class com.almasb.fxgl.audio.AudioPlayer
03:28:10.112 [FXGL Background Thread 3 ] DEBUG Engine               - class com.almasb.fxgl.notification.impl.NotificationServiceProvider
03:28:10.112 [FXGL Background Thread 3 ] DEBUG Engine               - class com.almasb.fxgl.achievement.AchievementService
03:28:10.112 [FXGL Background Thread 3 ] DEBUG Engine               - class com.almasb.fxgl.cutscene.CutsceneService
03:28:10.113 [FXGL Background Thread 3 ] DEBUG Engine               - class com.almasb.fxgl.minigames.MiniGameService
03:28:10.113 [FXGL Background Thread 3 ] DEBUG Engine               - class com.almasb.fxgl.net.NetService
03:28:10.113 [FXGL Background Thread 3 ] DEBUG Engine               - class com.almasb.fxgl.app.services.UpdaterService
03:28:10.113 [FXGL Background Thread 3 ] DEBUG Engine               - class com.almasb.fxgl.dev.DevService
03:28:12.032 [JavaFX Application Thread] DEBUG FXGLAssetLoaderServi - Loading from file system: file:/home/me/ComProg_Project/target/classes/assets/sounds/fah.wav
03:28:28.374 [JavaFX Application Thread] DEBUG FXGLAssetLoaderServi - Loading from file system: file:/home/me/ComProg_Project/target/classes/assets/textures/death_sprite.png
03:28:31.381 [JavaFX Application Thread] DEBUG AudioPlayer          - Pausing music com.almasb.fxgl.audio.Music@f37a212
03:28:31.384 [JavaFX Application Thread] DEBUG LoopRunner           - Pausing loop
03:28:37.085 [JavaFX Application Thread] DEBUG FXGLApplication      - Exiting FXGL
03:28:37.085 [JavaFX Application Thread] DEBUG LoopRunner           - Stopping loop
03:28:37.085 [JavaFX Application Thread] DEBUG SystemBundleService  - Saving FXGL system data
03:28:37.087 [JavaFX Application Thread] DEBUG FileSystemAccess     - Writing to: /home/me/ComProg_Project/system/fxgl.bundle
03:28:37.088 [JavaFX Application Thread] DEBUG Async                - Shutting down background threads
03:28:37.088 [JavaFX Application Thread] DEBUG PrimaryStageWindow   - Closing main window
03:28:37.091 [JavaFX Application Thread] DEBUG Logger               - Closing Logger
