22:25:02.766 [main                     ] DEBUG Logger               - Configured Logger
22:25:02.774 [main                     ] DEBUG GameApplication      - Logging settings
Title: Untitled
Version: 0.0
Width: 1280
Height: 720
Fullscreen: false
Intro: false
Profiling: false
Single step:false
App Mode: DEVELOPER
Menu Key: ESCAPE
Stage Style: DECORATED
Scene Factory: class org.group1.GamePackage.Factory.MainSceneFactory

22:25:03.310 [JavaFX Application Thread] DEBUG FXGLApplication      - Initializing FXGL
22:25:03.312 [JavaFX Application Thread] INFO  Engine               - FXGL-25 (05.02.2026 22.57) on WINDOWS (J:25.0.2 FX:21.0.6)
22:25:03.312 [JavaFX Application Thread] DEBUG Engine               - JRE Vendor Name: Oracle Corporation
22:25:03.312 [JavaFX Application Thread] DEBUG Engine               - Running on OS: Windows 11 version 10.0
22:25:03.312 [JavaFX Application Thread] DEBUG Engine               - Architecture: amd64
22:25:03.312 [JavaFX Application Thread] INFO  Engine               - Source code and latest versions at: https://github.com/AlmasB/FXGL
22:25:03.312 [JavaFX Application Thread] INFO  Engine               -       Ask questions and discuss at: https://github.com/AlmasB/FXGL/discussions
22:25:03.373 [JavaFX Application Thread] DEBUG PrimaryStageWindow   - Creating a JavaFX scene
22:25:03.403 [JavaFX Application Thread] DEBUG PrimaryStageWindow   - Target settings size: 1280.0 x 720.0
22:25:03.403 [JavaFX Application Thread] DEBUG PrimaryStageWindow   - Scaled scene size:    1280.0 x 720.0
22:25:03.404 [JavaFX Application Thread] DEBUG PrimaryStageWindow   - Scaled ratio: (1.0, 1.0)
22:25:03.404 [JavaFX Application Thread] DEBUG PrimaryStageWindow   - Set initial scene to FXGLStartupScene
22:25:03.407 [JavaFX Application Thread] DEBUG PrimaryStageWindow   - Opening main window
22:25:03.487 [JavaFX Application Thread] DEBUG PrimaryStageWindow   - Window border size: (16.0, 39.0)
22:25:03.487 [JavaFX Application Thread] DEBUG PrimaryStageWindow   - Scaled size: 1280.0 x 720.0
22:25:03.487 [JavaFX Application Thread] DEBUG PrimaryStageWindow   - Scaled ratio: (1.0, 1.0)
22:25:03.487 [JavaFX Application Thread] DEBUG PrimaryStageWindow   - Scene size: 1280.0 x 720.0
22:25:03.487 [JavaFX Application Thread] DEBUG PrimaryStageWindow   - Stage size: 1296.0 x 759.0
22:25:03.492 [FXGL Background Thread 1 ] DEBUG Engine               - Initializing environment variables
22:25:03.543 [FXGL Background Thread 1 ] DEBUG FXGLAssetLoaderServi - User app class for loading assets: class org.group1.GamePackage.Application
22:25:03.543 [FXGL Background Thread 1 ] DEBUG GameApplicationServi - Applying CSS: fxgl_dark.css
22:25:03.544 [FXGL Background Thread 1 ] DEBUG FXGLAssetLoaderServi - Loading from file system: jar:file:///C:/Users/Wren/.m2/repository/com/github/almasb/fxgl/25/fxgl-25.jar!/fxglassets/ui/css/fxgl_dark.css
22:25:03.581 [FXGL Background Thread 1 ] DEBUG GameApplicationServi - Initializing application scenes
22:25:03.586 [FXGL Background Thread 1 ] DEBUG FXGLAssetLoaderServi - Loading from file system: file:/C:/Users/Wren/IdeaProjects/GameGame/target/classes/assets/textures/background.png
22:25:03.688 [FXGL Background Thread 1 ] DEBUG FXGLAssetLoaderServi - Loading from file system: file:/C:/Users/Wren/IdeaProjects/GameGame/target/classes/assets/textures/background_stars1.png
22:25:03.733 [FXGL Background Thread 1 ] DEBUG FXGLAssetLoaderServi - Loading from file system: file:/C:/Users/Wren/IdeaProjects/GameGame/target/classes/assets/textures/background_stars2.png
22:25:03.769 [FXGL Background Thread 1 ] DEBUG FXGLAssetLoaderServi - Loading from file system: file:/C:/Users/Wren/IdeaProjects/GameGame/target/classes/assets/textures/background_stars3.png
22:25:03.804 [FXGL Background Thread 1 ] DEBUG FXGLAssetLoaderServi - Loading from file system: file:/C:/Users/Wren/IdeaProjects/GameGame/target/classes/assets/textures/background_cloud1.png
22:25:03.813 [FXGL Background Thread 1 ] DEBUG FXGLAssetLoaderServi - Loading from file system: file:/C:/Users/Wren/IdeaProjects/GameGame/target/classes/assets/textures/background_cloud2.png
22:25:03.827 [FXGL Background Thread 1 ] DEBUG FXGLAssetLoaderServi - Loading from file system: file:/C:/Users/Wren/IdeaProjects/GameGame/target/classes/assets/textures/background_mist1.png
22:25:03.836 [FXGL Background Thread 1 ] DEBUG FXGLAssetLoaderServi - Loading from file system: file:/C:/Users/Wren/IdeaProjects/GameGame/target/classes/assets/textures/background_hills.png
22:25:03.857 [FXGL Background Thread 1 ] DEBUG FXGLAssetLoaderServi - Loading from file system: file:/C:/Users/Wren/IdeaProjects/GameGame/target/classes/assets/textures/background_forest.png
22:25:03.867 [FXGL Background Thread 1 ] DEBUG FXGLAssetLoaderServi - Loading from file system: file:/C:/Users/Wren/IdeaProjects/GameGame/target/classes/assets/textures/background_large_forest.png
22:25:03.924 [FXGL Background Thread 1 ] DEBUG GameWorld            - Game world initialized
22:25:03.955 [FXGL Background Thread 1 ] DEBUG PhysicsWorld         - Physics world initialized: appHeight=720, physics.ppm=50.0
22:25:03.955 [FXGL Background Thread 1 ] DEBUG PhysicsWorld         - Using strategy: BRUTE_FORCE
22:25:03.960 [FXGL Background Thread 1 ] DEBUG GameScene            - Game scene initialized: 1280x720
22:25:03.973 [FXGL Background Thread 1 ] DEBUG FXGL.DefaultMenu     - createMenuBodyGameMenu()
22:25:03.979 [FXGL Background Thread 1 ] DEBUG FXGL.DefaultMenu     - createOptionsMenu()
22:25:03.984 [FXGL Background Thread 1 ] DEBUG FXGLAssetLoaderServi - Loading from file system: jar:file:///C:/Users/Wren/.m2/repository/com/github/almasb/fxgl/25/fxgl-25.jar!/fxglassets/textures/particles/smoke.png
22:25:04.033 [FXGL Background Thread 1 ] DEBUG FXGLAssetLoaderServi - Loading from file system: jar:file:///C:/Users/Wren/.m2/repository/com/github/almasb/fxgl/25/fxgl-25.jar!/fxglassets/textures/particles/trace_horizontal.png
22:25:04.050 [FXGL Background Thread 1 ] DEBUG GameApplicationServi - Application scenes initialized
22:25:04.056 [FXGL Background Thread 1 ] DEBUG SystemBundleService  - Loading FXGL system data
22:25:04.056 [FXGL Background Thread 1 ] DEBUG FileSystemAccess     - Reading from: C:\Users\Wren\IdeaProjects\GameGame\system\fxgl.bundle
22:25:04.059 [FXGL Background Thread 1 ] DEBUG SystemBundleService  - Bundle FXGL: {}
22:25:04.059 [FXGL Background Thread 1 ] DEBUG UpdaterService       - Checking for updates
22:25:04.061 [FXGL Background Thread 4 ] DEBUG FXGLApplication      - Loading fonts
22:25:04.062 [FXGL Background Thread 1 ] DEBUG FXGLApplication      - Loading default localization
22:25:04.062 [FXGL Background Thread 4 ] DEBUG FXGLAssetLoaderServi - Loading from file system: jar:file:///C:/Users/Wren/.m2/repository/com/github/almasb/fxgl/25/fxgl-25.jar!/fxglassets/ui/fonts/VarelaRound-Regular.ttf
22:25:04.062 [FXGL Background Thread 1 ] DEBUG FXGLAssetLoaderServi - Loading from file system: jar:file:///C:/Users/Wren/.m2/repository/com/github/almasb/fxgl/25/fxgl-25.jar!/fxglassets/languages/english.lang
22:25:04.083 [FXGL Background Thread 4 ] DEBUG FXGLAssetLoaderServi - Loading from file system: jar:file:///C:/Users/Wren/.m2/repository/com/github/almasb/fxgl/25/fxgl-25.jar!/fxglassets/ui/fonts/Abel-Regular.ttf
22:25:04.085 [FXGL Background Thread 1 ] INFO  FXGLApplication      - FXGL initialization took: 0.594 sec
22:25:04.088 [FXGL Background Thread 4 ] DEBUG FXGLAssetLoaderServi - Loading from file system: jar:file:///C:/Users/Wren/.m2/repository/com/github/almasb/fxgl/25/fxgl-25.jar!/fxglassets/ui/fonts/TerminalLandMono-Regular.otf
22:25:04.093 [FXGL Background Thread 4 ] DEBUG FXGLAssetLoaderServi - Loading from file system: jar:file:///C:/Users/Wren/.m2/repository/com/github/almasb/fxgl/25/fxgl-25.jar!/fxglassets/ui/fonts/Courier-Prime.ttf
22:25:04.096 [JavaFX Application Thread] DEBUG Input                - Registered new binding: Move left - A
22:25:04.096 [JavaFX Application Thread] DEBUG Input                - Registered new binding: Move right - D
22:25:04.096 [JavaFX Application Thread] DEBUG Input                - Registered new binding: Move down - S
22:25:04.096 [JavaFX Application Thread] DEBUG Input                - Registered new binding: Move up - W
22:25:04.097 [JavaFX Application Thread] DEBUG Input                - Registered new binding: Shoot - Space
22:25:04.097 [JavaFX Application Thread] DEBUG Input                - Registered new binding: Switch to Fire Bullet - Q
22:25:04.097 [JavaFX Application Thread] DEBUG Input                - Registered new binding: Switch to Ice Bullet - E
22:25:04.097 [JavaFX Application Thread] DEBUG FXGLAssetLoaderServi - Loading from file system: jar:file:///C:/Users/Wren/.m2/repository/com/github/almasb/fxgl/25/fxgl-25.jar!/fxglassets/textures/fxgl_icon.png
22:25:04.107 [JavaFX Application Thread] DEBUG FXGLAssetLoaderServi - Loading from file system: jar:file:///C:/Users/Wren/.m2/repository/com/github/almasb/fxgl/25/fxgl-25.jar!/fxglassets/textures/fxgl_default_cursor.png
22:25:04.109 [JavaFX Application Thread] DEBUG Input                - Registered new binding: Screenshot - CTRL+8
22:25:04.110 [JavaFX Application Thread] DEBUG Input                - Registered new binding: System info dump - CTRL+9
22:25:04.110 [JavaFX Application Thread] DEBUG Input                - Registered new binding: Restart - CTRL+R
22:25:04.111 [JavaFX Application Thread] DEBUG Input                - Registered new binding: Toggle Debug Camera - CTRL+7
22:25:04.113 [JavaFX Application Thread] DEBUG LoopRunner           - Starting loop
22:25:04.113 [JavaFX Application Thread] DEBUG LoopRunner           - Initializing JavaFX AnimationTimerLoop
22:25:04.115 [JavaFX Application Thread] DEBUG Input                - Clearing active input actions
22:25:04.124 [JavaFX Application Thread] DEBUG GameApplicationServi - Removing overlay from FXGLStartupScene and adding to FXGLMainMenuDummyScene
22:25:04.125 [JavaFX Application Thread] DEBUG PrimaryStageWindow   - FXGLStartupScene -> FXGLMainMenuDummyScene
22:25:04.125 [JavaFX Application Thread] DEBUG PrimaryStageWindow   - Push state: MenuInterface
22:25:04.125 [JavaFX Application Thread] DEBUG Input                - Clearing active input actions
22:25:04.131 [JavaFX Application Thread] DEBUG GameApplicationServi - Removing overlay from FXGLMainMenuDummyScene and adding to MenuInterface
22:25:04.131 [JavaFX Application Thread] DEBUG PrimaryStageWindow   - FXGLMainMenuDummyScene -> MenuInterface
22:25:04.133 [JavaFX Application Thread] DEBUG FXGLApplication      - Registering font factories with UI factory
22:25:04.699 [JavaFX Application Thread] DEBUG GameApplicationServi - Starting new game
22:25:04.699 [JavaFX Application Thread] DEBUG PrimaryStageWindow   - Pop state: MenuInterface
22:25:04.699 [JavaFX Application Thread] DEBUG Input                - Clearing active input actions
22:25:04.699 [JavaFX Application Thread] DEBUG GameApplicationServi - Removing overlay from MenuInterface and adding to FXGLMainMenuDummyScene
22:25:04.699 [JavaFX Application Thread] DEBUG PrimaryStageWindow   - FXGLMainMenuDummyScene <- MenuInterface
22:25:04.700 [JavaFX Application Thread] DEBUG Input                - Clearing active input actions
22:25:04.702 [JavaFX Application Thread] DEBUG GameApplicationServi - Removing overlay from FXGLMainMenuDummyScene and adding to LoadingInterface
22:25:04.703 [JavaFX Application Thread] DEBUG PrimaryStageWindow   - FXGLMainMenuDummyScene -> LoadingInterface
22:25:04.703 [JavaFX Application Thread] DEBUG GameApplicationServi - Clearing previous game
22:25:04.703 [JavaFX Application Thread] DEBUG GameScene            - Clearing game scene
22:25:04.703 [JavaFX Application Thread] DEBUG GameWorld            - Clearing game world
22:25:04.703 [JavaFX Application Thread] DEBUG PhysicsWorld         - Clearing physics world
22:25:04.705 [FXGL Background Thread 2 ] DEBUG FXGLApplication      - Initializing game
22:25:04.729 [FXGL Background Thread 2 ] DEBUG FXGLAssetLoaderServi - Loading from file system: file:/C:/Users/Wren/IdeaProjects/GameGame/target/classes/assets/textures/idle_sprite.png
22:25:04.732 [FXGL Background Thread 2 ] DEBUG FXGLAssetLoaderServi - Loading from file system: file:/C:/Users/Wren/IdeaProjects/GameGame/target/classes/assets/textures/down_sprite.png
22:25:04.733 [FXGL Background Thread 2 ] DEBUG FXGLAssetLoaderServi - Loading from file system: file:/C:/Users/Wren/IdeaProjects/GameGame/target/classes/assets/textures/up_sprite.png
22:25:04.744 [FXGL Background Thread 2 ] DEBUG FXGLAssetLoaderServi - Loading from file system: file:/C:/Users/Wren/IdeaProjects/GameGame/target/classes/assets/textures/bullet_HUD_selection.png
22:25:04.750 [FXGL Background Thread 2 ] DEBUG FXGLAssetLoaderServi - Loading from file system: file:/C:/Users/Wren/IdeaProjects/GameGame/target/classes/assets/music/main_music.wav
22:25:04.836 [FXGL Background Thread 2 ] DEBUG AudioPlayer          - Playing music com.almasb.fxgl.audio.Music@473b686
22:25:04.843 [FXGL Background Thread 2 ] DEBUG FXGLAssetLoaderServi - Loading from file system: file:/C:/Users/Wren/IdeaProjects/GameGame/target/classes/assets/textures/lives_09.png
22:25:04.846 [FXGL Background Thread 2 ] INFO  FXGLApplication      - Game initialization took: 0.142 sec
22:25:04.858 [JavaFX Application Thread] DEBUG Input                - Clearing active input actions
22:25:04.862 [JavaFX Application Thread] DEBUG GameApplicationServi - Removing overlay from LoadingInterface and adding to GameScene
22:25:04.862 [JavaFX Application Thread] DEBUG PrimaryStageWindow   - LoadingInterface -> GameScene
22:25:05.131 [JavaFX Application Thread] DEBUG PrimaryStageWindow   - Push state: FXGLDefaultMenu
22:25:05.132 [JavaFX Application Thread] DEBUG Input                - Clearing active input actions
22:25:05.134 [JavaFX Application Thread] DEBUG GameApplicationServi - Removing overlay from GameScene and adding to FXGLDefaultMenu
22:25:05.134 [JavaFX Application Thread] DEBUG PrimaryStageWindow   - GameScene -> FXGLDefaultMenu
22:25:07.062 [FXGL Background Thread 3 ] DEBUG Engine               - Logging environment variables
22:25:07.062 [FXGL Background Thread 3 ] DEBUG Engine               - achievements: []
22:25:07.062 [FXGL Background Thread 3 ] DEBUG Engine               - actualHeight: 720.0
22:25:07.062 [FXGL Background Thread 3 ] DEBUG Engine               - actualHeightProperty: ReadOnlyDoubleProperty [value: 720.0]
22:25:07.062 [FXGL Background Thread 3 ] DEBUG Engine               - actualWidth: 1280.0
22:25:07.062 [FXGL Background Thread 3 ] DEBUG Engine               - actualWidthProperty: ReadOnlyDoubleProperty [value: 1280.0]
22:25:07.062 [FXGL Background Thread 3 ] DEBUG Engine               - appIcon: fxgl_icon.png
22:25:07.064 [FXGL Background Thread 3 ] DEBUG Engine               - applicationMode: DEVELOPER
22:25:07.064 [FXGL Background Thread 3 ] DEBUG Engine               - cSSList: [fxgl_dark.css]
22:25:07.064 [FXGL Background Thread 3 ] DEBUG Engine               - collisionDetectionStrategy: BRUTE_FORCE
22:25:07.064 [FXGL Background Thread 3 ] DEBUG Engine               - configClass: Optional.empty
22:25:07.064 [FXGL Background Thread 3 ] DEBUG Engine               - credits: []
22:25:07.064 [FXGL Background Thread 3 ] DEBUG Engine               - defaultCursor: CursorInfo(imageName=fxgl_default_cursor.png, hotspotX=7.0, hotspotY=6.0)
22:25:07.064 [FXGL Background Thread 3 ] DEBUG Engine               - devBBoxColorProperty: ObjectProperty [value: 0xff0000ff]
22:25:07.064 [FXGL Background Thread 3 ] DEBUG Engine               - devEnableDebugCameraProperty: BooleanProperty [value: false]
22:25:07.064 [FXGL Background Thread 3 ] DEBUG Engine               - devSensorColorProperty: ObjectProperty [value: 0xffff00ff]
22:25:07.064 [FXGL Background Thread 3 ] DEBUG Engine               - devShowBBoxProperty: BooleanProperty [value: false]
22:25:07.064 [FXGL Background Thread 3 ] DEBUG Engine               - devShowPositionProperty: BooleanProperty [value: false]
22:25:07.064 [FXGL Background Thread 3 ] DEBUG Engine               - enabledMenuItems: []
22:25:07.064 [FXGL Background Thread 3 ] DEBUG Engine               - engineServices: [class com.almasb.fxgl.app.services.FXGLAssetLoaderService, class com.almasb.fxgl.app.FXGLApplication$GameApplicationService, class com.almasb.fxgl.app.services.FXGLDialogService, class com.almasb.fxgl.app.services.IOTaskExecutorService, class com.almasb.fxgl.io.FileSystemService, class com.almasb.fxgl.localization.LocalizationService, class com.almasb.fxgl.app.services.SystemBundleService, class com.almasb.fxgl.profile.SaveLoadService, class com.almasb.fxgl.ui.FXGLUIFactoryServiceProvider, class com.almasb.fxgl.ui.FXGLDialogFactoryServiceProvider, class com.almasb.fxgl.audio.AudioPlayer, class com.almasb.fxgl.notification.impl.NotificationServiceProvider, class com.almasb.fxgl.achievement.AchievementService, class com.almasb.fxgl.cutscene.CutsceneService, class com.almasb.fxgl.minigames.MiniGameService, class com.almasb.fxgl.net.NetService, class com.almasb.fxgl.app.services.UpdaterService, class com.almasb.fxgl.dev.DevService]
22:25:07.064 [FXGL Background Thread 3 ] DEBUG Engine               - fontGame: Abel-Regular.ttf
22:25:07.064 [FXGL Background Thread 3 ] DEBUG Engine               - fontMono: TerminalLandMono-Regular.otf
22:25:07.064 [FXGL Background Thread 3 ] DEBUG Engine               - fontSizeScaleUI: 1.0
22:25:07.064 [FXGL Background Thread 3 ] DEBUG Engine               - fontText: Courier-Prime.ttf
22:25:07.064 [FXGL Background Thread 3 ] DEBUG Engine               - fontUI: VarelaRound-Regular.ttf
22:25:07.064 [FXGL Background Thread 3 ] DEBUG Engine               - fpsRefreshRate: 500.0 ms
22:25:07.064 [FXGL Background Thread 3 ] DEBUG Engine               - fullScreen: BooleanProperty [value: false]
22:25:07.064 [FXGL Background Thread 3 ] DEBUG Engine               - gameDifficulty: MEDIUM
22:25:07.064 [FXGL Background Thread 3 ] DEBUG Engine               - gameDifficultyProperty: ObjectProperty [value: MEDIUM]
22:25:07.064 [FXGL Background Thread 3 ] DEBUG Engine               - globalMusicVolume: 0.5
22:25:07.064 [FXGL Background Thread 3 ] DEBUG Engine               - globalMusicVolumeProperty: DoubleProperty [value: 0.5]
22:25:07.064 [FXGL Background Thread 3 ] DEBUG Engine               - globalSoundVolume: 0.5
22:25:07.064 [FXGL Background Thread 3 ] DEBUG Engine               - globalSoundVolumeProperty: DoubleProperty [value: 0.5]
22:25:07.065 [FXGL Background Thread 3 ] DEBUG Engine               - height: 720
22:25:07.065 [FXGL Background Thread 3 ] DEBUG Engine               - is3D: false
22:25:07.065 [FXGL Background Thread 3 ] DEBUG Engine               - isAndroid: false
22:25:07.065 [FXGL Background Thread 3 ] DEBUG Engine               - isBrowser: false
22:25:07.065 [FXGL Background Thread 3 ] DEBUG Engine               - isClickFeedbackEnabled: false
22:25:07.065 [FXGL Background Thread 3 ] DEBUG Engine               - isCloseConfirmation: false
22:25:07.065 [FXGL Background Thread 3 ] DEBUG Engine               - isDesktop: true
22:25:07.065 [FXGL Background Thread 3 ] DEBUG Engine               - isDeveloperMenuEnabled: false
22:25:07.065 [FXGL Background Thread 3 ] DEBUG Engine               - isEmbedded: false
22:25:07.065 [FXGL Background Thread 3 ] DEBUG Engine               - isEntityPreloadEnabled: true
22:25:07.065 [FXGL Background Thread 3 ] DEBUG Engine               - isExperimentalTiledLargeMap: false
22:25:07.065 [FXGL Background Thread 3 ] DEBUG Engine               - isFileSystemWriteAllowed: true
22:25:07.065 [FXGL Background Thread 3 ] DEBUG Engine               - isFullScreenAllowed: false
22:25:07.065 [FXGL Background Thread 3 ] DEBUG Engine               - isFullScreenFromStart: false
22:25:07.065 [FXGL Background Thread 3 ] DEBUG Engine               - isGameMenuEnabled: true
22:25:07.065 [FXGL Background Thread 3 ] DEBUG Engine               - isIOS: false
22:25:07.065 [FXGL Background Thread 3 ] DEBUG Engine               - isIntroEnabled: false
22:25:07.065 [FXGL Background Thread 3 ] DEBUG Engine               - isLinux: false
22:25:07.065 [FXGL Background Thread 3 ] DEBUG Engine               - isMac: false
22:25:07.065 [FXGL Background Thread 3 ] DEBUG Engine               - isMainMenuEnabled: true
22:25:07.065 [FXGL Background Thread 3 ] DEBUG Engine               - isManualResizeEnabled: false
22:25:07.065 [FXGL Background Thread 3 ] DEBUG Engine               - isMobile: false
22:25:07.065 [FXGL Background Thread 3 ] DEBUG Engine               - isNative: false
22:25:07.065 [FXGL Background Thread 3 ] DEBUG Engine               - isPauseMusicWhenMinimized: true
22:25:07.065 [FXGL Background Thread 3 ] DEBUG Engine               - isPreserveResizeRatio: false
22:25:07.065 [FXGL Background Thread 3 ] DEBUG Engine               - isProfilingEnabled: false
22:25:07.065 [FXGL Background Thread 3 ] DEBUG Engine               - isScaleAffectedOnResize: true
22:25:07.065 [FXGL Background Thread 3 ] DEBUG Engine               - isSingleStep: false
22:25:07.065 [FXGL Background Thread 3 ] DEBUG Engine               - isUserProfileEnabled: false
22:25:07.065 [FXGL Background Thread 3 ] DEBUG Engine               - isWindows: true
22:25:07.065 [FXGL Background Thread 3 ] DEBUG Engine               - language: ObjectProperty [value: ENGLISH]
22:25:07.065 [FXGL Background Thread 3 ] DEBUG Engine               - menuKey: ESCAPE
22:25:07.065 [FXGL Background Thread 3 ] DEBUG Engine               - mouseSensitivity: 0.2
22:25:07.065 [FXGL Background Thread 3 ] DEBUG Engine               - notificationViewClass: class com.almasb.fxgl.notification.view.XboxNotificationView
22:25:07.065 [FXGL Background Thread 3 ] DEBUG Engine               - pixelsPerMeter: 50.0
22:25:07.065 [FXGL Background Thread 3 ] DEBUG Engine               - platform: WINDOWS
22:25:07.065 [FXGL Background Thread 3 ] DEBUG Engine               - prefHeightProperty: ReadOnlyDoubleProperty [value: 720.0]
22:25:07.065 [FXGL Background Thread 3 ] DEBUG Engine               - prefWidthProperty: ReadOnlyDoubleProperty [value: 1280.0]
22:25:07.065 [FXGL Background Thread 3 ] DEBUG Engine               - profileDir: profiles/
22:25:07.065 [FXGL Background Thread 3 ] DEBUG Engine               - profileName: StringProperty [value: DEFAULT]
22:25:07.065 [FXGL Background Thread 3 ] DEBUG Engine               - randomSeed: -1
22:25:07.065 [FXGL Background Thread 3 ] DEBUG Engine               - runtimeInfo: RuntimeInfo(platform=WINDOWS, version=25, build=05.02.2026 22.57)
22:25:07.066 [FXGL Background Thread 3 ] DEBUG Engine               - saveFileExt: sav
22:25:07.066 [FXGL Background Thread 3 ] DEBUG Engine               - scaledHeightProp$fxgl: DoubleProperty [bound, value: 720.0]
22:25:07.066 [FXGL Background Thread 3 ] DEBUG Engine               - scaledWidthProp$fxgl: DoubleProperty [bound, value: 1280.0]
22:25:07.066 [FXGL Background Thread 3 ] DEBUG Engine               - sceneFactory: org.group1.GamePackage.Factory.MainSceneFactory@7c9e89e7
22:25:07.066 [FXGL Background Thread 3 ] DEBUG Engine               - secondsIn24h: 60
22:25:07.066 [FXGL Background Thread 3 ] DEBUG Engine               - soundMenuBack: menu/back.wav
22:25:07.066 [FXGL Background Thread 3 ] DEBUG Engine               - soundMenuPress: menu/press.wav
22:25:07.066 [FXGL Background Thread 3 ] DEBUG Engine               - soundMenuSelect: menu/select.wav
22:25:07.066 [FXGL Background Thread 3 ] DEBUG Engine               - soundNotification: core/notification.wav
22:25:07.066 [FXGL Background Thread 3 ] DEBUG Engine               - stageStyle: DECORATED
22:25:07.066 [FXGL Background Thread 3 ] DEBUG Engine               - supportedLanguages: [ENGLISH, FRENCH, GERMAN, HUNGARIAN, RUSSIAN]
22:25:07.066 [FXGL Background Thread 3 ] DEBUG Engine               - ticksPerSecond: -1
22:25:07.066 [FXGL Background Thread 3 ] DEBUG Engine               - title: Untitled
22:25:07.066 [FXGL Background Thread 3 ] DEBUG Engine               - urlGithub: https://github.com/AlmasB/FXGL
22:25:07.066 [FXGL Background Thread 3 ] DEBUG Engine               - urlLeaderboard: http://fxgl-top.herokuapp.com/
22:25:07.066 [FXGL Background Thread 3 ] DEBUG Engine               - urlPOM: https://raw.githubusercontent.com/AlmasB/FXGL/release/README.md
22:25:07.066 [FXGL Background Thread 3 ] DEBUG Engine               - userAppClass: class org.group1.GamePackage.Application
22:25:07.066 [FXGL Background Thread 3 ] DEBUG Engine               - version: 0.0
22:25:07.066 [FXGL Background Thread 3 ] DEBUG Engine               - versionCheckDays: 7
22:25:07.066 [FXGL Background Thread 3 ] DEBUG Engine               - width: 1280
22:25:07.066 [FXGL Background Thread 3 ] DEBUG Engine               - Logging services
22:25:07.066 [FXGL Background Thread 3 ] DEBUG Engine               - class com.almasb.fxgl.app.services.FXGLAssetLoaderService
22:25:07.066 [FXGL Background Thread 3 ] DEBUG Engine               - class com.almasb.fxgl.app.FXGLApplication$GameApplicationService
22:25:07.066 [FXGL Background Thread 3 ] DEBUG Engine               - class com.almasb.fxgl.app.services.FXGLDialogService
22:25:07.066 [FXGL Background Thread 3 ] DEBUG Engine               - class com.almasb.fxgl.app.services.IOTaskExecutorService
22:25:07.066 [FXGL Background Thread 3 ] DEBUG Engine               - class com.almasb.fxgl.io.FileSystemService
22:25:07.066 [FXGL Background Thread 3 ] DEBUG Engine               - class com.almasb.fxgl.localization.LocalizationService
22:25:07.066 [FXGL Background Thread 3 ] DEBUG Engine               - class com.almasb.fxgl.app.services.SystemBundleService
22:25:07.066 [FXGL Background Thread 3 ] DEBUG Engine               - class com.almasb.fxgl.profile.SaveLoadService
22:25:07.066 [FXGL Background Thread 3 ] DEBUG Engine               - class com.almasb.fxgl.ui.FXGLUIFactoryServiceProvider
22:25:07.066 [FXGL Background Thread 3 ] DEBUG Engine               - class com.almasb.fxgl.ui.FXGLDialogFactoryServiceProvider
22:25:07.066 [FXGL Background Thread 3 ] DEBUG Engine               - class com.almasb.fxgl.audio.AudioPlayer
22:25:07.066 [FXGL Background Thread 3 ] DEBUG Engine               - class com.almasb.fxgl.notification.impl.NotificationServiceProvider
22:25:07.066 [FXGL Background Thread 3 ] DEBUG Engine               - class com.almasb.fxgl.achievement.AchievementService
22:25:07.066 [FXGL Background Thread 3 ] DEBUG Engine               - class com.almasb.fxgl.cutscene.CutsceneService
22:25:07.066 [FXGL Background Thread 3 ] DEBUG Engine               - class com.almasb.fxgl.minigames.MiniGameService
22:25:07.066 [FXGL Background Thread 3 ] DEBUG Engine               - class com.almasb.fxgl.net.NetService
22:25:07.066 [FXGL Background Thread 3 ] DEBUG Engine               - class com.almasb.fxgl.app.services.UpdaterService
22:25:07.066 [FXGL Background Thread 3 ] DEBUG Engine               - class com.almasb.fxgl.dev.DevService
22:25:07.430 [JavaFX Application Thread] DEBUG FXGL.DefaultMenu     - createContentAudio()
22:25:09.955 [JavaFX Application Thread] DEBUG FXGLApplication      - Exiting FXGL
22:25:09.955 [JavaFX Application Thread] DEBUG LoopRunner           - Stopping loop
22:25:09.955 [JavaFX Application Thread] DEBUG SystemBundleService  - Saving FXGL system data
22:25:09.957 [JavaFX Application Thread] DEBUG FileSystemAccess     - Writing to: C:\Users\Wren\IdeaProjects\GameGame\system\fxgl.bundle
22:25:09.958 [JavaFX Application Thread] DEBUG Async                - Shutting down background threads
22:25:09.958 [JavaFX Application Thread] DEBUG PrimaryStageWindow   - Closing main window
22:25:09.970 [JavaFX Application Thread] DEBUG Logger               - Closing Logger
