03:30:28.011 [main                     ] DEBUG Logger               - Configured Logger
03:30:28.018 [main                     ] DEBUG GameApplication      - Logging settings
Title: Untitled
Version: 0.0
Width: 1280
Height: 720
Fullscreen: false
Intro: false
Profiling: false
Single step:false
App Mode: DEVELOPER
Menu Key: ESCAPE
Stage Style: DECORATED
Scene Factory: class org.group1.GamePackage.Factory.MainSceneFactory

03:30:28.256 [JavaFX Application Thread] DEBUG FXGLApplication      - Initializing FXGL
03:30:28.262 [JavaFX Application Thread] INFO  Engine               - FXGL-25 (05.02.2026 22.57) on LINUX (J:25.0.2 FX:21.0.6)
03:30:28.263 [JavaFX Application Thread] DEBUG Engine               - JRE Vendor Name: Arch Linux
03:30:28.263 [JavaFX Application Thread] DEBUG Engine               - Running on OS: Linux version 6.19.9-arch1-1
03:30:28.263 [JavaFX Application Thread] DEBUG Engine               - Architecture: amd64
03:30:28.263 [JavaFX Application Thread] INFO  Engine               - Source code and latest versions at: https://github.com/AlmasB/FXGL
03:30:28.263 [JavaFX Application Thread] INFO  Engine               -       Ask questions and discuss at: https://github.com/AlmasB/FXGL/discussions
03:30:28.352 [JavaFX Application Thread] DEBUG PrimaryStageWindow   - Creating a JavaFX scene
03:30:28.449 [JavaFX Application Thread] DEBUG PrimaryStageWindow   - Target settings size: 1280.0 x 720.0
03:30:28.450 [JavaFX Application Thread] DEBUG PrimaryStageWindow   - Scaled scene size:    1280.0 x 720.0
03:30:28.450 [JavaFX Application Thread] DEBUG PrimaryStageWindow   - Scaled ratio: (1.0, 1.0)
03:30:28.451 [JavaFX Application Thread] DEBUG PrimaryStageWindow   - Set initial scene to FXGLStartupScene
03:30:28.456 [JavaFX Application Thread] DEBUG PrimaryStageWindow   - Opening main window
03:30:28.541 [JavaFX Application Thread] DEBUG PrimaryStageWindow   - Window border size: (0.0, 35.0)
03:30:28.541 [JavaFX Application Thread] DEBUG PrimaryStageWindow   - Scaled size: 1280.0 x 685.0
03:30:28.542 [JavaFX Application Thread] DEBUG PrimaryStageWindow   - Scaled ratio: (1.0, 0.9513888888888888)
03:30:28.542 [JavaFX Application Thread] DEBUG PrimaryStageWindow   - Scene size: 1280.0 x 720.0
03:30:28.542 [JavaFX Application Thread] DEBUG PrimaryStageWindow   - Stage size: 1280.0 x 720.0
03:30:28.549 [FXGL Background Thread 1 ] DEBUG Engine               - Initializing environment variables
03:30:28.617 [FXGL Background Thread 1 ] DEBUG FXGLAssetLoaderServi - User app class for loading assets: class org.group1.GamePackage.Application
03:30:28.617 [FXGL Background Thread 1 ] DEBUG GameApplicationServi - Applying CSS: fxgl_dark.css
03:30:28.617 [FXGL Background Thread 1 ] DEBUG FXGLAssetLoaderServi - Loading from file system: jar:file:///home/me/.m2/repository/com/github/almasb/fxgl/25/fxgl-25.jar!/fxglassets/ui/css/fxgl_dark.css
03:30:28.662 [FXGL Background Thread 1 ] DEBUG GameApplicationServi - Initializing application scenes
03:30:28.723 [FXGL Background Thread 1 ] DEBUG GameWorld            - Game world initialized
03:30:28.770 [FXGL Background Thread 1 ] DEBUG PhysicsWorld         - Physics world initialized: appHeight=720, physics.ppm=50.0
03:30:28.771 [FXGL Background Thread 1 ] DEBUG PhysicsWorld         - Using strategy: BRUTE_FORCE
03:30:28.777 [FXGL Background Thread 1 ] DEBUG GameScene            - Game scene initialized: 1280x720
03:30:28.791 [FXGL Background Thread 1 ] DEBUG FXGL.DefaultMenu     - createMenuBodyGameMenu()
03:30:28.800 [FXGL Background Thread 1 ] DEBUG FXGL.DefaultMenu     - createOptionsMenu()
03:30:28.814 [FXGL Background Thread 1 ] DEBUG FXGLAssetLoaderServi - Loading from file system: jar:file:///home/me/.m2/repository/com/github/almasb/fxgl/25/fxgl-25.jar!/fxglassets/textures/particles/smoke.png
03:30:28.941 [FXGL Background Thread 1 ] DEBUG FXGLAssetLoaderServi - Loading from file system: jar:file:///home/me/.m2/repository/com/github/almasb/fxgl/25/fxgl-25.jar!/fxglassets/textures/particles/trace_horizontal.png
03:30:28.986 [FXGL Background Thread 1 ] DEBUG GameApplicationServi - Application scenes initialized
03:30:28.999 [FXGL Background Thread 1 ] DEBUG SystemBundleService  - Loading FXGL system data
03:30:29.003 [FXGL Background Thread 1 ] DEBUG FileSystemAccess     - Reading from: /home/me/ComProg_Project/system/fxgl.bundle
03:30:29.013 [FXGL Background Thread 1 ] DEBUG SystemBundleService  - Bundle FXGL: {}
03:30:29.013 [FXGL Background Thread 1 ] DEBUG UpdaterService       - Checking for updates
03:30:29.020 [FXGL Background Thread 4 ] DEBUG FXGLApplication      - Loading fonts
03:30:29.021 [FXGL Background Thread 4 ] DEBUG FXGLAssetLoaderServi - Loading from file system: jar:file:///home/me/.m2/repository/com/github/almasb/fxgl/25/fxgl-25.jar!/fxglassets/ui/fonts/VarelaRound-Regular.ttf
03:30:29.021 [FXGL Background Thread 1 ] DEBUG FXGLApplication      - Loading default localization
03:30:29.022 [FXGL Background Thread 1 ] DEBUG FXGLAssetLoaderServi - Loading from file system: jar:file:///home/me/.m2/repository/com/github/almasb/fxgl/25/fxgl-25.jar!/fxglassets/languages/english.lang
03:30:29.028 [FXGL Background Thread 4 ] DEBUG FXGLAssetLoaderServi - Loading from file system: jar:file:///home/me/.m2/repository/com/github/almasb/fxgl/25/fxgl-25.jar!/fxglassets/ui/fonts/Abel-Regular.ttf
03:30:29.030 [FXGL Background Thread 4 ] DEBUG FXGLAssetLoaderServi - Loading from file system: jar:file:///home/me/.m2/repository/com/github/almasb/fxgl/25/fxgl-25.jar!/fxglassets/ui/fonts/TerminalLandMono-Regular.otf
03:30:29.033 [FXGL Background Thread 4 ] DEBUG FXGLAssetLoaderServi - Loading from file system: jar:file:///home/me/.m2/repository/com/github/almasb/fxgl/25/fxgl-25.jar!/fxglassets/ui/fonts/Courier-Prime.ttf
03:30:29.039 [JavaFX Application Thread] DEBUG FXGLApplication      - Registering font factories with UI factory
03:30:29.042 [FXGL Background Thread 1 ] INFO  FXGLApplication      - FXGL initialization took: 0.494 sec
03:30:29.061 [JavaFX Application Thread] DEBUG Input                - Registered new binding: Move left - A
03:30:29.061 [JavaFX Application Thread] DEBUG Input                - Registered new binding: Move right - D
03:30:29.062 [JavaFX Application Thread] DEBUG Input                - Registered new binding: Move down - S
03:30:29.062 [JavaFX Application Thread] DEBUG Input                - Registered new binding: Move up - W
03:30:29.062 [JavaFX Application Thread] DEBUG Input                - Registered new binding: Shoot - Space
03:30:29.063 [JavaFX Application Thread] DEBUG FXGLAssetLoaderServi - Loading from file system: jar:file:///home/me/.m2/repository/com/github/almasb/fxgl/25/fxgl-25.jar!/fxglassets/textures/fxgl_icon.png
03:30:29.107 [JavaFX Application Thread] DEBUG FXGLAssetLoaderServi - Loading from file system: jar:file:///home/me/.m2/repository/com/github/almasb/fxgl/25/fxgl-25.jar!/fxglassets/textures/fxgl_default_cursor.png
03:30:29.111 [JavaFX Application Thread] DEBUG Input                - Registered new binding: Screenshot - CTRL+8
03:30:29.111 [JavaFX Application Thread] DEBUG Input                - Registered new binding: System info dump - CTRL+9
03:30:29.112 [JavaFX Application Thread] DEBUG Input                - Registered new binding: Restart - CTRL+R
03:30:29.113 [JavaFX Application Thread] DEBUG Input                - Registered new binding: Toggle Debug Camera - CTRL+7
03:30:29.117 [JavaFX Application Thread] DEBUG LoopRunner           - Starting loop
03:30:29.117 [JavaFX Application Thread] DEBUG LoopRunner           - Initializing JavaFX AnimationTimerLoop
03:30:29.120 [JavaFX Application Thread] DEBUG Input                - Clearing active input actions
03:30:29.137 [JavaFX Application Thread] DEBUG GameApplicationServi - Removing overlay from FXGLStartupScene and adding to FXGLMainMenuDummyScene
03:30:29.138 [JavaFX Application Thread] DEBUG PrimaryStageWindow   - FXGLStartupScene -> FXGLMainMenuDummyScene
03:30:29.138 [JavaFX Application Thread] DEBUG PrimaryStageWindow   - Push state: MenuInterface
03:30:29.139 [JavaFX Application Thread] DEBUG Input                - Clearing active input actions
03:30:29.145 [JavaFX Application Thread] DEBUG GameApplicationServi - Removing overlay from FXGLMainMenuDummyScene and adding to MenuInterface
03:30:29.145 [JavaFX Application Thread] DEBUG PrimaryStageWindow   - FXGLMainMenuDummyScene -> MenuInterface
03:30:29.547 [JavaFX Application Thread] DEBUG Menu                 - fireNewGame()
03:30:29.547 [JavaFX Application Thread] DEBUG GameApplicationServi - Starting new game
03:30:29.547 [JavaFX Application Thread] DEBUG PrimaryStageWindow   - Pop state: MenuInterface
03:30:29.547 [JavaFX Application Thread] DEBUG Input                - Clearing active input actions
03:30:29.548 [JavaFX Application Thread] DEBUG GameApplicationServi - Removing overlay from MenuInterface and adding to FXGLMainMenuDummyScene
03:30:29.549 [JavaFX Application Thread] DEBUG PrimaryStageWindow   - FXGLMainMenuDummyScene <- MenuInterface
03:30:29.550 [JavaFX Application Thread] DEBUG Input                - Clearing active input actions
03:30:29.568 [JavaFX Application Thread] DEBUG GameApplicationServi - Removing overlay from FXGLMainMenuDummyScene and adding to LoadingInterface
03:30:29.568 [JavaFX Application Thread] DEBUG PrimaryStageWindow   - FXGLMainMenuDummyScene -> LoadingInterface
03:30:29.569 [JavaFX Application Thread] DEBUG GameApplicationServi - Clearing previous game
03:30:29.569 [JavaFX Application Thread] DEBUG GameScene            - Clearing game scene
03:30:29.569 [JavaFX Application Thread] DEBUG GameWorld            - Clearing game world
03:30:29.569 [JavaFX Application Thread] DEBUG PhysicsWorld         - Clearing physics world
03:30:29.572 [FXGL Background Thread 1 ] DEBUG FXGLApplication      - Initializing game
03:30:29.631 [JavaFX Application Thread] DEBUG LoopRunner           - Stopping loop
03:30:29.634 [JavaFX Application Thread] FATAL FXGLApplication      - Uncaught Exception:
java.lang.RuntimeException: Initialization failed
	at com.almasb.fxgl.all@25/com.almasb.fxgl.app.FXGLApplication$InitAppTask.failed(FXGLApplication.kt:350)
	at javafx.graphics@21.0.6/javafx.concurrent.Task.setState(Task.java:710)
	at javafx.graphics@21.0.6/javafx.concurrent.Task$TaskCallable.lambda$call$2(Task.java:1429)
	at javafx.graphics@21.0.6/com.sun.javafx.application.PlatformImpl.lambda$runLater$10(PlatformImpl.java:456)
	at java.base/java.security.AccessController.doPrivileged(AccessController.java:138)
	at javafx.graphics@21.0.6/com.sun.javafx.application.PlatformImpl.lambda$runLater$11(PlatformImpl.java:455)
	at javafx.graphics@21.0.6/com.sun.glass.ui.InvokeLaterDispatcher$Future.run(InvokeLaterDispatcher.java:95)
	at javafx.graphics@21.0.6/com.sun.glass.ui.gtk.GtkApplication._runLoop(Native Method)
	at javafx.graphics@21.0.6/com.sun.glass.ui.gtk.GtkApplication.lambda$runLoop$10(GtkApplication.java:263)
	at java.base/java.lang.Thread.run(Thread.java:1474)
Caused by: java.lang.IllegalStateException: No EntityFactory was added! Call gameWorld.addEntityFactory()
	at com.almasb.fxgl.entity@25/com.almasb.fxgl.entity.GameWorld.create(GameWorld.kt:410)
	at com.almasb.fxgl.entity@25/com.almasb.fxgl.entity.GameWorld.spawn(GameWorld.kt:396)
	at com.almasb.fxgl.entity@25/com.almasb.fxgl.entity.GameWorld.spawn(GameWorld.kt:384)
	at com.almasb.fxgl.entity@25/com.almasb.fxgl.entity.GameWorld.spawn(GameWorld.kt:359)
	at com.almasb.fxgl.all@25/com.almasb.fxgl.dsl.FXGL$Companion.spawn(FXGL.kt:566)
	at com.almasb.fxgl.all@25/com.almasb.fxgl.dsl.FXGL.spawn(FXGL.kt)
	at org.group.game/org.group1.GamePackage.Application.initGame(Application.java:93)
	at com.almasb.fxgl.all@25/com.almasb.fxgl.app.FXGLApplication$InitAppTask.initGame(FXGLApplication.kt:346)
	at com.almasb.fxgl.all@25/com.almasb.fxgl.app.FXGLApplication$InitAppTask.call(FXGLApplication.kt:324)
	at com.almasb.fxgl.all@25/com.almasb.fxgl.app.FXGLApplication$InitAppTask.call(FXGLApplication.kt:316)
	at javafx.graphics@21.0.6/javafx.concurrent.Task$TaskCallable.call(Task.java:1399)
	at java.base/java.util.concurrent.FutureTask.run(FutureTask.java:328)
	at java.base/java.util.concurrent.Executors$RunnableAdapter.call(Executors.java:545)
	at java.base/java.util.concurrent.FutureTask.run(FutureTask.java:328)
	at java.base/java.util.concurrent.ThreadPoolExecutor.runWorker(ThreadPoolExecutor.java:1090)
	at java.base/java.util.concurrent.ThreadPoolExecutor$Worker.run(ThreadPoolExecutor.java:614)
	... 1 more

03:30:29.634 [JavaFX Application Thread] FATAL FXGLApplication      - Application will now exit
03:30:29.669 [JavaFX Application Thread] DEBUG PrimaryStageWindow   - Push state: ErrorSubScene
03:30:29.669 [JavaFX Application Thread] DEBUG Input                - Clearing active input actions
03:30:29.674 [JavaFX Application Thread] DEBUG GameApplicationServi - Removing overlay from LoadingInterface and adding to ErrorSubScene
03:30:29.675 [JavaFX Application Thread] DEBUG PrimaryStageWindow   - LoadingInterface -> ErrorSubScene
03:30:32.018 [FXGL Background Thread 3 ] DEBUG Engine               - Logging environment variables
03:30:32.020 [FXGL Background Thread 3 ] DEBUG Engine               - achievements: []
03:30:32.020 [FXGL Background Thread 3 ] DEBUG Engine               - actualHeight: 685.0
03:30:32.021 [FXGL Background Thread 3 ] DEBUG Engine               - actualHeightProperty: ReadOnlyDoubleProperty [value: 685.0]
03:30:32.021 [FXGL Background Thread 3 ] DEBUG Engine               - actualWidth: 1280.0
03:30:32.021 [FXGL Background Thread 3 ] DEBUG Engine               - actualWidthProperty: ReadOnlyDoubleProperty [value: 1280.0]
03:30:32.021 [FXGL Background Thread 3 ] DEBUG Engine               - appIcon: fxgl_icon.png
03:30:32.021 [FXGL Background Thread 3 ] DEBUG Engine               - applicationMode: DEVELOPER
03:30:32.021 [FXGL Background Thread 3 ] DEBUG Engine               - cSSList: [fxgl_dark.css]
03:30:32.021 [FXGL Background Thread 3 ] DEBUG Engine               - collisionDetectionStrategy: BRUTE_FORCE
03:30:32.021 [FXGL Background Thread 3 ] DEBUG Engine               - configClass: Optional.empty
03:30:32.021 [FXGL Background Thread 3 ] DEBUG Engine               - credits: []
03:30:32.021 [FXGL Background Thread 3 ] DEBUG Engine               - defaultCursor: CursorInfo(imageName=fxgl_default_cursor.png, hotspotX=7.0, hotspotY=6.0)
03:30:32.021 [FXGL Background Thread 3 ] DEBUG Engine               - devBBoxColorProperty: ObjectProperty [value: 0xff0000ff]
03:30:32.022 [FXGL Background Thread 3 ] DEBUG Engine               - devEnableDebugCameraProperty: BooleanProperty [value: false]
03:30:32.022 [FXGL Background Thread 3 ] DEBUG Engine               - devSensorColorProperty: ObjectProperty [value: 0xffff00ff]
03:30:32.022 [FXGL Background Thread 3 ] DEBUG Engine               - devShowBBoxProperty: BooleanProperty [value: false]
03:30:32.022 [FXGL Background Thread 3 ] DEBUG Engine               - devShowPositionProperty: BooleanProperty [value: false]
03:30:32.022 [FXGL Background Thread 3 ] DEBUG Engine               - enabledMenuItems: []
03:30:32.022 [FXGL Background Thread 3 ] DEBUG Engine               - engineServices: [class com.almasb.fxgl.app.services.FXGLAssetLoaderService, class com.almasb.fxgl.app.FXGLApplication$GameApplicationService, class com.almasb.fxgl.app.services.FXGLDialogService, class com.almasb.fxgl.app.services.IOTaskExecutorService, class com.almasb.fxgl.io.FileSystemService, class com.almasb.fxgl.localization.LocalizationService, class com.almasb.fxgl.app.services.SystemBundleService, class com.almasb.fxgl.profile.SaveLoadService, class com.almasb.fxgl.ui.FXGLUIFactoryServiceProvider, class com.almasb.fxgl.ui.FXGLDialogFactoryServiceProvider, class com.almasb.fxgl.audio.AudioPlayer, class com.almasb.fxgl.notification.impl.NotificationServiceProvider, class com.almasb.fxgl.achievement.AchievementService, class com.almasb.fxgl.cutscene.CutsceneService, class com.almasb.fxgl.minigames.MiniGameService, class com.almasb.fxgl.net.NetService, class com.almasb.fxgl.app.services.UpdaterService, class com.almasb.fxgl.dev.DevService]
03:30:32.022 [FXGL Background Thread 3 ] DEBUG Engine               - fontGame: Abel-Regular.ttf
03:30:32.022 [FXGL Background Thread 3 ] DEBUG Engine               - fontMono: TerminalLandMono-Regular.otf
03:30:32.022 [FXGL Background Thread 3 ] DEBUG Engine               - fontSizeScaleUI: 1.0
03:30:32.022 [FXGL Background Thread 3 ] DEBUG Engine               - fontText: Courier-Prime.ttf
03:30:32.022 [FXGL Background Thread 3 ] DEBUG Engine               - fontUI: VarelaRound-Regular.ttf
03:30:32.022 [FXGL Background Thread 3 ] DEBUG Engine               - fpsRefreshRate: 500.0 ms
03:30:32.022 [FXGL Background Thread 3 ] DEBUG Engine               - fullScreen: BooleanProperty [value: false]
03:30:32.023 [FXGL Background Thread 3 ] DEBUG Engine               - gameDifficulty: MEDIUM
03:30:32.023 [FXGL Background Thread 3 ] DEBUG Engine               - gameDifficultyProperty: ObjectProperty [value: MEDIUM]
03:30:32.023 [FXGL Background Thread 3 ] DEBUG Engine               - globalMusicVolume: 0.5
03:30:32.023 [FXGL Background Thread 3 ] DEBUG Engine               - globalMusicVolumeProperty: DoubleProperty [value: 0.5]
03:30:32.023 [FXGL Background Thread 3 ] DEBUG Engine               - globalSoundVolume: 0.5
03:30:32.023 [FXGL Background Thread 3 ] DEBUG Engine               - globalSoundVolumeProperty: DoubleProperty [value: 0.5]
03:30:32.023 [FXGL Background Thread 3 ] DEBUG Engine               - height: 720
03:30:32.023 [FXGL Background Thread 3 ] DEBUG Engine               - is3D: false
03:30:32.023 [FXGL Background Thread 3 ] DEBUG Engine               - isAndroid: false
03:30:32.023 [FXGL Background Thread 3 ] DEBUG Engine               - isBrowser: false
03:30:32.023 [FXGL Background Thread 3 ] DEBUG Engine               - isClickFeedbackEnabled: false
03:30:32.023 [FXGL Background Thread 3 ] DEBUG Engine               - isCloseConfirmation: false
03:30:32.023 [FXGL Background Thread 3 ] DEBUG Engine               - isDesktop: true
03:30:32.023 [FXGL Background Thread 3 ] DEBUG Engine               - isDeveloperMenuEnabled: false
03:30:32.024 [FXGL Background Thread 3 ] DEBUG Engine               - isEmbedded: false
03:30:32.024 [FXGL Background Thread 3 ] DEBUG Engine               - isEntityPreloadEnabled: true
03:30:32.024 [FXGL Background Thread 3 ] DEBUG Engine               - isExperimentalTiledLargeMap: false
03:30:32.024 [FXGL Background Thread 3 ] DEBUG Engine               - isFileSystemWriteAllowed: true
03:30:32.024 [FXGL Background Thread 3 ] DEBUG Engine               - isFullScreenAllowed: false
03:30:32.024 [FXGL Background Thread 3 ] DEBUG Engine               - isFullScreenFromStart: false
03:30:32.024 [FXGL Background Thread 3 ] DEBUG Engine               - isGameMenuEnabled: true
03:30:32.024 [FXGL Background Thread 3 ] DEBUG Engine               - isIOS: false
03:30:32.024 [FXGL Background Thread 3 ] DEBUG Engine               - isIntroEnabled: false
03:30:32.024 [FXGL Background Thread 3 ] DEBUG Engine               - isLinux: true
03:30:32.024 [FXGL Background Thread 3 ] DEBUG Engine               - isMac: false
03:30:32.024 [FXGL Background Thread 3 ] DEBUG Engine               - isMainMenuEnabled: true
03:30:32.024 [FXGL Background Thread 3 ] DEBUG Engine               - isManualResizeEnabled: false
03:30:32.024 [FXGL Background Thread 3 ] DEBUG Engine               - isMobile: false
03:30:32.024 [FXGL Background Thread 3 ] DEBUG Engine               - isNative: false
03:30:32.024 [FXGL Background Thread 3 ] DEBUG Engine               - isPauseMusicWhenMinimized: true
03:30:32.024 [FXGL Background Thread 3 ] DEBUG Engine               - isPreserveResizeRatio: false
03:30:32.024 [FXGL Background Thread 3 ] DEBUG Engine               - isProfilingEnabled: false
03:30:32.025 [FXGL Background Thread 3 ] DEBUG Engine               - isScaleAffectedOnResize: true
03:30:32.025 [FXGL Background Thread 3 ] DEBUG Engine               - isSingleStep: false
03:30:32.025 [FXGL Background Thread 3 ] DEBUG Engine               - isUserProfileEnabled: false
03:30:32.025 [FXGL Background Thread 3 ] DEBUG Engine               - isWindows: false
03:30:32.025 [FXGL Background Thread 3 ] DEBUG Engine               - language: ObjectProperty [value: ENGLISH]
03:30:32.025 [FXGL Background Thread 3 ] DEBUG Engine               - menuKey: ESCAPE
03:30:32.025 [FXGL Background Thread 3 ] DEBUG Engine               - mouseSensitivity: 0.2
03:30:32.025 [FXGL Background Thread 3 ] DEBUG Engine               - notificationViewClass: class com.almasb.fxgl.notification.view.XboxNotificationView
03:30:32.025 [FXGL Background Thread 3 ] DEBUG Engine               - pixelsPerMeter: 50.0
03:30:32.025 [FXGL Background Thread 3 ] DEBUG Engine               - platform: LINUX
03:30:32.025 [FXGL Background Thread 3 ] DEBUG Engine               - prefHeightProperty: ReadOnlyDoubleProperty [value: 720.0]
03:30:32.025 [FXGL Background Thread 3 ] DEBUG Engine               - prefWidthProperty: ReadOnlyDoubleProperty [value: 1280.0]
03:30:32.025 [FXGL Background Thread 3 ] DEBUG Engine               - profileDir: profiles/
03:30:32.025 [FXGL Background Thread 3 ] DEBUG Engine               - profileName: StringProperty [value: DEFAULT]
03:30:32.025 [FXGL Background Thread 3 ] DEBUG Engine               - randomSeed: -1
03:30:32.026 [FXGL Background Thread 3 ] DEBUG Engine               - runtimeInfo: RuntimeInfo(platform=LINUX, version=25, build=05.02.2026 22.57)
03:30:32.026 [FXGL Background Thread 3 ] DEBUG Engine               - saveFileExt: sav
03:30:32.026 [FXGL Background Thread 3 ] DEBUG Engine               - scaledHeightProp$fxgl: DoubleProperty [bound, value: 685.0]
03:30:32.026 [FXGL Background Thread 3 ] DEBUG Engine               - scaledWidthProp$fxgl: DoubleProperty [bound, value: 1280.0]
03:30:32.026 [FXGL Background Thread 3 ] DEBUG Engine               - sceneFactory: org.group1.GamePackage.Factory.MainSceneFactory@743be489
03:30:32.026 [FXGL Background Thread 3 ] DEBUG Engine               - secondsIn24h: 60
03:30:32.026 [FXGL Background Thread 3 ] DEBUG Engine               - soundMenuBack: menu/back.wav
03:30:32.026 [FXGL Background Thread 3 ] DEBUG Engine               - soundMenuPress: menu/press.wav
03:30:32.026 [FXGL Background Thread 3 ] DEBUG Engine               - soundMenuSelect: menu/select.wav
03:30:32.026 [FXGL Background Thread 3 ] DEBUG Engine               - soundNotification: core/notification.wav
03:30:32.026 [FXGL Background Thread 3 ] DEBUG Engine               - stageStyle: DECORATED
03:30:32.026 [FXGL Background Thread 3 ] DEBUG Engine               - supportedLanguages: [ENGLISH, FRENCH, GERMAN, HUNGARIAN, RUSSIAN]
03:30:32.026 [FXGL Background Thread 3 ] DEBUG Engine               - ticksPerSecond: -1
03:30:32.026 [FXGL Background Thread 3 ] DEBUG Engine               - title: Untitled
03:30:32.026 [FXGL Background Thread 3 ] DEBUG Engine               - urlGithub: https://github.com/AlmasB/FXGL
03:30:32.026 [FXGL Background Thread 3 ] DEBUG Engine               - urlLeaderboard: http://fxgl-top.herokuapp.com/
03:30:32.027 [FXGL Background Thread 3 ] DEBUG Engine               - urlPOM: https://raw.githubusercontent.com/AlmasB/FXGL/release/README.md
03:30:32.027 [FXGL Background Thread 3 ] DEBUG Engine               - userAppClass: class org.group1.GamePackage.Application
03:30:32.027 [FXGL Background Thread 3 ] DEBUG Engine               - version: 0.0
03:30:32.027 [FXGL Background Thread 3 ] DEBUG Engine               - versionCheckDays: 7
03:30:32.027 [FXGL Background Thread 3 ] DEBUG Engine               - width: 1280
03:30:32.027 [FXGL Background Thread 3 ] DEBUG Engine               - Logging services
03:30:32.027 [FXGL Background Thread 3 ] DEBUG Engine               - class com.almasb.fxgl.app.services.FXGLAssetLoaderService
03:30:32.027 [FXGL Background Thread 3 ] DEBUG Engine               - class com.almasb.fxgl.app.FXGLApplication$GameApplicationService
03:30:32.027 [FXGL Background Thread 3 ] DEBUG Engine               - class com.almasb.fxgl.app.services.FXGLDialogService
03:30:32.027 [FXGL Background Thread 3 ] DEBUG Engine               - class com.almasb.fxgl.app.services.IOTaskExecutorService
03:30:32.027 [FXGL Background Thread 3 ] DEBUG Engine               - class com.almasb.fxgl.io.FileSystemService
03:30:32.027 [FXGL Background Thread 3 ] DEBUG Engine               - class com.almasb.fxgl.localization.LocalizationService
03:30:32.027 [FXGL Background Thread 3 ] DEBUG Engine               - class com.almasb.fxgl.app.services.SystemBundleService
03:30:32.027 [FXGL Background Thread 3 ] DEBUG Engine               - class com.almasb.fxgl.profile.SaveLoadService
03:30:32.027 [FXGL Background Thread 3 ] DEBUG Engine               - class com.almasb.fxgl.ui.FXGLUIFactoryServiceProvider
03:30:32.027 [FXGL Background Thread 3 ] DEBUG Engine               - class com.almasb.fxgl.ui.FXGLDialogFactoryServiceProvider
03:30:32.027 [FXGL Background Thread 3 ] DEBUG Engine               - class com.almasb.fxgl.audio.AudioPlayer
03:30:32.027 [FXGL Background Thread 3 ] DEBUG Engine               - class com.almasb.fxgl.notification.impl.NotificationServiceProvider
03:30:32.027 [FXGL Background Thread 3 ] DEBUG Engine               - class com.almasb.fxgl.achievement.AchievementService
03:30:32.027 [FXGL Background Thread 3 ] DEBUG Engine               - class com.almasb.fxgl.cutscene.CutsceneService
03:30:32.027 [FXGL Background Thread 3 ] DEBUG Engine               - class com.almasb.fxgl.minigames.MiniGameService
03:30:32.027 [FXGL Background Thread 3 ] DEBUG Engine               - class com.almasb.fxgl.net.NetService
03:30:32.028 [FXGL Background Thread 3 ] DEBUG Engine               - class com.almasb.fxgl.app.services.UpdaterService
03:30:32.028 [FXGL Background Thread 3 ] DEBUG Engine               - class com.almasb.fxgl.dev.DevService
03:30:32.331 [JavaFX Application Thread] DEBUG FXGLApplication      - Exiting FXGL
03:30:32.331 [JavaFX Application Thread] DEBUG Async                - Shutting down background threads
03:30:32.331 [JavaFX Application Thread] DEBUG PrimaryStageWindow   - Closing main window
03:30:32.334 [JavaFX Application Thread] DEBUG Logger               - Closing Logger
