18:26:32.825 [main                     ] DEBUG Logger               - Configured Logger
18:26:32.831 [main                     ] DEBUG GameApplication      - Logging settings
Title: Untitled
Version: 0.0
Width: 1280
Height: 720
Fullscreen: false
Intro: false
Profiling: false
Single step:false
App Mode: DEVELOPER
Menu Key: ESCAPE
Stage Style: DECORATED
Scene Factory: class org.group1.GamePackage.Factory.MainSceneFactory

18:26:33.117 [JavaFX Application Thread] DEBUG FXGLApplication      - Initializing FXGL
18:26:33.122 [JavaFX Application Thread] INFO  Engine               - FXGL-25 (05.02.2026 22.57) on LINUX (J:25.0.2 FX:21.0.6)
18:26:33.122 [JavaFX Application Thread] DEBUG Engine               - JRE Vendor Name: Arch Linux
18:26:33.122 [JavaFX Application Thread] DEBUG Engine               - Running on OS: Linux version 6.18.20-1-lts
18:26:33.123 [JavaFX Application Thread] DEBUG Engine               - Architecture: amd64
18:26:33.123 [JavaFX Application Thread] INFO  Engine               - Source code and latest versions at: https://github.com/AlmasB/FXGL
18:26:33.123 [JavaFX Application Thread] INFO  Engine               -       Ask questions and discuss at: https://github.com/AlmasB/FXGL/discussions
18:26:33.195 [JavaFX Application Thread] DEBUG PrimaryStageWindow   - Creating a JavaFX scene
18:26:33.275 [JavaFX Application Thread] DEBUG PrimaryStageWindow   - Target settings size: 1280.0 x 720.0
18:26:33.275 [JavaFX Application Thread] DEBUG PrimaryStageWindow   - Scaled scene size:    1280.0 x 720.0
18:26:33.275 [JavaFX Application Thread] DEBUG PrimaryStageWindow   - Scaled ratio: (1.0, 1.0)
18:26:33.276 [JavaFX Application Thread] DEBUG PrimaryStageWindow   - Set initial scene to FXGLStartupScene
18:26:33.279 [JavaFX Application Thread] DEBUG PrimaryStageWindow   - Opening main window
18:26:33.308 [JavaFX Application Thread] DEBUG PrimaryStageWindow   - Window border size: (0.0, 35.0)
18:26:33.308 [JavaFX Application Thread] DEBUG PrimaryStageWindow   - Scaled size: 1280.0 x 685.0
18:26:33.308 [JavaFX Application Thread] DEBUG PrimaryStageWindow   - Scaled ratio: (1.0, 0.9513888888888888)
18:26:33.308 [JavaFX Application Thread] DEBUG PrimaryStageWindow   - Scene size: 1280.0 x 720.0
18:26:33.308 [JavaFX Application Thread] DEBUG PrimaryStageWindow   - Stage size: 1280.0 x 720.0
18:26:33.313 [FXGL Background Thread 1 ] DEBUG Engine               - Initializing environment variables
18:26:33.365 [FXGL Background Thread 1 ] DEBUG FXGLAssetLoaderServi - User app class for loading assets: class org.group1.GamePackage.Application
18:26:33.365 [FXGL Background Thread 1 ] DEBUG GameApplicationServi - Applying CSS: fxgl_dark.css
18:26:33.366 [FXGL Background Thread 1 ] DEBUG FXGLAssetLoaderServi - Loading from file system: jar:file:///home/me/.m2/repository/com/github/almasb/fxgl/25/fxgl-25.jar!/fxglassets/ui/css/fxgl_dark.css
18:26:33.411 [FXGL Background Thread 1 ] DEBUG GameApplicationServi - Initializing application scenes
18:26:33.414 [FXGL Background Thread 1 ] DEBUG FXGLAssetLoaderServi - Loading from file system: file:/home/me/projects/ComProg_Project/target/classes/assets/textures/background.png
18:26:33.550 [FXGL Background Thread 1 ] DEBUG FXGLAssetLoaderServi - Loading from file system: file:/home/me/projects/ComProg_Project/target/classes/assets/textures/background_stars1.png
18:26:33.604 [FXGL Background Thread 1 ] DEBUG FXGLAssetLoaderServi - Loading from file system: file:/home/me/projects/ComProg_Project/target/classes/assets/textures/background_stars2.png
18:26:33.654 [FXGL Background Thread 1 ] DEBUG FXGLAssetLoaderServi - Loading from file system: file:/home/me/projects/ComProg_Project/target/classes/assets/textures/background_stars3.png
18:26:33.689 [FXGL Background Thread 1 ] DEBUG FXGLAssetLoaderServi - Loading from file system: file:/home/me/projects/ComProg_Project/target/classes/assets/textures/background_cloud1.png
18:26:33.697 [FXGL Background Thread 1 ] DEBUG FXGLAssetLoaderServi - Loading from file system: file:/home/me/projects/ComProg_Project/target/classes/assets/textures/background_cloud2.png
18:26:33.709 [FXGL Background Thread 1 ] DEBUG FXGLAssetLoaderServi - Loading from file system: file:/home/me/projects/ComProg_Project/target/classes/assets/textures/background_mist1.png
18:26:33.719 [FXGL Background Thread 1 ] DEBUG FXGLAssetLoaderServi - Loading from file system: file:/home/me/projects/ComProg_Project/target/classes/assets/textures/background_hills.png
18:26:33.738 [FXGL Background Thread 1 ] DEBUG FXGLAssetLoaderServi - Loading from file system: file:/home/me/projects/ComProg_Project/target/classes/assets/textures/background_forest.png
18:26:33.750 [FXGL Background Thread 1 ] DEBUG FXGLAssetLoaderServi - Loading from file system: file:/home/me/projects/ComProg_Project/target/classes/assets/textures/background_large_forest.png
18:26:33.815 [FXGL Background Thread 1 ] DEBUG GameWorld            - Game world initialized
18:26:33.849 [FXGL Background Thread 1 ] DEBUG PhysicsWorld         - Physics world initialized: appHeight=720, physics.ppm=50.0
18:26:33.849 [FXGL Background Thread 1 ] DEBUG PhysicsWorld         - Using strategy: BRUTE_FORCE
18:26:33.852 [FXGL Background Thread 1 ] DEBUG GameScene            - Game scene initialized: 1280x720
18:26:33.866 [FXGL Background Thread 1 ] DEBUG FXGL.DefaultMenu     - createMenuBodyGameMenu()
18:26:33.872 [FXGL Background Thread 1 ] DEBUG FXGL.DefaultMenu     - createOptionsMenu()
18:26:33.878 [FXGL Background Thread 1 ] DEBUG FXGLAssetLoaderServi - Loading from file system: jar:file:///home/me/.m2/repository/com/github/almasb/fxgl/25/fxgl-25.jar!/fxglassets/textures/particles/smoke.png
18:26:33.957 [FXGL Background Thread 1 ] DEBUG FXGLAssetLoaderServi - Loading from file system: jar:file:///home/me/.m2/repository/com/github/almasb/fxgl/25/fxgl-25.jar!/fxglassets/textures/particles/trace_horizontal.png
18:26:33.985 [FXGL Background Thread 1 ] DEBUG GameApplicationServi - Application scenes initialized
18:26:33.992 [FXGL Background Thread 1 ] DEBUG SystemBundleService  - Loading FXGL system data
18:26:33.996 [FXGL Background Thread 1 ] DEBUG FileSystemAccess     - Reading from: /home/me/projects/ComProg_Project/system/fxgl.bundle
18:26:34.001 [FXGL Background Thread 1 ] DEBUG SystemBundleService  - Bundle FXGL: {}
18:26:34.001 [FXGL Background Thread 1 ] DEBUG UpdaterService       - Checking for updates
18:26:34.005 [FXGL Background Thread 4 ] DEBUG FXGLApplication      - Loading fonts
18:26:34.005 [FXGL Background Thread 4 ] DEBUG FXGLAssetLoaderServi - Loading from file system: jar:file:///home/me/.m2/repository/com/github/almasb/fxgl/25/fxgl-25.jar!/fxglassets/ui/fonts/VarelaRound-Regular.ttf
18:26:34.006 [FXGL Background Thread 1 ] DEBUG FXGLApplication      - Loading default localization
18:26:34.006 [FXGL Background Thread 1 ] DEBUG FXGLAssetLoaderServi - Loading from file system: jar:file:///home/me/.m2/repository/com/github/almasb/fxgl/25/fxgl-25.jar!/fxglassets/languages/english.lang
18:26:34.012 [FXGL Background Thread 4 ] DEBUG FXGLAssetLoaderServi - Loading from file system: jar:file:///home/me/.m2/repository/com/github/almasb/fxgl/25/fxgl-25.jar!/fxglassets/ui/fonts/Abel-Regular.ttf
18:26:34.014 [FXGL Background Thread 4 ] DEBUG FXGLAssetLoaderServi - Loading from file system: jar:file:///home/me/.m2/repository/com/github/almasb/fxgl/25/fxgl-25.jar!/fxglassets/ui/fonts/TerminalLandMono-Regular.otf
18:26:34.016 [FXGL Background Thread 4 ] DEBUG FXGLAssetLoaderServi - Loading from file system: jar:file:///home/me/.m2/repository/com/github/almasb/fxgl/25/fxgl-25.jar!/fxglassets/ui/fonts/Courier-Prime.ttf
18:26:34.018 [FXGL Background Thread 1 ] INFO  FXGLApplication      - FXGL initialization took: 0.705 sec
18:26:34.031 [JavaFX Application Thread] DEBUG Input                - Registered new binding: Move left - A
18:26:34.031 [JavaFX Application Thread] DEBUG Input                - Registered new binding: Move right - D
18:26:34.031 [JavaFX Application Thread] DEBUG Input                - Registered new binding: Move down - S
18:26:34.031 [JavaFX Application Thread] DEBUG Input                - Registered new binding: Move up - W
18:26:34.032 [JavaFX Application Thread] DEBUG Input                - Registered new binding: Shoot - Space
18:26:34.032 [JavaFX Application Thread] DEBUG Input                - Registered new binding: Switch to Fire Bullet - Q
18:26:34.032 [JavaFX Application Thread] DEBUG Input                - Registered new binding: Switch to Ice Bullet - E
18:26:34.032 [JavaFX Application Thread] DEBUG FXGLAssetLoaderServi - Loading from file system: jar:file:///home/me/.m2/repository/com/github/almasb/fxgl/25/fxgl-25.jar!/fxglassets/textures/fxgl_icon.png
18:26:34.044 [JavaFX Application Thread] DEBUG FXGLAssetLoaderServi - Loading from file system: jar:file:///home/me/.m2/repository/com/github/almasb/fxgl/25/fxgl-25.jar!/fxglassets/textures/fxgl_default_cursor.png
18:26:34.045 [JavaFX Application Thread] DEBUG Input                - Registered new binding: Screenshot - CTRL+8
18:26:34.045 [JavaFX Application Thread] DEBUG Input                - Registered new binding: System info dump - CTRL+9
18:26:34.046 [JavaFX Application Thread] DEBUG Input                - Registered new binding: Restart - CTRL+R
18:26:34.046 [JavaFX Application Thread] DEBUG Input                - Registered new binding: Toggle Debug Camera - CTRL+7
18:26:34.049 [JavaFX Application Thread] DEBUG LoopRunner           - Starting loop
18:26:34.049 [JavaFX Application Thread] DEBUG LoopRunner           - Initializing JavaFX AnimationTimerLoop
18:26:34.051 [JavaFX Application Thread] DEBUG Input                - Clearing active input actions
18:26:34.058 [JavaFX Application Thread] DEBUG GameApplicationServi - Removing overlay from FXGLStartupScene and adding to FXGLMainMenuDummyScene
18:26:34.058 [JavaFX Application Thread] DEBUG PrimaryStageWindow   - FXGLStartupScene -> FXGLMainMenuDummyScene
18:26:34.059 [JavaFX Application Thread] DEBUG PrimaryStageWindow   - Push state: MenuInterface
18:26:34.059 [JavaFX Application Thread] DEBUG Input                - Clearing active input actions
18:26:34.067 [JavaFX Application Thread] DEBUG GameApplicationServi - Removing overlay from FXGLMainMenuDummyScene and adding to MenuInterface
18:26:34.067 [JavaFX Application Thread] DEBUG PrimaryStageWindow   - FXGLMainMenuDummyScene -> MenuInterface
18:26:34.067 [JavaFX Application Thread] DEBUG FXGLApplication      - Registering font factories with UI factory
18:26:37.004 [FXGL Background Thread 3 ] DEBUG Engine               - Logging environment variables
18:26:37.005 [FXGL Background Thread 3 ] DEBUG Engine               - achievements: []
18:26:37.006 [FXGL Background Thread 3 ] DEBUG Engine               - actualHeight: 719.0
18:26:37.006 [FXGL Background Thread 3 ] DEBUG Engine               - actualHeightProperty: ReadOnlyDoubleProperty [value: 719.0]
18:26:37.006 [FXGL Background Thread 3 ] DEBUG Engine               - actualWidth: 1290.0
18:26:37.007 [FXGL Background Thread 3 ] DEBUG Engine               - actualWidthProperty: ReadOnlyDoubleProperty [value: 1290.0]
18:26:37.007 [FXGL Background Thread 3 ] DEBUG Engine               - appIcon: fxgl_icon.png
18:26:37.007 [FXGL Background Thread 3 ] DEBUG Engine               - applicationMode: DEVELOPER
18:26:37.007 [FXGL Background Thread 3 ] DEBUG Engine               - cSSList: [fxgl_dark.css]
18:26:37.008 [FXGL Background Thread 3 ] DEBUG Engine               - collisionDetectionStrategy: BRUTE_FORCE
18:26:37.008 [FXGL Background Thread 3 ] DEBUG Engine               - configClass: Optional.empty
18:26:37.008 [FXGL Background Thread 3 ] DEBUG Engine               - credits: []
18:26:37.009 [FXGL Background Thread 3 ] DEBUG Engine               - defaultCursor: CursorInfo(imageName=fxgl_default_cursor.png, hotspotX=7.0, hotspotY=6.0)
18:26:37.010 [FXGL Background Thread 3 ] DEBUG Engine               - devBBoxColorProperty: ObjectProperty [value: 0xff0000ff]
18:26:37.010 [FXGL Background Thread 3 ] DEBUG Engine               - devEnableDebugCameraProperty: BooleanProperty [value: false]
18:26:37.010 [FXGL Background Thread 3 ] DEBUG Engine               - devSensorColorProperty: ObjectProperty [value: 0xffff00ff]
18:26:37.011 [FXGL Background Thread 3 ] DEBUG Engine               - devShowBBoxProperty: BooleanProperty [value: false]
18:26:37.011 [FXGL Background Thread 3 ] DEBUG Engine               - devShowPositionProperty: BooleanProperty [value: false]
18:26:37.011 [FXGL Background Thread 3 ] DEBUG Engine               - enabledMenuItems: []
18:26:37.011 [FXGL Background Thread 3 ] DEBUG Engine               - engineServices: [class com.almasb.fxgl.app.services.FXGLAssetLoaderService, class com.almasb.fxgl.app.FXGLApplication$GameApplicationService, class com.almasb.fxgl.app.services.FXGLDialogService, class com.almasb.fxgl.app.services.IOTaskExecutorService, class com.almasb.fxgl.io.FileSystemService, class com.almasb.fxgl.localization.LocalizationService, class com.almasb.fxgl.app.services.SystemBundleService, class com.almasb.fxgl.profile.SaveLoadService, class com.almasb.fxgl.ui.FXGLUIFactoryServiceProvider, class com.almasb.fxgl.ui.FXGLDialogFactoryServiceProvider, class com.almasb.fxgl.audio.AudioPlayer, class com.almasb.fxgl.notification.impl.NotificationServiceProvider, class com.almasb.fxgl.achievement.AchievementService, class com.almasb.fxgl.cutscene.CutsceneService, class com.almasb.fxgl.minigames.MiniGameService, class com.almasb.fxgl.net.NetService, class com.almasb.fxgl.app.services.UpdaterService, class com.almasb.fxgl.dev.DevService]
18:26:37.012 [FXGL Background Thread 3 ] DEBUG Engine               - fontGame: Abel-Regular.ttf
18:26:37.012 [FXGL Background Thread 3 ] DEBUG Engine               - fontMono: TerminalLandMono-Regular.otf
18:26:37.012 [FXGL Background Thread 3 ] DEBUG Engine               - fontSizeScaleUI: 1.0
18:26:37.012 [FXGL Background Thread 3 ] DEBUG Engine               - fontText: Courier-Prime.ttf
18:26:37.012 [FXGL Background Thread 3 ] DEBUG Engine               - fontUI: VarelaRound-Regular.ttf
18:26:37.015 [FXGL Background Thread 3 ] DEBUG Engine               - fpsRefreshRate: 500.0 ms
18:26:37.015 [FXGL Background Thread 3 ] DEBUG Engine               - fullScreen: BooleanProperty [value: false]
18:26:37.015 [FXGL Background Thread 3 ] DEBUG Engine               - gameDifficulty: MEDIUM
18:26:37.016 [FXGL Background Thread 3 ] DEBUG Engine               - gameDifficultyProperty: ObjectProperty [value: MEDIUM]
18:26:37.016 [FXGL Background Thread 3 ] DEBUG Engine               - globalMusicVolume: 0.5
18:26:37.016 [FXGL Background Thread 3 ] DEBUG Engine               - globalMusicVolumeProperty: DoubleProperty [value: 0.5]
18:26:37.017 [FXGL Background Thread 3 ] DEBUG Engine               - globalSoundVolume: 0.5
18:26:37.017 [FXGL Background Thread 3 ] DEBUG Engine               - globalSoundVolumeProperty: DoubleProperty [value: 0.5]
18:26:37.017 [FXGL Background Thread 3 ] DEBUG Engine               - height: 720
18:26:37.017 [FXGL Background Thread 3 ] DEBUG Engine               - is3D: false
18:26:37.017 [FXGL Background Thread 3 ] DEBUG Engine               - isAndroid: false
18:26:37.018 [FXGL Background Thread 3 ] DEBUG Engine               - isBrowser: false
18:26:37.018 [FXGL Background Thread 3 ] DEBUG Engine               - isClickFeedbackEnabled: false
18:26:37.018 [FXGL Background Thread 3 ] DEBUG Engine               - isCloseConfirmation: false
18:26:37.018 [FXGL Background Thread 3 ] DEBUG Engine               - isDesktop: true
18:26:37.019 [FXGL Background Thread 3 ] DEBUG Engine               - isDeveloperMenuEnabled: false
18:26:37.019 [FXGL Background Thread 3 ] DEBUG Engine               - isEmbedded: false
18:26:37.019 [FXGL Background Thread 3 ] DEBUG Engine               - isEntityPreloadEnabled: true
18:26:37.019 [FXGL Background Thread 3 ] DEBUG Engine               - isExperimentalTiledLargeMap: false
18:26:37.019 [FXGL Background Thread 3 ] DEBUG Engine               - isFileSystemWriteAllowed: true
18:26:37.020 [FXGL Background Thread 3 ] DEBUG Engine               - isFullScreenAllowed: false
18:26:37.020 [FXGL Background Thread 3 ] DEBUG Engine               - isFullScreenFromStart: false
18:26:37.020 [FXGL Background Thread 3 ] DEBUG Engine               - isGameMenuEnabled: true
18:26:37.020 [FXGL Background Thread 3 ] DEBUG Engine               - isIOS: false
18:26:37.021 [FXGL Background Thread 3 ] DEBUG Engine               - isIntroEnabled: false
18:26:37.021 [FXGL Background Thread 3 ] DEBUG Engine               - isLinux: true
18:26:37.021 [FXGL Background Thread 3 ] DEBUG Engine               - isMac: false
18:26:37.022 [FXGL Background Thread 3 ] DEBUG Engine               - isMainMenuEnabled: true
18:26:37.022 [FXGL Background Thread 3 ] DEBUG Engine               - isManualResizeEnabled: false
18:26:37.022 [FXGL Background Thread 3 ] DEBUG Engine               - isMobile: false
18:26:37.022 [FXGL Background Thread 3 ] DEBUG Engine               - isNative: false
18:26:37.022 [FXGL Background Thread 3 ] DEBUG Engine               - isPauseMusicWhenMinimized: true
18:26:37.022 [FXGL Background Thread 3 ] DEBUG Engine               - isPreserveResizeRatio: false
18:26:37.023 [FXGL Background Thread 3 ] DEBUG Engine               - isProfilingEnabled: false
18:26:37.023 [FXGL Background Thread 3 ] DEBUG Engine               - isScaleAffectedOnResize: true
18:26:37.023 [FXGL Background Thread 3 ] DEBUG Engine               - isSingleStep: false
18:26:37.023 [FXGL Background Thread 3 ] DEBUG Engine               - isUserProfileEnabled: false
18:26:37.023 [FXGL Background Thread 3 ] DEBUG Engine               - isWindows: false
18:26:37.024 [FXGL Background Thread 3 ] DEBUG Engine               - language: ObjectProperty [value: ENGLISH]
18:26:37.024 [FXGL Background Thread 3 ] DEBUG Engine               - menuKey: ESCAPE
18:26:37.024 [FXGL Background Thread 3 ] DEBUG Engine               - mouseSensitivity: 0.2
18:26:37.025 [FXGL Background Thread 3 ] DEBUG Engine               - notificationViewClass: class com.almasb.fxgl.notification.view.XboxNotificationView
18:26:37.025 [FXGL Background Thread 3 ] DEBUG Engine               - pixelsPerMeter: 50.0
18:26:37.025 [FXGL Background Thread 3 ] DEBUG Engine               - platform: LINUX
18:26:37.026 [FXGL Background Thread 3 ] DEBUG Engine               - prefHeightProperty: ReadOnlyDoubleProperty [value: 720.0]
18:26:37.026 [FXGL Background Thread 3 ] DEBUG Engine               - prefWidthProperty: ReadOnlyDoubleProperty [value: 1280.0]
18:26:37.026 [FXGL Background Thread 3 ] DEBUG Engine               - profileDir: profiles/
18:26:37.027 [FXGL Background Thread 3 ] DEBUG Engine               - profileName: StringProperty [value: DEFAULT]
18:26:37.027 [FXGL Background Thread 3 ] DEBUG Engine               - randomSeed: -1
18:26:37.028 [FXGL Background Thread 3 ] DEBUG Engine               - runtimeInfo: RuntimeInfo(platform=LINUX, version=25, build=05.02.2026 22.57)
18:26:37.028 [FXGL Background Thread 3 ] DEBUG Engine               - saveFileExt: sav
18:26:37.029 [FXGL Background Thread 3 ] DEBUG Engine               - scaledHeightProp$fxgl: DoubleProperty [bound, value: 719.0]
18:26:37.029 [FXGL Background Thread 3 ] DEBUG Engine               - scaledWidthProp$fxgl: DoubleProperty [bound, value: 1290.0]
18:26:37.029 [FXGL Background Thread 3 ] DEBUG Engine               - sceneFactory: org.group1.GamePackage.Factory.MainSceneFactory@12e40270
18:26:37.029 [FXGL Background Thread 3 ] DEBUG Engine               - secondsIn24h: 60
18:26:37.030 [FXGL Background Thread 3 ] DEBUG Engine               - soundMenuBack: menu/back.wav
18:26:37.030 [FXGL Background Thread 3 ] DEBUG Engine               - soundMenuPress: menu/press.wav
18:26:37.030 [FXGL Background Thread 3 ] DEBUG Engine               - soundMenuSelect: menu/select.wav
18:26:37.031 [FXGL Background Thread 3 ] DEBUG Engine               - soundNotification: core/notification.wav
18:26:37.031 [FXGL Background Thread 3 ] DEBUG Engine               - stageStyle: DECORATED
18:26:37.031 [FXGL Background Thread 3 ] DEBUG Engine               - supportedLanguages: [ENGLISH, FRENCH, GERMAN, HUNGARIAN, RUSSIAN]
18:26:37.031 [FXGL Background Thread 3 ] DEBUG Engine               - ticksPerSecond: -1
18:26:37.032 [FXGL Background Thread 3 ] DEBUG Engine               - title: Untitled
18:26:37.032 [FXGL Background Thread 3 ] DEBUG Engine               - urlGithub: https://github.com/AlmasB/FXGL
18:26:37.032 [FXGL Background Thread 3 ] DEBUG Engine               - urlLeaderboard: http://fxgl-top.herokuapp.com/
18:26:37.032 [FXGL Background Thread 3 ] DEBUG Engine               - urlPOM: https://raw.githubusercontent.com/AlmasB/FXGL/release/README.md
18:26:37.032 [FXGL Background Thread 3 ] DEBUG Engine               - userAppClass: class org.group1.GamePackage.Application
18:26:37.033 [FXGL Background Thread 3 ] DEBUG Engine               - version: 0.0
18:26:37.033 [FXGL Background Thread 3 ] DEBUG Engine               - versionCheckDays: 7
18:26:37.033 [FXGL Background Thread 3 ] DEBUG Engine               - width: 1280
18:26:37.033 [FXGL Background Thread 3 ] DEBUG Engine               - Logging services
18:26:37.033 [FXGL Background Thread 3 ] DEBUG Engine               - class com.almasb.fxgl.app.services.FXGLAssetLoaderService
18:26:37.034 [FXGL Background Thread 3 ] DEBUG Engine               - class com.almasb.fxgl.app.FXGLApplication$GameApplicationService
18:26:37.034 [FXGL Background Thread 3 ] DEBUG Engine               - class com.almasb.fxgl.app.services.FXGLDialogService
18:26:37.034 [FXGL Background Thread 3 ] DEBUG Engine               - class com.almasb.fxgl.app.services.IOTaskExecutorService
18:26:37.034 [FXGL Background Thread 3 ] DEBUG Engine               - class com.almasb.fxgl.io.FileSystemService
18:26:37.034 [FXGL Background Thread 3 ] DEBUG Engine               - class com.almasb.fxgl.localization.LocalizationService
18:26:37.034 [FXGL Background Thread 3 ] DEBUG Engine               - class com.almasb.fxgl.app.services.SystemBundleService
18:26:37.035 [FXGL Background Thread 3 ] DEBUG Engine               - class com.almasb.fxgl.profile.SaveLoadService
18:26:37.035 [FXGL Background Thread 3 ] DEBUG Engine               - class com.almasb.fxgl.ui.FXGLUIFactoryServiceProvider
18:26:37.035 [FXGL Background Thread 3 ] DEBUG Engine               - class com.almasb.fxgl.ui.FXGLDialogFactoryServiceProvider
18:26:37.035 [FXGL Background Thread 3 ] DEBUG Engine               - class com.almasb.fxgl.audio.AudioPlayer
18:26:37.035 [FXGL Background Thread 3 ] DEBUG Engine               - class com.almasb.fxgl.notification.impl.NotificationServiceProvider
18:26:37.035 [FXGL Background Thread 3 ] DEBUG Engine               - class com.almasb.fxgl.achievement.AchievementService
18:26:37.035 [FXGL Background Thread 3 ] DEBUG Engine               - class com.almasb.fxgl.cutscene.CutsceneService
18:26:37.036 [FXGL Background Thread 3 ] DEBUG Engine               - class com.almasb.fxgl.minigames.MiniGameService
18:26:37.036 [FXGL Background Thread 3 ] DEBUG Engine               - class com.almasb.fxgl.net.NetService
18:26:37.036 [FXGL Background Thread 3 ] DEBUG Engine               - class com.almasb.fxgl.app.services.UpdaterService
18:26:37.036 [FXGL Background Thread 3 ] DEBUG Engine               - class com.almasb.fxgl.dev.DevService
18:26:56.184 [JavaFX Application Thread] DEBUG FXGLApplication      - Exiting FXGL
18:26:56.185 [JavaFX Application Thread] DEBUG LoopRunner           - Stopping loop
18:26:56.185 [JavaFX Application Thread] DEBUG SystemBundleService  - Saving FXGL system data
18:26:56.190 [JavaFX Application Thread] DEBUG FileSystemAccess     - Writing to: /home/me/projects/ComProg_Project/system/fxgl.bundle
18:26:56.196 [JavaFX Application Thread] DEBUG Async                - Shutting down background threads
18:26:56.197 [JavaFX Application Thread] DEBUG PrimaryStageWindow   - Closing main window
18:26:56.202 [JavaFX Application Thread] DEBUG Logger               - Closing Logger
