03:57:38.595 [main                     ] DEBUG Logger               - Configured Logger
03:57:38.601 [main                     ] DEBUG GameApplication      - Logging settings
Title: Untitled
Version: 0.0
Width: 1280
Height: 720
Fullscreen: false
Intro: false
Profiling: false
Single step:false
App Mode: DEVELOPER
Menu Key: ESCAPE
Stage Style: DECORATED
Scene Factory: class org.group1.GamePackage.Factory.MainSceneFactory

03:57:38.805 [JavaFX Application Thread] DEBUG FXGLApplication      - Initializing FXGL
03:57:38.809 [JavaFX Application Thread] INFO  Engine               - FXGL-25 (05.02.2026 22.57) on LINUX (J:25.0.2 FX:21.0.6)
03:57:38.809 [JavaFX Application Thread] DEBUG Engine               - JRE Vendor Name: Arch Linux
03:57:38.809 [JavaFX Application Thread] DEBUG Engine               - Running on OS: Linux version 6.19.9-arch1-1
03:57:38.809 [JavaFX Application Thread] DEBUG Engine               - Architecture: amd64
03:57:38.809 [JavaFX Application Thread] INFO  Engine               - Source code and latest versions at: https://github.com/AlmasB/FXGL
03:57:38.809 [JavaFX Application Thread] INFO  Engine               -       Ask questions and discuss at: https://github.com/AlmasB/FXGL/discussions
03:57:38.879 [JavaFX Application Thread] DEBUG PrimaryStageWindow   - Creating a JavaFX scene
03:57:38.955 [JavaFX Application Thread] DEBUG PrimaryStageWindow   - Target settings size: 1280.0 x 720.0
03:57:38.956 [JavaFX Application Thread] DEBUG PrimaryStageWindow   - Scaled scene size:    1280.0 x 720.0
03:57:38.956 [JavaFX Application Thread] DEBUG PrimaryStageWindow   - Scaled ratio: (1.0, 1.0)
03:57:38.957 [JavaFX Application Thread] DEBUG PrimaryStageWindow   - Set initial scene to FXGLStartupScene
03:57:38.960 [JavaFX Application Thread] DEBUG PrimaryStageWindow   - Opening main window
03:57:39.027 [JavaFX Application Thread] DEBUG PrimaryStageWindow   - Window border size: (0.0, 35.0)
03:57:39.028 [JavaFX Application Thread] DEBUG PrimaryStageWindow   - Scaled size: 1280.0 x 685.0
03:57:39.028 [JavaFX Application Thread] DEBUG PrimaryStageWindow   - Scaled ratio: (1.0, 0.9513888888888888)
03:57:39.028 [JavaFX Application Thread] DEBUG PrimaryStageWindow   - Scene size: 1280.0 x 720.0
03:57:39.028 [JavaFX Application Thread] DEBUG PrimaryStageWindow   - Stage size: 1280.0 x 720.0
03:57:39.035 [FXGL Background Thread 1 ] DEBUG Engine               - Initializing environment variables
03:57:39.101 [FXGL Background Thread 1 ] DEBUG FXGLAssetLoaderServi - User app class for loading assets: class org.group1.GamePackage.Application
03:57:39.101 [FXGL Background Thread 1 ] DEBUG GameApplicationServi - Applying CSS: fxgl_dark.css
03:57:39.102 [FXGL Background Thread 1 ] DEBUG FXGLAssetLoaderServi - Loading from file system: jar:file:///home/me/.m2/repository/com/github/almasb/fxgl/25/fxgl-25.jar!/fxglassets/ui/css/fxgl_dark.css
03:57:39.138 [FXGL Background Thread 1 ] DEBUG GameApplicationServi - Initializing application scenes
03:57:39.204 [FXGL Background Thread 1 ] DEBUG GameWorld            - Game world initialized
03:57:39.241 [FXGL Background Thread 1 ] DEBUG PhysicsWorld         - Physics world initialized: appHeight=720, physics.ppm=50.0
03:57:39.241 [FXGL Background Thread 1 ] DEBUG PhysicsWorld         - Using strategy: BRUTE_FORCE
03:57:39.245 [FXGL Background Thread 1 ] DEBUG GameScene            - Game scene initialized: 1280x720
03:57:39.255 [FXGL Background Thread 1 ] DEBUG FXGL.DefaultMenu     - createMenuBodyGameMenu()
03:57:39.261 [FXGL Background Thread 1 ] DEBUG FXGL.DefaultMenu     - createOptionsMenu()
03:57:39.269 [FXGL Background Thread 1 ] DEBUG FXGLAssetLoaderServi - Loading from file system: jar:file:///home/me/.m2/repository/com/github/almasb/fxgl/25/fxgl-25.jar!/fxglassets/textures/particles/smoke.png
03:57:39.358 [FXGL Background Thread 1 ] DEBUG FXGLAssetLoaderServi - Loading from file system: jar:file:///home/me/.m2/repository/com/github/almasb/fxgl/25/fxgl-25.jar!/fxglassets/textures/particles/trace_horizontal.png
03:57:39.392 [FXGL Background Thread 1 ] DEBUG GameApplicationServi - Application scenes initialized
03:57:39.399 [FXGL Background Thread 1 ] DEBUG SystemBundleService  - Loading FXGL system data
03:57:39.402 [FXGL Background Thread 1 ] DEBUG FileSystemAccess     - Reading from: /home/me/ComProg_Project/system/fxgl.bundle
03:57:39.408 [FXGL Background Thread 1 ] DEBUG SystemBundleService  - Bundle FXGL: {}
03:57:39.408 [FXGL Background Thread 1 ] DEBUG UpdaterService       - Checking for updates
03:57:39.415 [FXGL Background Thread 4 ] DEBUG FXGLApplication      - Loading fonts
03:57:39.415 [FXGL Background Thread 4 ] DEBUG FXGLAssetLoaderServi - Loading from file system: jar:file:///home/me/.m2/repository/com/github/almasb/fxgl/25/fxgl-25.jar!/fxglassets/ui/fonts/VarelaRound-Regular.ttf
03:57:39.416 [FXGL Background Thread 1 ] DEBUG FXGLApplication      - Loading default localization
03:57:39.416 [FXGL Background Thread 1 ] DEBUG FXGLAssetLoaderServi - Loading from file system: jar:file:///home/me/.m2/repository/com/github/almasb/fxgl/25/fxgl-25.jar!/fxglassets/languages/english.lang
03:57:39.422 [FXGL Background Thread 4 ] DEBUG FXGLAssetLoaderServi - Loading from file system: jar:file:///home/me/.m2/repository/com/github/almasb/fxgl/25/fxgl-25.jar!/fxglassets/ui/fonts/Abel-Regular.ttf
03:57:39.423 [FXGL Background Thread 4 ] DEBUG FXGLAssetLoaderServi - Loading from file system: jar:file:///home/me/.m2/repository/com/github/almasb/fxgl/25/fxgl-25.jar!/fxglassets/ui/fonts/TerminalLandMono-Regular.otf
03:57:39.425 [FXGL Background Thread 4 ] DEBUG FXGLAssetLoaderServi - Loading from file system: jar:file:///home/me/.m2/repository/com/github/almasb/fxgl/25/fxgl-25.jar!/fxglassets/ui/fonts/Courier-Prime.ttf
03:57:39.429 [FXGL Background Thread 1 ] INFO  FXGLApplication      - FXGL initialization took: 0.394 sec
03:57:39.447 [JavaFX Application Thread] DEBUG Input                - Registered new binding: Move left - A
03:57:39.448 [JavaFX Application Thread] DEBUG Input                - Registered new binding: Move right - D
03:57:39.448 [JavaFX Application Thread] DEBUG Input                - Registered new binding: Move down - S
03:57:39.448 [JavaFX Application Thread] DEBUG Input                - Registered new binding: Move up - W
03:57:39.448 [JavaFX Application Thread] DEBUG Input                - Registered new binding: Shoot - Space
03:57:39.449 [JavaFX Application Thread] DEBUG FXGLAssetLoaderServi - Loading from file system: jar:file:///home/me/.m2/repository/com/github/almasb/fxgl/25/fxgl-25.jar!/fxglassets/textures/fxgl_icon.png
03:57:39.474 [JavaFX Application Thread] DEBUG FXGLAssetLoaderServi - Loading from file system: jar:file:///home/me/.m2/repository/com/github/almasb/fxgl/25/fxgl-25.jar!/fxglassets/textures/fxgl_default_cursor.png
03:57:39.476 [JavaFX Application Thread] DEBUG Input                - Registered new binding: Screenshot - CTRL+8
03:57:39.477 [JavaFX Application Thread] DEBUG Input                - Registered new binding: System info dump - CTRL+9
03:57:39.477 [JavaFX Application Thread] DEBUG Input                - Registered new binding: Restart - CTRL+R
03:57:39.478 [JavaFX Application Thread] DEBUG Input                - Registered new binding: Toggle Debug Camera - CTRL+7
03:57:39.481 [JavaFX Application Thread] DEBUG LoopRunner           - Starting loop
03:57:39.481 [JavaFX Application Thread] DEBUG LoopRunner           - Initializing JavaFX AnimationTimerLoop
03:57:39.483 [JavaFX Application Thread] DEBUG Input                - Clearing active input actions
03:57:39.493 [JavaFX Application Thread] DEBUG GameApplicationServi - Removing overlay from FXGLStartupScene and adding to FXGLMainMenuDummyScene
03:57:39.493 [JavaFX Application Thread] DEBUG PrimaryStageWindow   - FXGLStartupScene -> FXGLMainMenuDummyScene
03:57:39.494 [JavaFX Application Thread] DEBUG PrimaryStageWindow   - Push state: MenuInterface
03:57:39.494 [JavaFX Application Thread] DEBUG Input                - Clearing active input actions
03:57:39.498 [JavaFX Application Thread] DEBUG GameApplicationServi - Removing overlay from FXGLMainMenuDummyScene and adding to MenuInterface
03:57:39.499 [JavaFX Application Thread] DEBUG PrimaryStageWindow   - FXGLMainMenuDummyScene -> MenuInterface
03:57:39.499 [JavaFX Application Thread] DEBUG FXGLApplication      - Registering font factories with UI factory
03:57:40.394 [JavaFX Application Thread] DEBUG Menu                 - fireNewGame()
03:57:40.394 [JavaFX Application Thread] DEBUG GameApplicationServi - Starting new game
03:57:40.395 [JavaFX Application Thread] DEBUG PrimaryStageWindow   - Pop state: MenuInterface
03:57:40.395 [JavaFX Application Thread] DEBUG Input                - Clearing active input actions
03:57:40.395 [JavaFX Application Thread] DEBUG GameApplicationServi - Removing overlay from MenuInterface and adding to FXGLMainMenuDummyScene
03:57:40.396 [JavaFX Application Thread] DEBUG PrimaryStageWindow   - FXGLMainMenuDummyScene <- MenuInterface
03:57:40.396 [JavaFX Application Thread] DEBUG Input                - Clearing active input actions
03:57:40.404 [JavaFX Application Thread] DEBUG GameApplicationServi - Removing overlay from FXGLMainMenuDummyScene and adding to LoadingInterface
03:57:40.405 [JavaFX Application Thread] DEBUG PrimaryStageWindow   - FXGLMainMenuDummyScene -> LoadingInterface
03:57:40.405 [JavaFX Application Thread] DEBUG GameApplicationServi - Clearing previous game
03:57:40.405 [JavaFX Application Thread] DEBUG GameScene            - Clearing game scene
03:57:40.405 [JavaFX Application Thread] DEBUG GameWorld            - Clearing game world
03:57:40.405 [JavaFX Application Thread] DEBUG PhysicsWorld         - Clearing physics world
03:57:40.407 [FXGL Background Thread 2 ] DEBUG FXGLApplication      - Initializing game
03:57:40.416 [FXGL Background Thread 2 ] DEBUG FXGLAssetLoaderServi - Loading from file system: file:/home/me/ComProg_Project/target/classes/assets/textures/background.png
03:57:40.519 [FXGL Background Thread 2 ] DEBUG FXGLAssetLoaderServi - Loading from file system: file:/home/me/ComProg_Project/target/classes/assets/textures/background_stars1.png
03:57:40.645 [FXGL Background Thread 2 ] DEBUG FXGLAssetLoaderServi - Loading from file system: file:/home/me/ComProg_Project/target/classes/assets/textures/background_stars2.png
03:57:40.681 [FXGL Background Thread 2 ] DEBUG FXGLAssetLoaderServi - Loading from file system: file:/home/me/ComProg_Project/target/classes/assets/textures/background_stars3.png
03:57:40.717 [FXGL Background Thread 2 ] DEBUG FXGLAssetLoaderServi - Loading from file system: file:/home/me/ComProg_Project/target/classes/assets/textures/background_cloud1.png
03:57:40.736 [FXGL Background Thread 2 ] DEBUG FXGLAssetLoaderServi - Loading from file system: file:/home/me/ComProg_Project/target/classes/assets/textures/background_cloud2.png
03:57:40.749 [FXGL Background Thread 2 ] DEBUG FXGLAssetLoaderServi - Loading from file system: file:/home/me/ComProg_Project/target/classes/assets/textures/background_mist1.png
03:57:40.760 [FXGL Background Thread 2 ] DEBUG FXGLAssetLoaderServi - Loading from file system: file:/home/me/ComProg_Project/target/classes/assets/textures/background_hills.png
03:57:40.780 [FXGL Background Thread 2 ] DEBUG FXGLAssetLoaderServi - Loading from file system: file:/home/me/ComProg_Project/target/classes/assets/textures/background_forest.png
03:57:40.791 [FXGL Background Thread 2 ] DEBUG FXGLAssetLoaderServi - Loading from file system: file:/home/me/ComProg_Project/target/classes/assets/textures/background_large_forest.png
03:57:40.813 [FXGL Background Thread 2 ] DEBUG FXGLAssetLoaderServi - Loading from file system: file:/home/me/ComProg_Project/target/classes/assets/textures/idle_sprite.png
03:57:40.818 [FXGL Background Thread 2 ] DEBUG FXGLAssetLoaderServi - Loading from file system: file:/home/me/ComProg_Project/target/classes/assets/textures/down_sprite.png
03:57:40.819 [FXGL Background Thread 2 ] DEBUG FXGLAssetLoaderServi - Loading from file system: file:/home/me/ComProg_Project/target/classes/assets/textures/up_sprite.png
03:57:40.828 [FXGL Background Thread 2 ] DEBUG FXGLAssetLoaderServi - Loading from file system: file:/home/me/ComProg_Project/target/classes/assets/music/main_music.wav
03:57:40.912 [FXGL Background Thread 2 ] DEBUG AudioPlayer          - Playing music com.almasb.fxgl.audio.Music@f37a212
03:57:40.916 [FXGL Background Thread 2 ] INFO  FXGLApplication      - Game initialization took: 0.509 sec
03:57:40.916 [JavaFX Application Thread] DEBUG Input                - Clearing active input actions
03:57:40.930 [JavaFX Application Thread] DEBUG GameApplicationServi - Removing overlay from LoadingInterface and adding to GameScene
03:57:40.930 [JavaFX Application Thread] DEBUG PrimaryStageWindow   - LoadingInterface -> GameScene
03:57:41.410 [JavaFX Application Thread] DEBUG FXGLAssetLoaderServi - Loading from file system: file:/home/me/ComProg_Project/target/classes/assets/textures/enemy_sprite.png
03:57:41.413 [JavaFX Application Thread] DEBUG FXGLAssetLoaderServi - Loading from file system: file:/home/me/ComProg_Project/target/classes/assets/textures/explosion_sprite.png
03:57:42.412 [FXGL Background Thread 3 ] DEBUG Engine               - Logging environment variables
03:57:42.413 [FXGL Background Thread 3 ] DEBUG Engine               - achievements: []
03:57:42.413 [FXGL Background Thread 3 ] DEBUG Engine               - actualHeight: 685.0
03:57:42.413 [FXGL Background Thread 3 ] DEBUG Engine               - actualHeightProperty: ReadOnlyDoubleProperty [value: 685.0]
03:57:42.413 [FXGL Background Thread 3 ] DEBUG Engine               - actualWidth: 1280.0
03:57:42.414 [FXGL Background Thread 3 ] DEBUG Engine               - actualWidthProperty: ReadOnlyDoubleProperty [value: 1280.0]
03:57:42.414 [FXGL Background Thread 3 ] DEBUG Engine               - appIcon: fxgl_icon.png
03:57:42.414 [FXGL Background Thread 3 ] DEBUG Engine               - applicationMode: DEVELOPER
03:57:42.414 [FXGL Background Thread 3 ] DEBUG Engine               - cSSList: [fxgl_dark.css]
03:57:42.414 [FXGL Background Thread 3 ] DEBUG Engine               - collisionDetectionStrategy: BRUTE_FORCE
03:57:42.414 [FXGL Background Thread 3 ] DEBUG Engine               - configClass: Optional.empty
03:57:42.414 [FXGL Background Thread 3 ] DEBUG Engine               - credits: []
03:57:42.415 [FXGL Background Thread 3 ] DEBUG Engine               - defaultCursor: CursorInfo(imageName=fxgl_default_cursor.png, hotspotX=7.0, hotspotY=6.0)
03:57:42.415 [FXGL Background Thread 3 ] DEBUG Engine               - devBBoxColorProperty: ObjectProperty [value: 0xff0000ff]
03:57:42.415 [FXGL Background Thread 3 ] DEBUG Engine               - devEnableDebugCameraProperty: BooleanProperty [value: false]
03:57:42.415 [FXGL Background Thread 3 ] DEBUG Engine               - devSensorColorProperty: ObjectProperty [value: 0xffff00ff]
03:57:42.415 [FXGL Background Thread 3 ] DEBUG Engine               - devShowBBoxProperty: BooleanProperty [value: false]
03:57:42.415 [FXGL Background Thread 3 ] DEBUG Engine               - devShowPositionProperty: BooleanProperty [value: false]
03:57:42.415 [FXGL Background Thread 3 ] DEBUG Engine               - enabledMenuItems: []
03:57:42.415 [FXGL Background Thread 3 ] DEBUG Engine               - engineServices: [class com.almasb.fxgl.app.services.FXGLAssetLoaderService, class com.almasb.fxgl.app.FXGLApplication$GameApplicationService, class com.almasb.fxgl.app.services.FXGLDialogService, class com.almasb.fxgl.app.services.IOTaskExecutorService, class com.almasb.fxgl.io.FileSystemService, class com.almasb.fxgl.localization.LocalizationService, class com.almasb.fxgl.app.services.SystemBundleService, class com.almasb.fxgl.profile.SaveLoadService, class com.almasb.fxgl.ui.FXGLUIFactoryServiceProvider, class com.almasb.fxgl.ui.FXGLDialogFactoryServiceProvider, class com.almasb.fxgl.audio.AudioPlayer, class com.almasb.fxgl.notification.impl.NotificationServiceProvider, class com.almasb.fxgl.achievement.AchievementService, class com.almasb.fxgl.cutscene.CutsceneService, class com.almasb.fxgl.minigames.MiniGameService, class com.almasb.fxgl.net.NetService, class com.almasb.fxgl.app.services.UpdaterService, class com.almasb.fxgl.dev.DevService]
03:57:42.416 [FXGL Background Thread 3 ] DEBUG Engine               - fontGame: Abel-Regular.ttf
03:57:42.416 [FXGL Background Thread 3 ] DEBUG Engine               - fontMono: TerminalLandMono-Regular.otf
03:57:42.416 [FXGL Background Thread 3 ] DEBUG Engine               - fontSizeScaleUI: 1.0
03:57:42.416 [FXGL Background Thread 3 ] DEBUG Engine               - fontText: Courier-Prime.ttf
03:57:42.416 [FXGL Background Thread 3 ] DEBUG Engine               - fontUI: VarelaRound-Regular.ttf
03:57:42.416 [FXGL Background Thread 3 ] DEBUG Engine               - fpsRefreshRate: 500.0 ms
03:57:42.416 [FXGL Background Thread 3 ] DEBUG Engine               - fullScreen: BooleanProperty [value: false]
03:57:42.416 [FXGL Background Thread 3 ] DEBUG Engine               - gameDifficulty: MEDIUM
03:57:42.416 [FXGL Background Thread 3 ] DEBUG Engine               - gameDifficultyProperty: ObjectProperty [value: MEDIUM]
03:57:42.417 [FXGL Background Thread 3 ] DEBUG Engine               - globalMusicVolume: 0.5
03:57:42.417 [FXGL Background Thread 3 ] DEBUG Engine               - globalMusicVolumeProperty: DoubleProperty [value: 0.5]
03:57:42.417 [FXGL Background Thread 3 ] DEBUG Engine               - globalSoundVolume: 0.5
03:57:42.417 [FXGL Background Thread 3 ] DEBUG Engine               - globalSoundVolumeProperty: DoubleProperty [value: 0.5]
03:57:42.417 [FXGL Background Thread 3 ] DEBUG Engine               - height: 720
03:57:42.417 [FXGL Background Thread 3 ] DEBUG Engine               - is3D: false
03:57:42.417 [FXGL Background Thread 3 ] DEBUG Engine               - isAndroid: false
03:57:42.417 [FXGL Background Thread 3 ] DEBUG Engine               - isBrowser: false
03:57:42.417 [FXGL Background Thread 3 ] DEBUG Engine               - isClickFeedbackEnabled: false
03:57:42.417 [FXGL Background Thread 3 ] DEBUG Engine               - isCloseConfirmation: false
03:57:42.417 [FXGL Background Thread 3 ] DEBUG Engine               - isDesktop: true
03:57:42.417 [FXGL Background Thread 3 ] DEBUG Engine               - isDeveloperMenuEnabled: false
03:57:42.417 [FXGL Background Thread 3 ] DEBUG Engine               - isEmbedded: false
03:57:42.418 [FXGL Background Thread 3 ] DEBUG Engine               - isEntityPreloadEnabled: true
03:57:42.418 [FXGL Background Thread 3 ] DEBUG Engine               - isExperimentalTiledLargeMap: false
03:57:42.418 [FXGL Background Thread 3 ] DEBUG Engine               - isFileSystemWriteAllowed: true
03:57:42.418 [FXGL Background Thread 3 ] DEBUG Engine               - isFullScreenAllowed: false
03:57:42.418 [FXGL Background Thread 3 ] DEBUG Engine               - isFullScreenFromStart: false
03:57:42.418 [FXGL Background Thread 3 ] DEBUG Engine               - isGameMenuEnabled: true
03:57:42.418 [FXGL Background Thread 3 ] DEBUG Engine               - isIOS: false
03:57:42.418 [FXGL Background Thread 3 ] DEBUG Engine               - isIntroEnabled: false
03:57:42.418 [FXGL Background Thread 3 ] DEBUG Engine               - isLinux: true
03:57:42.418 [FXGL Background Thread 3 ] DEBUG Engine               - isMac: false
03:57:42.418 [FXGL Background Thread 3 ] DEBUG Engine               - isMainMenuEnabled: true
03:57:42.418 [FXGL Background Thread 3 ] DEBUG Engine               - isManualResizeEnabled: false
03:57:42.418 [FXGL Background Thread 3 ] DEBUG Engine               - isMobile: false
03:57:42.418 [FXGL Background Thread 3 ] DEBUG Engine               - isNative: false
03:57:42.418 [FXGL Background Thread 3 ] DEBUG Engine               - isPauseMusicWhenMinimized: true
03:57:42.418 [FXGL Background Thread 3 ] DEBUG Engine               - isPreserveResizeRatio: false
03:57:42.419 [FXGL Background Thread 3 ] DEBUG Engine               - isProfilingEnabled: false
03:57:42.419 [FXGL Background Thread 3 ] DEBUG Engine               - isScaleAffectedOnResize: true
03:57:42.419 [FXGL Background Thread 3 ] DEBUG Engine               - isSingleStep: false
03:57:42.419 [FXGL Background Thread 3 ] DEBUG Engine               - isUserProfileEnabled: false
03:57:42.419 [FXGL Background Thread 3 ] DEBUG Engine               - isWindows: false
03:57:42.419 [FXGL Background Thread 3 ] DEBUG Engine               - language: ObjectProperty [value: ENGLISH]
03:57:42.419 [FXGL Background Thread 3 ] DEBUG Engine               - menuKey: ESCAPE
03:57:42.419 [FXGL Background Thread 3 ] DEBUG Engine               - mouseSensitivity: 0.2
03:57:42.419 [FXGL Background Thread 3 ] DEBUG Engine               - notificationViewClass: class com.almasb.fxgl.notification.view.XboxNotificationView
03:57:42.420 [FXGL Background Thread 3 ] DEBUG Engine               - pixelsPerMeter: 50.0
03:57:42.420 [FXGL Background Thread 3 ] DEBUG Engine               - platform: LINUX
03:57:42.420 [FXGL Background Thread 3 ] DEBUG Engine               - prefHeightProperty: ReadOnlyDoubleProperty [value: 720.0]
03:57:42.420 [FXGL Background Thread 3 ] DEBUG Engine               - prefWidthProperty: ReadOnlyDoubleProperty [value: 1280.0]
03:57:42.420 [FXGL Background Thread 3 ] DEBUG Engine               - profileDir: profiles/
03:57:42.420 [FXGL Background Thread 3 ] DEBUG Engine               - profileName: StringProperty [value: DEFAULT]
03:57:42.420 [FXGL Background Thread 3 ] DEBUG Engine               - randomSeed: -1
03:57:42.420 [FXGL Background Thread 3 ] DEBUG Engine               - runtimeInfo: RuntimeInfo(platform=LINUX, version=25, build=05.02.2026 22.57)
03:57:42.420 [FXGL Background Thread 3 ] DEBUG Engine               - saveFileExt: sav
03:57:42.421 [FXGL Background Thread 3 ] DEBUG Engine               - scaledHeightProp$fxgl: DoubleProperty [bound, value: 685.0]
03:57:42.421 [FXGL Background Thread 3 ] DEBUG Engine               - scaledWidthProp$fxgl: DoubleProperty [bound, value: 1280.0]
03:57:42.421 [FXGL Background Thread 3 ] DEBUG Engine               - sceneFactory: org.group1.GamePackage.Factory.MainSceneFactory@18270904
03:57:42.421 [FXGL Background Thread 3 ] DEBUG Engine               - secondsIn24h: 60
03:57:42.421 [FXGL Background Thread 3 ] DEBUG Engine               - soundMenuBack: menu/back.wav
03:57:42.421 [FXGL Background Thread 3 ] DEBUG Engine               - soundMenuPress: menu/press.wav
03:57:42.421 [FXGL Background Thread 3 ] DEBUG Engine               - soundMenuSelect: menu/select.wav
03:57:42.421 [FXGL Background Thread 3 ] DEBUG Engine               - soundNotification: core/notification.wav
03:57:42.421 [FXGL Background Thread 3 ] DEBUG Engine               - stageStyle: DECORATED
03:57:42.421 [FXGL Background Thread 3 ] DEBUG Engine               - supportedLanguages: [ENGLISH, FRENCH, GERMAN, HUNGARIAN, RUSSIAN]
03:57:42.421 [FXGL Background Thread 3 ] DEBUG Engine               - ticksPerSecond: -1
03:57:42.421 [FXGL Background Thread 3 ] DEBUG Engine               - title: Untitled
03:57:42.421 [FXGL Background Thread 3 ] DEBUG Engine               - urlGithub: https://github.com/AlmasB/FXGL
03:57:42.421 [FXGL Background Thread 3 ] DEBUG Engine               - urlLeaderboard: http://fxgl-top.herokuapp.com/
03:57:42.421 [FXGL Background Thread 3 ] DEBUG Engine               - urlPOM: https://raw.githubusercontent.com/AlmasB/FXGL/release/README.md
03:57:42.422 [FXGL Background Thread 3 ] DEBUG Engine               - userAppClass: class org.group1.GamePackage.Application
03:57:42.422 [FXGL Background Thread 3 ] DEBUG Engine               - version: 0.0
03:57:42.422 [FXGL Background Thread 3 ] DEBUG Engine               - versionCheckDays: 7
03:57:42.422 [FXGL Background Thread 3 ] DEBUG Engine               - width: 1280
03:57:42.422 [FXGL Background Thread 3 ] DEBUG Engine               - Logging services
03:57:42.422 [FXGL Background Thread 3 ] DEBUG Engine               - class com.almasb.fxgl.app.services.FXGLAssetLoaderService
03:57:42.422 [FXGL Background Thread 3 ] DEBUG Engine               - class com.almasb.fxgl.app.FXGLApplication$GameApplicationService
03:57:42.422 [FXGL Background Thread 3 ] DEBUG Engine               - class com.almasb.fxgl.app.services.FXGLDialogService
03:57:42.422 [FXGL Background Thread 3 ] DEBUG Engine               - class com.almasb.fxgl.app.services.IOTaskExecutorService
03:57:42.422 [FXGL Background Thread 3 ] DEBUG Engine               - class com.almasb.fxgl.io.FileSystemService
03:57:42.422 [FXGL Background Thread 3 ] DEBUG Engine               - class com.almasb.fxgl.localization.LocalizationService
03:57:42.423 [FXGL Background Thread 3 ] DEBUG Engine               - class com.almasb.fxgl.app.services.SystemBundleService
03:57:42.423 [FXGL Background Thread 3 ] DEBUG Engine               - class com.almasb.fxgl.profile.SaveLoadService
03:57:42.423 [FXGL Background Thread 3 ] DEBUG Engine               - class com.almasb.fxgl.ui.FXGLUIFactoryServiceProvider
03:57:42.423 [FXGL Background Thread 3 ] DEBUG Engine               - class com.almasb.fxgl.ui.FXGLDialogFactoryServiceProvider
03:57:42.423 [FXGL Background Thread 3 ] DEBUG Engine               - class com.almasb.fxgl.audio.AudioPlayer
03:57:42.423 [FXGL Background Thread 3 ] DEBUG Engine               - class com.almasb.fxgl.notification.impl.NotificationServiceProvider
03:57:42.423 [FXGL Background Thread 3 ] DEBUG Engine               - class com.almasb.fxgl.achievement.AchievementService
03:57:42.423 [FXGL Background Thread 3 ] DEBUG Engine               - class com.almasb.fxgl.cutscene.CutsceneService
03:57:42.423 [FXGL Background Thread 3 ] DEBUG Engine               - class com.almasb.fxgl.minigames.MiniGameService
03:57:42.423 [FXGL Background Thread 3 ] DEBUG Engine               - class com.almasb.fxgl.net.NetService
03:57:42.423 [FXGL Background Thread 3 ] DEBUG Engine               - class com.almasb.fxgl.app.services.UpdaterService
03:57:42.423 [FXGL Background Thread 3 ] DEBUG Engine               - class com.almasb.fxgl.dev.DevService
03:57:50.934 [JavaFX Application Thread] DEBUG FXGLAssetLoaderServi - Loading from file system: file:/home/me/ComProg_Project/target/classes/assets/textures/death_sprite.png
03:57:53.933 [JavaFX Application Thread] DEBUG AudioPlayer          - Pausing music com.almasb.fxgl.audio.Music@f37a212
03:57:53.964 [JavaFX Application Thread] DEBUG LoopRunner           - Pausing loop
03:57:56.129 [JavaFX Application Thread] DEBUG PrimaryStageWindow   - Push state: FXGLDefaultMenu
03:57:56.135 [JavaFX Application Thread] DEBUG Input                - Clearing active input actions
03:57:56.141 [JavaFX Application Thread] DEBUG GameApplicationServi - Removing overlay from GameScene and adding to FXGLDefaultMenu
03:57:56.141 [JavaFX Application Thread] DEBUG PrimaryStageWindow   - GameScene -> FXGLDefaultMenu
03:57:56.764 [JavaFX Application Thread] DEBUG PrimaryStageWindow   - Pop state: FXGLDefaultMenu
03:57:56.764 [JavaFX Application Thread] DEBUG Input                - Clearing active input actions
03:57:56.766 [JavaFX Application Thread] DEBUG GameApplicationServi - Removing overlay from FXGLDefaultMenu and adding to GameScene
03:57:56.767 [JavaFX Application Thread] DEBUG PrimaryStageWindow   - GameScene <- FXGLDefaultMenu
03:57:57.027 [JavaFX Application Thread] DEBUG PrimaryStageWindow   - Push state: FXGLDefaultMenu
03:57:57.028 [JavaFX Application Thread] DEBUG Input                - Clearing active input actions
03:57:57.028 [JavaFX Application Thread] DEBUG GameApplicationServi - Removing overlay from GameScene and adding to FXGLDefaultMenu
03:57:57.028 [JavaFX Application Thread] DEBUG PrimaryStageWindow   - GameScene -> FXGLDefaultMenu
03:57:57.762 [JavaFX Application Thread] DEBUG PrimaryStageWindow   - Pop state: FXGLDefaultMenu
03:57:57.762 [JavaFX Application Thread] DEBUG Input                - Clearing active input actions
03:57:57.763 [JavaFX Application Thread] DEBUG GameApplicationServi - Removing overlay from FXGLDefaultMenu and adding to GameScene
03:57:57.763 [JavaFX Application Thread] DEBUG PrimaryStageWindow   - GameScene <- FXGLDefaultMenu
03:57:58.111 [JavaFX Application Thread] DEBUG PrimaryStageWindow   - Push state: FXGLDefaultMenu
03:57:58.111 [JavaFX Application Thread] DEBUG Input                - Clearing active input actions
03:57:58.112 [JavaFX Application Thread] DEBUG GameApplicationServi - Removing overlay from GameScene and adding to FXGLDefaultMenu
03:57:58.112 [JavaFX Application Thread] DEBUG PrimaryStageWindow   - GameScene -> FXGLDefaultMenu
03:57:58.506 [JavaFX Application Thread] DEBUG PrimaryStageWindow   - Pop state: FXGLDefaultMenu
03:57:58.506 [JavaFX Application Thread] DEBUG Input                - Clearing active input actions
03:57:58.507 [JavaFX Application Thread] DEBUG GameApplicationServi - Removing overlay from FXGLDefaultMenu and adding to GameScene
03:57:58.508 [JavaFX Application Thread] DEBUG PrimaryStageWindow   - GameScene <- FXGLDefaultMenu
03:57:58.730 [JavaFX Application Thread] DEBUG PrimaryStageWindow   - Push state: FXGLDefaultMenu
03:57:58.731 [JavaFX Application Thread] DEBUG Input                - Clearing active input actions
03:57:58.732 [JavaFX Application Thread] DEBUG GameApplicationServi - Removing overlay from GameScene and adding to FXGLDefaultMenu
03:57:58.732 [JavaFX Application Thread] DEBUG PrimaryStageWindow   - GameScene -> FXGLDefaultMenu
03:57:59.004 [JavaFX Application Thread] DEBUG PrimaryStageWindow   - Pop state: FXGLDefaultMenu
03:57:59.004 [JavaFX Application Thread] DEBUG Input                - Clearing active input actions
03:57:59.006 [JavaFX Application Thread] DEBUG GameApplicationServi - Removing overlay from FXGLDefaultMenu and adding to GameScene
03:57:59.006 [JavaFX Application Thread] DEBUG PrimaryStageWindow   - GameScene <- FXGLDefaultMenu
03:57:59.726 [JavaFX Application Thread] DEBUG FXGLApplication      - Exiting FXGL
03:57:59.726 [JavaFX Application Thread] DEBUG LoopRunner           - Stopping loop
03:57:59.726 [JavaFX Application Thread] DEBUG SystemBundleService  - Saving FXGL system data
03:57:59.728 [JavaFX Application Thread] DEBUG FileSystemAccess     - Writing to: /home/me/ComProg_Project/system/fxgl.bundle
03:57:59.731 [JavaFX Application Thread] DEBUG Async                - Shutting down background threads
03:57:59.731 [JavaFX Application Thread] DEBUG PrimaryStageWindow   - Closing main window
03:57:59.733 [JavaFX Application Thread] DEBUG Logger               - Closing Logger
