00:23:25.577 [main                     ] DEBUG Logger               - Configured Logger
00:23:25.586 [main                     ] DEBUG GameApplication      - Logging settings
Title: Untitled
Version: 0.0
Width: 1280
Height: 720
Fullscreen: false
Intro: false
Profiling: false
Single step:false
App Mode: DEVELOPER
Menu Key: ESCAPE
Stage Style: DECORATED
Scene Factory: class com.almasb.fxgl.app.scene.SceneFactory

00:23:25.784 [JavaFX Application Thread] DEBUG FXGLApplication      - Initializing FXGL
00:23:25.787 [JavaFX Application Thread] INFO  Engine               - FXGL-25 (05.02.2026 22.57) on LINUX (J:25.0.2 FX:21.0.6)
00:23:25.788 [JavaFX Application Thread] DEBUG Engine               - JRE Vendor Name: Arch Linux
00:23:25.788 [JavaFX Application Thread] DEBUG Engine               - Running on OS: Linux version 6.19.9-arch1-1
00:23:25.788 [JavaFX Application Thread] DEBUG Engine               - Architecture: amd64
00:23:25.788 [JavaFX Application Thread] INFO  Engine               - Source code and latest versions at: https://github.com/AlmasB/FXGL
00:23:25.788 [JavaFX Application Thread] INFO  Engine               -       Ask questions and discuss at: https://github.com/AlmasB/FXGL/discussions
00:23:25.866 [JavaFX Application Thread] DEBUG PrimaryStageWindow   - Creating a JavaFX scene
00:23:25.944 [JavaFX Application Thread] DEBUG PrimaryStageWindow   - Target settings size: 1280.0 x 720.0
00:23:25.944 [JavaFX Application Thread] DEBUG PrimaryStageWindow   - Scaled scene size:    1280.0 x 720.0
00:23:25.944 [JavaFX Application Thread] DEBUG PrimaryStageWindow   - Scaled ratio: (1.0, 1.0)
00:23:25.945 [JavaFX Application Thread] DEBUG PrimaryStageWindow   - Set initial scene to FXGLStartupScene
00:23:25.949 [JavaFX Application Thread] DEBUG PrimaryStageWindow   - Opening main window
00:23:26.017 [JavaFX Application Thread] DEBUG PrimaryStageWindow   - Window border size: (0.0, 35.0)
00:23:26.017 [JavaFX Application Thread] DEBUG PrimaryStageWindow   - Scaled size: 1280.0 x 685.0
00:23:26.017 [JavaFX Application Thread] DEBUG PrimaryStageWindow   - Scaled ratio: (1.0, 0.9513888888888888)
00:23:26.017 [JavaFX Application Thread] DEBUG PrimaryStageWindow   - Scene size: 1280.0 x 720.0
00:23:26.017 [JavaFX Application Thread] DEBUG PrimaryStageWindow   - Stage size: 1280.0 x 720.0
00:23:26.022 [FXGL Background Thread 1 ] DEBUG Engine               - Initializing environment variables
00:23:26.087 [FXGL Background Thread 1 ] DEBUG FXGLAssetLoaderServi - User app class for loading assets: class org.group1.GamePackage.Application
00:23:26.087 [FXGL Background Thread 1 ] DEBUG GameApplicationServi - Applying CSS: fxgl_dark.css
00:23:26.088 [FXGL Background Thread 1 ] DEBUG FXGLAssetLoaderServi - Loading from file system: jar:file:///home/me/.m2/repository/com/github/almasb/fxgl/25/fxgl-25.jar!/fxglassets/ui/css/fxgl_dark.css
00:23:26.131 [FXGL Background Thread 1 ] DEBUG GameApplicationServi - Initializing application scenes
00:23:26.162 [FXGL Background Thread 1 ] DEBUG GameWorld            - Game world initialized
00:23:26.202 [FXGL Background Thread 1 ] DEBUG PhysicsWorld         - Physics world initialized: appHeight=720, physics.ppm=50.0
00:23:26.203 [FXGL Background Thread 1 ] DEBUG PhysicsWorld         - Using strategy: BRUTE_FORCE
00:23:26.207 [FXGL Background Thread 1 ] DEBUG GameScene            - Game scene initialized: 1280x720
00:23:26.218 [FXGL Background Thread 1 ] DEBUG FXGL.DefaultMenu     - createMenuBodyGameMenu()
00:23:26.230 [FXGL Background Thread 1 ] DEBUG FXGL.DefaultMenu     - createOptionsMenu()
00:23:26.238 [FXGL Background Thread 1 ] DEBUG FXGLAssetLoaderServi - Loading from file system: jar:file:///home/me/.m2/repository/com/github/almasb/fxgl/25/fxgl-25.jar!/fxglassets/textures/particles/smoke.png
00:23:26.313 [FXGL Background Thread 1 ] DEBUG FXGLAssetLoaderServi - Loading from file system: jar:file:///home/me/.m2/repository/com/github/almasb/fxgl/25/fxgl-25.jar!/fxglassets/textures/particles/trace_horizontal.png
00:23:26.337 [FXGL Background Thread 1 ] DEBUG GameApplicationServi - Application scenes initialized
00:23:26.348 [FXGL Background Thread 1 ] DEBUG SystemBundleService  - Loading FXGL system data
00:23:26.350 [FXGL Background Thread 1 ] DEBUG FileSystemAccess     - Reading from: /home/me/ComProg_Project/system/fxgl.bundle
00:23:26.356 [FXGL Background Thread 1 ] DEBUG SystemBundleService  - Bundle FXGL: {}
00:23:26.356 [FXGL Background Thread 1 ] DEBUG UpdaterService       - Checking for updates
00:23:26.361 [FXGL Background Thread 4 ] DEBUG FXGLApplication      - Loading fonts
00:23:26.361 [FXGL Background Thread 4 ] DEBUG FXGLAssetLoaderServi - Loading from file system: jar:file:///home/me/.m2/repository/com/github/almasb/fxgl/25/fxgl-25.jar!/fxglassets/ui/fonts/VarelaRound-Regular.ttf
00:23:26.362 [FXGL Background Thread 1 ] DEBUG FXGLApplication      - Loading default localization
00:23:26.362 [FXGL Background Thread 1 ] DEBUG FXGLAssetLoaderServi - Loading from file system: jar:file:///home/me/.m2/repository/com/github/almasb/fxgl/25/fxgl-25.jar!/fxglassets/languages/english.lang
00:23:26.368 [FXGL Background Thread 4 ] DEBUG FXGLAssetLoaderServi - Loading from file system: jar:file:///home/me/.m2/repository/com/github/almasb/fxgl/25/fxgl-25.jar!/fxglassets/ui/fonts/Abel-Regular.ttf
00:23:26.370 [FXGL Background Thread 4 ] DEBUG FXGLAssetLoaderServi - Loading from file system: jar:file:///home/me/.m2/repository/com/github/almasb/fxgl/25/fxgl-25.jar!/fxglassets/ui/fonts/TerminalLandMono-Regular.otf
00:23:26.372 [FXGL Background Thread 4 ] DEBUG FXGLAssetLoaderServi - Loading from file system: jar:file:///home/me/.m2/repository/com/github/almasb/fxgl/25/fxgl-25.jar!/fxglassets/ui/fonts/Courier-Prime.ttf
00:23:26.376 [FXGL Background Thread 1 ] INFO  FXGLApplication      - FXGL initialization took: 0.353 sec
00:23:26.377 [JavaFX Application Thread] DEBUG FXGLApplication      - Registering font factories with UI factory
00:23:26.385 [JavaFX Application Thread] DEBUG Input                - Registered new binding: Shoot - Space
00:23:26.385 [JavaFX Application Thread] DEBUG Input                - Registered new binding: Move up - W
00:23:26.386 [JavaFX Application Thread] DEBUG Input                - Registered new binding: Move down - S
00:23:26.386 [JavaFX Application Thread] DEBUG Input                - Registered new binding: Move left - A
00:23:26.386 [JavaFX Application Thread] DEBUG Input                - Registered new binding: Move right - D
00:23:26.386 [JavaFX Application Thread] DEBUG FXGLAssetLoaderServi - Loading from file system: jar:file:///home/me/.m2/repository/com/github/almasb/fxgl/25/fxgl-25.jar!/fxglassets/textures/fxgl_icon.png
00:23:26.406 [JavaFX Application Thread] DEBUG FXGLAssetLoaderServi - Loading from file system: jar:file:///home/me/.m2/repository/com/github/almasb/fxgl/25/fxgl-25.jar!/fxglassets/textures/fxgl_default_cursor.png
00:23:26.410 [JavaFX Application Thread] DEBUG Input                - Registered new binding: Screenshot - CTRL+8
00:23:26.410 [JavaFX Application Thread] DEBUG Input                - Registered new binding: System info dump - CTRL+9
00:23:26.411 [JavaFX Application Thread] DEBUG Input                - Registered new binding: Restart - CTRL+R
00:23:26.412 [JavaFX Application Thread] DEBUG Input                - Registered new binding: Toggle Debug Camera - CTRL+7
00:23:26.415 [JavaFX Application Thread] DEBUG LoopRunner           - Starting loop
00:23:26.415 [JavaFX Application Thread] DEBUG LoopRunner           - Initializing JavaFX AnimationTimerLoop
00:23:26.416 [JavaFX Application Thread] DEBUG GameApplicationServi - Starting new game
00:23:26.416 [JavaFX Application Thread] DEBUG Input                - Clearing active input actions
00:23:26.428 [JavaFX Application Thread] DEBUG GameApplicationServi - Removing overlay from FXGLStartupScene and adding to FXGLLoadingScene
00:23:26.428 [JavaFX Application Thread] DEBUG PrimaryStageWindow   - FXGLStartupScene -> FXGLLoadingScene
00:23:26.428 [JavaFX Application Thread] DEBUG GameApplicationServi - Clearing previous game
00:23:26.428 [JavaFX Application Thread] DEBUG GameScene            - Clearing game scene
00:23:26.428 [JavaFX Application Thread] DEBUG GameWorld            - Clearing game world
00:23:26.428 [JavaFX Application Thread] DEBUG PhysicsWorld         - Clearing physics world
00:23:26.431 [FXGL Background Thread 4 ] DEBUG FXGLApplication      - Initializing game
00:23:26.443 [FXGL Background Thread 4 ] DEBUG FXGLAssetLoaderServi - Loading from file system: file:/home/me/ComProg_Project/target/classes/assets/textures/idle_sprite.png
00:23:26.453 [FXGL Background Thread 4 ] DEBUG FXGLAssetLoaderServi - Loading from file system: file:/home/me/ComProg_Project/target/classes/assets/textures/down_sprite.png
00:23:26.459 [FXGL Background Thread 4 ] DEBUG FXGLAssetLoaderServi - Loading from file system: file:/home/me/ComProg_Project/target/classes/assets/textures/up_sprite.png
00:23:26.484 [FXGL Background Thread 4 ] INFO  FXGLApplication      - Game initialization took: 0.053 sec
00:23:26.556 [JavaFX Application Thread] DEBUG Input                - Clearing active input actions
00:23:26.568 [JavaFX Application Thread] DEBUG GameApplicationServi - Removing overlay from FXGLLoadingScene and adding to GameScene
00:23:26.569 [JavaFX Application Thread] DEBUG PrimaryStageWindow   - FXGLLoadingScene -> GameScene
00:23:29.360 [FXGL Background Thread 3 ] DEBUG Engine               - Logging environment variables
00:23:29.362 [FXGL Background Thread 3 ] DEBUG Engine               - achievements: []
00:23:29.362 [FXGL Background Thread 3 ] DEBUG Engine               - actualHeight: 685.0
00:23:29.363 [FXGL Background Thread 3 ] DEBUG Engine               - actualHeightProperty: ReadOnlyDoubleProperty [value: 685.0]
00:23:29.363 [FXGL Background Thread 3 ] DEBUG Engine               - actualWidth: 1280.0
00:23:29.364 [FXGL Background Thread 3 ] DEBUG Engine               - actualWidthProperty: ReadOnlyDoubleProperty [value: 1280.0]
00:23:29.364 [FXGL Background Thread 3 ] DEBUG Engine               - appIcon: fxgl_icon.png
00:23:29.365 [FXGL Background Thread 3 ] DEBUG Engine               - applicationMode: DEVELOPER
00:23:29.365 [FXGL Background Thread 3 ] DEBUG Engine               - cSSList: [fxgl_dark.css]
00:23:29.366 [FXGL Background Thread 3 ] DEBUG Engine               - collisionDetectionStrategy: BRUTE_FORCE
00:23:29.366 [FXGL Background Thread 3 ] DEBUG Engine               - configClass: Optional.empty
00:23:29.366 [FXGL Background Thread 3 ] DEBUG Engine               - credits: []
00:23:29.367 [FXGL Background Thread 3 ] DEBUG Engine               - defaultCursor: CursorInfo(imageName=fxgl_default_cursor.png, hotspotX=7.0, hotspotY=6.0)
00:23:29.368 [FXGL Background Thread 3 ] DEBUG Engine               - devBBoxColorProperty: ObjectProperty [value: 0xff0000ff]
00:23:29.369 [FXGL Background Thread 3 ] DEBUG Engine               - devEnableDebugCameraProperty: BooleanProperty [value: false]
00:23:29.369 [FXGL Background Thread 3 ] DEBUG Engine               - devSensorColorProperty: ObjectProperty [value: 0xffff00ff]
00:23:29.370 [FXGL Background Thread 3 ] DEBUG Engine               - devShowBBoxProperty: BooleanProperty [value: false]
00:23:29.370 [FXGL Background Thread 3 ] DEBUG Engine               - devShowPositionProperty: BooleanProperty [value: false]
00:23:29.370 [FXGL Background Thread 3 ] DEBUG Engine               - enabledMenuItems: []
00:23:29.371 [FXGL Background Thread 3 ] DEBUG Engine               - engineServices: [class com.almasb.fxgl.app.services.FXGLAssetLoaderService, class com.almasb.fxgl.app.FXGLApplication$GameApplicationService, class com.almasb.fxgl.app.services.FXGLDialogService, class com.almasb.fxgl.app.services.IOTaskExecutorService, class com.almasb.fxgl.io.FileSystemService, class com.almasb.fxgl.localization.LocalizationService, class com.almasb.fxgl.app.services.SystemBundleService, class com.almasb.fxgl.profile.SaveLoadService, class com.almasb.fxgl.ui.FXGLUIFactoryServiceProvider, class com.almasb.fxgl.ui.FXGLDialogFactoryServiceProvider, class com.almasb.fxgl.audio.AudioPlayer, class com.almasb.fxgl.notification.impl.NotificationServiceProvider, class com.almasb.fxgl.achievement.AchievementService, class com.almasb.fxgl.cutscene.CutsceneService, class com.almasb.fxgl.minigames.MiniGameService, class com.almasb.fxgl.net.NetService, class com.almasb.fxgl.app.services.UpdaterService, class com.almasb.fxgl.dev.DevService]
00:23:29.371 [FXGL Background Thread 3 ] DEBUG Engine               - fontGame: Abel-Regular.ttf
00:23:29.371 [FXGL Background Thread 3 ] DEBUG Engine               - fontMono: TerminalLandMono-Regular.otf
00:23:29.372 [FXGL Background Thread 3 ] DEBUG Engine               - fontSizeScaleUI: 1.0
00:23:29.372 [FXGL Background Thread 3 ] DEBUG Engine               - fontText: Courier-Prime.ttf
00:23:29.373 [FXGL Background Thread 3 ] DEBUG Engine               - fontUI: VarelaRound-Regular.ttf
00:23:29.374 [FXGL Background Thread 3 ] DEBUG Engine               - fpsRefreshRate: 500.0 ms
00:23:29.374 [FXGL Background Thread 3 ] DEBUG Engine               - fullScreen: BooleanProperty [value: false]
00:23:29.374 [FXGL Background Thread 3 ] DEBUG Engine               - gameDifficulty: MEDIUM
00:23:29.375 [FXGL Background Thread 3 ] DEBUG Engine               - gameDifficultyProperty: ObjectProperty [value: MEDIUM]
00:23:29.375 [FXGL Background Thread 3 ] DEBUG Engine               - globalMusicVolume: 0.5
00:23:29.376 [FXGL Background Thread 3 ] DEBUG Engine               - globalMusicVolumeProperty: DoubleProperty [value: 0.5]
00:23:29.376 [FXGL Background Thread 3 ] DEBUG Engine               - globalSoundVolume: 0.5
00:23:29.377 [FXGL Background Thread 3 ] DEBUG Engine               - globalSoundVolumeProperty: DoubleProperty [value: 0.5]
00:23:29.377 [FXGL Background Thread 3 ] DEBUG Engine               - height: 720
00:23:29.377 [FXGL Background Thread 3 ] DEBUG Engine               - is3D: false
00:23:29.378 [FXGL Background Thread 3 ] DEBUG Engine               - isAndroid: false
00:23:29.378 [FXGL Background Thread 3 ] DEBUG Engine               - isBrowser: false
00:23:29.378 [FXGL Background Thread 3 ] DEBUG Engine               - isClickFeedbackEnabled: false
00:23:29.379 [FXGL Background Thread 3 ] DEBUG Engine               - isCloseConfirmation: false
00:23:29.379 [FXGL Background Thread 3 ] DEBUG Engine               - isDesktop: true
00:23:29.379 [FXGL Background Thread 3 ] DEBUG Engine               - isDeveloperMenuEnabled: false
00:23:29.379 [FXGL Background Thread 3 ] DEBUG Engine               - isEmbedded: false
00:23:29.380 [FXGL Background Thread 3 ] DEBUG Engine               - isEntityPreloadEnabled: true
00:23:29.380 [FXGL Background Thread 3 ] DEBUG Engine               - isExperimentalTiledLargeMap: false
00:23:29.380 [FXGL Background Thread 3 ] DEBUG Engine               - isFileSystemWriteAllowed: true
00:23:29.381 [FXGL Background Thread 3 ] DEBUG Engine               - isFullScreenAllowed: false
00:23:29.381 [FXGL Background Thread 3 ] DEBUG Engine               - isFullScreenFromStart: false
00:23:29.381 [FXGL Background Thread 3 ] DEBUG Engine               - isGameMenuEnabled: true
00:23:29.382 [FXGL Background Thread 3 ] DEBUG Engine               - isIOS: false
00:23:29.382 [FXGL Background Thread 3 ] DEBUG Engine               - isIntroEnabled: false
00:23:29.382 [FXGL Background Thread 3 ] DEBUG Engine               - isLinux: true
00:23:29.383 [FXGL Background Thread 3 ] DEBUG Engine               - isMac: false
00:23:29.383 [FXGL Background Thread 3 ] DEBUG Engine               - isMainMenuEnabled: false
00:23:29.384 [FXGL Background Thread 3 ] DEBUG Engine               - isManualResizeEnabled: false
00:23:29.384 [FXGL Background Thread 3 ] DEBUG Engine               - isMobile: false
00:23:29.384 [FXGL Background Thread 3 ] DEBUG Engine               - isNative: false
00:23:29.384 [FXGL Background Thread 3 ] DEBUG Engine               - isPauseMusicWhenMinimized: true
00:23:29.385 [FXGL Background Thread 3 ] DEBUG Engine               - isPreserveResizeRatio: false
00:23:29.385 [FXGL Background Thread 3 ] DEBUG Engine               - isProfilingEnabled: false
00:23:29.385 [FXGL Background Thread 3 ] DEBUG Engine               - isScaleAffectedOnResize: true
00:23:29.386 [FXGL Background Thread 3 ] DEBUG Engine               - isSingleStep: false
00:23:29.386 [FXGL Background Thread 3 ] DEBUG Engine               - isUserProfileEnabled: false
00:23:29.386 [FXGL Background Thread 3 ] DEBUG Engine               - isWindows: false
00:23:29.386 [FXGL Background Thread 3 ] DEBUG Engine               - language: ObjectProperty [value: ENGLISH]
00:23:29.387 [FXGL Background Thread 3 ] DEBUG Engine               - menuKey: ESCAPE
00:23:29.387 [FXGL Background Thread 3 ] DEBUG Engine               - mouseSensitivity: 0.2
00:23:29.387 [FXGL Background Thread 3 ] DEBUG Engine               - notificationViewClass: class com.almasb.fxgl.notification.view.XboxNotificationView
00:23:29.388 [FXGL Background Thread 3 ] DEBUG Engine               - pixelsPerMeter: 50.0
00:23:29.388 [FXGL Background Thread 3 ] DEBUG Engine               - platform: LINUX
00:23:29.388 [FXGL Background Thread 3 ] DEBUG Engine               - prefHeightProperty: ReadOnlyDoubleProperty [value: 720.0]
00:23:29.389 [FXGL Background Thread 3 ] DEBUG Engine               - prefWidthProperty: ReadOnlyDoubleProperty [value: 1280.0]
00:23:29.389 [FXGL Background Thread 3 ] DEBUG Engine               - profileDir: profiles/
00:23:29.389 [FXGL Background Thread 3 ] DEBUG Engine               - profileName: StringProperty [value: DEFAULT]
00:23:29.389 [FXGL Background Thread 3 ] DEBUG Engine               - randomSeed: -1
00:23:29.390 [FXGL Background Thread 3 ] DEBUG Engine               - runtimeInfo: RuntimeInfo(platform=LINUX, version=25, build=05.02.2026 22.57)
00:23:29.390 [FXGL Background Thread 3 ] DEBUG Engine               - saveFileExt: sav
00:23:29.391 [FXGL Background Thread 3 ] DEBUG Engine               - scaledHeightProp$fxgl: DoubleProperty [bound, value: 685.0]
00:23:29.391 [FXGL Background Thread 3 ] DEBUG Engine               - scaledWidthProp$fxgl: DoubleProperty [bound, value: 1280.0]
00:23:29.391 [FXGL Background Thread 3 ] DEBUG Engine               - sceneFactory: com.almasb.fxgl.app.scene.SceneFactory@64718f06
00:23:29.391 [FXGL Background Thread 3 ] DEBUG Engine               - secondsIn24h: 60
00:23:29.392 [FXGL Background Thread 3 ] DEBUG Engine               - soundMenuBack: menu/back.wav
00:23:29.392 [FXGL Background Thread 3 ] DEBUG Engine               - soundMenuPress: menu/press.wav
00:23:29.392 [FXGL Background Thread 3 ] DEBUG Engine               - soundMenuSelect: menu/select.wav
00:23:29.392 [FXGL Background Thread 3 ] DEBUG Engine               - soundNotification: core/notification.wav
00:23:29.392 [FXGL Background Thread 3 ] DEBUG Engine               - stageStyle: DECORATED
00:23:29.392 [FXGL Background Thread 3 ] DEBUG Engine               - supportedLanguages: [ENGLISH, FRENCH, GERMAN, HUNGARIAN, RUSSIAN]
00:23:29.393 [FXGL Background Thread 3 ] DEBUG Engine               - ticksPerSecond: -1
00:23:29.393 [FXGL Background Thread 3 ] DEBUG Engine               - title: Untitled
00:23:29.393 [FXGL Background Thread 3 ] DEBUG Engine               - urlGithub: https://github.com/AlmasB/FXGL
00:23:29.393 [FXGL Background Thread 3 ] DEBUG Engine               - urlLeaderboard: http://fxgl-top.herokuapp.com/
00:23:29.393 [FXGL Background Thread 3 ] DEBUG Engine               - urlPOM: https://raw.githubusercontent.com/AlmasB/FXGL/release/README.md
00:23:29.394 [FXGL Background Thread 3 ] DEBUG Engine               - userAppClass: class org.group1.GamePackage.Application
00:23:29.394 [FXGL Background Thread 3 ] DEBUG Engine               - version: 0.0
00:23:29.394 [FXGL Background Thread 3 ] DEBUG Engine               - versionCheckDays: 7
00:23:29.394 [FXGL Background Thread 3 ] DEBUG Engine               - width: 1280
00:23:29.394 [FXGL Background Thread 3 ] DEBUG Engine               - Logging services
00:23:29.394 [FXGL Background Thread 3 ] DEBUG Engine               - class com.almasb.fxgl.app.services.FXGLAssetLoaderService
00:23:29.395 [FXGL Background Thread 3 ] DEBUG Engine               - class com.almasb.fxgl.app.FXGLApplication$GameApplicationService
00:23:29.395 [FXGL Background Thread 3 ] DEBUG Engine               - class com.almasb.fxgl.app.services.FXGLDialogService
00:23:29.395 [FXGL Background Thread 3 ] DEBUG Engine               - class com.almasb.fxgl.app.services.IOTaskExecutorService
00:23:29.395 [FXGL Background Thread 3 ] DEBUG Engine               - class com.almasb.fxgl.io.FileSystemService
00:23:29.395 [FXGL Background Thread 3 ] DEBUG Engine               - class com.almasb.fxgl.localization.LocalizationService
00:23:29.395 [FXGL Background Thread 3 ] DEBUG Engine               - class com.almasb.fxgl.app.services.SystemBundleService
00:23:29.395 [FXGL Background Thread 3 ] DEBUG Engine               - class com.almasb.fxgl.profile.SaveLoadService
00:23:29.395 [FXGL Background Thread 3 ] DEBUG Engine               - class com.almasb.fxgl.ui.FXGLUIFactoryServiceProvider
00:23:29.396 [FXGL Background Thread 3 ] DEBUG Engine               - class com.almasb.fxgl.ui.FXGLDialogFactoryServiceProvider
00:23:29.396 [FXGL Background Thread 3 ] DEBUG Engine               - class com.almasb.fxgl.audio.AudioPlayer
00:23:29.396 [FXGL Background Thread 3 ] DEBUG Engine               - class com.almasb.fxgl.notification.impl.NotificationServiceProvider
00:23:29.396 [FXGL Background Thread 3 ] DEBUG Engine               - class com.almasb.fxgl.achievement.AchievementService
00:23:29.396 [FXGL Background Thread 3 ] DEBUG Engine               - class com.almasb.fxgl.cutscene.CutsceneService
00:23:29.396 [FXGL Background Thread 3 ] DEBUG Engine               - class com.almasb.fxgl.minigames.MiniGameService
00:23:29.396 [FXGL Background Thread 3 ] DEBUG Engine               - class com.almasb.fxgl.net.NetService
00:23:29.396 [FXGL Background Thread 3 ] DEBUG Engine               - class com.almasb.fxgl.app.services.UpdaterService
00:23:29.397 [FXGL Background Thread 3 ] DEBUG Engine               - class com.almasb.fxgl.dev.DevService
00:23:29.445 [JavaFX Application Thread] DEBUG FXGLAssetLoaderServi - Loading from file system: file:/home/me/ComProg_Project/target/classes/assets/textures/enemy_sprite.png
00:23:29.464 [JavaFX Application Thread] DEBUG FXGLAssetLoaderServi - Loading from file system: file:/home/me/ComProg_Project/target/classes/assets/textures/explosion_sprite.png
00:23:30.126 [JavaFX Application Thread] DEBUG FXGLAssetLoaderServi - Loading from file system: file:/home/me/ComProg_Project/target/classes/assets/textures/bullet_sprite.png
00:23:40.904 [JavaFX Application Thread] DEBUG FXGLApplication      - Exiting FXGL
00:23:40.904 [JavaFX Application Thread] DEBUG LoopRunner           - Stopping loop
00:23:40.905 [JavaFX Application Thread] DEBUG SystemBundleService  - Saving FXGL system data
00:23:40.907 [JavaFX Application Thread] DEBUG FileSystemAccess     - Writing to: /home/me/ComProg_Project/system/fxgl.bundle
00:23:40.909 [JavaFX Application Thread] DEBUG Async                - Shutting down background threads
00:23:40.909 [JavaFX Application Thread] DEBUG PrimaryStageWindow   - Closing main window
00:23:40.912 [JavaFX Application Thread] DEBUG Logger               - Closing Logger
