14:30:59.686 [main                     ] DEBUG Logger               - Configured Logger
14:30:59.700 [main                     ] DEBUG GameApplication      - Logging settings
Title: Untitled
Version: 0.0
Width: 1280
Height: 720
Fullscreen: false
Intro: false
Profiling: false
Single step:false
App Mode: DEVELOPER
Menu Key: ESCAPE
Stage Style: DECORATED
Scene Factory: class com.almasb.fxgl.app.scene.SceneFactory

14:31:00.265 [JavaFX Application Thread] DEBUG FXGLApplication      - Initializing FXGL
14:31:00.270 [JavaFX Application Thread] INFO  Engine               - FXGL-25 (05.02.2026 22.57) on WINDOWS (J:25.0.1 FX:21.0.6)
14:31:00.271 [JavaFX Application Thread] DEBUG Engine               - JRE Vendor Name: Oracle Corporation
14:31:00.271 [JavaFX Application Thread] DEBUG Engine               - Running on OS: Windows 11 version 10.0
14:31:00.271 [JavaFX Application Thread] DEBUG Engine               - Architecture: amd64
14:31:00.272 [JavaFX Application Thread] INFO  Engine               - Source code and latest versions at: https://github.com/AlmasB/FXGL
14:31:00.272 [JavaFX Application Thread] INFO  Engine               -       Ask questions and discuss at: https://github.com/AlmasB/FXGL/discussions
14:31:00.473 [JavaFX Application Thread] DEBUG PrimaryStageWindow   - Creating a JavaFX scene
14:31:00.581 [JavaFX Application Thread] DEBUG PrimaryStageWindow   - Target settings size: 1280.0 x 720.0
14:31:00.581 [JavaFX Application Thread] DEBUG PrimaryStageWindow   - Scaled scene size:    1280.0 x 720.0
14:31:00.582 [JavaFX Application Thread] DEBUG PrimaryStageWindow   - Scaled ratio: (1.0, 1.0)
14:31:00.583 [JavaFX Application Thread] DEBUG PrimaryStageWindow   - Set initial scene to FXGLStartupScene
14:31:00.589 [JavaFX Application Thread] DEBUG PrimaryStageWindow   - Opening main window
14:31:00.750 [JavaFX Application Thread] DEBUG PrimaryStageWindow   - Window border size: (14.6666259765625, 37.33331298828125)
14:31:00.750 [JavaFX Application Thread] DEBUG PrimaryStageWindow   - Scaled size: 1280.0 x 720.0
14:31:00.751 [JavaFX Application Thread] DEBUG PrimaryStageWindow   - Scaled ratio: (1.0, 1.0)
14:31:00.751 [JavaFX Application Thread] DEBUG PrimaryStageWindow   - Scene size: 1280.0 x 720.0
14:31:00.752 [JavaFX Application Thread] DEBUG PrimaryStageWindow   - Stage size: 1294.6666259765625 x 757.3333129882812
14:31:00.770 [FXGL Background Thread 1 ] DEBUG Engine               - Initializing environment variables
14:31:00.888 [FXGL Background Thread 1 ] DEBUG FXGLAssetLoaderServi - User app class for loading assets: class org.group1.GamePackage.Application
14:31:00.889 [FXGL Background Thread 1 ] DEBUG GameApplicationServi - Applying CSS: fxgl_dark.css
14:31:00.890 [FXGL Background Thread 1 ] DEBUG FXGLAssetLoaderServi - Loading from file system: jar:file:///C:/Users/ryles/.m2/repository/com/github/almasb/fxgl/25/fxgl-25.jar!/fxglassets/ui/css/fxgl_dark.css
14:31:00.966 [FXGL Background Thread 1 ] DEBUG GameApplicationServi - Initializing application scenes
14:31:01.026 [FXGL Background Thread 1 ] DEBUG GameWorld            - Game world initialized
14:31:01.132 [FXGL Background Thread 1 ] DEBUG PhysicsWorld         - Physics world initialized: appHeight=720, physics.ppm=50.0
14:31:01.133 [FXGL Background Thread 1 ] DEBUG PhysicsWorld         - Using strategy: BRUTE_FORCE
14:31:01.140 [FXGL Background Thread 1 ] DEBUG GameScene            - Game scene initialized: 1280x720
14:31:01.160 [FXGL Background Thread 1 ] DEBUG FXGL.DefaultMenu     - createMenuBodyGameMenu()
14:31:01.181 [FXGL Background Thread 1 ] DEBUG FXGL.DefaultMenu     - createOptionsMenu()
14:31:01.199 [FXGL Background Thread 1 ] DEBUG FXGLAssetLoaderServi - Loading from file system: jar:file:///C:/Users/ryles/.m2/repository/com/github/almasb/fxgl/25/fxgl-25.jar!/fxglassets/textures/particles/smoke.png
14:31:01.331 [FXGL Background Thread 1 ] DEBUG FXGLAssetLoaderServi - Loading from file system: jar:file:///C:/Users/ryles/.m2/repository/com/github/almasb/fxgl/25/fxgl-25.jar!/fxglassets/textures/particles/trace_horizontal.png
14:31:01.388 [FXGL Background Thread 1 ] DEBUG GameApplicationServi - Application scenes initialized
14:31:01.407 [FXGL Background Thread 1 ] DEBUG SystemBundleService  - Loading FXGL system data
14:31:01.412 [FXGL Background Thread 1 ] DEBUG FileSystemAccess     - Reading from: C:\Users\ryles\Downloads\ComProg_Project\system\fxgl.bundle
14:31:01.422 [FXGL Background Thread 1 ] DEBUG SystemBundleService  - Bundle FXGL: {}
14:31:01.422 [FXGL Background Thread 1 ] DEBUG UpdaterService       - Checking for updates
14:31:01.429 [FXGL Background Thread 4 ] DEBUG FXGLApplication      - Loading fonts
14:31:01.430 [FXGL Background Thread 1 ] DEBUG FXGLApplication      - Loading default localization
14:31:01.431 [FXGL Background Thread 1 ] DEBUG FXGLAssetLoaderServi - Loading from file system: jar:file:///C:/Users/ryles/.m2/repository/com/github/almasb/fxgl/25/fxgl-25.jar!/fxglassets/languages/english.lang
14:31:01.453 [FXGL Background Thread 1 ] INFO  FXGLApplication      - FXGL initialization took: 0.684 sec
14:31:01.480 [JavaFX Application Thread] DEBUG Input                - Registered new binding: Move left - A
14:31:01.481 [JavaFX Application Thread] DEBUG Input                - Registered new binding: Move right - D
14:31:01.481 [JavaFX Application Thread] DEBUG Input                - Registered new binding: Move down - S
14:31:01.481 [JavaFX Application Thread] DEBUG Input                - Registered new binding: Move up - W
14:31:01.481 [JavaFX Application Thread] DEBUG Input                - Registered new binding: Shoot - Space
14:31:01.482 [JavaFX Application Thread] DEBUG FXGLAssetLoaderServi - Loading from file system: jar:file:///C:/Users/ryles/.m2/repository/com/github/almasb/fxgl/25/fxgl-25.jar!/fxglassets/textures/fxgl_icon.png
14:31:01.496 [FXGL Background Thread 4 ] DEBUG FXGLAssetLoaderServi - Loading from file system: jar:file:///C:/Users/ryles/.m2/repository/com/github/almasb/fxgl/25/fxgl-25.jar!/fxglassets/ui/fonts/Abel-Regular.ttf
14:31:01.502 [FXGL Background Thread 4 ] DEBUG FXGLAssetLoaderServi - Loading from file system: jar:file:///C:/Users/ryles/.m2/repository/com/github/almasb/fxgl/25/fxgl-25.jar!/fxglassets/ui/fonts/TerminalLandMono-Regular.otf
14:31:01.514 [FXGL Background Thread 4 ] DEBUG FXGLAssetLoaderServi - Loading from file system: jar:file:///C:/Users/ryles/.m2/repository/com/github/almasb/fxgl/25/fxgl-25.jar!/fxglassets/ui/fonts/Courier-Prime.ttf
14:31:01.526 [JavaFX Application Thread] DEBUG FXGLAssetLoaderServi - Loading from file system: jar:file:///C:/Users/ryles/.m2/repository/com/github/almasb/fxgl/25/fxgl-25.jar!/fxglassets/textures/fxgl_default_cursor.png
14:31:01.533 [JavaFX Application Thread] DEBUG Input                - Registered new binding: Screenshot - CTRL+8
14:31:01.534 [JavaFX Application Thread] DEBUG Input                - Registered new binding: System info dump - CTRL+9
14:31:01.534 [JavaFX Application Thread] DEBUG Input                - Registered new binding: Restart - CTRL+R
14:31:01.536 [JavaFX Application Thread] DEBUG Input                - Registered new binding: Toggle Debug Camera - CTRL+7
14:31:01.539 [JavaFX Application Thread] DEBUG LoopRunner           - Starting loop
14:31:01.540 [JavaFX Application Thread] DEBUG LoopRunner           - Initializing JavaFX AnimationTimerLoop
14:31:01.544 [JavaFX Application Thread] DEBUG GameApplicationServi - Starting new game
14:31:01.545 [JavaFX Application Thread] DEBUG Input                - Clearing active input actions
14:31:01.567 [JavaFX Application Thread] DEBUG GameApplicationServi - Removing overlay from FXGLStartupScene and adding to FXGLLoadingScene
14:31:01.568 [JavaFX Application Thread] DEBUG PrimaryStageWindow   - FXGLStartupScene -> FXGLLoadingScene
14:31:01.568 [JavaFX Application Thread] DEBUG GameApplicationServi - Clearing previous game
14:31:01.568 [JavaFX Application Thread] DEBUG GameScene            - Clearing game scene
14:31:01.568 [JavaFX Application Thread] DEBUG GameWorld            - Clearing game world
14:31:01.568 [JavaFX Application Thread] DEBUG PhysicsWorld         - Clearing physics world
14:31:01.570 [FXGL Background Thread 4 ] DEBUG FXGLApplication      - Initializing game
14:31:01.598 [FXGL Background Thread 4 ] DEBUG FXGLAssetLoaderServi - Loading from file system: file:/C:/Users/ryles/Downloads/ComProg_Project/target/classes/assets/textures/background.png
14:31:01.843 [FXGL Background Thread 4 ] DEBUG FXGLAssetLoaderServi - Loading from file system: file:/C:/Users/ryles/Downloads/ComProg_Project/target/classes/assets/textures/background_stars1.png
14:31:02.074 [FXGL Background Thread 4 ] DEBUG FXGLAssetLoaderServi - Loading from file system: file:/C:/Users/ryles/Downloads/ComProg_Project/target/classes/assets/textures/background_stars2.png
14:31:02.185 [FXGL Background Thread 4 ] DEBUG FXGLAssetLoaderServi - Loading from file system: file:/C:/Users/ryles/Downloads/ComProg_Project/target/classes/assets/textures/background_stars3.png
14:31:02.297 [FXGL Background Thread 4 ] DEBUG FXGLAssetLoaderServi - Loading from file system: file:/C:/Users/ryles/Downloads/ComProg_Project/target/classes/assets/textures/background_cloud1.png
14:31:02.319 [FXGL Background Thread 4 ] DEBUG FXGLAssetLoaderServi - Loading from file system: file:/C:/Users/ryles/Downloads/ComProg_Project/target/classes/assets/textures/background_cloud2.png
14:31:02.352 [FXGL Background Thread 4 ] DEBUG FXGLAssetLoaderServi - Loading from file system: file:/C:/Users/ryles/Downloads/ComProg_Project/target/classes/assets/textures/background_mist1.png
14:31:02.383 [FXGL Background Thread 4 ] DEBUG FXGLAssetLoaderServi - Loading from file system: file:/C:/Users/ryles/Downloads/ComProg_Project/target/classes/assets/textures/background_hills.png
14:31:02.429 [FXGL Background Thread 4 ] DEBUG FXGLAssetLoaderServi - Loading from file system: file:/C:/Users/ryles/Downloads/ComProg_Project/target/classes/assets/textures/background_forest.png
14:31:02.448 [FXGL Background Thread 4 ] DEBUG FXGLAssetLoaderServi - Loading from file system: file:/C:/Users/ryles/Downloads/ComProg_Project/target/classes/assets/textures/background_large_forest.png
14:31:02.484 [FXGL Background Thread 4 ] DEBUG FXGLAssetLoaderServi - Loading from file system: file:/C:/Users/ryles/Downloads/ComProg_Project/target/classes/assets/textures/idle_sprite.png
14:31:02.489 [FXGL Background Thread 4 ] DEBUG FXGLAssetLoaderServi - Loading from file system: file:/C:/Users/ryles/Downloads/ComProg_Project/target/classes/assets/textures/down_sprite.png
14:31:02.510 [FXGL Background Thread 4 ] DEBUG FXGLAssetLoaderServi - Loading from file system: file:/C:/Users/ryles/Downloads/ComProg_Project/target/classes/assets/textures/up_sprite.png
14:31:02.530 [FXGL Background Thread 4 ] DEBUG FXGLAssetLoaderServi - Loading from file system: file:/C:/Users/ryles/Downloads/ComProg_Project/target/classes/assets/music/main_music.wav
14:31:02.737 [FXGL Background Thread 4 ] DEBUG AudioPlayer          - Playing music com.almasb.fxgl.audio.Music@2d154cfc
14:31:02.745 [FXGL Background Thread 4 ] INFO  FXGLApplication      - Game initialization took: 1.174 sec
14:31:02.748 [JavaFX Application Thread] DEBUG Input                - Clearing active input actions
14:31:02.766 [JavaFX Application Thread] DEBUG GameApplicationServi - Removing overlay from FXGLLoadingScene and adding to GameScene
14:31:02.766 [JavaFX Application Thread] DEBUG PrimaryStageWindow   - FXGLLoadingScene -> GameScene
14:31:04.429 [FXGL Background Thread 3 ] DEBUG Engine               - Logging environment variables
14:31:04.430 [FXGL Background Thread 3 ] DEBUG Engine               - achievements: []
14:31:04.431 [FXGL Background Thread 3 ] DEBUG Engine               - actualHeight: 720.0
14:31:04.431 [FXGL Background Thread 3 ] DEBUG Engine               - actualHeightProperty: ReadOnlyDoubleProperty [value: 720.0]
14:31:04.431 [FXGL Background Thread 3 ] DEBUG Engine               - actualWidth: 1280.0
14:31:04.432 [FXGL Background Thread 3 ] DEBUG Engine               - actualWidthProperty: ReadOnlyDoubleProperty [value: 1280.0]
14:31:04.432 [FXGL Background Thread 3 ] DEBUG Engine               - appIcon: fxgl_icon.png
14:31:04.432 [FXGL Background Thread 3 ] DEBUG Engine               - applicationMode: DEVELOPER
14:31:04.432 [FXGL Background Thread 3 ] DEBUG Engine               - cSSList: [fxgl_dark.css]
14:31:04.432 [FXGL Background Thread 3 ] DEBUG Engine               - collisionDetectionStrategy: BRUTE_FORCE
14:31:04.432 [FXGL Background Thread 3 ] DEBUG Engine               - configClass: Optional.empty
14:31:04.432 [FXGL Background Thread 3 ] DEBUG Engine               - credits: []
14:31:04.433 [FXGL Background Thread 3 ] DEBUG Engine               - defaultCursor: CursorInfo(imageName=fxgl_default_cursor.png, hotspotX=7.0, hotspotY=6.0)
14:31:04.433 [FXGL Background Thread 3 ] DEBUG Engine               - devBBoxColorProperty: ObjectProperty [value: 0xff0000ff]
14:31:04.433 [FXGL Background Thread 3 ] DEBUG Engine               - devEnableDebugCameraProperty: BooleanProperty [value: false]
14:31:04.433 [FXGL Background Thread 3 ] DEBUG Engine               - devSensorColorProperty: ObjectProperty [value: 0xffff00ff]
14:31:04.433 [FXGL Background Thread 3 ] DEBUG Engine               - devShowBBoxProperty: BooleanProperty [value: false]
14:31:04.434 [FXGL Background Thread 3 ] DEBUG Engine               - devShowPositionProperty: BooleanProperty [value: false]
14:31:04.434 [FXGL Background Thread 3 ] DEBUG Engine               - enabledMenuItems: []
14:31:04.434 [FXGL Background Thread 3 ] DEBUG Engine               - engineServices: [class com.almasb.fxgl.app.services.FXGLAssetLoaderService, class com.almasb.fxgl.app.FXGLApplication$GameApplicationService, class com.almasb.fxgl.app.services.FXGLDialogService, class com.almasb.fxgl.app.services.IOTaskExecutorService, class com.almasb.fxgl.io.FileSystemService, class com.almasb.fxgl.localization.LocalizationService, class com.almasb.fxgl.app.services.SystemBundleService, class com.almasb.fxgl.profile.SaveLoadService, class com.almasb.fxgl.ui.FXGLUIFactoryServiceProvider, class com.almasb.fxgl.ui.FXGLDialogFactoryServiceProvider, class com.almasb.fxgl.audio.AudioPlayer, class com.almasb.fxgl.notification.impl.NotificationServiceProvider, class com.almasb.fxgl.achievement.AchievementService, class com.almasb.fxgl.cutscene.CutsceneService, class com.almasb.fxgl.minigames.MiniGameService, class com.almasb.fxgl.net.NetService, class com.almasb.fxgl.app.services.UpdaterService, class com.almasb.fxgl.dev.DevService]
14:31:04.434 [FXGL Background Thread 3 ] DEBUG Engine               - fontGame: Abel-Regular.ttf
14:31:04.434 [FXGL Background Thread 3 ] DEBUG Engine               - fontMono: TerminalLandMono-Regular.otf
14:31:04.434 [FXGL Background Thread 3 ] DEBUG Engine               - fontSizeScaleUI: 1.0
14:31:04.434 [FXGL Background Thread 3 ] DEBUG Engine               - fontText: Courier-Prime.ttf
14:31:04.435 [FXGL Background Thread 3 ] DEBUG Engine               - fontUI: VarelaRound-Regular.ttf
14:31:04.435 [FXGL Background Thread 3 ] DEBUG Engine               - fpsRefreshRate: 500.0 ms
14:31:04.435 [FXGL Background Thread 3 ] DEBUG Engine               - fullScreen: BooleanProperty [value: false]
14:31:04.435 [FXGL Background Thread 3 ] DEBUG Engine               - gameDifficulty: MEDIUM
14:31:04.436 [FXGL Background Thread 3 ] DEBUG Engine               - gameDifficultyProperty: ObjectProperty [value: MEDIUM]
14:31:04.436 [FXGL Background Thread 3 ] DEBUG Engine               - globalMusicVolume: 0.5
14:31:04.436 [FXGL Background Thread 3 ] DEBUG Engine               - globalMusicVolumeProperty: DoubleProperty [value: 0.5]
14:31:04.436 [FXGL Background Thread 3 ] DEBUG Engine               - globalSoundVolume: 0.5
14:31:04.436 [FXGL Background Thread 3 ] DEBUG Engine               - globalSoundVolumeProperty: DoubleProperty [value: 0.5]
14:31:04.436 [FXGL Background Thread 3 ] DEBUG Engine               - height: 720
14:31:04.436 [FXGL Background Thread 3 ] DEBUG Engine               - is3D: false
14:31:04.436 [FXGL Background Thread 3 ] DEBUG Engine               - isAndroid: false
14:31:04.437 [FXGL Background Thread 3 ] DEBUG Engine               - isBrowser: false
14:31:04.437 [FXGL Background Thread 3 ] DEBUG Engine               - isClickFeedbackEnabled: false
14:31:04.437 [FXGL Background Thread 3 ] DEBUG Engine               - isCloseConfirmation: false
14:31:04.437 [FXGL Background Thread 3 ] DEBUG Engine               - isDesktop: true
14:31:04.437 [FXGL Background Thread 3 ] DEBUG Engine               - isDeveloperMenuEnabled: false
14:31:04.437 [FXGL Background Thread 3 ] DEBUG Engine               - isEmbedded: false
14:31:04.438 [FXGL Background Thread 3 ] DEBUG Engine               - isEntityPreloadEnabled: true
14:31:04.438 [FXGL Background Thread 3 ] DEBUG Engine               - isExperimentalTiledLargeMap: false
14:31:04.438 [FXGL Background Thread 3 ] DEBUG Engine               - isFileSystemWriteAllowed: true
14:31:04.438 [FXGL Background Thread 3 ] DEBUG Engine               - isFullScreenAllowed: false
14:31:04.438 [FXGL Background Thread 3 ] DEBUG Engine               - isFullScreenFromStart: false
14:31:04.438 [FXGL Background Thread 3 ] DEBUG Engine               - isGameMenuEnabled: true
14:31:04.439 [FXGL Background Thread 3 ] DEBUG Engine               - isIOS: false
14:31:04.439 [FXGL Background Thread 3 ] DEBUG Engine               - isIntroEnabled: false
14:31:04.439 [FXGL Background Thread 3 ] DEBUG Engine               - isLinux: false
14:31:04.439 [FXGL Background Thread 3 ] DEBUG Engine               - isMac: false
14:31:04.439 [FXGL Background Thread 3 ] DEBUG Engine               - isMainMenuEnabled: false
14:31:04.439 [FXGL Background Thread 3 ] DEBUG Engine               - isManualResizeEnabled: false
14:31:04.439 [FXGL Background Thread 3 ] DEBUG Engine               - isMobile: false
14:31:04.440 [FXGL Background Thread 3 ] DEBUG Engine               - isNative: false
14:31:04.440 [FXGL Background Thread 3 ] DEBUG Engine               - isPauseMusicWhenMinimized: true
14:31:04.440 [FXGL Background Thread 3 ] DEBUG Engine               - isPreserveResizeRatio: false
14:31:04.440 [FXGL Background Thread 3 ] DEBUG Engine               - isProfilingEnabled: false
14:31:04.440 [FXGL Background Thread 3 ] DEBUG Engine               - isScaleAffectedOnResize: true
14:31:04.440 [FXGL Background Thread 3 ] DEBUG Engine               - isSingleStep: false
14:31:04.441 [FXGL Background Thread 3 ] DEBUG Engine               - isUserProfileEnabled: false
14:31:04.441 [FXGL Background Thread 3 ] DEBUG Engine               - isWindows: true
14:31:04.442 [FXGL Background Thread 3 ] DEBUG Engine               - language: ObjectProperty [value: ENGLISH]
14:31:04.442 [FXGL Background Thread 3 ] DEBUG Engine               - menuKey: ESCAPE
14:31:04.442 [FXGL Background Thread 3 ] DEBUG Engine               - mouseSensitivity: 0.2
14:31:04.442 [FXGL Background Thread 3 ] DEBUG Engine               - notificationViewClass: class com.almasb.fxgl.notification.view.XboxNotificationView
14:31:04.442 [FXGL Background Thread 3 ] DEBUG Engine               - pixelsPerMeter: 50.0
14:31:04.442 [FXGL Background Thread 3 ] DEBUG Engine               - platform: WINDOWS
14:31:04.442 [FXGL Background Thread 3 ] DEBUG Engine               - prefHeightProperty: ReadOnlyDoubleProperty [value: 720.0]
14:31:04.443 [FXGL Background Thread 3 ] DEBUG Engine               - prefWidthProperty: ReadOnlyDoubleProperty [value: 1280.0]
14:31:04.443 [FXGL Background Thread 3 ] DEBUG Engine               - profileDir: profiles/
14:31:04.443 [FXGL Background Thread 3 ] DEBUG Engine               - profileName: StringProperty [value: DEFAULT]
14:31:04.443 [FXGL Background Thread 3 ] DEBUG Engine               - randomSeed: -1
14:31:04.444 [FXGL Background Thread 3 ] DEBUG Engine               - runtimeInfo: RuntimeInfo(platform=WINDOWS, version=25, build=05.02.2026 22.57)
14:31:04.444 [FXGL Background Thread 3 ] DEBUG Engine               - saveFileExt: sav
14:31:04.444 [FXGL Background Thread 3 ] DEBUG Engine               - scaledHeightProp$fxgl: DoubleProperty [bound, value: 720.0]
14:31:04.445 [FXGL Background Thread 3 ] DEBUG Engine               - scaledWidthProp$fxgl: DoubleProperty [bound, value: 1280.0]
14:31:04.445 [FXGL Background Thread 3 ] DEBUG Engine               - sceneFactory: com.almasb.fxgl.app.scene.SceneFactory@636c40f7
14:31:04.445 [FXGL Background Thread 3 ] DEBUG Engine               - secondsIn24h: 60
14:31:04.445 [FXGL Background Thread 3 ] DEBUG Engine               - soundMenuBack: menu/back.wav
14:31:04.445 [FXGL Background Thread 3 ] DEBUG Engine               - soundMenuPress: menu/press.wav
14:31:04.445 [FXGL Background Thread 3 ] DEBUG Engine               - soundMenuSelect: menu/select.wav
14:31:04.446 [FXGL Background Thread 3 ] DEBUG Engine               - soundNotification: core/notification.wav
14:31:04.446 [FXGL Background Thread 3 ] DEBUG Engine               - stageStyle: DECORATED
14:31:04.446 [FXGL Background Thread 3 ] DEBUG Engine               - supportedLanguages: [ENGLISH, FRENCH, GERMAN, HUNGARIAN, RUSSIAN]
14:31:04.446 [FXGL Background Thread 3 ] DEBUG Engine               - ticksPerSecond: -1
14:31:04.446 [FXGL Background Thread 3 ] DEBUG Engine               - title: Untitled
14:31:04.447 [FXGL Background Thread 3 ] DEBUG Engine               - urlGithub: https://github.com/AlmasB/FXGL
14:31:04.447 [FXGL Background Thread 3 ] DEBUG Engine               - urlLeaderboard: http://fxgl-top.herokuapp.com/
14:31:04.447 [FXGL Background Thread 3 ] DEBUG Engine               - urlPOM: https://raw.githubusercontent.com/AlmasB/FXGL/release/README.md
14:31:04.447 [FXGL Background Thread 3 ] DEBUG Engine               - userAppClass: class org.group1.GamePackage.Application
14:31:04.447 [FXGL Background Thread 3 ] DEBUG Engine               - version: 0.0
14:31:04.448 [FXGL Background Thread 3 ] DEBUG Engine               - versionCheckDays: 7
14:31:04.448 [FXGL Background Thread 3 ] DEBUG Engine               - width: 1280
14:31:04.448 [FXGL Background Thread 3 ] DEBUG Engine               - Logging services
14:31:04.448 [FXGL Background Thread 3 ] DEBUG Engine               - class com.almasb.fxgl.app.services.FXGLAssetLoaderService
14:31:04.448 [FXGL Background Thread 3 ] DEBUG Engine               - class com.almasb.fxgl.app.FXGLApplication$GameApplicationService
14:31:04.448 [FXGL Background Thread 3 ] DEBUG Engine               - class com.almasb.fxgl.app.services.FXGLDialogService
14:31:04.448 [FXGL Background Thread 3 ] DEBUG Engine               - class com.almasb.fxgl.app.services.IOTaskExecutorService
14:31:04.448 [FXGL Background Thread 3 ] DEBUG Engine               - class com.almasb.fxgl.io.FileSystemService
14:31:04.449 [FXGL Background Thread 3 ] DEBUG Engine               - class com.almasb.fxgl.localization.LocalizationService
14:31:04.449 [FXGL Background Thread 3 ] DEBUG Engine               - class com.almasb.fxgl.app.services.SystemBundleService
14:31:04.449 [FXGL Background Thread 3 ] DEBUG Engine               - class com.almasb.fxgl.profile.SaveLoadService
14:31:04.449 [FXGL Background Thread 3 ] DEBUG Engine               - class com.almasb.fxgl.ui.FXGLUIFactoryServiceProvider
14:31:04.449 [FXGL Background Thread 3 ] DEBUG Engine               - class com.almasb.fxgl.ui.FXGLDialogFactoryServiceProvider
14:31:04.450 [FXGL Background Thread 3 ] DEBUG Engine               - class com.almasb.fxgl.audio.AudioPlayer
14:31:04.450 [FXGL Background Thread 3 ] DEBUG Engine               - class com.almasb.fxgl.notification.impl.NotificationServiceProvider
14:31:04.450 [FXGL Background Thread 3 ] DEBUG Engine               - class com.almasb.fxgl.achievement.AchievementService
14:31:04.450 [FXGL Background Thread 3 ] DEBUG Engine               - class com.almasb.fxgl.cutscene.CutsceneService
14:31:04.450 [FXGL Background Thread 3 ] DEBUG Engine               - class com.almasb.fxgl.minigames.MiniGameService
14:31:04.450 [FXGL Background Thread 3 ] DEBUG Engine               - class com.almasb.fxgl.net.NetService
14:31:04.450 [FXGL Background Thread 3 ] DEBUG Engine               - class com.almasb.fxgl.app.services.UpdaterService
14:31:04.450 [FXGL Background Thread 3 ] DEBUG Engine               - class com.almasb.fxgl.dev.DevService
14:31:05.760 [JavaFX Application Thread] DEBUG FXGLAssetLoaderServi - Loading from file system: file:/C:/Users/ryles/Downloads/ComProg_Project/target/classes/assets/textures/enemy_sprite.png
14:31:05.772 [JavaFX Application Thread] DEBUG FXGLAssetLoaderServi - Loading from file system: file:/C:/Users/ryles/Downloads/ComProg_Project/target/classes/assets/textures/explosion_sprite.png
14:31:06.652 [JavaFX Application Thread] DEBUG FXGLAssetLoaderServi - Loading from file system: file:/C:/Users/ryles/Downloads/ComProg_Project/target/classes/assets/textures/bullet_sprite.png
14:31:06.711 [JavaFX Application Thread] DEBUG FXGLAssetLoaderServi - Loading from file system: file:/C:/Users/ryles/Downloads/ComProg_Project/target/classes/assets/sounds/death_sound.wav
14:31:13.112 [JavaFX Application Thread] DEBUG FXGLAssetLoaderServi - Loading from file system: file:/C:/Users/ryles/Downloads/ComProg_Project/target/classes/assets/sounds/fah.wav
14:33:12.783 [JavaFX Application Thread] DEBUG FXGLApplication      - Exiting FXGL
14:33:12.783 [JavaFX Application Thread] DEBUG LoopRunner           - Stopping loop
14:33:12.783 [JavaFX Application Thread] DEBUG SystemBundleService  - Saving FXGL system data
14:33:12.787 [JavaFX Application Thread] DEBUG FileSystemAccess     - Writing to: C:\Users\ryles\Downloads\ComProg_Project\system\fxgl.bundle
14:33:12.789 [JavaFX Application Thread] DEBUG Async                - Shutting down background threads
14:33:12.789 [JavaFX Application Thread] DEBUG PrimaryStageWindow   - Closing main window
14:33:12.825 [JavaFX Application Thread] DEBUG Logger               - Closing Logger
