00:06:15.683 [main                     ] DEBUG Logger               - Configured Logger
00:06:15.689 [main                     ] DEBUG GameApplication      - Logging settings
Title: Untitled
Version: 0.0
Width: 1280
Height: 720
Fullscreen: false
Intro: false
Profiling: false
Single step:false
App Mode: DEVELOPER
Menu Key: ESCAPE
Stage Style: DECORATED
Scene Factory: class org.group1.GamePackage.Factory.MainSceneFactory

00:06:16.161 [JavaFX Application Thread] DEBUG FXGLApplication      - Initializing FXGL
00:06:16.164 [JavaFX Application Thread] INFO  Engine               - FXGL-25 (05.02.2026 22.57) on WINDOWS (J:25.0.2 FX:21.0.6)
00:06:16.165 [JavaFX Application Thread] DEBUG Engine               - JRE Vendor Name: Oracle Corporation
00:06:16.165 [JavaFX Application Thread] DEBUG Engine               - Running on OS: Windows 11 version 10.0
00:06:16.165 [JavaFX Application Thread] DEBUG Engine               - Architecture: amd64
00:06:16.165 [JavaFX Application Thread] INFO  Engine               - Source code and latest versions at: https://github.com/AlmasB/FXGL
00:06:16.165 [JavaFX Application Thread] INFO  Engine               -       Ask questions and discuss at: https://github.com/AlmasB/FXGL/discussions
00:06:16.232 [JavaFX Application Thread] DEBUG PrimaryStageWindow   - Creating a JavaFX scene
00:06:16.270 [JavaFX Application Thread] DEBUG PrimaryStageWindow   - Target settings size: 1280.0 x 720.0
00:06:16.270 [JavaFX Application Thread] DEBUG PrimaryStageWindow   - Scaled scene size:    1280.0 x 720.0
00:06:16.270 [JavaFX Application Thread] DEBUG PrimaryStageWindow   - Scaled ratio: (1.0, 1.0)
00:06:16.271 [JavaFX Application Thread] DEBUG PrimaryStageWindow   - Set initial scene to FXGLStartupScene
00:06:16.273 [JavaFX Application Thread] DEBUG PrimaryStageWindow   - Opening main window
00:06:16.348 [JavaFX Application Thread] DEBUG PrimaryStageWindow   - Window border size: (16.0, 39.0)
00:06:16.349 [JavaFX Application Thread] DEBUG PrimaryStageWindow   - Scaled size: 1280.0 x 720.0
00:06:16.349 [JavaFX Application Thread] DEBUG PrimaryStageWindow   - Scaled ratio: (1.0, 1.0)
00:06:16.349 [JavaFX Application Thread] DEBUG PrimaryStageWindow   - Scene size: 1280.0 x 720.0
00:06:16.349 [JavaFX Application Thread] DEBUG PrimaryStageWindow   - Stage size: 1296.0 x 759.0
00:06:16.354 [FXGL Background Thread 1 ] DEBUG Engine               - Initializing environment variables
00:06:16.414 [FXGL Background Thread 1 ] DEBUG FXGLAssetLoaderServi - User app class for loading assets: class org.group1.GamePackage.Application
00:06:16.414 [FXGL Background Thread 1 ] DEBUG GameApplicationServi - Applying CSS: fxgl_dark.css
00:06:16.414 [FXGL Background Thread 1 ] DEBUG FXGLAssetLoaderServi - Loading from file system: jar:file:///C:/Users/Wren/.m2/repository/com/github/almasb/fxgl/25/fxgl-25.jar!/fxglassets/ui/css/fxgl_dark.css
00:06:16.453 [FXGL Background Thread 1 ] DEBUG GameApplicationServi - Initializing application scenes
00:06:16.503 [FXGL Background Thread 1 ] DEBUG GameWorld            - Game world initialized
00:06:16.535 [FXGL Background Thread 1 ] DEBUG PhysicsWorld         - Physics world initialized: appHeight=720, physics.ppm=50.0
00:06:16.535 [FXGL Background Thread 1 ] DEBUG PhysicsWorld         - Using strategy: BRUTE_FORCE
00:06:16.541 [FXGL Background Thread 1 ] DEBUG GameScene            - Game scene initialized: 1280x720
00:06:16.551 [FXGL Background Thread 1 ] DEBUG FXGL.DefaultMenu     - createMenuBodyGameMenu()
00:06:16.557 [FXGL Background Thread 1 ] DEBUG FXGL.DefaultMenu     - createOptionsMenu()
00:06:16.564 [FXGL Background Thread 1 ] DEBUG FXGLAssetLoaderServi - Loading from file system: jar:file:///C:/Users/Wren/.m2/repository/com/github/almasb/fxgl/25/fxgl-25.jar!/fxglassets/textures/particles/smoke.png
00:06:16.643 [FXGL Background Thread 1 ] DEBUG FXGLAssetLoaderServi - Loading from file system: jar:file:///C:/Users/Wren/.m2/repository/com/github/almasb/fxgl/25/fxgl-25.jar!/fxglassets/textures/particles/trace_horizontal.png
00:06:16.668 [FXGL Background Thread 1 ] DEBUG GameApplicationServi - Application scenes initialized
00:06:16.679 [FXGL Background Thread 1 ] DEBUG SystemBundleService  - Loading FXGL system data
00:06:16.684 [FXGL Background Thread 1 ] DEBUG FileSystemAccess     - Reading from: C:\Users\Wren\IdeaProjects\GameGame\system\fxgl.bundle
00:06:16.690 [FXGL Background Thread 1 ] DEBUG SystemBundleService  - Bundle FXGL: {}
00:06:16.690 [FXGL Background Thread 1 ] DEBUG UpdaterService       - Checking for updates
00:06:16.696 [FXGL Background Thread 4 ] DEBUG FXGLApplication      - Loading fonts
00:06:16.696 [FXGL Background Thread 1 ] DEBUG FXGLApplication      - Loading default localization
00:06:16.697 [FXGL Background Thread 4 ] DEBUG FXGLAssetLoaderServi - Loading from file system: jar:file:///C:/Users/Wren/.m2/repository/com/github/almasb/fxgl/25/fxgl-25.jar!/fxglassets/ui/fonts/VarelaRound-Regular.ttf
00:06:16.697 [FXGL Background Thread 1 ] DEBUG FXGLAssetLoaderServi - Loading from file system: jar:file:///C:/Users/Wren/.m2/repository/com/github/almasb/fxgl/25/fxgl-25.jar!/fxglassets/languages/english.lang
00:06:16.712 [FXGL Background Thread 1 ] INFO  FXGLApplication      - FXGL initialization took: 0.358 sec
00:06:16.726 [JavaFX Application Thread] DEBUG Input                - Registered new binding: Move left - A
00:06:16.728 [JavaFX Application Thread] DEBUG Input                - Registered new binding: Move right - D
00:06:16.728 [JavaFX Application Thread] DEBUG Input                - Registered new binding: Move down - S
00:06:16.728 [JavaFX Application Thread] DEBUG Input                - Registered new binding: Move up - W
00:06:16.728 [JavaFX Application Thread] DEBUG Input                - Registered new binding: Shoot - Space
00:06:16.729 [JavaFX Application Thread] DEBUG FXGLAssetLoaderServi - Loading from file system: jar:file:///C:/Users/Wren/.m2/repository/com/github/almasb/fxgl/25/fxgl-25.jar!/fxglassets/textures/fxgl_icon.png
00:06:16.731 [FXGL Background Thread 4 ] DEBUG FXGLAssetLoaderServi - Loading from file system: jar:file:///C:/Users/Wren/.m2/repository/com/github/almasb/fxgl/25/fxgl-25.jar!/fxglassets/ui/fonts/Abel-Regular.ttf
00:06:16.735 [FXGL Background Thread 4 ] DEBUG FXGLAssetLoaderServi - Loading from file system: jar:file:///C:/Users/Wren/.m2/repository/com/github/almasb/fxgl/25/fxgl-25.jar!/fxglassets/ui/fonts/TerminalLandMono-Regular.otf
00:06:16.741 [FXGL Background Thread 4 ] DEBUG FXGLAssetLoaderServi - Loading from file system: jar:file:///C:/Users/Wren/.m2/repository/com/github/almasb/fxgl/25/fxgl-25.jar!/fxglassets/ui/fonts/Courier-Prime.ttf
00:06:16.748 [JavaFX Application Thread] DEBUG FXGLAssetLoaderServi - Loading from file system: jar:file:///C:/Users/Wren/.m2/repository/com/github/almasb/fxgl/25/fxgl-25.jar!/fxglassets/textures/fxgl_default_cursor.png
00:06:16.749 [JavaFX Application Thread] DEBUG Input                - Registered new binding: Screenshot - CTRL+8
00:06:16.749 [JavaFX Application Thread] DEBUG Input                - Registered new binding: System info dump - CTRL+9
00:06:16.749 [JavaFX Application Thread] DEBUG Input                - Registered new binding: Restart - CTRL+R
00:06:16.750 [JavaFX Application Thread] DEBUG Input                - Registered new binding: Toggle Debug Camera - CTRL+7
00:06:16.752 [JavaFX Application Thread] DEBUG LoopRunner           - Starting loop
00:06:16.752 [JavaFX Application Thread] DEBUG LoopRunner           - Initializing JavaFX AnimationTimerLoop
00:06:16.755 [JavaFX Application Thread] DEBUG Input                - Clearing active input actions
00:06:16.764 [JavaFX Application Thread] DEBUG GameApplicationServi - Removing overlay from FXGLStartupScene and adding to FXGLMainMenuDummyScene
00:06:16.765 [JavaFX Application Thread] DEBUG PrimaryStageWindow   - FXGLStartupScene -> FXGLMainMenuDummyScene
00:06:16.765 [JavaFX Application Thread] DEBUG PrimaryStageWindow   - Push state: MenuInterface
00:06:16.766 [JavaFX Application Thread] DEBUG Input                - Clearing active input actions
00:06:16.769 [JavaFX Application Thread] DEBUG GameApplicationServi - Removing overlay from FXGLMainMenuDummyScene and adding to MenuInterface
00:06:16.769 [JavaFX Application Thread] DEBUG PrimaryStageWindow   - FXGLMainMenuDummyScene -> MenuInterface
00:06:16.823 [JavaFX Application Thread] DEBUG FXGLApplication      - Registering font factories with UI factory
00:06:17.298 [JavaFX Application Thread] DEBUG Menu                 - fireNewGame()
00:06:17.298 [JavaFX Application Thread] DEBUG GameApplicationServi - Starting new game
00:06:17.298 [JavaFX Application Thread] DEBUG PrimaryStageWindow   - Pop state: MenuInterface
00:06:17.298 [JavaFX Application Thread] DEBUG Input                - Clearing active input actions
00:06:17.298 [JavaFX Application Thread] DEBUG GameApplicationServi - Removing overlay from MenuInterface and adding to FXGLMainMenuDummyScene
00:06:17.298 [JavaFX Application Thread] DEBUG PrimaryStageWindow   - FXGLMainMenuDummyScene <- MenuInterface
00:06:17.298 [JavaFX Application Thread] DEBUG Input                - Clearing active input actions
00:06:17.304 [JavaFX Application Thread] DEBUG GameApplicationServi - Removing overlay from FXGLMainMenuDummyScene and adding to LoadingInterface
00:06:17.305 [JavaFX Application Thread] DEBUG PrimaryStageWindow   - FXGLMainMenuDummyScene -> LoadingInterface
00:06:17.305 [JavaFX Application Thread] DEBUG GameApplicationServi - Clearing previous game
00:06:17.305 [JavaFX Application Thread] DEBUG GameScene            - Clearing game scene
00:06:17.305 [JavaFX Application Thread] DEBUG GameWorld            - Clearing game world
00:06:17.305 [JavaFX Application Thread] DEBUG PhysicsWorld         - Clearing physics world
00:06:17.306 [FXGL Background Thread 2 ] DEBUG FXGLApplication      - Initializing game
00:06:17.316 [FXGL Background Thread 2 ] DEBUG FXGLAssetLoaderServi - Loading from file system: file:/C:/Users/Wren/IdeaProjects/GameGame/target/classes/assets/textures/background.png
00:06:17.399 [FXGL Background Thread 2 ] DEBUG FXGLAssetLoaderServi - Loading from file system: file:/C:/Users/Wren/IdeaProjects/GameGame/target/classes/assets/textures/background_stars1.png
00:06:17.492 [FXGL Background Thread 2 ] DEBUG FXGLAssetLoaderServi - Loading from file system: file:/C:/Users/Wren/IdeaProjects/GameGame/target/classes/assets/textures/background_stars2.png
00:06:17.519 [FXGL Background Thread 2 ] DEBUG FXGLAssetLoaderServi - Loading from file system: file:/C:/Users/Wren/IdeaProjects/GameGame/target/classes/assets/textures/background_stars3.png
00:06:17.544 [FXGL Background Thread 2 ] DEBUG FXGLAssetLoaderServi - Loading from file system: file:/C:/Users/Wren/IdeaProjects/GameGame/target/classes/assets/textures/background_cloud1.png
00:06:17.552 [FXGL Background Thread 2 ] DEBUG FXGLAssetLoaderServi - Loading from file system: file:/C:/Users/Wren/IdeaProjects/GameGame/target/classes/assets/textures/background_cloud2.png
00:06:17.562 [FXGL Background Thread 2 ] DEBUG FXGLAssetLoaderServi - Loading from file system: file:/C:/Users/Wren/IdeaProjects/GameGame/target/classes/assets/textures/background_mist1.png
00:06:17.574 [FXGL Background Thread 2 ] DEBUG FXGLAssetLoaderServi - Loading from file system: file:/C:/Users/Wren/IdeaProjects/GameGame/target/classes/assets/textures/background_hills.png
00:06:17.592 [FXGL Background Thread 2 ] DEBUG FXGLAssetLoaderServi - Loading from file system: file:/C:/Users/Wren/IdeaProjects/GameGame/target/classes/assets/textures/background_forest.png
00:06:17.603 [FXGL Background Thread 2 ] DEBUG FXGLAssetLoaderServi - Loading from file system: file:/C:/Users/Wren/IdeaProjects/GameGame/target/classes/assets/textures/background_large_forest.png
00:06:17.632 [FXGL Background Thread 2 ] DEBUG FXGLAssetLoaderServi - Loading from file system: file:/C:/Users/Wren/IdeaProjects/GameGame/target/classes/assets/textures/idle_sprite.png
00:06:17.637 [FXGL Background Thread 2 ] DEBUG FXGLAssetLoaderServi - Loading from file system: file:/C:/Users/Wren/IdeaProjects/GameGame/target/classes/assets/textures/down_sprite.png
00:06:17.639 [FXGL Background Thread 2 ] DEBUG FXGLAssetLoaderServi - Loading from file system: file:/C:/Users/Wren/IdeaProjects/GameGame/target/classes/assets/textures/up_sprite.png
00:06:17.648 [FXGL Background Thread 2 ] DEBUG FXGLAssetLoaderServi - Loading from file system: file:/C:/Users/Wren/IdeaProjects/GameGame/target/classes/assets/music/main_music.wav
00:06:17.734 [FXGL Background Thread 2 ] DEBUG AudioPlayer          - Playing music com.almasb.fxgl.audio.Music@6339327f
00:06:17.741 [FXGL Background Thread 2 ] INFO  FXGLApplication      - Game initialization took: 0.435 sec
00:06:17.742 [JavaFX Application Thread] DEBUG Input                - Clearing active input actions
00:06:17.749 [JavaFX Application Thread] DEBUG GameApplicationServi - Removing overlay from LoadingInterface and adding to GameScene
00:06:17.749 [JavaFX Application Thread] DEBUG PrimaryStageWindow   - LoadingInterface -> GameScene
00:06:18.239 [JavaFX Application Thread] DEBUG FXGLAssetLoaderServi - Loading from file system: file:/C:/Users/Wren/IdeaProjects/GameGame/target/classes/assets/textures/enemy_sprite.png
00:06:18.242 [JavaFX Application Thread] DEBUG FXGLAssetLoaderServi - Loading from file system: file:/C:/Users/Wren/IdeaProjects/GameGame/target/classes/assets/textures/explosion_sprite.png
00:06:18.947 [JavaFX Application Thread] DEBUG FXGLAssetLoaderServi - Loading from file system: file:/C:/Users/Wren/IdeaProjects/GameGame/target/classes/assets/textures/bullet_sprite.png
00:06:19.143 [JavaFX Application Thread] DEBUG FXGLAssetLoaderServi - Loading from file system: file:/C:/Users/Wren/IdeaProjects/GameGame/target/classes/assets/sounds/death_sound.wav
00:06:19.694 [FXGL Background Thread 3 ] DEBUG Engine               - Logging environment variables
00:06:19.694 [FXGL Background Thread 3 ] DEBUG Engine               - achievements: []
00:06:19.694 [FXGL Background Thread 3 ] DEBUG Engine               - actualHeight: 720.0
00:06:19.694 [FXGL Background Thread 3 ] DEBUG Engine               - actualHeightProperty: ReadOnlyDoubleProperty [value: 720.0]
00:06:19.694 [FXGL Background Thread 3 ] DEBUG Engine               - actualWidth: 1280.0
00:06:19.694 [FXGL Background Thread 3 ] DEBUG Engine               - actualWidthProperty: ReadOnlyDoubleProperty [value: 1280.0]
00:06:19.694 [FXGL Background Thread 3 ] DEBUG Engine               - appIcon: fxgl_icon.png
00:06:19.694 [FXGL Background Thread 3 ] DEBUG Engine               - applicationMode: DEVELOPER
00:06:19.694 [FXGL Background Thread 3 ] DEBUG Engine               - cSSList: [fxgl_dark.css]
00:06:19.694 [FXGL Background Thread 3 ] DEBUG Engine               - collisionDetectionStrategy: BRUTE_FORCE
00:06:19.695 [FXGL Background Thread 3 ] DEBUG Engine               - configClass: Optional.empty
00:06:19.695 [FXGL Background Thread 3 ] DEBUG Engine               - credits: []
00:06:19.695 [FXGL Background Thread 3 ] DEBUG Engine               - defaultCursor: CursorInfo(imageName=fxgl_default_cursor.png, hotspotX=7.0, hotspotY=6.0)
00:06:19.695 [FXGL Background Thread 3 ] DEBUG Engine               - devBBoxColorProperty: ObjectProperty [value: 0xff0000ff]
00:06:19.695 [FXGL Background Thread 3 ] DEBUG Engine               - devEnableDebugCameraProperty: BooleanProperty [value: false]
00:06:19.695 [FXGL Background Thread 3 ] DEBUG Engine               - devSensorColorProperty: ObjectProperty [value: 0xffff00ff]
00:06:19.695 [FXGL Background Thread 3 ] DEBUG Engine               - devShowBBoxProperty: BooleanProperty [value: false]
00:06:19.695 [FXGL Background Thread 3 ] DEBUG Engine               - devShowPositionProperty: BooleanProperty [value: false]
00:06:19.695 [FXGL Background Thread 3 ] DEBUG Engine               - enabledMenuItems: []
00:06:19.695 [FXGL Background Thread 3 ] DEBUG Engine               - engineServices: [class com.almasb.fxgl.app.services.FXGLAssetLoaderService, class com.almasb.fxgl.app.FXGLApplication$GameApplicationService, class com.almasb.fxgl.app.services.FXGLDialogService, class com.almasb.fxgl.app.services.IOTaskExecutorService, class com.almasb.fxgl.io.FileSystemService, class com.almasb.fxgl.localization.LocalizationService, class com.almasb.fxgl.app.services.SystemBundleService, class com.almasb.fxgl.profile.SaveLoadService, class com.almasb.fxgl.ui.FXGLUIFactoryServiceProvider, class com.almasb.fxgl.ui.FXGLDialogFactoryServiceProvider, class com.almasb.fxgl.audio.AudioPlayer, class com.almasb.fxgl.notification.impl.NotificationServiceProvider, class com.almasb.fxgl.achievement.AchievementService, class com.almasb.fxgl.cutscene.CutsceneService, class com.almasb.fxgl.minigames.MiniGameService, class com.almasb.fxgl.net.NetService, class com.almasb.fxgl.app.services.UpdaterService, class com.almasb.fxgl.dev.DevService]
00:06:19.695 [FXGL Background Thread 3 ] DEBUG Engine               - fontGame: Abel-Regular.ttf
00:06:19.695 [FXGL Background Thread 3 ] DEBUG Engine               - fontMono: TerminalLandMono-Regular.otf
00:06:19.695 [FXGL Background Thread 3 ] DEBUG Engine               - fontSizeScaleUI: 1.0
00:06:19.695 [FXGL Background Thread 3 ] DEBUG Engine               - fontText: Courier-Prime.ttf
00:06:19.695 [FXGL Background Thread 3 ] DEBUG Engine               - fontUI: VarelaRound-Regular.ttf
00:06:19.695 [FXGL Background Thread 3 ] DEBUG Engine               - fpsRefreshRate: 500.0 ms
00:06:19.696 [FXGL Background Thread 3 ] DEBUG Engine               - fullScreen: BooleanProperty [value: false]
00:06:19.696 [FXGL Background Thread 3 ] DEBUG Engine               - gameDifficulty: MEDIUM
00:06:19.696 [FXGL Background Thread 3 ] DEBUG Engine               - gameDifficultyProperty: ObjectProperty [value: MEDIUM]
00:06:19.696 [FXGL Background Thread 3 ] DEBUG Engine               - globalMusicVolume: 0.5
00:06:19.696 [FXGL Background Thread 3 ] DEBUG Engine               - globalMusicVolumeProperty: DoubleProperty [value: 0.5]
00:06:19.696 [FXGL Background Thread 3 ] DEBUG Engine               - globalSoundVolume: 0.5
00:06:19.696 [FXGL Background Thread 3 ] DEBUG Engine               - globalSoundVolumeProperty: DoubleProperty [value: 0.5]
00:06:19.696 [FXGL Background Thread 3 ] DEBUG Engine               - height: 720
00:06:19.696 [FXGL Background Thread 3 ] DEBUG Engine               - is3D: false
00:06:19.696 [FXGL Background Thread 3 ] DEBUG Engine               - isAndroid: false
00:06:19.696 [FXGL Background Thread 3 ] DEBUG Engine               - isBrowser: false
00:06:19.696 [FXGL Background Thread 3 ] DEBUG Engine               - isClickFeedbackEnabled: false
00:06:19.696 [FXGL Background Thread 3 ] DEBUG Engine               - isCloseConfirmation: false
00:06:19.696 [FXGL Background Thread 3 ] DEBUG Engine               - isDesktop: true
00:06:19.696 [FXGL Background Thread 3 ] DEBUG Engine               - isDeveloperMenuEnabled: false
00:06:19.696 [FXGL Background Thread 3 ] DEBUG Engine               - isEmbedded: false
00:06:19.696 [FXGL Background Thread 3 ] DEBUG Engine               - isEntityPreloadEnabled: true
00:06:19.696 [FXGL Background Thread 3 ] DEBUG Engine               - isExperimentalTiledLargeMap: false
00:06:19.696 [FXGL Background Thread 3 ] DEBUG Engine               - isFileSystemWriteAllowed: true
00:06:19.696 [FXGL Background Thread 3 ] DEBUG Engine               - isFullScreenAllowed: false
00:06:19.696 [FXGL Background Thread 3 ] DEBUG Engine               - isFullScreenFromStart: false
00:06:19.696 [FXGL Background Thread 3 ] DEBUG Engine               - isGameMenuEnabled: true
00:06:19.696 [FXGL Background Thread 3 ] DEBUG Engine               - isIOS: false
00:06:19.696 [FXGL Background Thread 3 ] DEBUG Engine               - isIntroEnabled: false
00:06:19.696 [FXGL Background Thread 3 ] DEBUG Engine               - isLinux: false
00:06:19.696 [FXGL Background Thread 3 ] DEBUG Engine               - isMac: false
00:06:19.696 [FXGL Background Thread 3 ] DEBUG Engine               - isMainMenuEnabled: true
00:06:19.696 [FXGL Background Thread 3 ] DEBUG Engine               - isManualResizeEnabled: false
00:06:19.696 [FXGL Background Thread 3 ] DEBUG Engine               - isMobile: false
00:06:19.696 [FXGL Background Thread 3 ] DEBUG Engine               - isNative: false
00:06:19.696 [FXGL Background Thread 3 ] DEBUG Engine               - isPauseMusicWhenMinimized: true
00:06:19.696 [FXGL Background Thread 3 ] DEBUG Engine               - isPreserveResizeRatio: false
00:06:19.698 [FXGL Background Thread 3 ] DEBUG Engine               - isProfilingEnabled: false
00:06:19.698 [FXGL Background Thread 3 ] DEBUG Engine               - isScaleAffectedOnResize: true
00:06:19.698 [FXGL Background Thread 3 ] DEBUG Engine               - isSingleStep: false
00:06:19.698 [FXGL Background Thread 3 ] DEBUG Engine               - isUserProfileEnabled: false
00:06:19.698 [FXGL Background Thread 3 ] DEBUG Engine               - isWindows: true
00:06:19.698 [FXGL Background Thread 3 ] DEBUG Engine               - language: ObjectProperty [value: ENGLISH]
00:06:19.698 [FXGL Background Thread 3 ] DEBUG Engine               - menuKey: ESCAPE
00:06:19.698 [FXGL Background Thread 3 ] DEBUG Engine               - mouseSensitivity: 0.2
00:06:19.698 [FXGL Background Thread 3 ] DEBUG Engine               - notificationViewClass: class com.almasb.fxgl.notification.view.XboxNotificationView
00:06:19.698 [FXGL Background Thread 3 ] DEBUG Engine               - pixelsPerMeter: 50.0
00:06:19.698 [FXGL Background Thread 3 ] DEBUG Engine               - platform: WINDOWS
00:06:19.698 [FXGL Background Thread 3 ] DEBUG Engine               - prefHeightProperty: ReadOnlyDoubleProperty [value: 720.0]
00:06:19.698 [FXGL Background Thread 3 ] DEBUG Engine               - prefWidthProperty: ReadOnlyDoubleProperty [value: 1280.0]
00:06:19.698 [FXGL Background Thread 3 ] DEBUG Engine               - profileDir: profiles/
00:06:19.698 [FXGL Background Thread 3 ] DEBUG Engine               - profileName: StringProperty [value: DEFAULT]
00:06:19.698 [FXGL Background Thread 3 ] DEBUG Engine               - randomSeed: -1
00:06:19.698 [FXGL Background Thread 3 ] DEBUG Engine               - runtimeInfo: RuntimeInfo(platform=WINDOWS, version=25, build=05.02.2026 22.57)
00:06:19.698 [FXGL Background Thread 3 ] DEBUG Engine               - saveFileExt: sav
00:06:19.698 [FXGL Background Thread 3 ] DEBUG Engine               - scaledHeightProp$fxgl: DoubleProperty [bound, value: 720.0]
00:06:19.698 [FXGL Background Thread 3 ] DEBUG Engine               - scaledWidthProp$fxgl: DoubleProperty [bound, value: 1280.0]
00:06:19.698 [FXGL Background Thread 3 ] DEBUG Engine               - sceneFactory: org.group1.GamePackage.Factory.MainSceneFactory@2e29dbef
00:06:19.698 [FXGL Background Thread 3 ] DEBUG Engine               - secondsIn24h: 60
00:06:19.699 [FXGL Background Thread 3 ] DEBUG Engine               - soundMenuBack: menu/back.wav
00:06:19.699 [FXGL Background Thread 3 ] DEBUG Engine               - soundMenuPress: menu/press.wav
00:06:19.699 [FXGL Background Thread 3 ] DEBUG Engine               - soundMenuSelect: menu/select.wav
00:06:19.699 [FXGL Background Thread 3 ] DEBUG Engine               - soundNotification: core/notification.wav
00:06:19.699 [FXGL Background Thread 3 ] DEBUG Engine               - stageStyle: DECORATED
00:06:19.699 [FXGL Background Thread 3 ] DEBUG Engine               - supportedLanguages: [ENGLISH, FRENCH, GERMAN, HUNGARIAN, RUSSIAN]
00:06:19.699 [FXGL Background Thread 3 ] DEBUG Engine               - ticksPerSecond: -1
00:06:19.699 [FXGL Background Thread 3 ] DEBUG Engine               - title: Untitled
00:06:19.699 [FXGL Background Thread 3 ] DEBUG Engine               - urlGithub: https://github.com/AlmasB/FXGL
00:06:19.699 [FXGL Background Thread 3 ] DEBUG Engine               - urlLeaderboard: http://fxgl-top.herokuapp.com/
00:06:19.699 [FXGL Background Thread 3 ] DEBUG Engine               - urlPOM: https://raw.githubusercontent.com/AlmasB/FXGL/release/README.md
00:06:19.699 [FXGL Background Thread 3 ] DEBUG Engine               - userAppClass: class org.group1.GamePackage.Application
00:06:19.699 [FXGL Background Thread 3 ] DEBUG Engine               - version: 0.0
00:06:19.699 [FXGL Background Thread 3 ] DEBUG Engine               - versionCheckDays: 7
00:06:19.699 [FXGL Background Thread 3 ] DEBUG Engine               - width: 1280
00:06:19.699 [FXGL Background Thread 3 ] DEBUG Engine               - Logging services
00:06:19.699 [FXGL Background Thread 3 ] DEBUG Engine               - class com.almasb.fxgl.app.services.FXGLAssetLoaderService
00:06:19.699 [FXGL Background Thread 3 ] DEBUG Engine               - class com.almasb.fxgl.app.FXGLApplication$GameApplicationService
00:06:19.699 [FXGL Background Thread 3 ] DEBUG Engine               - class com.almasb.fxgl.app.services.FXGLDialogService
00:06:19.699 [FXGL Background Thread 3 ] DEBUG Engine               - class com.almasb.fxgl.app.services.IOTaskExecutorService
00:06:19.699 [FXGL Background Thread 3 ] DEBUG Engine               - class com.almasb.fxgl.io.FileSystemService
00:06:19.699 [FXGL Background Thread 3 ] DEBUG Engine               - class com.almasb.fxgl.localization.LocalizationService
00:06:19.699 [FXGL Background Thread 3 ] DEBUG Engine               - class com.almasb.fxgl.app.services.SystemBundleService
00:06:19.699 [FXGL Background Thread 3 ] DEBUG Engine               - class com.almasb.fxgl.profile.SaveLoadService
00:06:19.699 [FXGL Background Thread 3 ] DEBUG Engine               - class com.almasb.fxgl.ui.FXGLUIFactoryServiceProvider
00:06:19.699 [FXGL Background Thread 3 ] DEBUG Engine               - class com.almasb.fxgl.ui.FXGLDialogFactoryServiceProvider
00:06:19.699 [FXGL Background Thread 3 ] DEBUG Engine               - class com.almasb.fxgl.audio.AudioPlayer
00:06:19.699 [FXGL Background Thread 3 ] DEBUG Engine               - class com.almasb.fxgl.notification.impl.NotificationServiceProvider
00:06:19.699 [FXGL Background Thread 3 ] DEBUG Engine               - class com.almasb.fxgl.achievement.AchievementService
00:06:19.699 [FXGL Background Thread 3 ] DEBUG Engine               - class com.almasb.fxgl.cutscene.CutsceneService
00:06:19.699 [FXGL Background Thread 3 ] DEBUG Engine               - class com.almasb.fxgl.minigames.MiniGameService
00:06:19.699 [FXGL Background Thread 3 ] DEBUG Engine               - class com.almasb.fxgl.net.NetService
00:06:19.699 [FXGL Background Thread 3 ] DEBUG Engine               - class com.almasb.fxgl.app.services.UpdaterService
00:06:19.699 [FXGL Background Thread 3 ] DEBUG Engine               - class com.almasb.fxgl.dev.DevService
00:06:25.208 [JavaFX Application Thread] DEBUG LoopRunner           - Stopping loop
00:06:25.209 [JavaFX Application Thread] FATAL FXGLApplication      - Uncaught Exception:
java.lang.NullPointerException: Cannot invoke "org.group1.GamePackage.Music.AudioManager.FAH()" because "this.audioManager" is null
	at org.group.game/org.group1.GamePackage.Components.PlayerComponent.takeDamage(PlayerComponent.java:135)
	at org.group.game/org.group1.GamePackage.Handlers.CollisionManager$4.onCollisionBegin(CollisionManager.java:107)
	at com.almasb.fxgl.entity@25/com.almasb.fxgl.physics.CollisionPair.collisionBegin(CollisionPair.java:37)
	at com.almasb.fxgl.entity@25/com.almasb.fxgl.physics.PhysicsWorld.collisionBeginFor(PhysicsWorld.java:453)
	at com.almasb.fxgl.entity@25/com.almasb.fxgl.physics.PhysicsWorld.checkCollisionsInGroup(PhysicsWorld.java:405)
	at com.almasb.fxgl.entity@25/com.almasb.fxgl.physics.PhysicsWorld.checkCollisions(PhysicsWorld.java:373)
	at com.almasb.fxgl.entity@25/com.almasb.fxgl.physics.PhysicsWorld.onUpdate(PhysicsWorld.java:179)
	at com.almasb.fxgl.all@25/com.almasb.fxgl.app.scene.GameScene.step(GameScene.kt:240)
	at com.almasb.fxgl.all@25/com.almasb.fxgl.app.scene.GameScene.onUpdate(GameScene.kt:235)
	at com.almasb.fxgl.scene@25/com.almasb.fxgl.scene.Scene.update(Scene.kt:105)
	at com.almasb.fxgl.all@25/com.almasb.fxgl.app.MainWindow.update$lambda$0(MainWindow.kt:121)
	at com.almasb.fxgl.core@25/com.almasb.fxgl.core.fsm.StateMachine.runOnActiveStates(StateMachine.kt:69)
	at com.almasb.fxgl.all@25/com.almasb.fxgl.app.MainWindow.update(MainWindow.kt:121)
	at com.almasb.fxgl.all@25/com.almasb.fxgl.app.FXGLApplication$GameApplicationService.onUpdate(FXGLApplication.kt:451)
	at com.almasb.fxgl.all@25/com.almasb.fxgl.app.Engine.loop(Engine.kt:133)
	at com.almasb.fxgl.all@25/com.almasb.fxgl.app.Engine.loop$lambda$0(Engine.kt:28)
	at com.almasb.fxgl.all@25/com.almasb.fxgl.app.LoopRunner.frame(LoopRunner.kt:157)
	at com.almasb.fxgl.all@25/com.almasb.fxgl.app.LoopRunner.access$frame(LoopRunner.kt:24)
	at com.almasb.fxgl.all@25/com.almasb.fxgl.app.LoopRunner$impl$2$1.onTick(LoopRunner.kt:79)
	at com.almasb.fxgl.all@25/com.almasb.fxgl.app.AnimationTimerLoop$timer$1.handle(LoopRunner.kt:179)
	at javafx.graphics@21.0.6/javafx.animation.AnimationTimer$AnimationTimerReceiver.lambda$handle$0(AnimationTimer.java:58)
	at java.base/java.security.AccessController.doPrivileged(AccessController.java:138)
	at javafx.graphics@21.0.6/javafx.animation.AnimationTimer$AnimationTimerReceiver.handle(AnimationTimer.java:57)
	at javafx.graphics@21.0.6/com.sun.scenario.animation.AbstractPrimaryTimer.timePulseImpl(AbstractPrimaryTimer.java:356)
	at javafx.graphics@21.0.6/com.sun.scenario.animation.AbstractPrimaryTimer$MainLoop.run(AbstractPrimaryTimer.java:266)
	at javafx.graphics@21.0.6/com.sun.javafx.tk.quantum.QuantumToolkit.pulse(QuantumToolkit.java:588)
	at javafx.graphics@21.0.6/com.sun.javafx.tk.quantum.QuantumToolkit.pulse(QuantumToolkit.java:572)
	at javafx.graphics@21.0.6/com.sun.javafx.tk.quantum.QuantumToolkit.pulseFromQueue(QuantumToolkit.java:565)
	at javafx.graphics@21.0.6/com.sun.javafx.tk.quantum.QuantumToolkit.lambda$runToolkit$11(QuantumToolkit.java:352)
	at javafx.graphics@21.0.6/com.sun.glass.ui.InvokeLaterDispatcher$Future.run(InvokeLaterDispatcher.java:95)
	at javafx.graphics@21.0.6/com.sun.glass.ui.win.WinApplication._runLoop(Native Method)
	at javafx.graphics@21.0.6/com.sun.glass.ui.win.WinApplication.lambda$runLoop$3(WinApplication.java:185)
	at java.base/java.lang.Thread.run(Thread.java:1474)

00:06:25.209 [JavaFX Application Thread] FATAL FXGLApplication      - Application will now exit
00:06:25.220 [JavaFX Application Thread] DEBUG PrimaryStageWindow   - Push state: ErrorSubScene
00:06:25.221 [JavaFX Application Thread] DEBUG Input                - Clearing active input actions
00:06:25.222 [JavaFX Application Thread] DEBUG GameApplicationServi - Removing overlay from GameScene and adding to ErrorSubScene
00:06:25.222 [JavaFX Application Thread] DEBUG PrimaryStageWindow   - GameScene -> ErrorSubScene
00:06:25.458 [JavaFX Application Thread] DEBUG FXGLApplication      - Exiting FXGL
00:06:25.458 [JavaFX Application Thread] DEBUG Async                - Shutting down background threads
00:06:25.458 [JavaFX Application Thread] DEBUG PrimaryStageWindow   - Closing main window
00:06:25.470 [JavaFX Application Thread] DEBUG Logger               - Closing Logger
