21:00:44.308 [main                     ] DEBUG Logger               - Configured Logger
21:00:44.324 [main                     ] DEBUG GameApplication      - Logging settings
Title: Untitled
Version: 0.0
Width: 1280
Height: 720
Fullscreen: false
Intro: false
Profiling: false
Single step:false
App Mode: DEVELOPER
Menu Key: ESCAPE
Stage Style: DECORATED
Scene Factory: class com.almasb.fxgl.app.scene.SceneFactory

21:00:44.768 [JavaFX Application Thread] DEBUG FXGLApplication      - Initializing FXGL
21:00:44.776 [JavaFX Application Thread] INFO  Engine               - FXGL-25 (05.02.2026 22.57) on LINUX (J:25.0.2 FX:21.0.6)
21:00:44.776 [JavaFX Application Thread] DEBUG Engine               - JRE Vendor Name: Arch Linux
21:00:44.777 [JavaFX Application Thread] DEBUG Engine               - Running on OS: Linux version 6.18.9-arch1-2
21:00:44.777 [JavaFX Application Thread] DEBUG Engine               - Architecture: amd64
21:00:44.777 [JavaFX Application Thread] INFO  Engine               - Source code and latest versions at: https://github.com/AlmasB/FXGL
21:00:44.777 [JavaFX Application Thread] INFO  Engine               -       Ask questions and discuss at: https://github.com/AlmasB/FXGL/discussions
21:00:44.954 [JavaFX Application Thread] DEBUG PrimaryStageWindow   - Creating a JavaFX scene
21:00:45.125 [JavaFX Application Thread] DEBUG PrimaryStageWindow   - Target settings size: 1280.0 x 720.0
21:00:45.125 [JavaFX Application Thread] DEBUG PrimaryStageWindow   - Scaled scene size:    1280.0 x 720.0
21:00:45.126 [JavaFX Application Thread] DEBUG PrimaryStageWindow   - Scaled ratio: (1.0, 1.0)
21:00:45.127 [JavaFX Application Thread] DEBUG PrimaryStageWindow   - Set initial scene to FXGLStartupScene
21:00:45.134 [JavaFX Application Thread] DEBUG PrimaryStageWindow   - Opening main window
21:00:45.269 [JavaFX Application Thread] DEBUG PrimaryStageWindow   - Window border size: (0.0, 35.0)
21:00:45.269 [JavaFX Application Thread] DEBUG PrimaryStageWindow   - Scaled size: 1280.0 x 685.0
21:00:45.269 [JavaFX Application Thread] DEBUG PrimaryStageWindow   - Scaled ratio: (1.0, 0.9513888888888888)
21:00:45.270 [JavaFX Application Thread] DEBUG PrimaryStageWindow   - Scene size: 1280.0 x 720.0
21:00:45.270 [JavaFX Application Thread] DEBUG PrimaryStageWindow   - Stage size: 1280.0 x 720.0
21:00:45.280 [FXGL Background Thread 1 ] DEBUG Engine               - Initializing environment variables
21:00:45.411 [FXGL Background Thread 1 ] DEBUG FXGLAssetLoaderServi - User app class for loading assets: class TestPackage.BasicGameSample
21:00:45.411 [FXGL Background Thread 1 ] DEBUG GameApplicationServi - Applying CSS: fxgl_dark.css
21:00:45.412 [FXGL Background Thread 1 ] DEBUG FXGLAssetLoaderServi - Loading from file system: jar:file:///home/me/.m2/repository/com/github/almasb/fxgl/25/fxgl-25.jar!/fxglassets/ui/css/fxgl_dark.css
21:00:45.512 [FXGL Background Thread 1 ] DEBUG GameApplicationServi - Initializing application scenes
21:00:45.594 [FXGL Background Thread 1 ] DEBUG GameWorld            - Game world initialized
21:00:45.718 [FXGL Background Thread 1 ] DEBUG PhysicsWorld         - Physics world initialized: appHeight=720, physics.ppm=50.0
21:00:45.719 [FXGL Background Thread 1 ] DEBUG PhysicsWorld         - Using strategy: BRUTE_FORCE
21:00:45.730 [FXGL Background Thread 1 ] DEBUG GameScene            - Game scene initialized: 1280x720
21:00:45.760 [FXGL Background Thread 1 ] DEBUG FXGL.DefaultMenu     - createMenuBodyGameMenu()
21:00:45.795 [FXGL Background Thread 1 ] DEBUG FXGL.DefaultMenu     - createOptionsMenu()
21:00:45.825 [FXGL Background Thread 1 ] DEBUG FXGLAssetLoaderServi - Loading from file system: jar:file:///home/me/.m2/repository/com/github/almasb/fxgl/25/fxgl-25.jar!/fxglassets/textures/particles/smoke.png
21:00:46.099 [FXGL Background Thread 1 ] DEBUG FXGLAssetLoaderServi - Loading from file system: jar:file:///home/me/.m2/repository/com/github/almasb/fxgl/25/fxgl-25.jar!/fxglassets/textures/particles/trace_horizontal.png
21:00:46.208 [FXGL Background Thread 1 ] DEBUG GameApplicationServi - Application scenes initialized
21:00:46.243 [FXGL Background Thread 1 ] DEBUG SystemBundleService  - Loading FXGL system data
21:00:46.254 [FXGL Background Thread 1 ] DEBUG FileSystemAccess     - Reading from: /home/me/ComProg_Project/system/fxgl.bundle
21:00:46.274 [FXGL Background Thread 1 ] DEBUG SystemBundleService  - Bundle FXGL: {}
21:00:46.274 [FXGL Background Thread 1 ] DEBUG UpdaterService       - Checking for updates
21:00:46.287 [FXGL Background Thread 4 ] DEBUG FXGLApplication      - Loading fonts
21:00:46.289 [FXGL Background Thread 4 ] DEBUG FXGLAssetLoaderServi - Loading from file system: jar:file:///home/me/.m2/repository/com/github/almasb/fxgl/25/fxgl-25.jar!/fxglassets/ui/fonts/VarelaRound-Regular.ttf
21:00:46.290 [FXGL Background Thread 1 ] DEBUG FXGLApplication      - Loading default localization
21:00:46.292 [FXGL Background Thread 1 ] DEBUG FXGLAssetLoaderServi - Loading from file system: jar:file:///home/me/.m2/repository/com/github/almasb/fxgl/25/fxgl-25.jar!/fxglassets/languages/english.lang
21:00:46.311 [FXGL Background Thread 4 ] DEBUG FXGLAssetLoaderServi - Loading from file system: jar:file:///home/me/.m2/repository/com/github/almasb/fxgl/25/fxgl-25.jar!/fxglassets/ui/fonts/Abel-Regular.ttf
21:00:46.317 [FXGL Background Thread 4 ] DEBUG FXGLAssetLoaderServi - Loading from file system: jar:file:///home/me/.m2/repository/com/github/almasb/fxgl/25/fxgl-25.jar!/fxglassets/ui/fonts/TerminalLandMono-Regular.otf
21:00:46.323 [FXGL Background Thread 4 ] DEBUG FXGLAssetLoaderServi - Loading from file system: jar:file:///home/me/.m2/repository/com/github/almasb/fxgl/25/fxgl-25.jar!/fxglassets/ui/fonts/Courier-Prime.ttf
21:00:46.337 [JavaFX Application Thread] DEBUG FXGLApplication      - Registering font factories with UI factory
21:00:46.337 [FXGL Background Thread 1 ] INFO  FXGLApplication      - FXGL initialization took: 1.057 sec
21:00:46.369 [JavaFX Application Thread] DEBUG Input                - Registered new binding: Shoot - Space
21:00:46.370 [JavaFX Application Thread] DEBUG Input                - Registered new binding: Move up - W
21:00:46.370 [JavaFX Application Thread] DEBUG Input                - Registered new binding: Move down - S
21:00:46.371 [JavaFX Application Thread] DEBUG Input                - Registered new binding: Move left - A
21:00:46.372 [JavaFX Application Thread] DEBUG Input                - Registered new binding: Move right - D
21:00:46.373 [JavaFX Application Thread] DEBUG FXGLAssetLoaderServi - Loading from file system: jar:file:///home/me/.m2/repository/com/github/almasb/fxgl/25/fxgl-25.jar!/fxglassets/textures/fxgl_icon.png
21:00:46.470 [JavaFX Application Thread] DEBUG FXGLAssetLoaderServi - Loading from file system: jar:file:///home/me/.m2/repository/com/github/almasb/fxgl/25/fxgl-25.jar!/fxglassets/textures/fxgl_default_cursor.png
21:00:46.478 [JavaFX Application Thread] DEBUG Input                - Registered new binding: Screenshot - CTRL+8
21:00:46.479 [JavaFX Application Thread] DEBUG Input                - Registered new binding: System info dump - CTRL+9
21:00:46.480 [JavaFX Application Thread] DEBUG Input                - Registered new binding: Restart - CTRL+R
21:00:46.483 [JavaFX Application Thread] DEBUG Input                - Registered new binding: Toggle Debug Camera - CTRL+7
21:00:46.493 [JavaFX Application Thread] DEBUG LoopRunner           - Starting loop
21:00:46.493 [JavaFX Application Thread] DEBUG LoopRunner           - Initializing JavaFX AnimationTimerLoop
21:00:46.496 [JavaFX Application Thread] DEBUG GameApplicationServi - Starting new game
21:00:46.498 [JavaFX Application Thread] DEBUG Input                - Clearing active input actions
21:00:46.549 [JavaFX Application Thread] DEBUG GameApplicationServi - Removing overlay from FXGLStartupScene and adding to FXGLLoadingScene
21:00:46.551 [JavaFX Application Thread] DEBUG PrimaryStageWindow   - FXGLStartupScene -> FXGLLoadingScene
21:00:46.551 [JavaFX Application Thread] DEBUG GameApplicationServi - Clearing previous game
21:00:46.551 [JavaFX Application Thread] DEBUG GameScene            - Clearing game scene
21:00:46.552 [JavaFX Application Thread] DEBUG GameWorld            - Clearing game world
21:00:46.552 [JavaFX Application Thread] DEBUG PhysicsWorld         - Clearing physics world
21:00:46.557 [FXGL Background Thread 1 ] DEBUG FXGLApplication      - Initializing game
21:00:46.587 [FXGL Background Thread 1 ] DEBUG FXGLAssetLoaderServi - Loading from file system: file:/home/me/ComProg_Project/target/classes/assets/textures/idle_sprite.png
21:00:46.614 [FXGL Background Thread 1 ] DEBUG FXGLAssetLoaderServi - Loading from file system: file:/home/me/ComProg_Project/target/classes/assets/textures/down_sprite.png
21:00:46.637 [FXGL Background Thread 1 ] DEBUG FXGLAssetLoaderServi - Loading from file system: file:/home/me/ComProg_Project/target/classes/assets/textures/up_sprite.png
21:00:46.711 [FXGL Background Thread 1 ] DEBUG FXGLAssetLoaderServi - Loading from file system: file:/home/me/ComProg_Project/target/classes/assets/textures/enemy_sprite.png
21:00:46.731 [FXGL Background Thread 1 ] INFO  FXGLApplication      - Game initialization took: 0.174 sec
21:00:46.949 [JavaFX Application Thread] DEBUG Input                - Clearing active input actions
21:00:46.991 [JavaFX Application Thread] DEBUG GameApplicationServi - Removing overlay from FXGLLoadingScene and adding to GameScene
21:00:46.992 [JavaFX Application Thread] DEBUG PrimaryStageWindow   - FXGLLoadingScene -> GameScene
21:00:49.284 [FXGL Background Thread 3 ] DEBUG Engine               - Logging environment variables
21:00:49.285 [FXGL Background Thread 3 ] DEBUG Engine               - achievements: []
21:00:49.286 [FXGL Background Thread 3 ] DEBUG Engine               - actualHeight: 685.0
21:00:49.286 [FXGL Background Thread 3 ] DEBUG Engine               - actualHeightProperty: ReadOnlyDoubleProperty [value: 685.0]
21:00:49.286 [FXGL Background Thread 3 ] DEBUG Engine               - actualWidth: 1280.0
21:00:49.286 [FXGL Background Thread 3 ] DEBUG Engine               - actualWidthProperty: ReadOnlyDoubleProperty [value: 1280.0]
21:00:49.286 [FXGL Background Thread 3 ] DEBUG Engine               - appIcon: fxgl_icon.png
21:00:49.287 [FXGL Background Thread 3 ] DEBUG Engine               - applicationMode: DEVELOPER
21:00:49.287 [FXGL Background Thread 3 ] DEBUG Engine               - cSSList: [fxgl_dark.css]
21:00:49.287 [FXGL Background Thread 3 ] DEBUG Engine               - collisionDetectionStrategy: BRUTE_FORCE
21:00:49.287 [FXGL Background Thread 3 ] DEBUG Engine               - configClass: Optional.empty
21:00:49.287 [FXGL Background Thread 3 ] DEBUG Engine               - credits: []
21:00:49.288 [FXGL Background Thread 3 ] DEBUG Engine               - defaultCursor: CursorInfo(imageName=fxgl_default_cursor.png, hotspotX=7.0, hotspotY=6.0)
21:00:49.288 [FXGL Background Thread 3 ] DEBUG Engine               - devBBoxColorProperty: ObjectProperty [value: 0xff0000ff]
21:00:49.289 [FXGL Background Thread 3 ] DEBUG Engine               - devEnableDebugCameraProperty: BooleanProperty [value: false]
21:00:49.289 [FXGL Background Thread 3 ] DEBUG Engine               - devSensorColorProperty: ObjectProperty [value: 0xffff00ff]
21:00:49.289 [FXGL Background Thread 3 ] DEBUG Engine               - devShowBBoxProperty: BooleanProperty [value: false]
21:00:49.289 [FXGL Background Thread 3 ] DEBUG Engine               - devShowPositionProperty: BooleanProperty [value: false]
21:00:49.290 [FXGL Background Thread 3 ] DEBUG Engine               - enabledMenuItems: []
21:00:49.290 [FXGL Background Thread 3 ] DEBUG Engine               - engineServices: [class com.almasb.fxgl.app.services.FXGLAssetLoaderService, class com.almasb.fxgl.app.FXGLApplication$GameApplicationService, class com.almasb.fxgl.app.services.FXGLDialogService, class com.almasb.fxgl.app.services.IOTaskExecutorService, class com.almasb.fxgl.io.FileSystemService, class com.almasb.fxgl.localization.LocalizationService, class com.almasb.fxgl.app.services.SystemBundleService, class com.almasb.fxgl.profile.SaveLoadService, class com.almasb.fxgl.ui.FXGLUIFactoryServiceProvider, class com.almasb.fxgl.ui.FXGLDialogFactoryServiceProvider, class com.almasb.fxgl.audio.AudioPlayer, class com.almasb.fxgl.notification.impl.NotificationServiceProvider, class com.almasb.fxgl.achievement.AchievementService, class com.almasb.fxgl.cutscene.CutsceneService, class com.almasb.fxgl.minigames.MiniGameService, class com.almasb.fxgl.net.NetService, class com.almasb.fxgl.app.services.UpdaterService, class com.almasb.fxgl.dev.DevService]
21:00:49.290 [FXGL Background Thread 3 ] DEBUG Engine               - fontGame: Abel-Regular.ttf
21:00:49.290 [FXGL Background Thread 3 ] DEBUG Engine               - fontMono: TerminalLandMono-Regular.otf
21:00:49.290 [FXGL Background Thread 3 ] DEBUG Engine               - fontSizeScaleUI: 1.0
21:00:49.290 [FXGL Background Thread 3 ] DEBUG Engine               - fontText: Courier-Prime.ttf
21:00:49.291 [FXGL Background Thread 3 ] DEBUG Engine               - fontUI: VarelaRound-Regular.ttf
21:00:49.291 [FXGL Background Thread 3 ] DEBUG Engine               - fpsRefreshRate: 500.0 ms
21:00:49.292 [FXGL Background Thread 3 ] DEBUG Engine               - fullScreen: BooleanProperty [value: false]
21:00:49.292 [FXGL Background Thread 3 ] DEBUG Engine               - gameDifficulty: MEDIUM
21:00:49.292 [FXGL Background Thread 3 ] DEBUG Engine               - gameDifficultyProperty: ObjectProperty [value: MEDIUM]
21:00:49.292 [FXGL Background Thread 3 ] DEBUG Engine               - globalMusicVolume: 0.5
21:00:49.292 [FXGL Background Thread 3 ] DEBUG Engine               - globalMusicVolumeProperty: DoubleProperty [value: 0.5]
21:00:49.292 [FXGL Background Thread 3 ] DEBUG Engine               - globalSoundVolume: 0.5
21:00:49.293 [FXGL Background Thread 3 ] DEBUG Engine               - globalSoundVolumeProperty: DoubleProperty [value: 0.5]
21:00:49.293 [FXGL Background Thread 3 ] DEBUG Engine               - height: 720
21:00:49.293 [FXGL Background Thread 3 ] DEBUG Engine               - is3D: false
21:00:49.293 [FXGL Background Thread 3 ] DEBUG Engine               - isAndroid: false
21:00:49.293 [FXGL Background Thread 3 ] DEBUG Engine               - isBrowser: false
21:00:49.294 [FXGL Background Thread 3 ] DEBUG Engine               - isClickFeedbackEnabled: false
21:00:49.294 [FXGL Background Thread 3 ] DEBUG Engine               - isCloseConfirmation: false
21:00:49.294 [FXGL Background Thread 3 ] DEBUG Engine               - isDesktop: true
21:00:49.294 [FXGL Background Thread 3 ] DEBUG Engine               - isDeveloperMenuEnabled: false
21:00:49.294 [FXGL Background Thread 3 ] DEBUG Engine               - isEmbedded: false
21:00:49.294 [FXGL Background Thread 3 ] DEBUG Engine               - isEntityPreloadEnabled: true
21:00:49.294 [FXGL Background Thread 3 ] DEBUG Engine               - isExperimentalTiledLargeMap: false
21:00:49.295 [FXGL Background Thread 3 ] DEBUG Engine               - isFileSystemWriteAllowed: true
21:00:49.295 [FXGL Background Thread 3 ] DEBUG Engine               - isFullScreenAllowed: false
21:00:49.295 [FXGL Background Thread 3 ] DEBUG Engine               - isFullScreenFromStart: false
21:00:49.295 [FXGL Background Thread 3 ] DEBUG Engine               - isGameMenuEnabled: true
21:00:49.296 [FXGL Background Thread 3 ] DEBUG Engine               - isIOS: false
21:00:49.296 [FXGL Background Thread 3 ] DEBUG Engine               - isIntroEnabled: false
21:00:49.296 [FXGL Background Thread 3 ] DEBUG Engine               - isLinux: true
21:00:49.296 [FXGL Background Thread 3 ] DEBUG Engine               - isMac: false
21:00:49.296 [FXGL Background Thread 3 ] DEBUG Engine               - isMainMenuEnabled: false
21:00:49.296 [FXGL Background Thread 3 ] DEBUG Engine               - isManualResizeEnabled: false
21:00:49.297 [FXGL Background Thread 3 ] DEBUG Engine               - isMobile: false
21:00:49.297 [FXGL Background Thread 3 ] DEBUG Engine               - isNative: false
21:00:49.297 [FXGL Background Thread 3 ] DEBUG Engine               - isPauseMusicWhenMinimized: true
21:00:49.297 [FXGL Background Thread 3 ] DEBUG Engine               - isPreserveResizeRatio: false
21:00:49.297 [FXGL Background Thread 3 ] DEBUG Engine               - isProfilingEnabled: false
21:00:49.298 [FXGL Background Thread 3 ] DEBUG Engine               - isScaleAffectedOnResize: true
21:00:49.298 [FXGL Background Thread 3 ] DEBUG Engine               - isSingleStep: false
21:00:49.298 [FXGL Background Thread 3 ] DEBUG Engine               - isUserProfileEnabled: false
21:00:49.298 [FXGL Background Thread 3 ] DEBUG Engine               - isWindows: false
21:00:49.298 [FXGL Background Thread 3 ] DEBUG Engine               - language: ObjectProperty [value: ENGLISH]
21:00:49.298 [FXGL Background Thread 3 ] DEBUG Engine               - menuKey: ESCAPE
21:00:49.299 [FXGL Background Thread 3 ] DEBUG Engine               - mouseSensitivity: 0.2
21:00:49.299 [FXGL Background Thread 3 ] DEBUG Engine               - notificationViewClass: class com.almasb.fxgl.notification.view.XboxNotificationView
21:00:49.299 [FXGL Background Thread 3 ] DEBUG Engine               - pixelsPerMeter: 50.0
21:00:49.299 [FXGL Background Thread 3 ] DEBUG Engine               - platform: LINUX
21:00:49.299 [FXGL Background Thread 3 ] DEBUG Engine               - prefHeightProperty: ReadOnlyDoubleProperty [value: 720.0]
21:00:49.300 [FXGL Background Thread 3 ] DEBUG Engine               - prefWidthProperty: ReadOnlyDoubleProperty [value: 1280.0]
21:00:49.300 [FXGL Background Thread 3 ] DEBUG Engine               - profileDir: profiles/
21:00:49.300 [FXGL Background Thread 3 ] DEBUG Engine               - profileName: StringProperty [value: DEFAULT]
21:00:49.300 [FXGL Background Thread 3 ] DEBUG Engine               - randomSeed: -1
21:00:49.301 [FXGL Background Thread 3 ] DEBUG Engine               - runtimeInfo: RuntimeInfo(platform=LINUX, version=25, build=05.02.2026 22.57)
21:00:49.301 [FXGL Background Thread 3 ] DEBUG Engine               - saveFileExt: sav
21:00:49.301 [FXGL Background Thread 3 ] DEBUG Engine               - scaledHeightProp$fxgl: DoubleProperty [bound, value: 685.0]
21:00:49.301 [FXGL Background Thread 3 ] DEBUG Engine               - scaledWidthProp$fxgl: DoubleProperty [bound, value: 1280.0]
21:00:49.301 [FXGL Background Thread 3 ] DEBUG Engine               - sceneFactory: com.almasb.fxgl.app.scene.SceneFactory@6aa2d9a6
21:00:49.302 [FXGL Background Thread 3 ] DEBUG Engine               - secondsIn24h: 60
21:00:49.302 [FXGL Background Thread 3 ] DEBUG Engine               - soundMenuBack: menu/back.wav
21:00:49.302 [FXGL Background Thread 3 ] DEBUG Engine               - soundMenuPress: menu/press.wav
21:00:49.302 [FXGL Background Thread 3 ] DEBUG Engine               - soundMenuSelect: menu/select.wav
21:00:49.302 [FXGL Background Thread 3 ] DEBUG Engine               - soundNotification: core/notification.wav
21:00:49.303 [FXGL Background Thread 3 ] DEBUG Engine               - stageStyle: DECORATED
21:00:49.303 [FXGL Background Thread 3 ] DEBUG Engine               - supportedLanguages: [ENGLISH, FRENCH, GERMAN, HUNGARIAN, RUSSIAN]
21:00:49.303 [FXGL Background Thread 3 ] DEBUG Engine               - ticksPerSecond: -1
21:00:49.303 [FXGL Background Thread 3 ] DEBUG Engine               - title: Untitled
21:00:49.303 [FXGL Background Thread 3 ] DEBUG Engine               - urlGithub: https://github.com/AlmasB/FXGL
21:00:49.303 [FXGL Background Thread 3 ] DEBUG Engine               - urlLeaderboard: http://fxgl-top.herokuapp.com/
21:00:49.303 [FXGL Background Thread 3 ] DEBUG Engine               - urlPOM: https://raw.githubusercontent.com/AlmasB/FXGL/release/README.md
21:00:49.304 [FXGL Background Thread 3 ] DEBUG Engine               - userAppClass: class TestPackage.BasicGameSample
21:00:49.304 [FXGL Background Thread 3 ] DEBUG Engine               - version: 0.0
21:00:49.304 [FXGL Background Thread 3 ] DEBUG Engine               - versionCheckDays: 7
21:00:49.304 [FXGL Background Thread 3 ] DEBUG Engine               - width: 1280
21:00:49.304 [FXGL Background Thread 3 ] DEBUG Engine               - Logging services
21:00:49.305 [FXGL Background Thread 3 ] DEBUG Engine               - class com.almasb.fxgl.app.services.FXGLAssetLoaderService
21:00:49.305 [FXGL Background Thread 3 ] DEBUG Engine               - class com.almasb.fxgl.app.FXGLApplication$GameApplicationService
21:00:49.305 [FXGL Background Thread 3 ] DEBUG Engine               - class com.almasb.fxgl.app.services.FXGLDialogService
21:00:49.305 [FXGL Background Thread 3 ] DEBUG Engine               - class com.almasb.fxgl.app.services.IOTaskExecutorService
21:00:49.305 [FXGL Background Thread 3 ] DEBUG Engine               - class com.almasb.fxgl.io.FileSystemService
21:00:49.305 [FXGL Background Thread 3 ] DEBUG Engine               - class com.almasb.fxgl.localization.LocalizationService
21:00:49.305 [FXGL Background Thread 3 ] DEBUG Engine               - class com.almasb.fxgl.app.services.SystemBundleService
21:00:49.305 [FXGL Background Thread 3 ] DEBUG Engine               - class com.almasb.fxgl.profile.SaveLoadService
21:00:49.305 [FXGL Background Thread 3 ] DEBUG Engine               - class com.almasb.fxgl.ui.FXGLUIFactoryServiceProvider
21:00:49.306 [FXGL Background Thread 3 ] DEBUG Engine               - class com.almasb.fxgl.ui.FXGLDialogFactoryServiceProvider
21:00:49.306 [FXGL Background Thread 3 ] DEBUG Engine               - class com.almasb.fxgl.audio.AudioPlayer
21:00:49.306 [FXGL Background Thread 3 ] DEBUG Engine               - class com.almasb.fxgl.notification.impl.NotificationServiceProvider
21:00:49.306 [FXGL Background Thread 3 ] DEBUG Engine               - class com.almasb.fxgl.achievement.AchievementService
21:00:49.306 [FXGL Background Thread 3 ] DEBUG Engine               - class com.almasb.fxgl.cutscene.CutsceneService
21:00:49.306 [FXGL Background Thread 3 ] DEBUG Engine               - class com.almasb.fxgl.minigames.MiniGameService
21:00:49.306 [FXGL Background Thread 3 ] DEBUG Engine               - class com.almasb.fxgl.net.NetService
21:00:49.306 [FXGL Background Thread 3 ] DEBUG Engine               - class com.almasb.fxgl.app.services.UpdaterService
21:00:49.306 [FXGL Background Thread 3 ] DEBUG Engine               - class com.almasb.fxgl.dev.DevService
21:00:56.064 [JavaFX Application Thread] DEBUG FXGLAssetLoaderServi - Loading from file system: file:/home/me/ComProg_Project/target/classes/assets/textures/bullet_sprite.png
21:00:57.991 [JavaFX Application Thread] DEBUG FXGLApplication      - Exiting FXGL
21:00:57.991 [JavaFX Application Thread] DEBUG LoopRunner           - Stopping loop
21:00:57.992 [JavaFX Application Thread] DEBUG SystemBundleService  - Saving FXGL system data
21:00:57.996 [JavaFX Application Thread] DEBUG FileSystemAccess     - Writing to: /home/me/ComProg_Project/system/fxgl.bundle
21:00:58.002 [JavaFX Application Thread] DEBUG Async                - Shutting down background threads
21:00:58.002 [JavaFX Application Thread] DEBUG PrimaryStageWindow   - Closing main window
21:00:58.007 [JavaFX Application Thread] DEBUG Logger               - Closing Logger
