20:27:56.861 [main                     ] DEBUG Logger               - Configured Logger
20:27:56.882 [main                     ] DEBUG GameApplication      - Logging settings
Title: Untitled
Version: 0.0
Width: 1280
Height: 720
Fullscreen: false
Intro: false
Profiling: false
Single step:false
App Mode: DEVELOPER
Menu Key: ESCAPE
Stage Style: DECORATED
Scene Factory: class com.almasb.fxgl.app.scene.SceneFactory

20:27:57.332 [JavaFX Application Thread] DEBUG FXGLApplication      - Initializing FXGL
20:27:57.338 [JavaFX Application Thread] INFO  Engine               - FXGL-25 (05.02.2026 22.57) on LINUX (J:25.0.2 FX:21.0.6)
20:27:57.339 [JavaFX Application Thread] DEBUG Engine               - JRE Vendor Name: Arch Linux
20:27:57.340 [JavaFX Application Thread] DEBUG Engine               - Running on OS: Linux version 6.18.9-arch1-2
20:27:57.340 [JavaFX Application Thread] DEBUG Engine               - Architecture: amd64
20:27:57.340 [JavaFX Application Thread] INFO  Engine               - Source code and latest versions at: https://github.com/AlmasB/FXGL
20:27:57.341 [JavaFX Application Thread] INFO  Engine               -       Ask questions and discuss at: https://github.com/AlmasB/FXGL/discussions
20:27:57.504 [JavaFX Application Thread] DEBUG PrimaryStageWindow   - Creating a JavaFX scene
20:27:57.671 [JavaFX Application Thread] DEBUG PrimaryStageWindow   - Target settings size: 1280.0 x 720.0
20:27:57.671 [JavaFX Application Thread] DEBUG PrimaryStageWindow   - Scaled scene size:    1280.0 x 720.0
20:27:57.672 [JavaFX Application Thread] DEBUG PrimaryStageWindow   - Scaled ratio: (1.0, 1.0)
20:27:57.674 [JavaFX Application Thread] DEBUG PrimaryStageWindow   - Set initial scene to FXGLStartupScene
20:27:57.680 [JavaFX Application Thread] DEBUG PrimaryStageWindow   - Opening main window
20:27:57.810 [JavaFX Application Thread] DEBUG PrimaryStageWindow   - Window border size: (0.0, 35.0)
20:27:57.811 [JavaFX Application Thread] DEBUG PrimaryStageWindow   - Scaled size: 1280.0 x 685.0
20:27:57.811 [JavaFX Application Thread] DEBUG PrimaryStageWindow   - Scaled ratio: (1.0, 0.9513888888888888)
20:27:57.811 [JavaFX Application Thread] DEBUG PrimaryStageWindow   - Scene size: 1280.0 x 720.0
20:27:57.811 [JavaFX Application Thread] DEBUG PrimaryStageWindow   - Stage size: 1280.0 x 720.0
20:27:57.822 [FXGL Background Thread 1 ] DEBUG Engine               - Initializing environment variables
20:27:57.941 [FXGL Background Thread 1 ] DEBUG FXGLAssetLoaderServi - User app class for loading assets: class TestPackage.BasicGameSample
20:27:57.941 [FXGL Background Thread 1 ] DEBUG GameApplicationServi - Applying CSS: fxgl_dark.css
20:27:57.943 [FXGL Background Thread 1 ] DEBUG FXGLAssetLoaderServi - Loading from file system: jar:file:///home/me/.m2/repository/com/github/almasb/fxgl/25/fxgl-25.jar!/fxglassets/ui/css/fxgl_dark.css
20:27:58.041 [FXGL Background Thread 1 ] DEBUG GameApplicationServi - Initializing application scenes
20:27:58.136 [FXGL Background Thread 1 ] DEBUG GameWorld            - Game world initialized
20:27:58.284 [FXGL Background Thread 1 ] DEBUG PhysicsWorld         - Physics world initialized: appHeight=720, physics.ppm=50.0
20:27:58.285 [FXGL Background Thread 1 ] DEBUG PhysicsWorld         - Using strategy: BRUTE_FORCE
20:27:58.295 [FXGL Background Thread 1 ] DEBUG GameScene            - Game scene initialized: 1280x720
20:27:58.325 [FXGL Background Thread 1 ] DEBUG FXGL.DefaultMenu     - createMenuBodyGameMenu()
20:27:58.358 [FXGL Background Thread 1 ] DEBUG FXGL.DefaultMenu     - createOptionsMenu()
20:27:58.383 [FXGL Background Thread 1 ] DEBUG FXGLAssetLoaderServi - Loading from file system: jar:file:///home/me/.m2/repository/com/github/almasb/fxgl/25/fxgl-25.jar!/fxglassets/textures/particles/smoke.png
20:27:58.731 [FXGL Background Thread 1 ] DEBUG FXGLAssetLoaderServi - Loading from file system: jar:file:///home/me/.m2/repository/com/github/almasb/fxgl/25/fxgl-25.jar!/fxglassets/textures/particles/trace_horizontal.png
20:27:58.885 [FXGL Background Thread 1 ] DEBUG GameApplicationServi - Application scenes initialized
20:27:58.915 [FXGL Background Thread 1 ] DEBUG SystemBundleService  - Loading FXGL system data
20:27:58.924 [FXGL Background Thread 1 ] DEBUG FileSystemAccess     - Reading from: /home/me/ComProg_Project/system/fxgl.bundle
20:27:58.942 [FXGL Background Thread 1 ] DEBUG SystemBundleService  - Bundle FXGL: {}
20:27:58.943 [FXGL Background Thread 1 ] DEBUG UpdaterService       - Checking for updates
20:27:58.955 [FXGL Background Thread 4 ] DEBUG FXGLApplication      - Loading fonts
20:27:58.956 [FXGL Background Thread 4 ] DEBUG FXGLAssetLoaderServi - Loading from file system: jar:file:///home/me/.m2/repository/com/github/almasb/fxgl/25/fxgl-25.jar!/fxglassets/ui/fonts/VarelaRound-Regular.ttf
20:27:58.957 [FXGL Background Thread 1 ] DEBUG FXGLApplication      - Loading default localization
20:27:58.959 [FXGL Background Thread 1 ] DEBUG FXGLAssetLoaderServi - Loading from file system: jar:file:///home/me/.m2/repository/com/github/almasb/fxgl/25/fxgl-25.jar!/fxglassets/languages/english.lang
20:27:58.972 [FXGL Background Thread 4 ] DEBUG FXGLAssetLoaderServi - Loading from file system: jar:file:///home/me/.m2/repository/com/github/almasb/fxgl/25/fxgl-25.jar!/fxglassets/ui/fonts/Abel-Regular.ttf
20:27:58.976 [FXGL Background Thread 4 ] DEBUG FXGLAssetLoaderServi - Loading from file system: jar:file:///home/me/.m2/repository/com/github/almasb/fxgl/25/fxgl-25.jar!/fxglassets/ui/fonts/TerminalLandMono-Regular.otf
20:27:58.980 [FXGL Background Thread 4 ] DEBUG FXGLAssetLoaderServi - Loading from file system: jar:file:///home/me/.m2/repository/com/github/almasb/fxgl/25/fxgl-25.jar!/fxglassets/ui/fonts/Courier-Prime.ttf
20:27:58.992 [JavaFX Application Thread] DEBUG FXGLApplication      - Registering font factories with UI factory
20:27:59.000 [FXGL Background Thread 1 ] INFO  FXGLApplication      - FXGL initialization took: 1.178 sec
20:27:59.035 [JavaFX Application Thread] DEBUG Input                - Registered new binding: Shoot - Space
20:27:59.035 [JavaFX Application Thread] DEBUG Input                - Registered new binding: Move up - W
20:27:59.036 [JavaFX Application Thread] DEBUG Input                - Registered new binding: Move down - S
20:27:59.036 [JavaFX Application Thread] DEBUG Input                - Registered new binding: Move left - A
20:27:59.037 [JavaFX Application Thread] DEBUG Input                - Registered new binding: Move right - D
20:27:59.038 [JavaFX Application Thread] DEBUG FXGLAssetLoaderServi - Loading from file system: jar:file:///home/me/.m2/repository/com/github/almasb/fxgl/25/fxgl-25.jar!/fxglassets/textures/fxgl_icon.png
20:27:59.121 [JavaFX Application Thread] DEBUG FXGLAssetLoaderServi - Loading from file system: jar:file:///home/me/.m2/repository/com/github/almasb/fxgl/25/fxgl-25.jar!/fxglassets/textures/fxgl_default_cursor.png
20:27:59.127 [JavaFX Application Thread] DEBUG Input                - Registered new binding: Screenshot - CTRL+8
20:27:59.128 [JavaFX Application Thread] DEBUG Input                - Registered new binding: System info dump - CTRL+9
20:27:59.129 [JavaFX Application Thread] DEBUG Input                - Registered new binding: Restart - CTRL+R
20:27:59.132 [JavaFX Application Thread] DEBUG Input                - Registered new binding: Toggle Debug Camera - CTRL+7
20:27:59.140 [JavaFX Application Thread] DEBUG LoopRunner           - Starting loop
20:27:59.141 [JavaFX Application Thread] DEBUG LoopRunner           - Initializing JavaFX AnimationTimerLoop
20:27:59.144 [JavaFX Application Thread] DEBUG GameApplicationServi - Starting new game
20:27:59.145 [JavaFX Application Thread] DEBUG Input                - Clearing active input actions
20:27:59.189 [JavaFX Application Thread] DEBUG GameApplicationServi - Removing overlay from FXGLStartupScene and adding to FXGLLoadingScene
20:27:59.190 [JavaFX Application Thread] DEBUG PrimaryStageWindow   - FXGLStartupScene -> FXGLLoadingScene
20:27:59.191 [JavaFX Application Thread] DEBUG GameApplicationServi - Clearing previous game
20:27:59.191 [JavaFX Application Thread] DEBUG GameScene            - Clearing game scene
20:27:59.192 [JavaFX Application Thread] DEBUG GameWorld            - Clearing game world
20:27:59.192 [JavaFX Application Thread] DEBUG PhysicsWorld         - Clearing physics world
20:27:59.197 [FXGL Background Thread 1 ] DEBUG FXGLApplication      - Initializing game
20:27:59.229 [FXGL Background Thread 1 ] DEBUG FXGLAssetLoaderServi - Loading from file system: file:/home/me/ComProg_Project/target/classes/assets/textures/idle_sprite.png
20:27:59.257 [FXGL Background Thread 1 ] DEBUG FXGLAssetLoaderServi - Loading from file system: file:/home/me/ComProg_Project/target/classes/assets/textures/down_sprite.png
20:27:59.279 [FXGL Background Thread 1 ] DEBUG FXGLAssetLoaderServi - Loading from file system: file:/home/me/ComProg_Project/target/classes/assets/textures/up_sprite.png
20:27:59.368 [FXGL Background Thread 1 ] INFO  FXGLApplication      - Game initialization took: 0.171 sec
20:27:59.645 [JavaFX Application Thread] DEBUG Input                - Clearing active input actions
20:27:59.688 [JavaFX Application Thread] DEBUG GameApplicationServi - Removing overlay from FXGLLoadingScene and adding to GameScene
20:27:59.689 [JavaFX Application Thread] DEBUG PrimaryStageWindow   - FXGLLoadingScene -> GameScene
20:28:00.157 [JavaFX Application Thread] DEBUG FXGLAssetLoaderServi - Loading from file system: file:/home/me/ComProg_Project/target/classes/assets/textures/bullet_sprite.png
20:28:01.950 [FXGL Background Thread 3 ] DEBUG Engine               - Logging environment variables
20:28:01.952 [FXGL Background Thread 3 ] DEBUG Engine               - achievements: []
20:28:01.952 [FXGL Background Thread 3 ] DEBUG Engine               - actualHeight: 685.0
20:28:01.952 [FXGL Background Thread 3 ] DEBUG Engine               - actualHeightProperty: ReadOnlyDoubleProperty [value: 685.0]
20:28:01.953 [FXGL Background Thread 3 ] DEBUG Engine               - actualWidth: 1280.0
20:28:01.953 [FXGL Background Thread 3 ] DEBUG Engine               - actualWidthProperty: ReadOnlyDoubleProperty [value: 1280.0]
20:28:01.953 [FXGL Background Thread 3 ] DEBUG Engine               - appIcon: fxgl_icon.png
20:28:01.953 [FXGL Background Thread 3 ] DEBUG Engine               - applicationMode: DEVELOPER
20:28:01.954 [FXGL Background Thread 3 ] DEBUG Engine               - cSSList: [fxgl_dark.css]
20:28:01.954 [FXGL Background Thread 3 ] DEBUG Engine               - collisionDetectionStrategy: BRUTE_FORCE
20:28:01.954 [FXGL Background Thread 3 ] DEBUG Engine               - configClass: Optional.empty
20:28:01.954 [FXGL Background Thread 3 ] DEBUG Engine               - credits: []
20:28:01.955 [FXGL Background Thread 3 ] DEBUG Engine               - defaultCursor: CursorInfo(imageName=fxgl_default_cursor.png, hotspotX=7.0, hotspotY=6.0)
20:28:01.956 [FXGL Background Thread 3 ] DEBUG Engine               - devBBoxColorProperty: ObjectProperty [value: 0xff0000ff]
20:28:01.956 [FXGL Background Thread 3 ] DEBUG Engine               - devEnableDebugCameraProperty: BooleanProperty [value: false]
20:28:01.957 [FXGL Background Thread 3 ] DEBUG Engine               - devSensorColorProperty: ObjectProperty [value: 0xffff00ff]
20:28:01.957 [FXGL Background Thread 3 ] DEBUG Engine               - devShowBBoxProperty: BooleanProperty [value: false]
20:28:01.958 [FXGL Background Thread 3 ] DEBUG Engine               - devShowPositionProperty: BooleanProperty [value: false]
20:28:01.958 [FXGL Background Thread 3 ] DEBUG Engine               - enabledMenuItems: []
20:28:01.958 [FXGL Background Thread 3 ] DEBUG Engine               - engineServices: [class com.almasb.fxgl.app.services.FXGLAssetLoaderService, class com.almasb.fxgl.app.FXGLApplication$GameApplicationService, class com.almasb.fxgl.app.services.FXGLDialogService, class com.almasb.fxgl.app.services.IOTaskExecutorService, class com.almasb.fxgl.io.FileSystemService, class com.almasb.fxgl.localization.LocalizationService, class com.almasb.fxgl.app.services.SystemBundleService, class com.almasb.fxgl.profile.SaveLoadService, class com.almasb.fxgl.ui.FXGLUIFactoryServiceProvider, class com.almasb.fxgl.ui.FXGLDialogFactoryServiceProvider, class com.almasb.fxgl.audio.AudioPlayer, class com.almasb.fxgl.notification.impl.NotificationServiceProvider, class com.almasb.fxgl.achievement.AchievementService, class com.almasb.fxgl.cutscene.CutsceneService, class com.almasb.fxgl.minigames.MiniGameService, class com.almasb.fxgl.net.NetService, class com.almasb.fxgl.app.services.UpdaterService, class com.almasb.fxgl.dev.DevService]
20:28:01.959 [FXGL Background Thread 3 ] DEBUG Engine               - fontGame: Abel-Regular.ttf
20:28:01.959 [FXGL Background Thread 3 ] DEBUG Engine               - fontMono: TerminalLandMono-Regular.otf
20:28:01.959 [FXGL Background Thread 3 ] DEBUG Engine               - fontSizeScaleUI: 1.0
20:28:01.959 [FXGL Background Thread 3 ] DEBUG Engine               - fontText: Courier-Prime.ttf
20:28:01.960 [FXGL Background Thread 3 ] DEBUG Engine               - fontUI: VarelaRound-Regular.ttf
20:28:01.960 [FXGL Background Thread 3 ] DEBUG Engine               - fpsRefreshRate: 500.0 ms
20:28:01.961 [FXGL Background Thread 3 ] DEBUG Engine               - fullScreen: BooleanProperty [value: false]
20:28:01.961 [FXGL Background Thread 3 ] DEBUG Engine               - gameDifficulty: MEDIUM
20:28:01.961 [FXGL Background Thread 3 ] DEBUG Engine               - gameDifficultyProperty: ObjectProperty [value: MEDIUM]
20:28:01.962 [FXGL Background Thread 3 ] DEBUG Engine               - globalMusicVolume: 0.5
20:28:01.962 [FXGL Background Thread 3 ] DEBUG Engine               - globalMusicVolumeProperty: DoubleProperty [value: 0.5]
20:28:01.962 [FXGL Background Thread 3 ] DEBUG Engine               - globalSoundVolume: 0.5
20:28:01.963 [FXGL Background Thread 3 ] DEBUG Engine               - globalSoundVolumeProperty: DoubleProperty [value: 0.5]
20:28:01.963 [FXGL Background Thread 3 ] DEBUG Engine               - height: 720
20:28:01.963 [FXGL Background Thread 3 ] DEBUG Engine               - is3D: false
20:28:01.963 [FXGL Background Thread 3 ] DEBUG Engine               - isAndroid: false
20:28:01.964 [FXGL Background Thread 3 ] DEBUG Engine               - isBrowser: false
20:28:01.964 [FXGL Background Thread 3 ] DEBUG Engine               - isClickFeedbackEnabled: false
20:28:01.964 [FXGL Background Thread 3 ] DEBUG Engine               - isCloseConfirmation: false
20:28:01.964 [FXGL Background Thread 3 ] DEBUG Engine               - isDesktop: true
20:28:01.964 [FXGL Background Thread 3 ] DEBUG Engine               - isDeveloperMenuEnabled: false
20:28:01.965 [FXGL Background Thread 3 ] DEBUG Engine               - isEmbedded: false
20:28:01.965 [FXGL Background Thread 3 ] DEBUG Engine               - isEntityPreloadEnabled: true
20:28:01.965 [FXGL Background Thread 3 ] DEBUG Engine               - isExperimentalTiledLargeMap: false
20:28:01.965 [FXGL Background Thread 3 ] DEBUG Engine               - isFileSystemWriteAllowed: true
20:28:01.965 [FXGL Background Thread 3 ] DEBUG Engine               - isFullScreenAllowed: false
20:28:01.965 [FXGL Background Thread 3 ] DEBUG Engine               - isFullScreenFromStart: false
20:28:01.966 [FXGL Background Thread 3 ] DEBUG Engine               - isGameMenuEnabled: true
20:28:01.966 [FXGL Background Thread 3 ] DEBUG Engine               - isIOS: false
20:28:01.966 [FXGL Background Thread 3 ] DEBUG Engine               - isIntroEnabled: false
20:28:01.966 [FXGL Background Thread 3 ] DEBUG Engine               - isLinux: true
20:28:01.967 [FXGL Background Thread 3 ] DEBUG Engine               - isMac: false
20:28:01.967 [FXGL Background Thread 3 ] DEBUG Engine               - isMainMenuEnabled: false
20:28:01.967 [FXGL Background Thread 3 ] DEBUG Engine               - isManualResizeEnabled: false
20:28:01.967 [FXGL Background Thread 3 ] DEBUG Engine               - isMobile: false
20:28:01.968 [FXGL Background Thread 3 ] DEBUG Engine               - isNative: false
20:28:01.968 [FXGL Background Thread 3 ] DEBUG Engine               - isPauseMusicWhenMinimized: true
20:28:01.968 [FXGL Background Thread 3 ] DEBUG Engine               - isPreserveResizeRatio: false
20:28:01.968 [FXGL Background Thread 3 ] DEBUG Engine               - isProfilingEnabled: false
20:28:01.969 [FXGL Background Thread 3 ] DEBUG Engine               - isScaleAffectedOnResize: true
20:28:01.969 [FXGL Background Thread 3 ] DEBUG Engine               - isSingleStep: false
20:28:01.969 [FXGL Background Thread 3 ] DEBUG Engine               - isUserProfileEnabled: false
20:28:01.969 [FXGL Background Thread 3 ] DEBUG Engine               - isWindows: false
20:28:01.970 [FXGL Background Thread 3 ] DEBUG Engine               - language: ObjectProperty [value: ENGLISH]
20:28:01.970 [FXGL Background Thread 3 ] DEBUG Engine               - menuKey: ESCAPE
20:28:01.970 [FXGL Background Thread 3 ] DEBUG Engine               - mouseSensitivity: 0.2
20:28:01.970 [FXGL Background Thread 3 ] DEBUG Engine               - notificationViewClass: class com.almasb.fxgl.notification.view.XboxNotificationView
20:28:01.971 [FXGL Background Thread 3 ] DEBUG Engine               - pixelsPerMeter: 50.0
20:28:01.971 [FXGL Background Thread 3 ] DEBUG Engine               - platform: LINUX
20:28:01.971 [FXGL Background Thread 3 ] DEBUG Engine               - prefHeightProperty: ReadOnlyDoubleProperty [value: 720.0]
20:28:01.971 [FXGL Background Thread 3 ] DEBUG Engine               - prefWidthProperty: ReadOnlyDoubleProperty [value: 1280.0]
20:28:01.972 [FXGL Background Thread 3 ] DEBUG Engine               - profileDir: profiles/
20:28:01.972 [FXGL Background Thread 3 ] DEBUG Engine               - profileName: StringProperty [value: DEFAULT]
20:28:01.972 [FXGL Background Thread 3 ] DEBUG Engine               - randomSeed: -1
20:28:01.973 [FXGL Background Thread 3 ] DEBUG Engine               - runtimeInfo: RuntimeInfo(platform=LINUX, version=25, build=05.02.2026 22.57)
20:28:01.973 [FXGL Background Thread 3 ] DEBUG Engine               - saveFileExt: sav
20:28:01.973 [FXGL Background Thread 3 ] DEBUG Engine               - scaledHeightProp$fxgl: DoubleProperty [bound, value: 685.0]
20:28:01.974 [FXGL Background Thread 3 ] DEBUG Engine               - scaledWidthProp$fxgl: DoubleProperty [bound, value: 1280.0]
20:28:01.974 [FXGL Background Thread 3 ] DEBUG Engine               - sceneFactory: com.almasb.fxgl.app.scene.SceneFactory@7718b2f4
20:28:01.974 [FXGL Background Thread 3 ] DEBUG Engine               - secondsIn24h: 60
20:28:01.975 [FXGL Background Thread 3 ] DEBUG Engine               - soundMenuBack: menu/back.wav
20:28:01.975 [FXGL Background Thread 3 ] DEBUG Engine               - soundMenuPress: menu/press.wav
20:28:01.975 [FXGL Background Thread 3 ] DEBUG Engine               - soundMenuSelect: menu/select.wav
20:28:01.975 [FXGL Background Thread 3 ] DEBUG Engine               - soundNotification: core/notification.wav
20:28:01.975 [FXGL Background Thread 3 ] DEBUG Engine               - stageStyle: DECORATED
20:28:01.976 [FXGL Background Thread 3 ] DEBUG Engine               - supportedLanguages: [ENGLISH, FRENCH, GERMAN, HUNGARIAN, RUSSIAN]
20:28:01.976 [FXGL Background Thread 3 ] DEBUG Engine               - ticksPerSecond: -1
20:28:01.976 [FXGL Background Thread 3 ] DEBUG Engine               - title: Untitled
20:28:01.976 [FXGL Background Thread 3 ] DEBUG Engine               - urlGithub: https://github.com/AlmasB/FXGL
20:28:01.976 [FXGL Background Thread 3 ] DEBUG Engine               - urlLeaderboard: http://fxgl-top.herokuapp.com/
20:28:01.977 [FXGL Background Thread 3 ] DEBUG Engine               - urlPOM: https://raw.githubusercontent.com/AlmasB/FXGL/release/README.md
20:28:01.977 [FXGL Background Thread 3 ] DEBUG Engine               - userAppClass: class TestPackage.BasicGameSample
20:28:01.977 [FXGL Background Thread 3 ] DEBUG Engine               - version: 0.0
20:28:01.977 [FXGL Background Thread 3 ] DEBUG Engine               - versionCheckDays: 7
20:28:01.977 [FXGL Background Thread 3 ] DEBUG Engine               - width: 1280
20:28:01.978 [FXGL Background Thread 3 ] DEBUG Engine               - Logging services
20:28:01.978 [FXGL Background Thread 3 ] DEBUG Engine               - class com.almasb.fxgl.app.services.FXGLAssetLoaderService
20:28:01.978 [FXGL Background Thread 3 ] DEBUG Engine               - class com.almasb.fxgl.app.FXGLApplication$GameApplicationService
20:28:01.978 [FXGL Background Thread 3 ] DEBUG Engine               - class com.almasb.fxgl.app.services.FXGLDialogService
20:28:01.978 [FXGL Background Thread 3 ] DEBUG Engine               - class com.almasb.fxgl.app.services.IOTaskExecutorService
20:28:01.978 [FXGL Background Thread 3 ] DEBUG Engine               - class com.almasb.fxgl.io.FileSystemService
20:28:01.978 [FXGL Background Thread 3 ] DEBUG Engine               - class com.almasb.fxgl.localization.LocalizationService
20:28:01.978 [FXGL Background Thread 3 ] DEBUG Engine               - class com.almasb.fxgl.app.services.SystemBundleService
20:28:01.979 [FXGL Background Thread 3 ] DEBUG Engine               - class com.almasb.fxgl.profile.SaveLoadService
20:28:01.979 [FXGL Background Thread 3 ] DEBUG Engine               - class com.almasb.fxgl.ui.FXGLUIFactoryServiceProvider
20:28:01.979 [FXGL Background Thread 3 ] DEBUG Engine               - class com.almasb.fxgl.ui.FXGLDialogFactoryServiceProvider
20:28:01.979 [FXGL Background Thread 3 ] DEBUG Engine               - class com.almasb.fxgl.audio.AudioPlayer
20:28:01.979 [FXGL Background Thread 3 ] DEBUG Engine               - class com.almasb.fxgl.notification.impl.NotificationServiceProvider
20:28:01.979 [FXGL Background Thread 3 ] DEBUG Engine               - class com.almasb.fxgl.achievement.AchievementService
20:28:01.979 [FXGL Background Thread 3 ] DEBUG Engine               - class com.almasb.fxgl.cutscene.CutsceneService
20:28:01.980 [FXGL Background Thread 3 ] DEBUG Engine               - class com.almasb.fxgl.minigames.MiniGameService
20:28:01.980 [FXGL Background Thread 3 ] DEBUG Engine               - class com.almasb.fxgl.net.NetService
20:28:01.980 [FXGL Background Thread 3 ] DEBUG Engine               - class com.almasb.fxgl.app.services.UpdaterService
20:28:01.980 [FXGL Background Thread 3 ] DEBUG Engine               - class com.almasb.fxgl.dev.DevService
20:28:07.354 [JavaFX Application Thread] DEBUG FXGLApplication      - Exiting FXGL
20:28:07.354 [JavaFX Application Thread] DEBUG LoopRunner           - Stopping loop
20:28:07.354 [JavaFX Application Thread] DEBUG SystemBundleService  - Saving FXGL system data
20:28:07.359 [JavaFX Application Thread] DEBUG FileSystemAccess     - Writing to: /home/me/ComProg_Project/system/fxgl.bundle
20:28:07.365 [JavaFX Application Thread] DEBUG Async                - Shutting down background threads
20:28:07.365 [JavaFX Application Thread] DEBUG PrimaryStageWindow   - Closing main window
20:28:07.377 [JavaFX Application Thread] DEBUG Logger               - Closing Logger
