00:02:10.860 [main                     ] DEBUG Logger               - Configured Logger
00:02:10.866 [main                     ] DEBUG GameApplication      - Logging settings
Title: Untitled
Version: 0.0
Width: 1280
Height: 720
Fullscreen: false
Intro: false
Profiling: false
Single step:false
App Mode: DEVELOPER
Menu Key: ESCAPE
Stage Style: DECORATED
Scene Factory: class com.almasb.fxgl.app.scene.SceneFactory

00:02:11.073 [JavaFX Application Thread] DEBUG FXGLApplication      - Initializing FXGL
00:02:11.077 [JavaFX Application Thread] INFO  Engine               - FXGL-25 (05.02.2026 22.57) on LINUX (J:25.0.2 FX:21.0.6)
00:02:11.077 [JavaFX Application Thread] DEBUG Engine               - JRE Vendor Name: Arch Linux
00:02:11.078 [JavaFX Application Thread] DEBUG Engine               - Running on OS: Linux version 6.18.9-arch1-2
00:02:11.078 [JavaFX Application Thread] DEBUG Engine               - Architecture: amd64
00:02:11.078 [JavaFX Application Thread] INFO  Engine               - Source code and latest versions at: https://github.com/AlmasB/FXGL
00:02:11.078 [JavaFX Application Thread] INFO  Engine               -       Ask questions and discuss at: https://github.com/AlmasB/FXGL/discussions
00:02:11.151 [JavaFX Application Thread] DEBUG PrimaryStageWindow   - Creating a JavaFX scene
00:02:11.232 [JavaFX Application Thread] DEBUG PrimaryStageWindow   - Target settings size: 1280.0 x 720.0
00:02:11.232 [JavaFX Application Thread] DEBUG PrimaryStageWindow   - Scaled scene size:    1280.0 x 720.0
00:02:11.233 [JavaFX Application Thread] DEBUG PrimaryStageWindow   - Scaled ratio: (1.0, 1.0)
00:02:11.233 [JavaFX Application Thread] DEBUG PrimaryStageWindow   - Set initial scene to FXGLStartupScene
00:02:11.237 [JavaFX Application Thread] DEBUG PrimaryStageWindow   - Opening main window
00:02:11.302 [JavaFX Application Thread] DEBUG PrimaryStageWindow   - Window border size: (0.0, 35.0)
00:02:11.302 [JavaFX Application Thread] DEBUG PrimaryStageWindow   - Scaled size: 1280.0 x 685.0
00:02:11.302 [JavaFX Application Thread] DEBUG PrimaryStageWindow   - Scaled ratio: (1.0, 0.9513888888888888)
00:02:11.302 [JavaFX Application Thread] DEBUG PrimaryStageWindow   - Scene size: 1280.0 x 720.0
00:02:11.302 [JavaFX Application Thread] DEBUG PrimaryStageWindow   - Stage size: 1280.0 x 720.0
00:02:11.307 [FXGL Background Thread 1 ] DEBUG Engine               - Initializing environment variables
00:02:11.385 [FXGL Background Thread 1 ] DEBUG FXGLAssetLoaderServi - User app class for loading assets: class TestPackage.BasicGameSample
00:02:11.385 [FXGL Background Thread 1 ] DEBUG GameApplicationServi - Applying CSS: fxgl_dark.css
00:02:11.386 [FXGL Background Thread 1 ] DEBUG FXGLAssetLoaderServi - Loading from file system: jar:file:///home/me/.m2/repository/com/github/almasb/fxgl/25/fxgl-25.jar!/fxglassets/ui/css/fxgl_dark.css
00:02:11.442 [FXGL Background Thread 1 ] DEBUG GameApplicationServi - Initializing application scenes
00:02:11.481 [FXGL Background Thread 1 ] DEBUG GameWorld            - Game world initialized
00:02:11.528 [FXGL Background Thread 1 ] DEBUG PhysicsWorld         - Physics world initialized: appHeight=720, physics.ppm=50.0
00:02:11.528 [FXGL Background Thread 1 ] DEBUG PhysicsWorld         - Using strategy: BRUTE_FORCE
00:02:11.533 [FXGL Background Thread 1 ] DEBUG GameScene            - Game scene initialized: 1280x720
00:02:11.545 [FXGL Background Thread 1 ] DEBUG FXGL.DefaultMenu     - createMenuBodyGameMenu()
00:02:11.555 [FXGL Background Thread 1 ] DEBUG FXGL.DefaultMenu     - createOptionsMenu()
00:02:11.565 [FXGL Background Thread 1 ] DEBUG FXGLAssetLoaderServi - Loading from file system: jar:file:///home/me/.m2/repository/com/github/almasb/fxgl/25/fxgl-25.jar!/fxglassets/textures/particles/smoke.png
00:02:11.641 [FXGL Background Thread 1 ] DEBUG FXGLAssetLoaderServi - Loading from file system: jar:file:///home/me/.m2/repository/com/github/almasb/fxgl/25/fxgl-25.jar!/fxglassets/textures/particles/trace_horizontal.png
00:02:11.668 [FXGL Background Thread 1 ] DEBUG GameApplicationServi - Application scenes initialized
00:02:11.677 [FXGL Background Thread 1 ] DEBUG SystemBundleService  - Loading FXGL system data
00:02:11.681 [FXGL Background Thread 1 ] DEBUG FileSystemAccess     - Reading from: /home/me/ComProg_Project/system/fxgl.bundle
00:02:11.686 [FXGL Background Thread 1 ] DEBUG SystemBundleService  - Bundle FXGL: {}
00:02:11.686 [FXGL Background Thread 1 ] DEBUG UpdaterService       - Checking for updates
00:02:11.689 [FXGL Background Thread 4 ] DEBUG FXGLApplication      - Loading fonts
00:02:11.690 [FXGL Background Thread 4 ] DEBUG FXGLAssetLoaderServi - Loading from file system: jar:file:///home/me/.m2/repository/com/github/almasb/fxgl/25/fxgl-25.jar!/fxglassets/ui/fonts/VarelaRound-Regular.ttf
00:02:11.690 [FXGL Background Thread 1 ] DEBUG FXGLApplication      - Loading default localization
00:02:11.690 [FXGL Background Thread 1 ] DEBUG FXGLAssetLoaderServi - Loading from file system: jar:file:///home/me/.m2/repository/com/github/almasb/fxgl/25/fxgl-25.jar!/fxglassets/languages/english.lang
00:02:11.698 [FXGL Background Thread 4 ] DEBUG FXGLAssetLoaderServi - Loading from file system: jar:file:///home/me/.m2/repository/com/github/almasb/fxgl/25/fxgl-25.jar!/fxglassets/ui/fonts/Abel-Regular.ttf
00:02:11.700 [FXGL Background Thread 4 ] DEBUG FXGLAssetLoaderServi - Loading from file system: jar:file:///home/me/.m2/repository/com/github/almasb/fxgl/25/fxgl-25.jar!/fxglassets/ui/fonts/TerminalLandMono-Regular.otf
00:02:11.702 [FXGL Background Thread 4 ] DEBUG FXGLAssetLoaderServi - Loading from file system: jar:file:///home/me/.m2/repository/com/github/almasb/fxgl/25/fxgl-25.jar!/fxglassets/ui/fonts/Courier-Prime.ttf
00:02:11.702 [FXGL Background Thread 1 ] INFO  FXGLApplication      - FXGL initialization took: 0.395 sec
00:02:11.713 [JavaFX Application Thread] DEBUG Input                - Registered new binding: Move up - W
00:02:11.713 [JavaFX Application Thread] DEBUG Input                - Registered new binding: Move down - S
00:02:11.713 [JavaFX Application Thread] DEBUG Input                - Registered new binding: Move left - A
00:02:11.713 [JavaFX Application Thread] DEBUG Input                - Registered new binding: Move right - D
00:02:11.713 [JavaFX Application Thread] DEBUG FXGLAssetLoaderServi - Loading from file system: jar:file:///home/me/.m2/repository/com/github/almasb/fxgl/25/fxgl-25.jar!/fxglassets/textures/fxgl_icon.png
00:02:11.732 [JavaFX Application Thread] DEBUG FXGLAssetLoaderServi - Loading from file system: jar:file:///home/me/.m2/repository/com/github/almasb/fxgl/25/fxgl-25.jar!/fxglassets/textures/fxgl_default_cursor.png
00:02:11.734 [JavaFX Application Thread] DEBUG Input                - Registered new binding: Screenshot - CTRL+8
00:02:11.734 [JavaFX Application Thread] DEBUG Input                - Registered new binding: System info dump - CTRL+9
00:02:11.735 [JavaFX Application Thread] DEBUG Input                - Registered new binding: Restart - CTRL+R
00:02:11.736 [JavaFX Application Thread] DEBUG Input                - Registered new binding: Toggle Debug Camera - CTRL+7
00:02:11.738 [JavaFX Application Thread] DEBUG LoopRunner           - Starting loop
00:02:11.738 [JavaFX Application Thread] DEBUG LoopRunner           - Initializing JavaFX AnimationTimerLoop
00:02:11.739 [JavaFX Application Thread] DEBUG GameApplicationServi - Starting new game
00:02:11.739 [JavaFX Application Thread] DEBUG Input                - Clearing active input actions
00:02:11.749 [JavaFX Application Thread] DEBUG GameApplicationServi - Removing overlay from FXGLStartupScene and adding to FXGLLoadingScene
00:02:11.750 [JavaFX Application Thread] DEBUG PrimaryStageWindow   - FXGLStartupScene -> FXGLLoadingScene
00:02:11.750 [JavaFX Application Thread] DEBUG GameApplicationServi - Clearing previous game
00:02:11.750 [JavaFX Application Thread] DEBUG GameScene            - Clearing game scene
00:02:11.750 [JavaFX Application Thread] DEBUG GameWorld            - Clearing game world
00:02:11.750 [JavaFX Application Thread] DEBUG PhysicsWorld         - Clearing physics world
00:02:11.751 [FXGL Background Thread 4 ] DEBUG FXGLApplication      - Initializing game
00:02:11.751 [JavaFX Application Thread] DEBUG FXGLApplication      - Registering font factories with UI factory
00:02:11.765 [FXGL Background Thread 4 ] DEBUG FXGLAssetLoaderServi - Loading from file system: file:/home/me/ComProg_Project/target/classes/assets/textures/idle_sprite.png
00:02:11.775 [FXGL Background Thread 4 ] DEBUG FXGLAssetLoaderServi - Loading from file system: file:/home/me/ComProg_Project/target/classes/assets/textures/down_sprite.png
00:02:11.801 [FXGL Background Thread 4 ] INFO  FXGLApplication      - Game initialization took: 0.050 sec
00:02:11.879 [JavaFX Application Thread] DEBUG Input                - Clearing active input actions
00:02:11.889 [JavaFX Application Thread] DEBUG GameApplicationServi - Removing overlay from FXGLLoadingScene and adding to GameScene
00:02:11.889 [JavaFX Application Thread] DEBUG PrimaryStageWindow   - FXGLLoadingScene -> GameScene
00:02:13.378 [JavaFX Application Thread] DEBUG FXGLApplication      - Exiting FXGL
00:02:13.378 [JavaFX Application Thread] DEBUG LoopRunner           - Stopping loop
00:02:13.378 [JavaFX Application Thread] DEBUG SystemBundleService  - Saving FXGL system data
00:02:13.381 [JavaFX Application Thread] DEBUG FileSystemAccess     - Writing to: /home/me/ComProg_Project/system/fxgl.bundle
00:02:13.383 [JavaFX Application Thread] DEBUG Async                - Shutting down background threads
00:02:13.383 [JavaFX Application Thread] DEBUG PrimaryStageWindow   - Closing main window
00:02:13.385 [JavaFX Application Thread] DEBUG Logger               - Closing Logger
