16:20:58.761 [main                     ] DEBUG Logger               - Configured Logger
16:20:58.768 [main                     ] DEBUG GameApplication      - Logging settings
Title: Untitled
Version: 0.0
Width: 1280
Height: 720
Fullscreen: false
Intro: false
Profiling: false
Single step:false
App Mode: DEVELOPER
Menu Key: ESCAPE
Stage Style: DECORATED
Scene Factory: class com.almasb.fxgl.app.scene.SceneFactory

16:20:58.967 [JavaFX Application Thread] DEBUG FXGLApplication      - Initializing FXGL
16:20:58.970 [JavaFX Application Thread] INFO  Engine               - FXGL-25 (05.02.2026 22.57) on LINUX (J:25.0.2 FX:21.0.6)
16:20:58.970 [JavaFX Application Thread] DEBUG Engine               - JRE Vendor Name: Arch Linux
16:20:58.971 [JavaFX Application Thread] DEBUG Engine               - Running on OS: Linux version 6.19.9-arch1-1
16:20:58.971 [JavaFX Application Thread] DEBUG Engine               - Architecture: amd64
16:20:58.971 [JavaFX Application Thread] INFO  Engine               - Source code and latest versions at: https://github.com/AlmasB/FXGL
16:20:58.971 [JavaFX Application Thread] INFO  Engine               -       Ask questions and discuss at: https://github.com/AlmasB/FXGL/discussions
16:20:59.038 [JavaFX Application Thread] DEBUG PrimaryStageWindow   - Creating a JavaFX scene
16:20:59.115 [JavaFX Application Thread] DEBUG PrimaryStageWindow   - Target settings size: 1280.0 x 720.0
16:20:59.115 [JavaFX Application Thread] DEBUG PrimaryStageWindow   - Scaled scene size:    1280.0 x 720.0
16:20:59.115 [JavaFX Application Thread] DEBUG PrimaryStageWindow   - Scaled ratio: (1.0, 1.0)
16:20:59.116 [JavaFX Application Thread] DEBUG PrimaryStageWindow   - Set initial scene to FXGLStartupScene
16:20:59.119 [JavaFX Application Thread] DEBUG PrimaryStageWindow   - Opening main window
16:20:59.185 [JavaFX Application Thread] DEBUG PrimaryStageWindow   - Window border size: (0.0, 35.0)
16:20:59.185 [JavaFX Application Thread] DEBUG PrimaryStageWindow   - Scaled size: 1280.0 x 685.0
16:20:59.185 [JavaFX Application Thread] DEBUG PrimaryStageWindow   - Scaled ratio: (1.0, 0.9513888888888888)
16:20:59.185 [JavaFX Application Thread] DEBUG PrimaryStageWindow   - Scene size: 1280.0 x 720.0
16:20:59.185 [JavaFX Application Thread] DEBUG PrimaryStageWindow   - Stage size: 1280.0 x 720.0
16:20:59.190 [FXGL Background Thread 1 ] DEBUG Engine               - Initializing environment variables
16:20:59.257 [FXGL Background Thread 1 ] DEBUG FXGLAssetLoaderServi - User app class for loading assets: class org.group1.GamePackage.Application
16:20:59.257 [FXGL Background Thread 1 ] DEBUG GameApplicationServi - Applying CSS: fxgl_dark.css
16:20:59.258 [FXGL Background Thread 1 ] DEBUG FXGLAssetLoaderServi - Loading from file system: jar:file:///home/me/.m2/repository/com/github/almasb/fxgl/25/fxgl-25.jar!/fxglassets/ui/css/fxgl_dark.css
16:20:59.297 [FXGL Background Thread 1 ] DEBUG GameApplicationServi - Initializing application scenes
16:20:59.326 [FXGL Background Thread 1 ] DEBUG GameWorld            - Game world initialized
16:20:59.373 [FXGL Background Thread 1 ] DEBUG PhysicsWorld         - Physics world initialized: appHeight=720, physics.ppm=50.0
16:20:59.374 [FXGL Background Thread 1 ] DEBUG PhysicsWorld         - Using strategy: BRUTE_FORCE
16:20:59.380 [FXGL Background Thread 1 ] DEBUG GameScene            - Game scene initialized: 1280x720
16:20:59.394 [FXGL Background Thread 1 ] DEBUG FXGL.DefaultMenu     - createMenuBodyGameMenu()
16:20:59.407 [FXGL Background Thread 1 ] DEBUG FXGL.DefaultMenu     - createOptionsMenu()
16:20:59.419 [FXGL Background Thread 1 ] DEBUG FXGLAssetLoaderServi - Loading from file system: jar:file:///home/me/.m2/repository/com/github/almasb/fxgl/25/fxgl-25.jar!/fxglassets/textures/particles/smoke.png
16:20:59.515 [FXGL Background Thread 1 ] DEBUG FXGLAssetLoaderServi - Loading from file system: jar:file:///home/me/.m2/repository/com/github/almasb/fxgl/25/fxgl-25.jar!/fxglassets/textures/particles/trace_horizontal.png
16:20:59.546 [FXGL Background Thread 1 ] DEBUG GameApplicationServi - Application scenes initialized
16:20:59.558 [FXGL Background Thread 1 ] DEBUG SystemBundleService  - Loading FXGL system data
16:20:59.562 [FXGL Background Thread 1 ] DEBUG FileSystemAccess     - Reading from: /home/me/ComProg_Project/system/fxgl.bundle
16:20:59.568 [FXGL Background Thread 1 ] DEBUG SystemBundleService  - Bundle FXGL: {}
16:20:59.568 [FXGL Background Thread 1 ] DEBUG UpdaterService       - Checking for updates
16:20:59.571 [FXGL Background Thread 4 ] DEBUG FXGLApplication      - Loading fonts
16:20:59.572 [FXGL Background Thread 4 ] DEBUG FXGLAssetLoaderServi - Loading from file system: jar:file:///home/me/.m2/repository/com/github/almasb/fxgl/25/fxgl-25.jar!/fxglassets/ui/fonts/VarelaRound-Regular.ttf
16:20:59.572 [FXGL Background Thread 1 ] DEBUG FXGLApplication      - Loading default localization
16:20:59.573 [FXGL Background Thread 1 ] DEBUG FXGLAssetLoaderServi - Loading from file system: jar:file:///home/me/.m2/repository/com/github/almasb/fxgl/25/fxgl-25.jar!/fxglassets/languages/english.lang
16:20:59.579 [FXGL Background Thread 4 ] DEBUG FXGLAssetLoaderServi - Loading from file system: jar:file:///home/me/.m2/repository/com/github/almasb/fxgl/25/fxgl-25.jar!/fxglassets/ui/fonts/Abel-Regular.ttf
16:20:59.581 [FXGL Background Thread 4 ] DEBUG FXGLAssetLoaderServi - Loading from file system: jar:file:///home/me/.m2/repository/com/github/almasb/fxgl/25/fxgl-25.jar!/fxglassets/ui/fonts/TerminalLandMono-Regular.otf
16:20:59.583 [FXGL Background Thread 4 ] DEBUG FXGLAssetLoaderServi - Loading from file system: jar:file:///home/me/.m2/repository/com/github/almasb/fxgl/25/fxgl-25.jar!/fxglassets/ui/fonts/Courier-Prime.ttf
16:20:59.586 [FXGL Background Thread 1 ] INFO  FXGLApplication      - FXGL initialization took: 0.396 sec
16:20:59.598 [JavaFX Application Thread] DEBUG Input                - Registered new binding: Move left - A
16:20:59.599 [JavaFX Application Thread] DEBUG Input                - Registered new binding: Move right - D
16:20:59.599 [JavaFX Application Thread] DEBUG Input                - Registered new binding: Move down - S
16:20:59.599 [JavaFX Application Thread] DEBUG Input                - Registered new binding: Move up - W
16:20:59.599 [JavaFX Application Thread] DEBUG Input                - Registered new binding: Shoot - Space
16:20:59.600 [JavaFX Application Thread] DEBUG FXGLAssetLoaderServi - Loading from file system: jar:file:///home/me/.m2/repository/com/github/almasb/fxgl/25/fxgl-25.jar!/fxglassets/textures/fxgl_icon.png
16:20:59.627 [JavaFX Application Thread] DEBUG FXGLAssetLoaderServi - Loading from file system: jar:file:///home/me/.m2/repository/com/github/almasb/fxgl/25/fxgl-25.jar!/fxglassets/textures/fxgl_default_cursor.png
16:20:59.631 [JavaFX Application Thread] DEBUG Input                - Registered new binding: Screenshot - CTRL+8
16:20:59.632 [JavaFX Application Thread] DEBUG Input                - Registered new binding: System info dump - CTRL+9
16:20:59.632 [JavaFX Application Thread] DEBUG Input                - Registered new binding: Restart - CTRL+R
16:20:59.634 [JavaFX Application Thread] DEBUG Input                - Registered new binding: Toggle Debug Camera - CTRL+7
16:20:59.637 [JavaFX Application Thread] DEBUG LoopRunner           - Starting loop
16:20:59.637 [JavaFX Application Thread] DEBUG LoopRunner           - Initializing JavaFX AnimationTimerLoop
16:20:59.638 [JavaFX Application Thread] DEBUG GameApplicationServi - Starting new game
16:20:59.639 [JavaFX Application Thread] DEBUG Input                - Clearing active input actions
16:20:59.656 [JavaFX Application Thread] DEBUG GameApplicationServi - Removing overlay from FXGLStartupScene and adding to FXGLLoadingScene
16:20:59.656 [JavaFX Application Thread] DEBUG PrimaryStageWindow   - FXGLStartupScene -> FXGLLoadingScene
16:20:59.656 [JavaFX Application Thread] DEBUG GameApplicationServi - Clearing previous game
16:20:59.656 [JavaFX Application Thread] DEBUG GameScene            - Clearing game scene
16:20:59.656 [JavaFX Application Thread] DEBUG GameWorld            - Clearing game world
16:20:59.656 [JavaFX Application Thread] DEBUG PhysicsWorld         - Clearing physics world
16:20:59.658 [FXGL Background Thread 4 ] DEBUG FXGLApplication      - Initializing game
16:20:59.658 [JavaFX Application Thread] DEBUG FXGLApplication      - Registering font factories with UI factory
16:20:59.668 [FXGL Background Thread 4 ] DEBUG FXGLAssetLoaderServi - Loading from file system: file:/home/me/ComProg_Project/target/classes/assets/textures/background.png
16:20:59.789 [FXGL Background Thread 4 ] DEBUG FXGLAssetLoaderServi - Loading from file system: file:/home/me/ComProg_Project/target/classes/assets/textures/background_stars1.png
16:20:59.932 [FXGL Background Thread 4 ] DEBUG FXGLAssetLoaderServi - Loading from file system: file:/home/me/ComProg_Project/target/classes/assets/textures/background_stars2.png
16:20:59.981 [FXGL Background Thread 4 ] DEBUG FXGLAssetLoaderServi - Loading from file system: file:/home/me/ComProg_Project/target/classes/assets/textures/background_stars3.png
16:21:00.040 [FXGL Background Thread 4 ] DEBUG FXGLAssetLoaderServi - Loading from file system: file:/home/me/ComProg_Project/target/classes/assets/textures/background_cloud1.png
16:21:00.053 [FXGL Background Thread 4 ] DEBUG FXGLAssetLoaderServi - Loading from file system: file:/home/me/ComProg_Project/target/classes/assets/textures/background_cloud2.png
16:21:00.072 [FXGL Background Thread 4 ] DEBUG FXGLAssetLoaderServi - Loading from file system: file:/home/me/ComProg_Project/target/classes/assets/textures/background_mist1.png
16:21:00.088 [FXGL Background Thread 4 ] DEBUG FXGLAssetLoaderServi - Loading from file system: file:/home/me/ComProg_Project/target/classes/assets/textures/background_hills.png
16:21:00.117 [FXGL Background Thread 4 ] DEBUG FXGLAssetLoaderServi - Loading from file system: file:/home/me/ComProg_Project/target/classes/assets/textures/background_forest.png
16:21:00.132 [FXGL Background Thread 4 ] DEBUG FXGLAssetLoaderServi - Loading from file system: file:/home/me/ComProg_Project/target/classes/assets/textures/background_large_forest.png
16:21:00.159 [FXGL Background Thread 4 ] DEBUG FXGLAssetLoaderServi - Loading from file system: file:/home/me/ComProg_Project/target/classes/assets/textures/idle_sprite.png
16:21:00.165 [FXGL Background Thread 4 ] DEBUG FXGLAssetLoaderServi - Loading from file system: file:/home/me/ComProg_Project/target/classes/assets/textures/down_sprite.png
16:21:00.168 [FXGL Background Thread 4 ] DEBUG FXGLAssetLoaderServi - Loading from file system: file:/home/me/ComProg_Project/target/classes/assets/textures/up_sprite.png
16:21:00.179 [FXGL Background Thread 4 ] DEBUG FXGLAssetLoaderServi - Loading from file system: file:/home/me/ComProg_Project/target/classes/assets/music/main_music.wav
16:21:00.290 [FXGL Background Thread 4 ] DEBUG AudioPlayer          - Playing music com.almasb.fxgl.audio.Music@1df7d692
16:21:00.294 [FXGL Background Thread 4 ] INFO  FXGLApplication      - Game initialization took: 0.636 sec
16:21:00.299 [JavaFX Application Thread] DEBUG Input                - Clearing active input actions
16:21:00.314 [JavaFX Application Thread] DEBUG GameApplicationServi - Removing overlay from FXGLLoadingScene and adding to GameScene
16:21:00.314 [JavaFX Application Thread] DEBUG PrimaryStageWindow   - FXGLLoadingScene -> GameScene
16:21:00.847 [JavaFX Application Thread] DEBUG FXGLAssetLoaderServi - Loading from file system: file:/home/me/ComProg_Project/target/classes/assets/textures/bullet_sprite.png
16:21:01.299 [JavaFX Application Thread] DEBUG FXGLAssetLoaderServi - Loading from file system: file:/home/me/ComProg_Project/target/classes/assets/textures/enemy_sprite.png
16:21:01.305 [JavaFX Application Thread] DEBUG FXGLAssetLoaderServi - Loading from file system: file:/home/me/ComProg_Project/target/classes/assets/textures/explosion_sprite.png
16:21:01.681 [JavaFX Application Thread] DEBUG FXGLAssetLoaderServi - Loading from file system: file:/home/me/ComProg_Project/target/classes/assets/sounds/death_sound.wav
16:21:02.570 [FXGL Background Thread 3 ] DEBUG Engine               - Logging environment variables
16:21:02.571 [FXGL Background Thread 3 ] DEBUG Engine               - achievements: []
16:21:02.571 [FXGL Background Thread 3 ] DEBUG Engine               - actualHeight: 685.0
16:21:02.572 [FXGL Background Thread 3 ] DEBUG Engine               - actualHeightProperty: ReadOnlyDoubleProperty [value: 685.0]
16:21:02.572 [FXGL Background Thread 3 ] DEBUG Engine               - actualWidth: 1280.0
16:21:02.572 [FXGL Background Thread 3 ] DEBUG Engine               - actualWidthProperty: ReadOnlyDoubleProperty [value: 1280.0]
16:21:02.572 [FXGL Background Thread 3 ] DEBUG Engine               - appIcon: fxgl_icon.png
16:21:02.572 [FXGL Background Thread 3 ] DEBUG Engine               - applicationMode: DEVELOPER
16:21:02.572 [FXGL Background Thread 3 ] DEBUG Engine               - cSSList: [fxgl_dark.css]
16:21:02.572 [FXGL Background Thread 3 ] DEBUG Engine               - collisionDetectionStrategy: BRUTE_FORCE
16:21:02.572 [FXGL Background Thread 3 ] DEBUG Engine               - configClass: Optional.empty
16:21:02.572 [FXGL Background Thread 3 ] DEBUG Engine               - credits: []
16:21:02.573 [FXGL Background Thread 3 ] DEBUG Engine               - defaultCursor: CursorInfo(imageName=fxgl_default_cursor.png, hotspotX=7.0, hotspotY=6.0)
16:21:02.573 [FXGL Background Thread 3 ] DEBUG Engine               - devBBoxColorProperty: ObjectProperty [value: 0xff0000ff]
16:21:02.573 [FXGL Background Thread 3 ] DEBUG Engine               - devEnableDebugCameraProperty: BooleanProperty [value: false]
16:21:02.573 [FXGL Background Thread 3 ] DEBUG Engine               - devSensorColorProperty: ObjectProperty [value: 0xffff00ff]
16:21:02.574 [FXGL Background Thread 3 ] DEBUG Engine               - devShowBBoxProperty: BooleanProperty [value: false]
16:21:02.574 [FXGL Background Thread 3 ] DEBUG Engine               - devShowPositionProperty: BooleanProperty [value: false]
16:21:02.574 [FXGL Background Thread 3 ] DEBUG Engine               - enabledMenuItems: []
16:21:02.574 [FXGL Background Thread 3 ] DEBUG Engine               - engineServices: [class com.almasb.fxgl.app.services.FXGLAssetLoaderService, class com.almasb.fxgl.app.FXGLApplication$GameApplicationService, class com.almasb.fxgl.app.services.FXGLDialogService, class com.almasb.fxgl.app.services.IOTaskExecutorService, class com.almasb.fxgl.io.FileSystemService, class com.almasb.fxgl.localization.LocalizationService, class com.almasb.fxgl.app.services.SystemBundleService, class com.almasb.fxgl.profile.SaveLoadService, class com.almasb.fxgl.ui.FXGLUIFactoryServiceProvider, class com.almasb.fxgl.ui.FXGLDialogFactoryServiceProvider, class com.almasb.fxgl.audio.AudioPlayer, class com.almasb.fxgl.notification.impl.NotificationServiceProvider, class com.almasb.fxgl.achievement.AchievementService, class com.almasb.fxgl.cutscene.CutsceneService, class com.almasb.fxgl.minigames.MiniGameService, class com.almasb.fxgl.net.NetService, class com.almasb.fxgl.app.services.UpdaterService, class com.almasb.fxgl.dev.DevService]
16:21:02.574 [FXGL Background Thread 3 ] DEBUG Engine               - fontGame: Abel-Regular.ttf
16:21:02.574 [FXGL Background Thread 3 ] DEBUG Engine               - fontMono: TerminalLandMono-Regular.otf
16:21:02.574 [FXGL Background Thread 3 ] DEBUG Engine               - fontSizeScaleUI: 1.0
16:21:02.574 [FXGL Background Thread 3 ] DEBUG Engine               - fontText: Courier-Prime.ttf
16:21:02.574 [FXGL Background Thread 3 ] DEBUG Engine               - fontUI: VarelaRound-Regular.ttf
16:21:02.575 [FXGL Background Thread 3 ] DEBUG Engine               - fpsRefreshRate: 500.0 ms
16:21:02.575 [FXGL Background Thread 3 ] DEBUG Engine               - fullScreen: BooleanProperty [value: false]
16:21:02.575 [FXGL Background Thread 3 ] DEBUG Engine               - gameDifficulty: MEDIUM
16:21:02.575 [FXGL Background Thread 3 ] DEBUG Engine               - gameDifficultyProperty: ObjectProperty [value: MEDIUM]
16:21:02.575 [FXGL Background Thread 3 ] DEBUG Engine               - globalMusicVolume: 0.5
16:21:02.575 [FXGL Background Thread 3 ] DEBUG Engine               - globalMusicVolumeProperty: DoubleProperty [value: 0.5]
16:21:02.576 [FXGL Background Thread 3 ] DEBUG Engine               - globalSoundVolume: 0.5
16:21:02.576 [FXGL Background Thread 3 ] DEBUG Engine               - globalSoundVolumeProperty: DoubleProperty [value: 0.5]
16:21:02.576 [FXGL Background Thread 3 ] DEBUG Engine               - height: 720
16:21:02.576 [FXGL Background Thread 3 ] DEBUG Engine               - is3D: false
16:21:02.576 [FXGL Background Thread 3 ] DEBUG Engine               - isAndroid: false
16:21:02.576 [FXGL Background Thread 3 ] DEBUG Engine               - isBrowser: false
16:21:02.576 [FXGL Background Thread 3 ] DEBUG Engine               - isClickFeedbackEnabled: false
16:21:02.576 [FXGL Background Thread 3 ] DEBUG Engine               - isCloseConfirmation: false
16:21:02.576 [FXGL Background Thread 3 ] DEBUG Engine               - isDesktop: true
16:21:02.576 [FXGL Background Thread 3 ] DEBUG Engine               - isDeveloperMenuEnabled: false
16:21:02.577 [FXGL Background Thread 3 ] DEBUG Engine               - isEmbedded: false
16:21:02.577 [FXGL Background Thread 3 ] DEBUG Engine               - isEntityPreloadEnabled: true
16:21:02.577 [FXGL Background Thread 3 ] DEBUG Engine               - isExperimentalTiledLargeMap: false
16:21:02.577 [FXGL Background Thread 3 ] DEBUG Engine               - isFileSystemWriteAllowed: true
16:21:02.577 [FXGL Background Thread 3 ] DEBUG Engine               - isFullScreenAllowed: false
16:21:02.577 [FXGL Background Thread 3 ] DEBUG Engine               - isFullScreenFromStart: false
16:21:02.577 [FXGL Background Thread 3 ] DEBUG Engine               - isGameMenuEnabled: true
16:21:02.577 [FXGL Background Thread 3 ] DEBUG Engine               - isIOS: false
16:21:02.577 [FXGL Background Thread 3 ] DEBUG Engine               - isIntroEnabled: false
16:21:02.577 [FXGL Background Thread 3 ] DEBUG Engine               - isLinux: true
16:21:02.578 [FXGL Background Thread 3 ] DEBUG Engine               - isMac: false
16:21:02.578 [FXGL Background Thread 3 ] DEBUG Engine               - isMainMenuEnabled: false
16:21:02.578 [FXGL Background Thread 3 ] DEBUG Engine               - isManualResizeEnabled: false
16:21:02.578 [FXGL Background Thread 3 ] DEBUG Engine               - isMobile: false
16:21:02.578 [FXGL Background Thread 3 ] DEBUG Engine               - isNative: false
16:21:02.578 [FXGL Background Thread 3 ] DEBUG Engine               - isPauseMusicWhenMinimized: true
16:21:02.579 [FXGL Background Thread 3 ] DEBUG Engine               - isPreserveResizeRatio: false
16:21:02.579 [FXGL Background Thread 3 ] DEBUG Engine               - isProfilingEnabled: false
16:21:02.579 [FXGL Background Thread 3 ] DEBUG Engine               - isScaleAffectedOnResize: true
16:21:02.579 [FXGL Background Thread 3 ] DEBUG Engine               - isSingleStep: false
16:21:02.579 [FXGL Background Thread 3 ] DEBUG Engine               - isUserProfileEnabled: false
16:21:02.579 [FXGL Background Thread 3 ] DEBUG Engine               - isWindows: false
16:21:02.579 [FXGL Background Thread 3 ] DEBUG Engine               - language: ObjectProperty [value: ENGLISH]
16:21:02.579 [FXGL Background Thread 3 ] DEBUG Engine               - menuKey: ESCAPE
16:21:02.580 [FXGL Background Thread 3 ] DEBUG Engine               - mouseSensitivity: 0.2
16:21:02.580 [FXGL Background Thread 3 ] DEBUG Engine               - notificationViewClass: class com.almasb.fxgl.notification.view.XboxNotificationView
16:21:02.580 [FXGL Background Thread 3 ] DEBUG Engine               - pixelsPerMeter: 50.0
16:21:02.580 [FXGL Background Thread 3 ] DEBUG Engine               - platform: LINUX
16:21:02.580 [FXGL Background Thread 3 ] DEBUG Engine               - prefHeightProperty: ReadOnlyDoubleProperty [value: 720.0]
16:21:02.580 [FXGL Background Thread 3 ] DEBUG Engine               - prefWidthProperty: ReadOnlyDoubleProperty [value: 1280.0]
16:21:02.580 [FXGL Background Thread 3 ] DEBUG Engine               - profileDir: profiles/
16:21:02.580 [FXGL Background Thread 3 ] DEBUG Engine               - profileName: StringProperty [value: DEFAULT]
16:21:02.581 [FXGL Background Thread 3 ] DEBUG Engine               - randomSeed: -1
16:21:02.581 [FXGL Background Thread 3 ] DEBUG Engine               - runtimeInfo: RuntimeInfo(platform=LINUX, version=25, build=05.02.2026 22.57)
16:21:02.581 [FXGL Background Thread 3 ] DEBUG Engine               - saveFileExt: sav
16:21:02.581 [FXGL Background Thread 3 ] DEBUG Engine               - scaledHeightProp$fxgl: DoubleProperty [bound, value: 685.0]
16:21:02.582 [FXGL Background Thread 3 ] DEBUG Engine               - scaledWidthProp$fxgl: DoubleProperty [bound, value: 1280.0]
16:21:02.582 [FXGL Background Thread 3 ] DEBUG Engine               - sceneFactory: com.almasb.fxgl.app.scene.SceneFactory@6cbb186b
16:21:02.582 [FXGL Background Thread 3 ] DEBUG Engine               - secondsIn24h: 60
16:21:02.582 [FXGL Background Thread 3 ] DEBUG Engine               - soundMenuBack: menu/back.wav
16:21:02.582 [FXGL Background Thread 3 ] DEBUG Engine               - soundMenuPress: menu/press.wav
16:21:02.582 [FXGL Background Thread 3 ] DEBUG Engine               - soundMenuSelect: menu/select.wav
16:21:02.582 [FXGL Background Thread 3 ] DEBUG Engine               - soundNotification: core/notification.wav
16:21:02.582 [FXGL Background Thread 3 ] DEBUG Engine               - stageStyle: DECORATED
16:21:02.582 [FXGL Background Thread 3 ] DEBUG Engine               - supportedLanguages: [ENGLISH, FRENCH, GERMAN, HUNGARIAN, RUSSIAN]
16:21:02.583 [FXGL Background Thread 3 ] DEBUG Engine               - ticksPerSecond: -1
16:21:02.583 [FXGL Background Thread 3 ] DEBUG Engine               - title: Untitled
16:21:02.583 [FXGL Background Thread 3 ] DEBUG Engine               - urlGithub: https://github.com/AlmasB/FXGL
16:21:02.583 [FXGL Background Thread 3 ] DEBUG Engine               - urlLeaderboard: http://fxgl-top.herokuapp.com/
16:21:02.583 [FXGL Background Thread 3 ] DEBUG Engine               - urlPOM: https://raw.githubusercontent.com/AlmasB/FXGL/release/README.md
16:21:02.583 [FXGL Background Thread 3 ] DEBUG Engine               - userAppClass: class org.group1.GamePackage.Application
16:21:02.583 [FXGL Background Thread 3 ] DEBUG Engine               - version: 0.0
16:21:02.583 [FXGL Background Thread 3 ] DEBUG Engine               - versionCheckDays: 7
16:21:02.583 [FXGL Background Thread 3 ] DEBUG Engine               - width: 1280
16:21:02.584 [FXGL Background Thread 3 ] DEBUG Engine               - Logging services
16:21:02.584 [FXGL Background Thread 3 ] DEBUG Engine               - class com.almasb.fxgl.app.services.FXGLAssetLoaderService
16:21:02.584 [FXGL Background Thread 3 ] DEBUG Engine               - class com.almasb.fxgl.app.FXGLApplication$GameApplicationService
16:21:02.584 [FXGL Background Thread 3 ] DEBUG Engine               - class com.almasb.fxgl.app.services.FXGLDialogService
16:21:02.584 [FXGL Background Thread 3 ] DEBUG Engine               - class com.almasb.fxgl.app.services.IOTaskExecutorService
16:21:02.584 [FXGL Background Thread 3 ] DEBUG Engine               - class com.almasb.fxgl.io.FileSystemService
16:21:02.584 [FXGL Background Thread 3 ] DEBUG Engine               - class com.almasb.fxgl.localization.LocalizationService
16:21:02.584 [FXGL Background Thread 3 ] DEBUG Engine               - class com.almasb.fxgl.app.services.SystemBundleService
16:21:02.584 [FXGL Background Thread 3 ] DEBUG Engine               - class com.almasb.fxgl.profile.SaveLoadService
16:21:02.584 [FXGL Background Thread 3 ] DEBUG Engine               - class com.almasb.fxgl.ui.FXGLUIFactoryServiceProvider
16:21:02.584 [FXGL Background Thread 3 ] DEBUG Engine               - class com.almasb.fxgl.ui.FXGLDialogFactoryServiceProvider
16:21:02.584 [FXGL Background Thread 3 ] DEBUG Engine               - class com.almasb.fxgl.audio.AudioPlayer
16:21:02.585 [FXGL Background Thread 3 ] DEBUG Engine               - class com.almasb.fxgl.notification.impl.NotificationServiceProvider
16:21:02.585 [FXGL Background Thread 3 ] DEBUG Engine               - class com.almasb.fxgl.achievement.AchievementService
16:21:02.585 [FXGL Background Thread 3 ] DEBUG Engine               - class com.almasb.fxgl.cutscene.CutsceneService
16:21:02.585 [FXGL Background Thread 3 ] DEBUG Engine               - class com.almasb.fxgl.minigames.MiniGameService
16:21:02.585 [FXGL Background Thread 3 ] DEBUG Engine               - class com.almasb.fxgl.net.NetService
16:21:02.585 [FXGL Background Thread 3 ] DEBUG Engine               - class com.almasb.fxgl.app.services.UpdaterService
16:21:02.585 [FXGL Background Thread 3 ] DEBUG Engine               - class com.almasb.fxgl.dev.DevService
16:21:03.731 [JavaFX Application Thread] DEBUG FXGLAssetLoaderServi - Loading from file system: file:/home/me/ComProg_Project/target/classes/assets/textures/heart_sprite.png
16:21:03.753 [JavaFX Application Thread] DEBUG FXGLAssetLoaderServi - Loading from file system: file:/home/me/ComProg_Project/target/classes/assets/textures/heart_explode_sprite.png
16:21:04.214 [JavaFX Application Thread] DEBUG FXGLAssetLoaderServi - Loading from file system: file:/home/me/ComProg_Project/target/classes/assets/sounds/heart_gain.wav
16:21:08.212 [JavaFX Application Thread] DEBUG FXGLAssetLoaderServi - Loading from file system: file:/home/me/ComProg_Project/target/classes/assets/sounds/fah.wav
16:21:15.032 [JavaFX Application Thread] DEBUG FXGLApplication      - Exiting FXGL
16:21:15.032 [JavaFX Application Thread] DEBUG LoopRunner           - Stopping loop
16:21:15.032 [JavaFX Application Thread] DEBUG SystemBundleService  - Saving FXGL system data
16:21:15.038 [JavaFX Application Thread] DEBUG FileSystemAccess     - Writing to: /home/me/ComProg_Project/system/fxgl.bundle
16:21:15.043 [JavaFX Application Thread] DEBUG Async                - Shutting down background threads
16:21:15.044 [JavaFX Application Thread] DEBUG PrimaryStageWindow   - Closing main window
16:21:15.050 [JavaFX Application Thread] DEBUG Logger               - Closing Logger
