23:57:39.459 [main                     ] DEBUG Logger               - Configured Logger
23:57:39.465 [main                     ] DEBUG GameApplication      - Logging settings
Title: Untitled
Version: 0.0
Width: 1280
Height: 720
Fullscreen: false
Intro: false
Profiling: false
Single step:false
App Mode: DEVELOPER
Menu Key: ESCAPE
Stage Style: DECORATED
Scene Factory: class com.almasb.fxgl.app.scene.SceneFactory

23:57:39.656 [JavaFX Application Thread] DEBUG FXGLApplication      - Initializing FXGL
23:57:39.659 [JavaFX Application Thread] INFO  Engine               - FXGL-25 (05.02.2026 22.57) on LINUX (J:25.0.2 FX:21.0.6)
23:57:39.659 [JavaFX Application Thread] DEBUG Engine               - JRE Vendor Name: Arch Linux
23:57:39.659 [JavaFX Application Thread] DEBUG Engine               - Running on OS: Linux version 6.19.9-arch1-1
23:57:39.660 [JavaFX Application Thread] DEBUG Engine               - Architecture: amd64
23:57:39.660 [JavaFX Application Thread] INFO  Engine               - Source code and latest versions at: https://github.com/AlmasB/FXGL
23:57:39.660 [JavaFX Application Thread] INFO  Engine               -       Ask questions and discuss at: https://github.com/AlmasB/FXGL/discussions
23:57:39.730 [JavaFX Application Thread] DEBUG PrimaryStageWindow   - Creating a JavaFX scene
23:57:39.806 [JavaFX Application Thread] DEBUG PrimaryStageWindow   - Target settings size: 1280.0 x 720.0
23:57:39.806 [JavaFX Application Thread] DEBUG PrimaryStageWindow   - Scaled scene size:    1280.0 x 720.0
23:57:39.806 [JavaFX Application Thread] DEBUG PrimaryStageWindow   - Scaled ratio: (1.0, 1.0)
23:57:39.807 [JavaFX Application Thread] DEBUG PrimaryStageWindow   - Set initial scene to FXGLStartupScene
23:57:39.810 [JavaFX Application Thread] DEBUG PrimaryStageWindow   - Opening main window
23:57:39.878 [JavaFX Application Thread] DEBUG PrimaryStageWindow   - Window border size: (0.0, 35.0)
23:57:39.878 [JavaFX Application Thread] DEBUG PrimaryStageWindow   - Scaled size: 1280.0 x 685.0
23:57:39.878 [JavaFX Application Thread] DEBUG PrimaryStageWindow   - Scaled ratio: (1.0, 0.9513888888888888)
23:57:39.878 [JavaFX Application Thread] DEBUG PrimaryStageWindow   - Scene size: 1280.0 x 720.0
23:57:39.878 [JavaFX Application Thread] DEBUG PrimaryStageWindow   - Stage size: 1280.0 x 720.0
23:57:39.883 [FXGL Background Thread 1 ] DEBUG Engine               - Initializing environment variables
23:57:39.955 [FXGL Background Thread 1 ] DEBUG FXGLAssetLoaderServi - User app class for loading assets: class org.group1.GamePackage.Application
23:57:39.956 [FXGL Background Thread 1 ] DEBUG GameApplicationServi - Applying CSS: fxgl_dark.css
23:57:39.956 [FXGL Background Thread 1 ] DEBUG FXGLAssetLoaderServi - Loading from file system: jar:file:///home/me/.m2/repository/com/github/almasb/fxgl/25/fxgl-25.jar!/fxglassets/ui/css/fxgl_dark.css
23:57:39.998 [FXGL Background Thread 1 ] DEBUG GameApplicationServi - Initializing application scenes
23:57:40.037 [FXGL Background Thread 1 ] DEBUG GameWorld            - Game world initialized
23:57:40.087 [FXGL Background Thread 1 ] DEBUG PhysicsWorld         - Physics world initialized: appHeight=720, physics.ppm=50.0
23:57:40.088 [FXGL Background Thread 1 ] DEBUG PhysicsWorld         - Using strategy: BRUTE_FORCE
23:57:40.092 [FXGL Background Thread 1 ] DEBUG GameScene            - Game scene initialized: 1280x720
23:57:40.109 [FXGL Background Thread 1 ] DEBUG FXGL.DefaultMenu     - createMenuBodyGameMenu()
23:57:40.120 [FXGL Background Thread 1 ] DEBUG FXGL.DefaultMenu     - createOptionsMenu()
23:57:40.130 [FXGL Background Thread 1 ] DEBUG FXGLAssetLoaderServi - Loading from file system: jar:file:///home/me/.m2/repository/com/github/almasb/fxgl/25/fxgl-25.jar!/fxglassets/textures/particles/smoke.png
23:57:40.221 [FXGL Background Thread 1 ] DEBUG FXGLAssetLoaderServi - Loading from file system: jar:file:///home/me/.m2/repository/com/github/almasb/fxgl/25/fxgl-25.jar!/fxglassets/textures/particles/trace_horizontal.png
23:57:40.248 [FXGL Background Thread 1 ] DEBUG GameApplicationServi - Application scenes initialized
23:57:40.257 [FXGL Background Thread 1 ] DEBUG SystemBundleService  - Loading FXGL system data
23:57:40.260 [FXGL Background Thread 1 ] DEBUG FileSystemAccess     - Reading from: /home/me/ComProg_Project/system/fxgl.bundle
23:57:40.265 [FXGL Background Thread 1 ] DEBUG SystemBundleService  - Bundle FXGL: {}
23:57:40.265 [FXGL Background Thread 1 ] DEBUG UpdaterService       - Checking for updates
23:57:40.270 [FXGL Background Thread 4 ] DEBUG FXGLApplication      - Loading fonts
23:57:40.271 [FXGL Background Thread 4 ] DEBUG FXGLAssetLoaderServi - Loading from file system: jar:file:///home/me/.m2/repository/com/github/almasb/fxgl/25/fxgl-25.jar!/fxglassets/ui/fonts/VarelaRound-Regular.ttf
23:57:40.271 [FXGL Background Thread 1 ] DEBUG FXGLApplication      - Loading default localization
23:57:40.272 [FXGL Background Thread 1 ] DEBUG FXGLAssetLoaderServi - Loading from file system: jar:file:///home/me/.m2/repository/com/github/almasb/fxgl/25/fxgl-25.jar!/fxglassets/languages/english.lang
23:57:40.276 [FXGL Background Thread 4 ] DEBUG FXGLAssetLoaderServi - Loading from file system: jar:file:///home/me/.m2/repository/com/github/almasb/fxgl/25/fxgl-25.jar!/fxglassets/ui/fonts/Abel-Regular.ttf
23:57:40.277 [FXGL Background Thread 4 ] DEBUG FXGLAssetLoaderServi - Loading from file system: jar:file:///home/me/.m2/repository/com/github/almasb/fxgl/25/fxgl-25.jar!/fxglassets/ui/fonts/TerminalLandMono-Regular.otf
23:57:40.279 [FXGL Background Thread 4 ] DEBUG FXGLAssetLoaderServi - Loading from file system: jar:file:///home/me/.m2/repository/com/github/almasb/fxgl/25/fxgl-25.jar!/fxglassets/ui/fonts/Courier-Prime.ttf
23:57:40.283 [JavaFX Application Thread] DEBUG FXGLApplication      - Registering font factories with UI factory
23:57:40.286 [FXGL Background Thread 1 ] INFO  FXGLApplication      - FXGL initialization took: 0.403 sec
23:57:40.294 [JavaFX Application Thread] DEBUG Input                - Registered new binding: Shoot - Space
23:57:40.294 [JavaFX Application Thread] DEBUG Input                - Registered new binding: Move up - W
23:57:40.294 [JavaFX Application Thread] DEBUG Input                - Registered new binding: Move down - S
23:57:40.294 [JavaFX Application Thread] DEBUG Input                - Registered new binding: Move left - A
23:57:40.294 [JavaFX Application Thread] DEBUG Input                - Registered new binding: Move right - D
23:57:40.295 [JavaFX Application Thread] DEBUG FXGLAssetLoaderServi - Loading from file system: jar:file:///home/me/.m2/repository/com/github/almasb/fxgl/25/fxgl-25.jar!/fxglassets/textures/fxgl_icon.png
23:57:40.317 [JavaFX Application Thread] DEBUG FXGLAssetLoaderServi - Loading from file system: jar:file:///home/me/.m2/repository/com/github/almasb/fxgl/25/fxgl-25.jar!/fxglassets/textures/fxgl_default_cursor.png
23:57:40.320 [JavaFX Application Thread] DEBUG Input                - Registered new binding: Screenshot - CTRL+8
23:57:40.320 [JavaFX Application Thread] DEBUG Input                - Registered new binding: System info dump - CTRL+9
23:57:40.321 [JavaFX Application Thread] DEBUG Input                - Registered new binding: Restart - CTRL+R
23:57:40.322 [JavaFX Application Thread] DEBUG Input                - Registered new binding: Toggle Debug Camera - CTRL+7
23:57:40.325 [JavaFX Application Thread] DEBUG LoopRunner           - Starting loop
23:57:40.325 [JavaFX Application Thread] DEBUG LoopRunner           - Initializing JavaFX AnimationTimerLoop
23:57:40.326 [JavaFX Application Thread] DEBUG GameApplicationServi - Starting new game
23:57:40.327 [JavaFX Application Thread] DEBUG Input                - Clearing active input actions
23:57:40.343 [JavaFX Application Thread] DEBUG GameApplicationServi - Removing overlay from FXGLStartupScene and adding to FXGLLoadingScene
23:57:40.344 [JavaFX Application Thread] DEBUG PrimaryStageWindow   - FXGLStartupScene -> FXGLLoadingScene
23:57:40.344 [JavaFX Application Thread] DEBUG GameApplicationServi - Clearing previous game
23:57:40.344 [JavaFX Application Thread] DEBUG GameScene            - Clearing game scene
23:57:40.344 [JavaFX Application Thread] DEBUG GameWorld            - Clearing game world
23:57:40.344 [JavaFX Application Thread] DEBUG PhysicsWorld         - Clearing physics world
23:57:40.346 [FXGL Background Thread 1 ] DEBUG FXGLApplication      - Initializing game
23:57:40.357 [FXGL Background Thread 1 ] DEBUG FXGLAssetLoaderServi - Loading from file system: file:/home/me/ComProg_Project/target/classes/assets/textures/idle_sprite.png
23:57:40.365 [FXGL Background Thread 1 ] DEBUG FXGLAssetLoaderServi - Loading from file system: file:/home/me/ComProg_Project/target/classes/assets/textures/down_sprite.png
23:57:40.372 [FXGL Background Thread 1 ] DEBUG FXGLAssetLoaderServi - Loading from file system: file:/home/me/ComProg_Project/target/classes/assets/textures/up_sprite.png
23:57:40.397 [FXGL Background Thread 1 ] INFO  FXGLApplication      - Game initialization took: 0.051 sec
23:57:40.479 [JavaFX Application Thread] DEBUG Input                - Clearing active input actions
23:57:40.491 [JavaFX Application Thread] DEBUG GameApplicationServi - Removing overlay from FXGLLoadingScene and adding to GameScene
23:57:40.492 [JavaFX Application Thread] DEBUG PrimaryStageWindow   - FXGLLoadingScene -> GameScene
23:57:43.269 [FXGL Background Thread 3 ] DEBUG Engine               - Logging environment variables
23:57:43.271 [FXGL Background Thread 3 ] DEBUG Engine               - achievements: []
23:57:43.271 [FXGL Background Thread 3 ] DEBUG Engine               - actualHeight: 685.0
23:57:43.272 [FXGL Background Thread 3 ] DEBUG Engine               - actualHeightProperty: ReadOnlyDoubleProperty [value: 685.0]
23:57:43.272 [FXGL Background Thread 3 ] DEBUG Engine               - actualWidth: 1280.0
23:57:43.272 [FXGL Background Thread 3 ] DEBUG Engine               - actualWidthProperty: ReadOnlyDoubleProperty [value: 1280.0]
23:57:43.273 [FXGL Background Thread 3 ] DEBUG Engine               - appIcon: fxgl_icon.png
23:57:43.273 [FXGL Background Thread 3 ] DEBUG Engine               - applicationMode: DEVELOPER
23:57:43.273 [FXGL Background Thread 3 ] DEBUG Engine               - cSSList: [fxgl_dark.css]
23:57:43.273 [FXGL Background Thread 3 ] DEBUG Engine               - collisionDetectionStrategy: BRUTE_FORCE
23:57:43.273 [FXGL Background Thread 3 ] DEBUG Engine               - configClass: Optional.empty
23:57:43.274 [FXGL Background Thread 3 ] DEBUG Engine               - credits: []
23:57:43.275 [FXGL Background Thread 3 ] DEBUG Engine               - defaultCursor: CursorInfo(imageName=fxgl_default_cursor.png, hotspotX=7.0, hotspotY=6.0)
23:57:43.275 [FXGL Background Thread 3 ] DEBUG Engine               - devBBoxColorProperty: ObjectProperty [value: 0xff0000ff]
23:57:43.276 [FXGL Background Thread 3 ] DEBUG Engine               - devEnableDebugCameraProperty: BooleanProperty [value: false]
23:57:43.276 [FXGL Background Thread 3 ] DEBUG Engine               - devSensorColorProperty: ObjectProperty [value: 0xffff00ff]
23:57:43.276 [FXGL Background Thread 3 ] DEBUG Engine               - devShowBBoxProperty: BooleanProperty [value: false]
23:57:43.276 [FXGL Background Thread 3 ] DEBUG Engine               - devShowPositionProperty: BooleanProperty [value: false]
23:57:43.277 [FXGL Background Thread 3 ] DEBUG Engine               - enabledMenuItems: []
23:57:43.277 [FXGL Background Thread 3 ] DEBUG Engine               - engineServices: [class com.almasb.fxgl.app.services.FXGLAssetLoaderService, class com.almasb.fxgl.app.FXGLApplication$GameApplicationService, class com.almasb.fxgl.app.services.FXGLDialogService, class com.almasb.fxgl.app.services.IOTaskExecutorService, class com.almasb.fxgl.io.FileSystemService, class com.almasb.fxgl.localization.LocalizationService, class com.almasb.fxgl.app.services.SystemBundleService, class com.almasb.fxgl.profile.SaveLoadService, class com.almasb.fxgl.ui.FXGLUIFactoryServiceProvider, class com.almasb.fxgl.ui.FXGLDialogFactoryServiceProvider, class com.almasb.fxgl.audio.AudioPlayer, class com.almasb.fxgl.notification.impl.NotificationServiceProvider, class com.almasb.fxgl.achievement.AchievementService, class com.almasb.fxgl.cutscene.CutsceneService, class com.almasb.fxgl.minigames.MiniGameService, class com.almasb.fxgl.net.NetService, class com.almasb.fxgl.app.services.UpdaterService, class com.almasb.fxgl.dev.DevService]
23:57:43.277 [FXGL Background Thread 3 ] DEBUG Engine               - fontGame: Abel-Regular.ttf
23:57:43.277 [FXGL Background Thread 3 ] DEBUG Engine               - fontMono: TerminalLandMono-Regular.otf
23:57:43.278 [FXGL Background Thread 3 ] DEBUG Engine               - fontSizeScaleUI: 1.0
23:57:43.278 [FXGL Background Thread 3 ] DEBUG Engine               - fontText: Courier-Prime.ttf
23:57:43.278 [FXGL Background Thread 3 ] DEBUG Engine               - fontUI: VarelaRound-Regular.ttf
23:57:43.279 [FXGL Background Thread 3 ] DEBUG Engine               - fpsRefreshRate: 500.0 ms
23:57:43.279 [FXGL Background Thread 3 ] DEBUG Engine               - fullScreen: BooleanProperty [value: false]
23:57:43.279 [FXGL Background Thread 3 ] DEBUG Engine               - gameDifficulty: MEDIUM
23:57:43.279 [FXGL Background Thread 3 ] DEBUG Engine               - gameDifficultyProperty: ObjectProperty [value: MEDIUM]
23:57:43.280 [FXGL Background Thread 3 ] DEBUG Engine               - globalMusicVolume: 0.5
23:57:43.280 [FXGL Background Thread 3 ] DEBUG Engine               - globalMusicVolumeProperty: DoubleProperty [value: 0.5]
23:57:43.280 [FXGL Background Thread 3 ] DEBUG Engine               - globalSoundVolume: 0.5
23:57:43.281 [FXGL Background Thread 3 ] DEBUG Engine               - globalSoundVolumeProperty: DoubleProperty [value: 0.5]
23:57:43.281 [FXGL Background Thread 3 ] DEBUG Engine               - height: 720
23:57:43.281 [FXGL Background Thread 3 ] DEBUG Engine               - is3D: false
23:57:43.281 [FXGL Background Thread 3 ] DEBUG Engine               - isAndroid: false
23:57:43.281 [FXGL Background Thread 3 ] DEBUG Engine               - isBrowser: false
23:57:43.282 [FXGL Background Thread 3 ] DEBUG Engine               - isClickFeedbackEnabled: false
23:57:43.282 [FXGL Background Thread 3 ] DEBUG Engine               - isCloseConfirmation: false
23:57:43.282 [FXGL Background Thread 3 ] DEBUG Engine               - isDesktop: true
23:57:43.282 [FXGL Background Thread 3 ] DEBUG Engine               - isDeveloperMenuEnabled: false
23:57:43.283 [FXGL Background Thread 3 ] DEBUG Engine               - isEmbedded: false
23:57:43.283 [FXGL Background Thread 3 ] DEBUG Engine               - isEntityPreloadEnabled: true
23:57:43.283 [FXGL Background Thread 3 ] DEBUG Engine               - isExperimentalTiledLargeMap: false
23:57:43.284 [FXGL Background Thread 3 ] DEBUG Engine               - isFileSystemWriteAllowed: true
23:57:43.284 [FXGL Background Thread 3 ] DEBUG Engine               - isFullScreenAllowed: false
23:57:43.284 [FXGL Background Thread 3 ] DEBUG Engine               - isFullScreenFromStart: false
23:57:43.285 [FXGL Background Thread 3 ] DEBUG Engine               - isGameMenuEnabled: true
23:57:43.285 [FXGL Background Thread 3 ] DEBUG Engine               - isIOS: false
23:57:43.285 [FXGL Background Thread 3 ] DEBUG Engine               - isIntroEnabled: false
23:57:43.286 [FXGL Background Thread 3 ] DEBUG Engine               - isLinux: true
23:57:43.286 [FXGL Background Thread 3 ] DEBUG Engine               - isMac: false
23:57:43.287 [FXGL Background Thread 3 ] DEBUG Engine               - isMainMenuEnabled: false
23:57:43.287 [FXGL Background Thread 3 ] DEBUG Engine               - isManualResizeEnabled: false
23:57:43.287 [FXGL Background Thread 3 ] DEBUG Engine               - isMobile: false
23:57:43.287 [FXGL Background Thread 3 ] DEBUG Engine               - isNative: false
23:57:43.287 [FXGL Background Thread 3 ] DEBUG Engine               - isPauseMusicWhenMinimized: true
23:57:43.288 [FXGL Background Thread 3 ] DEBUG Engine               - isPreserveResizeRatio: false
23:57:43.288 [FXGL Background Thread 3 ] DEBUG Engine               - isProfilingEnabled: false
23:57:43.288 [FXGL Background Thread 3 ] DEBUG Engine               - isScaleAffectedOnResize: true
23:57:43.288 [FXGL Background Thread 3 ] DEBUG Engine               - isSingleStep: false
23:57:43.288 [FXGL Background Thread 3 ] DEBUG Engine               - isUserProfileEnabled: false
23:57:43.288 [FXGL Background Thread 3 ] DEBUG Engine               - isWindows: false
23:57:43.288 [FXGL Background Thread 3 ] DEBUG Engine               - language: ObjectProperty [value: ENGLISH]
23:57:43.289 [FXGL Background Thread 3 ] DEBUG Engine               - menuKey: ESCAPE
23:57:43.289 [FXGL Background Thread 3 ] DEBUG Engine               - mouseSensitivity: 0.2
23:57:43.289 [FXGL Background Thread 3 ] DEBUG Engine               - notificationViewClass: class com.almasb.fxgl.notification.view.XboxNotificationView
23:57:43.289 [FXGL Background Thread 3 ] DEBUG Engine               - pixelsPerMeter: 50.0
23:57:43.289 [FXGL Background Thread 3 ] DEBUG Engine               - platform: LINUX
23:57:43.289 [FXGL Background Thread 3 ] DEBUG Engine               - prefHeightProperty: ReadOnlyDoubleProperty [value: 720.0]
23:57:43.289 [FXGL Background Thread 3 ] DEBUG Engine               - prefWidthProperty: ReadOnlyDoubleProperty [value: 1280.0]
23:57:43.290 [FXGL Background Thread 3 ] DEBUG Engine               - profileDir: profiles/
23:57:43.290 [FXGL Background Thread 3 ] DEBUG Engine               - profileName: StringProperty [value: DEFAULT]
23:57:43.290 [FXGL Background Thread 3 ] DEBUG Engine               - randomSeed: -1
23:57:43.290 [FXGL Background Thread 3 ] DEBUG Engine               - runtimeInfo: RuntimeInfo(platform=LINUX, version=25, build=05.02.2026 22.57)
23:57:43.290 [FXGL Background Thread 3 ] DEBUG Engine               - saveFileExt: sav
23:57:43.291 [FXGL Background Thread 3 ] DEBUG Engine               - scaledHeightProp$fxgl: DoubleProperty [bound, value: 685.0]
23:57:43.291 [FXGL Background Thread 3 ] DEBUG Engine               - scaledWidthProp$fxgl: DoubleProperty [bound, value: 1280.0]
23:57:43.291 [FXGL Background Thread 3 ] DEBUG Engine               - sceneFactory: com.almasb.fxgl.app.scene.SceneFactory@2a605923
23:57:43.291 [FXGL Background Thread 3 ] DEBUG Engine               - secondsIn24h: 60
23:57:43.291 [FXGL Background Thread 3 ] DEBUG Engine               - soundMenuBack: menu/back.wav
23:57:43.291 [FXGL Background Thread 3 ] DEBUG Engine               - soundMenuPress: menu/press.wav
23:57:43.291 [FXGL Background Thread 3 ] DEBUG Engine               - soundMenuSelect: menu/select.wav
23:57:43.292 [FXGL Background Thread 3 ] DEBUG Engine               - soundNotification: core/notification.wav
23:57:43.292 [FXGL Background Thread 3 ] DEBUG Engine               - stageStyle: DECORATED
23:57:43.292 [FXGL Background Thread 3 ] DEBUG Engine               - supportedLanguages: [ENGLISH, FRENCH, GERMAN, HUNGARIAN, RUSSIAN]
23:57:43.292 [FXGL Background Thread 3 ] DEBUG Engine               - ticksPerSecond: -1
23:57:43.292 [FXGL Background Thread 3 ] DEBUG Engine               - title: Untitled
23:57:43.292 [FXGL Background Thread 3 ] DEBUG Engine               - urlGithub: https://github.com/AlmasB/FXGL
23:57:43.292 [FXGL Background Thread 3 ] DEBUG Engine               - urlLeaderboard: http://fxgl-top.herokuapp.com/
23:57:43.292 [FXGL Background Thread 3 ] DEBUG Engine               - urlPOM: https://raw.githubusercontent.com/AlmasB/FXGL/release/README.md
23:57:43.292 [FXGL Background Thread 3 ] DEBUG Engine               - userAppClass: class org.group1.GamePackage.Application
23:57:43.293 [FXGL Background Thread 3 ] DEBUG Engine               - version: 0.0
23:57:43.293 [FXGL Background Thread 3 ] DEBUG Engine               - versionCheckDays: 7
23:57:43.293 [FXGL Background Thread 3 ] DEBUG Engine               - width: 1280
23:57:43.293 [FXGL Background Thread 3 ] DEBUG Engine               - Logging services
23:57:43.293 [FXGL Background Thread 3 ] DEBUG Engine               - class com.almasb.fxgl.app.services.FXGLAssetLoaderService
23:57:43.293 [FXGL Background Thread 3 ] DEBUG Engine               - class com.almasb.fxgl.app.FXGLApplication$GameApplicationService
23:57:43.293 [FXGL Background Thread 3 ] DEBUG Engine               - class com.almasb.fxgl.app.services.FXGLDialogService
23:57:43.293 [FXGL Background Thread 3 ] DEBUG Engine               - class com.almasb.fxgl.app.services.IOTaskExecutorService
23:57:43.293 [FXGL Background Thread 3 ] DEBUG Engine               - class com.almasb.fxgl.io.FileSystemService
23:57:43.293 [FXGL Background Thread 3 ] DEBUG Engine               - class com.almasb.fxgl.localization.LocalizationService
23:57:43.293 [FXGL Background Thread 3 ] DEBUG Engine               - class com.almasb.fxgl.app.services.SystemBundleService
23:57:43.294 [FXGL Background Thread 3 ] DEBUG Engine               - class com.almasb.fxgl.profile.SaveLoadService
23:57:43.294 [FXGL Background Thread 3 ] DEBUG Engine               - class com.almasb.fxgl.ui.FXGLUIFactoryServiceProvider
23:57:43.294 [FXGL Background Thread 3 ] DEBUG Engine               - class com.almasb.fxgl.ui.FXGLDialogFactoryServiceProvider
23:57:43.294 [FXGL Background Thread 3 ] DEBUG Engine               - class com.almasb.fxgl.audio.AudioPlayer
23:57:43.294 [FXGL Background Thread 3 ] DEBUG Engine               - class com.almasb.fxgl.notification.impl.NotificationServiceProvider
23:57:43.294 [FXGL Background Thread 3 ] DEBUG Engine               - class com.almasb.fxgl.achievement.AchievementService
23:57:43.294 [FXGL Background Thread 3 ] DEBUG Engine               - class com.almasb.fxgl.cutscene.CutsceneService
23:57:43.294 [FXGL Background Thread 3 ] DEBUG Engine               - class com.almasb.fxgl.minigames.MiniGameService
23:57:43.294 [FXGL Background Thread 3 ] DEBUG Engine               - class com.almasb.fxgl.net.NetService
23:57:43.294 [FXGL Background Thread 3 ] DEBUG Engine               - class com.almasb.fxgl.app.services.UpdaterService
23:57:43.294 [FXGL Background Thread 3 ] DEBUG Engine               - class com.almasb.fxgl.dev.DevService
23:57:43.370 [JavaFX Application Thread] DEBUG FXGLAssetLoaderServi - Loading from file system: file:/home/me/ComProg_Project/target/classes/assets/textures/enemy_sprite.png
23:57:43.397 [JavaFX Application Thread] DEBUG FXGLAssetLoaderServi - Loading from file system: file:/home/me/ComProg_Project/target/classes/assets/textures/explosion_sprite.png
23:57:44.203 [JavaFX Application Thread] DEBUG FXGLAssetLoaderServi - Loading from file system: file:/home/me/ComProg_Project/target/classes/assets/textures/bullet_sprite.png
23:57:54.917 [JavaFX Application Thread] DEBUG FXGLApplication      - Exiting FXGL
23:57:54.917 [JavaFX Application Thread] DEBUG LoopRunner           - Stopping loop
23:57:54.917 [JavaFX Application Thread] DEBUG SystemBundleService  - Saving FXGL system data
23:57:54.929 [JavaFX Application Thread] DEBUG FileSystemAccess     - Writing to: /home/me/ComProg_Project/system/fxgl.bundle
23:57:54.931 [JavaFX Application Thread] DEBUG Async                - Shutting down background threads
23:57:54.931 [JavaFX Application Thread] DEBUG PrimaryStageWindow   - Closing main window
23:57:54.933 [JavaFX Application Thread] DEBUG Logger               - Closing Logger
