17:50:08.755 [main                     ] DEBUG Logger               - Configured Logger
17:50:08.761 [main                     ] DEBUG GameApplication      - Logging settings
Title: Untitled
Version: 0.0
Width: 1280
Height: 720
Fullscreen: false
Intro: false
Profiling: false
Single step:false
App Mode: DEVELOPER
Menu Key: ESCAPE
Stage Style: DECORATED
Scene Factory: class org.group1.GamePackage.Factory.MainSceneFactory

17:50:09.255 [JavaFX Application Thread] DEBUG FXGLApplication      - Initializing FXGL
17:50:09.258 [JavaFX Application Thread] INFO  Engine               - FXGL-25 (05.02.2026 22.57) on WINDOWS (J:25.0.2 FX:21.0.6)
17:50:09.258 [JavaFX Application Thread] DEBUG Engine               - JRE Vendor Name: Oracle Corporation
17:50:09.258 [JavaFX Application Thread] DEBUG Engine               - Running on OS: Windows 11 version 10.0
17:50:09.258 [JavaFX Application Thread] DEBUG Engine               - Architecture: amd64
17:50:09.258 [JavaFX Application Thread] INFO  Engine               - Source code and latest versions at: https://github.com/AlmasB/FXGL
17:50:09.258 [JavaFX Application Thread] INFO  Engine               -       Ask questions and discuss at: https://github.com/AlmasB/FXGL/discussions
17:50:09.318 [JavaFX Application Thread] DEBUG PrimaryStageWindow   - Creating a JavaFX scene
17:50:09.346 [JavaFX Application Thread] DEBUG PrimaryStageWindow   - Target settings size: 1280.0 x 720.0
17:50:09.346 [JavaFX Application Thread] DEBUG PrimaryStageWindow   - Scaled scene size:    1280.0 x 720.0
17:50:09.346 [JavaFX Application Thread] DEBUG PrimaryStageWindow   - Scaled ratio: (1.0, 1.0)
17:50:09.347 [JavaFX Application Thread] DEBUG PrimaryStageWindow   - Set initial scene to FXGLStartupScene
17:50:09.349 [JavaFX Application Thread] DEBUG PrimaryStageWindow   - Opening main window
17:50:09.425 [JavaFX Application Thread] DEBUG PrimaryStageWindow   - Window border size: (16.0, 39.0)
17:50:09.425 [JavaFX Application Thread] DEBUG PrimaryStageWindow   - Scaled size: 1280.0 x 720.0
17:50:09.425 [JavaFX Application Thread] DEBUG PrimaryStageWindow   - Scaled ratio: (1.0, 1.0)
17:50:09.425 [JavaFX Application Thread] DEBUG PrimaryStageWindow   - Scene size: 1280.0 x 720.0
17:50:09.425 [JavaFX Application Thread] DEBUG PrimaryStageWindow   - Stage size: 1296.0 x 759.0
17:50:09.429 [FXGL Background Thread 1 ] DEBUG Engine               - Initializing environment variables
17:50:09.467 [FXGL Background Thread 1 ] DEBUG FXGLAssetLoaderServi - User app class for loading assets: class org.group1.GamePackage.Application
17:50:09.467 [FXGL Background Thread 1 ] DEBUG GameApplicationServi - Applying CSS: fxgl_dark.css
17:50:09.468 [FXGL Background Thread 1 ] DEBUG FXGLAssetLoaderServi - Loading from file system: jar:file:///C:/Users/Wren/.m2/repository/com/github/almasb/fxgl/25/fxgl-25.jar!/fxglassets/ui/css/fxgl_dark.css
17:50:09.497 [FXGL Background Thread 1 ] DEBUG GameApplicationServi - Initializing application scenes
17:50:09.500 [FXGL Background Thread 1 ] DEBUG FXGLAssetLoaderServi - Loading from file system: file:/C:/Users/Wren/IdeaProjects/GameGame/target/classes/assets/textures/background.png
17:50:09.600 [FXGL Background Thread 1 ] DEBUG FXGLAssetLoaderServi - Loading from file system: file:/C:/Users/Wren/IdeaProjects/GameGame/target/classes/assets/textures/background_stars1.png
17:50:09.639 [FXGL Background Thread 1 ] DEBUG FXGLAssetLoaderServi - Loading from file system: file:/C:/Users/Wren/IdeaProjects/GameGame/target/classes/assets/textures/background_stars2.png
17:50:09.677 [FXGL Background Thread 1 ] DEBUG FXGLAssetLoaderServi - Loading from file system: file:/C:/Users/Wren/IdeaProjects/GameGame/target/classes/assets/textures/background_stars3.png
17:50:09.704 [FXGL Background Thread 1 ] DEBUG FXGLAssetLoaderServi - Loading from file system: file:/C:/Users/Wren/IdeaProjects/GameGame/target/classes/assets/textures/background_cloud1.png
17:50:09.712 [FXGL Background Thread 1 ] DEBUG FXGLAssetLoaderServi - Loading from file system: file:/C:/Users/Wren/IdeaProjects/GameGame/target/classes/assets/textures/background_cloud2.png
17:50:09.727 [FXGL Background Thread 1 ] DEBUG FXGLAssetLoaderServi - Loading from file system: file:/C:/Users/Wren/IdeaProjects/GameGame/target/classes/assets/textures/background_mist1.png
17:50:09.736 [FXGL Background Thread 1 ] DEBUG FXGLAssetLoaderServi - Loading from file system: file:/C:/Users/Wren/IdeaProjects/GameGame/target/classes/assets/textures/background_hills.png
17:50:09.754 [FXGL Background Thread 1 ] DEBUG FXGLAssetLoaderServi - Loading from file system: file:/C:/Users/Wren/IdeaProjects/GameGame/target/classes/assets/textures/background_forest.png
17:50:09.764 [FXGL Background Thread 1 ] DEBUG FXGLAssetLoaderServi - Loading from file system: file:/C:/Users/Wren/IdeaProjects/GameGame/target/classes/assets/textures/background_large_forest.png
17:50:09.818 [FXGL Background Thread 1 ] DEBUG GameWorld            - Game world initialized
17:50:09.850 [FXGL Background Thread 1 ] DEBUG PhysicsWorld         - Physics world initialized: appHeight=720, physics.ppm=50.0
17:50:09.850 [FXGL Background Thread 1 ] DEBUG PhysicsWorld         - Using strategy: BRUTE_FORCE
17:50:09.853 [FXGL Background Thread 1 ] DEBUG GameScene            - Game scene initialized: 1280x720
17:50:09.900 [FXGL Background Thread 1 ] DEBUG GameApplicationServi - Application scenes initialized
17:50:09.914 [FXGL Background Thread 1 ] DEBUG SystemBundleService  - Loading FXGL system data
17:50:09.916 [FXGL Background Thread 1 ] DEBUG FileSystemAccess     - Reading from: C:\Users\Wren\IdeaProjects\GameGame\system\fxgl.bundle
17:50:09.918 [FXGL Background Thread 1 ] DEBUG SystemBundleService  - Bundle FXGL: {}
17:50:09.918 [FXGL Background Thread 1 ] DEBUG UpdaterService       - Checking for updates
17:50:09.922 [FXGL Background Thread 4 ] DEBUG FXGLApplication      - Loading fonts
17:50:09.922 [FXGL Background Thread 1 ] DEBUG FXGLApplication      - Loading default localization
17:50:09.922 [FXGL Background Thread 1 ] DEBUG FXGLAssetLoaderServi - Loading from file system: jar:file:///C:/Users/Wren/.m2/repository/com/github/almasb/fxgl/25/fxgl-25.jar!/fxglassets/languages/english.lang
17:50:09.922 [FXGL Background Thread 4 ] DEBUG FXGLAssetLoaderServi - Loading from file system: jar:file:///C:/Users/Wren/.m2/repository/com/github/almasb/fxgl/25/fxgl-25.jar!/fxglassets/ui/fonts/VarelaRound-Regular.ttf
17:50:09.933 [FXGL Background Thread 4 ] DEBUG FXGLAssetLoaderServi - Loading from file system: jar:file:///C:/Users/Wren/.m2/repository/com/github/almasb/fxgl/25/fxgl-25.jar!/fxglassets/ui/fonts/Abel-Regular.ttf
17:50:09.935 [FXGL Background Thread 1 ] INFO  FXGLApplication      - FXGL initialization took: 0.505 sec
17:50:09.937 [FXGL Background Thread 4 ] DEBUG FXGLAssetLoaderServi - Loading from file system: jar:file:///C:/Users/Wren/.m2/repository/com/github/almasb/fxgl/25/fxgl-25.jar!/fxglassets/ui/fonts/TerminalLandMono-Regular.otf
17:50:09.943 [FXGL Background Thread 4 ] DEBUG FXGLAssetLoaderServi - Loading from file system: jar:file:///C:/Users/Wren/.m2/repository/com/github/almasb/fxgl/25/fxgl-25.jar!/fxglassets/ui/fonts/Courier-Prime.ttf
17:50:09.947 [JavaFX Application Thread] DEBUG Input                - Registered new binding: Move left - A
17:50:09.947 [JavaFX Application Thread] DEBUG Input                - Registered new binding: Move right - D
17:50:09.947 [JavaFX Application Thread] DEBUG Input                - Registered new binding: Move down - S
17:50:09.947 [JavaFX Application Thread] DEBUG Input                - Registered new binding: Move up - W
17:50:09.948 [JavaFX Application Thread] DEBUG Input                - Registered new binding: Shoot - Space
17:50:09.948 [JavaFX Application Thread] DEBUG Input                - Registered new binding: Switch to Fire Bullet - Q
17:50:09.949 [JavaFX Application Thread] DEBUG Input                - Registered new binding: Switch to Ice Bullet - E
17:50:09.949 [JavaFX Application Thread] DEBUG FXGLAssetLoaderServi - Loading from file system: jar:file:///C:/Users/Wren/.m2/repository/com/github/almasb/fxgl/25/fxgl-25.jar!/fxglassets/textures/fxgl_icon.png
17:50:09.966 [JavaFX Application Thread] DEBUG FXGLAssetLoaderServi - Loading from file system: jar:file:///C:/Users/Wren/.m2/repository/com/github/almasb/fxgl/25/fxgl-25.jar!/fxglassets/textures/fxgl_default_cursor.png
17:50:09.967 [JavaFX Application Thread] DEBUG Input                - Registered new binding: Screenshot - CTRL+8
17:50:09.968 [JavaFX Application Thread] DEBUG Input                - Registered new binding: System info dump - CTRL+9
17:50:09.968 [JavaFX Application Thread] DEBUG Input                - Registered new binding: Restart - CTRL+R
17:50:09.969 [JavaFX Application Thread] DEBUG Input                - Registered new binding: Toggle Debug Camera - CTRL+7
17:50:09.971 [JavaFX Application Thread] DEBUG LoopRunner           - Starting loop
17:50:09.971 [JavaFX Application Thread] DEBUG LoopRunner           - Initializing JavaFX AnimationTimerLoop
17:50:09.973 [JavaFX Application Thread] DEBUG Input                - Clearing active input actions
17:50:09.982 [JavaFX Application Thread] DEBUG GameApplicationServi - Removing overlay from FXGLStartupScene and adding to FXGLMainMenuDummyScene
17:50:09.982 [JavaFX Application Thread] DEBUG PrimaryStageWindow   - FXGLStartupScene -> FXGLMainMenuDummyScene
17:50:09.982 [JavaFX Application Thread] DEBUG PrimaryStageWindow   - Push state: MenuInterface
17:50:09.983 [JavaFX Application Thread] DEBUG Input                - Clearing active input actions
17:50:09.994 [JavaFX Application Thread] DEBUG GameApplicationServi - Removing overlay from FXGLMainMenuDummyScene and adding to MenuInterface
17:50:09.995 [JavaFX Application Thread] DEBUG PrimaryStageWindow   - FXGLMainMenuDummyScene -> MenuInterface
17:50:10.065 [JavaFX Application Thread] DEBUG FXGLApplication      - Registering font factories with UI factory
17:50:12.922 [FXGL Background Thread 3 ] DEBUG Engine               - Logging environment variables
17:50:12.922 [FXGL Background Thread 3 ] DEBUG Engine               - achievements: []
17:50:12.922 [FXGL Background Thread 3 ] DEBUG Engine               - actualHeight: 720.0
17:50:12.922 [FXGL Background Thread 3 ] DEBUG Engine               - actualHeightProperty: ReadOnlyDoubleProperty [value: 720.0]
17:50:12.922 [FXGL Background Thread 3 ] DEBUG Engine               - actualWidth: 1280.0
17:50:12.922 [FXGL Background Thread 3 ] DEBUG Engine               - actualWidthProperty: ReadOnlyDoubleProperty [value: 1280.0]
17:50:12.923 [FXGL Background Thread 3 ] DEBUG Engine               - appIcon: fxgl_icon.png
17:50:12.923 [FXGL Background Thread 3 ] DEBUG Engine               - applicationMode: DEVELOPER
17:50:12.923 [FXGL Background Thread 3 ] DEBUG Engine               - cSSList: [fxgl_dark.css]
17:50:12.923 [FXGL Background Thread 3 ] DEBUG Engine               - collisionDetectionStrategy: BRUTE_FORCE
17:50:12.923 [FXGL Background Thread 3 ] DEBUG Engine               - configClass: Optional.empty
17:50:12.923 [FXGL Background Thread 3 ] DEBUG Engine               - credits: []
17:50:12.924 [FXGL Background Thread 3 ] DEBUG Engine               - defaultCursor: CursorInfo(imageName=fxgl_default_cursor.png, hotspotX=7.0, hotspotY=6.0)
17:50:12.924 [FXGL Background Thread 3 ] DEBUG Engine               - devBBoxColorProperty: ObjectProperty [value: 0xff0000ff]
17:50:12.924 [FXGL Background Thread 3 ] DEBUG Engine               - devEnableDebugCameraProperty: BooleanProperty [value: false]
17:50:12.924 [FXGL Background Thread 3 ] DEBUG Engine               - devSensorColorProperty: ObjectProperty [value: 0xffff00ff]
17:50:12.924 [FXGL Background Thread 3 ] DEBUG Engine               - devShowBBoxProperty: BooleanProperty [value: false]
17:50:12.924 [FXGL Background Thread 3 ] DEBUG Engine               - devShowPositionProperty: BooleanProperty [value: false]
17:50:12.924 [FXGL Background Thread 3 ] DEBUG Engine               - enabledMenuItems: []
17:50:12.924 [FXGL Background Thread 3 ] DEBUG Engine               - engineServices: [class com.almasb.fxgl.app.services.FXGLAssetLoaderService, class com.almasb.fxgl.app.FXGLApplication$GameApplicationService, class com.almasb.fxgl.app.services.FXGLDialogService, class com.almasb.fxgl.app.services.IOTaskExecutorService, class com.almasb.fxgl.io.FileSystemService, class com.almasb.fxgl.localization.LocalizationService, class com.almasb.fxgl.app.services.SystemBundleService, class com.almasb.fxgl.profile.SaveLoadService, class com.almasb.fxgl.ui.FXGLUIFactoryServiceProvider, class com.almasb.fxgl.ui.FXGLDialogFactoryServiceProvider, class com.almasb.fxgl.audio.AudioPlayer, class com.almasb.fxgl.notification.impl.NotificationServiceProvider, class com.almasb.fxgl.achievement.AchievementService, class com.almasb.fxgl.cutscene.CutsceneService, class com.almasb.fxgl.minigames.MiniGameService, class com.almasb.fxgl.net.NetService, class com.almasb.fxgl.app.services.UpdaterService, class com.almasb.fxgl.dev.DevService]
17:50:12.924 [FXGL Background Thread 3 ] DEBUG Engine               - fontGame: Abel-Regular.ttf
17:50:12.925 [FXGL Background Thread 3 ] DEBUG Engine               - fontMono: TerminalLandMono-Regular.otf
17:50:12.925 [FXGL Background Thread 3 ] DEBUG Engine               - fontSizeScaleUI: 1.0
17:50:12.925 [FXGL Background Thread 3 ] DEBUG Engine               - fontText: Courier-Prime.ttf
17:50:12.925 [FXGL Background Thread 3 ] DEBUG Engine               - fontUI: VarelaRound-Regular.ttf
17:50:12.925 [FXGL Background Thread 3 ] DEBUG Engine               - fpsRefreshRate: 500.0 ms
17:50:12.925 [FXGL Background Thread 3 ] DEBUG Engine               - fullScreen: BooleanProperty [value: false]
17:50:12.925 [FXGL Background Thread 3 ] DEBUG Engine               - gameDifficulty: MEDIUM
17:50:12.925 [FXGL Background Thread 3 ] DEBUG Engine               - gameDifficultyProperty: ObjectProperty [value: MEDIUM]
17:50:12.925 [FXGL Background Thread 3 ] DEBUG Engine               - globalMusicVolume: 0.5
17:50:12.925 [FXGL Background Thread 3 ] DEBUG Engine               - globalMusicVolumeProperty: DoubleProperty [value: 0.5]
17:50:12.925 [FXGL Background Thread 3 ] DEBUG Engine               - globalSoundVolume: 0.5
17:50:12.925 [FXGL Background Thread 3 ] DEBUG Engine               - globalSoundVolumeProperty: DoubleProperty [value: 0.5]
17:50:12.925 [FXGL Background Thread 3 ] DEBUG Engine               - height: 720
17:50:12.925 [FXGL Background Thread 3 ] DEBUG Engine               - is3D: false
17:50:12.925 [FXGL Background Thread 3 ] DEBUG Engine               - isAndroid: false
17:50:12.925 [FXGL Background Thread 3 ] DEBUG Engine               - isBrowser: false
17:50:12.925 [FXGL Background Thread 3 ] DEBUG Engine               - isClickFeedbackEnabled: false
17:50:12.925 [FXGL Background Thread 3 ] DEBUG Engine               - isCloseConfirmation: false
17:50:12.925 [FXGL Background Thread 3 ] DEBUG Engine               - isDesktop: true
17:50:12.925 [FXGL Background Thread 3 ] DEBUG Engine               - isDeveloperMenuEnabled: false
17:50:12.925 [FXGL Background Thread 3 ] DEBUG Engine               - isEmbedded: false
17:50:12.925 [FXGL Background Thread 3 ] DEBUG Engine               - isEntityPreloadEnabled: true
17:50:12.925 [FXGL Background Thread 3 ] DEBUG Engine               - isExperimentalTiledLargeMap: false
17:50:12.925 [FXGL Background Thread 3 ] DEBUG Engine               - isFileSystemWriteAllowed: true
17:50:12.925 [FXGL Background Thread 3 ] DEBUG Engine               - isFullScreenAllowed: false
17:50:12.925 [FXGL Background Thread 3 ] DEBUG Engine               - isFullScreenFromStart: false
17:50:12.925 [FXGL Background Thread 3 ] DEBUG Engine               - isGameMenuEnabled: true
17:50:12.925 [FXGL Background Thread 3 ] DEBUG Engine               - isIOS: false
17:50:12.925 [FXGL Background Thread 3 ] DEBUG Engine               - isIntroEnabled: false
17:50:12.925 [FXGL Background Thread 3 ] DEBUG Engine               - isLinux: false
17:50:12.925 [FXGL Background Thread 3 ] DEBUG Engine               - isMac: false
17:50:12.925 [FXGL Background Thread 3 ] DEBUG Engine               - isMainMenuEnabled: true
17:50:12.925 [FXGL Background Thread 3 ] DEBUG Engine               - isManualResizeEnabled: false
17:50:12.925 [FXGL Background Thread 3 ] DEBUG Engine               - isMobile: false
17:50:12.925 [FXGL Background Thread 3 ] DEBUG Engine               - isNative: false
17:50:12.925 [FXGL Background Thread 3 ] DEBUG Engine               - isPauseMusicWhenMinimized: true
17:50:12.925 [FXGL Background Thread 3 ] DEBUG Engine               - isPreserveResizeRatio: false
17:50:12.925 [FXGL Background Thread 3 ] DEBUG Engine               - isProfilingEnabled: false
17:50:12.925 [FXGL Background Thread 3 ] DEBUG Engine               - isScaleAffectedOnResize: true
17:50:12.925 [FXGL Background Thread 3 ] DEBUG Engine               - isSingleStep: false
17:50:12.925 [FXGL Background Thread 3 ] DEBUG Engine               - isUserProfileEnabled: false
17:50:12.926 [FXGL Background Thread 3 ] DEBUG Engine               - isWindows: true
17:50:12.926 [FXGL Background Thread 3 ] DEBUG Engine               - language: ObjectProperty [value: ENGLISH]
17:50:12.926 [FXGL Background Thread 3 ] DEBUG Engine               - menuKey: ESCAPE
17:50:12.926 [FXGL Background Thread 3 ] DEBUG Engine               - mouseSensitivity: 0.2
17:50:12.926 [FXGL Background Thread 3 ] DEBUG Engine               - notificationViewClass: class com.almasb.fxgl.notification.view.XboxNotificationView
17:50:12.926 [FXGL Background Thread 3 ] DEBUG Engine               - pixelsPerMeter: 50.0
17:50:12.926 [FXGL Background Thread 3 ] DEBUG Engine               - platform: WINDOWS
17:50:12.926 [FXGL Background Thread 3 ] DEBUG Engine               - prefHeightProperty: ReadOnlyDoubleProperty [value: 720.0]
17:50:12.926 [FXGL Background Thread 3 ] DEBUG Engine               - prefWidthProperty: ReadOnlyDoubleProperty [value: 1280.0]
17:50:12.926 [FXGL Background Thread 3 ] DEBUG Engine               - profileDir: profiles/
17:50:12.926 [FXGL Background Thread 3 ] DEBUG Engine               - profileName: StringProperty [value: DEFAULT]
17:50:12.926 [FXGL Background Thread 3 ] DEBUG Engine               - randomSeed: -1
17:50:12.926 [FXGL Background Thread 3 ] DEBUG Engine               - runtimeInfo: RuntimeInfo(platform=WINDOWS, version=25, build=05.02.2026 22.57)
17:50:12.926 [FXGL Background Thread 3 ] DEBUG Engine               - saveFileExt: sav
17:50:12.926 [FXGL Background Thread 3 ] DEBUG Engine               - scaledHeightProp$fxgl: DoubleProperty [bound, value: 720.0]
17:50:12.926 [FXGL Background Thread 3 ] DEBUG Engine               - scaledWidthProp$fxgl: DoubleProperty [bound, value: 1280.0]
17:50:12.926 [FXGL Background Thread 3 ] DEBUG Engine               - sceneFactory: org.group1.GamePackage.Factory.MainSceneFactory@4d7d110c
17:50:12.926 [FXGL Background Thread 3 ] DEBUG Engine               - secondsIn24h: 60
17:50:12.926 [FXGL Background Thread 3 ] DEBUG Engine               - soundMenuBack: menu/back.wav
17:50:12.926 [FXGL Background Thread 3 ] DEBUG Engine               - soundMenuPress: menu/press.wav
17:50:12.926 [FXGL Background Thread 3 ] DEBUG Engine               - soundMenuSelect: menu/select.wav
17:50:12.926 [FXGL Background Thread 3 ] DEBUG Engine               - soundNotification: core/notification.wav
17:50:12.926 [FXGL Background Thread 3 ] DEBUG Engine               - stageStyle: DECORATED
17:50:12.926 [FXGL Background Thread 3 ] DEBUG Engine               - supportedLanguages: [ENGLISH, FRENCH, GERMAN, HUNGARIAN, RUSSIAN]
17:50:12.926 [FXGL Background Thread 3 ] DEBUG Engine               - ticksPerSecond: -1
17:50:12.926 [FXGL Background Thread 3 ] DEBUG Engine               - title: Untitled
17:50:12.926 [FXGL Background Thread 3 ] DEBUG Engine               - urlGithub: https://github.com/AlmasB/FXGL
17:50:12.926 [FXGL Background Thread 3 ] DEBUG Engine               - urlLeaderboard: http://fxgl-top.herokuapp.com/
17:50:12.926 [FXGL Background Thread 3 ] DEBUG Engine               - urlPOM: https://raw.githubusercontent.com/AlmasB/FXGL/release/README.md
17:50:12.926 [FXGL Background Thread 3 ] DEBUG Engine               - userAppClass: class org.group1.GamePackage.Application
17:50:12.926 [FXGL Background Thread 3 ] DEBUG Engine               - version: 0.0
17:50:12.926 [FXGL Background Thread 3 ] DEBUG Engine               - versionCheckDays: 7
17:50:12.926 [FXGL Background Thread 3 ] DEBUG Engine               - width: 1280
17:50:12.926 [FXGL Background Thread 3 ] DEBUG Engine               - Logging services
17:50:12.926 [FXGL Background Thread 3 ] DEBUG Engine               - class com.almasb.fxgl.app.services.FXGLAssetLoaderService
17:50:12.926 [FXGL Background Thread 3 ] DEBUG Engine               - class com.almasb.fxgl.app.FXGLApplication$GameApplicationService
17:50:12.926 [FXGL Background Thread 3 ] DEBUG Engine               - class com.almasb.fxgl.app.services.FXGLDialogService
17:50:12.926 [FXGL Background Thread 3 ] DEBUG Engine               - class com.almasb.fxgl.app.services.IOTaskExecutorService
17:50:12.926 [FXGL Background Thread 3 ] DEBUG Engine               - class com.almasb.fxgl.io.FileSystemService
17:50:12.926 [FXGL Background Thread 3 ] DEBUG Engine               - class com.almasb.fxgl.localization.LocalizationService
17:50:12.926 [FXGL Background Thread 3 ] DEBUG Engine               - class com.almasb.fxgl.app.services.SystemBundleService
17:50:12.926 [FXGL Background Thread 3 ] DEBUG Engine               - class com.almasb.fxgl.profile.SaveLoadService
17:50:12.926 [FXGL Background Thread 3 ] DEBUG Engine               - class com.almasb.fxgl.ui.FXGLUIFactoryServiceProvider
17:50:12.926 [FXGL Background Thread 3 ] DEBUG Engine               - class com.almasb.fxgl.ui.FXGLDialogFactoryServiceProvider
17:50:12.926 [FXGL Background Thread 3 ] DEBUG Engine               - class com.almasb.fxgl.audio.AudioPlayer
17:50:12.926 [FXGL Background Thread 3 ] DEBUG Engine               - class com.almasb.fxgl.notification.impl.NotificationServiceProvider
17:50:12.926 [FXGL Background Thread 3 ] DEBUG Engine               - class com.almasb.fxgl.achievement.AchievementService
17:50:12.926 [FXGL Background Thread 3 ] DEBUG Engine               - class com.almasb.fxgl.cutscene.CutsceneService
17:50:12.926 [FXGL Background Thread 3 ] DEBUG Engine               - class com.almasb.fxgl.minigames.MiniGameService
17:50:12.926 [FXGL Background Thread 3 ] DEBUG Engine               - class com.almasb.fxgl.net.NetService
17:50:12.926 [FXGL Background Thread 3 ] DEBUG Engine               - class com.almasb.fxgl.app.services.UpdaterService
17:50:12.926 [FXGL Background Thread 3 ] DEBUG Engine               - class com.almasb.fxgl.dev.DevService
17:50:13.039 [JavaFX Application Thread] DEBUG FXGLApplication      - Exiting FXGL
17:50:13.039 [JavaFX Application Thread] DEBUG LoopRunner           - Stopping loop
17:50:13.039 [JavaFX Application Thread] DEBUG SystemBundleService  - Saving FXGL system data
17:50:13.041 [JavaFX Application Thread] DEBUG FileSystemAccess     - Writing to: C:\Users\Wren\IdeaProjects\GameGame\system\fxgl.bundle
17:50:13.042 [JavaFX Application Thread] DEBUG Async                - Shutting down background threads
17:50:13.042 [JavaFX Application Thread] DEBUG PrimaryStageWindow   - Closing main window
17:50:13.050 [JavaFX Application Thread] DEBUG Logger               - Closing Logger
