21:45:50.164 [main                     ] DEBUG Logger               - Configured Logger
21:45:50.170 [main                     ] DEBUG GameApplication      - Logging settings
Title: Untitled
Version: 0.0
Width: 1280
Height: 720
Fullscreen: false
Intro: false
Profiling: false
Single step:false
App Mode: DEVELOPER
Menu Key: ESCAPE
Stage Style: DECORATED
Scene Factory: class org.group1.GamePackage.Factory.MainSceneFactory

21:45:50.668 [JavaFX Application Thread] DEBUG FXGLApplication      - Initializing FXGL
21:45:50.672 [JavaFX Application Thread] INFO  Engine               - FXGL-25 (05.02.2026 22.57) on WINDOWS (J:25.0.2 FX:21.0.6)
21:45:50.672 [JavaFX Application Thread] DEBUG Engine               - JRE Vendor Name: Oracle Corporation
21:45:50.673 [JavaFX Application Thread] DEBUG Engine               - Running on OS: Windows 11 version 10.0
21:45:50.673 [JavaFX Application Thread] DEBUG Engine               - Architecture: amd64
21:45:50.673 [JavaFX Application Thread] INFO  Engine               - Source code and latest versions at: https://github.com/AlmasB/FXGL
21:45:50.673 [JavaFX Application Thread] INFO  Engine               -       Ask questions and discuss at: https://github.com/AlmasB/FXGL/discussions
21:45:50.771 [JavaFX Application Thread] DEBUG PrimaryStageWindow   - Creating a JavaFX scene
21:45:50.816 [JavaFX Application Thread] DEBUG PrimaryStageWindow   - Target settings size: 1280.0 x 720.0
21:45:50.816 [JavaFX Application Thread] DEBUG PrimaryStageWindow   - Scaled scene size:    1280.0 x 720.0
21:45:50.816 [JavaFX Application Thread] DEBUG PrimaryStageWindow   - Scaled ratio: (1.0, 1.0)
21:45:50.817 [JavaFX Application Thread] DEBUG PrimaryStageWindow   - Set initial scene to FXGLStartupScene
21:45:50.820 [JavaFX Application Thread] DEBUG PrimaryStageWindow   - Opening main window
21:45:50.895 [JavaFX Application Thread] DEBUG PrimaryStageWindow   - Window border size: (16.0, 39.0)
21:45:50.895 [JavaFX Application Thread] DEBUG PrimaryStageWindow   - Scaled size: 1280.0 x 720.0
21:45:50.895 [JavaFX Application Thread] DEBUG PrimaryStageWindow   - Scaled ratio: (1.0, 1.0)
21:45:50.895 [JavaFX Application Thread] DEBUG PrimaryStageWindow   - Scene size: 1280.0 x 720.0
21:45:50.895 [JavaFX Application Thread] DEBUG PrimaryStageWindow   - Stage size: 1296.0 x 759.0
21:45:50.902 [FXGL Background Thread 1 ] DEBUG Engine               - Initializing environment variables
21:45:50.955 [FXGL Background Thread 1 ] DEBUG FXGLAssetLoaderServi - User app class for loading assets: class org.group1.GamePackage.Application
21:45:50.955 [FXGL Background Thread 1 ] DEBUG GameApplicationServi - Applying CSS: fxgl_dark.css
21:45:50.956 [FXGL Background Thread 1 ] DEBUG FXGLAssetLoaderServi - Loading from file system: jar:file:///C:/Users/Wren/.m2/repository/com/github/almasb/fxgl/25/fxgl-25.jar!/fxglassets/ui/css/fxgl_dark.css
21:45:50.989 [FXGL Background Thread 1 ] DEBUG GameApplicationServi - Initializing application scenes
21:45:51.043 [FXGL Background Thread 1 ] DEBUG GameWorld            - Game world initialized
21:45:51.078 [FXGL Background Thread 1 ] DEBUG PhysicsWorld         - Physics world initialized: appHeight=720, physics.ppm=50.0
21:45:51.078 [FXGL Background Thread 1 ] DEBUG PhysicsWorld         - Using strategy: BRUTE_FORCE
21:45:51.082 [FXGL Background Thread 1 ] DEBUG GameScene            - Game scene initialized: 1280x720
21:45:51.093 [FXGL Background Thread 1 ] DEBUG FXGL.DefaultMenu     - createMenuBodyGameMenu()
21:45:51.101 [FXGL Background Thread 1 ] DEBUG FXGL.DefaultMenu     - createOptionsMenu()
21:45:51.108 [FXGL Background Thread 1 ] DEBUG FXGLAssetLoaderServi - Loading from file system: jar:file:///C:/Users/Wren/.m2/repository/com/github/almasb/fxgl/25/fxgl-25.jar!/fxglassets/textures/particles/smoke.png
21:45:51.182 [FXGL Background Thread 1 ] DEBUG FXGLAssetLoaderServi - Loading from file system: jar:file:///C:/Users/Wren/.m2/repository/com/github/almasb/fxgl/25/fxgl-25.jar!/fxglassets/textures/particles/trace_horizontal.png
21:45:51.208 [FXGL Background Thread 1 ] DEBUG GameApplicationServi - Application scenes initialized
21:45:51.218 [FXGL Background Thread 1 ] DEBUG SystemBundleService  - Loading FXGL system data
21:45:51.223 [FXGL Background Thread 1 ] DEBUG FileSystemAccess     - Reading from: C:\Users\Wren\IdeaProjects\GameGame\system\fxgl.bundle
21:45:51.229 [FXGL Background Thread 1 ] DEBUG SystemBundleService  - Bundle FXGL: {}
21:45:51.229 [FXGL Background Thread 1 ] DEBUG UpdaterService       - Checking for updates
21:45:51.233 [FXGL Background Thread 4 ] DEBUG FXGLApplication      - Loading fonts
21:45:51.233 [FXGL Background Thread 1 ] DEBUG FXGLApplication      - Loading default localization
21:45:51.233 [FXGL Background Thread 1 ] DEBUG FXGLAssetLoaderServi - Loading from file system: jar:file:///C:/Users/Wren/.m2/repository/com/github/almasb/fxgl/25/fxgl-25.jar!/fxglassets/languages/english.lang
21:45:51.233 [FXGL Background Thread 4 ] DEBUG FXGLAssetLoaderServi - Loading from file system: jar:file:///C:/Users/Wren/.m2/repository/com/github/almasb/fxgl/25/fxgl-25.jar!/fxglassets/ui/fonts/VarelaRound-Regular.ttf
21:45:51.249 [FXGL Background Thread 1 ] INFO  FXGLApplication      - FXGL initialization took: 0.346 sec
21:45:51.264 [JavaFX Application Thread] DEBUG Input                - Registered new binding: Move left - A
21:45:51.264 [JavaFX Application Thread] DEBUG Input                - Registered new binding: Move right - D
21:45:51.264 [JavaFX Application Thread] DEBUG Input                - Registered new binding: Move down - S
21:45:51.264 [JavaFX Application Thread] DEBUG Input                - Registered new binding: Move up - W
21:45:51.264 [JavaFX Application Thread] DEBUG Input                - Registered new binding: Shoot - Space
21:45:51.264 [JavaFX Application Thread] DEBUG FXGLAssetLoaderServi - Loading from file system: jar:file:///C:/Users/Wren/.m2/repository/com/github/almasb/fxgl/25/fxgl-25.jar!/fxglassets/textures/fxgl_icon.png
21:45:51.268 [FXGL Background Thread 4 ] DEBUG FXGLAssetLoaderServi - Loading from file system: jar:file:///C:/Users/Wren/.m2/repository/com/github/almasb/fxgl/25/fxgl-25.jar!/fxglassets/ui/fonts/Abel-Regular.ttf
21:45:51.273 [FXGL Background Thread 4 ] DEBUG FXGLAssetLoaderServi - Loading from file system: jar:file:///C:/Users/Wren/.m2/repository/com/github/almasb/fxgl/25/fxgl-25.jar!/fxglassets/ui/fonts/TerminalLandMono-Regular.otf
21:45:51.279 [FXGL Background Thread 4 ] DEBUG FXGLAssetLoaderServi - Loading from file system: jar:file:///C:/Users/Wren/.m2/repository/com/github/almasb/fxgl/25/fxgl-25.jar!/fxglassets/ui/fonts/Courier-Prime.ttf
21:45:51.282 [JavaFX Application Thread] DEBUG FXGLAssetLoaderServi - Loading from file system: jar:file:///C:/Users/Wren/.m2/repository/com/github/almasb/fxgl/25/fxgl-25.jar!/fxglassets/textures/fxgl_default_cursor.png
21:45:51.284 [JavaFX Application Thread] DEBUG Input                - Registered new binding: Screenshot - CTRL+8
21:45:51.284 [JavaFX Application Thread] DEBUG Input                - Registered new binding: System info dump - CTRL+9
21:45:51.284 [JavaFX Application Thread] DEBUG Input                - Registered new binding: Restart - CTRL+R
21:45:51.286 [JavaFX Application Thread] DEBUG Input                - Registered new binding: Toggle Debug Camera - CTRL+7
21:45:51.288 [JavaFX Application Thread] DEBUG LoopRunner           - Starting loop
21:45:51.288 [JavaFX Application Thread] DEBUG LoopRunner           - Initializing JavaFX AnimationTimerLoop
21:45:51.291 [JavaFX Application Thread] DEBUG Input                - Clearing active input actions
21:45:51.300 [JavaFX Application Thread] DEBUG GameApplicationServi - Removing overlay from FXGLStartupScene and adding to FXGLMainMenuDummyScene
21:45:51.301 [JavaFX Application Thread] DEBUG PrimaryStageWindow   - FXGLStartupScene -> FXGLMainMenuDummyScene
21:45:51.301 [JavaFX Application Thread] DEBUG PrimaryStageWindow   - Push state: MenuInterface
21:45:51.302 [JavaFX Application Thread] DEBUG Input                - Clearing active input actions
21:45:51.306 [JavaFX Application Thread] DEBUG GameApplicationServi - Removing overlay from FXGLMainMenuDummyScene and adding to MenuInterface
21:45:51.307 [JavaFX Application Thread] DEBUG PrimaryStageWindow   - FXGLMainMenuDummyScene -> MenuInterface
21:45:51.349 [JavaFX Application Thread] DEBUG FXGLApplication      - Registering font factories with UI factory
21:45:51.823 [JavaFX Application Thread] DEBUG Menu                 - fireNewGame()
21:45:51.823 [JavaFX Application Thread] DEBUG GameApplicationServi - Starting new game
21:45:51.823 [JavaFX Application Thread] DEBUG PrimaryStageWindow   - Pop state: MenuInterface
21:45:51.823 [JavaFX Application Thread] DEBUG Input                - Clearing active input actions
21:45:51.825 [JavaFX Application Thread] DEBUG GameApplicationServi - Removing overlay from MenuInterface and adding to FXGLMainMenuDummyScene
21:45:51.825 [JavaFX Application Thread] DEBUG PrimaryStageWindow   - FXGLMainMenuDummyScene <- MenuInterface
21:45:51.826 [JavaFX Application Thread] DEBUG Input                - Clearing active input actions
21:45:51.831 [JavaFX Application Thread] DEBUG GameApplicationServi - Removing overlay from FXGLMainMenuDummyScene and adding to LoadingInterface
21:45:51.831 [JavaFX Application Thread] DEBUG PrimaryStageWindow   - FXGLMainMenuDummyScene -> LoadingInterface
21:45:51.831 [JavaFX Application Thread] DEBUG GameApplicationServi - Clearing previous game
21:45:51.831 [JavaFX Application Thread] DEBUG GameScene            - Clearing game scene
21:45:51.831 [JavaFX Application Thread] DEBUG GameWorld            - Clearing game world
21:45:51.831 [JavaFX Application Thread] DEBUG PhysicsWorld         - Clearing physics world
21:45:51.832 [FXGL Background Thread 4 ] DEBUG FXGLApplication      - Initializing game
21:45:51.845 [FXGL Background Thread 4 ] DEBUG FXGLAssetLoaderServi - Loading from file system: file:/C:/Users/Wren/IdeaProjects/GameGame/target/classes/assets/textures/background.png
21:45:51.929 [FXGL Background Thread 4 ] DEBUG FXGLAssetLoaderServi - Loading from file system: file:/C:/Users/Wren/IdeaProjects/GameGame/target/classes/assets/textures/background_stars1.png
21:45:52.010 [FXGL Background Thread 4 ] DEBUG FXGLAssetLoaderServi - Loading from file system: file:/C:/Users/Wren/IdeaProjects/GameGame/target/classes/assets/textures/background_stars2.png
21:45:52.036 [FXGL Background Thread 4 ] DEBUG FXGLAssetLoaderServi - Loading from file system: file:/C:/Users/Wren/IdeaProjects/GameGame/target/classes/assets/textures/background_stars3.png
21:45:52.061 [FXGL Background Thread 4 ] DEBUG FXGLAssetLoaderServi - Loading from file system: file:/C:/Users/Wren/IdeaProjects/GameGame/target/classes/assets/textures/background_cloud1.png
21:45:52.070 [FXGL Background Thread 4 ] DEBUG FXGLAssetLoaderServi - Loading from file system: file:/C:/Users/Wren/IdeaProjects/GameGame/target/classes/assets/textures/background_cloud2.png
21:45:52.083 [FXGL Background Thread 4 ] DEBUG FXGLAssetLoaderServi - Loading from file system: file:/C:/Users/Wren/IdeaProjects/GameGame/target/classes/assets/textures/background_mist1.png
21:45:52.093 [FXGL Background Thread 4 ] DEBUG FXGLAssetLoaderServi - Loading from file system: file:/C:/Users/Wren/IdeaProjects/GameGame/target/classes/assets/textures/background_hills.png
21:45:52.111 [FXGL Background Thread 4 ] DEBUG FXGLAssetLoaderServi - Loading from file system: file:/C:/Users/Wren/IdeaProjects/GameGame/target/classes/assets/textures/background_forest.png
21:45:52.122 [FXGL Background Thread 4 ] DEBUG FXGLAssetLoaderServi - Loading from file system: file:/C:/Users/Wren/IdeaProjects/GameGame/target/classes/assets/textures/background_large_forest.png
21:45:52.147 [JavaFX Application Thread] DEBUG LoopRunner           - Stopping loop
21:45:52.147 [JavaFX Application Thread] FATAL FXGLApplication      - Uncaught Exception:
java.lang.RuntimeException: Initialization failed
	at com.almasb.fxgl.all@25/com.almasb.fxgl.app.FXGLApplication$InitAppTask.failed(FXGLApplication.kt:350)
	at javafx.graphics@21.0.6/javafx.concurrent.Task.setState(Task.java:710)
	at javafx.graphics@21.0.6/javafx.concurrent.Task$TaskCallable.lambda$call$2(Task.java:1429)
	at javafx.graphics@21.0.6/com.sun.javafx.application.PlatformImpl.lambda$runLater$10(PlatformImpl.java:456)
	at java.base/java.security.AccessController.doPrivileged(AccessController.java:138)
	at javafx.graphics@21.0.6/com.sun.javafx.application.PlatformImpl.lambda$runLater$11(PlatformImpl.java:455)
	at javafx.graphics@21.0.6/com.sun.glass.ui.InvokeLaterDispatcher$Future.run(InvokeLaterDispatcher.java:95)
	at javafx.graphics@21.0.6/com.sun.glass.ui.win.WinApplication._runLoop(Native Method)
	at javafx.graphics@21.0.6/com.sun.glass.ui.win.WinApplication.lambda$runLoop$3(WinApplication.java:185)
	at java.base/java.lang.Thread.run(Thread.java:1474)
Caused by: java.lang.NullPointerException: Parameter specified as non-null is null: method com.almasb.fxgl.texture.AnimatedTexture.<init>, parameter defaultChannel
	at com.almasb.fxgl.core@25/com.almasb.fxgl.texture.AnimatedTexture.<init>(AnimatedTexture.kt)
	at org.group.game/org.group1.GamePackage.Components.Player.PlayerComponent.onAdded(PlayerComponent.java:39)
	at com.almasb.fxgl.entity@25/com.almasb.fxgl.entity.Entity.addComponentNoChecks(Entity.java:401)
	at com.almasb.fxgl.entity@25/com.almasb.fxgl.entity.Entity.addComponent(Entity.java:393)
	at com.almasb.fxgl.all@25/com.almasb.fxgl.dsl.EntityBuilder.with(EntityBuilder.kt:202)
	at org.group.game/org.group1.GamePackage.Factory.EntityFactory.newPlayer(EntityFactory.java:51)
	at java.base/jdk.internal.reflect.DirectMethodHandleAccessor.invoke(DirectMethodHandleAccessor.java:104)
	at java.base/java.lang.reflect.Method.invoke(Method.java:565)
	at com.almasb.fxgl.core@25/com.almasb.fxgl.core.reflect.ReflectionUtils.call(ReflectionUtils.java:104)
	at com.almasb.fxgl.core@25/com.almasb.fxgl.core.reflect.ReflectionUtils.lambda$mapToFunction$0(ReflectionUtils.java:111)
	at com.almasb.fxgl.entity@25/com.almasb.fxgl.entity.GameWorld.create$lambda$1(GameWorld.kt:428)
	at com.almasb.fxgl.core@25/com.almasb.fxgl.core.util.DSLKt.tryCatchRoot(DSL.kt:34)
	at com.almasb.fxgl.entity@25/com.almasb.fxgl.entity.GameWorld.create(GameWorld.kt:428)
	at com.almasb.fxgl.entity@25/com.almasb.fxgl.entity.GameWorld.spawn(GameWorld.kt:396)
	at com.almasb.fxgl.entity@25/com.almasb.fxgl.entity.GameWorld.spawn(GameWorld.kt:384)
	at com.almasb.fxgl.entity@25/com.almasb.fxgl.entity.GameWorld.spawn(GameWorld.kt:371)
	at com.almasb.fxgl.all@25/com.almasb.fxgl.dsl.FXGL$Companion.spawn(FXGL.kt:572)
	at com.almasb.fxgl.all@25/com.almasb.fxgl.dsl.FXGL.spawn(FXGL.kt)
	at org.group.game/org.group1.GamePackage.Application.initGame(Application.java:125)
	at com.almasb.fxgl.all@25/com.almasb.fxgl.app.FXGLApplication$InitAppTask.initGame(FXGLApplication.kt:346)
	at com.almasb.fxgl.all@25/com.almasb.fxgl.app.FXGLApplication$InitAppTask.call(FXGLApplication.kt:324)
	at com.almasb.fxgl.all@25/com.almasb.fxgl.app.FXGLApplication$InitAppTask.call(FXGLApplication.kt:316)
	at javafx.graphics@21.0.6/javafx.concurrent.Task$TaskCallable.call(Task.java:1399)
	at java.base/java.util.concurrent.FutureTask.run(FutureTask.java:328)
	at java.base/java.util.concurrent.Executors$RunnableAdapter.call(Executors.java:545)
	at java.base/java.util.concurrent.FutureTask.run(FutureTask.java:328)
	at java.base/java.util.concurrent.ThreadPoolExecutor.runWorker(ThreadPoolExecutor.java:1090)
	at java.base/java.util.concurrent.ThreadPoolExecutor$Worker.run(ThreadPoolExecutor.java:614)
	... 1 more

21:45:52.147 [JavaFX Application Thread] FATAL FXGLApplication      - Application will now exit
21:45:52.167 [JavaFX Application Thread] DEBUG PrimaryStageWindow   - Push state: ErrorSubScene
21:45:52.167 [JavaFX Application Thread] DEBUG Input                - Clearing active input actions
21:45:52.169 [JavaFX Application Thread] DEBUG GameApplicationServi - Removing overlay from LoadingInterface and adding to ErrorSubScene
21:45:52.169 [JavaFX Application Thread] DEBUG PrimaryStageWindow   - LoadingInterface -> ErrorSubScene
21:45:54.232 [FXGL Background Thread 3 ] DEBUG Engine               - Logging environment variables
21:45:54.232 [FXGL Background Thread 3 ] DEBUG Engine               - achievements: []
21:45:54.232 [FXGL Background Thread 3 ] DEBUG Engine               - actualHeight: 720.0
21:45:54.232 [FXGL Background Thread 3 ] DEBUG Engine               - actualHeightProperty: ReadOnlyDoubleProperty [value: 720.0]
21:45:54.232 [FXGL Background Thread 3 ] DEBUG Engine               - actualWidth: 1280.0
21:45:54.232 [FXGL Background Thread 3 ] DEBUG Engine               - actualWidthProperty: ReadOnlyDoubleProperty [value: 1280.0]
21:45:54.232 [FXGL Background Thread 3 ] DEBUG Engine               - appIcon: fxgl_icon.png
21:45:54.232 [FXGL Background Thread 3 ] DEBUG Engine               - applicationMode: DEVELOPER
21:45:54.232 [FXGL Background Thread 3 ] DEBUG Engine               - cSSList: [fxgl_dark.css]
21:45:54.232 [FXGL Background Thread 3 ] DEBUG Engine               - collisionDetectionStrategy: BRUTE_FORCE
21:45:54.232 [FXGL Background Thread 3 ] DEBUG Engine               - configClass: Optional.empty
21:45:54.232 [FXGL Background Thread 3 ] DEBUG Engine               - credits: []
21:45:54.232 [FXGL Background Thread 3 ] DEBUG Engine               - defaultCursor: CursorInfo(imageName=fxgl_default_cursor.png, hotspotX=7.0, hotspotY=6.0)
21:45:54.232 [FXGL Background Thread 3 ] DEBUG Engine               - devBBoxColorProperty: ObjectProperty [value: 0xff0000ff]
21:45:54.233 [FXGL Background Thread 3 ] DEBUG Engine               - devEnableDebugCameraProperty: BooleanProperty [value: false]
21:45:54.233 [FXGL Background Thread 3 ] DEBUG Engine               - devSensorColorProperty: ObjectProperty [value: 0xffff00ff]
21:45:54.233 [FXGL Background Thread 3 ] DEBUG Engine               - devShowBBoxProperty: BooleanProperty [value: false]
21:45:54.233 [FXGL Background Thread 3 ] DEBUG Engine               - devShowPositionProperty: BooleanProperty [value: false]
21:45:54.233 [FXGL Background Thread 3 ] DEBUG Engine               - enabledMenuItems: []
21:45:54.233 [FXGL Background Thread 3 ] DEBUG Engine               - engineServices: [class com.almasb.fxgl.app.services.FXGLAssetLoaderService, class com.almasb.fxgl.app.FXGLApplication$GameApplicationService, class com.almasb.fxgl.app.services.FXGLDialogService, class com.almasb.fxgl.app.services.IOTaskExecutorService, class com.almasb.fxgl.io.FileSystemService, class com.almasb.fxgl.localization.LocalizationService, class com.almasb.fxgl.app.services.SystemBundleService, class com.almasb.fxgl.profile.SaveLoadService, class com.almasb.fxgl.ui.FXGLUIFactoryServiceProvider, class com.almasb.fxgl.ui.FXGLDialogFactoryServiceProvider, class com.almasb.fxgl.audio.AudioPlayer, class com.almasb.fxgl.notification.impl.NotificationServiceProvider, class com.almasb.fxgl.achievement.AchievementService, class com.almasb.fxgl.cutscene.CutsceneService, class com.almasb.fxgl.minigames.MiniGameService, class com.almasb.fxgl.net.NetService, class com.almasb.fxgl.app.services.UpdaterService, class com.almasb.fxgl.dev.DevService]
21:45:54.233 [FXGL Background Thread 3 ] DEBUG Engine               - fontGame: Abel-Regular.ttf
21:45:54.233 [FXGL Background Thread 3 ] DEBUG Engine               - fontMono: TerminalLandMono-Regular.otf
21:45:54.233 [FXGL Background Thread 3 ] DEBUG Engine               - fontSizeScaleUI: 1.0
21:45:54.233 [FXGL Background Thread 3 ] DEBUG Engine               - fontText: Courier-Prime.ttf
21:45:54.233 [FXGL Background Thread 3 ] DEBUG Engine               - fontUI: VarelaRound-Regular.ttf
21:45:54.233 [FXGL Background Thread 3 ] DEBUG Engine               - fpsRefreshRate: 500.0 ms
21:45:54.233 [FXGL Background Thread 3 ] DEBUG Engine               - fullScreen: BooleanProperty [value: false]
21:45:54.233 [FXGL Background Thread 3 ] DEBUG Engine               - gameDifficulty: MEDIUM
21:45:54.233 [FXGL Background Thread 3 ] DEBUG Engine               - gameDifficultyProperty: ObjectProperty [value: MEDIUM]
21:45:54.233 [FXGL Background Thread 3 ] DEBUG Engine               - globalMusicVolume: 0.5
21:45:54.233 [FXGL Background Thread 3 ] DEBUG Engine               - globalMusicVolumeProperty: DoubleProperty [value: 0.5]
21:45:54.233 [FXGL Background Thread 3 ] DEBUG Engine               - globalSoundVolume: 0.5
21:45:54.233 [FXGL Background Thread 3 ] DEBUG Engine               - globalSoundVolumeProperty: DoubleProperty [value: 0.5]
21:45:54.233 [FXGL Background Thread 3 ] DEBUG Engine               - height: 720
21:45:54.233 [FXGL Background Thread 3 ] DEBUG Engine               - is3D: false
21:45:54.233 [FXGL Background Thread 3 ] DEBUG Engine               - isAndroid: false
21:45:54.233 [FXGL Background Thread 3 ] DEBUG Engine               - isBrowser: false
21:45:54.233 [FXGL Background Thread 3 ] DEBUG Engine               - isClickFeedbackEnabled: false
21:45:54.233 [FXGL Background Thread 3 ] DEBUG Engine               - isCloseConfirmation: false
21:45:54.233 [FXGL Background Thread 3 ] DEBUG Engine               - isDesktop: true
21:45:54.233 [FXGL Background Thread 3 ] DEBUG Engine               - isDeveloperMenuEnabled: false
21:45:54.233 [FXGL Background Thread 3 ] DEBUG Engine               - isEmbedded: false
21:45:54.233 [FXGL Background Thread 3 ] DEBUG Engine               - isEntityPreloadEnabled: true
21:45:54.233 [FXGL Background Thread 3 ] DEBUG Engine               - isExperimentalTiledLargeMap: false
21:45:54.233 [FXGL Background Thread 3 ] DEBUG Engine               - isFileSystemWriteAllowed: true
21:45:54.233 [FXGL Background Thread 3 ] DEBUG Engine               - isFullScreenAllowed: false
21:45:54.233 [FXGL Background Thread 3 ] DEBUG Engine               - isFullScreenFromStart: false
21:45:54.233 [FXGL Background Thread 3 ] DEBUG Engine               - isGameMenuEnabled: true
21:45:54.233 [FXGL Background Thread 3 ] DEBUG Engine               - isIOS: false
21:45:54.233 [FXGL Background Thread 3 ] DEBUG Engine               - isIntroEnabled: false
21:45:54.233 [FXGL Background Thread 3 ] DEBUG Engine               - isLinux: false
21:45:54.233 [FXGL Background Thread 3 ] DEBUG Engine               - isMac: false
21:45:54.233 [FXGL Background Thread 3 ] DEBUG Engine               - isMainMenuEnabled: true
21:45:54.233 [FXGL Background Thread 3 ] DEBUG Engine               - isManualResizeEnabled: false
21:45:54.233 [FXGL Background Thread 3 ] DEBUG Engine               - isMobile: false
21:45:54.233 [FXGL Background Thread 3 ] DEBUG Engine               - isNative: false
21:45:54.233 [FXGL Background Thread 3 ] DEBUG Engine               - isPauseMusicWhenMinimized: true
21:45:54.233 [FXGL Background Thread 3 ] DEBUG Engine               - isPreserveResizeRatio: false
21:45:54.233 [FXGL Background Thread 3 ] DEBUG Engine               - isProfilingEnabled: false
21:45:54.233 [FXGL Background Thread 3 ] DEBUG Engine               - isScaleAffectedOnResize: true
21:45:54.233 [FXGL Background Thread 3 ] DEBUG Engine               - isSingleStep: false
21:45:54.233 [FXGL Background Thread 3 ] DEBUG Engine               - isUserProfileEnabled: false
21:45:54.233 [FXGL Background Thread 3 ] DEBUG Engine               - isWindows: true
21:45:54.233 [FXGL Background Thread 3 ] DEBUG Engine               - language: ObjectProperty [value: ENGLISH]
21:45:54.233 [FXGL Background Thread 3 ] DEBUG Engine               - menuKey: ESCAPE
21:45:54.233 [FXGL Background Thread 3 ] DEBUG Engine               - mouseSensitivity: 0.2
21:45:54.233 [FXGL Background Thread 3 ] DEBUG Engine               - notificationViewClass: class com.almasb.fxgl.notification.view.XboxNotificationView
21:45:54.233 [FXGL Background Thread 3 ] DEBUG Engine               - pixelsPerMeter: 50.0
21:45:54.233 [FXGL Background Thread 3 ] DEBUG Engine               - platform: WINDOWS
21:45:54.233 [FXGL Background Thread 3 ] DEBUG Engine               - prefHeightProperty: ReadOnlyDoubleProperty [value: 720.0]
21:45:54.233 [FXGL Background Thread 3 ] DEBUG Engine               - prefWidthProperty: ReadOnlyDoubleProperty [value: 1280.0]
21:45:54.233 [FXGL Background Thread 3 ] DEBUG Engine               - profileDir: profiles/
21:45:54.233 [FXGL Background Thread 3 ] DEBUG Engine               - profileName: StringProperty [value: DEFAULT]
21:45:54.233 [FXGL Background Thread 3 ] DEBUG Engine               - randomSeed: -1
21:45:54.233 [FXGL Background Thread 3 ] DEBUG Engine               - runtimeInfo: RuntimeInfo(platform=WINDOWS, version=25, build=05.02.2026 22.57)
21:45:54.233 [FXGL Background Thread 3 ] DEBUG Engine               - saveFileExt: sav
21:45:54.233 [FXGL Background Thread 3 ] DEBUG Engine               - scaledHeightProp$fxgl: DoubleProperty [bound, value: 720.0]
21:45:54.233 [FXGL Background Thread 3 ] DEBUG Engine               - scaledWidthProp$fxgl: DoubleProperty [bound, value: 1280.0]
21:45:54.233 [FXGL Background Thread 3 ] DEBUG Engine               - sceneFactory: org.group1.GamePackage.Factory.MainSceneFactory@39e24108
21:45:54.233 [FXGL Background Thread 3 ] DEBUG Engine               - secondsIn24h: 60
21:45:54.233 [FXGL Background Thread 3 ] DEBUG Engine               - soundMenuBack: menu/back.wav
21:45:54.233 [FXGL Background Thread 3 ] DEBUG Engine               - soundMenuPress: menu/press.wav
21:45:54.233 [FXGL Background Thread 3 ] DEBUG Engine               - soundMenuSelect: menu/select.wav
21:45:54.233 [FXGL Background Thread 3 ] DEBUG Engine               - soundNotification: core/notification.wav
21:45:54.233 [FXGL Background Thread 3 ] DEBUG Engine               - stageStyle: DECORATED
21:45:54.235 [FXGL Background Thread 3 ] DEBUG Engine               - supportedLanguages: [ENGLISH, FRENCH, GERMAN, HUNGARIAN, RUSSIAN]
21:45:54.235 [FXGL Background Thread 3 ] DEBUG Engine               - ticksPerSecond: -1
21:45:54.235 [FXGL Background Thread 3 ] DEBUG Engine               - title: Untitled
21:45:54.235 [FXGL Background Thread 3 ] DEBUG Engine               - urlGithub: https://github.com/AlmasB/FXGL
21:45:54.235 [FXGL Background Thread 3 ] DEBUG Engine               - urlLeaderboard: http://fxgl-top.herokuapp.com/
21:45:54.235 [FXGL Background Thread 3 ] DEBUG Engine               - urlPOM: https://raw.githubusercontent.com/AlmasB/FXGL/release/README.md
21:45:54.235 [FXGL Background Thread 3 ] DEBUG Engine               - userAppClass: class org.group1.GamePackage.Application
21:45:54.235 [FXGL Background Thread 3 ] DEBUG Engine               - version: 0.0
21:45:54.235 [FXGL Background Thread 3 ] DEBUG Engine               - versionCheckDays: 7
21:45:54.235 [FXGL Background Thread 3 ] DEBUG Engine               - width: 1280
21:45:54.235 [FXGL Background Thread 3 ] DEBUG Engine               - Logging services
21:45:54.235 [FXGL Background Thread 3 ] DEBUG Engine               - class com.almasb.fxgl.app.services.FXGLAssetLoaderService
21:45:54.235 [FXGL Background Thread 3 ] DEBUG Engine               - class com.almasb.fxgl.app.FXGLApplication$GameApplicationService
21:45:54.235 [FXGL Background Thread 3 ] DEBUG Engine               - class com.almasb.fxgl.app.services.FXGLDialogService
21:45:54.235 [FXGL Background Thread 3 ] DEBUG Engine               - class com.almasb.fxgl.app.services.IOTaskExecutorService
21:45:54.235 [FXGL Background Thread 3 ] DEBUG Engine               - class com.almasb.fxgl.io.FileSystemService
21:45:54.235 [FXGL Background Thread 3 ] DEBUG Engine               - class com.almasb.fxgl.localization.LocalizationService
21:45:54.235 [FXGL Background Thread 3 ] DEBUG Engine               - class com.almasb.fxgl.app.services.SystemBundleService
21:45:54.235 [FXGL Background Thread 3 ] DEBUG Engine               - class com.almasb.fxgl.profile.SaveLoadService
21:45:54.235 [FXGL Background Thread 3 ] DEBUG Engine               - class com.almasb.fxgl.ui.FXGLUIFactoryServiceProvider
21:45:54.235 [FXGL Background Thread 3 ] DEBUG Engine               - class com.almasb.fxgl.ui.FXGLDialogFactoryServiceProvider
21:45:54.235 [FXGL Background Thread 3 ] DEBUG Engine               - class com.almasb.fxgl.audio.AudioPlayer
21:45:54.235 [FXGL Background Thread 3 ] DEBUG Engine               - class com.almasb.fxgl.notification.impl.NotificationServiceProvider
21:45:54.235 [FXGL Background Thread 3 ] DEBUG Engine               - class com.almasb.fxgl.achievement.AchievementService
21:45:54.235 [FXGL Background Thread 3 ] DEBUG Engine               - class com.almasb.fxgl.cutscene.CutsceneService
21:45:54.235 [FXGL Background Thread 3 ] DEBUG Engine               - class com.almasb.fxgl.minigames.MiniGameService
21:45:54.235 [FXGL Background Thread 3 ] DEBUG Engine               - class com.almasb.fxgl.net.NetService
21:45:54.235 [FXGL Background Thread 3 ] DEBUG Engine               - class com.almasb.fxgl.app.services.UpdaterService
21:45:54.235 [FXGL Background Thread 3 ] DEBUG Engine               - class com.almasb.fxgl.dev.DevService
21:47:56.566 [JavaFX Application Thread] DEBUG FXGLApplication      - Exiting FXGL
21:47:56.566 [JavaFX Application Thread] DEBUG Async                - Shutting down background threads
21:47:56.566 [JavaFX Application Thread] DEBUG PrimaryStageWindow   - Closing main window
21:47:56.580 [JavaFX Application Thread] DEBUG Logger               - Closing Logger
