01:05:20.577 [main                     ] DEBUG Logger               - Configured Logger
01:05:20.583 [main                     ] DEBUG GameApplication      - Logging settings
Title: Untitled
Version: 0.0
Width: 1280
Height: 720
Fullscreen: false
Intro: false
Profiling: false
Single step:false
App Mode: DEVELOPER
Menu Key: ESCAPE
Stage Style: DECORATED
Scene Factory: class org.group1.GamePackage.Factory.MainSceneFactory

01:05:21.054 [JavaFX Application Thread] DEBUG FXGLApplication      - Initializing FXGL
01:05:21.057 [JavaFX Application Thread] INFO  Engine               - FXGL-25 (05.02.2026 22.57) on WINDOWS (J:25.0.2 FX:21.0.6)
01:05:21.057 [JavaFX Application Thread] DEBUG Engine               - JRE Vendor Name: Oracle Corporation
01:05:21.057 [JavaFX Application Thread] DEBUG Engine               - Running on OS: Windows 11 version 10.0
01:05:21.057 [JavaFX Application Thread] DEBUG Engine               - Architecture: amd64
01:05:21.057 [JavaFX Application Thread] INFO  Engine               - Source code and latest versions at: https://github.com/AlmasB/FXGL
01:05:21.057 [JavaFX Application Thread] INFO  Engine               -       Ask questions and discuss at: https://github.com/AlmasB/FXGL/discussions
01:05:21.119 [JavaFX Application Thread] DEBUG PrimaryStageWindow   - Creating a JavaFX scene
01:05:21.152 [JavaFX Application Thread] DEBUG PrimaryStageWindow   - Target settings size: 1280.0 x 720.0
01:05:21.153 [JavaFX Application Thread] DEBUG PrimaryStageWindow   - Scaled scene size:    1280.0 x 720.0
01:05:21.153 [JavaFX Application Thread] DEBUG PrimaryStageWindow   - Scaled ratio: (1.0, 1.0)
01:05:21.154 [JavaFX Application Thread] DEBUG PrimaryStageWindow   - Set initial scene to FXGLStartupScene
01:05:21.156 [JavaFX Application Thread] DEBUG PrimaryStageWindow   - Opening main window
01:05:21.242 [JavaFX Application Thread] DEBUG PrimaryStageWindow   - Window border size: (16.0, 39.0)
01:05:21.242 [JavaFX Application Thread] DEBUG PrimaryStageWindow   - Scaled size: 1280.0 x 720.0
01:05:21.242 [JavaFX Application Thread] DEBUG PrimaryStageWindow   - Scaled ratio: (1.0, 1.0)
01:05:21.242 [JavaFX Application Thread] DEBUG PrimaryStageWindow   - Scene size: 1280.0 x 720.0
01:05:21.242 [JavaFX Application Thread] DEBUG PrimaryStageWindow   - Stage size: 1296.0 x 759.0
01:05:21.248 [FXGL Background Thread 1 ] DEBUG Engine               - Initializing environment variables
01:05:21.292 [FXGL Background Thread 1 ] DEBUG FXGLAssetLoaderServi - User app class for loading assets: class org.group1.GamePackage.Application
01:05:21.292 [FXGL Background Thread 1 ] DEBUG GameApplicationServi - Applying CSS: fxgl_dark.css
01:05:21.293 [FXGL Background Thread 1 ] DEBUG FXGLAssetLoaderServi - Loading from file system: jar:file:///C:/Users/Wren/.m2/repository/com/github/almasb/fxgl/25/fxgl-25.jar!/fxglassets/ui/css/fxgl_dark.css
01:05:21.323 [FXGL Background Thread 1 ] DEBUG GameApplicationServi - Initializing application scenes
01:05:21.371 [FXGL Background Thread 1 ] DEBUG GameWorld            - Game world initialized
01:05:21.403 [FXGL Background Thread 1 ] DEBUG PhysicsWorld         - Physics world initialized: appHeight=720, physics.ppm=50.0
01:05:21.403 [FXGL Background Thread 1 ] DEBUG PhysicsWorld         - Using strategy: BRUTE_FORCE
01:05:21.407 [FXGL Background Thread 1 ] DEBUG GameScene            - Game scene initialized: 1280x720
01:05:21.415 [FXGL Background Thread 1 ] DEBUG FXGL.DefaultMenu     - createMenuBodyGameMenu()
01:05:21.420 [FXGL Background Thread 1 ] DEBUG FXGL.DefaultMenu     - createOptionsMenu()
01:05:21.428 [FXGL Background Thread 1 ] DEBUG FXGLAssetLoaderServi - Loading from file system: jar:file:///C:/Users/Wren/.m2/repository/com/github/almasb/fxgl/25/fxgl-25.jar!/fxglassets/textures/particles/smoke.png
01:05:21.507 [FXGL Background Thread 1 ] DEBUG FXGLAssetLoaderServi - Loading from file system: jar:file:///C:/Users/Wren/.m2/repository/com/github/almasb/fxgl/25/fxgl-25.jar!/fxglassets/textures/particles/trace_horizontal.png
01:05:21.527 [FXGL Background Thread 1 ] DEBUG GameApplicationServi - Application scenes initialized
01:05:21.536 [FXGL Background Thread 1 ] DEBUG SystemBundleService  - Loading FXGL system data
01:05:21.537 [FXGL Background Thread 1 ] DEBUG FileSystemAccess     - Reading from: C:\Users\Wren\IdeaProjects\GameGame\system\fxgl.bundle
01:05:21.539 [FXGL Background Thread 1 ] DEBUG SystemBundleService  - Bundle FXGL: {}
01:05:21.539 [FXGL Background Thread 1 ] DEBUG UpdaterService       - Checking for updates
01:05:21.542 [FXGL Background Thread 4 ] DEBUG FXGLApplication      - Loading fonts
01:05:21.542 [FXGL Background Thread 1 ] DEBUG FXGLApplication      - Loading default localization
01:05:21.543 [FXGL Background Thread 4 ] DEBUG FXGLAssetLoaderServi - Loading from file system: jar:file:///C:/Users/Wren/.m2/repository/com/github/almasb/fxgl/25/fxgl-25.jar!/fxglassets/ui/fonts/VarelaRound-Regular.ttf
01:05:21.543 [FXGL Background Thread 1 ] DEBUG FXGLAssetLoaderServi - Loading from file system: jar:file:///C:/Users/Wren/.m2/repository/com/github/almasb/fxgl/25/fxgl-25.jar!/fxglassets/languages/english.lang
01:05:21.555 [FXGL Background Thread 4 ] DEBUG FXGLAssetLoaderServi - Loading from file system: jar:file:///C:/Users/Wren/.m2/repository/com/github/almasb/fxgl/25/fxgl-25.jar!/fxglassets/ui/fonts/Abel-Regular.ttf
01:05:21.564 [FXGL Background Thread 1 ] INFO  FXGLApplication      - FXGL initialization took: 0.316 sec
01:05:21.569 [FXGL Background Thread 4 ] DEBUG FXGLAssetLoaderServi - Loading from file system: jar:file:///C:/Users/Wren/.m2/repository/com/github/almasb/fxgl/25/fxgl-25.jar!/fxglassets/ui/fonts/TerminalLandMono-Regular.otf
01:05:21.573 [FXGL Background Thread 4 ] DEBUG FXGLAssetLoaderServi - Loading from file system: jar:file:///C:/Users/Wren/.m2/repository/com/github/almasb/fxgl/25/fxgl-25.jar!/fxglassets/ui/fonts/Courier-Prime.ttf
01:05:21.577 [JavaFX Application Thread] DEBUG Input                - Registered new binding: Move left - A
01:05:21.577 [JavaFX Application Thread] DEBUG Input                - Registered new binding: Move right - D
01:05:21.578 [JavaFX Application Thread] DEBUG Input                - Registered new binding: Move down - S
01:05:21.578 [JavaFX Application Thread] DEBUG Input                - Registered new binding: Move up - W
01:05:21.579 [JavaFX Application Thread] DEBUG Input                - Registered new binding: Shoot - Space
01:05:21.579 [JavaFX Application Thread] DEBUG Input                - Registered new binding: Switch to Fire Bullet - Q
01:05:21.579 [JavaFX Application Thread] DEBUG Input                - Registered new binding: Switch to Ice Bullet - E
01:05:21.579 [JavaFX Application Thread] DEBUG FXGLAssetLoaderServi - Loading from file system: jar:file:///C:/Users/Wren/.m2/repository/com/github/almasb/fxgl/25/fxgl-25.jar!/fxglassets/textures/fxgl_icon.png
01:05:21.595 [JavaFX Application Thread] DEBUG FXGLAssetLoaderServi - Loading from file system: jar:file:///C:/Users/Wren/.m2/repository/com/github/almasb/fxgl/25/fxgl-25.jar!/fxglassets/textures/fxgl_default_cursor.png
01:05:21.597 [JavaFX Application Thread] DEBUG Input                - Registered new binding: Screenshot - CTRL+8
01:05:21.598 [JavaFX Application Thread] DEBUG Input                - Registered new binding: System info dump - CTRL+9
01:05:21.598 [JavaFX Application Thread] DEBUG Input                - Registered new binding: Restart - CTRL+R
01:05:21.599 [JavaFX Application Thread] DEBUG Input                - Registered new binding: Toggle Debug Camera - CTRL+7
01:05:21.602 [JavaFX Application Thread] DEBUG LoopRunner           - Starting loop
01:05:21.602 [JavaFX Application Thread] DEBUG LoopRunner           - Initializing JavaFX AnimationTimerLoop
01:05:21.604 [JavaFX Application Thread] DEBUG Input                - Clearing active input actions
01:05:21.612 [JavaFX Application Thread] DEBUG GameApplicationServi - Removing overlay from FXGLStartupScene and adding to FXGLMainMenuDummyScene
01:05:21.613 [JavaFX Application Thread] DEBUG PrimaryStageWindow   - FXGLStartupScene -> FXGLMainMenuDummyScene
01:05:21.613 [JavaFX Application Thread] DEBUG PrimaryStageWindow   - Push state: MenuInterface
01:05:21.614 [JavaFX Application Thread] DEBUG Input                - Clearing active input actions
01:05:21.618 [JavaFX Application Thread] DEBUG GameApplicationServi - Removing overlay from FXGLMainMenuDummyScene and adding to MenuInterface
01:05:21.618 [JavaFX Application Thread] DEBUG PrimaryStageWindow   - FXGLMainMenuDummyScene -> MenuInterface
01:05:21.661 [JavaFX Application Thread] DEBUG FXGLApplication      - Registering font factories with UI factory
01:05:21.887 [JavaFX Application Thread] DEBUG Menu                 - fireNewGame()
01:05:21.887 [JavaFX Application Thread] DEBUG GameApplicationServi - Starting new game
01:05:21.887 [JavaFX Application Thread] DEBUG PrimaryStageWindow   - Pop state: MenuInterface
01:05:21.887 [JavaFX Application Thread] DEBUG Input                - Clearing active input actions
01:05:21.888 [JavaFX Application Thread] DEBUG GameApplicationServi - Removing overlay from MenuInterface and adding to FXGLMainMenuDummyScene
01:05:21.888 [JavaFX Application Thread] DEBUG PrimaryStageWindow   - FXGLMainMenuDummyScene <- MenuInterface
01:05:21.888 [JavaFX Application Thread] DEBUG Input                - Clearing active input actions
01:05:21.892 [JavaFX Application Thread] DEBUG GameApplicationServi - Removing overlay from FXGLMainMenuDummyScene and adding to LoadingInterface
01:05:21.892 [JavaFX Application Thread] DEBUG PrimaryStageWindow   - FXGLMainMenuDummyScene -> LoadingInterface
01:05:21.892 [JavaFX Application Thread] DEBUG GameApplicationServi - Clearing previous game
01:05:21.892 [JavaFX Application Thread] DEBUG GameScene            - Clearing game scene
01:05:21.893 [JavaFX Application Thread] DEBUG GameWorld            - Clearing game world
01:05:21.893 [JavaFX Application Thread] DEBUG PhysicsWorld         - Clearing physics world
01:05:21.894 [FXGL Background Thread 2 ] DEBUG FXGLApplication      - Initializing game
01:05:21.902 [FXGL Background Thread 2 ] DEBUG FXGLAssetLoaderServi - Loading from file system: file:/C:/Users/Wren/IdeaProjects/GameGame/target/classes/assets/textures/background.png
01:05:21.996 [FXGL Background Thread 2 ] DEBUG FXGLAssetLoaderServi - Loading from file system: file:/C:/Users/Wren/IdeaProjects/GameGame/target/classes/assets/textures/background_stars1.png
01:05:22.080 [FXGL Background Thread 2 ] DEBUG FXGLAssetLoaderServi - Loading from file system: file:/C:/Users/Wren/IdeaProjects/GameGame/target/classes/assets/textures/background_stars2.png
01:05:22.106 [FXGL Background Thread 2 ] DEBUG FXGLAssetLoaderServi - Loading from file system: file:/C:/Users/Wren/IdeaProjects/GameGame/target/classes/assets/textures/background_stars3.png
01:05:22.129 [FXGL Background Thread 2 ] DEBUG FXGLAssetLoaderServi - Loading from file system: file:/C:/Users/Wren/IdeaProjects/GameGame/target/classes/assets/textures/background_cloud1.png
01:05:22.137 [FXGL Background Thread 2 ] DEBUG FXGLAssetLoaderServi - Loading from file system: file:/C:/Users/Wren/IdeaProjects/GameGame/target/classes/assets/textures/background_cloud2.png
01:05:22.147 [FXGL Background Thread 2 ] DEBUG FXGLAssetLoaderServi - Loading from file system: file:/C:/Users/Wren/IdeaProjects/GameGame/target/classes/assets/textures/background_mist1.png
01:05:22.156 [FXGL Background Thread 2 ] DEBUG FXGLAssetLoaderServi - Loading from file system: file:/C:/Users/Wren/IdeaProjects/GameGame/target/classes/assets/textures/background_hills.png
01:05:22.173 [FXGL Background Thread 2 ] DEBUG FXGLAssetLoaderServi - Loading from file system: file:/C:/Users/Wren/IdeaProjects/GameGame/target/classes/assets/textures/background_forest.png
01:05:22.183 [FXGL Background Thread 2 ] DEBUG FXGLAssetLoaderServi - Loading from file system: file:/C:/Users/Wren/IdeaProjects/GameGame/target/classes/assets/textures/background_large_forest.png
01:05:22.212 [FXGL Background Thread 2 ] DEBUG FXGLAssetLoaderServi - Loading from file system: file:/C:/Users/Wren/IdeaProjects/GameGame/target/classes/assets/textures/idle_sprite.png
01:05:22.215 [FXGL Background Thread 2 ] DEBUG FXGLAssetLoaderServi - Loading from file system: file:/C:/Users/Wren/IdeaProjects/GameGame/target/classes/assets/textures/down_sprite.png
01:05:22.217 [FXGL Background Thread 2 ] DEBUG FXGLAssetLoaderServi - Loading from file system: file:/C:/Users/Wren/IdeaProjects/GameGame/target/classes/assets/textures/up_sprite.png
01:05:22.227 [FXGL Background Thread 2 ] DEBUG FXGLAssetLoaderServi - Loading from file system: file:/C:/Users/Wren/IdeaProjects/GameGame/target/classes/assets/textures/bullet_HUD_selection.png
01:05:22.230 [FXGL Background Thread 2 ] DEBUG FXGLAssetLoaderServi - Loading from file system: file:/C:/Users/Wren/IdeaProjects/GameGame/target/classes/assets/music/main_music.wav
01:05:22.311 [FXGL Background Thread 2 ] DEBUG AudioPlayer          - Playing music com.almasb.fxgl.audio.Music@6d3d8544
01:05:22.315 [FXGL Background Thread 2 ] INFO  FXGLApplication      - Game initialization took: 0.422 sec
01:05:22.316 [JavaFX Application Thread] DEBUG Input                - Clearing active input actions
01:05:22.324 [JavaFX Application Thread] DEBUG GameApplicationServi - Removing overlay from LoadingInterface and adding to GameScene
01:05:22.324 [JavaFX Application Thread] DEBUG PrimaryStageWindow   - LoadingInterface -> GameScene
01:05:23.312 [JavaFX Application Thread] DEBUG FXGLAssetLoaderServi - Loading from file system: file:/C:/Users/Wren/IdeaProjects/GameGame/target/classes/assets/textures/enemy_sprite.png
01:05:23.315 [JavaFX Application Thread] DEBUG FXGLAssetLoaderServi - Loading from file system: file:/C:/Users/Wren/IdeaProjects/GameGame/target/classes/assets/textures/explosion_sprite.png
01:05:24.256 [JavaFX Application Thread] DEBUG FXGLAssetLoaderServi - Loading from file system: file:/C:/Users/Wren/IdeaProjects/GameGame/target/classes/assets/textures/bullet_sprite.png
01:05:24.436 [JavaFX Application Thread] DEBUG FXGLAssetLoaderServi - Loading from file system: file:/C:/Users/Wren/IdeaProjects/GameGame/target/classes/assets/textures/heart_sprite.png
01:05:24.444 [JavaFX Application Thread] DEBUG FXGLAssetLoaderServi - Loading from file system: file:/C:/Users/Wren/IdeaProjects/GameGame/target/classes/assets/textures/heart_explode_sprite.png
01:05:24.462 [JavaFX Application Thread] DEBUG FXGLAssetLoaderServi - Loading from file system: file:/C:/Users/Wren/IdeaProjects/GameGame/target/classes/assets/sounds/death_sound.wav
01:05:24.482 [JavaFX Application Thread] DEBUG FXGLAssetLoaderServi - Loading from file system: file:/C:/Users/Wren/IdeaProjects/GameGame/target/classes/assets/textures/boss_placeholder.png
01:05:24.542 [FXGL Background Thread 3 ] DEBUG Engine               - Logging environment variables
01:05:24.542 [FXGL Background Thread 3 ] DEBUG Engine               - achievements: []
01:05:24.542 [FXGL Background Thread 3 ] DEBUG Engine               - actualHeight: 720.0
01:05:24.542 [FXGL Background Thread 3 ] DEBUG Engine               - actualHeightProperty: ReadOnlyDoubleProperty [value: 720.0]
01:05:24.542 [FXGL Background Thread 3 ] DEBUG Engine               - actualWidth: 1280.0
01:05:24.542 [FXGL Background Thread 3 ] DEBUG Engine               - actualWidthProperty: ReadOnlyDoubleProperty [value: 1280.0]
01:05:24.542 [FXGL Background Thread 3 ] DEBUG Engine               - appIcon: fxgl_icon.png
01:05:24.542 [FXGL Background Thread 3 ] DEBUG Engine               - applicationMode: DEVELOPER
01:05:24.542 [FXGL Background Thread 3 ] DEBUG Engine               - cSSList: [fxgl_dark.css]
01:05:24.542 [FXGL Background Thread 3 ] DEBUG Engine               - collisionDetectionStrategy: BRUTE_FORCE
01:05:24.542 [FXGL Background Thread 3 ] DEBUG Engine               - configClass: Optional.empty
01:05:24.542 [FXGL Background Thread 3 ] DEBUG Engine               - credits: []
01:05:24.542 [FXGL Background Thread 3 ] DEBUG Engine               - defaultCursor: CursorInfo(imageName=fxgl_default_cursor.png, hotspotX=7.0, hotspotY=6.0)
01:05:24.542 [FXGL Background Thread 3 ] DEBUG Engine               - devBBoxColorProperty: ObjectProperty [value: 0xff0000ff]
01:05:24.542 [FXGL Background Thread 3 ] DEBUG Engine               - devEnableDebugCameraProperty: BooleanProperty [value: false]
01:05:24.543 [FXGL Background Thread 3 ] DEBUG Engine               - devSensorColorProperty: ObjectProperty [value: 0xffff00ff]
01:05:24.543 [FXGL Background Thread 3 ] DEBUG Engine               - devShowBBoxProperty: BooleanProperty [value: false]
01:05:24.543 [FXGL Background Thread 3 ] DEBUG Engine               - devShowPositionProperty: BooleanProperty [value: false]
01:05:24.543 [FXGL Background Thread 3 ] DEBUG Engine               - enabledMenuItems: []
01:05:24.543 [FXGL Background Thread 3 ] DEBUG Engine               - engineServices: [class com.almasb.fxgl.app.services.FXGLAssetLoaderService, class com.almasb.fxgl.app.FXGLApplication$GameApplicationService, class com.almasb.fxgl.app.services.FXGLDialogService, class com.almasb.fxgl.app.services.IOTaskExecutorService, class com.almasb.fxgl.io.FileSystemService, class com.almasb.fxgl.localization.LocalizationService, class com.almasb.fxgl.app.services.SystemBundleService, class com.almasb.fxgl.profile.SaveLoadService, class com.almasb.fxgl.ui.FXGLUIFactoryServiceProvider, class com.almasb.fxgl.ui.FXGLDialogFactoryServiceProvider, class com.almasb.fxgl.audio.AudioPlayer, class com.almasb.fxgl.notification.impl.NotificationServiceProvider, class com.almasb.fxgl.achievement.AchievementService, class com.almasb.fxgl.cutscene.CutsceneService, class com.almasb.fxgl.minigames.MiniGameService, class com.almasb.fxgl.net.NetService, class com.almasb.fxgl.app.services.UpdaterService, class com.almasb.fxgl.dev.DevService]
01:05:24.543 [FXGL Background Thread 3 ] DEBUG Engine               - fontGame: Abel-Regular.ttf
01:05:24.543 [FXGL Background Thread 3 ] DEBUG Engine               - fontMono: TerminalLandMono-Regular.otf
01:05:24.543 [FXGL Background Thread 3 ] DEBUG Engine               - fontSizeScaleUI: 1.0
01:05:24.543 [FXGL Background Thread 3 ] DEBUG Engine               - fontText: Courier-Prime.ttf
01:05:24.543 [FXGL Background Thread 3 ] DEBUG Engine               - fontUI: VarelaRound-Regular.ttf
01:05:24.543 [FXGL Background Thread 3 ] DEBUG Engine               - fpsRefreshRate: 500.0 ms
01:05:24.543 [FXGL Background Thread 3 ] DEBUG Engine               - fullScreen: BooleanProperty [value: false]
01:05:24.543 [FXGL Background Thread 3 ] DEBUG Engine               - gameDifficulty: MEDIUM
01:05:24.543 [FXGL Background Thread 3 ] DEBUG Engine               - gameDifficultyProperty: ObjectProperty [value: MEDIUM]
01:05:24.543 [FXGL Background Thread 3 ] DEBUG Engine               - globalMusicVolume: 0.5
01:05:24.543 [FXGL Background Thread 3 ] DEBUG Engine               - globalMusicVolumeProperty: DoubleProperty [value: 0.5]
01:05:24.543 [FXGL Background Thread 3 ] DEBUG Engine               - globalSoundVolume: 0.5
01:05:24.543 [FXGL Background Thread 3 ] DEBUG Engine               - globalSoundVolumeProperty: DoubleProperty [value: 0.5]
01:05:24.543 [FXGL Background Thread 3 ] DEBUG Engine               - height: 720
01:05:24.543 [FXGL Background Thread 3 ] DEBUG Engine               - is3D: false
01:05:24.543 [FXGL Background Thread 3 ] DEBUG Engine               - isAndroid: false
01:05:24.543 [FXGL Background Thread 3 ] DEBUG Engine               - isBrowser: false
01:05:24.543 [FXGL Background Thread 3 ] DEBUG Engine               - isClickFeedbackEnabled: false
01:05:24.543 [FXGL Background Thread 3 ] DEBUG Engine               - isCloseConfirmation: false
01:05:24.543 [FXGL Background Thread 3 ] DEBUG Engine               - isDesktop: true
01:05:24.543 [FXGL Background Thread 3 ] DEBUG Engine               - isDeveloperMenuEnabled: false
01:05:24.543 [FXGL Background Thread 3 ] DEBUG Engine               - isEmbedded: false
01:05:24.543 [FXGL Background Thread 3 ] DEBUG Engine               - isEntityPreloadEnabled: true
01:05:24.543 [FXGL Background Thread 3 ] DEBUG Engine               - isExperimentalTiledLargeMap: false
01:05:24.543 [FXGL Background Thread 3 ] DEBUG Engine               - isFileSystemWriteAllowed: true
01:05:24.543 [FXGL Background Thread 3 ] DEBUG Engine               - isFullScreenAllowed: false
01:05:24.543 [FXGL Background Thread 3 ] DEBUG Engine               - isFullScreenFromStart: false
01:05:24.543 [FXGL Background Thread 3 ] DEBUG Engine               - isGameMenuEnabled: true
01:05:24.543 [FXGL Background Thread 3 ] DEBUG Engine               - isIOS: false
01:05:24.543 [FXGL Background Thread 3 ] DEBUG Engine               - isIntroEnabled: false
01:05:24.543 [FXGL Background Thread 3 ] DEBUG Engine               - isLinux: false
01:05:24.544 [FXGL Background Thread 3 ] DEBUG Engine               - isMac: false
01:05:24.544 [FXGL Background Thread 3 ] DEBUG Engine               - isMainMenuEnabled: true
01:05:24.544 [FXGL Background Thread 3 ] DEBUG Engine               - isManualResizeEnabled: false
01:05:24.544 [FXGL Background Thread 3 ] DEBUG Engine               - isMobile: false
01:05:24.544 [FXGL Background Thread 3 ] DEBUG Engine               - isNative: false
01:05:24.544 [FXGL Background Thread 3 ] DEBUG Engine               - isPauseMusicWhenMinimized: true
01:05:24.544 [FXGL Background Thread 3 ] DEBUG Engine               - isPreserveResizeRatio: false
01:05:24.544 [FXGL Background Thread 3 ] DEBUG Engine               - isProfilingEnabled: false
01:05:24.544 [FXGL Background Thread 3 ] DEBUG Engine               - isScaleAffectedOnResize: true
01:05:24.544 [FXGL Background Thread 3 ] DEBUG Engine               - isSingleStep: false
01:05:24.544 [FXGL Background Thread 3 ] DEBUG Engine               - isUserProfileEnabled: false
01:05:24.544 [FXGL Background Thread 3 ] DEBUG Engine               - isWindows: true
01:05:24.544 [FXGL Background Thread 3 ] DEBUG Engine               - language: ObjectProperty [value: ENGLISH]
01:05:24.544 [FXGL Background Thread 3 ] DEBUG Engine               - menuKey: ESCAPE
01:05:24.544 [FXGL Background Thread 3 ] DEBUG Engine               - mouseSensitivity: 0.2
01:05:24.544 [FXGL Background Thread 3 ] DEBUG Engine               - notificationViewClass: class com.almasb.fxgl.notification.view.XboxNotificationView
01:05:24.544 [FXGL Background Thread 3 ] DEBUG Engine               - pixelsPerMeter: 50.0
01:05:24.544 [FXGL Background Thread 3 ] DEBUG Engine               - platform: WINDOWS
01:05:24.544 [FXGL Background Thread 3 ] DEBUG Engine               - prefHeightProperty: ReadOnlyDoubleProperty [value: 720.0]
01:05:24.544 [FXGL Background Thread 3 ] DEBUG Engine               - prefWidthProperty: ReadOnlyDoubleProperty [value: 1280.0]
01:05:24.544 [FXGL Background Thread 3 ] DEBUG Engine               - profileDir: profiles/
01:05:24.544 [FXGL Background Thread 3 ] DEBUG Engine               - profileName: StringProperty [value: DEFAULT]
01:05:24.544 [FXGL Background Thread 3 ] DEBUG Engine               - randomSeed: -1
01:05:24.545 [FXGL Background Thread 3 ] DEBUG Engine               - runtimeInfo: RuntimeInfo(platform=WINDOWS, version=25, build=05.02.2026 22.57)
01:05:24.545 [FXGL Background Thread 3 ] DEBUG Engine               - saveFileExt: sav
01:05:24.545 [FXGL Background Thread 3 ] DEBUG Engine               - scaledHeightProp$fxgl: DoubleProperty [bound, value: 720.0]
01:05:24.545 [FXGL Background Thread 3 ] DEBUG Engine               - scaledWidthProp$fxgl: DoubleProperty [bound, value: 1280.0]
01:05:24.545 [FXGL Background Thread 3 ] DEBUG Engine               - sceneFactory: org.group1.GamePackage.Factory.MainSceneFactory@79e428da
01:05:24.545 [FXGL Background Thread 3 ] DEBUG Engine               - secondsIn24h: 60
01:05:24.545 [FXGL Background Thread 3 ] DEBUG Engine               - soundMenuBack: menu/back.wav
01:05:24.545 [FXGL Background Thread 3 ] DEBUG Engine               - soundMenuPress: menu/press.wav
01:05:24.545 [FXGL Background Thread 3 ] DEBUG Engine               - soundMenuSelect: menu/select.wav
01:05:24.545 [FXGL Background Thread 3 ] DEBUG Engine               - soundNotification: core/notification.wav
01:05:24.545 [FXGL Background Thread 3 ] DEBUG Engine               - stageStyle: DECORATED
01:05:24.545 [FXGL Background Thread 3 ] DEBUG Engine               - supportedLanguages: [ENGLISH, FRENCH, GERMAN, HUNGARIAN, RUSSIAN]
01:05:24.545 [FXGL Background Thread 3 ] DEBUG Engine               - ticksPerSecond: -1
01:05:24.545 [FXGL Background Thread 3 ] DEBUG Engine               - title: Untitled
01:05:24.545 [FXGL Background Thread 3 ] DEBUG Engine               - urlGithub: https://github.com/AlmasB/FXGL
01:05:24.545 [FXGL Background Thread 3 ] DEBUG Engine               - urlLeaderboard: http://fxgl-top.herokuapp.com/
01:05:24.545 [FXGL Background Thread 3 ] DEBUG Engine               - urlPOM: https://raw.githubusercontent.com/AlmasB/FXGL/release/README.md
01:05:24.546 [FXGL Background Thread 3 ] DEBUG Engine               - userAppClass: class org.group1.GamePackage.Application
01:05:24.546 [FXGL Background Thread 3 ] DEBUG Engine               - version: 0.0
01:05:24.546 [FXGL Background Thread 3 ] DEBUG Engine               - versionCheckDays: 7
01:05:24.546 [FXGL Background Thread 3 ] DEBUG Engine               - width: 1280
01:05:24.546 [FXGL Background Thread 3 ] DEBUG Engine               - Logging services
01:05:24.546 [FXGL Background Thread 3 ] DEBUG Engine               - class com.almasb.fxgl.app.services.FXGLAssetLoaderService
01:05:24.546 [FXGL Background Thread 3 ] DEBUG Engine               - class com.almasb.fxgl.app.FXGLApplication$GameApplicationService
01:05:24.546 [FXGL Background Thread 3 ] DEBUG Engine               - class com.almasb.fxgl.app.services.FXGLDialogService
01:05:24.546 [FXGL Background Thread 3 ] DEBUG Engine               - class com.almasb.fxgl.app.services.IOTaskExecutorService
01:05:24.546 [FXGL Background Thread 3 ] DEBUG Engine               - class com.almasb.fxgl.io.FileSystemService
01:05:24.546 [FXGL Background Thread 3 ] DEBUG Engine               - class com.almasb.fxgl.localization.LocalizationService
01:05:24.546 [FXGL Background Thread 3 ] DEBUG Engine               - class com.almasb.fxgl.app.services.SystemBundleService
01:05:24.546 [FXGL Background Thread 3 ] DEBUG Engine               - class com.almasb.fxgl.profile.SaveLoadService
01:05:24.546 [FXGL Background Thread 3 ] DEBUG Engine               - class com.almasb.fxgl.ui.FXGLUIFactoryServiceProvider
01:05:24.546 [FXGL Background Thread 3 ] DEBUG Engine               - class com.almasb.fxgl.ui.FXGLDialogFactoryServiceProvider
01:05:24.546 [FXGL Background Thread 3 ] DEBUG Engine               - class com.almasb.fxgl.audio.AudioPlayer
01:05:24.546 [FXGL Background Thread 3 ] DEBUG Engine               - class com.almasb.fxgl.notification.impl.NotificationServiceProvider
01:05:24.546 [FXGL Background Thread 3 ] DEBUG Engine               - class com.almasb.fxgl.achievement.AchievementService
01:05:24.546 [FXGL Background Thread 3 ] DEBUG Engine               - class com.almasb.fxgl.cutscene.CutsceneService
01:05:24.546 [FXGL Background Thread 3 ] DEBUG Engine               - class com.almasb.fxgl.minigames.MiniGameService
01:05:24.546 [FXGL Background Thread 3 ] DEBUG Engine               - class com.almasb.fxgl.net.NetService
01:05:24.546 [FXGL Background Thread 3 ] DEBUG Engine               - class com.almasb.fxgl.app.services.UpdaterService
01:05:24.546 [FXGL Background Thread 3 ] DEBUG Engine               - class com.almasb.fxgl.dev.DevService
01:05:42.475 [JavaFX Application Thread] DEBUG FXGLAssetLoaderServi - Loading from file system: file:/C:/Users/Wren/IdeaProjects/GameGame/target/classes/assets/sounds/fah.wav
01:05:44.641 [JavaFX Application Thread] DEBUG FXGLAssetLoaderServi - Loading from file system: file:/C:/Users/Wren/IdeaProjects/GameGame/target/classes/assets/sounds/heart_gain.wav
01:05:45.313 [JavaFX Application Thread] DEBUG FXGLApplication      - Exiting FXGL
01:05:45.313 [JavaFX Application Thread] DEBUG LoopRunner           - Stopping loop
01:05:45.313 [JavaFX Application Thread] DEBUG SystemBundleService  - Saving FXGL system data
01:05:45.314 [JavaFX Application Thread] DEBUG FileSystemAccess     - Writing to: C:\Users\Wren\IdeaProjects\GameGame\system\fxgl.bundle
01:05:45.314 [JavaFX Application Thread] DEBUG Async                - Shutting down background threads
01:05:45.315 [JavaFX Application Thread] DEBUG PrimaryStageWindow   - Closing main window
01:05:45.323 [JavaFX Application Thread] DEBUG Logger               - Closing Logger
