15:50:17.887 [main                     ] DEBUG Logger               - Configured Logger
15:50:17.893 [main                     ] DEBUG GameApplication      - Logging settings
Title: Untitled
Version: 0.0
Width: 800
Height: 600
Fullscreen: false
Intro: false
Profiling: false
Single step:false
App Mode: DEVELOPER
Menu Key: ESCAPE
Stage Style: DECORATED
Scene Factory: class com.almasb.fxgl.app.scene.SceneFactory

15:50:18.089 [JavaFX Application Thread] DEBUG FXGLApplication      - Initializing FXGL
15:50:18.093 [JavaFX Application Thread] INFO  Engine               - FXGL-25 (05.02.2026 22.57) on LINUX (J:25.0.2 FX:21.0.6)
15:50:18.093 [JavaFX Application Thread] DEBUG Engine               - JRE Vendor Name: Arch Linux
15:50:18.093 [JavaFX Application Thread] DEBUG Engine               - Running on OS: Linux version 6.18.9-arch1-2
15:50:18.093 [JavaFX Application Thread] DEBUG Engine               - Architecture: amd64
15:50:18.093 [JavaFX Application Thread] INFO  Engine               - Source code and latest versions at: https://github.com/AlmasB/FXGL
15:50:18.093 [JavaFX Application Thread] INFO  Engine               -       Ask questions and discuss at: https://github.com/AlmasB/FXGL/discussions
15:50:18.173 [JavaFX Application Thread] DEBUG PrimaryStageWindow   - Creating a JavaFX scene
15:50:18.256 [JavaFX Application Thread] DEBUG PrimaryStageWindow   - Target settings size: 800.0 x 600.0
15:50:18.256 [JavaFX Application Thread] DEBUG PrimaryStageWindow   - Scaled scene size:    800.0 x 600.0
15:50:18.256 [JavaFX Application Thread] DEBUG PrimaryStageWindow   - Scaled ratio: (1.0, 1.0)
15:50:18.257 [JavaFX Application Thread] DEBUG PrimaryStageWindow   - Set initial scene to FXGLStartupScene
15:50:18.260 [JavaFX Application Thread] DEBUG PrimaryStageWindow   - Opening main window
15:50:18.324 [JavaFX Application Thread] DEBUG PrimaryStageWindow   - Window border size: (0.0, 35.0)
15:50:18.324 [JavaFX Application Thread] DEBUG PrimaryStageWindow   - Scaled size: 800.0 x 565.0
15:50:18.324 [JavaFX Application Thread] DEBUG PrimaryStageWindow   - Scaled ratio: (1.0, 0.9416666666666667)
15:50:18.324 [JavaFX Application Thread] DEBUG PrimaryStageWindow   - Scene size: 800.0 x 600.0
15:50:18.324 [JavaFX Application Thread] DEBUG PrimaryStageWindow   - Stage size: 800.0 x 600.0
15:50:18.329 [FXGL Background Thread 1 ] DEBUG Engine               - Initializing environment variables
15:50:18.387 [FXGL Background Thread 1 ] DEBUG FXGLAssetLoaderServi - User app class for loading assets: class TestPackage.BasicGameSample
15:50:18.387 [FXGL Background Thread 1 ] DEBUG GameApplicationServi - Applying CSS: fxgl_dark.css
15:50:18.388 [FXGL Background Thread 1 ] DEBUG FXGLAssetLoaderServi - Loading from file system: jar:file:///home/me/.m2/repository/com/github/almasb/fxgl/25/fxgl-25.jar!/fxglassets/ui/css/fxgl_dark.css
15:50:18.432 [FXGL Background Thread 1 ] DEBUG GameApplicationServi - Initializing application scenes
15:50:18.482 [FXGL Background Thread 1 ] DEBUG GameWorld            - Game world initialized
15:50:18.538 [FXGL Background Thread 1 ] DEBUG PhysicsWorld         - Physics world initialized: appHeight=600, physics.ppm=50.0
15:50:18.539 [FXGL Background Thread 1 ] DEBUG PhysicsWorld         - Using strategy: BRUTE_FORCE
15:50:18.545 [FXGL Background Thread 1 ] DEBUG GameScene            - Game scene initialized: 800x600
15:50:18.560 [FXGL Background Thread 1 ] DEBUG FXGL.DefaultMenu     - createMenuBodyGameMenu()
15:50:18.572 [FXGL Background Thread 1 ] DEBUG FXGL.DefaultMenu     - createOptionsMenu()
15:50:18.581 [FXGL Background Thread 1 ] DEBUG FXGLAssetLoaderServi - Loading from file system: jar:file:///home/me/.m2/repository/com/github/almasb/fxgl/25/fxgl-25.jar!/fxglassets/textures/particles/smoke.png
15:50:18.676 [FXGL Background Thread 1 ] DEBUG FXGLAssetLoaderServi - Loading from file system: jar:file:///home/me/.m2/repository/com/github/almasb/fxgl/25/fxgl-25.jar!/fxglassets/textures/particles/trace_horizontal.png
15:50:18.708 [FXGL Background Thread 1 ] DEBUG GameApplicationServi - Application scenes initialized
15:50:18.719 [FXGL Background Thread 1 ] DEBUG SystemBundleService  - Loading FXGL system data
15:50:18.722 [FXGL Background Thread 1 ] DEBUG FileSystemAccess     - Reading from: /home/me/ComProg_Project/system/fxgl.bundle
15:50:18.728 [FXGL Background Thread 1 ] DEBUG SystemBundleService  - Bundle FXGL: {}
15:50:18.728 [FXGL Background Thread 1 ] DEBUG UpdaterService       - Checking for updates
15:50:18.733 [FXGL Background Thread 4 ] DEBUG FXGLApplication      - Loading fonts
15:50:18.734 [FXGL Background Thread 4 ] DEBUG FXGLAssetLoaderServi - Loading from file system: jar:file:///home/me/.m2/repository/com/github/almasb/fxgl/25/fxgl-25.jar!/fxglassets/ui/fonts/VarelaRound-Regular.ttf
15:50:18.734 [FXGL Background Thread 1 ] DEBUG FXGLApplication      - Loading default localization
15:50:18.735 [FXGL Background Thread 1 ] DEBUG FXGLAssetLoaderServi - Loading from file system: jar:file:///home/me/.m2/repository/com/github/almasb/fxgl/25/fxgl-25.jar!/fxglassets/languages/english.lang
15:50:18.743 [FXGL Background Thread 4 ] DEBUG FXGLAssetLoaderServi - Loading from file system: jar:file:///home/me/.m2/repository/com/github/almasb/fxgl/25/fxgl-25.jar!/fxglassets/ui/fonts/Abel-Regular.ttf
15:50:18.744 [FXGL Background Thread 4 ] DEBUG FXGLAssetLoaderServi - Loading from file system: jar:file:///home/me/.m2/repository/com/github/almasb/fxgl/25/fxgl-25.jar!/fxglassets/ui/fonts/TerminalLandMono-Regular.otf
15:50:18.747 [FXGL Background Thread 4 ] DEBUG FXGLAssetLoaderServi - Loading from file system: jar:file:///home/me/.m2/repository/com/github/almasb/fxgl/25/fxgl-25.jar!/fxglassets/ui/fonts/Courier-Prime.ttf
15:50:18.750 [FXGL Background Thread 1 ] INFO  FXGLApplication      - FXGL initialization took: 0.421 sec
15:50:18.751 [JavaFX Application Thread] DEBUG FXGLAssetLoaderServi - Loading from file system: jar:file:///home/me/.m2/repository/com/github/almasb/fxgl/25/fxgl-25.jar!/fxglassets/textures/fxgl_icon.png
15:50:18.776 [JavaFX Application Thread] DEBUG FXGLAssetLoaderServi - Loading from file system: jar:file:///home/me/.m2/repository/com/github/almasb/fxgl/25/fxgl-25.jar!/fxglassets/textures/fxgl_default_cursor.png
15:50:18.789 [JavaFX Application Thread] DEBUG Input                - Registered new binding: Screenshot - CTRL+8
15:50:18.789 [JavaFX Application Thread] DEBUG Input                - Registered new binding: System info dump - CTRL+9
15:50:18.790 [JavaFX Application Thread] DEBUG Input                - Registered new binding: Restart - CTRL+R
15:50:18.791 [JavaFX Application Thread] DEBUG Input                - Registered new binding: Toggle Debug Camera - CTRL+7
15:50:18.793 [JavaFX Application Thread] DEBUG LoopRunner           - Starting loop
15:50:18.793 [JavaFX Application Thread] DEBUG LoopRunner           - Initializing JavaFX AnimationTimerLoop
15:50:18.794 [JavaFX Application Thread] DEBUG GameApplicationServi - Starting new game
15:50:18.795 [JavaFX Application Thread] DEBUG Input                - Clearing active input actions
15:50:18.808 [JavaFX Application Thread] DEBUG GameApplicationServi - Removing overlay from FXGLStartupScene and adding to FXGLLoadingScene
15:50:18.809 [JavaFX Application Thread] DEBUG PrimaryStageWindow   - FXGLStartupScene -> FXGLLoadingScene
15:50:18.809 [JavaFX Application Thread] DEBUG GameApplicationServi - Clearing previous game
15:50:18.809 [JavaFX Application Thread] DEBUG GameScene            - Clearing game scene
15:50:18.809 [JavaFX Application Thread] DEBUG GameWorld            - Clearing game world
15:50:18.809 [JavaFX Application Thread] DEBUG PhysicsWorld         - Clearing physics world
15:50:18.811 [JavaFX Application Thread] DEBUG FXGLApplication      - Registering font factories with UI factory
15:50:18.811 [FXGL Background Thread 4 ] DEBUG FXGLApplication      - Initializing game
15:50:18.827 [FXGL Background Thread 4 ] WARN  FXGLAssetLoaderServi - Asset "/assets/textures/Cuphead_Plane.png" was not found!
15:50:18.827 [FXGL Background Thread 4 ] WARN  FXGLAssetLoaderServi - Failed to load IMAGE
15:50:18.935 [FXGL Background Thread 4 ] INFO  FXGLApplication      - Game initialization took: 0.124 sec
15:50:18.938 [JavaFX Application Thread] DEBUG Input                - Clearing active input actions
15:50:18.948 [JavaFX Application Thread] DEBUG GameApplicationServi - Removing overlay from FXGLLoadingScene and adding to GameScene
15:50:18.949 [JavaFX Application Thread] DEBUG PrimaryStageWindow   - FXGLLoadingScene -> GameScene
15:50:19.483 [JavaFX Application Thread] DEBUG FXGLApplication      - Exiting FXGL
15:50:19.483 [JavaFX Application Thread] DEBUG LoopRunner           - Stopping loop
15:50:19.483 [JavaFX Application Thread] DEBUG SystemBundleService  - Saving FXGL system data
15:50:19.486 [JavaFX Application Thread] DEBUG FileSystemAccess     - Writing to: /home/me/ComProg_Project/system/fxgl.bundle
15:50:19.489 [JavaFX Application Thread] DEBUG Async                - Shutting down background threads
15:50:19.489 [JavaFX Application Thread] DEBUG PrimaryStageWindow   - Closing main window
15:50:19.495 [JavaFX Application Thread] DEBUG Logger               - Closing Logger
