13:54:37.674 [main                     ] DEBUG Logger               - Configured Logger
13:54:37.681 [main                     ] DEBUG GameApplication      - Logging settings
Title: Untitled
Version: 0.0
Width: 1280
Height: 720
Fullscreen: false
Intro: false
Profiling: false
Single step:false
App Mode: DEVELOPER
Menu Key: ESCAPE
Stage Style: DECORATED
Scene Factory: class com.almasb.fxgl.app.scene.SceneFactory

13:54:37.875 [JavaFX Application Thread] DEBUG FXGLApplication      - Initializing FXGL
13:54:37.878 [JavaFX Application Thread] INFO  Engine               - FXGL-25 (05.02.2026 22.57) on LINUX (J:25.0.2 FX:21.0.6)
13:54:37.878 [JavaFX Application Thread] DEBUG Engine               - JRE Vendor Name: Arch Linux
13:54:37.878 [JavaFX Application Thread] DEBUG Engine               - Running on OS: Linux version 6.18.9-arch1-2
13:54:37.878 [JavaFX Application Thread] DEBUG Engine               - Architecture: amd64
13:54:37.879 [JavaFX Application Thread] INFO  Engine               - Source code and latest versions at: https://github.com/AlmasB/FXGL
13:54:37.879 [JavaFX Application Thread] INFO  Engine               -       Ask questions and discuss at: https://github.com/AlmasB/FXGL/discussions
13:54:37.951 [JavaFX Application Thread] DEBUG PrimaryStageWindow   - Creating a JavaFX scene
13:54:38.033 [JavaFX Application Thread] DEBUG PrimaryStageWindow   - Target settings size: 1280.0 x 720.0
13:54:38.033 [JavaFX Application Thread] DEBUG PrimaryStageWindow   - Scaled scene size:    1280.0 x 720.0
13:54:38.033 [JavaFX Application Thread] DEBUG PrimaryStageWindow   - Scaled ratio: (1.0, 1.0)
13:54:38.034 [JavaFX Application Thread] DEBUG PrimaryStageWindow   - Set initial scene to FXGLStartupScene
13:54:38.037 [JavaFX Application Thread] DEBUG PrimaryStageWindow   - Opening main window
13:54:38.101 [JavaFX Application Thread] DEBUG PrimaryStageWindow   - Window border size: (0.0, 35.0)
13:54:38.102 [JavaFX Application Thread] DEBUG PrimaryStageWindow   - Scaled size: 1280.0 x 685.0
13:54:38.102 [JavaFX Application Thread] DEBUG PrimaryStageWindow   - Scaled ratio: (1.0, 0.9513888888888888)
13:54:38.102 [JavaFX Application Thread] DEBUG PrimaryStageWindow   - Scene size: 1280.0 x 720.0
13:54:38.102 [JavaFX Application Thread] DEBUG PrimaryStageWindow   - Stage size: 1280.0 x 720.0
13:54:38.107 [FXGL Background Thread 1 ] DEBUG Engine               - Initializing environment variables
13:54:38.176 [FXGL Background Thread 1 ] DEBUG FXGLAssetLoaderServi - User app class for loading assets: class TestPackage.BasicGameSample
13:54:38.176 [FXGL Background Thread 1 ] DEBUG GameApplicationServi - Applying CSS: fxgl_dark.css
13:54:38.177 [FXGL Background Thread 1 ] DEBUG FXGLAssetLoaderServi - Loading from file system: jar:file:///home/me/.m2/repository/com/github/almasb/fxgl/25/fxgl-25.jar!/fxglassets/ui/css/fxgl_dark.css
13:54:38.229 [FXGL Background Thread 1 ] DEBUG GameApplicationServi - Initializing application scenes
13:54:38.275 [FXGL Background Thread 1 ] DEBUG GameWorld            - Game world initialized
13:54:38.324 [FXGL Background Thread 1 ] DEBUG PhysicsWorld         - Physics world initialized: appHeight=720, physics.ppm=50.0
13:54:38.324 [FXGL Background Thread 1 ] DEBUG PhysicsWorld         - Using strategy: BRUTE_FORCE
13:54:38.328 [FXGL Background Thread 1 ] DEBUG GameScene            - Game scene initialized: 1280x720
13:54:38.341 [FXGL Background Thread 1 ] DEBUG FXGL.DefaultMenu     - createMenuBodyGameMenu()
13:54:38.355 [FXGL Background Thread 1 ] DEBUG FXGL.DefaultMenu     - createOptionsMenu()
13:54:38.365 [FXGL Background Thread 1 ] DEBUG FXGLAssetLoaderServi - Loading from file system: jar:file:///home/me/.m2/repository/com/github/almasb/fxgl/25/fxgl-25.jar!/fxglassets/textures/particles/smoke.png
13:54:38.449 [FXGL Background Thread 1 ] DEBUG FXGLAssetLoaderServi - Loading from file system: jar:file:///home/me/.m2/repository/com/github/almasb/fxgl/25/fxgl-25.jar!/fxglassets/textures/particles/trace_horizontal.png
13:54:38.476 [FXGL Background Thread 1 ] DEBUG GameApplicationServi - Application scenes initialized
13:54:38.488 [FXGL Background Thread 1 ] DEBUG SystemBundleService  - Loading FXGL system data
13:54:38.491 [FXGL Background Thread 1 ] DEBUG FileSystemAccess     - Reading from: /home/me/ComProg_Project/system/fxgl.bundle
13:54:38.498 [FXGL Background Thread 1 ] DEBUG SystemBundleService  - Bundle FXGL: {}
13:54:38.498 [FXGL Background Thread 1 ] DEBUG UpdaterService       - Checking for updates
13:54:38.504 [FXGL Background Thread 4 ] DEBUG FXGLApplication      - Loading fonts
13:54:38.504 [FXGL Background Thread 4 ] DEBUG FXGLAssetLoaderServi - Loading from file system: jar:file:///home/me/.m2/repository/com/github/almasb/fxgl/25/fxgl-25.jar!/fxglassets/ui/fonts/VarelaRound-Regular.ttf
13:54:38.505 [FXGL Background Thread 1 ] DEBUG FXGLApplication      - Loading default localization
13:54:38.505 [FXGL Background Thread 1 ] DEBUG FXGLAssetLoaderServi - Loading from file system: jar:file:///home/me/.m2/repository/com/github/almasb/fxgl/25/fxgl-25.jar!/fxglassets/languages/english.lang
13:54:38.512 [FXGL Background Thread 4 ] DEBUG FXGLAssetLoaderServi - Loading from file system: jar:file:///home/me/.m2/repository/com/github/almasb/fxgl/25/fxgl-25.jar!/fxglassets/ui/fonts/Abel-Regular.ttf
13:54:38.515 [FXGL Background Thread 4 ] DEBUG FXGLAssetLoaderServi - Loading from file system: jar:file:///home/me/.m2/repository/com/github/almasb/fxgl/25/fxgl-25.jar!/fxglassets/ui/fonts/TerminalLandMono-Regular.otf
13:54:38.517 [FXGL Background Thread 4 ] DEBUG FXGLAssetLoaderServi - Loading from file system: jar:file:///home/me/.m2/repository/com/github/almasb/fxgl/25/fxgl-25.jar!/fxglassets/ui/fonts/Courier-Prime.ttf
13:54:38.518 [FXGL Background Thread 1 ] INFO  FXGLApplication      - FXGL initialization took: 0.410 sec
13:54:38.527 [JavaFX Application Thread] DEBUG Input                - Registered new binding: Shoot - Q
13:54:38.528 [JavaFX Application Thread] DEBUG Input                - Registered new binding: Move up - W
13:54:38.528 [JavaFX Application Thread] DEBUG Input                - Registered new binding: Move down - S
13:54:38.528 [JavaFX Application Thread] DEBUG Input                - Registered new binding: Move left - A
13:54:38.528 [JavaFX Application Thread] DEBUG Input                - Registered new binding: Move right - D
13:54:38.529 [JavaFX Application Thread] DEBUG FXGLAssetLoaderServi - Loading from file system: jar:file:///home/me/.m2/repository/com/github/almasb/fxgl/25/fxgl-25.jar!/fxglassets/textures/fxgl_icon.png
13:54:38.553 [JavaFX Application Thread] DEBUG FXGLAssetLoaderServi - Loading from file system: jar:file:///home/me/.m2/repository/com/github/almasb/fxgl/25/fxgl-25.jar!/fxglassets/textures/fxgl_default_cursor.png
13:54:38.555 [JavaFX Application Thread] DEBUG Input                - Registered new binding: Screenshot - CTRL+8
13:54:38.555 [JavaFX Application Thread] DEBUG Input                - Registered new binding: System info dump - CTRL+9
13:54:38.555 [JavaFX Application Thread] DEBUG Input                - Registered new binding: Restart - CTRL+R
13:54:38.556 [JavaFX Application Thread] DEBUG Input                - Registered new binding: Toggle Debug Camera - CTRL+7
13:54:38.558 [JavaFX Application Thread] DEBUG LoopRunner           - Starting loop
13:54:38.558 [JavaFX Application Thread] DEBUG LoopRunner           - Initializing JavaFX AnimationTimerLoop
13:54:38.559 [JavaFX Application Thread] DEBUG GameApplicationServi - Starting new game
13:54:38.560 [JavaFX Application Thread] DEBUG Input                - Clearing active input actions
13:54:38.573 [JavaFX Application Thread] DEBUG GameApplicationServi - Removing overlay from FXGLStartupScene and adding to FXGLLoadingScene
13:54:38.573 [JavaFX Application Thread] DEBUG PrimaryStageWindow   - FXGLStartupScene -> FXGLLoadingScene
13:54:38.573 [JavaFX Application Thread] DEBUG GameApplicationServi - Clearing previous game
13:54:38.573 [JavaFX Application Thread] DEBUG GameScene            - Clearing game scene
13:54:38.573 [JavaFX Application Thread] DEBUG GameWorld            - Clearing game world
13:54:38.573 [JavaFX Application Thread] DEBUG PhysicsWorld         - Clearing physics world
13:54:38.575 [JavaFX Application Thread] DEBUG FXGLApplication      - Registering font factories with UI factory
13:54:38.575 [FXGL Background Thread 4 ] DEBUG FXGLApplication      - Initializing game
13:54:38.588 [FXGL Background Thread 4 ] DEBUG FXGLAssetLoaderServi - Loading from file system: file:/home/me/ComProg_Project/target/classes/assets/textures/idle_sprite.png
13:54:38.600 [FXGL Background Thread 4 ] DEBUG FXGLAssetLoaderServi - Loading from file system: file:/home/me/ComProg_Project/target/classes/assets/textures/down_sprite.png
13:54:38.609 [FXGL Background Thread 4 ] DEBUG FXGLAssetLoaderServi - Loading from file system: file:/home/me/ComProg_Project/target/classes/assets/textures/up_sprite.png
13:54:38.639 [FXGL Background Thread 4 ] INFO  FXGLApplication      - Game initialization took: 0.065 sec
13:54:38.703 [JavaFX Application Thread] DEBUG Input                - Clearing active input actions
13:54:38.711 [JavaFX Application Thread] DEBUG GameApplicationServi - Removing overlay from FXGLLoadingScene and adding to GameScene
13:54:38.711 [JavaFX Application Thread] DEBUG PrimaryStageWindow   - FXGLLoadingScene -> GameScene
13:54:41.501 [FXGL Background Thread 3 ] DEBUG Engine               - Logging environment variables
13:54:41.503 [FXGL Background Thread 3 ] DEBUG Engine               - achievements: []
13:54:41.503 [FXGL Background Thread 3 ] DEBUG Engine               - actualHeight: 685.0
13:54:41.504 [FXGL Background Thread 3 ] DEBUG Engine               - actualHeightProperty: ReadOnlyDoubleProperty [value: 685.0]
13:54:41.504 [FXGL Background Thread 3 ] DEBUG Engine               - actualWidth: 1280.0
13:54:41.504 [FXGL Background Thread 3 ] DEBUG Engine               - actualWidthProperty: ReadOnlyDoubleProperty [value: 1280.0]
13:54:41.505 [FXGL Background Thread 3 ] DEBUG Engine               - appIcon: fxgl_icon.png
13:54:41.505 [FXGL Background Thread 3 ] DEBUG Engine               - applicationMode: DEVELOPER
13:54:41.505 [FXGL Background Thread 3 ] DEBUG Engine               - cSSList: [fxgl_dark.css]
13:54:41.506 [FXGL Background Thread 3 ] DEBUG Engine               - collisionDetectionStrategy: BRUTE_FORCE
13:54:41.506 [FXGL Background Thread 3 ] DEBUG Engine               - configClass: Optional.empty
13:54:41.506 [FXGL Background Thread 3 ] DEBUG Engine               - credits: []
13:54:41.507 [FXGL Background Thread 3 ] DEBUG Engine               - defaultCursor: CursorInfo(imageName=fxgl_default_cursor.png, hotspotX=7.0, hotspotY=6.0)
13:54:41.507 [FXGL Background Thread 3 ] DEBUG Engine               - devBBoxColorProperty: ObjectProperty [value: 0xff0000ff]
13:54:41.508 [FXGL Background Thread 3 ] DEBUG Engine               - devEnableDebugCameraProperty: BooleanProperty [value: false]
13:54:41.508 [FXGL Background Thread 3 ] DEBUG Engine               - devSensorColorProperty: ObjectProperty [value: 0xffff00ff]
13:54:41.508 [FXGL Background Thread 3 ] DEBUG Engine               - devShowBBoxProperty: BooleanProperty [value: false]
13:54:41.508 [FXGL Background Thread 3 ] DEBUG Engine               - devShowPositionProperty: BooleanProperty [value: false]
13:54:41.509 [FXGL Background Thread 3 ] DEBUG Engine               - enabledMenuItems: []
13:54:41.509 [FXGL Background Thread 3 ] DEBUG Engine               - engineServices: [class com.almasb.fxgl.app.services.FXGLAssetLoaderService, class com.almasb.fxgl.app.FXGLApplication$GameApplicationService, class com.almasb.fxgl.app.services.FXGLDialogService, class com.almasb.fxgl.app.services.IOTaskExecutorService, class com.almasb.fxgl.io.FileSystemService, class com.almasb.fxgl.localization.LocalizationService, class com.almasb.fxgl.app.services.SystemBundleService, class com.almasb.fxgl.profile.SaveLoadService, class com.almasb.fxgl.ui.FXGLUIFactoryServiceProvider, class com.almasb.fxgl.ui.FXGLDialogFactoryServiceProvider, class com.almasb.fxgl.audio.AudioPlayer, class com.almasb.fxgl.notification.impl.NotificationServiceProvider, class com.almasb.fxgl.achievement.AchievementService, class com.almasb.fxgl.cutscene.CutsceneService, class com.almasb.fxgl.minigames.MiniGameService, class com.almasb.fxgl.net.NetService, class com.almasb.fxgl.app.services.UpdaterService, class com.almasb.fxgl.dev.DevService]
13:54:41.509 [FXGL Background Thread 3 ] DEBUG Engine               - fontGame: Abel-Regular.ttf
13:54:41.509 [FXGL Background Thread 3 ] DEBUG Engine               - fontMono: TerminalLandMono-Regular.otf
13:54:41.510 [FXGL Background Thread 3 ] DEBUG Engine               - fontSizeScaleUI: 1.0
13:54:41.510 [FXGL Background Thread 3 ] DEBUG Engine               - fontText: Courier-Prime.ttf
13:54:41.510 [FXGL Background Thread 3 ] DEBUG Engine               - fontUI: VarelaRound-Regular.ttf
13:54:41.511 [FXGL Background Thread 3 ] DEBUG Engine               - fpsRefreshRate: 500.0 ms
13:54:41.511 [FXGL Background Thread 3 ] DEBUG Engine               - fullScreen: BooleanProperty [value: false]
13:54:41.511 [FXGL Background Thread 3 ] DEBUG Engine               - gameDifficulty: MEDIUM
13:54:41.512 [FXGL Background Thread 3 ] DEBUG Engine               - gameDifficultyProperty: ObjectProperty [value: MEDIUM]
13:54:41.512 [FXGL Background Thread 3 ] DEBUG Engine               - globalMusicVolume: 0.5
13:54:41.512 [FXGL Background Thread 3 ] DEBUG Engine               - globalMusicVolumeProperty: DoubleProperty [value: 0.5]
13:54:41.512 [FXGL Background Thread 3 ] DEBUG Engine               - globalSoundVolume: 0.5
13:54:41.513 [FXGL Background Thread 3 ] DEBUG Engine               - globalSoundVolumeProperty: DoubleProperty [value: 0.5]
13:54:41.513 [FXGL Background Thread 3 ] DEBUG Engine               - height: 720
13:54:41.513 [FXGL Background Thread 3 ] DEBUG Engine               - is3D: false
13:54:41.513 [FXGL Background Thread 3 ] DEBUG Engine               - isAndroid: false
13:54:41.514 [FXGL Background Thread 3 ] DEBUG Engine               - isBrowser: false
13:54:41.514 [FXGL Background Thread 3 ] DEBUG Engine               - isClickFeedbackEnabled: false
13:54:41.514 [FXGL Background Thread 3 ] DEBUG Engine               - isCloseConfirmation: false
13:54:41.515 [FXGL Background Thread 3 ] DEBUG Engine               - isDesktop: true
13:54:41.515 [FXGL Background Thread 3 ] DEBUG Engine               - isDeveloperMenuEnabled: false
13:54:41.515 [FXGL Background Thread 3 ] DEBUG Engine               - isEmbedded: false
13:54:41.515 [FXGL Background Thread 3 ] DEBUG Engine               - isEntityPreloadEnabled: true
13:54:41.515 [FXGL Background Thread 3 ] DEBUG Engine               - isExperimentalTiledLargeMap: false
13:54:41.516 [FXGL Background Thread 3 ] DEBUG Engine               - isFileSystemWriteAllowed: true
13:54:41.516 [FXGL Background Thread 3 ] DEBUG Engine               - isFullScreenAllowed: false
13:54:41.516 [FXGL Background Thread 3 ] DEBUG Engine               - isFullScreenFromStart: false
13:54:41.516 [FXGL Background Thread 3 ] DEBUG Engine               - isGameMenuEnabled: true
13:54:41.517 [FXGL Background Thread 3 ] DEBUG Engine               - isIOS: false
13:54:41.517 [FXGL Background Thread 3 ] DEBUG Engine               - isIntroEnabled: false
13:54:41.517 [FXGL Background Thread 3 ] DEBUG Engine               - isLinux: true
13:54:41.517 [FXGL Background Thread 3 ] DEBUG Engine               - isMac: false
13:54:41.517 [FXGL Background Thread 3 ] DEBUG Engine               - isMainMenuEnabled: false
13:54:41.518 [FXGL Background Thread 3 ] DEBUG Engine               - isManualResizeEnabled: false
13:54:41.518 [FXGL Background Thread 3 ] DEBUG Engine               - isMobile: false
13:54:41.518 [FXGL Background Thread 3 ] DEBUG Engine               - isNative: false
13:54:41.518 [FXGL Background Thread 3 ] DEBUG Engine               - isPauseMusicWhenMinimized: true
13:54:41.519 [FXGL Background Thread 3 ] DEBUG Engine               - isPreserveResizeRatio: false
13:54:41.519 [FXGL Background Thread 3 ] DEBUG Engine               - isProfilingEnabled: false
13:54:41.519 [FXGL Background Thread 3 ] DEBUG Engine               - isScaleAffectedOnResize: true
13:54:41.519 [FXGL Background Thread 3 ] DEBUG Engine               - isSingleStep: false
13:54:41.519 [FXGL Background Thread 3 ] DEBUG Engine               - isUserProfileEnabled: false
13:54:41.519 [FXGL Background Thread 3 ] DEBUG Engine               - isWindows: false
13:54:41.520 [FXGL Background Thread 3 ] DEBUG Engine               - language: ObjectProperty [value: ENGLISH]
13:54:41.520 [FXGL Background Thread 3 ] DEBUG Engine               - menuKey: ESCAPE
13:54:41.520 [FXGL Background Thread 3 ] DEBUG Engine               - mouseSensitivity: 0.2
13:54:41.520 [FXGL Background Thread 3 ] DEBUG Engine               - notificationViewClass: class com.almasb.fxgl.notification.view.XboxNotificationView
13:54:41.521 [FXGL Background Thread 3 ] DEBUG Engine               - pixelsPerMeter: 50.0
13:54:41.521 [FXGL Background Thread 3 ] DEBUG Engine               - platform: LINUX
13:54:41.521 [FXGL Background Thread 3 ] DEBUG Engine               - prefHeightProperty: ReadOnlyDoubleProperty [value: 720.0]
13:54:41.521 [FXGL Background Thread 3 ] DEBUG Engine               - prefWidthProperty: ReadOnlyDoubleProperty [value: 1280.0]
13:54:41.521 [FXGL Background Thread 3 ] DEBUG Engine               - profileDir: profiles/
13:54:41.522 [FXGL Background Thread 3 ] DEBUG Engine               - profileName: StringProperty [value: DEFAULT]
13:54:41.522 [FXGL Background Thread 3 ] DEBUG Engine               - randomSeed: -1
13:54:41.523 [FXGL Background Thread 3 ] DEBUG Engine               - runtimeInfo: RuntimeInfo(platform=LINUX, version=25, build=05.02.2026 22.57)
13:54:41.523 [FXGL Background Thread 3 ] DEBUG Engine               - saveFileExt: sav
13:54:41.523 [FXGL Background Thread 3 ] DEBUG Engine               - scaledHeightProp$fxgl: DoubleProperty [bound, value: 685.0]
13:54:41.523 [FXGL Background Thread 3 ] DEBUG Engine               - scaledWidthProp$fxgl: DoubleProperty [bound, value: 1280.0]
13:54:41.523 [FXGL Background Thread 3 ] DEBUG Engine               - sceneFactory: com.almasb.fxgl.app.scene.SceneFactory@14e0faec
13:54:41.524 [FXGL Background Thread 3 ] DEBUG Engine               - secondsIn24h: 60
13:54:41.524 [FXGL Background Thread 3 ] DEBUG Engine               - soundMenuBack: menu/back.wav
13:54:41.524 [FXGL Background Thread 3 ] DEBUG Engine               - soundMenuPress: menu/press.wav
13:54:41.524 [FXGL Background Thread 3 ] DEBUG Engine               - soundMenuSelect: menu/select.wav
13:54:41.524 [FXGL Background Thread 3 ] DEBUG Engine               - soundNotification: core/notification.wav
13:54:41.524 [FXGL Background Thread 3 ] DEBUG Engine               - stageStyle: DECORATED
13:54:41.524 [FXGL Background Thread 3 ] DEBUG Engine               - supportedLanguages: [ENGLISH, FRENCH, GERMAN, HUNGARIAN, RUSSIAN]
13:54:41.524 [FXGL Background Thread 3 ] DEBUG Engine               - ticksPerSecond: -1
13:54:41.525 [FXGL Background Thread 3 ] DEBUG Engine               - title: Untitled
13:54:41.525 [FXGL Background Thread 3 ] DEBUG Engine               - urlGithub: https://github.com/AlmasB/FXGL
13:54:41.525 [FXGL Background Thread 3 ] DEBUG Engine               - urlLeaderboard: http://fxgl-top.herokuapp.com/
13:54:41.525 [FXGL Background Thread 3 ] DEBUG Engine               - urlPOM: https://raw.githubusercontent.com/AlmasB/FXGL/release/README.md
13:54:41.525 [FXGL Background Thread 3 ] DEBUG Engine               - userAppClass: class TestPackage.BasicGameSample
13:54:41.525 [FXGL Background Thread 3 ] DEBUG Engine               - version: 0.0
13:54:41.526 [FXGL Background Thread 3 ] DEBUG Engine               - versionCheckDays: 7
13:54:41.526 [FXGL Background Thread 3 ] DEBUG Engine               - width: 1280
13:54:41.526 [FXGL Background Thread 3 ] DEBUG Engine               - Logging services
13:54:41.526 [FXGL Background Thread 3 ] DEBUG Engine               - class com.almasb.fxgl.app.services.FXGLAssetLoaderService
13:54:41.526 [FXGL Background Thread 3 ] DEBUG Engine               - class com.almasb.fxgl.app.FXGLApplication$GameApplicationService
13:54:41.526 [FXGL Background Thread 3 ] DEBUG Engine               - class com.almasb.fxgl.app.services.FXGLDialogService
13:54:41.526 [FXGL Background Thread 3 ] DEBUG Engine               - class com.almasb.fxgl.app.services.IOTaskExecutorService
13:54:41.527 [FXGL Background Thread 3 ] DEBUG Engine               - class com.almasb.fxgl.io.FileSystemService
13:54:41.527 [FXGL Background Thread 3 ] DEBUG Engine               - class com.almasb.fxgl.localization.LocalizationService
13:54:41.527 [FXGL Background Thread 3 ] DEBUG Engine               - class com.almasb.fxgl.app.services.SystemBundleService
13:54:41.527 [FXGL Background Thread 3 ] DEBUG Engine               - class com.almasb.fxgl.profile.SaveLoadService
13:54:41.527 [FXGL Background Thread 3 ] DEBUG Engine               - class com.almasb.fxgl.ui.FXGLUIFactoryServiceProvider
13:54:41.527 [FXGL Background Thread 3 ] DEBUG Engine               - class com.almasb.fxgl.ui.FXGLDialogFactoryServiceProvider
13:54:41.527 [FXGL Background Thread 3 ] DEBUG Engine               - class com.almasb.fxgl.audio.AudioPlayer
13:54:41.527 [FXGL Background Thread 3 ] DEBUG Engine               - class com.almasb.fxgl.notification.impl.NotificationServiceProvider
13:54:41.527 [FXGL Background Thread 3 ] DEBUG Engine               - class com.almasb.fxgl.achievement.AchievementService
13:54:41.527 [FXGL Background Thread 3 ] DEBUG Engine               - class com.almasb.fxgl.cutscene.CutsceneService
13:54:41.528 [FXGL Background Thread 3 ] DEBUG Engine               - class com.almasb.fxgl.minigames.MiniGameService
13:54:41.528 [FXGL Background Thread 3 ] DEBUG Engine               - class com.almasb.fxgl.net.NetService
13:54:41.528 [FXGL Background Thread 3 ] DEBUG Engine               - class com.almasb.fxgl.app.services.UpdaterService
13:54:41.528 [FXGL Background Thread 3 ] DEBUG Engine               - class com.almasb.fxgl.dev.DevService
13:54:53.297 [JavaFX Application Thread] DEBUG FXGLApplication      - Exiting FXGL
13:54:53.297 [JavaFX Application Thread] DEBUG LoopRunner           - Stopping loop
13:54:53.297 [JavaFX Application Thread] DEBUG SystemBundleService  - Saving FXGL system data
13:54:53.299 [JavaFX Application Thread] DEBUG FileSystemAccess     - Writing to: /home/me/ComProg_Project/system/fxgl.bundle
13:54:53.301 [JavaFX Application Thread] DEBUG Async                - Shutting down background threads
13:54:53.301 [JavaFX Application Thread] DEBUG PrimaryStageWindow   - Closing main window
13:54:53.305 [JavaFX Application Thread] DEBUG Logger               - Closing Logger
