21:22:31.400 [main                     ] DEBUG Logger               - Configured Logger
21:22:31.408 [main                     ] DEBUG GameApplication      - Logging settings
Title: Untitled
Version: 0.0
Width: 1280
Height: 720
Fullscreen: false
Intro: false
Profiling: false
Single step:false
App Mode: DEVELOPER
Menu Key: ESCAPE
Stage Style: DECORATED
Scene Factory: class org.group1.GamePackage.Factory.MainSceneFactory

21:22:32.743 [JavaFX Application Thread] DEBUG FXGLApplication      - Initializing FXGL
21:22:32.747 [JavaFX Application Thread] INFO  Engine               - FXGL-25 (05.02.2026 22.57) on WINDOWS (J:25.0.2 FX:21.0.6)
21:22:32.748 [JavaFX Application Thread] DEBUG Engine               - JRE Vendor Name: Oracle Corporation
21:22:32.748 [JavaFX Application Thread] DEBUG Engine               - Running on OS: Windows 11 version 10.0
21:22:32.748 [JavaFX Application Thread] DEBUG Engine               - Architecture: amd64
21:22:32.748 [JavaFX Application Thread] INFO  Engine               - Source code and latest versions at: https://github.com/AlmasB/FXGL
21:22:32.748 [JavaFX Application Thread] INFO  Engine               -       Ask questions and discuss at: https://github.com/AlmasB/FXGL/discussions
21:22:32.853 [JavaFX Application Thread] DEBUG PrimaryStageWindow   - Creating a JavaFX scene
21:22:32.903 [JavaFX Application Thread] DEBUG PrimaryStageWindow   - Target settings size: 1280.0 x 720.0
21:22:32.904 [JavaFX Application Thread] DEBUG PrimaryStageWindow   - Scaled scene size:    1280.0 x 720.0
21:22:32.904 [JavaFX Application Thread] DEBUG PrimaryStageWindow   - Scaled ratio: (1.0, 1.0)
21:22:32.904 [JavaFX Application Thread] DEBUG PrimaryStageWindow   - Set initial scene to FXGLStartupScene
21:22:32.909 [JavaFX Application Thread] DEBUG PrimaryStageWindow   - Opening main window
21:22:33.030 [JavaFX Application Thread] DEBUG PrimaryStageWindow   - Window border size: (16.0, 39.0)
21:22:33.030 [JavaFX Application Thread] DEBUG PrimaryStageWindow   - Scaled size: 1280.0 x 720.0
21:22:33.030 [JavaFX Application Thread] DEBUG PrimaryStageWindow   - Scaled ratio: (1.0, 1.0)
21:22:33.030 [JavaFX Application Thread] DEBUG PrimaryStageWindow   - Scene size: 1280.0 x 720.0
21:22:33.030 [JavaFX Application Thread] DEBUG PrimaryStageWindow   - Stage size: 1296.0 x 759.0
21:22:33.037 [FXGL Background Thread 1 ] DEBUG Engine               - Initializing environment variables
21:22:33.093 [FXGL Background Thread 1 ] DEBUG FXGLAssetLoaderServi - User app class for loading assets: class org.group1.GamePackage.Application
21:22:33.093 [FXGL Background Thread 1 ] DEBUG GameApplicationServi - Applying CSS: fxgl_dark.css
21:22:33.094 [FXGL Background Thread 1 ] DEBUG FXGLAssetLoaderServi - Loading from file system: jar:file:///C:/Users/Wren/.m2/repository/com/github/almasb/fxgl/25/fxgl-25.jar!/fxglassets/ui/css/fxgl_dark.css
21:22:33.131 [FXGL Background Thread 1 ] DEBUG GameApplicationServi - Initializing application scenes
21:22:33.136 [FXGL Background Thread 1 ] DEBUG FXGLAssetLoaderServi - Loading from file system: file:/C:/Users/Wren/IdeaProjects/GameGame/target/classes/assets/textures/background.png
21:22:33.244 [FXGL Background Thread 1 ] DEBUG FXGLAssetLoaderServi - Loading from file system: file:/C:/Users/Wren/IdeaProjects/GameGame/target/classes/assets/textures/background_stars1.png
21:22:33.289 [FXGL Background Thread 1 ] DEBUG FXGLAssetLoaderServi - Loading from file system: file:/C:/Users/Wren/IdeaProjects/GameGame/target/classes/assets/textures/background_stars2.png
21:22:33.338 [FXGL Background Thread 1 ] DEBUG FXGLAssetLoaderServi - Loading from file system: file:/C:/Users/Wren/IdeaProjects/GameGame/target/classes/assets/textures/background_stars3.png
21:22:33.367 [FXGL Background Thread 1 ] DEBUG FXGLAssetLoaderServi - Loading from file system: file:/C:/Users/Wren/IdeaProjects/GameGame/target/classes/assets/textures/background_cloud1.png
21:22:33.375 [FXGL Background Thread 1 ] DEBUG FXGLAssetLoaderServi - Loading from file system: file:/C:/Users/Wren/IdeaProjects/GameGame/target/classes/assets/textures/background_cloud2.png
21:22:33.387 [FXGL Background Thread 1 ] DEBUG FXGLAssetLoaderServi - Loading from file system: file:/C:/Users/Wren/IdeaProjects/GameGame/target/classes/assets/textures/background_mist1.png
21:22:33.398 [FXGL Background Thread 1 ] DEBUG FXGLAssetLoaderServi - Loading from file system: file:/C:/Users/Wren/IdeaProjects/GameGame/target/classes/assets/textures/background_hills.png
21:22:33.417 [FXGL Background Thread 1 ] DEBUG FXGLAssetLoaderServi - Loading from file system: file:/C:/Users/Wren/IdeaProjects/GameGame/target/classes/assets/textures/background_forest.png
21:22:33.430 [FXGL Background Thread 1 ] DEBUG FXGLAssetLoaderServi - Loading from file system: file:/C:/Users/Wren/IdeaProjects/GameGame/target/classes/assets/textures/background_large_forest.png
21:22:33.508 [FXGL Background Thread 1 ] DEBUG GameWorld            - Game world initialized
21:22:33.552 [FXGL Background Thread 1 ] DEBUG PhysicsWorld         - Physics world initialized: appHeight=720, physics.ppm=50.0
21:22:33.552 [FXGL Background Thread 1 ] DEBUG PhysicsWorld         - Using strategy: BRUTE_FORCE
21:22:33.556 [FXGL Background Thread 1 ] DEBUG GameScene            - Game scene initialized: 1280x720
21:22:33.818 [FXGL Background Thread 1 ] DEBUG GameApplicationServi - Application scenes initialized
21:22:33.824 [FXGL Background Thread 1 ] DEBUG SystemBundleService  - Loading FXGL system data
21:22:33.824 [FXGL Background Thread 1 ] DEBUG FileSystemAccess     - Reading from: C:\Users\Wren\IdeaProjects\GameGame\system\fxgl.bundle
21:22:33.826 [FXGL Background Thread 1 ] DEBUG SystemBundleService  - Bundle FXGL: {}
21:22:33.826 [FXGL Background Thread 1 ] DEBUG UpdaterService       - Checking for updates
21:22:33.830 [FXGL Background Thread 4 ] DEBUG FXGLApplication      - Loading fonts
21:22:33.830 [FXGL Background Thread 1 ] DEBUG FXGLApplication      - Loading default localization
21:22:33.830 [FXGL Background Thread 4 ] DEBUG FXGLAssetLoaderServi - Loading from file system: jar:file:///C:/Users/Wren/.m2/repository/com/github/almasb/fxgl/25/fxgl-25.jar!/fxglassets/ui/fonts/VarelaRound-Regular.ttf
21:22:33.830 [FXGL Background Thread 1 ] DEBUG FXGLAssetLoaderServi - Loading from file system: jar:file:///C:/Users/Wren/.m2/repository/com/github/almasb/fxgl/25/fxgl-25.jar!/fxglassets/languages/english.lang
21:22:33.840 [FXGL Background Thread 4 ] DEBUG FXGLAssetLoaderServi - Loading from file system: jar:file:///C:/Users/Wren/.m2/repository/com/github/almasb/fxgl/25/fxgl-25.jar!/fxglassets/ui/fonts/Abel-Regular.ttf
21:22:33.844 [FXGL Background Thread 1 ] INFO  FXGLApplication      - FXGL initialization took: 0.808 sec
21:22:33.844 [FXGL Background Thread 4 ] DEBUG FXGLAssetLoaderServi - Loading from file system: jar:file:///C:/Users/Wren/.m2/repository/com/github/almasb/fxgl/25/fxgl-25.jar!/fxglassets/ui/fonts/TerminalLandMono-Regular.otf
21:22:33.850 [FXGL Background Thread 4 ] DEBUG FXGLAssetLoaderServi - Loading from file system: jar:file:///C:/Users/Wren/.m2/repository/com/github/almasb/fxgl/25/fxgl-25.jar!/fxglassets/ui/fonts/Courier-Prime.ttf
21:22:33.860 [JavaFX Application Thread] DEBUG Input                - Registered new binding: Move left - A
21:22:33.860 [JavaFX Application Thread] DEBUG Input                - Registered new binding: Move right - D
21:22:33.860 [JavaFX Application Thread] DEBUG Input                - Registered new binding: Move down - S
21:22:33.860 [JavaFX Application Thread] DEBUG Input                - Registered new binding: Move up - W
21:22:33.861 [JavaFX Application Thread] DEBUG Input                - Registered new binding: Shoot - Space
21:22:33.861 [JavaFX Application Thread] DEBUG Input                - Registered new binding: Switch to Fire Bullet - Q
21:22:33.862 [JavaFX Application Thread] DEBUG Input                - Registered new binding: Switch to Ice Bullet - E
21:22:33.862 [JavaFX Application Thread] DEBUG FXGLAssetLoaderServi - Loading from file system: jar:file:///C:/Users/Wren/.m2/repository/com/github/almasb/fxgl/25/fxgl-25.jar!/fxglassets/textures/fxgl_icon.png
21:22:33.877 [JavaFX Application Thread] DEBUG FXGLAssetLoaderServi - Loading from file system: jar:file:///C:/Users/Wren/.m2/repository/com/github/almasb/fxgl/25/fxgl-25.jar!/fxglassets/textures/fxgl_default_cursor.png
21:22:33.879 [JavaFX Application Thread] DEBUG Input                - Registered new binding: Screenshot - CTRL+8
21:22:33.879 [JavaFX Application Thread] DEBUG Input                - Registered new binding: System info dump - CTRL+9
21:22:33.879 [JavaFX Application Thread] DEBUG Input                - Registered new binding: Restart - CTRL+R
21:22:33.880 [JavaFX Application Thread] DEBUG Input                - Registered new binding: Toggle Debug Camera - CTRL+7
21:22:33.881 [JavaFX Application Thread] DEBUG LoopRunner           - Starting loop
21:22:33.881 [JavaFX Application Thread] DEBUG LoopRunner           - Initializing JavaFX AnimationTimerLoop
21:22:33.883 [JavaFX Application Thread] DEBUG Input                - Clearing active input actions
21:22:33.888 [JavaFX Application Thread] DEBUG GameApplicationServi - Removing overlay from FXGLStartupScene and adding to FXGLMainMenuDummyScene
21:22:33.889 [JavaFX Application Thread] DEBUG PrimaryStageWindow   - FXGLStartupScene -> FXGLMainMenuDummyScene
21:22:33.889 [JavaFX Application Thread] DEBUG PrimaryStageWindow   - Push state: MenuInterface
21:22:33.891 [JavaFX Application Thread] DEBUG Input                - Clearing active input actions
21:22:33.899 [JavaFX Application Thread] DEBUG GameApplicationServi - Removing overlay from FXGLMainMenuDummyScene and adding to MenuInterface
21:22:33.899 [JavaFX Application Thread] DEBUG PrimaryStageWindow   - FXGLMainMenuDummyScene -> MenuInterface
21:22:34.030 [JavaFX Application Thread] DEBUG FXGLApplication      - Registering font factories with UI factory
21:22:36.830 [FXGL Background Thread 3 ] DEBUG Engine               - Logging environment variables
21:22:36.830 [FXGL Background Thread 3 ] DEBUG Engine               - achievements: []
21:22:36.830 [FXGL Background Thread 3 ] DEBUG Engine               - actualHeight: 720.0
21:22:36.830 [FXGL Background Thread 3 ] DEBUG Engine               - actualHeightProperty: ReadOnlyDoubleProperty [value: 720.0]
21:22:36.830 [FXGL Background Thread 3 ] DEBUG Engine               - actualWidth: 1280.0
21:22:36.830 [FXGL Background Thread 3 ] DEBUG Engine               - actualWidthProperty: ReadOnlyDoubleProperty [value: 1280.0]
21:22:36.830 [FXGL Background Thread 3 ] DEBUG Engine               - appIcon: fxgl_icon.png
21:22:36.830 [FXGL Background Thread 3 ] DEBUG Engine               - applicationMode: DEVELOPER
21:22:36.830 [FXGL Background Thread 3 ] DEBUG Engine               - cSSList: [fxgl_dark.css]
21:22:36.830 [FXGL Background Thread 3 ] DEBUG Engine               - collisionDetectionStrategy: BRUTE_FORCE
21:22:36.830 [FXGL Background Thread 3 ] DEBUG Engine               - configClass: Optional.empty
21:22:36.830 [FXGL Background Thread 3 ] DEBUG Engine               - credits: []
21:22:36.831 [FXGL Background Thread 3 ] DEBUG Engine               - defaultCursor: CursorInfo(imageName=fxgl_default_cursor.png, hotspotX=7.0, hotspotY=6.0)
21:22:36.832 [FXGL Background Thread 3 ] DEBUG Engine               - devBBoxColorProperty: ObjectProperty [value: 0xff0000ff]
21:22:36.832 [FXGL Background Thread 3 ] DEBUG Engine               - devEnableDebugCameraProperty: BooleanProperty [value: false]
21:22:36.832 [FXGL Background Thread 3 ] DEBUG Engine               - devSensorColorProperty: ObjectProperty [value: 0xffff00ff]
21:22:36.832 [FXGL Background Thread 3 ] DEBUG Engine               - devShowBBoxProperty: BooleanProperty [value: false]
21:22:36.832 [FXGL Background Thread 3 ] DEBUG Engine               - devShowPositionProperty: BooleanProperty [value: false]
21:22:36.832 [FXGL Background Thread 3 ] DEBUG Engine               - enabledMenuItems: []
21:22:36.832 [FXGL Background Thread 3 ] DEBUG Engine               - engineServices: [class com.almasb.fxgl.app.services.FXGLAssetLoaderService, class com.almasb.fxgl.app.FXGLApplication$GameApplicationService, class com.almasb.fxgl.app.services.FXGLDialogService, class com.almasb.fxgl.app.services.IOTaskExecutorService, class com.almasb.fxgl.io.FileSystemService, class com.almasb.fxgl.localization.LocalizationService, class com.almasb.fxgl.app.services.SystemBundleService, class com.almasb.fxgl.profile.SaveLoadService, class com.almasb.fxgl.ui.FXGLUIFactoryServiceProvider, class com.almasb.fxgl.ui.FXGLDialogFactoryServiceProvider, class com.almasb.fxgl.audio.AudioPlayer, class com.almasb.fxgl.notification.impl.NotificationServiceProvider, class com.almasb.fxgl.achievement.AchievementService, class com.almasb.fxgl.cutscene.CutsceneService, class com.almasb.fxgl.minigames.MiniGameService, class com.almasb.fxgl.net.NetService, class com.almasb.fxgl.app.services.UpdaterService, class com.almasb.fxgl.dev.DevService]
21:22:36.832 [FXGL Background Thread 3 ] DEBUG Engine               - fontGame: Abel-Regular.ttf
21:22:36.832 [FXGL Background Thread 3 ] DEBUG Engine               - fontMono: TerminalLandMono-Regular.otf
21:22:36.832 [FXGL Background Thread 3 ] DEBUG Engine               - fontSizeScaleUI: 1.0
21:22:36.832 [FXGL Background Thread 3 ] DEBUG Engine               - fontText: Courier-Prime.ttf
21:22:36.832 [FXGL Background Thread 3 ] DEBUG Engine               - fontUI: VarelaRound-Regular.ttf
21:22:36.833 [FXGL Background Thread 3 ] DEBUG Engine               - fpsRefreshRate: 500.0 ms
21:22:36.833 [FXGL Background Thread 3 ] DEBUG Engine               - fullScreen: BooleanProperty [value: false]
21:22:36.833 [FXGL Background Thread 3 ] DEBUG Engine               - gameDifficulty: MEDIUM
21:22:36.833 [FXGL Background Thread 3 ] DEBUG Engine               - gameDifficultyProperty: ObjectProperty [value: MEDIUM]
21:22:36.833 [FXGL Background Thread 3 ] DEBUG Engine               - globalMusicVolume: 0.5
21:22:36.833 [FXGL Background Thread 3 ] DEBUG Engine               - globalMusicVolumeProperty: DoubleProperty [value: 0.5]
21:22:36.833 [FXGL Background Thread 3 ] DEBUG Engine               - globalSoundVolume: 0.5
21:22:36.833 [FXGL Background Thread 3 ] DEBUG Engine               - globalSoundVolumeProperty: DoubleProperty [value: 0.5]
21:22:36.833 [FXGL Background Thread 3 ] DEBUG Engine               - height: 720
21:22:36.833 [FXGL Background Thread 3 ] DEBUG Engine               - is3D: false
21:22:36.833 [FXGL Background Thread 3 ] DEBUG Engine               - isAndroid: false
21:22:36.833 [FXGL Background Thread 3 ] DEBUG Engine               - isBrowser: false
21:22:36.833 [FXGL Background Thread 3 ] DEBUG Engine               - isClickFeedbackEnabled: false
21:22:36.833 [FXGL Background Thread 3 ] DEBUG Engine               - isCloseConfirmation: false
21:22:36.833 [FXGL Background Thread 3 ] DEBUG Engine               - isDesktop: true
21:22:36.833 [FXGL Background Thread 3 ] DEBUG Engine               - isDeveloperMenuEnabled: false
21:22:36.833 [FXGL Background Thread 3 ] DEBUG Engine               - isEmbedded: false
21:22:36.833 [FXGL Background Thread 3 ] DEBUG Engine               - isEntityPreloadEnabled: true
21:22:36.833 [FXGL Background Thread 3 ] DEBUG Engine               - isExperimentalTiledLargeMap: false
21:22:36.833 [FXGL Background Thread 3 ] DEBUG Engine               - isFileSystemWriteAllowed: true
21:22:36.833 [FXGL Background Thread 3 ] DEBUG Engine               - isFullScreenAllowed: false
21:22:36.833 [FXGL Background Thread 3 ] DEBUG Engine               - isFullScreenFromStart: false
21:22:36.833 [FXGL Background Thread 3 ] DEBUG Engine               - isGameMenuEnabled: true
21:22:36.834 [FXGL Background Thread 3 ] DEBUG Engine               - isIOS: false
21:22:36.834 [FXGL Background Thread 3 ] DEBUG Engine               - isIntroEnabled: false
21:22:36.834 [FXGL Background Thread 3 ] DEBUG Engine               - isLinux: false
21:22:36.834 [FXGL Background Thread 3 ] DEBUG Engine               - isMac: false
21:22:36.834 [FXGL Background Thread 3 ] DEBUG Engine               - isMainMenuEnabled: true
21:22:36.834 [FXGL Background Thread 3 ] DEBUG Engine               - isManualResizeEnabled: false
21:22:36.834 [FXGL Background Thread 3 ] DEBUG Engine               - isMobile: false
21:22:36.834 [FXGL Background Thread 3 ] DEBUG Engine               - isNative: false
21:22:36.834 [FXGL Background Thread 3 ] DEBUG Engine               - isPauseMusicWhenMinimized: true
21:22:36.834 [FXGL Background Thread 3 ] DEBUG Engine               - isPreserveResizeRatio: false
21:22:36.834 [FXGL Background Thread 3 ] DEBUG Engine               - isProfilingEnabled: false
21:22:36.834 [FXGL Background Thread 3 ] DEBUG Engine               - isScaleAffectedOnResize: true
21:22:36.834 [FXGL Background Thread 3 ] DEBUG Engine               - isSingleStep: false
21:22:36.834 [FXGL Background Thread 3 ] DEBUG Engine               - isUserProfileEnabled: false
21:22:36.834 [FXGL Background Thread 3 ] DEBUG Engine               - isWindows: true
21:22:36.834 [FXGL Background Thread 3 ] DEBUG Engine               - language: ObjectProperty [value: ENGLISH]
21:22:36.834 [FXGL Background Thread 3 ] DEBUG Engine               - menuKey: ESCAPE
21:22:36.834 [FXGL Background Thread 3 ] DEBUG Engine               - mouseSensitivity: 0.2
21:22:36.834 [FXGL Background Thread 3 ] DEBUG Engine               - notificationViewClass: class com.almasb.fxgl.notification.view.XboxNotificationView
21:22:36.834 [FXGL Background Thread 3 ] DEBUG Engine               - pixelsPerMeter: 50.0
21:22:36.835 [FXGL Background Thread 3 ] DEBUG Engine               - platform: WINDOWS
21:22:36.835 [FXGL Background Thread 3 ] DEBUG Engine               - prefHeightProperty: ReadOnlyDoubleProperty [value: 720.0]
21:22:36.835 [FXGL Background Thread 3 ] DEBUG Engine               - prefWidthProperty: ReadOnlyDoubleProperty [value: 1280.0]
21:22:36.835 [FXGL Background Thread 3 ] DEBUG Engine               - profileDir: profiles/
21:22:36.835 [FXGL Background Thread 3 ] DEBUG Engine               - profileName: StringProperty [value: DEFAULT]
21:22:36.835 [FXGL Background Thread 3 ] DEBUG Engine               - randomSeed: -1
21:22:36.835 [FXGL Background Thread 3 ] DEBUG Engine               - runtimeInfo: RuntimeInfo(platform=WINDOWS, version=25, build=05.02.2026 22.57)
21:22:36.835 [FXGL Background Thread 3 ] DEBUG Engine               - saveFileExt: sav
21:22:36.835 [FXGL Background Thread 3 ] DEBUG Engine               - scaledHeightProp$fxgl: DoubleProperty [bound, value: 720.0]
21:22:36.835 [FXGL Background Thread 3 ] DEBUG Engine               - scaledWidthProp$fxgl: DoubleProperty [bound, value: 1280.0]
21:22:36.835 [FXGL Background Thread 3 ] DEBUG Engine               - sceneFactory: org.group1.GamePackage.Factory.MainSceneFactory@b608f9a
21:22:36.835 [FXGL Background Thread 3 ] DEBUG Engine               - secondsIn24h: 60
21:22:36.835 [FXGL Background Thread 3 ] DEBUG Engine               - soundMenuBack: menu/back.wav
21:22:36.835 [FXGL Background Thread 3 ] DEBUG Engine               - soundMenuPress: menu/press.wav
21:22:36.835 [FXGL Background Thread 3 ] DEBUG Engine               - soundMenuSelect: menu/select.wav
21:22:36.835 [FXGL Background Thread 3 ] DEBUG Engine               - soundNotification: core/notification.wav
21:22:36.835 [FXGL Background Thread 3 ] DEBUG Engine               - stageStyle: DECORATED
21:22:36.835 [FXGL Background Thread 3 ] DEBUG Engine               - supportedLanguages: [ENGLISH, FRENCH, GERMAN, HUNGARIAN, RUSSIAN]
21:22:36.835 [FXGL Background Thread 3 ] DEBUG Engine               - ticksPerSecond: -1
21:22:36.835 [FXGL Background Thread 3 ] DEBUG Engine               - title: Untitled
21:22:36.835 [FXGL Background Thread 3 ] DEBUG Engine               - urlGithub: https://github.com/AlmasB/FXGL
21:22:36.835 [FXGL Background Thread 3 ] DEBUG Engine               - urlLeaderboard: http://fxgl-top.herokuapp.com/
21:22:36.835 [FXGL Background Thread 3 ] DEBUG Engine               - urlPOM: https://raw.githubusercontent.com/AlmasB/FXGL/release/README.md
21:22:36.835 [FXGL Background Thread 3 ] DEBUG Engine               - userAppClass: class org.group1.GamePackage.Application
21:22:36.835 [FXGL Background Thread 3 ] DEBUG Engine               - version: 0.0
21:22:36.835 [FXGL Background Thread 3 ] DEBUG Engine               - versionCheckDays: 7
21:22:36.835 [FXGL Background Thread 3 ] DEBUG Engine               - width: 1280
21:22:36.835 [FXGL Background Thread 3 ] DEBUG Engine               - Logging services
21:22:36.835 [FXGL Background Thread 3 ] DEBUG Engine               - class com.almasb.fxgl.app.services.FXGLAssetLoaderService
21:22:36.835 [FXGL Background Thread 3 ] DEBUG Engine               - class com.almasb.fxgl.app.FXGLApplication$GameApplicationService
21:22:36.835 [FXGL Background Thread 3 ] DEBUG Engine               - class com.almasb.fxgl.app.services.FXGLDialogService
21:22:36.835 [FXGL Background Thread 3 ] DEBUG Engine               - class com.almasb.fxgl.app.services.IOTaskExecutorService
21:22:36.835 [FXGL Background Thread 3 ] DEBUG Engine               - class com.almasb.fxgl.io.FileSystemService
21:22:36.835 [FXGL Background Thread 3 ] DEBUG Engine               - class com.almasb.fxgl.localization.LocalizationService
21:22:36.835 [FXGL Background Thread 3 ] DEBUG Engine               - class com.almasb.fxgl.app.services.SystemBundleService
21:22:36.835 [FXGL Background Thread 3 ] DEBUG Engine               - class com.almasb.fxgl.profile.SaveLoadService
21:22:36.835 [FXGL Background Thread 3 ] DEBUG Engine               - class com.almasb.fxgl.ui.FXGLUIFactoryServiceProvider
21:22:36.835 [FXGL Background Thread 3 ] DEBUG Engine               - class com.almasb.fxgl.ui.FXGLDialogFactoryServiceProvider
21:22:36.835 [FXGL Background Thread 3 ] DEBUG Engine               - class com.almasb.fxgl.audio.AudioPlayer
21:22:36.835 [FXGL Background Thread 3 ] DEBUG Engine               - class com.almasb.fxgl.notification.impl.NotificationServiceProvider
21:22:36.835 [FXGL Background Thread 3 ] DEBUG Engine               - class com.almasb.fxgl.achievement.AchievementService
21:22:36.835 [FXGL Background Thread 3 ] DEBUG Engine               - class com.almasb.fxgl.cutscene.CutsceneService
21:22:36.835 [FXGL Background Thread 3 ] DEBUG Engine               - class com.almasb.fxgl.minigames.MiniGameService
21:22:36.835 [FXGL Background Thread 3 ] DEBUG Engine               - class com.almasb.fxgl.net.NetService
21:22:36.835 [FXGL Background Thread 3 ] DEBUG Engine               - class com.almasb.fxgl.app.services.UpdaterService
21:22:36.835 [FXGL Background Thread 3 ] DEBUG Engine               - class com.almasb.fxgl.dev.DevService
21:22:54.309 [JavaFX Application Thread] DEBUG GameApplicationServi - Starting new game
21:22:54.309 [JavaFX Application Thread] DEBUG PrimaryStageWindow   - Pop state: MenuInterface
21:22:54.309 [JavaFX Application Thread] DEBUG Input                - Clearing active input actions
21:22:54.309 [JavaFX Application Thread] DEBUG GameApplicationServi - Removing overlay from MenuInterface and adding to FXGLMainMenuDummyScene
21:22:54.309 [JavaFX Application Thread] DEBUG PrimaryStageWindow   - FXGLMainMenuDummyScene <- MenuInterface
21:22:54.309 [JavaFX Application Thread] DEBUG Input                - Clearing active input actions
21:22:54.313 [JavaFX Application Thread] DEBUG GameApplicationServi - Removing overlay from FXGLMainMenuDummyScene and adding to LoadingInterface
21:22:54.313 [JavaFX Application Thread] DEBUG PrimaryStageWindow   - FXGLMainMenuDummyScene -> LoadingInterface
21:22:54.313 [JavaFX Application Thread] DEBUG GameApplicationServi - Clearing previous game
21:22:54.313 [JavaFX Application Thread] DEBUG GameScene            - Clearing game scene
21:22:54.313 [JavaFX Application Thread] DEBUG GameWorld            - Clearing game world
21:22:54.314 [JavaFX Application Thread] DEBUG PhysicsWorld         - Clearing physics world
21:22:54.314 [FXGL Background Thread 2 ] DEBUG FXGLApplication      - Initializing game
21:22:54.358 [FXGL Background Thread 2 ] DEBUG FXGLAssetLoaderServi - Loading from file system: file:/C:/Users/Wren/IdeaProjects/GameGame/target/classes/assets/textures/idle_sprite.png
21:22:54.383 [FXGL Background Thread 2 ] DEBUG FXGLAssetLoaderServi - Loading from file system: file:/C:/Users/Wren/IdeaProjects/GameGame/target/classes/assets/textures/bullet_HUD_selection.png
21:22:54.388 [FXGL Background Thread 2 ] DEBUG FXGLAssetLoaderServi - Loading from file system: file:/C:/Users/Wren/IdeaProjects/GameGame/target/classes/assets/music/main_music.wav
21:22:54.486 [FXGL Background Thread 2 ] DEBUG AudioPlayer          - Playing music com.almasb.fxgl.audio.Music@4c49814b
21:22:54.500 [FXGL Background Thread 2 ] DEBUG FXGLAssetLoaderServi - Loading from file system: file:/C:/Users/Wren/IdeaProjects/GameGame/target/classes/assets/textures/lives_09.png
21:22:54.505 [FXGL Background Thread 2 ] INFO  FXGLApplication      - Game initialization took: 0.190 sec
21:22:54.511 [JavaFX Application Thread] DEBUG Input                - Clearing active input actions
21:22:54.515 [JavaFX Application Thread] DEBUG GameApplicationServi - Removing overlay from LoadingInterface and adding to GameScene
21:22:54.515 [JavaFX Application Thread] DEBUG PrimaryStageWindow   - LoadingInterface -> GameScene
21:22:55.217 [JavaFX Application Thread] DEBUG FXGLAssetLoaderServi - Loading from file system: file:/C:/Users/Wren/IdeaProjects/GameGame/target/classes/assets/textures/enemy_sprite.png
21:22:55.223 [JavaFX Application Thread] DEBUG FXGLAssetLoaderServi - Loading from file system: file:/C:/Users/Wren/IdeaProjects/GameGame/target/classes/assets/textures/explosion_sprite.png
21:22:55.570 [JavaFX Application Thread] DEBUG FXGLAssetLoaderServi - Loading from file system: file:/C:/Users/Wren/IdeaProjects/GameGame/target/classes/assets/textures/bullet_sprite.png
21:22:56.107 [JavaFX Application Thread] DEBUG FXGLAssetLoaderServi - Loading from file system: file:/C:/Users/Wren/IdeaProjects/GameGame/target/classes/assets/textures/boost_sprite.png
21:22:56.109 [JavaFX Application Thread] DEBUG FXGLAssetLoaderServi - Loading from file system: file:/C:/Users/Wren/IdeaProjects/GameGame/target/classes/assets/textures/boost_explode.png
21:22:56.122 [JavaFX Application Thread] DEBUG FXGLAssetLoaderServi - Loading from file system: file:/C:/Users/Wren/IdeaProjects/GameGame/target/classes/assets/sounds/death_sound.wav
21:22:56.304 [JavaFX Application Thread] DEBUG FXGLAssetLoaderServi - Loading from file system: file:/C:/Users/Wren/IdeaProjects/GameGame/target/classes/assets/textures/heart_sprite.png
21:22:56.311 [JavaFX Application Thread] DEBUG FXGLAssetLoaderServi - Loading from file system: file:/C:/Users/Wren/IdeaProjects/GameGame/target/classes/assets/textures/heart_explode_sprite.png
21:22:57.181 [JavaFX Application Thread] DEBUG FXGLAssetLoaderServi - Loading from file system: file:/C:/Users/Wren/IdeaProjects/GameGame/target/classes/assets/sounds/heart_gain.wav
21:22:59.444 [JavaFX Application Thread] DEBUG FXGLAssetLoaderServi - Loading from file system: file:/C:/Users/Wren/IdeaProjects/GameGame/target/classes/assets/textures/ice_potion_sprite.png
21:23:02.469 [JavaFX Application Thread] DEBUG FXGLAssetLoaderServi - Loading from file system: file:/C:/Users/Wren/IdeaProjects/GameGame/target/classes/assets/textures/fire_potion_sprite.png
21:23:04.529 [JavaFX Application Thread] DEBUG FXGLAssetLoaderServi - Loading from file system: file:/C:/Users/Wren/IdeaProjects/GameGame/target/classes/assets/textures/boss_idle_sprite.png
21:23:04.544 [JavaFX Application Thread] DEBUG FXGLAssetLoaderServi - Loading from file system: file:/C:/Users/Wren/IdeaProjects/GameGame/target/classes/assets/textures/boss_charging_sprite.png
21:23:04.578 [JavaFX Application Thread] DEBUG FXGLAssetLoaderServi - Loading from file system: file:/C:/Users/Wren/IdeaProjects/GameGame/target/classes/assets/textures/boss_recovering_sprite.png
21:23:04.592 [JavaFX Application Thread] DEBUG FXGLAssetLoaderServi - Loading from file system: file:/C:/Users/Wren/IdeaProjects/GameGame/target/classes/assets/textures/boss_death.png
21:23:06.154 [JavaFX Application Thread] DEBUG FXGLAssetLoaderServi - Loading from file system: file:/C:/Users/Wren/IdeaProjects/GameGame/target/classes/assets/sounds/switch_bullet.wav
21:23:06.157 [JavaFX Application Thread] DEBUG FXGLAssetLoaderServi - Loading from file system: file:/C:/Users/Wren/IdeaProjects/GameGame/target/classes/assets/textures/fire_HUD_sprite.png
21:23:06.249 [JavaFX Application Thread] DEBUG FXGLAssetLoaderServi - Loading from file system: file:/C:/Users/Wren/IdeaProjects/GameGame/target/classes/assets/textures/fire_bullet_sprite.png
21:23:15.662 [JavaFX Application Thread] DEBUG FXGLAssetLoaderServi - Loading from file system: file:/C:/Users/Wren/IdeaProjects/GameGame/target/classes/assets/textures/ice_HUD_sprite.png
21:23:15.759 [JavaFX Application Thread] DEBUG FXGLAssetLoaderServi - Loading from file system: file:/C:/Users/Wren/IdeaProjects/GameGame/target/classes/assets/textures/ice_bullet_sprite.png
21:23:16.215 [JavaFX Application Thread] DEBUG FXGLAssetLoaderServi - Loading from file system: file:/C:/Users/Wren/IdeaProjects/GameGame/target/classes/assets/textures/laser_sprite.png
21:23:25.319 [JavaFX Application Thread] DEBUG FXGLAssetLoaderServi - Loading from file system: file:/C:/Users/Wren/IdeaProjects/GameGame/target/classes/assets/sounds/fah.wav
21:23:25.323 [JavaFX Application Thread] DEBUG FXGLAssetLoaderServi - Loading from file system: file:/C:/Users/Wren/IdeaProjects/GameGame/target/classes/assets/textures/lives_08.png
21:23:28.560 [JavaFX Application Thread] DEBUG FXGLAssetLoaderServi - Loading from file system: file:/C:/Users/Wren/IdeaProjects/GameGame/target/classes/assets/textures/lives_07.png
21:23:37.469 [JavaFX Application Thread] DEBUG FXGLAssetLoaderServi - Loading from file system: file:/C:/Users/Wren/IdeaProjects/GameGame/target/classes/assets/textures/lives_06.png
21:23:38.934 [JavaFX Application Thread] DEBUG FXGLAssetLoaderServi - Loading from file system: file:/C:/Users/Wren/IdeaProjects/GameGame/target/classes/assets/textures/lives_05.png
21:23:44.694 [JavaFX Application Thread] DEBUG FXGLAssetLoaderServi - Loading from file system: file:/C:/Users/Wren/IdeaProjects/GameGame/target/classes/assets/textures/lives_04.png
21:23:48.378 [JavaFX Application Thread] DEBUG FXGLAssetLoaderServi - Loading from file system: file:/C:/Users/Wren/IdeaProjects/GameGame/target/classes/assets/textures/lives_03.png
21:23:54.149 [JavaFX Application Thread] DEBUG FXGLAssetLoaderServi - Loading from file system: file:/C:/Users/Wren/IdeaProjects/GameGame/target/classes/assets/textures/lives_02.png
21:23:55.694 [JavaFX Application Thread] DEBUG FXGLAssetLoaderServi - Loading from file system: file:/C:/Users/Wren/IdeaProjects/GameGame/target/classes/assets/textures/lives_01.png
21:24:02.419 [JavaFX Application Thread] DEBUG FXGLAssetLoaderServi - Loading from file system: file:/C:/Users/Wren/IdeaProjects/GameGame/target/classes/assets/textures/lives_00.png
21:24:02.425 [JavaFX Application Thread] DEBUG FXGLAssetLoaderServi - Loading from file system: file:/C:/Users/Wren/IdeaProjects/GameGame/target/classes/assets/textures/death_sprite.png
21:24:05.429 [JavaFX Application Thread] DEBUG Input                - Clearing active input actions
21:24:05.431 [JavaFX Application Thread] DEBUG GameApplicationServi - Removing overlay from GameScene and adding to FXGLMainMenuDummyScene
21:24:05.431 [JavaFX Application Thread] DEBUG PrimaryStageWindow   - GameScene -> FXGLMainMenuDummyScene
21:24:05.431 [JavaFX Application Thread] DEBUG PrimaryStageWindow   - Push state: MenuInterface
21:24:05.431 [JavaFX Application Thread] DEBUG Input                - Clearing active input actions
21:24:05.433 [JavaFX Application Thread] DEBUG GameApplicationServi - Removing overlay from FXGLMainMenuDummyScene and adding to MenuInterface
21:24:05.433 [JavaFX Application Thread] DEBUG PrimaryStageWindow   - FXGLMainMenuDummyScene -> MenuInterface
21:24:05.433 [JavaFX Application Thread] DEBUG AudioPlayer          - Stopping music com.almasb.fxgl.audio.Music@4c49814b
21:24:06.616 [JavaFX Application Thread] DEBUG FXGLApplication      - Exiting FXGL
21:24:06.616 [JavaFX Application Thread] DEBUG LoopRunner           - Stopping loop
21:24:06.616 [JavaFX Application Thread] DEBUG SystemBundleService  - Saving FXGL system data
21:24:06.617 [JavaFX Application Thread] DEBUG FileSystemAccess     - Writing to: C:\Users\Wren\IdeaProjects\GameGame\system\fxgl.bundle
21:24:06.618 [JavaFX Application Thread] DEBUG Async                - Shutting down background threads
21:24:06.618 [JavaFX Application Thread] DEBUG PrimaryStageWindow   - Closing main window
21:24:06.626 [JavaFX Application Thread] DEBUG Logger               - Closing Logger
