02:44:36.165 [main                     ] DEBUG Logger               - Configured Logger
02:44:36.173 [main                     ] DEBUG GameApplication      - Logging settings
Title: Untitled
Version: 0.0
Width: 1280
Height: 720
Fullscreen: false
Intro: false
Profiling: false
Single step:false
App Mode: DEVELOPER
Menu Key: ESCAPE
Stage Style: DECORATED
Scene Factory: class com.almasb.fxgl.app.scene.SceneFactory

02:44:36.423 [JavaFX Application Thread] DEBUG FXGLApplication      - Initializing FXGL
02:44:36.426 [JavaFX Application Thread] INFO  Engine               - FXGL-25 (05.02.2026 22.57) on WINDOWS (J:25.0.1 FX:21.0.6)
02:44:36.427 [JavaFX Application Thread] DEBUG Engine               - JRE Vendor Name: Oracle Corporation
02:44:36.427 [JavaFX Application Thread] DEBUG Engine               - Running on OS: Windows 11 version 10.0
02:44:36.427 [JavaFX Application Thread] DEBUG Engine               - Architecture: amd64
02:44:36.427 [JavaFX Application Thread] INFO  Engine               - Source code and latest versions at: https://github.com/AlmasB/FXGL
02:44:36.427 [JavaFX Application Thread] INFO  Engine               -       Ask questions and discuss at: https://github.com/AlmasB/FXGL/discussions
02:44:36.513 [JavaFX Application Thread] DEBUG PrimaryStageWindow   - Creating a JavaFX scene
02:44:36.514 [JavaFX Application Thread] DEBUG PrimaryStageWindow   - Target size > screen size
02:44:36.552 [JavaFX Application Thread] DEBUG PrimaryStageWindow   - Target settings size: 1280.0 x 720.0
02:44:36.552 [JavaFX Application Thread] DEBUG PrimaryStageWindow   - Scaled scene size:    1169.0 x 671.0
02:44:36.552 [JavaFX Application Thread] DEBUG PrimaryStageWindow   - Scaled ratio: (0.91328125, 0.9319444444444445)
02:44:36.553 [JavaFX Application Thread] DEBUG PrimaryStageWindow   - Set initial scene to FXGLStartupScene
02:44:36.556 [JavaFX Application Thread] DEBUG PrimaryStageWindow   - Opening main window
02:44:36.631 [JavaFX Application Thread] DEBUG PrimaryStageWindow   - Window border size: (15.0, 37.66668701171875)
02:44:36.631 [JavaFX Application Thread] DEBUG PrimaryStageWindow   - Scaled size: 1169.0 x 671.0
02:44:36.631 [JavaFX Application Thread] DEBUG PrimaryStageWindow   - Scaled ratio: (0.91328125, 0.9319444444444445)
02:44:36.632 [JavaFX Application Thread] DEBUG PrimaryStageWindow   - Scene size: 1169.0 x 671.0
02:44:36.632 [JavaFX Application Thread] DEBUG PrimaryStageWindow   - Stage size: 1184.0 x 708.6666870117188
02:44:36.645 [FXGL Background Thread 1 ] DEBUG Engine               - Initializing environment variables
02:44:36.727 [FXGL Background Thread 1 ] DEBUG FXGLAssetLoaderServi - User app class for loading assets: class org.group1.GamePackage.Application
02:44:36.727 [FXGL Background Thread 1 ] DEBUG GameApplicationServi - Applying CSS: fxgl_dark.css
02:44:36.727 [FXGL Background Thread 1 ] DEBUG FXGLAssetLoaderServi - Loading from file system: jar:file:///C:/Users/ryles/.m2/repository/com/github/almasb/fxgl/25/fxgl-25.jar!/fxglassets/ui/css/fxgl_dark.css
02:44:36.771 [FXGL Background Thread 1 ] DEBUG GameApplicationServi - Initializing application scenes
02:44:36.809 [FXGL Background Thread 1 ] DEBUG GameWorld            - Game world initialized
02:44:36.866 [FXGL Background Thread 1 ] DEBUG PhysicsWorld         - Physics world initialized: appHeight=720, physics.ppm=50.0
02:44:36.866 [FXGL Background Thread 1 ] DEBUG PhysicsWorld         - Using strategy: BRUTE_FORCE
02:44:36.872 [FXGL Background Thread 1 ] DEBUG GameScene            - Game scene initialized: 1280x720
02:44:36.887 [FXGL Background Thread 1 ] DEBUG FXGL.DefaultMenu     - createMenuBodyGameMenu()
02:44:36.902 [FXGL Background Thread 1 ] DEBUG FXGL.DefaultMenu     - createOptionsMenu()
02:44:36.910 [FXGL Background Thread 1 ] DEBUG FXGLAssetLoaderServi - Loading from file system: jar:file:///C:/Users/ryles/.m2/repository/com/github/almasb/fxgl/25/fxgl-25.jar!/fxglassets/textures/particles/smoke.png
02:44:36.982 [FXGL Background Thread 1 ] DEBUG FXGLAssetLoaderServi - Loading from file system: jar:file:///C:/Users/ryles/.m2/repository/com/github/almasb/fxgl/25/fxgl-25.jar!/fxglassets/textures/particles/trace_horizontal.png
02:44:37.012 [FXGL Background Thread 1 ] DEBUG GameApplicationServi - Application scenes initialized
02:44:37.025 [FXGL Background Thread 1 ] DEBUG SystemBundleService  - Loading FXGL system data
02:44:37.030 [FXGL Background Thread 1 ] DEBUG FileSystemAccess     - Reading from: C:\Users\ryles\Downloads\ComProg_Project\system\fxgl.bundle
02:44:37.040 [FXGL Background Thread 1 ] DEBUG SystemBundleService  - Bundle FXGL: {}
02:44:37.040 [FXGL Background Thread 1 ] DEBUG UpdaterService       - Checking for updates
02:44:37.045 [FXGL Background Thread 1 ] DEBUG FXGLApplication      - Loading default localization
02:44:37.046 [FXGL Background Thread 1 ] DEBUG FXGLAssetLoaderServi - Loading from file system: jar:file:///C:/Users/ryles/.m2/repository/com/github/almasb/fxgl/25/fxgl-25.jar!/fxglassets/languages/english.lang
02:44:37.061 [FXGL Background Thread 1 ] INFO  FXGLApplication      - FXGL initialization took: 0.417 sec
02:44:37.068 [FXGL Background Thread 4 ] DEBUG FXGLApplication      - Loading fonts
02:44:37.069 [FXGL Background Thread 4 ] DEBUG FXGLAssetLoaderServi - Loading from file system: jar:file:///C:/Users/ryles/.m2/repository/com/github/almasb/fxgl/25/fxgl-25.jar!/fxglassets/ui/fonts/VarelaRound-Regular.ttf
02:44:37.077 [JavaFX Application Thread] DEBUG Input                - Registered new binding: Shoot - Space
02:44:37.077 [JavaFX Application Thread] DEBUG Input                - Registered new binding: Move up - W
02:44:37.077 [JavaFX Application Thread] DEBUG Input                - Registered new binding: Move down - S
02:44:37.077 [JavaFX Application Thread] DEBUG Input                - Registered new binding: Move left - A
02:44:37.077 [JavaFX Application Thread] DEBUG Input                - Registered new binding: Move right - D
02:44:37.078 [JavaFX Application Thread] DEBUG FXGLAssetLoaderServi - Loading from file system: jar:file:///C:/Users/ryles/.m2/repository/com/github/almasb/fxgl/25/fxgl-25.jar!/fxglassets/textures/fxgl_icon.png
02:44:37.100 [JavaFX Application Thread] DEBUG FXGLAssetLoaderServi - Loading from file system: jar:file:///C:/Users/ryles/.m2/repository/com/github/almasb/fxgl/25/fxgl-25.jar!/fxglassets/textures/fxgl_default_cursor.png
02:44:37.104 [JavaFX Application Thread] DEBUG Input                - Registered new binding: Screenshot - CTRL+8
02:44:37.104 [JavaFX Application Thread] DEBUG Input                - Registered new binding: System info dump - CTRL+9
02:44:37.105 [JavaFX Application Thread] DEBUG Input                - Registered new binding: Restart - CTRL+R
02:44:37.106 [JavaFX Application Thread] DEBUG Input                - Registered new binding: Toggle Debug Camera - CTRL+7
02:44:37.108 [JavaFX Application Thread] DEBUG LoopRunner           - Starting loop
02:44:37.108 [JavaFX Application Thread] DEBUG LoopRunner           - Initializing JavaFX AnimationTimerLoop
02:44:37.110 [JavaFX Application Thread] DEBUG GameApplicationServi - Starting new game
02:44:37.110 [JavaFX Application Thread] DEBUG Input                - Clearing active input actions
02:44:37.125 [JavaFX Application Thread] DEBUG GameApplicationServi - Removing overlay from FXGLStartupScene and adding to FXGLLoadingScene
02:44:37.126 [JavaFX Application Thread] DEBUG PrimaryStageWindow   - FXGLStartupScene -> FXGLLoadingScene
02:44:37.126 [JavaFX Application Thread] DEBUG GameApplicationServi - Clearing previous game
02:44:37.126 [JavaFX Application Thread] DEBUG GameScene            - Clearing game scene
02:44:37.126 [JavaFX Application Thread] DEBUG GameWorld            - Clearing game world
02:44:37.126 [JavaFX Application Thread] DEBUG PhysicsWorld         - Clearing physics world
02:44:37.128 [FXGL Background Thread 1 ] DEBUG FXGLApplication      - Initializing game
02:44:37.140 [FXGL Background Thread 4 ] DEBUG FXGLAssetLoaderServi - Loading from file system: jar:file:///C:/Users/ryles/.m2/repository/com/github/almasb/fxgl/25/fxgl-25.jar!/fxglassets/ui/fonts/Abel-Regular.ttf
02:44:37.144 [FXGL Background Thread 1 ] DEBUG FXGLAssetLoaderServi - Loading from file system: file:/C:/Users/ryles/Downloads/ComProg_Project/target/classes/assets/textures/idle_sprite.png
02:44:37.147 [FXGL Background Thread 4 ] DEBUG FXGLAssetLoaderServi - Loading from file system: jar:file:///C:/Users/ryles/.m2/repository/com/github/almasb/fxgl/25/fxgl-25.jar!/fxglassets/ui/fonts/TerminalLandMono-Regular.otf
02:44:37.152 [FXGL Background Thread 4 ] DEBUG FXGLAssetLoaderServi - Loading from file system: jar:file:///C:/Users/ryles/.m2/repository/com/github/almasb/fxgl/25/fxgl-25.jar!/fxglassets/ui/fonts/Courier-Prime.ttf
02:44:37.154 [FXGL Background Thread 1 ] DEBUG FXGLAssetLoaderServi - Loading from file system: file:/C:/Users/ryles/Downloads/ComProg_Project/target/classes/assets/textures/down_sprite.png
02:44:37.159 [FXGL Background Thread 1 ] DEBUG FXGLAssetLoaderServi - Loading from file system: file:/C:/Users/ryles/Downloads/ComProg_Project/target/classes/assets/textures/up_sprite.png
02:44:37.177 [JavaFX Application Thread] DEBUG FXGLApplication      - Registering font factories with UI factory
02:44:37.186 [FXGL Background Thread 1 ] INFO  FXGLApplication      - Game initialization took: 0.058 sec
02:44:37.281 [JavaFX Application Thread] DEBUG Input                - Clearing active input actions
02:44:37.294 [JavaFX Application Thread] DEBUG GameApplicationServi - Removing overlay from FXGLLoadingScene and adding to GameScene
02:44:37.294 [JavaFX Application Thread] DEBUG PrimaryStageWindow   - FXGLLoadingScene -> GameScene
02:44:40.044 [FXGL Background Thread 3 ] DEBUG Engine               - Logging environment variables
02:44:40.044 [FXGL Background Thread 3 ] DEBUG Engine               - achievements: []
02:44:40.044 [FXGL Background Thread 3 ] DEBUG Engine               - actualHeight: 671.0
02:44:40.044 [FXGL Background Thread 3 ] DEBUG Engine               - actualHeightProperty: ReadOnlyDoubleProperty [value: 671.0]
02:44:40.044 [FXGL Background Thread 3 ] DEBUG Engine               - actualWidth: 1169.0
02:44:40.045 [FXGL Background Thread 3 ] DEBUG Engine               - actualWidthProperty: ReadOnlyDoubleProperty [value: 1169.0]
02:44:40.045 [FXGL Background Thread 3 ] DEBUG Engine               - appIcon: fxgl_icon.png
02:44:40.045 [FXGL Background Thread 3 ] DEBUG Engine               - applicationMode: DEVELOPER
02:44:40.045 [FXGL Background Thread 3 ] DEBUG Engine               - cSSList: [fxgl_dark.css]
02:44:40.045 [FXGL Background Thread 3 ] DEBUG Engine               - collisionDetectionStrategy: BRUTE_FORCE
02:44:40.045 [FXGL Background Thread 3 ] DEBUG Engine               - configClass: Optional.empty
02:44:40.045 [FXGL Background Thread 3 ] DEBUG Engine               - credits: []
02:44:40.045 [FXGL Background Thread 3 ] DEBUG Engine               - defaultCursor: CursorInfo(imageName=fxgl_default_cursor.png, hotspotX=7.0, hotspotY=6.0)
02:44:40.045 [FXGL Background Thread 3 ] DEBUG Engine               - devBBoxColorProperty: ObjectProperty [value: 0xff0000ff]
02:44:40.045 [FXGL Background Thread 3 ] DEBUG Engine               - devEnableDebugCameraProperty: BooleanProperty [value: false]
02:44:40.045 [FXGL Background Thread 3 ] DEBUG Engine               - devSensorColorProperty: ObjectProperty [value: 0xffff00ff]
02:44:40.045 [FXGL Background Thread 3 ] DEBUG Engine               - devShowBBoxProperty: BooleanProperty [value: false]
02:44:40.045 [FXGL Background Thread 3 ] DEBUG Engine               - devShowPositionProperty: BooleanProperty [value: false]
02:44:40.045 [FXGL Background Thread 3 ] DEBUG Engine               - enabledMenuItems: []
02:44:40.045 [FXGL Background Thread 3 ] DEBUG Engine               - engineServices: [class com.almasb.fxgl.app.services.FXGLAssetLoaderService, class com.almasb.fxgl.app.FXGLApplication$GameApplicationService, class com.almasb.fxgl.app.services.FXGLDialogService, class com.almasb.fxgl.app.services.IOTaskExecutorService, class com.almasb.fxgl.io.FileSystemService, class com.almasb.fxgl.localization.LocalizationService, class com.almasb.fxgl.app.services.SystemBundleService, class com.almasb.fxgl.profile.SaveLoadService, class com.almasb.fxgl.ui.FXGLUIFactoryServiceProvider, class com.almasb.fxgl.ui.FXGLDialogFactoryServiceProvider, class com.almasb.fxgl.audio.AudioPlayer, class com.almasb.fxgl.notification.impl.NotificationServiceProvider, class com.almasb.fxgl.achievement.AchievementService, class com.almasb.fxgl.cutscene.CutsceneService, class com.almasb.fxgl.minigames.MiniGameService, class com.almasb.fxgl.net.NetService, class com.almasb.fxgl.app.services.UpdaterService, class com.almasb.fxgl.dev.DevService]
02:44:40.045 [FXGL Background Thread 3 ] DEBUG Engine               - fontGame: Abel-Regular.ttf
02:44:40.045 [FXGL Background Thread 3 ] DEBUG Engine               - fontMono: TerminalLandMono-Regular.otf
02:44:40.045 [FXGL Background Thread 3 ] DEBUG Engine               - fontSizeScaleUI: 1.0
02:44:40.045 [FXGL Background Thread 3 ] DEBUG Engine               - fontText: Courier-Prime.ttf
02:44:40.046 [FXGL Background Thread 3 ] DEBUG Engine               - fontUI: VarelaRound-Regular.ttf
02:44:40.046 [FXGL Background Thread 3 ] DEBUG Engine               - fpsRefreshRate: 500.0 ms
02:44:40.046 [FXGL Background Thread 3 ] DEBUG Engine               - fullScreen: BooleanProperty [value: false]
02:44:40.046 [FXGL Background Thread 3 ] DEBUG Engine               - gameDifficulty: MEDIUM
02:44:40.046 [FXGL Background Thread 3 ] DEBUG Engine               - gameDifficultyProperty: ObjectProperty [value: MEDIUM]
02:44:40.046 [FXGL Background Thread 3 ] DEBUG Engine               - globalMusicVolume: 0.5
02:44:40.046 [FXGL Background Thread 3 ] DEBUG Engine               - globalMusicVolumeProperty: DoubleProperty [value: 0.5]
02:44:40.046 [FXGL Background Thread 3 ] DEBUG Engine               - globalSoundVolume: 0.5
02:44:40.046 [FXGL Background Thread 3 ] DEBUG Engine               - globalSoundVolumeProperty: DoubleProperty [value: 0.5]
02:44:40.046 [FXGL Background Thread 3 ] DEBUG Engine               - height: 720
02:44:40.046 [FXGL Background Thread 3 ] DEBUG Engine               - is3D: false
02:44:40.046 [FXGL Background Thread 3 ] DEBUG Engine               - isAndroid: false
02:44:40.046 [FXGL Background Thread 3 ] DEBUG Engine               - isBrowser: false
02:44:40.046 [FXGL Background Thread 3 ] DEBUG Engine               - isClickFeedbackEnabled: false
02:44:40.046 [FXGL Background Thread 3 ] DEBUG Engine               - isCloseConfirmation: false
02:44:40.046 [FXGL Background Thread 3 ] DEBUG Engine               - isDesktop: true
02:44:40.046 [FXGL Background Thread 3 ] DEBUG Engine               - isDeveloperMenuEnabled: false
02:44:40.046 [FXGL Background Thread 3 ] DEBUG Engine               - isEmbedded: false
02:44:40.046 [FXGL Background Thread 3 ] DEBUG Engine               - isEntityPreloadEnabled: true
02:44:40.046 [FXGL Background Thread 3 ] DEBUG Engine               - isExperimentalTiledLargeMap: false
02:44:40.046 [FXGL Background Thread 3 ] DEBUG Engine               - isFileSystemWriteAllowed: true
02:44:40.047 [FXGL Background Thread 3 ] DEBUG Engine               - isFullScreenAllowed: false
02:44:40.047 [FXGL Background Thread 3 ] DEBUG Engine               - isFullScreenFromStart: false
02:44:40.047 [FXGL Background Thread 3 ] DEBUG Engine               - isGameMenuEnabled: true
02:44:40.047 [FXGL Background Thread 3 ] DEBUG Engine               - isIOS: false
02:44:40.047 [FXGL Background Thread 3 ] DEBUG Engine               - isIntroEnabled: false
02:44:40.047 [FXGL Background Thread 3 ] DEBUG Engine               - isLinux: false
02:44:40.047 [FXGL Background Thread 3 ] DEBUG Engine               - isMac: false
02:44:40.047 [FXGL Background Thread 3 ] DEBUG Engine               - isMainMenuEnabled: false
02:44:40.047 [FXGL Background Thread 3 ] DEBUG Engine               - isManualResizeEnabled: false
02:44:40.047 [FXGL Background Thread 3 ] DEBUG Engine               - isMobile: false
02:44:40.047 [FXGL Background Thread 3 ] DEBUG Engine               - isNative: false
02:44:40.047 [FXGL Background Thread 3 ] DEBUG Engine               - isPauseMusicWhenMinimized: true
02:44:40.047 [FXGL Background Thread 3 ] DEBUG Engine               - isPreserveResizeRatio: false
02:44:40.047 [FXGL Background Thread 3 ] DEBUG Engine               - isProfilingEnabled: false
02:44:40.047 [FXGL Background Thread 3 ] DEBUG Engine               - isScaleAffectedOnResize: true
02:44:40.047 [FXGL Background Thread 3 ] DEBUG Engine               - isSingleStep: false
02:44:40.047 [FXGL Background Thread 3 ] DEBUG Engine               - isUserProfileEnabled: false
02:44:40.047 [FXGL Background Thread 3 ] DEBUG Engine               - isWindows: true
02:44:40.048 [FXGL Background Thread 3 ] DEBUG Engine               - language: ObjectProperty [value: ENGLISH]
02:44:40.048 [FXGL Background Thread 3 ] DEBUG Engine               - menuKey: ESCAPE
02:44:40.048 [FXGL Background Thread 3 ] DEBUG Engine               - mouseSensitivity: 0.2
02:44:40.048 [FXGL Background Thread 3 ] DEBUG Engine               - notificationViewClass: class com.almasb.fxgl.notification.view.XboxNotificationView
02:44:40.048 [FXGL Background Thread 3 ] DEBUG Engine               - pixelsPerMeter: 50.0
02:44:40.048 [FXGL Background Thread 3 ] DEBUG Engine               - platform: WINDOWS
02:44:40.048 [FXGL Background Thread 3 ] DEBUG Engine               - prefHeightProperty: ReadOnlyDoubleProperty [value: 720.0]
02:44:40.048 [FXGL Background Thread 3 ] DEBUG Engine               - prefWidthProperty: ReadOnlyDoubleProperty [value: 1280.0]
02:44:40.048 [FXGL Background Thread 3 ] DEBUG Engine               - profileDir: profiles/
02:44:40.048 [FXGL Background Thread 3 ] DEBUG Engine               - profileName: StringProperty [value: DEFAULT]
02:44:40.048 [FXGL Background Thread 3 ] DEBUG Engine               - randomSeed: -1
02:44:40.048 [FXGL Background Thread 3 ] DEBUG Engine               - runtimeInfo: RuntimeInfo(platform=WINDOWS, version=25, build=05.02.2026 22.57)
02:44:40.048 [FXGL Background Thread 3 ] DEBUG Engine               - saveFileExt: sav
02:44:40.048 [FXGL Background Thread 3 ] DEBUG Engine               - scaledHeightProp$fxgl: DoubleProperty [bound, value: 671.0]
02:44:40.048 [FXGL Background Thread 3 ] DEBUG Engine               - scaledWidthProp$fxgl: DoubleProperty [bound, value: 1169.0]
02:44:40.048 [FXGL Background Thread 3 ] DEBUG Engine               - sceneFactory: com.almasb.fxgl.app.scene.SceneFactory@2c5d41c5
02:44:40.048 [FXGL Background Thread 3 ] DEBUG Engine               - secondsIn24h: 60
02:44:40.048 [FXGL Background Thread 3 ] DEBUG Engine               - soundMenuBack: menu/back.wav
02:44:40.048 [FXGL Background Thread 3 ] DEBUG Engine               - soundMenuPress: menu/press.wav
02:44:40.049 [FXGL Background Thread 3 ] DEBUG Engine               - soundMenuSelect: menu/select.wav
02:44:40.049 [FXGL Background Thread 3 ] DEBUG Engine               - soundNotification: core/notification.wav
02:44:40.049 [FXGL Background Thread 3 ] DEBUG Engine               - stageStyle: DECORATED
02:44:40.049 [FXGL Background Thread 3 ] DEBUG Engine               - supportedLanguages: [ENGLISH, FRENCH, GERMAN, HUNGARIAN, RUSSIAN]
02:44:40.049 [FXGL Background Thread 3 ] DEBUG Engine               - ticksPerSecond: -1
02:44:40.049 [FXGL Background Thread 3 ] DEBUG Engine               - title: Untitled
02:44:40.049 [FXGL Background Thread 3 ] DEBUG Engine               - urlGithub: https://github.com/AlmasB/FXGL
02:44:40.049 [FXGL Background Thread 3 ] DEBUG Engine               - urlLeaderboard: http://fxgl-top.herokuapp.com/
02:44:40.049 [FXGL Background Thread 3 ] DEBUG Engine               - urlPOM: https://raw.githubusercontent.com/AlmasB/FXGL/release/README.md
02:44:40.049 [FXGL Background Thread 3 ] DEBUG Engine               - userAppClass: class org.group1.GamePackage.Application
02:44:40.049 [FXGL Background Thread 3 ] DEBUG Engine               - version: 0.0
02:44:40.049 [FXGL Background Thread 3 ] DEBUG Engine               - versionCheckDays: 7
02:44:40.049 [FXGL Background Thread 3 ] DEBUG Engine               - width: 1280
02:44:40.049 [FXGL Background Thread 3 ] DEBUG Engine               - Logging services
02:44:40.049 [FXGL Background Thread 3 ] DEBUG Engine               - class com.almasb.fxgl.app.services.FXGLAssetLoaderService
02:44:40.049 [FXGL Background Thread 3 ] DEBUG Engine               - class com.almasb.fxgl.app.FXGLApplication$GameApplicationService
02:44:40.049 [FXGL Background Thread 3 ] DEBUG Engine               - class com.almasb.fxgl.app.services.FXGLDialogService
02:44:40.049 [FXGL Background Thread 3 ] DEBUG Engine               - class com.almasb.fxgl.app.services.IOTaskExecutorService
02:44:40.049 [FXGL Background Thread 3 ] DEBUG Engine               - class com.almasb.fxgl.io.FileSystemService
02:44:40.049 [FXGL Background Thread 3 ] DEBUG Engine               - class com.almasb.fxgl.localization.LocalizationService
02:44:40.049 [FXGL Background Thread 3 ] DEBUG Engine               - class com.almasb.fxgl.app.services.SystemBundleService
02:44:40.049 [FXGL Background Thread 3 ] DEBUG Engine               - class com.almasb.fxgl.profile.SaveLoadService
02:44:40.049 [FXGL Background Thread 3 ] DEBUG Engine               - class com.almasb.fxgl.ui.FXGLUIFactoryServiceProvider
02:44:40.049 [FXGL Background Thread 3 ] DEBUG Engine               - class com.almasb.fxgl.ui.FXGLDialogFactoryServiceProvider
02:44:40.049 [FXGL Background Thread 3 ] DEBUG Engine               - class com.almasb.fxgl.audio.AudioPlayer
02:44:40.049 [FXGL Background Thread 3 ] DEBUG Engine               - class com.almasb.fxgl.notification.impl.NotificationServiceProvider
02:44:40.049 [FXGL Background Thread 3 ] DEBUG Engine               - class com.almasb.fxgl.achievement.AchievementService
02:44:40.049 [FXGL Background Thread 3 ] DEBUG Engine               - class com.almasb.fxgl.cutscene.CutsceneService
02:44:40.049 [FXGL Background Thread 3 ] DEBUG Engine               - class com.almasb.fxgl.minigames.MiniGameService
02:44:40.050 [FXGL Background Thread 3 ] DEBUG Engine               - class com.almasb.fxgl.net.NetService
02:44:40.050 [FXGL Background Thread 3 ] DEBUG Engine               - class com.almasb.fxgl.app.services.UpdaterService
02:44:40.050 [FXGL Background Thread 3 ] DEBUG Engine               - class com.almasb.fxgl.dev.DevService
02:44:40.191 [JavaFX Application Thread] DEBUG FXGLAssetLoaderServi - Loading from file system: file:/C:/Users/ryles/Downloads/ComProg_Project/target/classes/assets/textures/enemy_sprite.png
02:44:40.197 [JavaFX Application Thread] DEBUG FXGLAssetLoaderServi - Loading from file system: file:/C:/Users/ryles/Downloads/ComProg_Project/target/classes/assets/textures/explosion_sprite.png
02:44:50.475 [JavaFX Application Thread] DEBUG FXGLAssetLoaderServi - Loading from file system: file:/C:/Users/ryles/Downloads/ComProg_Project/target/classes/assets/textures/bullet_sprite.png
02:45:11.174 [JavaFX Application Thread] DEBUG FXGLApplication      - Exiting FXGL
02:45:11.174 [JavaFX Application Thread] DEBUG LoopRunner           - Stopping loop
02:45:11.174 [JavaFX Application Thread] DEBUG SystemBundleService  - Saving FXGL system data
02:45:11.176 [JavaFX Application Thread] DEBUG FileSystemAccess     - Writing to: C:\Users\ryles\Downloads\ComProg_Project\system\fxgl.bundle
02:45:11.178 [JavaFX Application Thread] DEBUG Async                - Shutting down background threads
02:45:11.178 [JavaFX Application Thread] DEBUG PrimaryStageWindow   - Closing main window
02:45:11.191 [JavaFX Application Thread] DEBUG Logger               - Closing Logger
