00:08:58.997 [main                     ] DEBUG Logger               - Configured Logger
00:08:59.009 [main                     ] DEBUG GameApplication      - Logging settings
Title: Untitled
Version: 0.0
Width: 1280
Height: 720
Fullscreen: false
Intro: false
Profiling: false
Single step:false
App Mode: DEVELOPER
Menu Key: ESCAPE
Stage Style: DECORATED
Scene Factory: class org.group1.GamePackage.Factory.MainSceneFactory

00:08:59.363 [JavaFX Application Thread] DEBUG FXGLApplication      - Initializing FXGL
00:08:59.369 [JavaFX Application Thread] INFO  Engine               - FXGL-25 (05.02.2026 22.57) on WINDOWS (J:25.0.1 FX:21.0.6)
00:08:59.369 [JavaFX Application Thread] DEBUG Engine               - JRE Vendor Name: Oracle Corporation
00:08:59.369 [JavaFX Application Thread] DEBUG Engine               - Running on OS: Windows 11 version 10.0
00:08:59.370 [JavaFX Application Thread] DEBUG Engine               - Architecture: amd64
00:08:59.370 [JavaFX Application Thread] INFO  Engine               - Source code and latest versions at: https://github.com/AlmasB/FXGL
00:08:59.370 [JavaFX Application Thread] INFO  Engine               -       Ask questions and discuss at: https://github.com/AlmasB/FXGL/discussions
00:08:59.481 [JavaFX Application Thread] DEBUG PrimaryStageWindow   - Creating a JavaFX scene
00:08:59.481 [JavaFX Application Thread] DEBUG PrimaryStageWindow   - Target size > screen size
00:08:59.536 [JavaFX Application Thread] DEBUG PrimaryStageWindow   - Target settings size: 1280.0 x 720.0
00:08:59.536 [JavaFX Application Thread] DEBUG PrimaryStageWindow   - Scaled scene size:    1169.0 x 671.0
00:08:59.536 [JavaFX Application Thread] DEBUG PrimaryStageWindow   - Scaled ratio: (0.91328125, 0.9319444444444445)
00:08:59.537 [JavaFX Application Thread] DEBUG PrimaryStageWindow   - Set initial scene to FXGLStartupScene
00:08:59.539 [JavaFX Application Thread] DEBUG PrimaryStageWindow   - Opening main window
00:08:59.635 [JavaFX Application Thread] DEBUG PrimaryStageWindow   - Window border size: (15.0, 37.66668701171875)
00:08:59.636 [JavaFX Application Thread] DEBUG PrimaryStageWindow   - Scaled size: 1169.0 x 671.0
00:08:59.636 [JavaFX Application Thread] DEBUG PrimaryStageWindow   - Scaled ratio: (0.91328125, 0.9319444444444445)
00:08:59.636 [JavaFX Application Thread] DEBUG PrimaryStageWindow   - Scene size: 1169.0 x 671.0
00:08:59.637 [JavaFX Application Thread] DEBUG PrimaryStageWindow   - Stage size: 1184.0 x 708.6666870117188
00:08:59.652 [FXGL Background Thread 1 ] DEBUG Engine               - Initializing environment variables
00:08:59.759 [FXGL Background Thread 1 ] DEBUG FXGLAssetLoaderServi - User app class for loading assets: class org.group1.GamePackage.Application
00:08:59.759 [FXGL Background Thread 1 ] DEBUG GameApplicationServi - Applying CSS: fxgl_dark.css
00:08:59.760 [FXGL Background Thread 1 ] DEBUG FXGLAssetLoaderServi - Loading from file system: jar:file:///C:/Users/ryles/.m2/repository/com/github/almasb/fxgl/25/fxgl-25.jar!/fxglassets/ui/css/fxgl_dark.css
00:08:59.821 [FXGL Background Thread 1 ] DEBUG GameApplicationServi - Initializing application scenes
00:08:59.923 [FXGL Background Thread 1 ] DEBUG GameWorld            - Game world initialized
00:08:59.992 [FXGL Background Thread 1 ] DEBUG PhysicsWorld         - Physics world initialized: appHeight=720, physics.ppm=50.0
00:08:59.993 [FXGL Background Thread 1 ] DEBUG PhysicsWorld         - Using strategy: BRUTE_FORCE
00:09:00.000 [FXGL Background Thread 1 ] DEBUG GameScene            - Game scene initialized: 1280x720
00:09:00.019 [FXGL Background Thread 1 ] DEBUG FXGL.DefaultMenu     - createMenuBodyGameMenu()
00:09:00.031 [FXGL Background Thread 1 ] DEBUG FXGL.DefaultMenu     - createOptionsMenu()
00:09:00.046 [FXGL Background Thread 1 ] DEBUG FXGLAssetLoaderServi - Loading from file system: jar:file:///C:/Users/ryles/.m2/repository/com/github/almasb/fxgl/25/fxgl-25.jar!/fxglassets/textures/particles/smoke.png
00:09:00.182 [FXGL Background Thread 1 ] DEBUG FXGLAssetLoaderServi - Loading from file system: jar:file:///C:/Users/ryles/.m2/repository/com/github/almasb/fxgl/25/fxgl-25.jar!/fxglassets/textures/particles/trace_horizontal.png
00:09:00.221 [FXGL Background Thread 1 ] DEBUG GameApplicationServi - Application scenes initialized
00:09:00.232 [FXGL Background Thread 1 ] DEBUG SystemBundleService  - Loading FXGL system data
00:09:00.237 [FXGL Background Thread 1 ] DEBUG FileSystemAccess     - Reading from: C:\Users\ryles\Downloads\ComProg_Project\system\fxgl.bundle
00:09:00.248 [FXGL Background Thread 1 ] DEBUG SystemBundleService  - Bundle FXGL: {}
00:09:00.248 [FXGL Background Thread 1 ] DEBUG UpdaterService       - Checking for updates
00:09:00.252 [FXGL Background Thread 4 ] DEBUG FXGLApplication      - Loading fonts
00:09:00.253 [FXGL Background Thread 4 ] DEBUG FXGLAssetLoaderServi - Loading from file system: jar:file:///C:/Users/ryles/.m2/repository/com/github/almasb/fxgl/25/fxgl-25.jar!/fxglassets/ui/fonts/VarelaRound-Regular.ttf
00:09:00.253 [FXGL Background Thread 1 ] DEBUG FXGLApplication      - Loading default localization
00:09:00.254 [FXGL Background Thread 1 ] DEBUG FXGLAssetLoaderServi - Loading from file system: jar:file:///C:/Users/ryles/.m2/repository/com/github/almasb/fxgl/25/fxgl-25.jar!/fxglassets/languages/english.lang
00:09:00.275 [FXGL Background Thread 1 ] INFO  FXGLApplication      - FXGL initialization took: 0.622 sec
00:09:00.299 [JavaFX Application Thread] DEBUG Input                - Registered new binding: Move left - A
00:09:00.300 [JavaFX Application Thread] DEBUG Input                - Registered new binding: Move right - D
00:09:00.300 [JavaFX Application Thread] DEBUG Input                - Registered new binding: Move down - S
00:09:00.300 [JavaFX Application Thread] DEBUG Input                - Registered new binding: Move up - W
00:09:00.300 [JavaFX Application Thread] DEBUG Input                - Registered new binding: Shoot - Space
00:09:00.301 [JavaFX Application Thread] DEBUG FXGLAssetLoaderServi - Loading from file system: jar:file:///C:/Users/ryles/.m2/repository/com/github/almasb/fxgl/25/fxgl-25.jar!/fxglassets/textures/fxgl_icon.png
00:09:00.313 [FXGL Background Thread 4 ] DEBUG FXGLAssetLoaderServi - Loading from file system: jar:file:///C:/Users/ryles/.m2/repository/com/github/almasb/fxgl/25/fxgl-25.jar!/fxglassets/ui/fonts/Abel-Regular.ttf
00:09:00.320 [FXGL Background Thread 4 ] DEBUG FXGLAssetLoaderServi - Loading from file system: jar:file:///C:/Users/ryles/.m2/repository/com/github/almasb/fxgl/25/fxgl-25.jar!/fxglassets/ui/fonts/TerminalLandMono-Regular.otf
00:09:00.329 [FXGL Background Thread 4 ] DEBUG FXGLAssetLoaderServi - Loading from file system: jar:file:///C:/Users/ryles/.m2/repository/com/github/almasb/fxgl/25/fxgl-25.jar!/fxglassets/ui/fonts/Courier-Prime.ttf
00:09:00.334 [JavaFX Application Thread] DEBUG FXGLAssetLoaderServi - Loading from file system: jar:file:///C:/Users/ryles/.m2/repository/com/github/almasb/fxgl/25/fxgl-25.jar!/fxglassets/textures/fxgl_default_cursor.png
00:09:00.337 [JavaFX Application Thread] DEBUG Input                - Registered new binding: Screenshot - CTRL+8
00:09:00.339 [JavaFX Application Thread] DEBUG Input                - Registered new binding: System info dump - CTRL+9
00:09:00.340 [JavaFX Application Thread] DEBUG Input                - Registered new binding: Restart - CTRL+R
00:09:00.341 [JavaFX Application Thread] DEBUG Input                - Registered new binding: Toggle Debug Camera - CTRL+7
00:09:00.345 [JavaFX Application Thread] DEBUG LoopRunner           - Starting loop
00:09:00.345 [JavaFX Application Thread] DEBUG LoopRunner           - Initializing JavaFX AnimationTimerLoop
00:09:00.348 [JavaFX Application Thread] DEBUG Input                - Clearing active input actions
00:09:00.363 [JavaFX Application Thread] DEBUG GameApplicationServi - Removing overlay from FXGLStartupScene and adding to FXGLMainMenuDummyScene
00:09:00.364 [JavaFX Application Thread] DEBUG PrimaryStageWindow   - FXGLStartupScene -> FXGLMainMenuDummyScene
00:09:00.364 [JavaFX Application Thread] DEBUG PrimaryStageWindow   - Push state: MenuInterface
00:09:00.365 [JavaFX Application Thread] DEBUG Input                - Clearing active input actions
00:09:00.373 [JavaFX Application Thread] DEBUG GameApplicationServi - Removing overlay from FXGLMainMenuDummyScene and adding to MenuInterface
00:09:00.373 [JavaFX Application Thread] DEBUG PrimaryStageWindow   - FXGLMainMenuDummyScene -> MenuInterface
00:09:00.443 [JavaFX Application Thread] DEBUG FXGLApplication      - Registering font factories with UI factory
00:09:01.147 [JavaFX Application Thread] DEBUG Menu                 - fireNewGame()
00:09:01.147 [JavaFX Application Thread] DEBUG GameApplicationServi - Starting new game
00:09:01.147 [JavaFX Application Thread] DEBUG PrimaryStageWindow   - Pop state: MenuInterface
00:09:01.147 [JavaFX Application Thread] DEBUG Input                - Clearing active input actions
00:09:01.149 [JavaFX Application Thread] DEBUG GameApplicationServi - Removing overlay from MenuInterface and adding to FXGLMainMenuDummyScene
00:09:01.149 [JavaFX Application Thread] DEBUG PrimaryStageWindow   - FXGLMainMenuDummyScene <- MenuInterface
00:09:01.149 [JavaFX Application Thread] DEBUG Input                - Clearing active input actions
00:09:01.156 [JavaFX Application Thread] DEBUG GameApplicationServi - Removing overlay from FXGLMainMenuDummyScene and adding to LoadingInterface
00:09:01.156 [JavaFX Application Thread] DEBUG PrimaryStageWindow   - FXGLMainMenuDummyScene -> LoadingInterface
00:09:01.156 [JavaFX Application Thread] DEBUG GameApplicationServi - Clearing previous game
00:09:01.156 [JavaFX Application Thread] DEBUG GameScene            - Clearing game scene
00:09:01.156 [JavaFX Application Thread] DEBUG GameWorld            - Clearing game world
00:09:01.156 [JavaFX Application Thread] DEBUG PhysicsWorld         - Clearing physics world
00:09:01.159 [FXGL Background Thread 2 ] DEBUG FXGLApplication      - Initializing game
00:09:01.171 [FXGL Background Thread 2 ] DEBUG FXGLAssetLoaderServi - Loading from file system: file:/C:/Users/ryles/Downloads/ComProg_Project/target/classes/assets/textures/background.png
00:09:01.313 [FXGL Background Thread 2 ] DEBUG FXGLAssetLoaderServi - Loading from file system: file:/C:/Users/ryles/Downloads/ComProg_Project/target/classes/assets/textures/background_stars1.png
00:09:01.479 [FXGL Background Thread 2 ] DEBUG FXGLAssetLoaderServi - Loading from file system: file:/C:/Users/ryles/Downloads/ComProg_Project/target/classes/assets/textures/background_stars2.png
00:09:01.521 [FXGL Background Thread 2 ] DEBUG FXGLAssetLoaderServi - Loading from file system: file:/C:/Users/ryles/Downloads/ComProg_Project/target/classes/assets/textures/background_stars3.png
00:09:01.559 [FXGL Background Thread 2 ] DEBUG FXGLAssetLoaderServi - Loading from file system: file:/C:/Users/ryles/Downloads/ComProg_Project/target/classes/assets/textures/background_cloud1.png
00:09:01.570 [FXGL Background Thread 2 ] DEBUG FXGLAssetLoaderServi - Loading from file system: file:/C:/Users/ryles/Downloads/ComProg_Project/target/classes/assets/textures/background_cloud2.png
00:09:01.585 [FXGL Background Thread 2 ] DEBUG FXGLAssetLoaderServi - Loading from file system: file:/C:/Users/ryles/Downloads/ComProg_Project/target/classes/assets/textures/background_mist1.png
00:09:01.599 [FXGL Background Thread 2 ] DEBUG FXGLAssetLoaderServi - Loading from file system: file:/C:/Users/ryles/Downloads/ComProg_Project/target/classes/assets/textures/background_hills.png
00:09:01.627 [FXGL Background Thread 2 ] DEBUG FXGLAssetLoaderServi - Loading from file system: file:/C:/Users/ryles/Downloads/ComProg_Project/target/classes/assets/textures/background_forest.png
00:09:01.646 [FXGL Background Thread 2 ] DEBUG FXGLAssetLoaderServi - Loading from file system: file:/C:/Users/ryles/Downloads/ComProg_Project/target/classes/assets/textures/background_large_forest.png
00:09:01.687 [FXGL Background Thread 2 ] DEBUG FXGLAssetLoaderServi - Loading from file system: file:/C:/Users/ryles/Downloads/ComProg_Project/target/classes/assets/textures/idle_sprite.png
00:09:01.695 [FXGL Background Thread 2 ] DEBUG FXGLAssetLoaderServi - Loading from file system: file:/C:/Users/ryles/Downloads/ComProg_Project/target/classes/assets/textures/down_sprite.png
00:09:01.699 [FXGL Background Thread 2 ] DEBUG FXGLAssetLoaderServi - Loading from file system: file:/C:/Users/ryles/Downloads/ComProg_Project/target/classes/assets/textures/up_sprite.png
00:09:01.713 [FXGL Background Thread 2 ] DEBUG FXGLAssetLoaderServi - Loading from file system: file:/C:/Users/ryles/Downloads/ComProg_Project/target/classes/assets/music/main_music.wav
00:09:01.856 [FXGL Background Thread 2 ] DEBUG AudioPlayer          - Playing music com.almasb.fxgl.audio.Music@6caf5184
00:09:01.863 [FXGL Background Thread 2 ] INFO  FXGLApplication      - Game initialization took: 0.703 sec
00:09:01.865 [JavaFX Application Thread] DEBUG Input                - Clearing active input actions
00:09:01.874 [JavaFX Application Thread] DEBUG GameApplicationServi - Removing overlay from LoadingInterface and adding to GameScene
00:09:01.874 [JavaFX Application Thread] DEBUG PrimaryStageWindow   - LoadingInterface -> GameScene
00:09:02.822 [JavaFX Application Thread] DEBUG FXGLAssetLoaderServi - Loading from file system: file:/C:/Users/ryles/Downloads/ComProg_Project/target/classes/assets/textures/bullet_sprite.png
00:09:03.251 [FXGL Background Thread 3 ] DEBUG Engine               - Logging environment variables
00:09:03.251 [FXGL Background Thread 3 ] DEBUG Engine               - achievements: []
00:09:03.251 [FXGL Background Thread 3 ] DEBUG Engine               - actualHeight: 671.0
00:09:03.252 [FXGL Background Thread 3 ] DEBUG Engine               - actualHeightProperty: ReadOnlyDoubleProperty [value: 671.0]
00:09:03.252 [FXGL Background Thread 3 ] DEBUG Engine               - actualWidth: 1169.0
00:09:03.252 [FXGL Background Thread 3 ] DEBUG Engine               - actualWidthProperty: ReadOnlyDoubleProperty [value: 1169.0]
00:09:03.252 [FXGL Background Thread 3 ] DEBUG Engine               - appIcon: fxgl_icon.png
00:09:03.252 [FXGL Background Thread 3 ] DEBUG Engine               - applicationMode: DEVELOPER
00:09:03.252 [FXGL Background Thread 3 ] DEBUG Engine               - cSSList: [fxgl_dark.css]
00:09:03.252 [FXGL Background Thread 3 ] DEBUG Engine               - collisionDetectionStrategy: BRUTE_FORCE
00:09:03.252 [FXGL Background Thread 3 ] DEBUG Engine               - configClass: Optional.empty
00:09:03.252 [FXGL Background Thread 3 ] DEBUG Engine               - credits: []
00:09:03.253 [FXGL Background Thread 3 ] DEBUG Engine               - defaultCursor: CursorInfo(imageName=fxgl_default_cursor.png, hotspotX=7.0, hotspotY=6.0)
00:09:03.253 [FXGL Background Thread 3 ] DEBUG Engine               - devBBoxColorProperty: ObjectProperty [value: 0xff0000ff]
00:09:03.254 [FXGL Background Thread 3 ] DEBUG Engine               - devEnableDebugCameraProperty: BooleanProperty [value: false]
00:09:03.254 [FXGL Background Thread 3 ] DEBUG Engine               - devSensorColorProperty: ObjectProperty [value: 0xffff00ff]
00:09:03.254 [FXGL Background Thread 3 ] DEBUG Engine               - devShowBBoxProperty: BooleanProperty [value: false]
00:09:03.254 [FXGL Background Thread 3 ] DEBUG Engine               - devShowPositionProperty: BooleanProperty [value: false]
00:09:03.254 [FXGL Background Thread 3 ] DEBUG Engine               - enabledMenuItems: []
00:09:03.254 [FXGL Background Thread 3 ] DEBUG Engine               - engineServices: [class com.almasb.fxgl.app.services.FXGLAssetLoaderService, class com.almasb.fxgl.app.FXGLApplication$GameApplicationService, class com.almasb.fxgl.app.services.FXGLDialogService, class com.almasb.fxgl.app.services.IOTaskExecutorService, class com.almasb.fxgl.io.FileSystemService, class com.almasb.fxgl.localization.LocalizationService, class com.almasb.fxgl.app.services.SystemBundleService, class com.almasb.fxgl.profile.SaveLoadService, class com.almasb.fxgl.ui.FXGLUIFactoryServiceProvider, class com.almasb.fxgl.ui.FXGLDialogFactoryServiceProvider, class com.almasb.fxgl.audio.AudioPlayer, class com.almasb.fxgl.notification.impl.NotificationServiceProvider, class com.almasb.fxgl.achievement.AchievementService, class com.almasb.fxgl.cutscene.CutsceneService, class com.almasb.fxgl.minigames.MiniGameService, class com.almasb.fxgl.net.NetService, class com.almasb.fxgl.app.services.UpdaterService, class com.almasb.fxgl.dev.DevService]
00:09:03.254 [FXGL Background Thread 3 ] DEBUG Engine               - fontGame: Abel-Regular.ttf
00:09:03.254 [FXGL Background Thread 3 ] DEBUG Engine               - fontMono: TerminalLandMono-Regular.otf
00:09:03.254 [FXGL Background Thread 3 ] DEBUG Engine               - fontSizeScaleUI: 1.0
00:09:03.254 [FXGL Background Thread 3 ] DEBUG Engine               - fontText: Courier-Prime.ttf
00:09:03.254 [FXGL Background Thread 3 ] DEBUG Engine               - fontUI: VarelaRound-Regular.ttf
00:09:03.254 [FXGL Background Thread 3 ] DEBUG Engine               - fpsRefreshRate: 500.0 ms
00:09:03.254 [FXGL Background Thread 3 ] DEBUG Engine               - fullScreen: BooleanProperty [value: false]
00:09:03.254 [FXGL Background Thread 3 ] DEBUG Engine               - gameDifficulty: MEDIUM
00:09:03.254 [FXGL Background Thread 3 ] DEBUG Engine               - gameDifficultyProperty: ObjectProperty [value: MEDIUM]
00:09:03.254 [FXGL Background Thread 3 ] DEBUG Engine               - globalMusicVolume: 0.5
00:09:03.254 [FXGL Background Thread 3 ] DEBUG Engine               - globalMusicVolumeProperty: DoubleProperty [value: 0.5]
00:09:03.254 [FXGL Background Thread 3 ] DEBUG Engine               - globalSoundVolume: 0.5
00:09:03.255 [FXGL Background Thread 3 ] DEBUG Engine               - globalSoundVolumeProperty: DoubleProperty [value: 0.5]
00:09:03.255 [FXGL Background Thread 3 ] DEBUG Engine               - height: 720
00:09:03.255 [FXGL Background Thread 3 ] DEBUG Engine               - is3D: false
00:09:03.255 [FXGL Background Thread 3 ] DEBUG Engine               - isAndroid: false
00:09:03.255 [FXGL Background Thread 3 ] DEBUG Engine               - isBrowser: false
00:09:03.255 [FXGL Background Thread 3 ] DEBUG Engine               - isClickFeedbackEnabled: false
00:09:03.255 [FXGL Background Thread 3 ] DEBUG Engine               - isCloseConfirmation: false
00:09:03.255 [FXGL Background Thread 3 ] DEBUG Engine               - isDesktop: true
00:09:03.255 [FXGL Background Thread 3 ] DEBUG Engine               - isDeveloperMenuEnabled: false
00:09:03.255 [FXGL Background Thread 3 ] DEBUG Engine               - isEmbedded: false
00:09:03.255 [FXGL Background Thread 3 ] DEBUG Engine               - isEntityPreloadEnabled: true
00:09:03.256 [FXGL Background Thread 3 ] DEBUG Engine               - isExperimentalTiledLargeMap: false
00:09:03.256 [FXGL Background Thread 3 ] DEBUG Engine               - isFileSystemWriteAllowed: true
00:09:03.256 [FXGL Background Thread 3 ] DEBUG Engine               - isFullScreenAllowed: false
00:09:03.256 [FXGL Background Thread 3 ] DEBUG Engine               - isFullScreenFromStart: false
00:09:03.256 [FXGL Background Thread 3 ] DEBUG Engine               - isGameMenuEnabled: true
00:09:03.256 [FXGL Background Thread 3 ] DEBUG Engine               - isIOS: false
00:09:03.256 [FXGL Background Thread 3 ] DEBUG Engine               - isIntroEnabled: false
00:09:03.256 [FXGL Background Thread 3 ] DEBUG Engine               - isLinux: false
00:09:03.256 [FXGL Background Thread 3 ] DEBUG Engine               - isMac: false
00:09:03.256 [FXGL Background Thread 3 ] DEBUG Engine               - isMainMenuEnabled: true
00:09:03.256 [FXGL Background Thread 3 ] DEBUG Engine               - isManualResizeEnabled: false
00:09:03.256 [FXGL Background Thread 3 ] DEBUG Engine               - isMobile: false
00:09:03.256 [FXGL Background Thread 3 ] DEBUG Engine               - isNative: false
00:09:03.256 [FXGL Background Thread 3 ] DEBUG Engine               - isPauseMusicWhenMinimized: true
00:09:03.256 [FXGL Background Thread 3 ] DEBUG Engine               - isPreserveResizeRatio: false
00:09:03.256 [FXGL Background Thread 3 ] DEBUG Engine               - isProfilingEnabled: false
00:09:03.256 [FXGL Background Thread 3 ] DEBUG Engine               - isScaleAffectedOnResize: true
00:09:03.256 [FXGL Background Thread 3 ] DEBUG Engine               - isSingleStep: false
00:09:03.256 [FXGL Background Thread 3 ] DEBUG Engine               - isUserProfileEnabled: false
00:09:03.256 [FXGL Background Thread 3 ] DEBUG Engine               - isWindows: true
00:09:03.256 [FXGL Background Thread 3 ] DEBUG Engine               - language: ObjectProperty [value: ENGLISH]
00:09:03.256 [FXGL Background Thread 3 ] DEBUG Engine               - menuKey: ESCAPE
00:09:03.256 [FXGL Background Thread 3 ] DEBUG Engine               - mouseSensitivity: 0.2
00:09:03.256 [FXGL Background Thread 3 ] DEBUG Engine               - notificationViewClass: class com.almasb.fxgl.notification.view.XboxNotificationView
00:09:03.256 [FXGL Background Thread 3 ] DEBUG Engine               - pixelsPerMeter: 50.0
00:09:03.256 [FXGL Background Thread 3 ] DEBUG Engine               - platform: WINDOWS
00:09:03.256 [FXGL Background Thread 3 ] DEBUG Engine               - prefHeightProperty: ReadOnlyDoubleProperty [value: 720.0]
00:09:03.256 [FXGL Background Thread 3 ] DEBUG Engine               - prefWidthProperty: ReadOnlyDoubleProperty [value: 1280.0]
00:09:03.256 [FXGL Background Thread 3 ] DEBUG Engine               - profileDir: profiles/
00:09:03.256 [FXGL Background Thread 3 ] DEBUG Engine               - profileName: StringProperty [value: DEFAULT]
00:09:03.256 [FXGL Background Thread 3 ] DEBUG Engine               - randomSeed: -1
00:09:03.257 [FXGL Background Thread 3 ] DEBUG Engine               - runtimeInfo: RuntimeInfo(platform=WINDOWS, version=25, build=05.02.2026 22.57)
00:09:03.257 [FXGL Background Thread 3 ] DEBUG Engine               - saveFileExt: sav
00:09:03.257 [FXGL Background Thread 3 ] DEBUG Engine               - scaledHeightProp$fxgl: DoubleProperty [bound, value: 671.0]
00:09:03.257 [FXGL Background Thread 3 ] DEBUG Engine               - scaledWidthProp$fxgl: DoubleProperty [bound, value: 1169.0]
00:09:03.257 [FXGL Background Thread 3 ] DEBUG Engine               - sceneFactory: org.group1.GamePackage.Factory.MainSceneFactory@7b4481d9
00:09:03.257 [FXGL Background Thread 3 ] DEBUG Engine               - secondsIn24h: 60
00:09:03.257 [FXGL Background Thread 3 ] DEBUG Engine               - soundMenuBack: menu/back.wav
00:09:03.257 [FXGL Background Thread 3 ] DEBUG Engine               - soundMenuPress: menu/press.wav
00:09:03.258 [FXGL Background Thread 3 ] DEBUG Engine               - soundMenuSelect: menu/select.wav
00:09:03.258 [FXGL Background Thread 3 ] DEBUG Engine               - soundNotification: core/notification.wav
00:09:03.258 [FXGL Background Thread 3 ] DEBUG Engine               - stageStyle: DECORATED
00:09:03.258 [FXGL Background Thread 3 ] DEBUG Engine               - supportedLanguages: [ENGLISH, FRENCH, GERMAN, HUNGARIAN, RUSSIAN]
00:09:03.258 [FXGL Background Thread 3 ] DEBUG Engine               - ticksPerSecond: -1
00:09:03.258 [FXGL Background Thread 3 ] DEBUG Engine               - title: Untitled
00:09:03.258 [FXGL Background Thread 3 ] DEBUG Engine               - urlGithub: https://github.com/AlmasB/FXGL
00:09:03.258 [FXGL Background Thread 3 ] DEBUG Engine               - urlLeaderboard: http://fxgl-top.herokuapp.com/
00:09:03.258 [FXGL Background Thread 3 ] DEBUG Engine               - urlPOM: https://raw.githubusercontent.com/AlmasB/FXGL/release/README.md
00:09:03.258 [FXGL Background Thread 3 ] DEBUG Engine               - userAppClass: class org.group1.GamePackage.Application
00:09:03.258 [FXGL Background Thread 3 ] DEBUG Engine               - version: 0.0
00:09:03.258 [FXGL Background Thread 3 ] DEBUG Engine               - versionCheckDays: 7
00:09:03.258 [FXGL Background Thread 3 ] DEBUG Engine               - width: 1280
00:09:03.258 [FXGL Background Thread 3 ] DEBUG Engine               - Logging services
00:09:03.258 [FXGL Background Thread 3 ] DEBUG Engine               - class com.almasb.fxgl.app.services.FXGLAssetLoaderService
00:09:03.258 [FXGL Background Thread 3 ] DEBUG Engine               - class com.almasb.fxgl.app.FXGLApplication$GameApplicationService
00:09:03.258 [FXGL Background Thread 3 ] DEBUG Engine               - class com.almasb.fxgl.app.services.FXGLDialogService
00:09:03.258 [FXGL Background Thread 3 ] DEBUG Engine               - class com.almasb.fxgl.app.services.IOTaskExecutorService
00:09:03.258 [FXGL Background Thread 3 ] DEBUG Engine               - class com.almasb.fxgl.io.FileSystemService
00:09:03.258 [FXGL Background Thread 3 ] DEBUG Engine               - class com.almasb.fxgl.localization.LocalizationService
00:09:03.258 [FXGL Background Thread 3 ] DEBUG Engine               - class com.almasb.fxgl.app.services.SystemBundleService
00:09:03.258 [FXGL Background Thread 3 ] DEBUG Engine               - class com.almasb.fxgl.profile.SaveLoadService
00:09:03.258 [FXGL Background Thread 3 ] DEBUG Engine               - class com.almasb.fxgl.ui.FXGLUIFactoryServiceProvider
00:09:03.258 [FXGL Background Thread 3 ] DEBUG Engine               - class com.almasb.fxgl.ui.FXGLDialogFactoryServiceProvider
00:09:03.258 [FXGL Background Thread 3 ] DEBUG Engine               - class com.almasb.fxgl.audio.AudioPlayer
00:09:03.258 [FXGL Background Thread 3 ] DEBUG Engine               - class com.almasb.fxgl.notification.impl.NotificationServiceProvider
00:09:03.258 [FXGL Background Thread 3 ] DEBUG Engine               - class com.almasb.fxgl.achievement.AchievementService
00:09:03.258 [FXGL Background Thread 3 ] DEBUG Engine               - class com.almasb.fxgl.cutscene.CutsceneService
00:09:03.258 [FXGL Background Thread 3 ] DEBUG Engine               - class com.almasb.fxgl.minigames.MiniGameService
00:09:03.258 [FXGL Background Thread 3 ] DEBUG Engine               - class com.almasb.fxgl.net.NetService
00:09:03.258 [FXGL Background Thread 3 ] DEBUG Engine               - class com.almasb.fxgl.app.services.UpdaterService
00:09:03.258 [FXGL Background Thread 3 ] DEBUG Engine               - class com.almasb.fxgl.dev.DevService
00:09:03.879 [JavaFX Application Thread] DEBUG FXGLAssetLoaderServi - Loading from file system: file:/C:/Users/ryles/Downloads/ComProg_Project/target/classes/assets/textures/enemy_sprite.png
00:09:03.885 [JavaFX Application Thread] DEBUG FXGLAssetLoaderServi - Loading from file system: file:/C:/Users/ryles/Downloads/ComProg_Project/target/classes/assets/textures/explosion_sprite.png
00:09:06.691 [JavaFX Application Thread] DEBUG FXGLAssetLoaderServi - Loading from file system: file:/C:/Users/ryles/Downloads/ComProg_Project/target/classes/assets/sounds/death_sound.wav
00:09:13.398 [JavaFX Application Thread] DEBUG FXGLApplication      - Exiting FXGL
00:09:13.398 [JavaFX Application Thread] DEBUG LoopRunner           - Stopping loop
00:09:13.398 [JavaFX Application Thread] DEBUG SystemBundleService  - Saving FXGL system data
00:09:13.400 [JavaFX Application Thread] DEBUG FileSystemAccess     - Writing to: C:\Users\ryles\Downloads\ComProg_Project\system\fxgl.bundle
00:09:13.403 [JavaFX Application Thread] DEBUG Async                - Shutting down background threads
00:09:13.404 [JavaFX Application Thread] DEBUG PrimaryStageWindow   - Closing main window
00:09:13.435 [JavaFX Application Thread] DEBUG Logger               - Closing Logger
