00:07:47.630 [main                     ] DEBUG Logger               - Configured Logger
00:07:47.638 [main                     ] DEBUG GameApplication      - Logging settings
Title: Untitled
Version: 0.0
Width: 1280
Height: 720
Fullscreen: false
Intro: false
Profiling: false
Single step:false
App Mode: DEVELOPER
Menu Key: ESCAPE
Stage Style: DECORATED
Scene Factory: class org.group1.GamePackage.Factory.MainSceneFactory

00:07:48.096 [JavaFX Application Thread] DEBUG FXGLApplication      - Initializing FXGL
00:07:48.103 [JavaFX Application Thread] INFO  Engine               - FXGL-25 (05.02.2026 22.57) on WINDOWS (J:25.0.1 FX:21.0.6)
00:07:48.104 [JavaFX Application Thread] DEBUG Engine               - JRE Vendor Name: Oracle Corporation
00:07:48.104 [JavaFX Application Thread] DEBUG Engine               - Running on OS: Windows 11 version 10.0
00:07:48.104 [JavaFX Application Thread] DEBUG Engine               - Architecture: amd64
00:07:48.104 [JavaFX Application Thread] INFO  Engine               - Source code and latest versions at: https://github.com/AlmasB/FXGL
00:07:48.105 [JavaFX Application Thread] INFO  Engine               -       Ask questions and discuss at: https://github.com/AlmasB/FXGL/discussions
00:07:48.237 [JavaFX Application Thread] DEBUG PrimaryStageWindow   - Creating a JavaFX scene
00:07:48.237 [JavaFX Application Thread] DEBUG PrimaryStageWindow   - Target size > screen size
00:07:48.278 [JavaFX Application Thread] DEBUG PrimaryStageWindow   - Target settings size: 1280.0 x 720.0
00:07:48.278 [JavaFX Application Thread] DEBUG PrimaryStageWindow   - Scaled scene size:    1169.0 x 671.0
00:07:48.279 [JavaFX Application Thread] DEBUG PrimaryStageWindow   - Scaled ratio: (0.91328125, 0.9319444444444445)
00:07:48.279 [JavaFX Application Thread] DEBUG PrimaryStageWindow   - Set initial scene to FXGLStartupScene
00:07:48.283 [JavaFX Application Thread] DEBUG PrimaryStageWindow   - Opening main window
00:07:48.369 [JavaFX Application Thread] DEBUG PrimaryStageWindow   - Window border size: (15.0, 37.66668701171875)
00:07:48.369 [JavaFX Application Thread] DEBUG PrimaryStageWindow   - Scaled size: 1169.0 x 671.0
00:07:48.370 [JavaFX Application Thread] DEBUG PrimaryStageWindow   - Scaled ratio: (0.91328125, 0.9319444444444445)
00:07:48.370 [JavaFX Application Thread] DEBUG PrimaryStageWindow   - Scene size: 1169.0 x 671.0
00:07:48.370 [JavaFX Application Thread] DEBUG PrimaryStageWindow   - Stage size: 1184.0 x 708.6666870117188
00:07:48.382 [FXGL Background Thread 1 ] DEBUG Engine               - Initializing environment variables
00:07:48.461 [FXGL Background Thread 1 ] DEBUG FXGLAssetLoaderServi - User app class for loading assets: class org.group1.GamePackage.Application
00:07:48.461 [FXGL Background Thread 1 ] DEBUG GameApplicationServi - Applying CSS: fxgl_dark.css
00:07:48.462 [FXGL Background Thread 1 ] DEBUG FXGLAssetLoaderServi - Loading from file system: jar:file:///C:/Users/ryles/.m2/repository/com/github/almasb/fxgl/25/fxgl-25.jar!/fxglassets/ui/css/fxgl_dark.css
00:07:48.502 [FXGL Background Thread 1 ] DEBUG GameApplicationServi - Initializing application scenes
00:07:48.577 [FXGL Background Thread 1 ] DEBUG GameWorld            - Game world initialized
00:07:48.626 [FXGL Background Thread 1 ] DEBUG PhysicsWorld         - Physics world initialized: appHeight=720, physics.ppm=50.0
00:07:48.626 [FXGL Background Thread 1 ] DEBUG PhysicsWorld         - Using strategy: BRUTE_FORCE
00:07:48.633 [FXGL Background Thread 1 ] DEBUG GameScene            - Game scene initialized: 1280x720
00:07:48.649 [FXGL Background Thread 1 ] DEBUG FXGL.DefaultMenu     - createMenuBodyGameMenu()
00:07:48.660 [FXGL Background Thread 1 ] DEBUG FXGL.DefaultMenu     - createOptionsMenu()
00:07:48.671 [FXGL Background Thread 1 ] DEBUG FXGLAssetLoaderServi - Loading from file system: jar:file:///C:/Users/ryles/.m2/repository/com/github/almasb/fxgl/25/fxgl-25.jar!/fxglassets/textures/particles/smoke.png
00:07:48.767 [FXGL Background Thread 1 ] DEBUG FXGLAssetLoaderServi - Loading from file system: jar:file:///C:/Users/ryles/.m2/repository/com/github/almasb/fxgl/25/fxgl-25.jar!/fxglassets/textures/particles/trace_horizontal.png
00:07:48.797 [FXGL Background Thread 1 ] DEBUG GameApplicationServi - Application scenes initialized
00:07:48.808 [FXGL Background Thread 1 ] DEBUG SystemBundleService  - Loading FXGL system data
00:07:48.812 [FXGL Background Thread 1 ] DEBUG FileSystemAccess     - Reading from: C:\Users\ryles\Downloads\ComProg_Project\system\fxgl.bundle
00:07:48.823 [FXGL Background Thread 1 ] DEBUG SystemBundleService  - Bundle FXGL: {}
00:07:48.823 [FXGL Background Thread 1 ] DEBUG UpdaterService       - Checking for updates
00:07:48.828 [FXGL Background Thread 4 ] DEBUG FXGLApplication      - Loading fonts
00:07:48.829 [FXGL Background Thread 1 ] DEBUG FXGLApplication      - Loading default localization
00:07:48.829 [FXGL Background Thread 4 ] DEBUG FXGLAssetLoaderServi - Loading from file system: jar:file:///C:/Users/ryles/.m2/repository/com/github/almasb/fxgl/25/fxgl-25.jar!/fxglassets/ui/fonts/VarelaRound-Regular.ttf
00:07:48.829 [FXGL Background Thread 1 ] DEBUG FXGLAssetLoaderServi - Loading from file system: jar:file:///C:/Users/ryles/.m2/repository/com/github/almasb/fxgl/25/fxgl-25.jar!/fxglassets/languages/english.lang
00:07:48.845 [FXGL Background Thread 1 ] INFO  FXGLApplication      - FXGL initialization took: 0.463 sec
00:07:48.868 [JavaFX Application Thread] DEBUG Input                - Registered new binding: Move left - A
00:07:48.868 [JavaFX Application Thread] DEBUG Input                - Registered new binding: Move right - D
00:07:48.870 [JavaFX Application Thread] DEBUG Input                - Registered new binding: Move down - S
00:07:48.870 [JavaFX Application Thread] DEBUG Input                - Registered new binding: Move up - W
00:07:48.873 [JavaFX Application Thread] DEBUG Input                - Registered new binding: Shoot - Space
00:07:48.874 [JavaFX Application Thread] DEBUG FXGLAssetLoaderServi - Loading from file system: jar:file:///C:/Users/ryles/.m2/repository/com/github/almasb/fxgl/25/fxgl-25.jar!/fxglassets/textures/fxgl_icon.png
00:07:48.912 [JavaFX Application Thread] DEBUG FXGLAssetLoaderServi - Loading from file system: jar:file:///C:/Users/ryles/.m2/repository/com/github/almasb/fxgl/25/fxgl-25.jar!/fxglassets/textures/fxgl_default_cursor.png
00:07:48.914 [FXGL Background Thread 4 ] DEBUG FXGLAssetLoaderServi - Loading from file system: jar:file:///C:/Users/ryles/.m2/repository/com/github/almasb/fxgl/25/fxgl-25.jar!/fxglassets/ui/fonts/Abel-Regular.ttf
00:07:48.915 [JavaFX Application Thread] DEBUG Input                - Registered new binding: Screenshot - CTRL+8
00:07:48.915 [JavaFX Application Thread] DEBUG Input                - Registered new binding: System info dump - CTRL+9
00:07:48.915 [JavaFX Application Thread] DEBUG Input                - Registered new binding: Restart - CTRL+R
00:07:48.916 [JavaFX Application Thread] DEBUG Input                - Registered new binding: Toggle Debug Camera - CTRL+7
00:07:48.920 [JavaFX Application Thread] DEBUG LoopRunner           - Starting loop
00:07:48.920 [JavaFX Application Thread] DEBUG LoopRunner           - Initializing JavaFX AnimationTimerLoop
00:07:48.922 [JavaFX Application Thread] DEBUG Input                - Clearing active input actions
00:07:48.923 [FXGL Background Thread 4 ] DEBUG FXGLAssetLoaderServi - Loading from file system: jar:file:///C:/Users/ryles/.m2/repository/com/github/almasb/fxgl/25/fxgl-25.jar!/fxglassets/ui/fonts/TerminalLandMono-Regular.otf
00:07:48.928 [FXGL Background Thread 4 ] DEBUG FXGLAssetLoaderServi - Loading from file system: jar:file:///C:/Users/ryles/.m2/repository/com/github/almasb/fxgl/25/fxgl-25.jar!/fxglassets/ui/fonts/Courier-Prime.ttf
00:07:48.931 [JavaFX Application Thread] DEBUG GameApplicationServi - Removing overlay from FXGLStartupScene and adding to FXGLMainMenuDummyScene
00:07:48.932 [JavaFX Application Thread] DEBUG PrimaryStageWindow   - FXGLStartupScene -> FXGLMainMenuDummyScene
00:07:48.932 [JavaFX Application Thread] DEBUG PrimaryStageWindow   - Push state: MenuInterface
00:07:48.933 [JavaFX Application Thread] DEBUG Input                - Clearing active input actions
00:07:48.936 [JavaFX Application Thread] DEBUG GameApplicationServi - Removing overlay from FXGLMainMenuDummyScene and adding to MenuInterface
00:07:48.937 [JavaFX Application Thread] DEBUG PrimaryStageWindow   - FXGLMainMenuDummyScene -> MenuInterface
00:07:49.023 [JavaFX Application Thread] DEBUG FXGLApplication      - Registering font factories with UI factory
00:07:51.827 [FXGL Background Thread 3 ] DEBUG Engine               - Logging environment variables
00:07:51.827 [FXGL Background Thread 3 ] DEBUG Engine               - achievements: []
00:07:51.827 [FXGL Background Thread 3 ] DEBUG Engine               - actualHeight: 671.0
00:07:51.827 [FXGL Background Thread 3 ] DEBUG Engine               - actualHeightProperty: ReadOnlyDoubleProperty [value: 671.0]
00:07:51.827 [FXGL Background Thread 3 ] DEBUG Engine               - actualWidth: 1169.0
00:07:51.827 [FXGL Background Thread 3 ] DEBUG Engine               - actualWidthProperty: ReadOnlyDoubleProperty [value: 1169.0]
00:07:51.828 [FXGL Background Thread 3 ] DEBUG Engine               - appIcon: fxgl_icon.png
00:07:51.828 [FXGL Background Thread 3 ] DEBUG Engine               - applicationMode: DEVELOPER
00:07:51.828 [FXGL Background Thread 3 ] DEBUG Engine               - cSSList: [fxgl_dark.css]
00:07:51.828 [FXGL Background Thread 3 ] DEBUG Engine               - collisionDetectionStrategy: BRUTE_FORCE
00:07:51.828 [FXGL Background Thread 3 ] DEBUG Engine               - configClass: Optional.empty
00:07:51.828 [FXGL Background Thread 3 ] DEBUG Engine               - credits: []
00:07:51.828 [FXGL Background Thread 3 ] DEBUG Engine               - defaultCursor: CursorInfo(imageName=fxgl_default_cursor.png, hotspotX=7.0, hotspotY=6.0)
00:07:51.828 [FXGL Background Thread 3 ] DEBUG Engine               - devBBoxColorProperty: ObjectProperty [value: 0xff0000ff]
00:07:51.828 [FXGL Background Thread 3 ] DEBUG Engine               - devEnableDebugCameraProperty: BooleanProperty [value: false]
00:07:51.828 [FXGL Background Thread 3 ] DEBUG Engine               - devSensorColorProperty: ObjectProperty [value: 0xffff00ff]
00:07:51.828 [FXGL Background Thread 3 ] DEBUG Engine               - devShowBBoxProperty: BooleanProperty [value: false]
00:07:51.828 [FXGL Background Thread 3 ] DEBUG Engine               - devShowPositionProperty: BooleanProperty [value: false]
00:07:51.828 [FXGL Background Thread 3 ] DEBUG Engine               - enabledMenuItems: []
00:07:51.828 [FXGL Background Thread 3 ] DEBUG Engine               - engineServices: [class com.almasb.fxgl.app.services.FXGLAssetLoaderService, class com.almasb.fxgl.app.FXGLApplication$GameApplicationService, class com.almasb.fxgl.app.services.FXGLDialogService, class com.almasb.fxgl.app.services.IOTaskExecutorService, class com.almasb.fxgl.io.FileSystemService, class com.almasb.fxgl.localization.LocalizationService, class com.almasb.fxgl.app.services.SystemBundleService, class com.almasb.fxgl.profile.SaveLoadService, class com.almasb.fxgl.ui.FXGLUIFactoryServiceProvider, class com.almasb.fxgl.ui.FXGLDialogFactoryServiceProvider, class com.almasb.fxgl.audio.AudioPlayer, class com.almasb.fxgl.notification.impl.NotificationServiceProvider, class com.almasb.fxgl.achievement.AchievementService, class com.almasb.fxgl.cutscene.CutsceneService, class com.almasb.fxgl.minigames.MiniGameService, class com.almasb.fxgl.net.NetService, class com.almasb.fxgl.app.services.UpdaterService, class com.almasb.fxgl.dev.DevService]
00:07:51.828 [FXGL Background Thread 3 ] DEBUG Engine               - fontGame: Abel-Regular.ttf
00:07:51.828 [FXGL Background Thread 3 ] DEBUG Engine               - fontMono: TerminalLandMono-Regular.otf
00:07:51.828 [FXGL Background Thread 3 ] DEBUG Engine               - fontSizeScaleUI: 1.0
00:07:51.828 [FXGL Background Thread 3 ] DEBUG Engine               - fontText: Courier-Prime.ttf
00:07:51.829 [FXGL Background Thread 3 ] DEBUG Engine               - fontUI: VarelaRound-Regular.ttf
00:07:51.829 [FXGL Background Thread 3 ] DEBUG Engine               - fpsRefreshRate: 500.0 ms
00:07:51.829 [FXGL Background Thread 3 ] DEBUG Engine               - fullScreen: BooleanProperty [value: false]
00:07:51.829 [FXGL Background Thread 3 ] DEBUG Engine               - gameDifficulty: MEDIUM
00:07:51.829 [FXGL Background Thread 3 ] DEBUG Engine               - gameDifficultyProperty: ObjectProperty [value: MEDIUM]
00:07:51.829 [FXGL Background Thread 3 ] DEBUG Engine               - globalMusicVolume: 0.5
00:07:51.829 [FXGL Background Thread 3 ] DEBUG Engine               - globalMusicVolumeProperty: DoubleProperty [value: 0.5]
00:07:51.829 [FXGL Background Thread 3 ] DEBUG Engine               - globalSoundVolume: 0.5
00:07:51.829 [FXGL Background Thread 3 ] DEBUG Engine               - globalSoundVolumeProperty: DoubleProperty [value: 0.5]
00:07:51.829 [FXGL Background Thread 3 ] DEBUG Engine               - height: 720
00:07:51.829 [FXGL Background Thread 3 ] DEBUG Engine               - is3D: false
00:07:51.829 [FXGL Background Thread 3 ] DEBUG Engine               - isAndroid: false
00:07:51.829 [FXGL Background Thread 3 ] DEBUG Engine               - isBrowser: false
00:07:51.829 [FXGL Background Thread 3 ] DEBUG Engine               - isClickFeedbackEnabled: false
00:07:51.829 [FXGL Background Thread 3 ] DEBUG Engine               - isCloseConfirmation: false
00:07:51.829 [FXGL Background Thread 3 ] DEBUG Engine               - isDesktop: true
00:07:51.829 [FXGL Background Thread 3 ] DEBUG Engine               - isDeveloperMenuEnabled: false
00:07:51.829 [FXGL Background Thread 3 ] DEBUG Engine               - isEmbedded: false
00:07:51.829 [FXGL Background Thread 3 ] DEBUG Engine               - isEntityPreloadEnabled: true
00:07:51.829 [FXGL Background Thread 3 ] DEBUG Engine               - isExperimentalTiledLargeMap: false
00:07:51.829 [FXGL Background Thread 3 ] DEBUG Engine               - isFileSystemWriteAllowed: true
00:07:51.829 [FXGL Background Thread 3 ] DEBUG Engine               - isFullScreenAllowed: false
00:07:51.829 [FXGL Background Thread 3 ] DEBUG Engine               - isFullScreenFromStart: false
00:07:51.829 [FXGL Background Thread 3 ] DEBUG Engine               - isGameMenuEnabled: true
00:07:51.829 [FXGL Background Thread 3 ] DEBUG Engine               - isIOS: false
00:07:51.830 [FXGL Background Thread 3 ] DEBUG Engine               - isIntroEnabled: false
00:07:51.830 [FXGL Background Thread 3 ] DEBUG Engine               - isLinux: false
00:07:51.830 [FXGL Background Thread 3 ] DEBUG Engine               - isMac: false
00:07:51.830 [FXGL Background Thread 3 ] DEBUG Engine               - isMainMenuEnabled: true
00:07:51.830 [FXGL Background Thread 3 ] DEBUG Engine               - isManualResizeEnabled: false
00:07:51.830 [FXGL Background Thread 3 ] DEBUG Engine               - isMobile: false
00:07:51.830 [FXGL Background Thread 3 ] DEBUG Engine               - isNative: false
00:07:51.830 [FXGL Background Thread 3 ] DEBUG Engine               - isPauseMusicWhenMinimized: true
00:07:51.830 [FXGL Background Thread 3 ] DEBUG Engine               - isPreserveResizeRatio: false
00:07:51.830 [FXGL Background Thread 3 ] DEBUG Engine               - isProfilingEnabled: false
00:07:51.830 [FXGL Background Thread 3 ] DEBUG Engine               - isScaleAffectedOnResize: true
00:07:51.830 [FXGL Background Thread 3 ] DEBUG Engine               - isSingleStep: false
00:07:51.830 [FXGL Background Thread 3 ] DEBUG Engine               - isUserProfileEnabled: false
00:07:51.830 [FXGL Background Thread 3 ] DEBUG Engine               - isWindows: true
00:07:51.830 [FXGL Background Thread 3 ] DEBUG Engine               - language: ObjectProperty [value: ENGLISH]
00:07:51.830 [FXGL Background Thread 3 ] DEBUG Engine               - menuKey: ESCAPE
00:07:51.830 [FXGL Background Thread 3 ] DEBUG Engine               - mouseSensitivity: 0.2
00:07:51.830 [FXGL Background Thread 3 ] DEBUG Engine               - notificationViewClass: class com.almasb.fxgl.notification.view.XboxNotificationView
00:07:51.830 [FXGL Background Thread 3 ] DEBUG Engine               - pixelsPerMeter: 50.0
00:07:51.830 [FXGL Background Thread 3 ] DEBUG Engine               - platform: WINDOWS
00:07:51.830 [FXGL Background Thread 3 ] DEBUG Engine               - prefHeightProperty: ReadOnlyDoubleProperty [value: 720.0]
00:07:51.830 [FXGL Background Thread 3 ] DEBUG Engine               - prefWidthProperty: ReadOnlyDoubleProperty [value: 1280.0]
00:07:51.830 [FXGL Background Thread 3 ] DEBUG Engine               - profileDir: profiles/
00:07:51.830 [FXGL Background Thread 3 ] DEBUG Engine               - profileName: StringProperty [value: DEFAULT]
00:07:51.830 [FXGL Background Thread 3 ] DEBUG Engine               - randomSeed: -1
00:07:51.831 [FXGL Background Thread 3 ] DEBUG Engine               - runtimeInfo: RuntimeInfo(platform=WINDOWS, version=25, build=05.02.2026 22.57)
00:07:51.831 [FXGL Background Thread 3 ] DEBUG Engine               - saveFileExt: sav
00:07:51.831 [FXGL Background Thread 3 ] DEBUG Engine               - scaledHeightProp$fxgl: DoubleProperty [bound, value: 671.0]
00:07:51.831 [FXGL Background Thread 3 ] DEBUG Engine               - scaledWidthProp$fxgl: DoubleProperty [bound, value: 1169.0]
00:07:51.831 [FXGL Background Thread 3 ] DEBUG Engine               - sceneFactory: org.group1.GamePackage.Factory.MainSceneFactory@1f6ddd9f
00:07:51.831 [FXGL Background Thread 3 ] DEBUG Engine               - secondsIn24h: 60
00:07:51.831 [FXGL Background Thread 3 ] DEBUG Engine               - soundMenuBack: menu/back.wav
00:07:51.831 [FXGL Background Thread 3 ] DEBUG Engine               - soundMenuPress: menu/press.wav
00:07:51.831 [FXGL Background Thread 3 ] DEBUG Engine               - soundMenuSelect: menu/select.wav
00:07:51.831 [FXGL Background Thread 3 ] DEBUG Engine               - soundNotification: core/notification.wav
00:07:51.831 [FXGL Background Thread 3 ] DEBUG Engine               - stageStyle: DECORATED
00:07:51.831 [FXGL Background Thread 3 ] DEBUG Engine               - supportedLanguages: [ENGLISH, FRENCH, GERMAN, HUNGARIAN, RUSSIAN]
00:07:51.831 [FXGL Background Thread 3 ] DEBUG Engine               - ticksPerSecond: -1
00:07:51.831 [FXGL Background Thread 3 ] DEBUG Engine               - title: Untitled
00:07:51.831 [FXGL Background Thread 3 ] DEBUG Engine               - urlGithub: https://github.com/AlmasB/FXGL
00:07:51.831 [FXGL Background Thread 3 ] DEBUG Engine               - urlLeaderboard: http://fxgl-top.herokuapp.com/
00:07:51.831 [FXGL Background Thread 3 ] DEBUG Engine               - urlPOM: https://raw.githubusercontent.com/AlmasB/FXGL/release/README.md
00:07:51.831 [FXGL Background Thread 3 ] DEBUG Engine               - userAppClass: class org.group1.GamePackage.Application
00:07:51.831 [FXGL Background Thread 3 ] DEBUG Engine               - version: 0.0
00:07:51.831 [FXGL Background Thread 3 ] DEBUG Engine               - versionCheckDays: 7
00:07:51.831 [FXGL Background Thread 3 ] DEBUG Engine               - width: 1280
00:07:51.831 [FXGL Background Thread 3 ] DEBUG Engine               - Logging services
00:07:51.831 [FXGL Background Thread 3 ] DEBUG Engine               - class com.almasb.fxgl.app.services.FXGLAssetLoaderService
00:07:51.831 [FXGL Background Thread 3 ] DEBUG Engine               - class com.almasb.fxgl.app.FXGLApplication$GameApplicationService
00:07:51.831 [FXGL Background Thread 3 ] DEBUG Engine               - class com.almasb.fxgl.app.services.FXGLDialogService
00:07:51.831 [FXGL Background Thread 3 ] DEBUG Engine               - class com.almasb.fxgl.app.services.IOTaskExecutorService
00:07:51.831 [FXGL Background Thread 3 ] DEBUG Engine               - class com.almasb.fxgl.io.FileSystemService
00:07:51.831 [FXGL Background Thread 3 ] DEBUG Engine               - class com.almasb.fxgl.localization.LocalizationService
00:07:51.831 [FXGL Background Thread 3 ] DEBUG Engine               - class com.almasb.fxgl.app.services.SystemBundleService
00:07:51.831 [FXGL Background Thread 3 ] DEBUG Engine               - class com.almasb.fxgl.profile.SaveLoadService
00:07:51.831 [FXGL Background Thread 3 ] DEBUG Engine               - class com.almasb.fxgl.ui.FXGLUIFactoryServiceProvider
00:07:51.831 [FXGL Background Thread 3 ] DEBUG Engine               - class com.almasb.fxgl.ui.FXGLDialogFactoryServiceProvider
00:07:51.832 [FXGL Background Thread 3 ] DEBUG Engine               - class com.almasb.fxgl.audio.AudioPlayer
00:07:51.832 [FXGL Background Thread 3 ] DEBUG Engine               - class com.almasb.fxgl.notification.impl.NotificationServiceProvider
00:07:51.832 [FXGL Background Thread 3 ] DEBUG Engine               - class com.almasb.fxgl.achievement.AchievementService
00:07:51.832 [FXGL Background Thread 3 ] DEBUG Engine               - class com.almasb.fxgl.cutscene.CutsceneService
00:07:51.832 [FXGL Background Thread 3 ] DEBUG Engine               - class com.almasb.fxgl.minigames.MiniGameService
00:07:51.832 [FXGL Background Thread 3 ] DEBUG Engine               - class com.almasb.fxgl.net.NetService
00:07:51.832 [FXGL Background Thread 3 ] DEBUG Engine               - class com.almasb.fxgl.app.services.UpdaterService
00:07:51.832 [FXGL Background Thread 3 ] DEBUG Engine               - class com.almasb.fxgl.dev.DevService
00:07:53.244 [JavaFX Application Thread] DEBUG Menu                 - fireNewGame()
00:07:53.244 [JavaFX Application Thread] DEBUG GameApplicationServi - Starting new game
00:07:53.244 [JavaFX Application Thread] DEBUG PrimaryStageWindow   - Pop state: MenuInterface
00:07:53.244 [JavaFX Application Thread] DEBUG Input                - Clearing active input actions
00:07:53.245 [JavaFX Application Thread] DEBUG GameApplicationServi - Removing overlay from MenuInterface and adding to FXGLMainMenuDummyScene
00:07:53.245 [JavaFX Application Thread] DEBUG PrimaryStageWindow   - FXGLMainMenuDummyScene <- MenuInterface
00:07:53.245 [JavaFX Application Thread] DEBUG Input                - Clearing active input actions
00:07:53.249 [JavaFX Application Thread] DEBUG GameApplicationServi - Removing overlay from FXGLMainMenuDummyScene and adding to LoadingInterface
00:07:53.250 [JavaFX Application Thread] DEBUG PrimaryStageWindow   - FXGLMainMenuDummyScene -> LoadingInterface
00:07:53.250 [JavaFX Application Thread] DEBUG GameApplicationServi - Clearing previous game
00:07:53.250 [JavaFX Application Thread] DEBUG GameScene            - Clearing game scene
00:07:53.250 [JavaFX Application Thread] DEBUG GameWorld            - Clearing game world
00:07:53.250 [JavaFX Application Thread] DEBUG PhysicsWorld         - Clearing physics world
00:07:53.251 [FXGL Background Thread 2 ] DEBUG FXGLApplication      - Initializing game
00:07:53.262 [FXGL Background Thread 2 ] DEBUG FXGLAssetLoaderServi - Loading from file system: file:/C:/Users/ryles/Downloads/ComProg_Project/target/classes/assets/textures/background.png
00:07:53.354 [FXGL Background Thread 2 ] DEBUG FXGLAssetLoaderServi - Loading from file system: file:/C:/Users/ryles/Downloads/ComProg_Project/target/classes/assets/textures/background_stars1.png
00:07:53.430 [FXGL Background Thread 2 ] DEBUG FXGLAssetLoaderServi - Loading from file system: file:/C:/Users/ryles/Downloads/ComProg_Project/target/classes/assets/textures/background_stars2.png
00:07:53.461 [FXGL Background Thread 2 ] DEBUG FXGLAssetLoaderServi - Loading from file system: file:/C:/Users/ryles/Downloads/ComProg_Project/target/classes/assets/textures/background_stars3.png
00:07:53.490 [FXGL Background Thread 2 ] DEBUG FXGLAssetLoaderServi - Loading from file system: file:/C:/Users/ryles/Downloads/ComProg_Project/target/classes/assets/textures/background_cloud1.png
00:07:53.498 [FXGL Background Thread 2 ] DEBUG FXGLAssetLoaderServi - Loading from file system: file:/C:/Users/ryles/Downloads/ComProg_Project/target/classes/assets/textures/background_cloud2.png
00:07:53.510 [FXGL Background Thread 2 ] DEBUG FXGLAssetLoaderServi - Loading from file system: file:/C:/Users/ryles/Downloads/ComProg_Project/target/classes/assets/textures/background_mist1.png
00:07:53.520 [FXGL Background Thread 2 ] DEBUG FXGLAssetLoaderServi - Loading from file system: file:/C:/Users/ryles/Downloads/ComProg_Project/target/classes/assets/textures/background_hills.png
00:07:53.542 [FXGL Background Thread 2 ] DEBUG FXGLAssetLoaderServi - Loading from file system: file:/C:/Users/ryles/Downloads/ComProg_Project/target/classes/assets/textures/background_forest.png
00:07:53.554 [FXGL Background Thread 2 ] DEBUG FXGLAssetLoaderServi - Loading from file system: file:/C:/Users/ryles/Downloads/ComProg_Project/target/classes/assets/textures/background_large_forest.png
00:07:53.586 [FXGL Background Thread 2 ] DEBUG FXGLAssetLoaderServi - Loading from file system: file:/C:/Users/ryles/Downloads/ComProg_Project/target/classes/assets/textures/idle_sprite.png
00:07:53.590 [FXGL Background Thread 2 ] DEBUG FXGLAssetLoaderServi - Loading from file system: file:/C:/Users/ryles/Downloads/ComProg_Project/target/classes/assets/textures/down_sprite.png
00:07:53.592 [FXGL Background Thread 2 ] DEBUG FXGLAssetLoaderServi - Loading from file system: file:/C:/Users/ryles/Downloads/ComProg_Project/target/classes/assets/textures/up_sprite.png
00:07:53.603 [FXGL Background Thread 2 ] DEBUG FXGLAssetLoaderServi - Loading from file system: file:/C:/Users/ryles/Downloads/ComProg_Project/target/classes/assets/music/main_music.wav
00:07:53.716 [FXGL Background Thread 2 ] DEBUG AudioPlayer          - Playing music com.almasb.fxgl.audio.Music@18aa7abf
00:07:53.722 [FXGL Background Thread 2 ] INFO  FXGLApplication      - Game initialization took: 0.471 sec
00:07:53.722 [JavaFX Application Thread] DEBUG Input                - Clearing active input actions
00:07:53.728 [JavaFX Application Thread] DEBUG GameApplicationServi - Removing overlay from LoadingInterface and adding to GameScene
00:07:53.728 [JavaFX Application Thread] DEBUG PrimaryStageWindow   - LoadingInterface -> GameScene
00:07:54.221 [JavaFX Application Thread] DEBUG FXGLAssetLoaderServi - Loading from file system: file:/C:/Users/ryles/Downloads/ComProg_Project/target/classes/assets/textures/enemy_sprite.png
00:07:54.228 [JavaFX Application Thread] DEBUG FXGLAssetLoaderServi - Loading from file system: file:/C:/Users/ryles/Downloads/ComProg_Project/target/classes/assets/textures/explosion_sprite.png
00:07:55.168 [JavaFX Application Thread] DEBUG FXGLAssetLoaderServi - Loading from file system: file:/C:/Users/ryles/Downloads/ComProg_Project/target/classes/assets/textures/bullet_sprite.png
00:07:55.507 [JavaFX Application Thread] DEBUG FXGLAssetLoaderServi - Loading from file system: file:/C:/Users/ryles/Downloads/ComProg_Project/target/classes/assets/textures/heart_sprite.png
00:07:55.518 [JavaFX Application Thread] DEBUG FXGLAssetLoaderServi - Loading from file system: file:/C:/Users/ryles/Downloads/ComProg_Project/target/classes/assets/textures/heart_explode_sprite.png
00:07:55.544 [JavaFX Application Thread] DEBUG FXGLAssetLoaderServi - Loading from file system: file:/C:/Users/ryles/Downloads/ComProg_Project/target/classes/assets/sounds/death_sound.wav
00:07:56.975 [JavaFX Application Thread] DEBUG FXGLAssetLoaderServi - Loading from file system: file:/C:/Users/ryles/Downloads/ComProg_Project/target/classes/assets/sounds/heart_gain.wav
00:08:31.566 [JavaFX Application Thread] DEBUG FXGLAssetLoaderServi - Loading from file system: file:/C:/Users/ryles/Downloads/ComProg_Project/target/classes/assets/sounds/fah.wav
00:08:46.435 [JavaFX Application Thread] DEBUG FXGLApplication      - Exiting FXGL
00:08:46.435 [JavaFX Application Thread] DEBUG LoopRunner           - Stopping loop
00:08:46.435 [JavaFX Application Thread] DEBUG SystemBundleService  - Saving FXGL system data
00:08:46.437 [JavaFX Application Thread] DEBUG FileSystemAccess     - Writing to: C:\Users\ryles\Downloads\ComProg_Project\system\fxgl.bundle
00:08:46.439 [JavaFX Application Thread] DEBUG Async                - Shutting down background threads
00:08:46.440 [JavaFX Application Thread] DEBUG PrimaryStageWindow   - Closing main window
00:08:46.461 [JavaFX Application Thread] DEBUG Logger               - Closing Logger
