22:57:24.186 [main                     ] DEBUG Logger               - Configured Logger
22:57:24.191 [main                     ] DEBUG GameApplication      - Logging settings
Title: Untitled
Version: 0.0
Width: 1280
Height: 720
Fullscreen: false
Intro: false
Profiling: false
Single step:false
App Mode: DEVELOPER
Menu Key: ESCAPE
Stage Style: DECORATED
Scene Factory: class org.group1.GamePackage.Factory.MainSceneFactory

22:57:24.717 [JavaFX Application Thread] DEBUG FXGLApplication      - Initializing FXGL
22:57:24.718 [JavaFX Application Thread] INFO  Engine               - FXGL-25 (05.02.2026 22.57) on WINDOWS (J:25.0.2 FX:21.0.6)
22:57:24.719 [JavaFX Application Thread] DEBUG Engine               - JRE Vendor Name: Oracle Corporation
22:57:24.719 [JavaFX Application Thread] DEBUG Engine               - Running on OS: Windows 11 version 10.0
22:57:24.719 [JavaFX Application Thread] DEBUG Engine               - Architecture: amd64
22:57:24.719 [JavaFX Application Thread] INFO  Engine               - Source code and latest versions at: https://github.com/AlmasB/FXGL
22:57:24.719 [JavaFX Application Thread] INFO  Engine               -       Ask questions and discuss at: https://github.com/AlmasB/FXGL/discussions
22:57:24.780 [JavaFX Application Thread] DEBUG PrimaryStageWindow   - Creating a JavaFX scene
22:57:24.808 [JavaFX Application Thread] DEBUG PrimaryStageWindow   - Target settings size: 1280.0 x 720.0
22:57:24.808 [JavaFX Application Thread] DEBUG PrimaryStageWindow   - Scaled scene size:    1280.0 x 720.0
22:57:24.808 [JavaFX Application Thread] DEBUG PrimaryStageWindow   - Scaled ratio: (1.0, 1.0)
22:57:24.809 [JavaFX Application Thread] DEBUG PrimaryStageWindow   - Set initial scene to FXGLStartupScene
22:57:24.811 [JavaFX Application Thread] DEBUG PrimaryStageWindow   - Opening main window
22:57:24.887 [JavaFX Application Thread] DEBUG PrimaryStageWindow   - Window border size: (16.0, 39.0)
22:57:24.888 [JavaFX Application Thread] DEBUG PrimaryStageWindow   - Scaled size: 1280.0 x 720.0
22:57:24.888 [JavaFX Application Thread] DEBUG PrimaryStageWindow   - Scaled ratio: (1.0, 1.0)
22:57:24.888 [JavaFX Application Thread] DEBUG PrimaryStageWindow   - Scene size: 1280.0 x 720.0
22:57:24.888 [JavaFX Application Thread] DEBUG PrimaryStageWindow   - Stage size: 1296.0 x 759.0
22:57:24.893 [FXGL Background Thread 1 ] DEBUG Engine               - Initializing environment variables
22:57:24.934 [FXGL Background Thread 1 ] DEBUG FXGLAssetLoaderServi - User app class for loading assets: class org.group1.GamePackage.Application
22:57:24.934 [FXGL Background Thread 1 ] DEBUG GameApplicationServi - Applying CSS: fxgl_dark.css
22:57:24.935 [FXGL Background Thread 1 ] DEBUG FXGLAssetLoaderServi - Loading from file system: jar:file:///C:/Users/Wren/.m2/repository/com/github/almasb/fxgl/25/fxgl-25.jar!/fxglassets/ui/css/fxgl_dark.css
22:57:24.969 [FXGL Background Thread 1 ] DEBUG GameApplicationServi - Initializing application scenes
22:57:24.973 [FXGL Background Thread 1 ] DEBUG FXGLAssetLoaderServi - Loading from file system: file:/C:/Users/Wren/IdeaProjects/GameGame/target/classes/assets/textures/background.png
22:57:25.067 [FXGL Background Thread 1 ] DEBUG FXGLAssetLoaderServi - Loading from file system: file:/C:/Users/Wren/IdeaProjects/GameGame/target/classes/assets/textures/background_stars1.png
22:57:25.114 [FXGL Background Thread 1 ] DEBUG FXGLAssetLoaderServi - Loading from file system: file:/C:/Users/Wren/IdeaProjects/GameGame/target/classes/assets/textures/background_stars2.png
22:57:25.149 [FXGL Background Thread 1 ] DEBUG FXGLAssetLoaderServi - Loading from file system: file:/C:/Users/Wren/IdeaProjects/GameGame/target/classes/assets/textures/background_stars3.png
22:57:25.178 [FXGL Background Thread 1 ] DEBUG FXGLAssetLoaderServi - Loading from file system: file:/C:/Users/Wren/IdeaProjects/GameGame/target/classes/assets/textures/background_cloud1.png
22:57:25.187 [FXGL Background Thread 1 ] DEBUG FXGLAssetLoaderServi - Loading from file system: file:/C:/Users/Wren/IdeaProjects/GameGame/target/classes/assets/textures/background_cloud2.png
22:57:25.197 [FXGL Background Thread 1 ] DEBUG FXGLAssetLoaderServi - Loading from file system: file:/C:/Users/Wren/IdeaProjects/GameGame/target/classes/assets/textures/background_mist1.png
22:57:25.204 [FXGL Background Thread 1 ] DEBUG FXGLAssetLoaderServi - Loading from file system: file:/C:/Users/Wren/IdeaProjects/GameGame/target/classes/assets/textures/background_hills.png
22:57:25.221 [FXGL Background Thread 1 ] DEBUG FXGLAssetLoaderServi - Loading from file system: file:/C:/Users/Wren/IdeaProjects/GameGame/target/classes/assets/textures/background_forest.png
22:57:25.232 [FXGL Background Thread 1 ] DEBUG FXGLAssetLoaderServi - Loading from file system: file:/C:/Users/Wren/IdeaProjects/GameGame/target/classes/assets/textures/background_large_forest.png
22:57:25.291 [FXGL Background Thread 1 ] DEBUG GameWorld            - Game world initialized
22:57:25.321 [FXGL Background Thread 1 ] DEBUG PhysicsWorld         - Physics world initialized: appHeight=720, physics.ppm=50.0
22:57:25.322 [FXGL Background Thread 1 ] DEBUG PhysicsWorld         - Using strategy: BRUTE_FORCE
22:57:25.324 [FXGL Background Thread 1 ] DEBUG GameScene            - Game scene initialized: 1280x720
22:57:25.391 [FXGL Background Thread 1 ] DEBUG GameApplicationServi - Application scenes initialized
22:57:25.399 [FXGL Background Thread 1 ] DEBUG SystemBundleService  - Loading FXGL system data
22:57:25.400 [FXGL Background Thread 1 ] DEBUG FileSystemAccess     - Reading from: C:\Users\Wren\IdeaProjects\GameGame\system\fxgl.bundle
22:57:25.402 [FXGL Background Thread 1 ] DEBUG SystemBundleService  - Bundle FXGL: {}
22:57:25.402 [FXGL Background Thread 1 ] DEBUG UpdaterService       - Checking for updates
22:57:25.406 [FXGL Background Thread 1 ] DEBUG FXGLApplication      - Loading default localization
22:57:25.405 [FXGL Background Thread 4 ] DEBUG FXGLApplication      - Loading fonts
22:57:25.406 [FXGL Background Thread 4 ] DEBUG FXGLAssetLoaderServi - Loading from file system: jar:file:///C:/Users/Wren/.m2/repository/com/github/almasb/fxgl/25/fxgl-25.jar!/fxglassets/ui/fonts/VarelaRound-Regular.ttf
22:57:25.406 [FXGL Background Thread 1 ] DEBUG FXGLAssetLoaderServi - Loading from file system: jar:file:///C:/Users/Wren/.m2/repository/com/github/almasb/fxgl/25/fxgl-25.jar!/fxglassets/languages/english.lang
22:57:25.416 [FXGL Background Thread 4 ] DEBUG FXGLAssetLoaderServi - Loading from file system: jar:file:///C:/Users/Wren/.m2/repository/com/github/almasb/fxgl/25/fxgl-25.jar!/fxglassets/ui/fonts/Abel-Regular.ttf
22:57:25.421 [FXGL Background Thread 1 ] INFO  FXGLApplication      - FXGL initialization took: 0.527 sec
22:57:25.422 [FXGL Background Thread 4 ] DEBUG FXGLAssetLoaderServi - Loading from file system: jar:file:///C:/Users/Wren/.m2/repository/com/github/almasb/fxgl/25/fxgl-25.jar!/fxglassets/ui/fonts/TerminalLandMono-Regular.otf
22:57:25.428 [FXGL Background Thread 4 ] DEBUG FXGLAssetLoaderServi - Loading from file system: jar:file:///C:/Users/Wren/.m2/repository/com/github/almasb/fxgl/25/fxgl-25.jar!/fxglassets/ui/fonts/Courier-Prime.ttf
22:57:25.437 [JavaFX Application Thread] DEBUG Input                - Registered new binding: Move left - A
22:57:25.437 [JavaFX Application Thread] DEBUG Input                - Registered new binding: Move right - D
22:57:25.437 [JavaFX Application Thread] DEBUG Input                - Registered new binding: Move down - S
22:57:25.438 [JavaFX Application Thread] DEBUG Input                - Registered new binding: Move up - W
22:57:25.438 [JavaFX Application Thread] DEBUG Input                - Registered new binding: Shoot - Space
22:57:25.439 [JavaFX Application Thread] DEBUG Input                - Registered new binding: Switch to Fire Bullet - Q
22:57:25.439 [JavaFX Application Thread] DEBUG Input                - Registered new binding: Switch to Ice Bullet - E
22:57:25.440 [JavaFX Application Thread] DEBUG FXGLAssetLoaderServi - Loading from file system: jar:file:///C:/Users/Wren/.m2/repository/com/github/almasb/fxgl/25/fxgl-25.jar!/fxglassets/textures/fxgl_icon.png
22:57:25.458 [JavaFX Application Thread] DEBUG FXGLAssetLoaderServi - Loading from file system: jar:file:///C:/Users/Wren/.m2/repository/com/github/almasb/fxgl/25/fxgl-25.jar!/fxglassets/textures/fxgl_default_cursor.png
22:57:25.461 [JavaFX Application Thread] DEBUG Input                - Registered new binding: Screenshot - CTRL+8
22:57:25.461 [JavaFX Application Thread] DEBUG Input                - Registered new binding: System info dump - CTRL+9
22:57:25.461 [JavaFX Application Thread] DEBUG Input                - Registered new binding: Restart - CTRL+R
22:57:25.463 [JavaFX Application Thread] DEBUG Input                - Registered new binding: Toggle Debug Camera - CTRL+7
22:57:25.465 [JavaFX Application Thread] DEBUG LoopRunner           - Starting loop
22:57:25.465 [JavaFX Application Thread] DEBUG LoopRunner           - Initializing JavaFX AnimationTimerLoop
22:57:25.468 [JavaFX Application Thread] DEBUG Input                - Clearing active input actions
22:57:25.475 [JavaFX Application Thread] DEBUG GameApplicationServi - Removing overlay from FXGLStartupScene and adding to FXGLMainMenuDummyScene
22:57:25.476 [JavaFX Application Thread] DEBUG PrimaryStageWindow   - FXGLStartupScene -> FXGLMainMenuDummyScene
22:57:25.476 [JavaFX Application Thread] DEBUG PrimaryStageWindow   - Push state: MenuInterface
22:57:25.477 [JavaFX Application Thread] DEBUG Input                - Clearing active input actions
22:57:25.488 [JavaFX Application Thread] DEBUG GameApplicationServi - Removing overlay from FXGLMainMenuDummyScene and adding to MenuInterface
22:57:25.489 [JavaFX Application Thread] DEBUG PrimaryStageWindow   - FXGLMainMenuDummyScene -> MenuInterface
22:57:25.581 [JavaFX Application Thread] DEBUG FXGLApplication      - Registering font factories with UI factory
22:57:26.193 [JavaFX Application Thread] DEBUG GameApplicationServi - Starting new game
22:57:26.193 [JavaFX Application Thread] DEBUG PrimaryStageWindow   - Pop state: MenuInterface
22:57:26.193 [JavaFX Application Thread] DEBUG Input                - Clearing active input actions
22:57:26.193 [JavaFX Application Thread] DEBUG GameApplicationServi - Removing overlay from MenuInterface and adding to FXGLMainMenuDummyScene
22:57:26.194 [JavaFX Application Thread] DEBUG PrimaryStageWindow   - FXGLMainMenuDummyScene <- MenuInterface
22:57:26.194 [JavaFX Application Thread] DEBUG Input                - Clearing active input actions
22:57:26.198 [JavaFX Application Thread] DEBUG GameApplicationServi - Removing overlay from FXGLMainMenuDummyScene and adding to LoadingInterface
22:57:26.198 [JavaFX Application Thread] DEBUG PrimaryStageWindow   - FXGLMainMenuDummyScene -> LoadingInterface
22:57:26.198 [JavaFX Application Thread] DEBUG GameApplicationServi - Clearing previous game
22:57:26.198 [JavaFX Application Thread] DEBUG GameScene            - Clearing game scene
22:57:26.198 [JavaFX Application Thread] DEBUG GameWorld            - Clearing game world
22:57:26.198 [JavaFX Application Thread] DEBUG PhysicsWorld         - Clearing physics world
22:57:26.199 [FXGL Background Thread 2 ] DEBUG FXGLApplication      - Initializing game
22:57:26.236 [FXGL Background Thread 2 ] DEBUG FXGLAssetLoaderServi - Loading from file system: file:/C:/Users/Wren/IdeaProjects/GameGame/target/classes/assets/textures/idle_sprite.png
22:57:26.241 [FXGL Background Thread 2 ] DEBUG FXGLAssetLoaderServi - Loading from file system: file:/C:/Users/Wren/IdeaProjects/GameGame/target/classes/assets/textures/down_sprite.png
22:57:26.245 [FXGL Background Thread 2 ] DEBUG FXGLAssetLoaderServi - Loading from file system: file:/C:/Users/Wren/IdeaProjects/GameGame/target/classes/assets/textures/up_sprite.png
22:57:26.260 [FXGL Background Thread 2 ] DEBUG FXGLAssetLoaderServi - Loading from file system: file:/C:/Users/Wren/IdeaProjects/GameGame/target/classes/assets/textures/bullet_HUD_selection.png
22:57:26.267 [FXGL Background Thread 2 ] DEBUG FXGLAssetLoaderServi - Loading from file system: file:/C:/Users/Wren/IdeaProjects/GameGame/target/classes/assets/music/main_music.wav
22:57:26.353 [FXGL Background Thread 2 ] DEBUG AudioPlayer          - Playing music com.almasb.fxgl.audio.Music@4e64b034
22:57:26.364 [FXGL Background Thread 2 ] DEBUG FXGLAssetLoaderServi - Loading from file system: file:/C:/Users/Wren/IdeaProjects/GameGame/target/classes/assets/textures/lives_09.png
22:57:26.367 [FXGL Background Thread 2 ] INFO  FXGLApplication      - Game initialization took: 0.167 sec
22:57:26.376 [JavaFX Application Thread] DEBUG Input                - Clearing active input actions
22:57:26.381 [JavaFX Application Thread] DEBUG GameApplicationServi - Removing overlay from LoadingInterface and adding to GameScene
22:57:26.381 [JavaFX Application Thread] DEBUG PrimaryStageWindow   - LoadingInterface -> GameScene
22:57:26.787 [JavaFX Application Thread] DEBUG PrimaryStageWindow   - Push state: PauseInterface
22:57:26.787 [JavaFX Application Thread] DEBUG Input                - Clearing active input actions
22:57:26.793 [JavaFX Application Thread] DEBUG GameApplicationServi - Removing overlay from GameScene and adding to PauseInterface
22:57:26.793 [JavaFX Application Thread] DEBUG PrimaryStageWindow   - GameScene -> PauseInterface
22:57:28.405 [FXGL Background Thread 3 ] DEBUG Engine               - Logging environment variables
22:57:28.405 [FXGL Background Thread 3 ] DEBUG Engine               - achievements: []
22:57:28.405 [FXGL Background Thread 3 ] DEBUG Engine               - actualHeight: 720.0
22:57:28.405 [FXGL Background Thread 3 ] DEBUG Engine               - actualHeightProperty: ReadOnlyDoubleProperty [value: 720.0]
22:57:28.405 [FXGL Background Thread 3 ] DEBUG Engine               - actualWidth: 1280.0
22:57:28.405 [FXGL Background Thread 3 ] DEBUG Engine               - actualWidthProperty: ReadOnlyDoubleProperty [value: 1280.0]
22:57:28.405 [FXGL Background Thread 3 ] DEBUG Engine               - appIcon: fxgl_icon.png
22:57:28.405 [FXGL Background Thread 3 ] DEBUG Engine               - applicationMode: DEVELOPER
22:57:28.405 [FXGL Background Thread 3 ] DEBUG Engine               - cSSList: [fxgl_dark.css]
22:57:28.405 [FXGL Background Thread 3 ] DEBUG Engine               - collisionDetectionStrategy: BRUTE_FORCE
22:57:28.405 [FXGL Background Thread 3 ] DEBUG Engine               - configClass: Optional.empty
22:57:28.405 [FXGL Background Thread 3 ] DEBUG Engine               - credits: []
22:57:28.405 [FXGL Background Thread 3 ] DEBUG Engine               - defaultCursor: CursorInfo(imageName=fxgl_default_cursor.png, hotspotX=7.0, hotspotY=6.0)
22:57:28.406 [FXGL Background Thread 3 ] DEBUG Engine               - devBBoxColorProperty: ObjectProperty [value: 0xff0000ff]
22:57:28.406 [FXGL Background Thread 3 ] DEBUG Engine               - devEnableDebugCameraProperty: BooleanProperty [value: false]
22:57:28.406 [FXGL Background Thread 3 ] DEBUG Engine               - devSensorColorProperty: ObjectProperty [value: 0xffff00ff]
22:57:28.406 [FXGL Background Thread 3 ] DEBUG Engine               - devShowBBoxProperty: BooleanProperty [value: false]
22:57:28.406 [FXGL Background Thread 3 ] DEBUG Engine               - devShowPositionProperty: BooleanProperty [value: false]
22:57:28.406 [FXGL Background Thread 3 ] DEBUG Engine               - enabledMenuItems: []
22:57:28.406 [FXGL Background Thread 3 ] DEBUG Engine               - engineServices: [class com.almasb.fxgl.app.services.FXGLAssetLoaderService, class com.almasb.fxgl.app.FXGLApplication$GameApplicationService, class com.almasb.fxgl.app.services.FXGLDialogService, class com.almasb.fxgl.app.services.IOTaskExecutorService, class com.almasb.fxgl.io.FileSystemService, class com.almasb.fxgl.localization.LocalizationService, class com.almasb.fxgl.app.services.SystemBundleService, class com.almasb.fxgl.profile.SaveLoadService, class com.almasb.fxgl.ui.FXGLUIFactoryServiceProvider, class com.almasb.fxgl.ui.FXGLDialogFactoryServiceProvider, class com.almasb.fxgl.audio.AudioPlayer, class com.almasb.fxgl.notification.impl.NotificationServiceProvider, class com.almasb.fxgl.achievement.AchievementService, class com.almasb.fxgl.cutscene.CutsceneService, class com.almasb.fxgl.minigames.MiniGameService, class com.almasb.fxgl.net.NetService, class com.almasb.fxgl.app.services.UpdaterService, class com.almasb.fxgl.dev.DevService]
22:57:28.406 [FXGL Background Thread 3 ] DEBUG Engine               - fontGame: Abel-Regular.ttf
22:57:28.406 [FXGL Background Thread 3 ] DEBUG Engine               - fontMono: TerminalLandMono-Regular.otf
22:57:28.406 [FXGL Background Thread 3 ] DEBUG Engine               - fontSizeScaleUI: 1.0
22:57:28.406 [FXGL Background Thread 3 ] DEBUG Engine               - fontText: Courier-Prime.ttf
22:57:28.406 [FXGL Background Thread 3 ] DEBUG Engine               - fontUI: VarelaRound-Regular.ttf
22:57:28.406 [FXGL Background Thread 3 ] DEBUG Engine               - fpsRefreshRate: 500.0 ms
22:57:28.406 [FXGL Background Thread 3 ] DEBUG Engine               - fullScreen: BooleanProperty [value: false]
22:57:28.406 [FXGL Background Thread 3 ] DEBUG Engine               - gameDifficulty: MEDIUM
22:57:28.406 [FXGL Background Thread 3 ] DEBUG Engine               - gameDifficultyProperty: ObjectProperty [value: MEDIUM]
22:57:28.406 [FXGL Background Thread 3 ] DEBUG Engine               - globalMusicVolume: 0.5
22:57:28.406 [FXGL Background Thread 3 ] DEBUG Engine               - globalMusicVolumeProperty: DoubleProperty [value: 0.5]
22:57:28.406 [FXGL Background Thread 3 ] DEBUG Engine               - globalSoundVolume: 0.5
22:57:28.406 [FXGL Background Thread 3 ] DEBUG Engine               - globalSoundVolumeProperty: DoubleProperty [value: 0.5]
22:57:28.406 [FXGL Background Thread 3 ] DEBUG Engine               - height: 720
22:57:28.406 [FXGL Background Thread 3 ] DEBUG Engine               - is3D: false
22:57:28.406 [FXGL Background Thread 3 ] DEBUG Engine               - isAndroid: false
22:57:28.406 [FXGL Background Thread 3 ] DEBUG Engine               - isBrowser: false
22:57:28.406 [FXGL Background Thread 3 ] DEBUG Engine               - isClickFeedbackEnabled: false
22:57:28.406 [FXGL Background Thread 3 ] DEBUG Engine               - isCloseConfirmation: false
22:57:28.406 [FXGL Background Thread 3 ] DEBUG Engine               - isDesktop: true
22:57:28.406 [FXGL Background Thread 3 ] DEBUG Engine               - isDeveloperMenuEnabled: false
22:57:28.406 [FXGL Background Thread 3 ] DEBUG Engine               - isEmbedded: false
22:57:28.406 [FXGL Background Thread 3 ] DEBUG Engine               - isEntityPreloadEnabled: true
22:57:28.406 [FXGL Background Thread 3 ] DEBUG Engine               - isExperimentalTiledLargeMap: false
22:57:28.406 [FXGL Background Thread 3 ] DEBUG Engine               - isFileSystemWriteAllowed: true
22:57:28.406 [FXGL Background Thread 3 ] DEBUG Engine               - isFullScreenAllowed: false
22:57:28.406 [FXGL Background Thread 3 ] DEBUG Engine               - isFullScreenFromStart: false
22:57:28.406 [FXGL Background Thread 3 ] DEBUG Engine               - isGameMenuEnabled: true
22:57:28.406 [FXGL Background Thread 3 ] DEBUG Engine               - isIOS: false
22:57:28.406 [FXGL Background Thread 3 ] DEBUG Engine               - isIntroEnabled: false
22:57:28.406 [FXGL Background Thread 3 ] DEBUG Engine               - isLinux: false
22:57:28.406 [FXGL Background Thread 3 ] DEBUG Engine               - isMac: false
22:57:28.406 [FXGL Background Thread 3 ] DEBUG Engine               - isMainMenuEnabled: true
22:57:28.406 [FXGL Background Thread 3 ] DEBUG Engine               - isManualResizeEnabled: false
22:57:28.406 [FXGL Background Thread 3 ] DEBUG Engine               - isMobile: false
22:57:28.406 [FXGL Background Thread 3 ] DEBUG Engine               - isNative: false
22:57:28.406 [FXGL Background Thread 3 ] DEBUG Engine               - isPauseMusicWhenMinimized: true
22:57:28.406 [FXGL Background Thread 3 ] DEBUG Engine               - isPreserveResizeRatio: false
22:57:28.406 [FXGL Background Thread 3 ] DEBUG Engine               - isProfilingEnabled: false
22:57:28.406 [FXGL Background Thread 3 ] DEBUG Engine               - isScaleAffectedOnResize: true
22:57:28.406 [FXGL Background Thread 3 ] DEBUG Engine               - isSingleStep: false
22:57:28.406 [FXGL Background Thread 3 ] DEBUG Engine               - isUserProfileEnabled: false
22:57:28.406 [FXGL Background Thread 3 ] DEBUG Engine               - isWindows: true
22:57:28.406 [FXGL Background Thread 3 ] DEBUG Engine               - language: ObjectProperty [value: ENGLISH]
22:57:28.406 [FXGL Background Thread 3 ] DEBUG Engine               - menuKey: ESCAPE
22:57:28.406 [FXGL Background Thread 3 ] DEBUG Engine               - mouseSensitivity: 0.2
22:57:28.406 [FXGL Background Thread 3 ] DEBUG Engine               - notificationViewClass: class com.almasb.fxgl.notification.view.XboxNotificationView
22:57:28.408 [FXGL Background Thread 3 ] DEBUG Engine               - pixelsPerMeter: 50.0
22:57:28.408 [FXGL Background Thread 3 ] DEBUG Engine               - platform: WINDOWS
22:57:28.408 [FXGL Background Thread 3 ] DEBUG Engine               - prefHeightProperty: ReadOnlyDoubleProperty [value: 720.0]
22:57:28.408 [FXGL Background Thread 3 ] DEBUG Engine               - prefWidthProperty: ReadOnlyDoubleProperty [value: 1280.0]
22:57:28.408 [FXGL Background Thread 3 ] DEBUG Engine               - profileDir: profiles/
22:57:28.408 [FXGL Background Thread 3 ] DEBUG Engine               - profileName: StringProperty [value: DEFAULT]
22:57:28.408 [FXGL Background Thread 3 ] DEBUG Engine               - randomSeed: -1
22:57:28.408 [FXGL Background Thread 3 ] DEBUG Engine               - runtimeInfo: RuntimeInfo(platform=WINDOWS, version=25, build=05.02.2026 22.57)
22:57:28.408 [FXGL Background Thread 3 ] DEBUG Engine               - saveFileExt: sav
22:57:28.408 [FXGL Background Thread 3 ] DEBUG Engine               - scaledHeightProp$fxgl: DoubleProperty [bound, value: 720.0]
22:57:28.408 [FXGL Background Thread 3 ] DEBUG Engine               - scaledWidthProp$fxgl: DoubleProperty [bound, value: 1280.0]
22:57:28.408 [FXGL Background Thread 3 ] DEBUG Engine               - sceneFactory: org.group1.GamePackage.Factory.MainSceneFactory@40b47014
22:57:28.408 [FXGL Background Thread 3 ] DEBUG Engine               - secondsIn24h: 60
22:57:28.408 [FXGL Background Thread 3 ] DEBUG Engine               - soundMenuBack: menu/back.wav
22:57:28.408 [FXGL Background Thread 3 ] DEBUG Engine               - soundMenuPress: menu/press.wav
22:57:28.408 [FXGL Background Thread 3 ] DEBUG Engine               - soundMenuSelect: menu/select.wav
22:57:28.408 [FXGL Background Thread 3 ] DEBUG Engine               - soundNotification: core/notification.wav
22:57:28.408 [FXGL Background Thread 3 ] DEBUG Engine               - stageStyle: DECORATED
22:57:28.408 [FXGL Background Thread 3 ] DEBUG Engine               - supportedLanguages: [ENGLISH, FRENCH, GERMAN, HUNGARIAN, RUSSIAN]
22:57:28.408 [FXGL Background Thread 3 ] DEBUG Engine               - ticksPerSecond: -1
22:57:28.408 [FXGL Background Thread 3 ] DEBUG Engine               - title: Untitled
22:57:28.408 [FXGL Background Thread 3 ] DEBUG Engine               - urlGithub: https://github.com/AlmasB/FXGL
22:57:28.408 [FXGL Background Thread 3 ] DEBUG Engine               - urlLeaderboard: http://fxgl-top.herokuapp.com/
22:57:28.408 [FXGL Background Thread 3 ] DEBUG Engine               - urlPOM: https://raw.githubusercontent.com/AlmasB/FXGL/release/README.md
22:57:28.408 [FXGL Background Thread 3 ] DEBUG Engine               - userAppClass: class org.group1.GamePackage.Application
22:57:28.408 [FXGL Background Thread 3 ] DEBUG Engine               - version: 0.0
22:57:28.408 [FXGL Background Thread 3 ] DEBUG Engine               - versionCheckDays: 7
22:57:28.408 [FXGL Background Thread 3 ] DEBUG Engine               - width: 1280
22:57:28.408 [FXGL Background Thread 3 ] DEBUG Engine               - Logging services
22:57:28.408 [FXGL Background Thread 3 ] DEBUG Engine               - class com.almasb.fxgl.app.services.FXGLAssetLoaderService
22:57:28.408 [FXGL Background Thread 3 ] DEBUG Engine               - class com.almasb.fxgl.app.FXGLApplication$GameApplicationService
22:57:28.408 [FXGL Background Thread 3 ] DEBUG Engine               - class com.almasb.fxgl.app.services.FXGLDialogService
22:57:28.408 [FXGL Background Thread 3 ] DEBUG Engine               - class com.almasb.fxgl.app.services.IOTaskExecutorService
22:57:28.408 [FXGL Background Thread 3 ] DEBUG Engine               - class com.almasb.fxgl.io.FileSystemService
22:57:28.408 [FXGL Background Thread 3 ] DEBUG Engine               - class com.almasb.fxgl.localization.LocalizationService
22:57:28.408 [FXGL Background Thread 3 ] DEBUG Engine               - class com.almasb.fxgl.app.services.SystemBundleService
22:57:28.408 [FXGL Background Thread 3 ] DEBUG Engine               - class com.almasb.fxgl.profile.SaveLoadService
22:57:28.408 [FXGL Background Thread 3 ] DEBUG Engine               - class com.almasb.fxgl.ui.FXGLUIFactoryServiceProvider
22:57:28.408 [FXGL Background Thread 3 ] DEBUG Engine               - class com.almasb.fxgl.ui.FXGLDialogFactoryServiceProvider
22:57:28.408 [FXGL Background Thread 3 ] DEBUG Engine               - class com.almasb.fxgl.audio.AudioPlayer
22:57:28.408 [FXGL Background Thread 3 ] DEBUG Engine               - class com.almasb.fxgl.notification.impl.NotificationServiceProvider
22:57:28.408 [FXGL Background Thread 3 ] DEBUG Engine               - class com.almasb.fxgl.achievement.AchievementService
22:57:28.408 [FXGL Background Thread 3 ] DEBUG Engine               - class com.almasb.fxgl.cutscene.CutsceneService
22:57:28.408 [FXGL Background Thread 3 ] DEBUG Engine               - class com.almasb.fxgl.minigames.MiniGameService
22:57:28.408 [FXGL Background Thread 3 ] DEBUG Engine               - class com.almasb.fxgl.net.NetService
22:57:28.408 [FXGL Background Thread 3 ] DEBUG Engine               - class com.almasb.fxgl.app.services.UpdaterService
22:57:28.408 [FXGL Background Thread 3 ] DEBUG Engine               - class com.almasb.fxgl.dev.DevService
22:57:34.227 [JavaFX Application Thread] DEBUG FXGLApplication      - Exiting FXGL
22:57:34.227 [JavaFX Application Thread] DEBUG LoopRunner           - Stopping loop
22:57:34.227 [JavaFX Application Thread] DEBUG SystemBundleService  - Saving FXGL system data
22:57:34.228 [JavaFX Application Thread] DEBUG FileSystemAccess     - Writing to: C:\Users\Wren\IdeaProjects\GameGame\system\fxgl.bundle
22:57:34.228 [JavaFX Application Thread] DEBUG Async                - Shutting down background threads
22:57:34.228 [JavaFX Application Thread] DEBUG PrimaryStageWindow   - Closing main window
22:57:34.238 [JavaFX Application Thread] DEBUG Logger               - Closing Logger
