01:05:08.149 [main                     ] DEBUG Logger               - Configured Logger
01:05:08.155 [main                     ] DEBUG GameApplication      - Logging settings
Title: Untitled
Version: 0.0
Width: 1280
Height: 720
Fullscreen: false
Intro: false
Profiling: false
Single step:false
App Mode: DEVELOPER
Menu Key: ESCAPE
Stage Style: DECORATED
Scene Factory: class org.group1.GamePackage.Factory.MainSceneFactory

01:05:08.659 [JavaFX Application Thread] DEBUG FXGLApplication      - Initializing FXGL
01:05:08.661 [JavaFX Application Thread] INFO  Engine               - FXGL-25 (05.02.2026 22.57) on WINDOWS (J:25.0.2 FX:21.0.6)
01:05:08.662 [JavaFX Application Thread] DEBUG Engine               - JRE Vendor Name: Oracle Corporation
01:05:08.662 [JavaFX Application Thread] DEBUG Engine               - Running on OS: Windows 11 version 10.0
01:05:08.662 [JavaFX Application Thread] DEBUG Engine               - Architecture: amd64
01:05:08.662 [JavaFX Application Thread] INFO  Engine               - Source code and latest versions at: https://github.com/AlmasB/FXGL
01:05:08.662 [JavaFX Application Thread] INFO  Engine               -       Ask questions and discuss at: https://github.com/AlmasB/FXGL/discussions
01:05:08.715 [JavaFX Application Thread] DEBUG PrimaryStageWindow   - Creating a JavaFX scene
01:05:08.743 [JavaFX Application Thread] DEBUG PrimaryStageWindow   - Target settings size: 1280.0 x 720.0
01:05:08.743 [JavaFX Application Thread] DEBUG PrimaryStageWindow   - Scaled scene size:    1280.0 x 720.0
01:05:08.743 [JavaFX Application Thread] DEBUG PrimaryStageWindow   - Scaled ratio: (1.0, 1.0)
01:05:08.744 [JavaFX Application Thread] DEBUG PrimaryStageWindow   - Set initial scene to FXGLStartupScene
01:05:08.746 [JavaFX Application Thread] DEBUG PrimaryStageWindow   - Opening main window
01:05:08.811 [JavaFX Application Thread] DEBUG PrimaryStageWindow   - Window border size: (16.0, 39.0)
01:05:08.811 [JavaFX Application Thread] DEBUG PrimaryStageWindow   - Scaled size: 1280.0 x 720.0
01:05:08.811 [JavaFX Application Thread] DEBUG PrimaryStageWindow   - Scaled ratio: (1.0, 1.0)
01:05:08.811 [JavaFX Application Thread] DEBUG PrimaryStageWindow   - Scene size: 1280.0 x 720.0
01:05:08.811 [JavaFX Application Thread] DEBUG PrimaryStageWindow   - Stage size: 1296.0 x 759.0
01:05:08.815 [FXGL Background Thread 1 ] DEBUG Engine               - Initializing environment variables
01:05:08.849 [FXGL Background Thread 1 ] DEBUG FXGLAssetLoaderServi - User app class for loading assets: class org.group1.GamePackage.Application
01:05:08.849 [FXGL Background Thread 1 ] DEBUG GameApplicationServi - Applying CSS: fxgl_dark.css
01:05:08.850 [FXGL Background Thread 1 ] DEBUG FXGLAssetLoaderServi - Loading from file system: jar:file:///C:/Users/Wren/.m2/repository/com/github/almasb/fxgl/25/fxgl-25.jar!/fxglassets/ui/css/fxgl_dark.css
01:05:08.878 [FXGL Background Thread 1 ] DEBUG GameApplicationServi - Initializing application scenes
01:05:08.921 [FXGL Background Thread 1 ] DEBUG GameWorld            - Game world initialized
01:05:08.952 [FXGL Background Thread 1 ] DEBUG PhysicsWorld         - Physics world initialized: appHeight=720, physics.ppm=50.0
01:05:08.952 [FXGL Background Thread 1 ] DEBUG PhysicsWorld         - Using strategy: BRUTE_FORCE
01:05:08.955 [FXGL Background Thread 1 ] DEBUG GameScene            - Game scene initialized: 1280x720
01:05:08.967 [FXGL Background Thread 1 ] DEBUG FXGL.DefaultMenu     - createMenuBodyGameMenu()
01:05:08.972 [FXGL Background Thread 1 ] DEBUG FXGL.DefaultMenu     - createOptionsMenu()
01:05:08.979 [FXGL Background Thread 1 ] DEBUG FXGLAssetLoaderServi - Loading from file system: jar:file:///C:/Users/Wren/.m2/repository/com/github/almasb/fxgl/25/fxgl-25.jar!/fxglassets/textures/particles/smoke.png
01:05:09.043 [FXGL Background Thread 1 ] DEBUG FXGLAssetLoaderServi - Loading from file system: jar:file:///C:/Users/Wren/.m2/repository/com/github/almasb/fxgl/25/fxgl-25.jar!/fxglassets/textures/particles/trace_horizontal.png
01:05:09.072 [FXGL Background Thread 1 ] DEBUG GameApplicationServi - Application scenes initialized
01:05:09.079 [FXGL Background Thread 1 ] DEBUG SystemBundleService  - Loading FXGL system data
01:05:09.080 [FXGL Background Thread 1 ] DEBUG FileSystemAccess     - Reading from: C:\Users\Wren\IdeaProjects\GameGame\system\fxgl.bundle
01:05:09.082 [FXGL Background Thread 1 ] DEBUG SystemBundleService  - Bundle FXGL: {}
01:05:09.082 [FXGL Background Thread 1 ] DEBUG UpdaterService       - Checking for updates
01:05:09.086 [FXGL Background Thread 4 ] DEBUG FXGLApplication      - Loading fonts
01:05:09.087 [FXGL Background Thread 1 ] DEBUG FXGLApplication      - Loading default localization
01:05:09.087 [FXGL Background Thread 4 ] DEBUG FXGLAssetLoaderServi - Loading from file system: jar:file:///C:/Users/Wren/.m2/repository/com/github/almasb/fxgl/25/fxgl-25.jar!/fxglassets/ui/fonts/VarelaRound-Regular.ttf
01:05:09.087 [FXGL Background Thread 1 ] DEBUG FXGLAssetLoaderServi - Loading from file system: jar:file:///C:/Users/Wren/.m2/repository/com/github/almasb/fxgl/25/fxgl-25.jar!/fxglassets/languages/english.lang
01:05:09.105 [FXGL Background Thread 4 ] DEBUG FXGLAssetLoaderServi - Loading from file system: jar:file:///C:/Users/Wren/.m2/repository/com/github/almasb/fxgl/25/fxgl-25.jar!/fxglassets/ui/fonts/Abel-Regular.ttf
01:05:09.110 [FXGL Background Thread 1 ] INFO  FXGLApplication      - FXGL initialization took: 0.294 sec
01:05:09.112 [FXGL Background Thread 4 ] DEBUG FXGLAssetLoaderServi - Loading from file system: jar:file:///C:/Users/Wren/.m2/repository/com/github/almasb/fxgl/25/fxgl-25.jar!/fxglassets/ui/fonts/TerminalLandMono-Regular.otf
01:05:09.116 [FXGL Background Thread 4 ] DEBUG FXGLAssetLoaderServi - Loading from file system: jar:file:///C:/Users/Wren/.m2/repository/com/github/almasb/fxgl/25/fxgl-25.jar!/fxglassets/ui/fonts/Courier-Prime.ttf
01:05:09.121 [JavaFX Application Thread] DEBUG Input                - Registered new binding: Move left - A
01:05:09.121 [JavaFX Application Thread] DEBUG Input                - Registered new binding: Move right - D
01:05:09.121 [JavaFX Application Thread] DEBUG Input                - Registered new binding: Move down - S
01:05:09.121 [JavaFX Application Thread] DEBUG Input                - Registered new binding: Move up - W
01:05:09.123 [JavaFX Application Thread] DEBUG Input                - Registered new binding: Shoot - Space
01:05:09.123 [JavaFX Application Thread] DEBUG Input                - Registered new binding: Switch to Fire Bullet - Q
01:05:09.123 [JavaFX Application Thread] DEBUG Input                - Registered new binding: Switch to Ice Bullet - E
01:05:09.124 [JavaFX Application Thread] DEBUG FXGLAssetLoaderServi - Loading from file system: jar:file:///C:/Users/Wren/.m2/repository/com/github/almasb/fxgl/25/fxgl-25.jar!/fxglassets/textures/fxgl_icon.png
01:05:09.141 [JavaFX Application Thread] DEBUG FXGLAssetLoaderServi - Loading from file system: jar:file:///C:/Users/Wren/.m2/repository/com/github/almasb/fxgl/25/fxgl-25.jar!/fxglassets/textures/fxgl_default_cursor.png
01:05:09.143 [JavaFX Application Thread] DEBUG Input                - Registered new binding: Screenshot - CTRL+8
01:05:09.144 [JavaFX Application Thread] DEBUG Input                - Registered new binding: System info dump - CTRL+9
01:05:09.144 [JavaFX Application Thread] DEBUG Input                - Registered new binding: Restart - CTRL+R
01:05:09.144 [JavaFX Application Thread] DEBUG Input                - Registered new binding: Toggle Debug Camera - CTRL+7
01:05:09.147 [JavaFX Application Thread] DEBUG LoopRunner           - Starting loop
01:05:09.147 [JavaFX Application Thread] DEBUG LoopRunner           - Initializing JavaFX AnimationTimerLoop
01:05:09.149 [JavaFX Application Thread] DEBUG Input                - Clearing active input actions
01:05:09.158 [JavaFX Application Thread] DEBUG GameApplicationServi - Removing overlay from FXGLStartupScene and adding to FXGLMainMenuDummyScene
01:05:09.158 [JavaFX Application Thread] DEBUG PrimaryStageWindow   - FXGLStartupScene -> FXGLMainMenuDummyScene
01:05:09.159 [JavaFX Application Thread] DEBUG PrimaryStageWindow   - Push state: MenuInterface
01:05:09.159 [JavaFX Application Thread] DEBUG Input                - Clearing active input actions
01:05:09.162 [JavaFX Application Thread] DEBUG GameApplicationServi - Removing overlay from FXGLMainMenuDummyScene and adding to MenuInterface
01:05:09.163 [JavaFX Application Thread] DEBUG PrimaryStageWindow   - FXGLMainMenuDummyScene -> MenuInterface
01:05:09.208 [JavaFX Application Thread] DEBUG FXGLApplication      - Registering font factories with UI factory
01:05:09.986 [JavaFX Application Thread] DEBUG FXGLApplication      - Exiting FXGL
01:05:09.987 [JavaFX Application Thread] DEBUG LoopRunner           - Stopping loop
01:05:09.987 [JavaFX Application Thread] DEBUG SystemBundleService  - Saving FXGL system data
01:05:09.988 [JavaFX Application Thread] DEBUG FileSystemAccess     - Writing to: C:\Users\Wren\IdeaProjects\GameGame\system\fxgl.bundle
01:05:09.989 [JavaFX Application Thread] DEBUG Async                - Shutting down background threads
01:05:09.989 [JavaFX Application Thread] DEBUG PrimaryStageWindow   - Closing main window
01:05:09.999 [JavaFX Application Thread] DEBUG Logger               - Closing Logger
