18:57:44.100 [main                     ] DEBUG Logger               - Configured Logger
18:57:44.124 [main                     ] DEBUG GameApplication      - Logging settings
Title: Untitled
Version: 0.0
Width: 1280
Height: 720
Fullscreen: false
Intro: false
Profiling: false
Single step:false
App Mode: DEVELOPER
Menu Key: ESCAPE
Stage Style: DECORATED
Scene Factory: class org.group1.GamePackage.Factory.MainSceneFactory

18:57:45.214 [JavaFX Application Thread] DEBUG FXGLApplication      - Initializing FXGL
18:57:45.226 [JavaFX Application Thread] INFO  Engine               - FXGL-25 (05.02.2026 22.57) on WINDOWS (J:25.0.1 FX:21.0.6)
18:57:45.228 [JavaFX Application Thread] DEBUG Engine               - JRE Vendor Name: Oracle Corporation
18:57:45.230 [JavaFX Application Thread] DEBUG Engine               - Running on OS: Windows 11 version 10.0
18:57:45.230 [JavaFX Application Thread] DEBUG Engine               - Architecture: amd64
18:57:45.230 [JavaFX Application Thread] INFO  Engine               - Source code and latest versions at: https://github.com/AlmasB/FXGL
18:57:45.230 [JavaFX Application Thread] INFO  Engine               -       Ask questions and discuss at: https://github.com/AlmasB/FXGL/discussions
18:57:45.554 [JavaFX Application Thread] DEBUG PrimaryStageWindow   - Creating a JavaFX scene
18:57:45.712 [JavaFX Application Thread] DEBUG PrimaryStageWindow   - Target settings size: 1280.0 x 720.0
18:57:45.712 [JavaFX Application Thread] DEBUG PrimaryStageWindow   - Scaled scene size:    1280.0 x 720.0
18:57:45.712 [JavaFX Application Thread] DEBUG PrimaryStageWindow   - Scaled ratio: (1.0, 1.0)
18:57:45.715 [JavaFX Application Thread] DEBUG PrimaryStageWindow   - Set initial scene to FXGLStartupScene
18:57:45.729 [JavaFX Application Thread] DEBUG PrimaryStageWindow   - Opening main window
18:57:46.001 [JavaFX Application Thread] DEBUG PrimaryStageWindow   - Window border size: (14.6666259765625, 37.33331298828125)
18:57:46.003 [JavaFX Application Thread] DEBUG PrimaryStageWindow   - Scaled size: 1280.0 x 720.0
18:57:46.004 [JavaFX Application Thread] DEBUG PrimaryStageWindow   - Scaled ratio: (1.0, 1.0)
18:57:46.006 [JavaFX Application Thread] DEBUG PrimaryStageWindow   - Scene size: 1280.0 x 720.0
18:57:46.006 [JavaFX Application Thread] DEBUG PrimaryStageWindow   - Stage size: 1294.6666259765625 x 757.3333129882812
18:57:46.036 [FXGL Background Thread 1 ] DEBUG Engine               - Initializing environment variables
18:57:46.491 [FXGL Background Thread 1 ] DEBUG FXGLAssetLoaderServi - User app class for loading assets: class org.group1.GamePackage.Application
18:57:46.492 [FXGL Background Thread 1 ] DEBUG GameApplicationServi - Applying CSS: fxgl_dark.css
18:57:46.497 [FXGL Background Thread 1 ] DEBUG FXGLAssetLoaderServi - Loading from file system: jar:file:///C:/Users/ryles/.m2/repository/com/github/almasb/fxgl/25/fxgl-25.jar!/fxglassets/ui/css/fxgl_dark.css
18:57:46.684 [FXGL Background Thread 1 ] DEBUG GameApplicationServi - Initializing application scenes
18:57:46.700 [FXGL Background Thread 1 ] DEBUG FXGLAssetLoaderServi - Loading from file system: file:/C:/Users/ryles/Downloads/ComProg_Project/target/classes/assets/textures/background.png
18:57:47.195 [FXGL Background Thread 1 ] DEBUG FXGLAssetLoaderServi - Loading from file system: file:/C:/Users/ryles/Downloads/ComProg_Project/target/classes/assets/textures/background_stars1.png
18:57:47.414 [FXGL Background Thread 1 ] DEBUG FXGLAssetLoaderServi - Loading from file system: file:/C:/Users/ryles/Downloads/ComProg_Project/target/classes/assets/textures/background_stars2.png
18:57:47.588 [FXGL Background Thread 1 ] DEBUG FXGLAssetLoaderServi - Loading from file system: file:/C:/Users/ryles/Downloads/ComProg_Project/target/classes/assets/textures/background_stars3.png
18:57:47.816 [FXGL Background Thread 1 ] DEBUG FXGLAssetLoaderServi - Loading from file system: file:/C:/Users/ryles/Downloads/ComProg_Project/target/classes/assets/textures/background_cloud1.png
18:57:47.857 [FXGL Background Thread 1 ] DEBUG FXGLAssetLoaderServi - Loading from file system: file:/C:/Users/ryles/Downloads/ComProg_Project/target/classes/assets/textures/background_cloud2.png
18:57:47.917 [FXGL Background Thread 1 ] DEBUG FXGLAssetLoaderServi - Loading from file system: file:/C:/Users/ryles/Downloads/ComProg_Project/target/classes/assets/textures/background_mist1.png
18:57:47.963 [FXGL Background Thread 1 ] DEBUG FXGLAssetLoaderServi - Loading from file system: file:/C:/Users/ryles/Downloads/ComProg_Project/target/classes/assets/textures/background_hills.png
18:57:48.068 [FXGL Background Thread 1 ] DEBUG FXGLAssetLoaderServi - Loading from file system: file:/C:/Users/ryles/Downloads/ComProg_Project/target/classes/assets/textures/background_forest.png
18:57:48.150 [FXGL Background Thread 1 ] DEBUG FXGLAssetLoaderServi - Loading from file system: file:/C:/Users/ryles/Downloads/ComProg_Project/target/classes/assets/textures/background_large_forest.png
18:57:48.592 [FXGL Background Thread 1 ] DEBUG GameWorld            - Game world initialized
18:57:48.874 [FXGL Background Thread 1 ] DEBUG PhysicsWorld         - Physics world initialized: appHeight=720, physics.ppm=50.0
18:57:48.876 [FXGL Background Thread 1 ] DEBUG PhysicsWorld         - Using strategy: BRUTE_FORCE
18:57:48.899 [FXGL Background Thread 1 ] DEBUG GameScene            - Game scene initialized: 1280x720
18:57:49.307 [FXGL Background Thread 1 ] DEBUG GameApplicationServi - Application scenes initialized
18:57:49.338 [FXGL Background Thread 1 ] DEBUG SystemBundleService  - Loading FXGL system data
18:57:49.352 [FXGL Background Thread 1 ] DEBUG FileSystemAccess     - Reading from: C:\Users\ryles\Downloads\ComProg_Project\system\fxgl.bundle
18:57:49.371 [FXGL Background Thread 1 ] DEBUG SystemBundleService  - Bundle FXGL: {}
18:57:49.371 [FXGL Background Thread 1 ] DEBUG UpdaterService       - Checking for updates
18:57:49.389 [FXGL Background Thread 4 ] DEBUG FXGLApplication      - Loading fonts
18:57:49.390 [FXGL Background Thread 4 ] DEBUG FXGLAssetLoaderServi - Loading from file system: jar:file:///C:/Users/ryles/.m2/repository/com/github/almasb/fxgl/25/fxgl-25.jar!/fxglassets/ui/fonts/VarelaRound-Regular.ttf
18:57:49.391 [FXGL Background Thread 1 ] DEBUG FXGLApplication      - Loading default localization
18:57:49.394 [FXGL Background Thread 1 ] DEBUG FXGLAssetLoaderServi - Loading from file system: jar:file:///C:/Users/ryles/.m2/repository/com/github/almasb/fxgl/25/fxgl-25.jar!/fxglassets/languages/english.lang
18:57:49.463 [FXGL Background Thread 1 ] INFO  FXGLApplication      - FXGL initialization took: 3.427 sec
18:57:49.554 [JavaFX Application Thread] DEBUG Input                - Registered new binding: Move left - A
18:57:49.554 [JavaFX Application Thread] DEBUG Input                - Registered new binding: Move right - D
18:57:49.555 [JavaFX Application Thread] DEBUG Input                - Registered new binding: Move down - S
18:57:49.555 [JavaFX Application Thread] DEBUG Input                - Registered new binding: Move up - W
18:57:49.558 [JavaFX Application Thread] DEBUG Input                - Registered new binding: Shoot - Space
18:57:49.558 [JavaFX Application Thread] DEBUG Input                - Registered new binding: Switch to Fire Bullet - Q
18:57:49.558 [JavaFX Application Thread] DEBUG Input                - Registered new binding: Switch to Ice Bullet - E
18:57:49.560 [JavaFX Application Thread] DEBUG FXGLAssetLoaderServi - Loading from file system: jar:file:///C:/Users/ryles/.m2/repository/com/github/almasb/fxgl/25/fxgl-25.jar!/fxglassets/textures/fxgl_icon.png
18:57:49.572 [FXGL Background Thread 4 ] DEBUG FXGLAssetLoaderServi - Loading from file system: jar:file:///C:/Users/ryles/.m2/repository/com/github/almasb/fxgl/25/fxgl-25.jar!/fxglassets/ui/fonts/Abel-Regular.ttf
18:57:49.593 [FXGL Background Thread 4 ] DEBUG FXGLAssetLoaderServi - Loading from file system: jar:file:///C:/Users/ryles/.m2/repository/com/github/almasb/fxgl/25/fxgl-25.jar!/fxglassets/ui/fonts/TerminalLandMono-Regular.otf
18:57:49.618 [FXGL Background Thread 4 ] DEBUG FXGLAssetLoaderServi - Loading from file system: jar:file:///C:/Users/ryles/.m2/repository/com/github/almasb/fxgl/25/fxgl-25.jar!/fxglassets/ui/fonts/Courier-Prime.ttf
18:57:49.658 [JavaFX Application Thread] DEBUG FXGLAssetLoaderServi - Loading from file system: jar:file:///C:/Users/ryles/.m2/repository/com/github/almasb/fxgl/25/fxgl-25.jar!/fxglassets/textures/fxgl_default_cursor.png
18:57:49.667 [JavaFX Application Thread] DEBUG Input                - Registered new binding: Screenshot - CTRL+8
18:57:49.669 [JavaFX Application Thread] DEBUG Input                - Registered new binding: System info dump - CTRL+9
18:57:49.670 [JavaFX Application Thread] DEBUG Input                - Registered new binding: Restart - CTRL+R
18:57:49.673 [JavaFX Application Thread] DEBUG Input                - Registered new binding: Toggle Debug Camera - CTRL+7
18:57:49.695 [JavaFX Application Thread] DEBUG LoopRunner           - Starting loop
18:57:49.695 [JavaFX Application Thread] DEBUG LoopRunner           - Initializing JavaFX AnimationTimerLoop
18:57:49.704 [JavaFX Application Thread] DEBUG Input                - Clearing active input actions
18:57:49.751 [JavaFX Application Thread] DEBUG GameApplicationServi - Removing overlay from FXGLStartupScene and adding to FXGLMainMenuDummyScene
18:57:49.752 [JavaFX Application Thread] DEBUG PrimaryStageWindow   - FXGLStartupScene -> FXGLMainMenuDummyScene
18:57:49.752 [JavaFX Application Thread] DEBUG PrimaryStageWindow   - Push state: MenuInterface
18:57:49.754 [JavaFX Application Thread] DEBUG Input                - Clearing active input actions
18:57:49.795 [JavaFX Application Thread] DEBUG GameApplicationServi - Removing overlay from FXGLMainMenuDummyScene and adding to MenuInterface
18:57:49.797 [JavaFX Application Thread] DEBUG PrimaryStageWindow   - FXGLMainMenuDummyScene -> MenuInterface
18:57:49.798 [JavaFX Application Thread] DEBUG FXGLApplication      - Registering font factories with UI factory
18:57:52.383 [FXGL Background Thread 3 ] DEBUG Engine               - Logging environment variables
18:57:52.385 [FXGL Background Thread 3 ] DEBUG Engine               - achievements: []
18:57:52.385 [FXGL Background Thread 3 ] DEBUG Engine               - actualHeight: 720.0
18:57:52.385 [FXGL Background Thread 3 ] DEBUG Engine               - actualHeightProperty: ReadOnlyDoubleProperty [value: 720.0]
18:57:52.386 [FXGL Background Thread 3 ] DEBUG Engine               - actualWidth: 1280.0
18:57:52.386 [FXGL Background Thread 3 ] DEBUG Engine               - actualWidthProperty: ReadOnlyDoubleProperty [value: 1280.0]
18:57:52.386 [FXGL Background Thread 3 ] DEBUG Engine               - appIcon: fxgl_icon.png
18:57:52.386 [FXGL Background Thread 3 ] DEBUG Engine               - applicationMode: DEVELOPER
18:57:52.386 [FXGL Background Thread 3 ] DEBUG Engine               - cSSList: [fxgl_dark.css]
18:57:52.387 [FXGL Background Thread 3 ] DEBUG Engine               - collisionDetectionStrategy: BRUTE_FORCE
18:57:52.387 [FXGL Background Thread 3 ] DEBUG Engine               - configClass: Optional.empty
18:57:52.388 [FXGL Background Thread 3 ] DEBUG Engine               - credits: []
18:57:52.395 [FXGL Background Thread 3 ] DEBUG Engine               - defaultCursor: CursorInfo(imageName=fxgl_default_cursor.png, hotspotX=7.0, hotspotY=6.0)
18:57:52.396 [FXGL Background Thread 3 ] DEBUG Engine               - devBBoxColorProperty: ObjectProperty [value: 0xff0000ff]
18:57:52.396 [FXGL Background Thread 3 ] DEBUG Engine               - devEnableDebugCameraProperty: BooleanProperty [value: false]
18:57:52.396 [FXGL Background Thread 3 ] DEBUG Engine               - devSensorColorProperty: ObjectProperty [value: 0xffff00ff]
18:57:52.396 [FXGL Background Thread 3 ] DEBUG Engine               - devShowBBoxProperty: BooleanProperty [value: false]
18:57:52.396 [FXGL Background Thread 3 ] DEBUG Engine               - devShowPositionProperty: BooleanProperty [value: false]
18:57:52.396 [FXGL Background Thread 3 ] DEBUG Engine               - enabledMenuItems: []
18:57:52.397 [FXGL Background Thread 3 ] DEBUG Engine               - engineServices: [class com.almasb.fxgl.app.services.FXGLAssetLoaderService, class com.almasb.fxgl.app.FXGLApplication$GameApplicationService, class com.almasb.fxgl.app.services.FXGLDialogService, class com.almasb.fxgl.app.services.IOTaskExecutorService, class com.almasb.fxgl.io.FileSystemService, class com.almasb.fxgl.localization.LocalizationService, class com.almasb.fxgl.app.services.SystemBundleService, class com.almasb.fxgl.profile.SaveLoadService, class com.almasb.fxgl.ui.FXGLUIFactoryServiceProvider, class com.almasb.fxgl.ui.FXGLDialogFactoryServiceProvider, class com.almasb.fxgl.audio.AudioPlayer, class com.almasb.fxgl.notification.impl.NotificationServiceProvider, class com.almasb.fxgl.achievement.AchievementService, class com.almasb.fxgl.cutscene.CutsceneService, class com.almasb.fxgl.minigames.MiniGameService, class com.almasb.fxgl.net.NetService, class com.almasb.fxgl.app.services.UpdaterService, class com.almasb.fxgl.dev.DevService]
18:57:52.397 [FXGL Background Thread 3 ] DEBUG Engine               - fontGame: Abel-Regular.ttf
18:57:52.397 [FXGL Background Thread 3 ] DEBUG Engine               - fontMono: TerminalLandMono-Regular.otf
18:57:52.397 [FXGL Background Thread 3 ] DEBUG Engine               - fontSizeScaleUI: 1.0
18:57:52.398 [FXGL Background Thread 3 ] DEBUG Engine               - fontText: Courier-Prime.ttf
18:57:52.398 [FXGL Background Thread 3 ] DEBUG Engine               - fontUI: VarelaRound-Regular.ttf
18:57:52.401 [FXGL Background Thread 3 ] DEBUG Engine               - fpsRefreshRate: 500.0 ms
18:57:52.401 [FXGL Background Thread 3 ] DEBUG Engine               - fullScreen: BooleanProperty [value: false]
18:57:52.402 [FXGL Background Thread 3 ] DEBUG Engine               - gameDifficulty: MEDIUM
18:57:52.402 [FXGL Background Thread 3 ] DEBUG Engine               - gameDifficultyProperty: ObjectProperty [value: MEDIUM]
18:57:52.402 [FXGL Background Thread 3 ] DEBUG Engine               - globalMusicVolume: 0.5
18:57:52.402 [FXGL Background Thread 3 ] DEBUG Engine               - globalMusicVolumeProperty: DoubleProperty [value: 0.5]
18:57:52.402 [FXGL Background Thread 3 ] DEBUG Engine               - globalSoundVolume: 0.5
18:57:52.402 [FXGL Background Thread 3 ] DEBUG Engine               - globalSoundVolumeProperty: DoubleProperty [value: 0.5]
18:57:52.402 [FXGL Background Thread 3 ] DEBUG Engine               - height: 720
18:57:52.403 [FXGL Background Thread 3 ] DEBUG Engine               - is3D: false
18:57:52.403 [FXGL Background Thread 3 ] DEBUG Engine               - isAndroid: false
18:57:52.404 [FXGL Background Thread 3 ] DEBUG Engine               - isBrowser: false
18:57:52.404 [FXGL Background Thread 3 ] DEBUG Engine               - isClickFeedbackEnabled: false
18:57:52.404 [FXGL Background Thread 3 ] DEBUG Engine               - isCloseConfirmation: false
18:57:52.404 [FXGL Background Thread 3 ] DEBUG Engine               - isDesktop: true
18:57:52.404 [FXGL Background Thread 3 ] DEBUG Engine               - isDeveloperMenuEnabled: false
18:57:52.404 [FXGL Background Thread 3 ] DEBUG Engine               - isEmbedded: false
18:57:52.404 [FXGL Background Thread 3 ] DEBUG Engine               - isEntityPreloadEnabled: true
18:57:52.404 [FXGL Background Thread 3 ] DEBUG Engine               - isExperimentalTiledLargeMap: false
18:57:52.405 [FXGL Background Thread 3 ] DEBUG Engine               - isFileSystemWriteAllowed: true
18:57:52.405 [FXGL Background Thread 3 ] DEBUG Engine               - isFullScreenAllowed: false
18:57:52.405 [FXGL Background Thread 3 ] DEBUG Engine               - isFullScreenFromStart: false
18:57:52.405 [FXGL Background Thread 3 ] DEBUG Engine               - isGameMenuEnabled: true
18:57:52.405 [FXGL Background Thread 3 ] DEBUG Engine               - isIOS: false
18:57:52.405 [FXGL Background Thread 3 ] DEBUG Engine               - isIntroEnabled: false
18:57:52.406 [FXGL Background Thread 3 ] DEBUG Engine               - isLinux: false
18:57:52.406 [FXGL Background Thread 3 ] DEBUG Engine               - isMac: false
18:57:52.406 [FXGL Background Thread 3 ] DEBUG Engine               - isMainMenuEnabled: true
18:57:52.406 [FXGL Background Thread 3 ] DEBUG Engine               - isManualResizeEnabled: false
18:57:52.406 [FXGL Background Thread 3 ] DEBUG Engine               - isMobile: false
18:57:52.406 [FXGL Background Thread 3 ] DEBUG Engine               - isNative: false
18:57:52.406 [FXGL Background Thread 3 ] DEBUG Engine               - isPauseMusicWhenMinimized: true
18:57:52.406 [FXGL Background Thread 3 ] DEBUG Engine               - isPreserveResizeRatio: false
18:57:52.407 [FXGL Background Thread 3 ] DEBUG Engine               - isProfilingEnabled: false
18:57:52.407 [FXGL Background Thread 3 ] DEBUG Engine               - isScaleAffectedOnResize: true
18:57:52.407 [FXGL Background Thread 3 ] DEBUG Engine               - isSingleStep: false
18:57:52.407 [FXGL Background Thread 3 ] DEBUG Engine               - isUserProfileEnabled: false
18:57:52.407 [FXGL Background Thread 3 ] DEBUG Engine               - isWindows: true
18:57:52.407 [FXGL Background Thread 3 ] DEBUG Engine               - language: ObjectProperty [value: ENGLISH]
18:57:52.407 [FXGL Background Thread 3 ] DEBUG Engine               - menuKey: ESCAPE
18:57:52.407 [FXGL Background Thread 3 ] DEBUG Engine               - mouseSensitivity: 0.2
18:57:52.408 [FXGL Background Thread 3 ] DEBUG Engine               - notificationViewClass: class com.almasb.fxgl.notification.view.XboxNotificationView
18:57:52.408 [FXGL Background Thread 3 ] DEBUG Engine               - pixelsPerMeter: 50.0
18:57:52.408 [FXGL Background Thread 3 ] DEBUG Engine               - platform: WINDOWS
18:57:52.408 [FXGL Background Thread 3 ] DEBUG Engine               - prefHeightProperty: ReadOnlyDoubleProperty [value: 720.0]
18:57:52.408 [FXGL Background Thread 3 ] DEBUG Engine               - prefWidthProperty: ReadOnlyDoubleProperty [value: 1280.0]
18:57:52.408 [FXGL Background Thread 3 ] DEBUG Engine               - profileDir: profiles/
18:57:52.408 [FXGL Background Thread 3 ] DEBUG Engine               - profileName: StringProperty [value: DEFAULT]
18:57:52.408 [FXGL Background Thread 3 ] DEBUG Engine               - randomSeed: -1
18:57:52.409 [FXGL Background Thread 3 ] DEBUG Engine               - runtimeInfo: RuntimeInfo(platform=WINDOWS, version=25, build=05.02.2026 22.57)
18:57:52.409 [FXGL Background Thread 3 ] DEBUG Engine               - saveFileExt: sav
18:57:52.409 [FXGL Background Thread 3 ] DEBUG Engine               - scaledHeightProp$fxgl: DoubleProperty [bound, value: 720.0]
18:57:52.409 [FXGL Background Thread 3 ] DEBUG Engine               - scaledWidthProp$fxgl: DoubleProperty [bound, value: 1280.0]
18:57:52.410 [FXGL Background Thread 3 ] DEBUG Engine               - sceneFactory: org.group1.GamePackage.Factory.MainSceneFactory@2b437148
18:57:52.410 [FXGL Background Thread 3 ] DEBUG Engine               - secondsIn24h: 60
18:57:52.410 [FXGL Background Thread 3 ] DEBUG Engine               - soundMenuBack: menu/back.wav
18:57:52.410 [FXGL Background Thread 3 ] DEBUG Engine               - soundMenuPress: menu/press.wav
18:57:52.410 [FXGL Background Thread 3 ] DEBUG Engine               - soundMenuSelect: menu/select.wav
18:57:52.410 [FXGL Background Thread 3 ] DEBUG Engine               - soundNotification: core/notification.wav
18:57:52.410 [FXGL Background Thread 3 ] DEBUG Engine               - stageStyle: DECORATED
18:57:52.410 [FXGL Background Thread 3 ] DEBUG Engine               - supportedLanguages: [ENGLISH, FRENCH, GERMAN, HUNGARIAN, RUSSIAN]
18:57:52.410 [FXGL Background Thread 3 ] DEBUG Engine               - ticksPerSecond: -1
18:57:52.410 [FXGL Background Thread 3 ] DEBUG Engine               - title: Untitled
18:57:52.410 [FXGL Background Thread 3 ] DEBUG Engine               - urlGithub: https://github.com/AlmasB/FXGL
18:57:52.410 [FXGL Background Thread 3 ] DEBUG Engine               - urlLeaderboard: http://fxgl-top.herokuapp.com/
18:57:52.410 [FXGL Background Thread 3 ] DEBUG Engine               - urlPOM: https://raw.githubusercontent.com/AlmasB/FXGL/release/README.md
18:57:52.412 [FXGL Background Thread 3 ] DEBUG Engine               - userAppClass: class org.group1.GamePackage.Application
18:57:52.412 [FXGL Background Thread 3 ] DEBUG Engine               - version: 0.0
18:57:52.412 [FXGL Background Thread 3 ] DEBUG Engine               - versionCheckDays: 7
18:57:52.412 [FXGL Background Thread 3 ] DEBUG Engine               - width: 1280
18:57:52.412 [FXGL Background Thread 3 ] DEBUG Engine               - Logging services
18:57:52.412 [FXGL Background Thread 3 ] DEBUG Engine               - class com.almasb.fxgl.app.services.FXGLAssetLoaderService
18:57:52.413 [FXGL Background Thread 3 ] DEBUG Engine               - class com.almasb.fxgl.app.FXGLApplication$GameApplicationService
18:57:52.414 [FXGL Background Thread 3 ] DEBUG Engine               - class com.almasb.fxgl.app.services.FXGLDialogService
18:57:52.414 [FXGL Background Thread 3 ] DEBUG Engine               - class com.almasb.fxgl.app.services.IOTaskExecutorService
18:57:52.415 [FXGL Background Thread 3 ] DEBUG Engine               - class com.almasb.fxgl.io.FileSystemService
18:57:52.415 [FXGL Background Thread 3 ] DEBUG Engine               - class com.almasb.fxgl.localization.LocalizationService
18:57:52.415 [FXGL Background Thread 3 ] DEBUG Engine               - class com.almasb.fxgl.app.services.SystemBundleService
18:57:52.415 [FXGL Background Thread 3 ] DEBUG Engine               - class com.almasb.fxgl.profile.SaveLoadService
18:57:52.416 [FXGL Background Thread 3 ] DEBUG Engine               - class com.almasb.fxgl.ui.FXGLUIFactoryServiceProvider
18:57:52.416 [FXGL Background Thread 3 ] DEBUG Engine               - class com.almasb.fxgl.ui.FXGLDialogFactoryServiceProvider
18:57:52.416 [FXGL Background Thread 3 ] DEBUG Engine               - class com.almasb.fxgl.audio.AudioPlayer
18:57:52.416 [FXGL Background Thread 3 ] DEBUG Engine               - class com.almasb.fxgl.notification.impl.NotificationServiceProvider
18:57:52.416 [FXGL Background Thread 3 ] DEBUG Engine               - class com.almasb.fxgl.achievement.AchievementService
18:57:52.416 [FXGL Background Thread 3 ] DEBUG Engine               - class com.almasb.fxgl.cutscene.CutsceneService
18:57:52.416 [FXGL Background Thread 3 ] DEBUG Engine               - class com.almasb.fxgl.minigames.MiniGameService
18:57:52.416 [FXGL Background Thread 3 ] DEBUG Engine               - class com.almasb.fxgl.net.NetService
18:57:52.417 [FXGL Background Thread 3 ] DEBUG Engine               - class com.almasb.fxgl.app.services.UpdaterService
18:57:52.417 [FXGL Background Thread 3 ] DEBUG Engine               - class com.almasb.fxgl.dev.DevService
21:33:52.076 [JavaFX Application Thread] DEBUG FXGLApplication      - Exiting FXGL
21:33:52.077 [JavaFX Application Thread] DEBUG LoopRunner           - Stopping loop
21:33:52.077 [JavaFX Application Thread] DEBUG SystemBundleService  - Saving FXGL system data
21:33:52.080 [JavaFX Application Thread] DEBUG FileSystemAccess     - Writing to: C:\Users\ryles\Downloads\ComProg_Project\system\fxgl.bundle
21:33:52.082 [JavaFX Application Thread] DEBUG Async                - Shutting down background threads
21:33:52.082 [JavaFX Application Thread] DEBUG PrimaryStageWindow   - Closing main window
21:33:52.099 [JavaFX Application Thread] DEBUG Logger               - Closing Logger
