23:00:36.841 [main                     ] DEBUG Logger               - Configured Logger
23:00:36.847 [main                     ] DEBUG GameApplication      - Logging settings
Title: Untitled
Version: 0.0
Width: 800
Height: 600
Fullscreen: false
Intro: false
Profiling: false
Single step:false
App Mode: DEVELOPER
Menu Key: ESCAPE
Stage Style: DECORATED
Scene Factory: class com.almasb.fxgl.app.scene.SceneFactory

23:00:37.057 [JavaFX Application Thread] DEBUG FXGLApplication      - Initializing FXGL
23:00:37.061 [JavaFX Application Thread] INFO  Engine               - FXGL-25 (05.02.2026 22.57) on LINUX (J:25.0.2 FX:21.0.6)
23:00:37.061 [JavaFX Application Thread] DEBUG Engine               - JRE Vendor Name: Arch Linux
23:00:37.061 [JavaFX Application Thread] DEBUG Engine               - Running on OS: Linux version 6.18.9-arch1-2
23:00:37.062 [JavaFX Application Thread] DEBUG Engine               - Architecture: amd64
23:00:37.062 [JavaFX Application Thread] INFO  Engine               - Source code and latest versions at: https://github.com/AlmasB/FXGL
23:00:37.062 [JavaFX Application Thread] INFO  Engine               -       Ask questions and discuss at: https://github.com/AlmasB/FXGL/discussions
23:00:37.135 [JavaFX Application Thread] DEBUG PrimaryStageWindow   - Creating a JavaFX scene
23:00:37.215 [JavaFX Application Thread] DEBUG PrimaryStageWindow   - Target settings size: 800.0 x 600.0
23:00:37.215 [JavaFX Application Thread] DEBUG PrimaryStageWindow   - Scaled scene size:    800.0 x 600.0
23:00:37.215 [JavaFX Application Thread] DEBUG PrimaryStageWindow   - Scaled ratio: (1.0, 1.0)
23:00:37.216 [JavaFX Application Thread] DEBUG PrimaryStageWindow   - Set initial scene to FXGLStartupScene
23:00:37.220 [JavaFX Application Thread] DEBUG PrimaryStageWindow   - Opening main window
23:00:37.286 [JavaFX Application Thread] DEBUG PrimaryStageWindow   - Window border size: (0.0, 35.0)
23:00:37.286 [JavaFX Application Thread] DEBUG PrimaryStageWindow   - Scaled size: 800.0 x 565.0
23:00:37.286 [JavaFX Application Thread] DEBUG PrimaryStageWindow   - Scaled ratio: (1.0, 0.9416666666666667)
23:00:37.286 [JavaFX Application Thread] DEBUG PrimaryStageWindow   - Scene size: 800.0 x 600.0
23:00:37.287 [JavaFX Application Thread] DEBUG PrimaryStageWindow   - Stage size: 800.0 x 600.0
23:00:37.292 [FXGL Background Thread 1 ] DEBUG Engine               - Initializing environment variables
23:00:37.354 [FXGL Background Thread 1 ] DEBUG FXGLAssetLoaderServi - User app class for loading assets: class TestPackage.BasicGameSample
23:00:37.354 [FXGL Background Thread 1 ] DEBUG GameApplicationServi - Applying CSS: fxgl_dark.css
23:00:37.355 [FXGL Background Thread 1 ] DEBUG FXGLAssetLoaderServi - Loading from file system: jar:file:///home/me/.m2/repository/com/github/almasb/fxgl/25/fxgl-25.jar!/fxglassets/ui/css/fxgl_dark.css
23:00:37.397 [FXGL Background Thread 1 ] DEBUG GameApplicationServi - Initializing application scenes
23:00:37.445 [FXGL Background Thread 1 ] DEBUG GameWorld            - Game world initialized
23:00:37.493 [FXGL Background Thread 1 ] DEBUG PhysicsWorld         - Physics world initialized: appHeight=600, physics.ppm=50.0
23:00:37.493 [FXGL Background Thread 1 ] DEBUG PhysicsWorld         - Using strategy: BRUTE_FORCE
23:00:37.497 [FXGL Background Thread 1 ] DEBUG GameScene            - Game scene initialized: 800x600
23:00:37.508 [FXGL Background Thread 1 ] DEBUG FXGL.DefaultMenu     - createMenuBodyGameMenu()
23:00:37.519 [FXGL Background Thread 1 ] DEBUG FXGL.DefaultMenu     - createOptionsMenu()
23:00:37.528 [FXGL Background Thread 1 ] DEBUG FXGLAssetLoaderServi - Loading from file system: jar:file:///home/me/.m2/repository/com/github/almasb/fxgl/25/fxgl-25.jar!/fxglassets/textures/particles/smoke.png
23:00:37.622 [FXGL Background Thread 1 ] DEBUG FXGLAssetLoaderServi - Loading from file system: jar:file:///home/me/.m2/repository/com/github/almasb/fxgl/25/fxgl-25.jar!/fxglassets/textures/particles/trace_horizontal.png
23:00:37.660 [FXGL Background Thread 1 ] DEBUG GameApplicationServi - Application scenes initialized
23:00:37.673 [FXGL Background Thread 1 ] DEBUG SystemBundleService  - Loading FXGL system data
23:00:37.677 [FXGL Background Thread 1 ] DEBUG FileSystemAccess     - Reading from: /home/me/ComProg_Project/system/fxgl.bundle
23:00:37.683 [FXGL Background Thread 1 ] DEBUG SystemBundleService  - Bundle FXGL: {}
23:00:37.683 [FXGL Background Thread 1 ] DEBUG UpdaterService       - Checking for updates
23:00:37.687 [FXGL Background Thread 4 ] DEBUG FXGLApplication      - Loading fonts
23:00:37.687 [FXGL Background Thread 4 ] DEBUG FXGLAssetLoaderServi - Loading from file system: jar:file:///home/me/.m2/repository/com/github/almasb/fxgl/25/fxgl-25.jar!/fxglassets/ui/fonts/VarelaRound-Regular.ttf
23:00:37.688 [FXGL Background Thread 1 ] DEBUG FXGLApplication      - Loading default localization
23:00:37.688 [FXGL Background Thread 1 ] DEBUG FXGLAssetLoaderServi - Loading from file system: jar:file:///home/me/.m2/repository/com/github/almasb/fxgl/25/fxgl-25.jar!/fxglassets/languages/english.lang
23:00:37.695 [FXGL Background Thread 4 ] DEBUG FXGLAssetLoaderServi - Loading from file system: jar:file:///home/me/.m2/repository/com/github/almasb/fxgl/25/fxgl-25.jar!/fxglassets/ui/fonts/Abel-Regular.ttf
23:00:37.696 [FXGL Background Thread 4 ] DEBUG FXGLAssetLoaderServi - Loading from file system: jar:file:///home/me/.m2/repository/com/github/almasb/fxgl/25/fxgl-25.jar!/fxglassets/ui/fonts/TerminalLandMono-Regular.otf
23:00:37.699 [FXGL Background Thread 4 ] DEBUG FXGLAssetLoaderServi - Loading from file system: jar:file:///home/me/.m2/repository/com/github/almasb/fxgl/25/fxgl-25.jar!/fxglassets/ui/fonts/Courier-Prime.ttf
23:00:37.702 [FXGL Background Thread 1 ] INFO  FXGLApplication      - FXGL initialization took: 0.410 sec
23:00:37.718 [JavaFX Application Thread] DEBUG Input                - Registered new binding: Move up - W
23:00:37.718 [JavaFX Application Thread] DEBUG Input                - Registered new binding: Move down - S
23:00:37.718 [JavaFX Application Thread] DEBUG Input                - Registered new binding: Move left - A
23:00:37.718 [JavaFX Application Thread] DEBUG Input                - Registered new binding: Move right - D
23:00:37.719 [JavaFX Application Thread] DEBUG FXGLAssetLoaderServi - Loading from file system: jar:file:///home/me/.m2/repository/com/github/almasb/fxgl/25/fxgl-25.jar!/fxglassets/textures/fxgl_icon.png
23:00:37.745 [JavaFX Application Thread] DEBUG FXGLAssetLoaderServi - Loading from file system: jar:file:///home/me/.m2/repository/com/github/almasb/fxgl/25/fxgl-25.jar!/fxglassets/textures/fxgl_default_cursor.png
23:00:37.747 [JavaFX Application Thread] DEBUG Input                - Registered new binding: Screenshot - CTRL+8
23:00:37.748 [JavaFX Application Thread] DEBUG Input                - Registered new binding: System info dump - CTRL+9
23:00:37.748 [JavaFX Application Thread] DEBUG Input                - Registered new binding: Restart - CTRL+R
23:00:37.749 [JavaFX Application Thread] DEBUG Input                - Registered new binding: Toggle Debug Camera - CTRL+7
23:00:37.752 [JavaFX Application Thread] DEBUG LoopRunner           - Starting loop
23:00:37.752 [JavaFX Application Thread] DEBUG LoopRunner           - Initializing JavaFX AnimationTimerLoop
23:00:37.753 [JavaFX Application Thread] DEBUG GameApplicationServi - Starting new game
23:00:37.753 [JavaFX Application Thread] DEBUG Input                - Clearing active input actions
23:00:37.767 [JavaFX Application Thread] DEBUG GameApplicationServi - Removing overlay from FXGLStartupScene and adding to FXGLLoadingScene
23:00:37.768 [JavaFX Application Thread] DEBUG PrimaryStageWindow   - FXGLStartupScene -> FXGLLoadingScene
23:00:37.768 [JavaFX Application Thread] DEBUG GameApplicationServi - Clearing previous game
23:00:37.768 [JavaFX Application Thread] DEBUG GameScene            - Clearing game scene
23:00:37.768 [JavaFX Application Thread] DEBUG GameWorld            - Clearing game world
23:00:37.768 [JavaFX Application Thread] DEBUG PhysicsWorld         - Clearing physics world
23:00:37.773 [JavaFX Application Thread] DEBUG FXGLApplication      - Registering font factories with UI factory
23:00:37.773 [FXGL Background Thread 4 ] DEBUG FXGLApplication      - Initializing game
23:00:37.805 [FXGL Background Thread 4 ] DEBUG FXGLAssetLoaderServi - Loading from file system: file:/home/me/ComProg_Project/target/classes/assets/textures/idle_sprite.png
23:00:37.817 [FXGL Background Thread 4 ] INFO  FXGLApplication      - Game initialization took: 0.044 sec
23:00:37.884 [JavaFX Application Thread] DEBUG Input                - Clearing active input actions
23:00:37.896 [JavaFX Application Thread] DEBUG GameApplicationServi - Removing overlay from FXGLLoadingScene and adding to GameScene
23:00:37.897 [JavaFX Application Thread] DEBUG PrimaryStageWindow   - FXGLLoadingScene -> GameScene
23:00:40.686 [FXGL Background Thread 3 ] DEBUG Engine               - Logging environment variables
23:00:40.687 [FXGL Background Thread 3 ] DEBUG Engine               - achievements: []
23:00:40.688 [FXGL Background Thread 3 ] DEBUG Engine               - actualHeight: 964.0
23:00:40.688 [FXGL Background Thread 3 ] DEBUG Engine               - actualHeightProperty: ReadOnlyDoubleProperty [value: 865.0]
23:00:40.689 [FXGL Background Thread 3 ] DEBUG Engine               - actualWidth: 944.0
23:00:40.689 [FXGL Background Thread 3 ] DEBUG Engine               - actualWidthProperty: ReadOnlyDoubleProperty [value: 1200.0]
23:00:40.689 [FXGL Background Thread 3 ] DEBUG Engine               - appIcon: fxgl_icon.png
23:00:40.690 [FXGL Background Thread 3 ] DEBUG Engine               - applicationMode: DEVELOPER
23:00:40.690 [FXGL Background Thread 3 ] DEBUG Engine               - cSSList: [fxgl_dark.css]
23:00:40.690 [FXGL Background Thread 3 ] DEBUG Engine               - collisionDetectionStrategy: BRUTE_FORCE
23:00:40.691 [FXGL Background Thread 3 ] DEBUG Engine               - configClass: Optional.empty
23:00:40.691 [FXGL Background Thread 3 ] DEBUG Engine               - credits: []
23:00:40.692 [FXGL Background Thread 3 ] DEBUG Engine               - defaultCursor: CursorInfo(imageName=fxgl_default_cursor.png, hotspotX=7.0, hotspotY=6.0)
23:00:40.693 [FXGL Background Thread 3 ] DEBUG Engine               - devBBoxColorProperty: ObjectProperty [value: 0xff0000ff]
23:00:40.693 [FXGL Background Thread 3 ] DEBUG Engine               - devEnableDebugCameraProperty: BooleanProperty [value: false]
23:00:40.694 [FXGL Background Thread 3 ] DEBUG Engine               - devSensorColorProperty: ObjectProperty [value: 0xffff00ff]
23:00:40.694 [FXGL Background Thread 3 ] DEBUG Engine               - devShowBBoxProperty: BooleanProperty [value: false]
23:00:40.694 [FXGL Background Thread 3 ] DEBUG Engine               - devShowPositionProperty: BooleanProperty [value: false]
23:00:40.695 [FXGL Background Thread 3 ] DEBUG Engine               - enabledMenuItems: []
23:00:40.695 [FXGL Background Thread 3 ] DEBUG Engine               - engineServices: [class com.almasb.fxgl.app.services.FXGLAssetLoaderService, class com.almasb.fxgl.app.FXGLApplication$GameApplicationService, class com.almasb.fxgl.app.services.FXGLDialogService, class com.almasb.fxgl.app.services.IOTaskExecutorService, class com.almasb.fxgl.io.FileSystemService, class com.almasb.fxgl.localization.LocalizationService, class com.almasb.fxgl.app.services.SystemBundleService, class com.almasb.fxgl.profile.SaveLoadService, class com.almasb.fxgl.ui.FXGLUIFactoryServiceProvider, class com.almasb.fxgl.ui.FXGLDialogFactoryServiceProvider, class com.almasb.fxgl.audio.AudioPlayer, class com.almasb.fxgl.notification.impl.NotificationServiceProvider, class com.almasb.fxgl.achievement.AchievementService, class com.almasb.fxgl.cutscene.CutsceneService, class com.almasb.fxgl.minigames.MiniGameService, class com.almasb.fxgl.net.NetService, class com.almasb.fxgl.app.services.UpdaterService, class com.almasb.fxgl.dev.DevService]
23:00:40.695 [FXGL Background Thread 3 ] DEBUG Engine               - fontGame: Abel-Regular.ttf
23:00:40.695 [FXGL Background Thread 3 ] DEBUG Engine               - fontMono: TerminalLandMono-Regular.otf
23:00:40.696 [FXGL Background Thread 3 ] DEBUG Engine               - fontSizeScaleUI: 1.0
23:00:40.696 [FXGL Background Thread 3 ] DEBUG Engine               - fontText: Courier-Prime.ttf
23:00:40.696 [FXGL Background Thread 3 ] DEBUG Engine               - fontUI: VarelaRound-Regular.ttf
23:00:40.697 [FXGL Background Thread 3 ] DEBUG Engine               - fpsRefreshRate: 500.0 ms
23:00:40.697 [FXGL Background Thread 3 ] DEBUG Engine               - fullScreen: BooleanProperty [value: false]
23:00:40.697 [FXGL Background Thread 3 ] DEBUG Engine               - gameDifficulty: MEDIUM
23:00:40.698 [FXGL Background Thread 3 ] DEBUG Engine               - gameDifficultyProperty: ObjectProperty [value: MEDIUM]
23:00:40.698 [FXGL Background Thread 3 ] DEBUG Engine               - globalMusicVolume: 0.5
23:00:40.698 [FXGL Background Thread 3 ] DEBUG Engine               - globalMusicVolumeProperty: DoubleProperty [value: 0.5]
23:00:40.699 [FXGL Background Thread 3 ] DEBUG Engine               - globalSoundVolume: 0.5
23:00:40.699 [FXGL Background Thread 3 ] DEBUG Engine               - globalSoundVolumeProperty: DoubleProperty [value: 0.5]
23:00:40.699 [FXGL Background Thread 3 ] DEBUG Engine               - height: 600
23:00:40.699 [FXGL Background Thread 3 ] DEBUG Engine               - is3D: false
23:00:40.700 [FXGL Background Thread 3 ] DEBUG Engine               - isAndroid: false
23:00:40.700 [FXGL Background Thread 3 ] DEBUG Engine               - isBrowser: false
23:00:40.700 [FXGL Background Thread 3 ] DEBUG Engine               - isClickFeedbackEnabled: false
23:00:40.700 [FXGL Background Thread 3 ] DEBUG Engine               - isCloseConfirmation: false
23:00:40.700 [FXGL Background Thread 3 ] DEBUG Engine               - isDesktop: true
23:00:40.701 [FXGL Background Thread 3 ] DEBUG Engine               - isDeveloperMenuEnabled: false
23:00:40.701 [FXGL Background Thread 3 ] DEBUG Engine               - isEmbedded: false
23:00:40.701 [FXGL Background Thread 3 ] DEBUG Engine               - isEntityPreloadEnabled: true
23:00:40.701 [FXGL Background Thread 3 ] DEBUG Engine               - isExperimentalTiledLargeMap: false
23:00:40.702 [FXGL Background Thread 3 ] DEBUG Engine               - isFileSystemWriteAllowed: true
23:00:40.702 [FXGL Background Thread 3 ] DEBUG Engine               - isFullScreenAllowed: false
23:00:40.703 [FXGL Background Thread 3 ] DEBUG Engine               - isFullScreenFromStart: false
23:00:40.703 [FXGL Background Thread 3 ] DEBUG Engine               - isGameMenuEnabled: true
23:00:40.703 [FXGL Background Thread 3 ] DEBUG Engine               - isIOS: false
23:00:40.703 [FXGL Background Thread 3 ] DEBUG Engine               - isIntroEnabled: false
23:00:40.703 [FXGL Background Thread 3 ] DEBUG Engine               - isLinux: true
23:00:40.704 [FXGL Background Thread 3 ] DEBUG Engine               - isMac: false
23:00:40.704 [FXGL Background Thread 3 ] DEBUG Engine               - isMainMenuEnabled: false
23:00:40.704 [FXGL Background Thread 3 ] DEBUG Engine               - isManualResizeEnabled: false
23:00:40.705 [FXGL Background Thread 3 ] DEBUG Engine               - isMobile: false
23:00:40.705 [FXGL Background Thread 3 ] DEBUG Engine               - isNative: false
23:00:40.706 [FXGL Background Thread 3 ] DEBUG Engine               - isPauseMusicWhenMinimized: true
23:00:40.706 [FXGL Background Thread 3 ] DEBUG Engine               - isPreserveResizeRatio: false
23:00:40.706 [FXGL Background Thread 3 ] DEBUG Engine               - isProfilingEnabled: false
23:00:40.706 [FXGL Background Thread 3 ] DEBUG Engine               - isScaleAffectedOnResize: true
23:00:40.707 [FXGL Background Thread 3 ] DEBUG Engine               - isSingleStep: false
23:00:40.707 [FXGL Background Thread 3 ] DEBUG Engine               - isUserProfileEnabled: false
23:00:40.707 [FXGL Background Thread 3 ] DEBUG Engine               - isWindows: false
23:00:40.708 [FXGL Background Thread 3 ] DEBUG Engine               - language: ObjectProperty [value: ENGLISH]
23:00:40.708 [FXGL Background Thread 3 ] DEBUG Engine               - menuKey: ESCAPE
23:00:40.708 [FXGL Background Thread 3 ] DEBUG Engine               - mouseSensitivity: 0.2
23:00:40.708 [FXGL Background Thread 3 ] DEBUG Engine               - notificationViewClass: class com.almasb.fxgl.notification.view.XboxNotificationView
23:00:40.709 [FXGL Background Thread 3 ] DEBUG Engine               - pixelsPerMeter: 50.0
23:00:40.709 [FXGL Background Thread 3 ] DEBUG Engine               - platform: LINUX
23:00:40.709 [FXGL Background Thread 3 ] DEBUG Engine               - prefHeightProperty: ReadOnlyDoubleProperty [value: 600.0]
23:00:40.710 [FXGL Background Thread 3 ] DEBUG Engine               - prefWidthProperty: ReadOnlyDoubleProperty [value: 800.0]
23:00:40.710 [FXGL Background Thread 3 ] DEBUG Engine               - profileDir: profiles/
23:00:40.710 [FXGL Background Thread 3 ] DEBUG Engine               - profileName: StringProperty [value: DEFAULT]
23:00:40.710 [FXGL Background Thread 3 ] DEBUG Engine               - randomSeed: -1
23:00:40.711 [FXGL Background Thread 3 ] DEBUG Engine               - runtimeInfo: RuntimeInfo(platform=LINUX, version=25, build=05.02.2026 22.57)
23:00:40.712 [FXGL Background Thread 3 ] DEBUG Engine               - saveFileExt: sav
23:00:40.712 [FXGL Background Thread 3 ] DEBUG Engine               - scaledHeightProp$fxgl: DoubleProperty [bound, value: 865.0]
23:00:40.712 [FXGL Background Thread 3 ] DEBUG Engine               - scaledWidthProp$fxgl: DoubleProperty [bound, value: 1200.0]
23:00:40.712 [FXGL Background Thread 3 ] DEBUG Engine               - sceneFactory: com.almasb.fxgl.app.scene.SceneFactory@3dd1bac4
23:00:40.713 [FXGL Background Thread 3 ] DEBUG Engine               - secondsIn24h: 60
23:00:40.713 [FXGL Background Thread 3 ] DEBUG Engine               - soundMenuBack: menu/back.wav
23:00:40.713 [FXGL Background Thread 3 ] DEBUG Engine               - soundMenuPress: menu/press.wav
23:00:40.713 [FXGL Background Thread 3 ] DEBUG Engine               - soundMenuSelect: menu/select.wav
23:00:40.713 [FXGL Background Thread 3 ] DEBUG Engine               - soundNotification: core/notification.wav
23:00:40.714 [FXGL Background Thread 3 ] DEBUG Engine               - stageStyle: DECORATED
23:00:40.714 [FXGL Background Thread 3 ] DEBUG Engine               - supportedLanguages: [ENGLISH, FRENCH, GERMAN, HUNGARIAN, RUSSIAN]
23:00:40.714 [FXGL Background Thread 3 ] DEBUG Engine               - ticksPerSecond: -1
23:00:40.714 [FXGL Background Thread 3 ] DEBUG Engine               - title: Untitled
23:00:40.714 [FXGL Background Thread 3 ] DEBUG Engine               - urlGithub: https://github.com/AlmasB/FXGL
23:00:40.714 [FXGL Background Thread 3 ] DEBUG Engine               - urlLeaderboard: http://fxgl-top.herokuapp.com/
23:00:40.714 [FXGL Background Thread 3 ] DEBUG Engine               - urlPOM: https://raw.githubusercontent.com/AlmasB/FXGL/release/README.md
23:00:40.714 [FXGL Background Thread 3 ] DEBUG Engine               - userAppClass: class TestPackage.BasicGameSample
23:00:40.715 [FXGL Background Thread 3 ] DEBUG Engine               - version: 0.0
23:00:40.715 [FXGL Background Thread 3 ] DEBUG Engine               - versionCheckDays: 7
23:00:40.715 [FXGL Background Thread 3 ] DEBUG Engine               - width: 800
23:00:40.715 [FXGL Background Thread 3 ] DEBUG Engine               - Logging services
23:00:40.715 [FXGL Background Thread 3 ] DEBUG Engine               - class com.almasb.fxgl.app.services.FXGLAssetLoaderService
23:00:40.715 [FXGL Background Thread 3 ] DEBUG Engine               - class com.almasb.fxgl.app.FXGLApplication$GameApplicationService
23:00:40.716 [FXGL Background Thread 3 ] DEBUG Engine               - class com.almasb.fxgl.app.services.FXGLDialogService
23:00:40.716 [FXGL Background Thread 3 ] DEBUG Engine               - class com.almasb.fxgl.app.services.IOTaskExecutorService
23:00:40.716 [FXGL Background Thread 3 ] DEBUG Engine               - class com.almasb.fxgl.io.FileSystemService
23:00:40.716 [FXGL Background Thread 3 ] DEBUG Engine               - class com.almasb.fxgl.localization.LocalizationService
23:00:40.716 [FXGL Background Thread 3 ] DEBUG Engine               - class com.almasb.fxgl.app.services.SystemBundleService
23:00:40.716 [FXGL Background Thread 3 ] DEBUG Engine               - class com.almasb.fxgl.profile.SaveLoadService
23:00:40.716 [FXGL Background Thread 3 ] DEBUG Engine               - class com.almasb.fxgl.ui.FXGLUIFactoryServiceProvider
23:00:40.716 [FXGL Background Thread 3 ] DEBUG Engine               - class com.almasb.fxgl.ui.FXGLDialogFactoryServiceProvider
23:00:40.716 [FXGL Background Thread 3 ] DEBUG Engine               - class com.almasb.fxgl.audio.AudioPlayer
23:00:40.717 [FXGL Background Thread 3 ] DEBUG Engine               - class com.almasb.fxgl.notification.impl.NotificationServiceProvider
23:00:40.717 [FXGL Background Thread 3 ] DEBUG Engine               - class com.almasb.fxgl.achievement.AchievementService
23:00:40.717 [FXGL Background Thread 3 ] DEBUG Engine               - class com.almasb.fxgl.cutscene.CutsceneService
23:00:40.717 [FXGL Background Thread 3 ] DEBUG Engine               - class com.almasb.fxgl.minigames.MiniGameService
23:00:40.717 [FXGL Background Thread 3 ] DEBUG Engine               - class com.almasb.fxgl.net.NetService
23:00:40.717 [FXGL Background Thread 3 ] DEBUG Engine               - class com.almasb.fxgl.app.services.UpdaterService
23:00:40.717 [FXGL Background Thread 3 ] DEBUG Engine               - class com.almasb.fxgl.dev.DevService
23:01:12.123 [JavaFX Application Thread] DEBUG FXGLApplication      - Exiting FXGL
23:01:12.123 [JavaFX Application Thread] DEBUG LoopRunner           - Stopping loop
23:01:12.123 [JavaFX Application Thread] DEBUG SystemBundleService  - Saving FXGL system data
23:01:12.125 [JavaFX Application Thread] DEBUG FileSystemAccess     - Writing to: /home/me/ComProg_Project/system/fxgl.bundle
23:01:12.128 [JavaFX Application Thread] DEBUG Async                - Shutting down background threads
23:01:12.128 [JavaFX Application Thread] DEBUG PrimaryStageWindow   - Closing main window
23:01:12.130 [JavaFX Application Thread] DEBUG Logger               - Closing Logger
