01:32:41.698 [main                     ] DEBUG Logger               - Configured Logger
01:32:41.703 [main                     ] DEBUG GameApplication      - Logging settings
Title: Untitled
Version: 0.0
Width: 1280
Height: 720
Fullscreen: false
Intro: false
Profiling: false
Single step:false
App Mode: DEVELOPER
Menu Key: ESCAPE
Stage Style: DECORATED
Scene Factory: class org.group1.GamePackage.Factory.MainSceneFactory

01:32:42.229 [JavaFX Application Thread] DEBUG FXGLApplication      - Initializing FXGL
01:32:42.232 [JavaFX Application Thread] INFO  Engine               - FXGL-25 (05.02.2026 22.57) on WINDOWS (J:25.0.2 FX:21.0.6)
01:32:42.232 [JavaFX Application Thread] DEBUG Engine               - JRE Vendor Name: Oracle Corporation
01:32:42.232 [JavaFX Application Thread] DEBUG Engine               - Running on OS: Windows 11 version 10.0
01:32:42.232 [JavaFX Application Thread] DEBUG Engine               - Architecture: amd64
01:32:42.232 [JavaFX Application Thread] INFO  Engine               - Source code and latest versions at: https://github.com/AlmasB/FXGL
01:32:42.232 [JavaFX Application Thread] INFO  Engine               -       Ask questions and discuss at: https://github.com/AlmasB/FXGL/discussions
01:32:42.319 [JavaFX Application Thread] DEBUG PrimaryStageWindow   - Creating a JavaFX scene
01:32:42.355 [JavaFX Application Thread] DEBUG PrimaryStageWindow   - Target settings size: 1280.0 x 720.0
01:32:42.355 [JavaFX Application Thread] DEBUG PrimaryStageWindow   - Scaled scene size:    1280.0 x 720.0
01:32:42.355 [JavaFX Application Thread] DEBUG PrimaryStageWindow   - Scaled ratio: (1.0, 1.0)
01:32:42.356 [JavaFX Application Thread] DEBUG PrimaryStageWindow   - Set initial scene to FXGLStartupScene
01:32:42.358 [JavaFX Application Thread] DEBUG PrimaryStageWindow   - Opening main window
01:32:42.435 [JavaFX Application Thread] DEBUG PrimaryStageWindow   - Window border size: (16.0, 39.0)
01:32:42.436 [JavaFX Application Thread] DEBUG PrimaryStageWindow   - Scaled size: 1280.0 x 720.0
01:32:42.436 [JavaFX Application Thread] DEBUG PrimaryStageWindow   - Scaled ratio: (1.0, 1.0)
01:32:42.436 [JavaFX Application Thread] DEBUG PrimaryStageWindow   - Scene size: 1280.0 x 720.0
01:32:42.436 [JavaFX Application Thread] DEBUG PrimaryStageWindow   - Stage size: 1296.0 x 759.0
01:32:42.441 [FXGL Background Thread 1 ] DEBUG Engine               - Initializing environment variables
01:32:42.488 [FXGL Background Thread 1 ] DEBUG FXGLAssetLoaderServi - User app class for loading assets: class org.group1.GamePackage.Application
01:32:42.489 [FXGL Background Thread 1 ] DEBUG GameApplicationServi - Applying CSS: fxgl_dark.css
01:32:42.490 [FXGL Background Thread 1 ] DEBUG FXGLAssetLoaderServi - Loading from file system: jar:file:///C:/Users/Wren/.m2/repository/com/github/almasb/fxgl/25/fxgl-25.jar!/fxglassets/ui/css/fxgl_dark.css
01:32:42.524 [FXGL Background Thread 1 ] DEBUG GameApplicationServi - Initializing application scenes
01:32:42.580 [FXGL Background Thread 1 ] DEBUG GameWorld            - Game world initialized
01:32:42.617 [FXGL Background Thread 1 ] DEBUG PhysicsWorld         - Physics world initialized: appHeight=720, physics.ppm=50.0
01:32:42.617 [FXGL Background Thread 1 ] DEBUG PhysicsWorld         - Using strategy: BRUTE_FORCE
01:32:42.620 [FXGL Background Thread 1 ] DEBUG GameScene            - Game scene initialized: 1280x720
01:32:42.630 [FXGL Background Thread 1 ] DEBUG FXGL.DefaultMenu     - createMenuBodyGameMenu()
01:32:42.636 [FXGL Background Thread 1 ] DEBUG FXGL.DefaultMenu     - createOptionsMenu()
01:32:42.643 [FXGL Background Thread 1 ] DEBUG FXGLAssetLoaderServi - Loading from file system: jar:file:///C:/Users/Wren/.m2/repository/com/github/almasb/fxgl/25/fxgl-25.jar!/fxglassets/textures/particles/smoke.png
01:32:42.715 [FXGL Background Thread 1 ] DEBUG FXGLAssetLoaderServi - Loading from file system: jar:file:///C:/Users/Wren/.m2/repository/com/github/almasb/fxgl/25/fxgl-25.jar!/fxglassets/textures/particles/trace_horizontal.png
01:32:42.733 [FXGL Background Thread 1 ] DEBUG GameApplicationServi - Application scenes initialized
01:32:42.744 [FXGL Background Thread 1 ] DEBUG SystemBundleService  - Loading FXGL system data
01:32:42.745 [FXGL Background Thread 1 ] DEBUG FileSystemAccess     - Reading from: C:\Users\Wren\IdeaProjects\GameGame\system\fxgl.bundle
01:32:42.748 [FXGL Background Thread 1 ] DEBUG SystemBundleService  - Bundle FXGL: {}
01:32:42.748 [FXGL Background Thread 1 ] DEBUG UpdaterService       - Checking for updates
01:32:42.759 [FXGL Background Thread 4 ] DEBUG FXGLApplication      - Loading fonts
01:32:42.760 [FXGL Background Thread 4 ] DEBUG FXGLAssetLoaderServi - Loading from file system: jar:file:///C:/Users/Wren/.m2/repository/com/github/almasb/fxgl/25/fxgl-25.jar!/fxglassets/ui/fonts/VarelaRound-Regular.ttf
01:32:42.760 [FXGL Background Thread 1 ] DEBUG FXGLApplication      - Loading default localization
01:32:42.761 [FXGL Background Thread 1 ] DEBUG FXGLAssetLoaderServi - Loading from file system: jar:file:///C:/Users/Wren/.m2/repository/com/github/almasb/fxgl/25/fxgl-25.jar!/fxglassets/languages/english.lang
01:32:42.773 [FXGL Background Thread 4 ] DEBUG FXGLAssetLoaderServi - Loading from file system: jar:file:///C:/Users/Wren/.m2/repository/com/github/almasb/fxgl/25/fxgl-25.jar!/fxglassets/ui/fonts/Abel-Regular.ttf
01:32:42.779 [FXGL Background Thread 4 ] DEBUG FXGLAssetLoaderServi - Loading from file system: jar:file:///C:/Users/Wren/.m2/repository/com/github/almasb/fxgl/25/fxgl-25.jar!/fxglassets/ui/fonts/TerminalLandMono-Regular.otf
01:32:42.781 [FXGL Background Thread 1 ] INFO  FXGLApplication      - FXGL initialization took: 0.340 sec
01:32:42.783 [FXGL Background Thread 4 ] DEBUG FXGLAssetLoaderServi - Loading from file system: jar:file:///C:/Users/Wren/.m2/repository/com/github/almasb/fxgl/25/fxgl-25.jar!/fxglassets/ui/fonts/Courier-Prime.ttf
01:32:42.797 [JavaFX Application Thread] DEBUG Input                - Registered new binding: Move left - A
01:32:42.797 [JavaFX Application Thread] DEBUG Input                - Registered new binding: Move right - D
01:32:42.798 [JavaFX Application Thread] DEBUG Input                - Registered new binding: Move down - S
01:32:42.798 [JavaFX Application Thread] DEBUG Input                - Registered new binding: Move up - W
01:32:42.798 [JavaFX Application Thread] DEBUG Input                - Registered new binding: Shoot - Space
01:32:42.799 [JavaFX Application Thread] DEBUG Input                - Registered new binding: Switch to Fire Bullet - Q
01:32:42.799 [JavaFX Application Thread] DEBUG Input                - Registered new binding: Switch to Ice Bullet - E
01:32:42.799 [JavaFX Application Thread] DEBUG FXGLAssetLoaderServi - Loading from file system: jar:file:///C:/Users/Wren/.m2/repository/com/github/almasb/fxgl/25/fxgl-25.jar!/fxglassets/textures/fxgl_icon.png
01:32:42.813 [JavaFX Application Thread] DEBUG FXGLAssetLoaderServi - Loading from file system: jar:file:///C:/Users/Wren/.m2/repository/com/github/almasb/fxgl/25/fxgl-25.jar!/fxglassets/textures/fxgl_default_cursor.png
01:32:42.816 [JavaFX Application Thread] DEBUG Input                - Registered new binding: Screenshot - CTRL+8
01:32:42.816 [JavaFX Application Thread] DEBUG Input                - Registered new binding: System info dump - CTRL+9
01:32:42.816 [JavaFX Application Thread] DEBUG Input                - Registered new binding: Restart - CTRL+R
01:32:42.817 [JavaFX Application Thread] DEBUG Input                - Registered new binding: Toggle Debug Camera - CTRL+7
01:32:42.820 [JavaFX Application Thread] DEBUG LoopRunner           - Starting loop
01:32:42.820 [JavaFX Application Thread] DEBUG LoopRunner           - Initializing JavaFX AnimationTimerLoop
01:32:42.822 [JavaFX Application Thread] DEBUG Input                - Clearing active input actions
01:32:42.829 [JavaFX Application Thread] DEBUG GameApplicationServi - Removing overlay from FXGLStartupScene and adding to FXGLMainMenuDummyScene
01:32:42.829 [JavaFX Application Thread] DEBUG PrimaryStageWindow   - FXGLStartupScene -> FXGLMainMenuDummyScene
01:32:42.829 [JavaFX Application Thread] DEBUG PrimaryStageWindow   - Push state: MenuInterface
01:32:42.830 [JavaFX Application Thread] DEBUG Input                - Clearing active input actions
01:32:42.833 [JavaFX Application Thread] DEBUG GameApplicationServi - Removing overlay from FXGLMainMenuDummyScene and adding to MenuInterface
01:32:42.834 [JavaFX Application Thread] DEBUG PrimaryStageWindow   - FXGLMainMenuDummyScene -> MenuInterface
01:32:42.835 [JavaFX Application Thread] DEBUG FXGLApplication      - Registering font factories with UI factory
01:32:43.292 [JavaFX Application Thread] DEBUG Menu                 - fireNewGame()
01:32:43.292 [JavaFX Application Thread] DEBUG GameApplicationServi - Starting new game
01:32:43.292 [JavaFX Application Thread] DEBUG PrimaryStageWindow   - Pop state: MenuInterface
01:32:43.292 [JavaFX Application Thread] DEBUG Input                - Clearing active input actions
01:32:43.293 [JavaFX Application Thread] DEBUG GameApplicationServi - Removing overlay from MenuInterface and adding to FXGLMainMenuDummyScene
01:32:43.293 [JavaFX Application Thread] DEBUG PrimaryStageWindow   - FXGLMainMenuDummyScene <- MenuInterface
01:32:43.293 [JavaFX Application Thread] DEBUG Input                - Clearing active input actions
01:32:43.297 [JavaFX Application Thread] DEBUG GameApplicationServi - Removing overlay from FXGLMainMenuDummyScene and adding to LoadingInterface
01:32:43.297 [JavaFX Application Thread] DEBUG PrimaryStageWindow   - FXGLMainMenuDummyScene -> LoadingInterface
01:32:43.297 [JavaFX Application Thread] DEBUG GameApplicationServi - Clearing previous game
01:32:43.297 [JavaFX Application Thread] DEBUG GameScene            - Clearing game scene
01:32:43.297 [JavaFX Application Thread] DEBUG GameWorld            - Clearing game world
01:32:43.297 [JavaFX Application Thread] DEBUG PhysicsWorld         - Clearing physics world
01:32:43.298 [FXGL Background Thread 4 ] DEBUG FXGLApplication      - Initializing game
01:32:43.312 [FXGL Background Thread 4 ] DEBUG FXGLAssetLoaderServi - Loading from file system: file:/C:/Users/Wren/IdeaProjects/GameGame/target/classes/assets/textures/background.png
01:32:43.413 [FXGL Background Thread 4 ] DEBUG FXGLAssetLoaderServi - Loading from file system: file:/C:/Users/Wren/IdeaProjects/GameGame/target/classes/assets/textures/background_stars1.png
01:32:43.493 [FXGL Background Thread 4 ] DEBUG FXGLAssetLoaderServi - Loading from file system: file:/C:/Users/Wren/IdeaProjects/GameGame/target/classes/assets/textures/background_stars2.png
01:32:43.517 [FXGL Background Thread 4 ] DEBUG FXGLAssetLoaderServi - Loading from file system: file:/C:/Users/Wren/IdeaProjects/GameGame/target/classes/assets/textures/background_stars3.png
01:32:43.541 [FXGL Background Thread 4 ] DEBUG FXGLAssetLoaderServi - Loading from file system: file:/C:/Users/Wren/IdeaProjects/GameGame/target/classes/assets/textures/background_cloud1.png
01:32:43.548 [FXGL Background Thread 4 ] DEBUG FXGLAssetLoaderServi - Loading from file system: file:/C:/Users/Wren/IdeaProjects/GameGame/target/classes/assets/textures/background_cloud2.png
01:32:43.560 [FXGL Background Thread 4 ] DEBUG FXGLAssetLoaderServi - Loading from file system: file:/C:/Users/Wren/IdeaProjects/GameGame/target/classes/assets/textures/background_mist1.png
01:32:43.571 [FXGL Background Thread 4 ] DEBUG FXGLAssetLoaderServi - Loading from file system: file:/C:/Users/Wren/IdeaProjects/GameGame/target/classes/assets/textures/background_hills.png
01:32:43.591 [FXGL Background Thread 4 ] DEBUG FXGLAssetLoaderServi - Loading from file system: file:/C:/Users/Wren/IdeaProjects/GameGame/target/classes/assets/textures/background_forest.png
01:32:43.604 [FXGL Background Thread 4 ] DEBUG FXGLAssetLoaderServi - Loading from file system: file:/C:/Users/Wren/IdeaProjects/GameGame/target/classes/assets/textures/background_large_forest.png
01:32:43.625 [FXGL Background Thread 4 ] DEBUG FXGLAssetLoaderServi - Loading from file system: file:/C:/Users/Wren/IdeaProjects/GameGame/target/classes/assets/textures/idle_sprite.png
01:32:43.628 [FXGL Background Thread 4 ] DEBUG FXGLAssetLoaderServi - Loading from file system: file:/C:/Users/Wren/IdeaProjects/GameGame/target/classes/assets/textures/down_sprite.png
01:32:43.630 [FXGL Background Thread 4 ] DEBUG FXGLAssetLoaderServi - Loading from file system: file:/C:/Users/Wren/IdeaProjects/GameGame/target/classes/assets/textures/up_sprite.png
01:32:43.641 [FXGL Background Thread 4 ] DEBUG FXGLAssetLoaderServi - Loading from file system: file:/C:/Users/Wren/IdeaProjects/GameGame/target/classes/assets/textures/bullet_HUD_selection.png
01:32:43.645 [FXGL Background Thread 4 ] DEBUG FXGLAssetLoaderServi - Loading from file system: file:/C:/Users/Wren/IdeaProjects/GameGame/target/classes/assets/music/main_music.wav
01:32:43.752 [FXGL Background Thread 4 ] DEBUG AudioPlayer          - Playing music com.almasb.fxgl.audio.Music@a0d5076
01:32:43.759 [FXGL Background Thread 4 ] INFO  FXGLApplication      - Game initialization took: 0.461 sec
01:32:43.771 [JavaFX Application Thread] DEBUG Input                - Clearing active input actions
01:32:43.775 [JavaFX Application Thread] DEBUG GameApplicationServi - Removing overlay from LoadingInterface and adding to GameScene
01:32:43.775 [JavaFX Application Thread] DEBUG PrimaryStageWindow   - LoadingInterface -> GameScene
01:32:44.773 [JavaFX Application Thread] DEBUG FXGLAssetLoaderServi - Loading from file system: file:/C:/Users/Wren/IdeaProjects/GameGame/target/classes/assets/textures/enemy_sprite.png
01:32:44.776 [JavaFX Application Thread] DEBUG FXGLAssetLoaderServi - Loading from file system: file:/C:/Users/Wren/IdeaProjects/GameGame/target/classes/assets/textures/explosion_sprite.png
01:32:45.338 [JavaFX Application Thread] DEBUG FXGLAssetLoaderServi - Loading from file system: file:/C:/Users/Wren/IdeaProjects/GameGame/target/classes/assets/textures/bullet_sprite.png
01:32:45.628 [JavaFX Application Thread] DEBUG FXGLAssetLoaderServi - Loading from file system: file:/C:/Users/Wren/IdeaProjects/GameGame/target/classes/assets/sounds/death_sound.wav
01:32:45.751 [FXGL Background Thread 3 ] DEBUG Engine               - Logging environment variables
01:32:45.751 [FXGL Background Thread 3 ] DEBUG Engine               - achievements: []
01:32:45.751 [FXGL Background Thread 3 ] DEBUG Engine               - actualHeight: 720.0
01:32:45.751 [FXGL Background Thread 3 ] DEBUG Engine               - actualHeightProperty: ReadOnlyDoubleProperty [value: 720.0]
01:32:45.751 [FXGL Background Thread 3 ] DEBUG Engine               - actualWidth: 1280.0
01:32:45.751 [FXGL Background Thread 3 ] DEBUG Engine               - actualWidthProperty: ReadOnlyDoubleProperty [value: 1280.0]
01:32:45.751 [FXGL Background Thread 3 ] DEBUG Engine               - appIcon: fxgl_icon.png
01:32:45.751 [FXGL Background Thread 3 ] DEBUG Engine               - applicationMode: DEVELOPER
01:32:45.751 [FXGL Background Thread 3 ] DEBUG Engine               - cSSList: [fxgl_dark.css]
01:32:45.751 [FXGL Background Thread 3 ] DEBUG Engine               - collisionDetectionStrategy: BRUTE_FORCE
01:32:45.751 [FXGL Background Thread 3 ] DEBUG Engine               - configClass: Optional.empty
01:32:45.751 [FXGL Background Thread 3 ] DEBUG Engine               - credits: []
01:32:45.752 [FXGL Background Thread 3 ] DEBUG Engine               - defaultCursor: CursorInfo(imageName=fxgl_default_cursor.png, hotspotX=7.0, hotspotY=6.0)
01:32:45.752 [FXGL Background Thread 3 ] DEBUG Engine               - devBBoxColorProperty: ObjectProperty [value: 0xff0000ff]
01:32:45.752 [FXGL Background Thread 3 ] DEBUG Engine               - devEnableDebugCameraProperty: BooleanProperty [value: false]
01:32:45.752 [FXGL Background Thread 3 ] DEBUG Engine               - devSensorColorProperty: ObjectProperty [value: 0xffff00ff]
01:32:45.752 [FXGL Background Thread 3 ] DEBUG Engine               - devShowBBoxProperty: BooleanProperty [value: false]
01:32:45.752 [FXGL Background Thread 3 ] DEBUG Engine               - devShowPositionProperty: BooleanProperty [value: false]
01:32:45.752 [FXGL Background Thread 3 ] DEBUG Engine               - enabledMenuItems: []
01:32:45.752 [FXGL Background Thread 3 ] DEBUG Engine               - engineServices: [class com.almasb.fxgl.app.services.FXGLAssetLoaderService, class com.almasb.fxgl.app.FXGLApplication$GameApplicationService, class com.almasb.fxgl.app.services.FXGLDialogService, class com.almasb.fxgl.app.services.IOTaskExecutorService, class com.almasb.fxgl.io.FileSystemService, class com.almasb.fxgl.localization.LocalizationService, class com.almasb.fxgl.app.services.SystemBundleService, class com.almasb.fxgl.profile.SaveLoadService, class com.almasb.fxgl.ui.FXGLUIFactoryServiceProvider, class com.almasb.fxgl.ui.FXGLDialogFactoryServiceProvider, class com.almasb.fxgl.audio.AudioPlayer, class com.almasb.fxgl.notification.impl.NotificationServiceProvider, class com.almasb.fxgl.achievement.AchievementService, class com.almasb.fxgl.cutscene.CutsceneService, class com.almasb.fxgl.minigames.MiniGameService, class com.almasb.fxgl.net.NetService, class com.almasb.fxgl.app.services.UpdaterService, class com.almasb.fxgl.dev.DevService]
01:32:45.752 [FXGL Background Thread 3 ] DEBUG Engine               - fontGame: Abel-Regular.ttf
01:32:45.752 [FXGL Background Thread 3 ] DEBUG Engine               - fontMono: TerminalLandMono-Regular.otf
01:32:45.752 [FXGL Background Thread 3 ] DEBUG Engine               - fontSizeScaleUI: 1.0
01:32:45.752 [FXGL Background Thread 3 ] DEBUG Engine               - fontText: Courier-Prime.ttf
01:32:45.752 [FXGL Background Thread 3 ] DEBUG Engine               - fontUI: VarelaRound-Regular.ttf
01:32:45.752 [FXGL Background Thread 3 ] DEBUG Engine               - fpsRefreshRate: 500.0 ms
01:32:45.752 [FXGL Background Thread 3 ] DEBUG Engine               - fullScreen: BooleanProperty [value: false]
01:32:45.752 [FXGL Background Thread 3 ] DEBUG Engine               - gameDifficulty: MEDIUM
01:32:45.752 [FXGL Background Thread 3 ] DEBUG Engine               - gameDifficultyProperty: ObjectProperty [value: MEDIUM]
01:32:45.752 [FXGL Background Thread 3 ] DEBUG Engine               - globalMusicVolume: 0.5
01:32:45.752 [FXGL Background Thread 3 ] DEBUG Engine               - globalMusicVolumeProperty: DoubleProperty [value: 0.5]
01:32:45.753 [FXGL Background Thread 3 ] DEBUG Engine               - globalSoundVolume: 0.5
01:32:45.753 [FXGL Background Thread 3 ] DEBUG Engine               - globalSoundVolumeProperty: DoubleProperty [value: 0.5]
01:32:45.753 [FXGL Background Thread 3 ] DEBUG Engine               - height: 720
01:32:45.753 [FXGL Background Thread 3 ] DEBUG Engine               - is3D: false
01:32:45.753 [FXGL Background Thread 3 ] DEBUG Engine               - isAndroid: false
01:32:45.753 [FXGL Background Thread 3 ] DEBUG Engine               - isBrowser: false
01:32:45.753 [FXGL Background Thread 3 ] DEBUG Engine               - isClickFeedbackEnabled: false
01:32:45.753 [FXGL Background Thread 3 ] DEBUG Engine               - isCloseConfirmation: false
01:32:45.753 [FXGL Background Thread 3 ] DEBUG Engine               - isDesktop: true
01:32:45.753 [FXGL Background Thread 3 ] DEBUG Engine               - isDeveloperMenuEnabled: false
01:32:45.753 [FXGL Background Thread 3 ] DEBUG Engine               - isEmbedded: false
01:32:45.753 [FXGL Background Thread 3 ] DEBUG Engine               - isEntityPreloadEnabled: true
01:32:45.753 [FXGL Background Thread 3 ] DEBUG Engine               - isExperimentalTiledLargeMap: false
01:32:45.753 [FXGL Background Thread 3 ] DEBUG Engine               - isFileSystemWriteAllowed: true
01:32:45.753 [FXGL Background Thread 3 ] DEBUG Engine               - isFullScreenAllowed: false
01:32:45.753 [FXGL Background Thread 3 ] DEBUG Engine               - isFullScreenFromStart: false
01:32:45.753 [FXGL Background Thread 3 ] DEBUG Engine               - isGameMenuEnabled: true
01:32:45.753 [FXGL Background Thread 3 ] DEBUG Engine               - isIOS: false
01:32:45.753 [FXGL Background Thread 3 ] DEBUG Engine               - isIntroEnabled: false
01:32:45.753 [FXGL Background Thread 3 ] DEBUG Engine               - isLinux: false
01:32:45.753 [FXGL Background Thread 3 ] DEBUG Engine               - isMac: false
01:32:45.753 [FXGL Background Thread 3 ] DEBUG Engine               - isMainMenuEnabled: true
01:32:45.753 [FXGL Background Thread 3 ] DEBUG Engine               - isManualResizeEnabled: false
01:32:45.753 [FXGL Background Thread 3 ] DEBUG Engine               - isMobile: false
01:32:45.753 [FXGL Background Thread 3 ] DEBUG Engine               - isNative: false
01:32:45.753 [FXGL Background Thread 3 ] DEBUG Engine               - isPauseMusicWhenMinimized: true
01:32:45.753 [FXGL Background Thread 3 ] DEBUG Engine               - isPreserveResizeRatio: false
01:32:45.753 [FXGL Background Thread 3 ] DEBUG Engine               - isProfilingEnabled: false
01:32:45.753 [FXGL Background Thread 3 ] DEBUG Engine               - isScaleAffectedOnResize: true
01:32:45.753 [FXGL Background Thread 3 ] DEBUG Engine               - isSingleStep: false
01:32:45.753 [FXGL Background Thread 3 ] DEBUG Engine               - isUserProfileEnabled: false
01:32:45.753 [FXGL Background Thread 3 ] DEBUG Engine               - isWindows: true
01:32:45.753 [FXGL Background Thread 3 ] DEBUG Engine               - language: ObjectProperty [value: ENGLISH]
01:32:45.753 [FXGL Background Thread 3 ] DEBUG Engine               - menuKey: ESCAPE
01:32:45.753 [FXGL Background Thread 3 ] DEBUG Engine               - mouseSensitivity: 0.2
01:32:45.753 [FXGL Background Thread 3 ] DEBUG Engine               - notificationViewClass: class com.almasb.fxgl.notification.view.XboxNotificationView
01:32:45.753 [FXGL Background Thread 3 ] DEBUG Engine               - pixelsPerMeter: 50.0
01:32:45.753 [FXGL Background Thread 3 ] DEBUG Engine               - platform: WINDOWS
01:32:45.753 [FXGL Background Thread 3 ] DEBUG Engine               - prefHeightProperty: ReadOnlyDoubleProperty [value: 720.0]
01:32:45.753 [FXGL Background Thread 3 ] DEBUG Engine               - prefWidthProperty: ReadOnlyDoubleProperty [value: 1280.0]
01:32:45.753 [FXGL Background Thread 3 ] DEBUG Engine               - profileDir: profiles/
01:32:45.753 [FXGL Background Thread 3 ] DEBUG Engine               - profileName: StringProperty [value: DEFAULT]
01:32:45.753 [FXGL Background Thread 3 ] DEBUG Engine               - randomSeed: -1
01:32:45.753 [FXGL Background Thread 3 ] DEBUG Engine               - runtimeInfo: RuntimeInfo(platform=WINDOWS, version=25, build=05.02.2026 22.57)
01:32:45.754 [FXGL Background Thread 3 ] DEBUG Engine               - saveFileExt: sav
01:32:45.754 [FXGL Background Thread 3 ] DEBUG Engine               - scaledHeightProp$fxgl: DoubleProperty [bound, value: 720.0]
01:32:45.754 [FXGL Background Thread 3 ] DEBUG Engine               - scaledWidthProp$fxgl: DoubleProperty [bound, value: 1280.0]
01:32:45.754 [FXGL Background Thread 3 ] DEBUG Engine               - sceneFactory: org.group1.GamePackage.Factory.MainSceneFactory@7458f935
01:32:45.754 [FXGL Background Thread 3 ] DEBUG Engine               - secondsIn24h: 60
01:32:45.754 [FXGL Background Thread 3 ] DEBUG Engine               - soundMenuBack: menu/back.wav
01:32:45.754 [FXGL Background Thread 3 ] DEBUG Engine               - soundMenuPress: menu/press.wav
01:32:45.754 [FXGL Background Thread 3 ] DEBUG Engine               - soundMenuSelect: menu/select.wav
01:32:45.754 [FXGL Background Thread 3 ] DEBUG Engine               - soundNotification: core/notification.wav
01:32:45.754 [FXGL Background Thread 3 ] DEBUG Engine               - stageStyle: DECORATED
01:32:45.754 [FXGL Background Thread 3 ] DEBUG Engine               - supportedLanguages: [ENGLISH, FRENCH, GERMAN, HUNGARIAN, RUSSIAN]
01:32:45.754 [FXGL Background Thread 3 ] DEBUG Engine               - ticksPerSecond: -1
01:32:45.754 [FXGL Background Thread 3 ] DEBUG Engine               - title: Untitled
01:32:45.754 [FXGL Background Thread 3 ] DEBUG Engine               - urlGithub: https://github.com/AlmasB/FXGL
01:32:45.754 [FXGL Background Thread 3 ] DEBUG Engine               - urlLeaderboard: http://fxgl-top.herokuapp.com/
01:32:45.754 [FXGL Background Thread 3 ] DEBUG Engine               - urlPOM: https://raw.githubusercontent.com/AlmasB/FXGL/release/README.md
01:32:45.754 [FXGL Background Thread 3 ] DEBUG Engine               - userAppClass: class org.group1.GamePackage.Application
01:32:45.754 [FXGL Background Thread 3 ] DEBUG Engine               - version: 0.0
01:32:45.754 [FXGL Background Thread 3 ] DEBUG Engine               - versionCheckDays: 7
01:32:45.754 [FXGL Background Thread 3 ] DEBUG Engine               - width: 1280
01:32:45.754 [FXGL Background Thread 3 ] DEBUG Engine               - Logging services
01:32:45.754 [FXGL Background Thread 3 ] DEBUG Engine               - class com.almasb.fxgl.app.services.FXGLAssetLoaderService
01:32:45.754 [FXGL Background Thread 3 ] DEBUG Engine               - class com.almasb.fxgl.app.FXGLApplication$GameApplicationService
01:32:45.754 [FXGL Background Thread 3 ] DEBUG Engine               - class com.almasb.fxgl.app.services.FXGLDialogService
01:32:45.754 [FXGL Background Thread 3 ] DEBUG Engine               - class com.almasb.fxgl.app.services.IOTaskExecutorService
01:32:45.754 [FXGL Background Thread 3 ] DEBUG Engine               - class com.almasb.fxgl.io.FileSystemService
01:32:45.754 [FXGL Background Thread 3 ] DEBUG Engine               - class com.almasb.fxgl.localization.LocalizationService
01:32:45.754 [FXGL Background Thread 3 ] DEBUG Engine               - class com.almasb.fxgl.app.services.SystemBundleService
01:32:45.754 [FXGL Background Thread 3 ] DEBUG Engine               - class com.almasb.fxgl.profile.SaveLoadService
01:32:45.754 [FXGL Background Thread 3 ] DEBUG Engine               - class com.almasb.fxgl.ui.FXGLUIFactoryServiceProvider
01:32:45.754 [FXGL Background Thread 3 ] DEBUG Engine               - class com.almasb.fxgl.ui.FXGLDialogFactoryServiceProvider
01:32:45.754 [FXGL Background Thread 3 ] DEBUG Engine               - class com.almasb.fxgl.audio.AudioPlayer
01:32:45.754 [FXGL Background Thread 3 ] DEBUG Engine               - class com.almasb.fxgl.notification.impl.NotificationServiceProvider
01:32:45.754 [FXGL Background Thread 3 ] DEBUG Engine               - class com.almasb.fxgl.achievement.AchievementService
01:32:45.754 [FXGL Background Thread 3 ] DEBUG Engine               - class com.almasb.fxgl.cutscene.CutsceneService
01:32:45.754 [FXGL Background Thread 3 ] DEBUG Engine               - class com.almasb.fxgl.minigames.MiniGameService
01:32:45.754 [FXGL Background Thread 3 ] DEBUG Engine               - class com.almasb.fxgl.net.NetService
01:32:45.754 [FXGL Background Thread 3 ] DEBUG Engine               - class com.almasb.fxgl.app.services.UpdaterService
01:32:45.754 [FXGL Background Thread 3 ] DEBUG Engine               - class com.almasb.fxgl.dev.DevService
01:32:48.181 [JavaFX Application Thread] DEBUG FXGLAssetLoaderServi - Loading from file system: file:/C:/Users/Wren/IdeaProjects/GameGame/target/classes/assets/sounds/fah.wav
01:32:50.668 [JavaFX Application Thread] DEBUG FXGLApplication      - Exiting FXGL
01:32:50.668 [JavaFX Application Thread] DEBUG LoopRunner           - Stopping loop
01:32:50.668 [JavaFX Application Thread] DEBUG SystemBundleService  - Saving FXGL system data
01:32:50.669 [JavaFX Application Thread] DEBUG FileSystemAccess     - Writing to: C:\Users\Wren\IdeaProjects\GameGame\system\fxgl.bundle
01:32:50.670 [JavaFX Application Thread] DEBUG Async                - Shutting down background threads
01:32:50.670 [JavaFX Application Thread] DEBUG PrimaryStageWindow   - Closing main window
01:32:50.679 [JavaFX Application Thread] DEBUG Logger               - Closing Logger
