23:12:19.297 [main                     ] DEBUG Logger               - Configured Logger
23:12:19.307 [main                     ] DEBUG GameApplication      - Logging settings
Title: Untitled
Version: 0.0
Width: 1280
Height: 720
Fullscreen: false
Intro: false
Profiling: false
Single step:false
App Mode: DEVELOPER
Menu Key: ESCAPE
Stage Style: DECORATED
Scene Factory: class org.group1.GamePackage.Factory.MainSceneFactory

23:12:19.637 [JavaFX Application Thread] DEBUG FXGLApplication      - Initializing FXGL
23:12:19.642 [JavaFX Application Thread] INFO  Engine               - FXGL-25 (05.02.2026 22.57) on WINDOWS (J:25.0.1 FX:21.0.6)
23:12:19.642 [JavaFX Application Thread] DEBUG Engine               - JRE Vendor Name: Oracle Corporation
23:12:19.642 [JavaFX Application Thread] DEBUG Engine               - Running on OS: Windows 11 version 10.0
23:12:19.643 [JavaFX Application Thread] DEBUG Engine               - Architecture: amd64
23:12:19.643 [JavaFX Application Thread] INFO  Engine               - Source code and latest versions at: https://github.com/AlmasB/FXGL
23:12:19.643 [JavaFX Application Thread] INFO  Engine               -       Ask questions and discuss at: https://github.com/AlmasB/FXGL/discussions
23:12:19.758 [JavaFX Application Thread] DEBUG PrimaryStageWindow   - Creating a JavaFX scene
23:12:19.758 [JavaFX Application Thread] DEBUG PrimaryStageWindow   - Target size > screen size
23:12:19.817 [JavaFX Application Thread] DEBUG PrimaryStageWindow   - Target settings size: 1280.0 x 720.0
23:12:19.817 [JavaFX Application Thread] DEBUG PrimaryStageWindow   - Scaled scene size:    1169.0 x 671.0
23:12:19.817 [JavaFX Application Thread] DEBUG PrimaryStageWindow   - Scaled ratio: (0.91328125, 0.9319444444444445)
23:12:19.818 [JavaFX Application Thread] DEBUG PrimaryStageWindow   - Set initial scene to FXGLStartupScene
23:12:19.823 [JavaFX Application Thread] DEBUG PrimaryStageWindow   - Opening main window
23:12:19.928 [JavaFX Application Thread] DEBUG PrimaryStageWindow   - Window border size: (15.0, 37.66668701171875)
23:12:19.928 [JavaFX Application Thread] DEBUG PrimaryStageWindow   - Scaled size: 1169.0 x 671.0
23:12:19.929 [JavaFX Application Thread] DEBUG PrimaryStageWindow   - Scaled ratio: (0.91328125, 0.9319444444444445)
23:12:19.929 [JavaFX Application Thread] DEBUG PrimaryStageWindow   - Scene size: 1169.0 x 671.0
23:12:19.929 [JavaFX Application Thread] DEBUG PrimaryStageWindow   - Stage size: 1184.0 x 708.6666870117188
23:12:19.941 [FXGL Background Thread 1 ] DEBUG Engine               - Initializing environment variables
23:12:20.061 [FXGL Background Thread 1 ] DEBUG FXGLAssetLoaderServi - User app class for loading assets: class org.group1.GamePackage.Application
23:12:20.061 [FXGL Background Thread 1 ] DEBUG GameApplicationServi - Applying CSS: fxgl_dark.css
23:12:20.063 [FXGL Background Thread 1 ] DEBUG FXGLAssetLoaderServi - Loading from file system: jar:file:///C:/Users/ryles/.m2/repository/com/github/almasb/fxgl/25/fxgl-25.jar!/fxglassets/ui/css/fxgl_dark.css
23:12:20.146 [FXGL Background Thread 1 ] DEBUG GameApplicationServi - Initializing application scenes
23:12:20.247 [FXGL Background Thread 1 ] DEBUG GameWorld            - Game world initialized
23:12:20.313 [FXGL Background Thread 1 ] DEBUG PhysicsWorld         - Physics world initialized: appHeight=720, physics.ppm=50.0
23:12:20.314 [FXGL Background Thread 1 ] DEBUG PhysicsWorld         - Using strategy: BRUTE_FORCE
23:12:20.320 [FXGL Background Thread 1 ] DEBUG GameScene            - Game scene initialized: 1280x720
23:12:20.338 [FXGL Background Thread 1 ] DEBUG FXGL.DefaultMenu     - createMenuBodyGameMenu()
23:12:20.350 [FXGL Background Thread 1 ] DEBUG FXGL.DefaultMenu     - createOptionsMenu()
23:12:20.364 [FXGL Background Thread 1 ] DEBUG FXGLAssetLoaderServi - Loading from file system: jar:file:///C:/Users/ryles/.m2/repository/com/github/almasb/fxgl/25/fxgl-25.jar!/fxglassets/textures/particles/smoke.png
23:12:20.492 [FXGL Background Thread 1 ] DEBUG FXGLAssetLoaderServi - Loading from file system: jar:file:///C:/Users/ryles/.m2/repository/com/github/almasb/fxgl/25/fxgl-25.jar!/fxglassets/textures/particles/trace_horizontal.png
23:12:20.538 [FXGL Background Thread 1 ] DEBUG GameApplicationServi - Application scenes initialized
23:12:20.552 [FXGL Background Thread 1 ] DEBUG SystemBundleService  - Loading FXGL system data
23:12:20.558 [FXGL Background Thread 1 ] DEBUG FileSystemAccess     - Reading from: C:\Users\ryles\Downloads\ComProg_Project\system\fxgl.bundle
23:12:20.567 [FXGL Background Thread 1 ] DEBUG SystemBundleService  - Bundle FXGL: {}
23:12:20.568 [FXGL Background Thread 1 ] DEBUG UpdaterService       - Checking for updates
23:12:20.571 [FXGL Background Thread 4 ] DEBUG FXGLApplication      - Loading fonts
23:12:20.572 [FXGL Background Thread 1 ] DEBUG FXGLApplication      - Loading default localization
23:12:20.572 [FXGL Background Thread 4 ] DEBUG FXGLAssetLoaderServi - Loading from file system: jar:file:///C:/Users/ryles/.m2/repository/com/github/almasb/fxgl/25/fxgl-25.jar!/fxglassets/ui/fonts/VarelaRound-Regular.ttf
23:12:20.573 [FXGL Background Thread 1 ] DEBUG FXGLAssetLoaderServi - Loading from file system: jar:file:///C:/Users/ryles/.m2/repository/com/github/almasb/fxgl/25/fxgl-25.jar!/fxglassets/languages/english.lang
23:12:20.591 [FXGL Background Thread 1 ] INFO  FXGLApplication      - FXGL initialization took: 0.650 sec
23:12:20.615 [JavaFX Application Thread] DEBUG Input                - Registered new binding: Move left - A
23:12:20.616 [JavaFX Application Thread] DEBUG Input                - Registered new binding: Move right - D
23:12:20.616 [JavaFX Application Thread] DEBUG Input                - Registered new binding: Move down - S
23:12:20.616 [JavaFX Application Thread] DEBUG Input                - Registered new binding: Move up - W
23:12:20.616 [JavaFX Application Thread] DEBUG Input                - Registered new binding: Shoot - Space
23:12:20.617 [JavaFX Application Thread] DEBUG FXGLAssetLoaderServi - Loading from file system: jar:file:///C:/Users/ryles/.m2/repository/com/github/almasb/fxgl/25/fxgl-25.jar!/fxglassets/textures/fxgl_icon.png
23:12:20.620 [FXGL Background Thread 4 ] DEBUG FXGLAssetLoaderServi - Loading from file system: jar:file:///C:/Users/ryles/.m2/repository/com/github/almasb/fxgl/25/fxgl-25.jar!/fxglassets/ui/fonts/Abel-Regular.ttf
23:12:20.626 [FXGL Background Thread 4 ] DEBUG FXGLAssetLoaderServi - Loading from file system: jar:file:///C:/Users/ryles/.m2/repository/com/github/almasb/fxgl/25/fxgl-25.jar!/fxglassets/ui/fonts/TerminalLandMono-Regular.otf
23:12:20.633 [FXGL Background Thread 4 ] DEBUG FXGLAssetLoaderServi - Loading from file system: jar:file:///C:/Users/ryles/.m2/repository/com/github/almasb/fxgl/25/fxgl-25.jar!/fxglassets/ui/fonts/Courier-Prime.ttf
23:12:20.649 [JavaFX Application Thread] DEBUG FXGLAssetLoaderServi - Loading from file system: jar:file:///C:/Users/ryles/.m2/repository/com/github/almasb/fxgl/25/fxgl-25.jar!/fxglassets/textures/fxgl_default_cursor.png
23:12:20.653 [JavaFX Application Thread] DEBUG Input                - Registered new binding: Screenshot - CTRL+8
23:12:20.654 [JavaFX Application Thread] DEBUG Input                - Registered new binding: System info dump - CTRL+9
23:12:20.654 [JavaFX Application Thread] DEBUG Input                - Registered new binding: Restart - CTRL+R
23:12:20.655 [JavaFX Application Thread] DEBUG Input                - Registered new binding: Toggle Debug Camera - CTRL+7
23:12:20.659 [JavaFX Application Thread] DEBUG LoopRunner           - Starting loop
23:12:20.659 [JavaFX Application Thread] DEBUG LoopRunner           - Initializing JavaFX AnimationTimerLoop
23:12:20.662 [JavaFX Application Thread] DEBUG Input                - Clearing active input actions
23:12:20.678 [JavaFX Application Thread] DEBUG GameApplicationServi - Removing overlay from FXGLStartupScene and adding to FXGLMainMenuDummyScene
23:12:20.679 [JavaFX Application Thread] DEBUG PrimaryStageWindow   - FXGLStartupScene -> FXGLMainMenuDummyScene
23:12:20.679 [JavaFX Application Thread] DEBUG PrimaryStageWindow   - Push state: MenuInterface
23:12:20.680 [JavaFX Application Thread] DEBUG Input                - Clearing active input actions
23:12:20.687 [JavaFX Application Thread] DEBUG GameApplicationServi - Removing overlay from FXGLMainMenuDummyScene and adding to MenuInterface
23:12:20.687 [JavaFX Application Thread] DEBUG PrimaryStageWindow   - FXGLMainMenuDummyScene -> MenuInterface
23:12:20.749 [JavaFX Application Thread] DEBUG FXGLApplication      - Registering font factories with UI factory
23:12:22.828 [JavaFX Application Thread] DEBUG Menu                 - fireNewGame()
23:12:22.828 [JavaFX Application Thread] DEBUG GameApplicationServi - Starting new game
23:12:22.828 [JavaFX Application Thread] DEBUG PrimaryStageWindow   - Pop state: MenuInterface
23:12:22.828 [JavaFX Application Thread] DEBUG Input                - Clearing active input actions
23:12:22.829 [JavaFX Application Thread] DEBUG GameApplicationServi - Removing overlay from MenuInterface and adding to FXGLMainMenuDummyScene
23:12:22.830 [JavaFX Application Thread] DEBUG PrimaryStageWindow   - FXGLMainMenuDummyScene <- MenuInterface
23:12:22.830 [JavaFX Application Thread] DEBUG Input                - Clearing active input actions
23:12:22.836 [JavaFX Application Thread] DEBUG GameApplicationServi - Removing overlay from FXGLMainMenuDummyScene and adding to LoadingInterface
23:12:22.836 [JavaFX Application Thread] DEBUG PrimaryStageWindow   - FXGLMainMenuDummyScene -> LoadingInterface
23:12:22.836 [JavaFX Application Thread] DEBUG GameApplicationServi - Clearing previous game
23:12:22.836 [JavaFX Application Thread] DEBUG GameScene            - Clearing game scene
23:12:22.836 [JavaFX Application Thread] DEBUG GameWorld            - Clearing game world
23:12:22.836 [JavaFX Application Thread] DEBUG PhysicsWorld         - Clearing physics world
23:12:22.838 [FXGL Background Thread 2 ] DEBUG FXGLApplication      - Initializing game
23:12:22.853 [FXGL Background Thread 2 ] DEBUG FXGLAssetLoaderServi - Loading from file system: file:/C:/Users/ryles/Downloads/ComProg_Project/target/classes/assets/textures/background.png
23:12:22.984 [FXGL Background Thread 2 ] DEBUG FXGLAssetLoaderServi - Loading from file system: file:/C:/Users/ryles/Downloads/ComProg_Project/target/classes/assets/textures/background_stars1.png
23:12:23.146 [FXGL Background Thread 2 ] DEBUG FXGLAssetLoaderServi - Loading from file system: file:/C:/Users/ryles/Downloads/ComProg_Project/target/classes/assets/textures/background_stars2.png
23:12:23.192 [FXGL Background Thread 2 ] DEBUG FXGLAssetLoaderServi - Loading from file system: file:/C:/Users/ryles/Downloads/ComProg_Project/target/classes/assets/textures/background_stars3.png
23:12:23.229 [FXGL Background Thread 2 ] DEBUG FXGLAssetLoaderServi - Loading from file system: file:/C:/Users/ryles/Downloads/ComProg_Project/target/classes/assets/textures/background_cloud1.png
23:12:23.242 [FXGL Background Thread 2 ] DEBUG FXGLAssetLoaderServi - Loading from file system: file:/C:/Users/ryles/Downloads/ComProg_Project/target/classes/assets/textures/background_cloud2.png
23:12:23.259 [FXGL Background Thread 2 ] DEBUG FXGLAssetLoaderServi - Loading from file system: file:/C:/Users/ryles/Downloads/ComProg_Project/target/classes/assets/textures/background_mist1.png
23:12:23.275 [FXGL Background Thread 2 ] DEBUG FXGLAssetLoaderServi - Loading from file system: file:/C:/Users/ryles/Downloads/ComProg_Project/target/classes/assets/textures/background_hills.png
23:12:23.302 [FXGL Background Thread 2 ] DEBUG FXGLAssetLoaderServi - Loading from file system: file:/C:/Users/ryles/Downloads/ComProg_Project/target/classes/assets/textures/background_forest.png
23:12:23.318 [FXGL Background Thread 2 ] DEBUG FXGLAssetLoaderServi - Loading from file system: file:/C:/Users/ryles/Downloads/ComProg_Project/target/classes/assets/textures/background_large_forest.png
23:12:23.363 [FXGL Background Thread 2 ] DEBUG FXGLAssetLoaderServi - Loading from file system: file:/C:/Users/ryles/Downloads/ComProg_Project/target/classes/assets/textures/idle_sprite.png
23:12:23.369 [FXGL Background Thread 2 ] DEBUG FXGLAssetLoaderServi - Loading from file system: file:/C:/Users/ryles/Downloads/ComProg_Project/target/classes/assets/textures/down_sprite.png
23:12:23.372 [FXGL Background Thread 2 ] DEBUG FXGLAssetLoaderServi - Loading from file system: file:/C:/Users/ryles/Downloads/ComProg_Project/target/classes/assets/textures/up_sprite.png
23:12:23.385 [FXGL Background Thread 2 ] DEBUG FXGLAssetLoaderServi - Loading from file system: file:/C:/Users/ryles/Downloads/ComProg_Project/target/classes/assets/music/main_music.wav
23:12:23.515 [FXGL Background Thread 2 ] DEBUG AudioPlayer          - Playing music com.almasb.fxgl.audio.Music@4cb4ffa6
23:12:23.524 [FXGL Background Thread 2 ] INFO  FXGLApplication      - Game initialization took: 0.686 sec
23:12:23.526 [JavaFX Application Thread] DEBUG Input                - Clearing active input actions
23:12:23.535 [JavaFX Application Thread] DEBUG GameApplicationServi - Removing overlay from LoadingInterface and adding to GameScene
23:12:23.536 [JavaFX Application Thread] DEBUG PrimaryStageWindow   - LoadingInterface -> GameScene
23:12:23.570 [FXGL Background Thread 3 ] DEBUG Engine               - Logging environment variables
23:12:23.570 [FXGL Background Thread 3 ] DEBUG Engine               - achievements: []
23:12:23.571 [FXGL Background Thread 3 ] DEBUG Engine               - actualHeight: 671.0
23:12:23.571 [FXGL Background Thread 3 ] DEBUG Engine               - actualHeightProperty: ReadOnlyDoubleProperty [value: 671.0]
23:12:23.571 [FXGL Background Thread 3 ] DEBUG Engine               - actualWidth: 1169.0
23:12:23.571 [FXGL Background Thread 3 ] DEBUG Engine               - actualWidthProperty: ReadOnlyDoubleProperty [value: 1169.0]
23:12:23.571 [FXGL Background Thread 3 ] DEBUG Engine               - appIcon: fxgl_icon.png
23:12:23.572 [FXGL Background Thread 3 ] DEBUG Engine               - applicationMode: DEVELOPER
23:12:23.572 [FXGL Background Thread 3 ] DEBUG Engine               - cSSList: [fxgl_dark.css]
23:12:23.572 [FXGL Background Thread 3 ] DEBUG Engine               - collisionDetectionStrategy: BRUTE_FORCE
23:12:23.572 [FXGL Background Thread 3 ] DEBUG Engine               - configClass: Optional.empty
23:12:23.572 [FXGL Background Thread 3 ] DEBUG Engine               - credits: []
23:12:23.572 [FXGL Background Thread 3 ] DEBUG Engine               - defaultCursor: CursorInfo(imageName=fxgl_default_cursor.png, hotspotX=7.0, hotspotY=6.0)
23:12:23.573 [FXGL Background Thread 3 ] DEBUG Engine               - devBBoxColorProperty: ObjectProperty [value: 0xff0000ff]
23:12:23.573 [FXGL Background Thread 3 ] DEBUG Engine               - devEnableDebugCameraProperty: BooleanProperty [value: false]
23:12:23.573 [FXGL Background Thread 3 ] DEBUG Engine               - devSensorColorProperty: ObjectProperty [value: 0xffff00ff]
23:12:23.573 [FXGL Background Thread 3 ] DEBUG Engine               - devShowBBoxProperty: BooleanProperty [value: false]
23:12:23.573 [FXGL Background Thread 3 ] DEBUG Engine               - devShowPositionProperty: BooleanProperty [value: false]
23:12:23.573 [FXGL Background Thread 3 ] DEBUG Engine               - enabledMenuItems: []
23:12:23.573 [FXGL Background Thread 3 ] DEBUG Engine               - engineServices: [class com.almasb.fxgl.app.services.FXGLAssetLoaderService, class com.almasb.fxgl.app.FXGLApplication$GameApplicationService, class com.almasb.fxgl.app.services.FXGLDialogService, class com.almasb.fxgl.app.services.IOTaskExecutorService, class com.almasb.fxgl.io.FileSystemService, class com.almasb.fxgl.localization.LocalizationService, class com.almasb.fxgl.app.services.SystemBundleService, class com.almasb.fxgl.profile.SaveLoadService, class com.almasb.fxgl.ui.FXGLUIFactoryServiceProvider, class com.almasb.fxgl.ui.FXGLDialogFactoryServiceProvider, class com.almasb.fxgl.audio.AudioPlayer, class com.almasb.fxgl.notification.impl.NotificationServiceProvider, class com.almasb.fxgl.achievement.AchievementService, class com.almasb.fxgl.cutscene.CutsceneService, class com.almasb.fxgl.minigames.MiniGameService, class com.almasb.fxgl.net.NetService, class com.almasb.fxgl.app.services.UpdaterService, class com.almasb.fxgl.dev.DevService]
23:12:23.573 [FXGL Background Thread 3 ] DEBUG Engine               - fontGame: Abel-Regular.ttf
23:12:23.573 [FXGL Background Thread 3 ] DEBUG Engine               - fontMono: TerminalLandMono-Regular.otf
23:12:23.573 [FXGL Background Thread 3 ] DEBUG Engine               - fontSizeScaleUI: 1.0
23:12:23.573 [FXGL Background Thread 3 ] DEBUG Engine               - fontText: Courier-Prime.ttf
23:12:23.574 [FXGL Background Thread 3 ] DEBUG Engine               - fontUI: VarelaRound-Regular.ttf
23:12:23.574 [FXGL Background Thread 3 ] DEBUG Engine               - fpsRefreshRate: 500.0 ms
23:12:23.574 [FXGL Background Thread 3 ] DEBUG Engine               - fullScreen: BooleanProperty [value: false]
23:12:23.574 [FXGL Background Thread 3 ] DEBUG Engine               - gameDifficulty: MEDIUM
23:12:23.574 [FXGL Background Thread 3 ] DEBUG Engine               - gameDifficultyProperty: ObjectProperty [value: MEDIUM]
23:12:23.575 [FXGL Background Thread 3 ] DEBUG Engine               - globalMusicVolume: 0.5
23:12:23.575 [FXGL Background Thread 3 ] DEBUG Engine               - globalMusicVolumeProperty: DoubleProperty [value: 0.5]
23:12:23.575 [FXGL Background Thread 3 ] DEBUG Engine               - globalSoundVolume: 0.5
23:12:23.575 [FXGL Background Thread 3 ] DEBUG Engine               - globalSoundVolumeProperty: DoubleProperty [value: 0.5]
23:12:23.575 [FXGL Background Thread 3 ] DEBUG Engine               - height: 720
23:12:23.575 [FXGL Background Thread 3 ] DEBUG Engine               - is3D: false
23:12:23.575 [FXGL Background Thread 3 ] DEBUG Engine               - isAndroid: false
23:12:23.575 [FXGL Background Thread 3 ] DEBUG Engine               - isBrowser: false
23:12:23.575 [FXGL Background Thread 3 ] DEBUG Engine               - isClickFeedbackEnabled: false
23:12:23.575 [FXGL Background Thread 3 ] DEBUG Engine               - isCloseConfirmation: false
23:12:23.575 [FXGL Background Thread 3 ] DEBUG Engine               - isDesktop: true
23:12:23.575 [FXGL Background Thread 3 ] DEBUG Engine               - isDeveloperMenuEnabled: false
23:12:23.575 [FXGL Background Thread 3 ] DEBUG Engine               - isEmbedded: false
23:12:23.575 [FXGL Background Thread 3 ] DEBUG Engine               - isEntityPreloadEnabled: true
23:12:23.575 [FXGL Background Thread 3 ] DEBUG Engine               - isExperimentalTiledLargeMap: false
23:12:23.575 [FXGL Background Thread 3 ] DEBUG Engine               - isFileSystemWriteAllowed: true
23:12:23.575 [FXGL Background Thread 3 ] DEBUG Engine               - isFullScreenAllowed: false
23:12:23.575 [FXGL Background Thread 3 ] DEBUG Engine               - isFullScreenFromStart: false
23:12:23.575 [FXGL Background Thread 3 ] DEBUG Engine               - isGameMenuEnabled: true
23:12:23.576 [FXGL Background Thread 3 ] DEBUG Engine               - isIOS: false
23:12:23.576 [FXGL Background Thread 3 ] DEBUG Engine               - isIntroEnabled: false
23:12:23.576 [FXGL Background Thread 3 ] DEBUG Engine               - isLinux: false
23:12:23.576 [FXGL Background Thread 3 ] DEBUG Engine               - isMac: false
23:12:23.576 [FXGL Background Thread 3 ] DEBUG Engine               - isMainMenuEnabled: true
23:12:23.576 [FXGL Background Thread 3 ] DEBUG Engine               - isManualResizeEnabled: false
23:12:23.576 [FXGL Background Thread 3 ] DEBUG Engine               - isMobile: false
23:12:23.576 [FXGL Background Thread 3 ] DEBUG Engine               - isNative: false
23:12:23.576 [FXGL Background Thread 3 ] DEBUG Engine               - isPauseMusicWhenMinimized: true
23:12:23.576 [FXGL Background Thread 3 ] DEBUG Engine               - isPreserveResizeRatio: false
23:12:23.576 [FXGL Background Thread 3 ] DEBUG Engine               - isProfilingEnabled: false
23:12:23.576 [FXGL Background Thread 3 ] DEBUG Engine               - isScaleAffectedOnResize: true
23:12:23.576 [FXGL Background Thread 3 ] DEBUG Engine               - isSingleStep: false
23:12:23.576 [FXGL Background Thread 3 ] DEBUG Engine               - isUserProfileEnabled: false
23:12:23.576 [FXGL Background Thread 3 ] DEBUG Engine               - isWindows: true
23:12:23.576 [FXGL Background Thread 3 ] DEBUG Engine               - language: ObjectProperty [value: ENGLISH]
23:12:23.576 [FXGL Background Thread 3 ] DEBUG Engine               - menuKey: ESCAPE
23:12:23.576 [FXGL Background Thread 3 ] DEBUG Engine               - mouseSensitivity: 0.2
23:12:23.576 [FXGL Background Thread 3 ] DEBUG Engine               - notificationViewClass: class com.almasb.fxgl.notification.view.XboxNotificationView
23:12:23.577 [FXGL Background Thread 3 ] DEBUG Engine               - pixelsPerMeter: 50.0
23:12:23.577 [FXGL Background Thread 3 ] DEBUG Engine               - platform: WINDOWS
23:12:23.577 [FXGL Background Thread 3 ] DEBUG Engine               - prefHeightProperty: ReadOnlyDoubleProperty [value: 720.0]
23:12:23.577 [FXGL Background Thread 3 ] DEBUG Engine               - prefWidthProperty: ReadOnlyDoubleProperty [value: 1280.0]
23:12:23.577 [FXGL Background Thread 3 ] DEBUG Engine               - profileDir: profiles/
23:12:23.577 [FXGL Background Thread 3 ] DEBUG Engine               - profileName: StringProperty [value: DEFAULT]
23:12:23.577 [FXGL Background Thread 3 ] DEBUG Engine               - randomSeed: -1
23:12:23.577 [FXGL Background Thread 3 ] DEBUG Engine               - runtimeInfo: RuntimeInfo(platform=WINDOWS, version=25, build=05.02.2026 22.57)
23:12:23.577 [FXGL Background Thread 3 ] DEBUG Engine               - saveFileExt: sav
23:12:23.577 [FXGL Background Thread 3 ] DEBUG Engine               - scaledHeightProp$fxgl: DoubleProperty [bound, value: 671.0]
23:12:23.577 [FXGL Background Thread 3 ] DEBUG Engine               - scaledWidthProp$fxgl: DoubleProperty [bound, value: 1169.0]
23:12:23.578 [FXGL Background Thread 3 ] DEBUG Engine               - sceneFactory: org.group1.GamePackage.Factory.MainSceneFactory@48bfae63
23:12:23.578 [FXGL Background Thread 3 ] DEBUG Engine               - secondsIn24h: 60
23:12:23.578 [FXGL Background Thread 3 ] DEBUG Engine               - soundMenuBack: menu/back.wav
23:12:23.578 [FXGL Background Thread 3 ] DEBUG Engine               - soundMenuPress: menu/press.wav
23:12:23.578 [FXGL Background Thread 3 ] DEBUG Engine               - soundMenuSelect: menu/select.wav
23:12:23.578 [FXGL Background Thread 3 ] DEBUG Engine               - soundNotification: core/notification.wav
23:12:23.578 [FXGL Background Thread 3 ] DEBUG Engine               - stageStyle: DECORATED
23:12:23.578 [FXGL Background Thread 3 ] DEBUG Engine               - supportedLanguages: [ENGLISH, FRENCH, GERMAN, HUNGARIAN, RUSSIAN]
23:12:23.578 [FXGL Background Thread 3 ] DEBUG Engine               - ticksPerSecond: -1
23:12:23.578 [FXGL Background Thread 3 ] DEBUG Engine               - title: Untitled
23:12:23.578 [FXGL Background Thread 3 ] DEBUG Engine               - urlGithub: https://github.com/AlmasB/FXGL
23:12:23.578 [FXGL Background Thread 3 ] DEBUG Engine               - urlLeaderboard: http://fxgl-top.herokuapp.com/
23:12:23.578 [FXGL Background Thread 3 ] DEBUG Engine               - urlPOM: https://raw.githubusercontent.com/AlmasB/FXGL/release/README.md
23:12:23.578 [FXGL Background Thread 3 ] DEBUG Engine               - userAppClass: class org.group1.GamePackage.Application
23:12:23.578 [FXGL Background Thread 3 ] DEBUG Engine               - version: 0.0
23:12:23.578 [FXGL Background Thread 3 ] DEBUG Engine               - versionCheckDays: 7
23:12:23.578 [FXGL Background Thread 3 ] DEBUG Engine               - width: 1280
23:12:23.578 [FXGL Background Thread 3 ] DEBUG Engine               - Logging services
23:12:23.578 [FXGL Background Thread 3 ] DEBUG Engine               - class com.almasb.fxgl.app.services.FXGLAssetLoaderService
23:12:23.578 [FXGL Background Thread 3 ] DEBUG Engine               - class com.almasb.fxgl.app.FXGLApplication$GameApplicationService
23:12:23.578 [FXGL Background Thread 3 ] DEBUG Engine               - class com.almasb.fxgl.app.services.FXGLDialogService
23:12:23.578 [FXGL Background Thread 3 ] DEBUG Engine               - class com.almasb.fxgl.app.services.IOTaskExecutorService
23:12:23.578 [FXGL Background Thread 3 ] DEBUG Engine               - class com.almasb.fxgl.io.FileSystemService
23:12:23.578 [FXGL Background Thread 3 ] DEBUG Engine               - class com.almasb.fxgl.localization.LocalizationService
23:12:23.578 [FXGL Background Thread 3 ] DEBUG Engine               - class com.almasb.fxgl.app.services.SystemBundleService
23:12:23.578 [FXGL Background Thread 3 ] DEBUG Engine               - class com.almasb.fxgl.profile.SaveLoadService
23:12:23.578 [FXGL Background Thread 3 ] DEBUG Engine               - class com.almasb.fxgl.ui.FXGLUIFactoryServiceProvider
23:12:23.578 [FXGL Background Thread 3 ] DEBUG Engine               - class com.almasb.fxgl.ui.FXGLDialogFactoryServiceProvider
23:12:23.578 [FXGL Background Thread 3 ] DEBUG Engine               - class com.almasb.fxgl.audio.AudioPlayer
23:12:23.578 [FXGL Background Thread 3 ] DEBUG Engine               - class com.almasb.fxgl.notification.impl.NotificationServiceProvider
23:12:23.579 [FXGL Background Thread 3 ] DEBUG Engine               - class com.almasb.fxgl.achievement.AchievementService
23:12:23.579 [FXGL Background Thread 3 ] DEBUG Engine               - class com.almasb.fxgl.cutscene.CutsceneService
23:12:23.579 [FXGL Background Thread 3 ] DEBUG Engine               - class com.almasb.fxgl.minigames.MiniGameService
23:12:23.579 [FXGL Background Thread 3 ] DEBUG Engine               - class com.almasb.fxgl.net.NetService
23:12:23.579 [FXGL Background Thread 3 ] DEBUG Engine               - class com.almasb.fxgl.app.services.UpdaterService
23:12:23.579 [FXGL Background Thread 3 ] DEBUG Engine               - class com.almasb.fxgl.dev.DevService
23:12:24.028 [JavaFX Application Thread] DEBUG FXGLAssetLoaderServi - Loading from file system: file:/C:/Users/ryles/Downloads/ComProg_Project/target/classes/assets/textures/enemy_sprite.png
23:12:24.036 [JavaFX Application Thread] DEBUG FXGLAssetLoaderServi - Loading from file system: file:/C:/Users/ryles/Downloads/ComProg_Project/target/classes/assets/textures/explosion_sprite.png
23:12:24.760 [JavaFX Application Thread] DEBUG FXGLAssetLoaderServi - Loading from file system: file:/C:/Users/ryles/Downloads/ComProg_Project/target/classes/assets/textures/bullet_sprite.png
23:12:25.161 [JavaFX Application Thread] DEBUG FXGLAssetLoaderServi - Loading from file system: file:/C:/Users/ryles/Downloads/ComProg_Project/target/classes/assets/sounds/death_sound.wav
23:12:28.730 [JavaFX Application Thread] DEBUG FXGLAssetLoaderServi - Loading from file system: file:/C:/Users/ryles/Downloads/ComProg_Project/target/classes/assets/textures/heart_sprite.png
23:12:28.743 [JavaFX Application Thread] DEBUG FXGLAssetLoaderServi - Loading from file system: file:/C:/Users/ryles/Downloads/ComProg_Project/target/classes/assets/textures/heart_explode_sprite.png
23:12:30.426 [JavaFX Application Thread] DEBUG FXGLAssetLoaderServi - Loading from file system: file:/C:/Users/ryles/Downloads/ComProg_Project/target/classes/assets/sounds/fah.wav
23:12:30.682 [JavaFX Application Thread] DEBUG FXGLAssetLoaderServi - Loading from file system: file:/C:/Users/ryles/Downloads/ComProg_Project/target/classes/assets/sounds/heart_gain.wav
23:12:56.550 [JavaFX Application Thread] DEBUG FXGLApplication      - Exiting FXGL
23:12:56.550 [JavaFX Application Thread] DEBUG LoopRunner           - Stopping loop
23:12:56.550 [JavaFX Application Thread] DEBUG SystemBundleService  - Saving FXGL system data
23:12:56.553 [JavaFX Application Thread] DEBUG FileSystemAccess     - Writing to: C:\Users\ryles\Downloads\ComProg_Project\system\fxgl.bundle
23:12:56.556 [JavaFX Application Thread] DEBUG Async                - Shutting down background threads
23:12:56.556 [JavaFX Application Thread] DEBUG PrimaryStageWindow   - Closing main window
23:12:56.596 [JavaFX Application Thread] DEBUG Logger               - Closing Logger
