22:45:45.163 [main                     ] DEBUG Logger               - Configured Logger
22:45:45.171 [main                     ] DEBUG GameApplication      - Logging settings
Title: Untitled
Version: 0.0
Width: 1280
Height: 720
Fullscreen: false
Intro: false
Profiling: false
Single step:false
App Mode: DEVELOPER
Menu Key: ESCAPE
Stage Style: DECORATED
Scene Factory: class com.almasb.fxgl.app.scene.SceneFactory

22:45:45.451 [JavaFX Application Thread] DEBUG FXGLApplication      - Initializing FXGL
22:45:45.454 [JavaFX Application Thread] INFO  Engine               - FXGL-25 (05.02.2026 22.57) on WINDOWS (J:25.0.1 FX:21.0.6)
22:45:45.455 [JavaFX Application Thread] DEBUG Engine               - JRE Vendor Name: Oracle Corporation
22:45:45.455 [JavaFX Application Thread] DEBUG Engine               - Running on OS: Windows 11 version 10.0
22:45:45.455 [JavaFX Application Thread] DEBUG Engine               - Architecture: amd64
22:45:45.455 [JavaFX Application Thread] INFO  Engine               - Source code and latest versions at: https://github.com/AlmasB/FXGL
22:45:45.455 [JavaFX Application Thread] INFO  Engine               -       Ask questions and discuss at: https://github.com/AlmasB/FXGL/discussions
22:45:45.527 [JavaFX Application Thread] DEBUG PrimaryStageWindow   - Creating a JavaFX scene
22:45:45.528 [JavaFX Application Thread] DEBUG PrimaryStageWindow   - Target size > screen size
22:45:45.562 [JavaFX Application Thread] DEBUG PrimaryStageWindow   - Target settings size: 1280.0 x 720.0
22:45:45.562 [JavaFX Application Thread] DEBUG PrimaryStageWindow   - Scaled scene size:    1169.0 x 671.0
22:45:45.562 [JavaFX Application Thread] DEBUG PrimaryStageWindow   - Scaled ratio: (0.91328125, 0.9319444444444445)
22:45:45.563 [JavaFX Application Thread] DEBUG PrimaryStageWindow   - Set initial scene to FXGLStartupScene
22:45:45.565 [JavaFX Application Thread] DEBUG PrimaryStageWindow   - Opening main window
22:45:45.639 [JavaFX Application Thread] DEBUG PrimaryStageWindow   - Window border size: (15.0, 37.66668701171875)
22:45:45.639 [JavaFX Application Thread] DEBUG PrimaryStageWindow   - Scaled size: 1169.0 x 671.0
22:45:45.640 [JavaFX Application Thread] DEBUG PrimaryStageWindow   - Scaled ratio: (0.91328125, 0.9319444444444445)
22:45:45.640 [JavaFX Application Thread] DEBUG PrimaryStageWindow   - Scene size: 1169.0 x 671.0
22:45:45.640 [JavaFX Application Thread] DEBUG PrimaryStageWindow   - Stage size: 1184.0 x 708.6666870117188
22:45:45.649 [FXGL Background Thread 1 ] DEBUG Engine               - Initializing environment variables
22:45:45.723 [FXGL Background Thread 1 ] DEBUG FXGLAssetLoaderServi - User app class for loading assets: class org.group1.GamePackage.Application
22:45:45.723 [FXGL Background Thread 1 ] DEBUG GameApplicationServi - Applying CSS: fxgl_dark.css
22:45:45.724 [FXGL Background Thread 1 ] DEBUG FXGLAssetLoaderServi - Loading from file system: jar:file:///C:/Users/ryles/.m2/repository/com/github/almasb/fxgl/25/fxgl-25.jar!/fxglassets/ui/css/fxgl_dark.css
22:45:45.764 [FXGL Background Thread 1 ] DEBUG GameApplicationServi - Initializing application scenes
22:45:45.795 [FXGL Background Thread 1 ] DEBUG GameWorld            - Game world initialized
22:45:45.849 [FXGL Background Thread 1 ] DEBUG PhysicsWorld         - Physics world initialized: appHeight=720, physics.ppm=50.0
22:45:45.849 [FXGL Background Thread 1 ] DEBUG PhysicsWorld         - Using strategy: BRUTE_FORCE
22:45:45.855 [FXGL Background Thread 1 ] DEBUG GameScene            - Game scene initialized: 1280x720
22:45:45.871 [FXGL Background Thread 1 ] DEBUG FXGL.DefaultMenu     - createMenuBodyGameMenu()
22:45:45.882 [FXGL Background Thread 1 ] DEBUG FXGL.DefaultMenu     - createOptionsMenu()
22:45:45.891 [FXGL Background Thread 1 ] DEBUG FXGLAssetLoaderServi - Loading from file system: jar:file:///C:/Users/ryles/.m2/repository/com/github/almasb/fxgl/25/fxgl-25.jar!/fxglassets/textures/particles/smoke.png
22:45:45.964 [FXGL Background Thread 1 ] DEBUG FXGLAssetLoaderServi - Loading from file system: jar:file:///C:/Users/ryles/.m2/repository/com/github/almasb/fxgl/25/fxgl-25.jar!/fxglassets/textures/particles/trace_horizontal.png
22:45:45.988 [FXGL Background Thread 1 ] DEBUG GameApplicationServi - Application scenes initialized
22:45:45.999 [FXGL Background Thread 1 ] DEBUG SystemBundleService  - Loading FXGL system data
22:45:46.002 [FXGL Background Thread 1 ] DEBUG FileSystemAccess     - Reading from: C:\Users\ryles\Downloads\ComProg_Project\system\fxgl.bundle
22:45:46.008 [FXGL Background Thread 1 ] DEBUG SystemBundleService  - Bundle FXGL: {}
22:45:46.008 [FXGL Background Thread 1 ] DEBUG UpdaterService       - Checking for updates
22:45:46.012 [FXGL Background Thread 4 ] DEBUG FXGLApplication      - Loading fonts
22:45:46.012 [FXGL Background Thread 1 ] DEBUG FXGLApplication      - Loading default localization
22:45:46.012 [FXGL Background Thread 4 ] DEBUG FXGLAssetLoaderServi - Loading from file system: jar:file:///C:/Users/ryles/.m2/repository/com/github/almasb/fxgl/25/fxgl-25.jar!/fxglassets/ui/fonts/VarelaRound-Regular.ttf
22:45:46.013 [FXGL Background Thread 1 ] DEBUG FXGLAssetLoaderServi - Loading from file system: jar:file:///C:/Users/ryles/.m2/repository/com/github/almasb/fxgl/25/fxgl-25.jar!/fxglassets/languages/english.lang
22:45:46.029 [FXGL Background Thread 1 ] INFO  FXGLApplication      - FXGL initialization took: 0.380 sec
22:45:46.032 [JavaFX Application Thread] DEBUG FXGLAssetLoaderServi - Loading from file system: jar:file:///C:/Users/ryles/.m2/repository/com/github/almasb/fxgl/25/fxgl-25.jar!/fxglassets/textures/fxgl_icon.png
22:45:46.051 [FXGL Background Thread 4 ] DEBUG FXGLAssetLoaderServi - Loading from file system: jar:file:///C:/Users/ryles/.m2/repository/com/github/almasb/fxgl/25/fxgl-25.jar!/fxglassets/ui/fonts/Abel-Regular.ttf
22:45:46.054 [JavaFX Application Thread] DEBUG FXGLAssetLoaderServi - Loading from file system: jar:file:///C:/Users/ryles/.m2/repository/com/github/almasb/fxgl/25/fxgl-25.jar!/fxglassets/textures/fxgl_default_cursor.png
22:45:46.065 [FXGL Background Thread 4 ] DEBUG FXGLAssetLoaderServi - Loading from file system: jar:file:///C:/Users/ryles/.m2/repository/com/github/almasb/fxgl/25/fxgl-25.jar!/fxglassets/ui/fonts/TerminalLandMono-Regular.otf
22:45:46.066 [JavaFX Application Thread] DEBUG Input                - Registered new binding: Screenshot - CTRL+8
22:45:46.067 [JavaFX Application Thread] DEBUG Input                - Registered new binding: System info dump - CTRL+9
22:45:46.067 [JavaFX Application Thread] DEBUG Input                - Registered new binding: Restart - CTRL+R
22:45:46.068 [JavaFX Application Thread] DEBUG Input                - Registered new binding: Toggle Debug Camera - CTRL+7
22:45:46.071 [JavaFX Application Thread] DEBUG LoopRunner           - Starting loop
22:45:46.071 [JavaFX Application Thread] DEBUG LoopRunner           - Initializing JavaFX AnimationTimerLoop
22:45:46.072 [JavaFX Application Thread] DEBUG GameApplicationServi - Starting new game
22:45:46.072 [FXGL Background Thread 4 ] DEBUG FXGLAssetLoaderServi - Loading from file system: jar:file:///C:/Users/ryles/.m2/repository/com/github/almasb/fxgl/25/fxgl-25.jar!/fxglassets/ui/fonts/Courier-Prime.ttf
22:45:46.072 [JavaFX Application Thread] DEBUG Input                - Clearing active input actions
22:45:46.085 [JavaFX Application Thread] DEBUG GameApplicationServi - Removing overlay from FXGLStartupScene and adding to FXGLLoadingScene
22:45:46.085 [JavaFX Application Thread] DEBUG PrimaryStageWindow   - FXGLStartupScene -> FXGLLoadingScene
22:45:46.085 [JavaFX Application Thread] DEBUG GameApplicationServi - Clearing previous game
22:45:46.085 [JavaFX Application Thread] DEBUG GameScene            - Clearing game scene
22:45:46.085 [JavaFX Application Thread] DEBUG GameWorld            - Clearing game world
22:45:46.086 [JavaFX Application Thread] DEBUG PhysicsWorld         - Clearing physics world
22:45:46.088 [FXGL Background Thread 4 ] DEBUG FXGLApplication      - Initializing game
22:45:46.101 [FXGL Background Thread 4 ] DEBUG FXGLAssetLoaderServi - Loading from file system: file:/C:/Users/ryles/Downloads/ComProg_Project/target/classes/assets/textures/background.png
22:45:46.145 [JavaFX Application Thread] DEBUG FXGLApplication      - Registering font factories with UI factory
22:45:46.240 [FXGL Background Thread 4 ] DEBUG FXGLAssetLoaderServi - Loading from file system: file:/C:/Users/ryles/Downloads/ComProg_Project/target/classes/assets/textures/background_stars1.png
22:45:46.412 [FXGL Background Thread 4 ] DEBUG FXGLAssetLoaderServi - Loading from file system: file:/C:/Users/ryles/Downloads/ComProg_Project/target/classes/assets/textures/background_stars2.png
22:45:46.471 [FXGL Background Thread 4 ] DEBUG FXGLAssetLoaderServi - Loading from file system: file:/C:/Users/ryles/Downloads/ComProg_Project/target/classes/assets/textures/background_stars3.png
22:45:46.526 [FXGL Background Thread 4 ] DEBUG FXGLAssetLoaderServi - Loading from file system: file:/C:/Users/ryles/Downloads/ComProg_Project/target/classes/assets/textures/background_cloud1.png
22:45:46.538 [FXGL Background Thread 4 ] DEBUG FXGLAssetLoaderServi - Loading from file system: file:/C:/Users/ryles/Downloads/ComProg_Project/target/classes/assets/textures/background_cloud2.png
22:45:46.558 [FXGL Background Thread 4 ] DEBUG FXGLAssetLoaderServi - Loading from file system: file:/C:/Users/ryles/Downloads/ComProg_Project/target/classes/assets/textures/background_mist1.png
22:45:46.572 [FXGL Background Thread 4 ] DEBUG FXGLAssetLoaderServi - Loading from file system: file:/C:/Users/ryles/Downloads/ComProg_Project/target/classes/assets/textures/background_hills.png
22:45:46.600 [FXGL Background Thread 4 ] DEBUG FXGLAssetLoaderServi - Loading from file system: file:/C:/Users/ryles/Downloads/ComProg_Project/target/classes/assets/textures/background_forest.png
22:45:46.614 [FXGL Background Thread 4 ] DEBUG FXGLAssetLoaderServi - Loading from file system: file:/C:/Users/ryles/Downloads/ComProg_Project/target/classes/assets/textures/background_large_forest.png
22:45:46.635 [FXGL Background Thread 4 ] DEBUG FXGLAssetLoaderServi - Loading from file system: file:/C:/Users/ryles/Downloads/ComProg_Project/target/classes/assets/textures/idle_sprite.png
22:45:46.639 [FXGL Background Thread 4 ] DEBUG FXGLAssetLoaderServi - Loading from file system: file:/C:/Users/ryles/Downloads/ComProg_Project/target/classes/assets/textures/down_sprite.png
22:45:46.643 [FXGL Background Thread 4 ] DEBUG FXGLAssetLoaderServi - Loading from file system: file:/C:/Users/ryles/Downloads/ComProg_Project/target/classes/assets/textures/up_sprite.png
22:45:46.666 [FXGL Background Thread 4 ] DEBUG FXGLAssetLoaderServi - Loading from file system: file:/C:/Users/ryles/Downloads/ComProg_Project/target/classes/assets/music/main_music.wav
22:45:46.791 [FXGL Background Thread 4 ] DEBUG AudioPlayer          - Playing music com.almasb.fxgl.audio.Music@5f7cc86
22:45:46.796 [FXGL Background Thread 4 ] INFO  FXGLApplication      - Game initialization took: 0.707 sec
22:45:46.796 [JavaFX Application Thread] DEBUG Input                - Clearing active input actions
22:45:46.805 [JavaFX Application Thread] DEBUG GameApplicationServi - Removing overlay from FXGLLoadingScene and adding to GameScene
22:45:46.806 [JavaFX Application Thread] DEBUG PrimaryStageWindow   - FXGLLoadingScene -> GameScene
22:45:46.814 [JavaFX Application Thread] DEBUG LoopRunner           - Stopping loop
22:45:46.815 [JavaFX Application Thread] FATAL FXGLApplication      - Uncaught Exception:
java.lang.NullPointerException: Cannot invoke "org.group1.GamePackage.Handlers.InputManager.isMovingUp()" because "this.inputManager" is null
	at org.group.game/org.group1.GamePackage.Application.onUpdate(Application.java:124)
	at com.almasb.fxgl.all@25/com.almasb.fxgl.app.FXGLApplication$GameApplicationService.onGameUpdate(FXGLApplication.kt:446)
	at com.almasb.fxgl.all@25/com.almasb.fxgl.app.Engine.onGameUpdate(Engine.kt:137)
	at com.almasb.fxgl.all@25/com.almasb.fxgl.app.FXGLApplication.postServicesInit$lambda$1(FXGLApplication.kt:185)
	at com.almasb.fxgl.scene@25/com.almasb.fxgl.scene.Scene.update(Scene.kt:113)
	at com.almasb.fxgl.all@25/com.almasb.fxgl.app.MainWindow.update$lambda$0(MainWindow.kt:121)
	at com.almasb.fxgl.core@25/com.almasb.fxgl.core.fsm.StateMachine.runOnActiveStates(StateMachine.kt:69)
	at com.almasb.fxgl.all@25/com.almasb.fxgl.app.MainWindow.update(MainWindow.kt:121)
	at com.almasb.fxgl.all@25/com.almasb.fxgl.app.FXGLApplication$GameApplicationService.onUpdate(FXGLApplication.kt:451)
	at com.almasb.fxgl.all@25/com.almasb.fxgl.app.Engine.loop(Engine.kt:133)
	at com.almasb.fxgl.all@25/com.almasb.fxgl.app.Engine.loop$lambda$0(Engine.kt:28)
	at com.almasb.fxgl.all@25/com.almasb.fxgl.app.LoopRunner.frame(LoopRunner.kt:157)
	at com.almasb.fxgl.all@25/com.almasb.fxgl.app.LoopRunner.access$frame(LoopRunner.kt:24)
	at com.almasb.fxgl.all@25/com.almasb.fxgl.app.LoopRunner$impl$2$1.onTick(LoopRunner.kt:79)
	at com.almasb.fxgl.all@25/com.almasb.fxgl.app.AnimationTimerLoop$timer$1.handle(LoopRunner.kt:179)
	at javafx.graphics@21.0.6/javafx.animation.AnimationTimer$AnimationTimerReceiver.lambda$handle$0(AnimationTimer.java:58)
	at java.base/java.security.AccessController.doPrivileged(AccessController.java:138)
	at javafx.graphics@21.0.6/javafx.animation.AnimationTimer$AnimationTimerReceiver.handle(AnimationTimer.java:57)
	at javafx.graphics@21.0.6/com.sun.scenario.animation.AbstractPrimaryTimer.timePulseImpl(AbstractPrimaryTimer.java:356)
	at javafx.graphics@21.0.6/com.sun.scenario.animation.AbstractPrimaryTimer$MainLoop.run(AbstractPrimaryTimer.java:266)
	at javafx.graphics@21.0.6/com.sun.javafx.tk.quantum.QuantumToolkit.pulse(QuantumToolkit.java:588)
	at javafx.graphics@21.0.6/com.sun.javafx.tk.quantum.QuantumToolkit.pulse(QuantumToolkit.java:572)
	at javafx.graphics@21.0.6/com.sun.javafx.tk.quantum.QuantumToolkit.pulseFromQueue(QuantumToolkit.java:565)
	at javafx.graphics@21.0.6/com.sun.javafx.tk.quantum.QuantumToolkit.lambda$runToolkit$11(QuantumToolkit.java:352)
	at javafx.graphics@21.0.6/com.sun.glass.ui.InvokeLaterDispatcher$Future.run(InvokeLaterDispatcher.java:95)
	at javafx.graphics@21.0.6/com.sun.glass.ui.win.WinApplication._runLoop(Native Method)
	at javafx.graphics@21.0.6/com.sun.glass.ui.win.WinApplication.lambda$runLoop$3(WinApplication.java:185)
	at java.base/java.lang.Thread.run(Thread.java:1474)

22:45:46.816 [JavaFX Application Thread] FATAL FXGLApplication      - Application will now exit
22:45:46.829 [JavaFX Application Thread] DEBUG PrimaryStageWindow   - Push state: ErrorSubScene
22:45:46.830 [JavaFX Application Thread] DEBUG Input                - Clearing active input actions
22:45:46.834 [JavaFX Application Thread] DEBUG GameApplicationServi - Removing overlay from GameScene and adding to ErrorSubScene
22:45:46.834 [JavaFX Application Thread] DEBUG PrimaryStageWindow   - GameScene -> ErrorSubScene
22:45:49.011 [FXGL Background Thread 3 ] DEBUG Engine               - Logging environment variables
22:45:49.011 [FXGL Background Thread 3 ] DEBUG Engine               - achievements: []
22:45:49.011 [FXGL Background Thread 3 ] DEBUG Engine               - actualHeight: 671.0
22:45:49.011 [FXGL Background Thread 3 ] DEBUG Engine               - actualHeightProperty: ReadOnlyDoubleProperty [value: 671.0]
22:45:49.011 [FXGL Background Thread 3 ] DEBUG Engine               - actualWidth: 1169.0
22:45:49.011 [FXGL Background Thread 3 ] DEBUG Engine               - actualWidthProperty: ReadOnlyDoubleProperty [value: 1169.0]
22:45:49.011 [FXGL Background Thread 3 ] DEBUG Engine               - appIcon: fxgl_icon.png
22:45:49.011 [FXGL Background Thread 3 ] DEBUG Engine               - applicationMode: DEVELOPER
22:45:49.011 [FXGL Background Thread 3 ] DEBUG Engine               - cSSList: [fxgl_dark.css]
22:45:49.011 [FXGL Background Thread 3 ] DEBUG Engine               - collisionDetectionStrategy: BRUTE_FORCE
22:45:49.011 [FXGL Background Thread 3 ] DEBUG Engine               - configClass: Optional.empty
22:45:49.011 [FXGL Background Thread 3 ] DEBUG Engine               - credits: []
22:45:49.012 [FXGL Background Thread 3 ] DEBUG Engine               - defaultCursor: CursorInfo(imageName=fxgl_default_cursor.png, hotspotX=7.0, hotspotY=6.0)
22:45:49.012 [FXGL Background Thread 3 ] DEBUG Engine               - devBBoxColorProperty: ObjectProperty [value: 0xff0000ff]
22:45:49.012 [FXGL Background Thread 3 ] DEBUG Engine               - devEnableDebugCameraProperty: BooleanProperty [value: false]
22:45:49.012 [FXGL Background Thread 3 ] DEBUG Engine               - devSensorColorProperty: ObjectProperty [value: 0xffff00ff]
22:45:49.012 [FXGL Background Thread 3 ] DEBUG Engine               - devShowBBoxProperty: BooleanProperty [value: false]
22:45:49.012 [FXGL Background Thread 3 ] DEBUG Engine               - devShowPositionProperty: BooleanProperty [value: false]
22:45:49.012 [FXGL Background Thread 3 ] DEBUG Engine               - enabledMenuItems: []
22:45:49.012 [FXGL Background Thread 3 ] DEBUG Engine               - engineServices: [class com.almasb.fxgl.app.services.FXGLAssetLoaderService, class com.almasb.fxgl.app.FXGLApplication$GameApplicationService, class com.almasb.fxgl.app.services.FXGLDialogService, class com.almasb.fxgl.app.services.IOTaskExecutorService, class com.almasb.fxgl.io.FileSystemService, class com.almasb.fxgl.localization.LocalizationService, class com.almasb.fxgl.app.services.SystemBundleService, class com.almasb.fxgl.profile.SaveLoadService, class com.almasb.fxgl.ui.FXGLUIFactoryServiceProvider, class com.almasb.fxgl.ui.FXGLDialogFactoryServiceProvider, class com.almasb.fxgl.audio.AudioPlayer, class com.almasb.fxgl.notification.impl.NotificationServiceProvider, class com.almasb.fxgl.achievement.AchievementService, class com.almasb.fxgl.cutscene.CutsceneService, class com.almasb.fxgl.minigames.MiniGameService, class com.almasb.fxgl.net.NetService, class com.almasb.fxgl.app.services.UpdaterService, class com.almasb.fxgl.dev.DevService]
22:45:49.012 [FXGL Background Thread 3 ] DEBUG Engine               - fontGame: Abel-Regular.ttf
22:45:49.012 [FXGL Background Thread 3 ] DEBUG Engine               - fontMono: TerminalLandMono-Regular.otf
22:45:49.012 [FXGL Background Thread 3 ] DEBUG Engine               - fontSizeScaleUI: 1.0
22:45:49.012 [FXGL Background Thread 3 ] DEBUG Engine               - fontText: Courier-Prime.ttf
22:45:49.012 [FXGL Background Thread 3 ] DEBUG Engine               - fontUI: VarelaRound-Regular.ttf
22:45:49.012 [FXGL Background Thread 3 ] DEBUG Engine               - fpsRefreshRate: 500.0 ms
22:45:49.012 [FXGL Background Thread 3 ] DEBUG Engine               - fullScreen: BooleanProperty [value: false]
22:45:49.012 [FXGL Background Thread 3 ] DEBUG Engine               - gameDifficulty: MEDIUM
22:45:49.012 [FXGL Background Thread 3 ] DEBUG Engine               - gameDifficultyProperty: ObjectProperty [value: MEDIUM]
22:45:49.012 [FXGL Background Thread 3 ] DEBUG Engine               - globalMusicVolume: 0.5
22:45:49.012 [FXGL Background Thread 3 ] DEBUG Engine               - globalMusicVolumeProperty: DoubleProperty [value: 0.5]
22:45:49.012 [FXGL Background Thread 3 ] DEBUG Engine               - globalSoundVolume: 0.5
22:45:49.012 [FXGL Background Thread 3 ] DEBUG Engine               - globalSoundVolumeProperty: DoubleProperty [value: 0.5]
22:45:49.012 [FXGL Background Thread 3 ] DEBUG Engine               - height: 720
22:45:49.013 [FXGL Background Thread 3 ] DEBUG Engine               - is3D: false
22:45:49.013 [FXGL Background Thread 3 ] DEBUG Engine               - isAndroid: false
22:45:49.013 [FXGL Background Thread 3 ] DEBUG Engine               - isBrowser: false
22:45:49.013 [FXGL Background Thread 3 ] DEBUG Engine               - isClickFeedbackEnabled: false
22:45:49.013 [FXGL Background Thread 3 ] DEBUG Engine               - isCloseConfirmation: false
22:45:49.013 [FXGL Background Thread 3 ] DEBUG Engine               - isDesktop: true
22:45:49.013 [FXGL Background Thread 3 ] DEBUG Engine               - isDeveloperMenuEnabled: false
22:45:49.013 [FXGL Background Thread 3 ] DEBUG Engine               - isEmbedded: false
22:45:49.013 [FXGL Background Thread 3 ] DEBUG Engine               - isEntityPreloadEnabled: true
22:45:49.013 [FXGL Background Thread 3 ] DEBUG Engine               - isExperimentalTiledLargeMap: false
22:45:49.013 [FXGL Background Thread 3 ] DEBUG Engine               - isFileSystemWriteAllowed: true
22:45:49.013 [FXGL Background Thread 3 ] DEBUG Engine               - isFullScreenAllowed: false
22:45:49.013 [FXGL Background Thread 3 ] DEBUG Engine               - isFullScreenFromStart: false
22:45:49.013 [FXGL Background Thread 3 ] DEBUG Engine               - isGameMenuEnabled: true
22:45:49.013 [FXGL Background Thread 3 ] DEBUG Engine               - isIOS: false
22:45:49.013 [FXGL Background Thread 3 ] DEBUG Engine               - isIntroEnabled: false
22:45:49.013 [FXGL Background Thread 3 ] DEBUG Engine               - isLinux: false
22:45:49.013 [FXGL Background Thread 3 ] DEBUG Engine               - isMac: false
22:45:49.013 [FXGL Background Thread 3 ] DEBUG Engine               - isMainMenuEnabled: false
22:45:49.013 [FXGL Background Thread 3 ] DEBUG Engine               - isManualResizeEnabled: false
22:45:49.013 [FXGL Background Thread 3 ] DEBUG Engine               - isMobile: false
22:45:49.013 [FXGL Background Thread 3 ] DEBUG Engine               - isNative: false
22:45:49.013 [FXGL Background Thread 3 ] DEBUG Engine               - isPauseMusicWhenMinimized: true
22:45:49.013 [FXGL Background Thread 3 ] DEBUG Engine               - isPreserveResizeRatio: false
22:45:49.013 [FXGL Background Thread 3 ] DEBUG Engine               - isProfilingEnabled: false
22:45:49.013 [FXGL Background Thread 3 ] DEBUG Engine               - isScaleAffectedOnResize: true
22:45:49.013 [FXGL Background Thread 3 ] DEBUG Engine               - isSingleStep: false
22:45:49.013 [FXGL Background Thread 3 ] DEBUG Engine               - isUserProfileEnabled: false
22:45:49.013 [FXGL Background Thread 3 ] DEBUG Engine               - isWindows: true
22:45:49.013 [FXGL Background Thread 3 ] DEBUG Engine               - language: ObjectProperty [value: ENGLISH]
22:45:49.013 [FXGL Background Thread 3 ] DEBUG Engine               - menuKey: ESCAPE
22:45:49.013 [FXGL Background Thread 3 ] DEBUG Engine               - mouseSensitivity: 0.2
22:45:49.013 [FXGL Background Thread 3 ] DEBUG Engine               - notificationViewClass: class com.almasb.fxgl.notification.view.XboxNotificationView
22:45:49.013 [FXGL Background Thread 3 ] DEBUG Engine               - pixelsPerMeter: 50.0
22:45:49.013 [FXGL Background Thread 3 ] DEBUG Engine               - platform: WINDOWS
22:45:49.013 [FXGL Background Thread 3 ] DEBUG Engine               - prefHeightProperty: ReadOnlyDoubleProperty [value: 720.0]
22:45:49.013 [FXGL Background Thread 3 ] DEBUG Engine               - prefWidthProperty: ReadOnlyDoubleProperty [value: 1280.0]
22:45:49.014 [FXGL Background Thread 3 ] DEBUG Engine               - profileDir: profiles/
22:45:49.014 [FXGL Background Thread 3 ] DEBUG Engine               - profileName: StringProperty [value: DEFAULT]
22:45:49.014 [FXGL Background Thread 3 ] DEBUG Engine               - randomSeed: -1
22:45:49.014 [FXGL Background Thread 3 ] DEBUG Engine               - runtimeInfo: RuntimeInfo(platform=WINDOWS, version=25, build=05.02.2026 22.57)
22:45:49.014 [FXGL Background Thread 3 ] DEBUG Engine               - saveFileExt: sav
22:45:49.014 [FXGL Background Thread 3 ] DEBUG Engine               - scaledHeightProp$fxgl: DoubleProperty [bound, value: 671.0]
22:45:49.014 [FXGL Background Thread 3 ] DEBUG Engine               - scaledWidthProp$fxgl: DoubleProperty [bound, value: 1169.0]
22:45:49.014 [FXGL Background Thread 3 ] DEBUG Engine               - sceneFactory: com.almasb.fxgl.app.scene.SceneFactory@2fe5db80
22:45:49.014 [FXGL Background Thread 3 ] DEBUG Engine               - secondsIn24h: 60
22:45:49.014 [FXGL Background Thread 3 ] DEBUG Engine               - soundMenuBack: menu/back.wav
22:45:49.014 [FXGL Background Thread 3 ] DEBUG Engine               - soundMenuPress: menu/press.wav
22:45:49.014 [FXGL Background Thread 3 ] DEBUG Engine               - soundMenuSelect: menu/select.wav
22:45:49.014 [FXGL Background Thread 3 ] DEBUG Engine               - soundNotification: core/notification.wav
22:45:49.014 [FXGL Background Thread 3 ] DEBUG Engine               - stageStyle: DECORATED
22:45:49.014 [FXGL Background Thread 3 ] DEBUG Engine               - supportedLanguages: [ENGLISH, FRENCH, GERMAN, HUNGARIAN, RUSSIAN]
22:45:49.014 [FXGL Background Thread 3 ] DEBUG Engine               - ticksPerSecond: -1
22:45:49.014 [FXGL Background Thread 3 ] DEBUG Engine               - title: Untitled
22:45:49.014 [FXGL Background Thread 3 ] DEBUG Engine               - urlGithub: https://github.com/AlmasB/FXGL
22:45:49.014 [FXGL Background Thread 3 ] DEBUG Engine               - urlLeaderboard: http://fxgl-top.herokuapp.com/
22:45:49.014 [FXGL Background Thread 3 ] DEBUG Engine               - urlPOM: https://raw.githubusercontent.com/AlmasB/FXGL/release/README.md
22:45:49.014 [FXGL Background Thread 3 ] DEBUG Engine               - userAppClass: class org.group1.GamePackage.Application
22:45:49.014 [FXGL Background Thread 3 ] DEBUG Engine               - version: 0.0
22:45:49.014 [FXGL Background Thread 3 ] DEBUG Engine               - versionCheckDays: 7
22:45:49.014 [FXGL Background Thread 3 ] DEBUG Engine               - width: 1280
22:45:49.014 [FXGL Background Thread 3 ] DEBUG Engine               - Logging services
22:45:49.014 [FXGL Background Thread 3 ] DEBUG Engine               - class com.almasb.fxgl.app.services.FXGLAssetLoaderService
22:45:49.014 [FXGL Background Thread 3 ] DEBUG Engine               - class com.almasb.fxgl.app.FXGLApplication$GameApplicationService
22:45:49.014 [FXGL Background Thread 3 ] DEBUG Engine               - class com.almasb.fxgl.app.services.FXGLDialogService
22:45:49.014 [FXGL Background Thread 3 ] DEBUG Engine               - class com.almasb.fxgl.app.services.IOTaskExecutorService
22:45:49.014 [FXGL Background Thread 3 ] DEBUG Engine               - class com.almasb.fxgl.io.FileSystemService
22:45:49.014 [FXGL Background Thread 3 ] DEBUG Engine               - class com.almasb.fxgl.localization.LocalizationService
22:45:49.014 [FXGL Background Thread 3 ] DEBUG Engine               - class com.almasb.fxgl.app.services.SystemBundleService
22:45:49.014 [FXGL Background Thread 3 ] DEBUG Engine               - class com.almasb.fxgl.profile.SaveLoadService
22:45:49.014 [FXGL Background Thread 3 ] DEBUG Engine               - class com.almasb.fxgl.ui.FXGLUIFactoryServiceProvider
22:45:49.014 [FXGL Background Thread 3 ] DEBUG Engine               - class com.almasb.fxgl.ui.FXGLDialogFactoryServiceProvider
22:45:49.014 [FXGL Background Thread 3 ] DEBUG Engine               - class com.almasb.fxgl.audio.AudioPlayer
22:45:49.014 [FXGL Background Thread 3 ] DEBUG Engine               - class com.almasb.fxgl.notification.impl.NotificationServiceProvider
22:45:49.014 [FXGL Background Thread 3 ] DEBUG Engine               - class com.almasb.fxgl.achievement.AchievementService
22:45:49.014 [FXGL Background Thread 3 ] DEBUG Engine               - class com.almasb.fxgl.cutscene.CutsceneService
22:45:49.014 [FXGL Background Thread 3 ] DEBUG Engine               - class com.almasb.fxgl.minigames.MiniGameService
22:45:49.015 [FXGL Background Thread 3 ] DEBUG Engine               - class com.almasb.fxgl.net.NetService
22:45:49.015 [FXGL Background Thread 3 ] DEBUG Engine               - class com.almasb.fxgl.app.services.UpdaterService
22:45:49.015 [FXGL Background Thread 3 ] DEBUG Engine               - class com.almasb.fxgl.dev.DevService
22:45:52.471 [JavaFX Application Thread] DEBUG FXGLApplication      - Exiting FXGL
22:45:52.471 [JavaFX Application Thread] DEBUG Async                - Shutting down background threads
22:45:52.471 [JavaFX Application Thread] DEBUG PrimaryStageWindow   - Closing main window
22:45:52.490 [JavaFX Application Thread] DEBUG Logger               - Closing Logger
