13:57:13.940 [main                     ] DEBUG Logger               - Configured Logger
13:57:13.947 [main                     ] DEBUG GameApplication      - Logging settings
Title: Untitled
Version: 0.0
Width: 1280
Height: 720
Fullscreen: false
Intro: false
Profiling: false
Single step:false
App Mode: DEVELOPER
Menu Key: ESCAPE
Stage Style: DECORATED
Scene Factory: class com.almasb.fxgl.app.scene.SceneFactory

13:57:14.156 [JavaFX Application Thread] DEBUG FXGLApplication      - Initializing FXGL
13:57:14.161 [JavaFX Application Thread] INFO  Engine               - FXGL-25 (05.02.2026 22.57) on LINUX (J:25.0.2 FX:21.0.6)
13:57:14.161 [JavaFX Application Thread] DEBUG Engine               - JRE Vendor Name: Arch Linux
13:57:14.161 [JavaFX Application Thread] DEBUG Engine               - Running on OS: Linux version 6.18.9-arch1-2
13:57:14.162 [JavaFX Application Thread] DEBUG Engine               - Architecture: amd64
13:57:14.162 [JavaFX Application Thread] INFO  Engine               - Source code and latest versions at: https://github.com/AlmasB/FXGL
13:57:14.162 [JavaFX Application Thread] INFO  Engine               -       Ask questions and discuss at: https://github.com/AlmasB/FXGL/discussions
13:57:14.240 [JavaFX Application Thread] DEBUG PrimaryStageWindow   - Creating a JavaFX scene
13:57:14.319 [JavaFX Application Thread] DEBUG PrimaryStageWindow   - Target settings size: 1280.0 x 720.0
13:57:14.319 [JavaFX Application Thread] DEBUG PrimaryStageWindow   - Scaled scene size:    1280.0 x 720.0
13:57:14.320 [JavaFX Application Thread] DEBUG PrimaryStageWindow   - Scaled ratio: (1.0, 1.0)
13:57:14.320 [JavaFX Application Thread] DEBUG PrimaryStageWindow   - Set initial scene to FXGLStartupScene
13:57:14.323 [JavaFX Application Thread] DEBUG PrimaryStageWindow   - Opening main window
13:57:14.387 [JavaFX Application Thread] DEBUG PrimaryStageWindow   - Window border size: (0.0, 35.0)
13:57:14.387 [JavaFX Application Thread] DEBUG PrimaryStageWindow   - Scaled size: 1280.0 x 685.0
13:57:14.387 [JavaFX Application Thread] DEBUG PrimaryStageWindow   - Scaled ratio: (1.0, 0.9513888888888888)
13:57:14.387 [JavaFX Application Thread] DEBUG PrimaryStageWindow   - Scene size: 1280.0 x 720.0
13:57:14.388 [JavaFX Application Thread] DEBUG PrimaryStageWindow   - Stage size: 1280.0 x 720.0
13:57:14.392 [FXGL Background Thread 1 ] DEBUG Engine               - Initializing environment variables
13:57:14.455 [FXGL Background Thread 1 ] DEBUG FXGLAssetLoaderServi - User app class for loading assets: class TestPackage.BasicGameSample
13:57:14.455 [FXGL Background Thread 1 ] DEBUG GameApplicationServi - Applying CSS: fxgl_dark.css
13:57:14.456 [FXGL Background Thread 1 ] DEBUG FXGLAssetLoaderServi - Loading from file system: jar:file:///home/me/.m2/repository/com/github/almasb/fxgl/25/fxgl-25.jar!/fxglassets/ui/css/fxgl_dark.css
13:57:14.507 [FXGL Background Thread 1 ] DEBUG GameApplicationServi - Initializing application scenes
13:57:14.556 [FXGL Background Thread 1 ] DEBUG GameWorld            - Game world initialized
13:57:14.611 [FXGL Background Thread 1 ] DEBUG PhysicsWorld         - Physics world initialized: appHeight=720, physics.ppm=50.0
13:57:14.612 [FXGL Background Thread 1 ] DEBUG PhysicsWorld         - Using strategy: BRUTE_FORCE
13:57:14.616 [FXGL Background Thread 1 ] DEBUG GameScene            - Game scene initialized: 1280x720
13:57:14.627 [FXGL Background Thread 1 ] DEBUG FXGL.DefaultMenu     - createMenuBodyGameMenu()
13:57:14.639 [FXGL Background Thread 1 ] DEBUG FXGL.DefaultMenu     - createOptionsMenu()
13:57:14.649 [FXGL Background Thread 1 ] DEBUG FXGLAssetLoaderServi - Loading from file system: jar:file:///home/me/.m2/repository/com/github/almasb/fxgl/25/fxgl-25.jar!/fxglassets/textures/particles/smoke.png
13:57:14.742 [FXGL Background Thread 1 ] DEBUG FXGLAssetLoaderServi - Loading from file system: jar:file:///home/me/.m2/repository/com/github/almasb/fxgl/25/fxgl-25.jar!/fxglassets/textures/particles/trace_horizontal.png
13:57:14.776 [FXGL Background Thread 1 ] DEBUG GameApplicationServi - Application scenes initialized
13:57:14.789 [FXGL Background Thread 1 ] DEBUG SystemBundleService  - Loading FXGL system data
13:57:14.792 [FXGL Background Thread 1 ] DEBUG FileSystemAccess     - Reading from: /home/me/ComProg_Project/system/fxgl.bundle
13:57:14.800 [FXGL Background Thread 1 ] DEBUG SystemBundleService  - Bundle FXGL: {}
13:57:14.800 [FXGL Background Thread 1 ] DEBUG UpdaterService       - Checking for updates
13:57:14.805 [FXGL Background Thread 4 ] DEBUG FXGLApplication      - Loading fonts
13:57:14.805 [FXGL Background Thread 4 ] DEBUG FXGLAssetLoaderServi - Loading from file system: jar:file:///home/me/.m2/repository/com/github/almasb/fxgl/25/fxgl-25.jar!/fxglassets/ui/fonts/VarelaRound-Regular.ttf
13:57:14.805 [FXGL Background Thread 1 ] DEBUG FXGLApplication      - Loading default localization
13:57:14.806 [FXGL Background Thread 1 ] DEBUG FXGLAssetLoaderServi - Loading from file system: jar:file:///home/me/.m2/repository/com/github/almasb/fxgl/25/fxgl-25.jar!/fxglassets/languages/english.lang
13:57:14.813 [FXGL Background Thread 4 ] DEBUG FXGLAssetLoaderServi - Loading from file system: jar:file:///home/me/.m2/repository/com/github/almasb/fxgl/25/fxgl-25.jar!/fxglassets/ui/fonts/Abel-Regular.ttf
13:57:14.814 [FXGL Background Thread 4 ] DEBUG FXGLAssetLoaderServi - Loading from file system: jar:file:///home/me/.m2/repository/com/github/almasb/fxgl/25/fxgl-25.jar!/fxglassets/ui/fonts/TerminalLandMono-Regular.otf
13:57:14.816 [FXGL Background Thread 4 ] DEBUG FXGLAssetLoaderServi - Loading from file system: jar:file:///home/me/.m2/repository/com/github/almasb/fxgl/25/fxgl-25.jar!/fxglassets/ui/fonts/Courier-Prime.ttf
13:57:14.821 [JavaFX Application Thread] DEBUG FXGLApplication      - Registering font factories with UI factory
13:57:14.822 [FXGL Background Thread 1 ] INFO  FXGLApplication      - FXGL initialization took: 0.429 sec
13:57:14.832 [JavaFX Application Thread] DEBUG Input                - Registered new binding: Shoot - Q
13:57:14.832 [JavaFX Application Thread] DEBUG Input                - Registered new binding: Move up - W
13:57:14.832 [JavaFX Application Thread] DEBUG Input                - Registered new binding: Move down - S
13:57:14.832 [JavaFX Application Thread] DEBUG Input                - Registered new binding: Move left - A
13:57:14.833 [JavaFX Application Thread] DEBUG Input                - Registered new binding: Move right - D
13:57:14.833 [JavaFX Application Thread] DEBUG FXGLAssetLoaderServi - Loading from file system: jar:file:///home/me/.m2/repository/com/github/almasb/fxgl/25/fxgl-25.jar!/fxglassets/textures/fxgl_icon.png
13:57:14.858 [JavaFX Application Thread] DEBUG FXGLAssetLoaderServi - Loading from file system: jar:file:///home/me/.m2/repository/com/github/almasb/fxgl/25/fxgl-25.jar!/fxglassets/textures/fxgl_default_cursor.png
13:57:14.860 [JavaFX Application Thread] DEBUG Input                - Registered new binding: Screenshot - CTRL+8
13:57:14.862 [JavaFX Application Thread] DEBUG Input                - Registered new binding: System info dump - CTRL+9
13:57:14.862 [JavaFX Application Thread] DEBUG Input                - Registered new binding: Restart - CTRL+R
13:57:14.864 [JavaFX Application Thread] DEBUG Input                - Registered new binding: Toggle Debug Camera - CTRL+7
13:57:14.869 [JavaFX Application Thread] DEBUG LoopRunner           - Starting loop
13:57:14.869 [JavaFX Application Thread] DEBUG LoopRunner           - Initializing JavaFX AnimationTimerLoop
13:57:14.870 [JavaFX Application Thread] DEBUG GameApplicationServi - Starting new game
13:57:14.870 [JavaFX Application Thread] DEBUG Input                - Clearing active input actions
13:57:14.887 [JavaFX Application Thread] DEBUG GameApplicationServi - Removing overlay from FXGLStartupScene and adding to FXGLLoadingScene
13:57:14.887 [JavaFX Application Thread] DEBUG PrimaryStageWindow   - FXGLStartupScene -> FXGLLoadingScene
13:57:14.887 [JavaFX Application Thread] DEBUG GameApplicationServi - Clearing previous game
13:57:14.887 [JavaFX Application Thread] DEBUG GameScene            - Clearing game scene
13:57:14.887 [JavaFX Application Thread] DEBUG GameWorld            - Clearing game world
13:57:14.887 [JavaFX Application Thread] DEBUG PhysicsWorld         - Clearing physics world
13:57:14.889 [FXGL Background Thread 1 ] DEBUG FXGLApplication      - Initializing game
13:57:14.902 [FXGL Background Thread 1 ] DEBUG FXGLAssetLoaderServi - Loading from file system: file:/home/me/ComProg_Project/target/classes/assets/textures/idle_sprite.png
13:57:14.913 [FXGL Background Thread 1 ] DEBUG FXGLAssetLoaderServi - Loading from file system: file:/home/me/ComProg_Project/target/classes/assets/textures/down_sprite.png
13:57:14.918 [FXGL Background Thread 1 ] DEBUG FXGLAssetLoaderServi - Loading from file system: file:/home/me/ComProg_Project/target/classes/assets/textures/up_sprite.png
13:57:14.945 [FXGL Background Thread 1 ] INFO  FXGLApplication      - Game initialization took: 0.055 sec
13:57:15.023 [JavaFX Application Thread] DEBUG Input                - Clearing active input actions
13:57:15.032 [JavaFX Application Thread] DEBUG GameApplicationServi - Removing overlay from FXGLLoadingScene and adding to GameScene
13:57:15.032 [JavaFX Application Thread] DEBUG PrimaryStageWindow   - FXGLLoadingScene -> GameScene
13:57:17.803 [FXGL Background Thread 3 ] DEBUG Engine               - Logging environment variables
13:57:17.805 [FXGL Background Thread 3 ] DEBUG Engine               - achievements: []
13:57:17.806 [FXGL Background Thread 3 ] DEBUG Engine               - actualHeight: 685.0
13:57:17.806 [FXGL Background Thread 3 ] DEBUG Engine               - actualHeightProperty: ReadOnlyDoubleProperty [value: 685.0]
13:57:17.806 [FXGL Background Thread 3 ] DEBUG Engine               - actualWidth: 1280.0
13:57:17.807 [FXGL Background Thread 3 ] DEBUG Engine               - actualWidthProperty: ReadOnlyDoubleProperty [value: 1280.0]
13:57:17.807 [FXGL Background Thread 3 ] DEBUG Engine               - appIcon: fxgl_icon.png
13:57:17.807 [FXGL Background Thread 3 ] DEBUG Engine               - applicationMode: DEVELOPER
13:57:17.808 [FXGL Background Thread 3 ] DEBUG Engine               - cSSList: [fxgl_dark.css]
13:57:17.808 [FXGL Background Thread 3 ] DEBUG Engine               - collisionDetectionStrategy: BRUTE_FORCE
13:57:17.808 [FXGL Background Thread 3 ] DEBUG Engine               - configClass: Optional.empty
13:57:17.808 [FXGL Background Thread 3 ] DEBUG Engine               - credits: []
13:57:17.809 [FXGL Background Thread 3 ] DEBUG Engine               - defaultCursor: CursorInfo(imageName=fxgl_default_cursor.png, hotspotX=7.0, hotspotY=6.0)
13:57:17.810 [FXGL Background Thread 3 ] DEBUG Engine               - devBBoxColorProperty: ObjectProperty [value: 0xff0000ff]
13:57:17.810 [FXGL Background Thread 3 ] DEBUG Engine               - devEnableDebugCameraProperty: BooleanProperty [value: false]
13:57:17.811 [FXGL Background Thread 3 ] DEBUG Engine               - devSensorColorProperty: ObjectProperty [value: 0xffff00ff]
13:57:17.811 [FXGL Background Thread 3 ] DEBUG Engine               - devShowBBoxProperty: BooleanProperty [value: false]
13:57:17.811 [FXGL Background Thread 3 ] DEBUG Engine               - devShowPositionProperty: BooleanProperty [value: false]
13:57:17.811 [FXGL Background Thread 3 ] DEBUG Engine               - enabledMenuItems: []
13:57:17.812 [FXGL Background Thread 3 ] DEBUG Engine               - engineServices: [class com.almasb.fxgl.app.services.FXGLAssetLoaderService, class com.almasb.fxgl.app.FXGLApplication$GameApplicationService, class com.almasb.fxgl.app.services.FXGLDialogService, class com.almasb.fxgl.app.services.IOTaskExecutorService, class com.almasb.fxgl.io.FileSystemService, class com.almasb.fxgl.localization.LocalizationService, class com.almasb.fxgl.app.services.SystemBundleService, class com.almasb.fxgl.profile.SaveLoadService, class com.almasb.fxgl.ui.FXGLUIFactoryServiceProvider, class com.almasb.fxgl.ui.FXGLDialogFactoryServiceProvider, class com.almasb.fxgl.audio.AudioPlayer, class com.almasb.fxgl.notification.impl.NotificationServiceProvider, class com.almasb.fxgl.achievement.AchievementService, class com.almasb.fxgl.cutscene.CutsceneService, class com.almasb.fxgl.minigames.MiniGameService, class com.almasb.fxgl.net.NetService, class com.almasb.fxgl.app.services.UpdaterService, class com.almasb.fxgl.dev.DevService]
13:57:17.812 [FXGL Background Thread 3 ] DEBUG Engine               - fontGame: Abel-Regular.ttf
13:57:17.813 [FXGL Background Thread 3 ] DEBUG Engine               - fontMono: TerminalLandMono-Regular.otf
13:57:17.813 [FXGL Background Thread 3 ] DEBUG Engine               - fontSizeScaleUI: 1.0
13:57:17.813 [FXGL Background Thread 3 ] DEBUG Engine               - fontText: Courier-Prime.ttf
13:57:17.814 [FXGL Background Thread 3 ] DEBUG Engine               - fontUI: VarelaRound-Regular.ttf
13:57:17.815 [FXGL Background Thread 3 ] DEBUG Engine               - fpsRefreshRate: 500.0 ms
13:57:17.815 [FXGL Background Thread 3 ] DEBUG Engine               - fullScreen: BooleanProperty [value: false]
13:57:17.816 [FXGL Background Thread 3 ] DEBUG Engine               - gameDifficulty: MEDIUM
13:57:17.816 [FXGL Background Thread 3 ] DEBUG Engine               - gameDifficultyProperty: ObjectProperty [value: MEDIUM]
13:57:17.817 [FXGL Background Thread 3 ] DEBUG Engine               - globalMusicVolume: 0.5
13:57:17.817 [FXGL Background Thread 3 ] DEBUG Engine               - globalMusicVolumeProperty: DoubleProperty [value: 0.5]
13:57:17.817 [FXGL Background Thread 3 ] DEBUG Engine               - globalSoundVolume: 0.5
13:57:17.818 [FXGL Background Thread 3 ] DEBUG Engine               - globalSoundVolumeProperty: DoubleProperty [value: 0.5]
13:57:17.818 [FXGL Background Thread 3 ] DEBUG Engine               - height: 720
13:57:17.818 [FXGL Background Thread 3 ] DEBUG Engine               - is3D: false
13:57:17.819 [FXGL Background Thread 3 ] DEBUG Engine               - isAndroid: false
13:57:17.819 [FXGL Background Thread 3 ] DEBUG Engine               - isBrowser: false
13:57:17.819 [FXGL Background Thread 3 ] DEBUG Engine               - isClickFeedbackEnabled: false
13:57:17.820 [FXGL Background Thread 3 ] DEBUG Engine               - isCloseConfirmation: false
13:57:17.820 [FXGL Background Thread 3 ] DEBUG Engine               - isDesktop: true
13:57:17.820 [FXGL Background Thread 3 ] DEBUG Engine               - isDeveloperMenuEnabled: false
13:57:17.821 [FXGL Background Thread 3 ] DEBUG Engine               - isEmbedded: false
13:57:17.821 [FXGL Background Thread 3 ] DEBUG Engine               - isEntityPreloadEnabled: true
13:57:17.821 [FXGL Background Thread 3 ] DEBUG Engine               - isExperimentalTiledLargeMap: false
13:57:17.821 [FXGL Background Thread 3 ] DEBUG Engine               - isFileSystemWriteAllowed: true
13:57:17.822 [FXGL Background Thread 3 ] DEBUG Engine               - isFullScreenAllowed: false
13:57:17.822 [FXGL Background Thread 3 ] DEBUG Engine               - isFullScreenFromStart: false
13:57:17.822 [FXGL Background Thread 3 ] DEBUG Engine               - isGameMenuEnabled: true
13:57:17.822 [FXGL Background Thread 3 ] DEBUG Engine               - isIOS: false
13:57:17.822 [FXGL Background Thread 3 ] DEBUG Engine               - isIntroEnabled: false
13:57:17.823 [FXGL Background Thread 3 ] DEBUG Engine               - isLinux: true
13:57:17.823 [FXGL Background Thread 3 ] DEBUG Engine               - isMac: false
13:57:17.823 [FXGL Background Thread 3 ] DEBUG Engine               - isMainMenuEnabled: false
13:57:17.824 [FXGL Background Thread 3 ] DEBUG Engine               - isManualResizeEnabled: false
13:57:17.824 [FXGL Background Thread 3 ] DEBUG Engine               - isMobile: false
13:57:17.824 [FXGL Background Thread 3 ] DEBUG Engine               - isNative: false
13:57:17.824 [FXGL Background Thread 3 ] DEBUG Engine               - isPauseMusicWhenMinimized: true
13:57:17.824 [FXGL Background Thread 3 ] DEBUG Engine               - isPreserveResizeRatio: false
13:57:17.825 [FXGL Background Thread 3 ] DEBUG Engine               - isProfilingEnabled: false
13:57:17.825 [FXGL Background Thread 3 ] DEBUG Engine               - isScaleAffectedOnResize: true
13:57:17.825 [FXGL Background Thread 3 ] DEBUG Engine               - isSingleStep: false
13:57:17.825 [FXGL Background Thread 3 ] DEBUG Engine               - isUserProfileEnabled: false
13:57:17.825 [FXGL Background Thread 3 ] DEBUG Engine               - isWindows: false
13:57:17.826 [FXGL Background Thread 3 ] DEBUG Engine               - language: ObjectProperty [value: ENGLISH]
13:57:17.826 [FXGL Background Thread 3 ] DEBUG Engine               - menuKey: ESCAPE
13:57:17.826 [FXGL Background Thread 3 ] DEBUG Engine               - mouseSensitivity: 0.2
13:57:17.826 [FXGL Background Thread 3 ] DEBUG Engine               - notificationViewClass: class com.almasb.fxgl.notification.view.XboxNotificationView
13:57:17.826 [FXGL Background Thread 3 ] DEBUG Engine               - pixelsPerMeter: 50.0
13:57:17.827 [FXGL Background Thread 3 ] DEBUG Engine               - platform: LINUX
13:57:17.827 [FXGL Background Thread 3 ] DEBUG Engine               - prefHeightProperty: ReadOnlyDoubleProperty [value: 720.0]
13:57:17.827 [FXGL Background Thread 3 ] DEBUG Engine               - prefWidthProperty: ReadOnlyDoubleProperty [value: 1280.0]
13:57:17.827 [FXGL Background Thread 3 ] DEBUG Engine               - profileDir: profiles/
13:57:17.828 [FXGL Background Thread 3 ] DEBUG Engine               - profileName: StringProperty [value: DEFAULT]
13:57:17.828 [FXGL Background Thread 3 ] DEBUG Engine               - randomSeed: -1
13:57:17.829 [FXGL Background Thread 3 ] DEBUG Engine               - runtimeInfo: RuntimeInfo(platform=LINUX, version=25, build=05.02.2026 22.57)
13:57:17.829 [FXGL Background Thread 3 ] DEBUG Engine               - saveFileExt: sav
13:57:17.829 [FXGL Background Thread 3 ] DEBUG Engine               - scaledHeightProp$fxgl: DoubleProperty [bound, value: 685.0]
13:57:17.830 [FXGL Background Thread 3 ] DEBUG Engine               - scaledWidthProp$fxgl: DoubleProperty [bound, value: 1280.0]
13:57:17.830 [FXGL Background Thread 3 ] DEBUG Engine               - sceneFactory: com.almasb.fxgl.app.scene.SceneFactory@2bfc4f8a
13:57:17.830 [FXGL Background Thread 3 ] DEBUG Engine               - secondsIn24h: 60
13:57:17.830 [FXGL Background Thread 3 ] DEBUG Engine               - soundMenuBack: menu/back.wav
13:57:17.831 [FXGL Background Thread 3 ] DEBUG Engine               - soundMenuPress: menu/press.wav
13:57:17.831 [FXGL Background Thread 3 ] DEBUG Engine               - soundMenuSelect: menu/select.wav
13:57:17.831 [FXGL Background Thread 3 ] DEBUG Engine               - soundNotification: core/notification.wav
13:57:17.831 [FXGL Background Thread 3 ] DEBUG Engine               - stageStyle: DECORATED
13:57:17.831 [FXGL Background Thread 3 ] DEBUG Engine               - supportedLanguages: [ENGLISH, FRENCH, GERMAN, HUNGARIAN, RUSSIAN]
13:57:17.831 [FXGL Background Thread 3 ] DEBUG Engine               - ticksPerSecond: -1
13:57:17.832 [FXGL Background Thread 3 ] DEBUG Engine               - title: Untitled
13:57:17.832 [FXGL Background Thread 3 ] DEBUG Engine               - urlGithub: https://github.com/AlmasB/FXGL
13:57:17.832 [FXGL Background Thread 3 ] DEBUG Engine               - urlLeaderboard: http://fxgl-top.herokuapp.com/
13:57:17.832 [FXGL Background Thread 3 ] DEBUG Engine               - urlPOM: https://raw.githubusercontent.com/AlmasB/FXGL/release/README.md
13:57:17.833 [FXGL Background Thread 3 ] DEBUG Engine               - userAppClass: class TestPackage.BasicGameSample
13:57:17.833 [FXGL Background Thread 3 ] DEBUG Engine               - version: 0.0
13:57:17.833 [FXGL Background Thread 3 ] DEBUG Engine               - versionCheckDays: 7
13:57:17.833 [FXGL Background Thread 3 ] DEBUG Engine               - width: 1280
13:57:17.833 [FXGL Background Thread 3 ] DEBUG Engine               - Logging services
13:57:17.834 [FXGL Background Thread 3 ] DEBUG Engine               - class com.almasb.fxgl.app.services.FXGLAssetLoaderService
13:57:17.834 [FXGL Background Thread 3 ] DEBUG Engine               - class com.almasb.fxgl.app.FXGLApplication$GameApplicationService
13:57:17.834 [FXGL Background Thread 3 ] DEBUG Engine               - class com.almasb.fxgl.app.services.FXGLDialogService
13:57:17.834 [FXGL Background Thread 3 ] DEBUG Engine               - class com.almasb.fxgl.app.services.IOTaskExecutorService
13:57:17.834 [FXGL Background Thread 3 ] DEBUG Engine               - class com.almasb.fxgl.io.FileSystemService
13:57:17.834 [FXGL Background Thread 3 ] DEBUG Engine               - class com.almasb.fxgl.localization.LocalizationService
13:57:17.834 [FXGL Background Thread 3 ] DEBUG Engine               - class com.almasb.fxgl.app.services.SystemBundleService
13:57:17.834 [FXGL Background Thread 3 ] DEBUG Engine               - class com.almasb.fxgl.profile.SaveLoadService
13:57:17.835 [FXGL Background Thread 3 ] DEBUG Engine               - class com.almasb.fxgl.ui.FXGLUIFactoryServiceProvider
13:57:17.835 [FXGL Background Thread 3 ] DEBUG Engine               - class com.almasb.fxgl.ui.FXGLDialogFactoryServiceProvider
13:57:17.835 [FXGL Background Thread 3 ] DEBUG Engine               - class com.almasb.fxgl.audio.AudioPlayer
13:57:17.835 [FXGL Background Thread 3 ] DEBUG Engine               - class com.almasb.fxgl.notification.impl.NotificationServiceProvider
13:57:17.835 [FXGL Background Thread 3 ] DEBUG Engine               - class com.almasb.fxgl.achievement.AchievementService
13:57:17.835 [FXGL Background Thread 3 ] DEBUG Engine               - class com.almasb.fxgl.cutscene.CutsceneService
13:57:17.835 [FXGL Background Thread 3 ] DEBUG Engine               - class com.almasb.fxgl.minigames.MiniGameService
13:57:17.835 [FXGL Background Thread 3 ] DEBUG Engine               - class com.almasb.fxgl.net.NetService
13:57:17.835 [FXGL Background Thread 3 ] DEBUG Engine               - class com.almasb.fxgl.app.services.UpdaterService
13:57:17.835 [FXGL Background Thread 3 ] DEBUG Engine               - class com.almasb.fxgl.dev.DevService
13:57:23.452 [JavaFX Application Thread] DEBUG FXGLApplication      - Exiting FXGL
13:57:23.452 [JavaFX Application Thread] DEBUG LoopRunner           - Stopping loop
13:57:23.453 [JavaFX Application Thread] DEBUG SystemBundleService  - Saving FXGL system data
13:57:23.464 [JavaFX Application Thread] DEBUG FileSystemAccess     - Writing to: /home/me/ComProg_Project/system/fxgl.bundle
13:57:23.466 [JavaFX Application Thread] DEBUG Async                - Shutting down background threads
13:57:23.466 [JavaFX Application Thread] DEBUG PrimaryStageWindow   - Closing main window
13:57:23.468 [JavaFX Application Thread] DEBUG Logger               - Closing Logger
