20:09:09.238 [main                     ] DEBUG Logger               - Configured Logger
20:09:09.244 [main                     ] DEBUG GameApplication      - Logging settings
Title: Untitled
Version: 0.0
Width: 1280
Height: 720
Fullscreen: false
Intro: false
Profiling: false
Single step:false
App Mode: DEVELOPER
Menu Key: ESCAPE
Stage Style: DECORATED
Scene Factory: class com.almasb.fxgl.app.scene.SceneFactory

20:09:09.440 [JavaFX Application Thread] DEBUG FXGLApplication      - Initializing FXGL
20:09:09.444 [JavaFX Application Thread] INFO  Engine               - FXGL-25 (05.02.2026 22.57) on LINUX (J:25.0.2 FX:21.0.6)
20:09:09.444 [JavaFX Application Thread] DEBUG Engine               - JRE Vendor Name: Arch Linux
20:09:09.444 [JavaFX Application Thread] DEBUG Engine               - Running on OS: Linux version 6.18.9-arch1-2
20:09:09.444 [JavaFX Application Thread] DEBUG Engine               - Architecture: amd64
20:09:09.444 [JavaFX Application Thread] INFO  Engine               - Source code and latest versions at: https://github.com/AlmasB/FXGL
20:09:09.445 [JavaFX Application Thread] INFO  Engine               -       Ask questions and discuss at: https://github.com/AlmasB/FXGL/discussions
20:09:09.515 [JavaFX Application Thread] DEBUG PrimaryStageWindow   - Creating a JavaFX scene
20:09:09.596 [JavaFX Application Thread] DEBUG PrimaryStageWindow   - Target settings size: 1280.0 x 720.0
20:09:09.596 [JavaFX Application Thread] DEBUG PrimaryStageWindow   - Scaled scene size:    1280.0 x 720.0
20:09:09.596 [JavaFX Application Thread] DEBUG PrimaryStageWindow   - Scaled ratio: (1.0, 1.0)
20:09:09.597 [JavaFX Application Thread] DEBUG PrimaryStageWindow   - Set initial scene to FXGLStartupScene
20:09:09.601 [JavaFX Application Thread] DEBUG PrimaryStageWindow   - Opening main window
20:09:09.666 [JavaFX Application Thread] DEBUG PrimaryStageWindow   - Window border size: (0.0, 35.0)
20:09:09.667 [JavaFX Application Thread] DEBUG PrimaryStageWindow   - Scaled size: 1280.0 x 685.0
20:09:09.667 [JavaFX Application Thread] DEBUG PrimaryStageWindow   - Scaled ratio: (1.0, 0.9513888888888888)
20:09:09.667 [JavaFX Application Thread] DEBUG PrimaryStageWindow   - Scene size: 1280.0 x 720.0
20:09:09.667 [JavaFX Application Thread] DEBUG PrimaryStageWindow   - Stage size: 1280.0 x 720.0
20:09:09.672 [FXGL Background Thread 1 ] DEBUG Engine               - Initializing environment variables
20:09:09.738 [FXGL Background Thread 1 ] DEBUG FXGLAssetLoaderServi - User app class for loading assets: class TestPackage.BasicGameSample
20:09:09.738 [FXGL Background Thread 1 ] DEBUG GameApplicationServi - Applying CSS: fxgl_dark.css
20:09:09.739 [FXGL Background Thread 1 ] DEBUG FXGLAssetLoaderServi - Loading from file system: jar:file:///home/me/.m2/repository/com/github/almasb/fxgl/25/fxgl-25.jar!/fxglassets/ui/css/fxgl_dark.css
20:09:09.782 [FXGL Background Thread 1 ] DEBUG GameApplicationServi - Initializing application scenes
20:09:09.830 [FXGL Background Thread 1 ] DEBUG GameWorld            - Game world initialized
20:09:09.880 [FXGL Background Thread 1 ] DEBUG PhysicsWorld         - Physics world initialized: appHeight=720, physics.ppm=50.0
20:09:09.880 [FXGL Background Thread 1 ] DEBUG PhysicsWorld         - Using strategy: BRUTE_FORCE
20:09:09.884 [FXGL Background Thread 1 ] DEBUG GameScene            - Game scene initialized: 1280x720
20:09:09.900 [FXGL Background Thread 1 ] DEBUG FXGL.DefaultMenu     - createMenuBodyGameMenu()
20:09:09.912 [FXGL Background Thread 1 ] DEBUG FXGL.DefaultMenu     - createOptionsMenu()
20:09:09.923 [FXGL Background Thread 1 ] DEBUG FXGLAssetLoaderServi - Loading from file system: jar:file:///home/me/.m2/repository/com/github/almasb/fxgl/25/fxgl-25.jar!/fxglassets/textures/particles/smoke.png
20:09:10.027 [FXGL Background Thread 1 ] DEBUG FXGLAssetLoaderServi - Loading from file system: jar:file:///home/me/.m2/repository/com/github/almasb/fxgl/25/fxgl-25.jar!/fxglassets/textures/particles/trace_horizontal.png
20:09:10.059 [FXGL Background Thread 1 ] DEBUG GameApplicationServi - Application scenes initialized
20:09:10.071 [FXGL Background Thread 1 ] DEBUG SystemBundleService  - Loading FXGL system data
20:09:10.075 [FXGL Background Thread 1 ] DEBUG FileSystemAccess     - Reading from: /home/me/ComProg_Project/system/fxgl.bundle
20:09:10.082 [FXGL Background Thread 1 ] DEBUG SystemBundleService  - Bundle FXGL: {}
20:09:10.082 [FXGL Background Thread 1 ] DEBUG UpdaterService       - Checking for updates
20:09:10.086 [FXGL Background Thread 4 ] DEBUG FXGLApplication      - Loading fonts
20:09:10.086 [FXGL Background Thread 4 ] DEBUG FXGLAssetLoaderServi - Loading from file system: jar:file:///home/me/.m2/repository/com/github/almasb/fxgl/25/fxgl-25.jar!/fxglassets/ui/fonts/VarelaRound-Regular.ttf
20:09:10.088 [FXGL Background Thread 1 ] DEBUG FXGLApplication      - Loading default localization
20:09:10.088 [FXGL Background Thread 1 ] DEBUG FXGLAssetLoaderServi - Loading from file system: jar:file:///home/me/.m2/repository/com/github/almasb/fxgl/25/fxgl-25.jar!/fxglassets/languages/english.lang
20:09:10.097 [FXGL Background Thread 4 ] DEBUG FXGLAssetLoaderServi - Loading from file system: jar:file:///home/me/.m2/repository/com/github/almasb/fxgl/25/fxgl-25.jar!/fxglassets/ui/fonts/Abel-Regular.ttf
20:09:10.099 [FXGL Background Thread 4 ] DEBUG FXGLAssetLoaderServi - Loading from file system: jar:file:///home/me/.m2/repository/com/github/almasb/fxgl/25/fxgl-25.jar!/fxglassets/ui/fonts/TerminalLandMono-Regular.otf
20:09:10.101 [FXGL Background Thread 4 ] DEBUG FXGLAssetLoaderServi - Loading from file system: jar:file:///home/me/.m2/repository/com/github/almasb/fxgl/25/fxgl-25.jar!/fxglassets/ui/fonts/Courier-Prime.ttf
20:09:10.105 [FXGL Background Thread 1 ] INFO  FXGLApplication      - FXGL initialization took: 0.433 sec
20:09:10.117 [JavaFX Application Thread] DEBUG Input                - Registered new binding: Shoot - Space
20:09:10.118 [JavaFX Application Thread] DEBUG Input                - Registered new binding: Move up - W
20:09:10.118 [JavaFX Application Thread] DEBUG Input                - Registered new binding: Move down - S
20:09:10.118 [JavaFX Application Thread] DEBUG Input                - Registered new binding: Move left - A
20:09:10.118 [JavaFX Application Thread] DEBUG Input                - Registered new binding: Move right - D
20:09:10.118 [JavaFX Application Thread] DEBUG FXGLAssetLoaderServi - Loading from file system: jar:file:///home/me/.m2/repository/com/github/almasb/fxgl/25/fxgl-25.jar!/fxglassets/textures/fxgl_icon.png
20:09:10.147 [JavaFX Application Thread] DEBUG FXGLAssetLoaderServi - Loading from file system: jar:file:///home/me/.m2/repository/com/github/almasb/fxgl/25/fxgl-25.jar!/fxglassets/textures/fxgl_default_cursor.png
20:09:10.149 [JavaFX Application Thread] DEBUG Input                - Registered new binding: Screenshot - CTRL+8
20:09:10.149 [JavaFX Application Thread] DEBUG Input                - Registered new binding: System info dump - CTRL+9
20:09:10.150 [JavaFX Application Thread] DEBUG Input                - Registered new binding: Restart - CTRL+R
20:09:10.151 [JavaFX Application Thread] DEBUG Input                - Registered new binding: Toggle Debug Camera - CTRL+7
20:09:10.155 [JavaFX Application Thread] DEBUG LoopRunner           - Starting loop
20:09:10.155 [JavaFX Application Thread] DEBUG LoopRunner           - Initializing JavaFX AnimationTimerLoop
20:09:10.156 [JavaFX Application Thread] DEBUG GameApplicationServi - Starting new game
20:09:10.157 [JavaFX Application Thread] DEBUG Input                - Clearing active input actions
20:09:10.173 [JavaFX Application Thread] DEBUG GameApplicationServi - Removing overlay from FXGLStartupScene and adding to FXGLLoadingScene
20:09:10.174 [JavaFX Application Thread] DEBUG PrimaryStageWindow   - FXGLStartupScene -> FXGLLoadingScene
20:09:10.174 [JavaFX Application Thread] DEBUG GameApplicationServi - Clearing previous game
20:09:10.174 [JavaFX Application Thread] DEBUG GameScene            - Clearing game scene
20:09:10.175 [JavaFX Application Thread] DEBUG GameWorld            - Clearing game world
20:09:10.175 [JavaFX Application Thread] DEBUG PhysicsWorld         - Clearing physics world
20:09:10.177 [FXGL Background Thread 4 ] DEBUG FXGLApplication      - Initializing game
20:09:10.192 [FXGL Background Thread 4 ] DEBUG FXGLAssetLoaderServi - Loading from file system: file:/home/me/ComProg_Project/target/classes/assets/textures/idle_sprite.png
20:09:10.202 [FXGL Background Thread 4 ] DEBUG FXGLAssetLoaderServi - Loading from file system: file:/home/me/ComProg_Project/target/classes/assets/textures/down_sprite.png
20:09:10.210 [FXGL Background Thread 4 ] DEBUG FXGLAssetLoaderServi - Loading from file system: file:/home/me/ComProg_Project/target/classes/assets/textures/up_sprite.png
20:09:10.238 [FXGL Background Thread 4 ] INFO  FXGLApplication      - Game initialization took: 0.061 sec
20:09:10.317 [JavaFX Application Thread] DEBUG Input                - Clearing active input actions
20:09:10.330 [JavaFX Application Thread] DEBUG GameApplicationServi - Removing overlay from FXGLLoadingScene and adding to GameScene
20:09:10.330 [JavaFX Application Thread] DEBUG PrimaryStageWindow   - FXGLLoadingScene -> GameScene
20:09:13.085 [FXGL Background Thread 3 ] DEBUG Engine               - Logging environment variables
20:09:13.086 [FXGL Background Thread 3 ] DEBUG Engine               - achievements: []
20:09:13.086 [FXGL Background Thread 3 ] DEBUG Engine               - actualHeight: 685.0
20:09:13.086 [FXGL Background Thread 3 ] DEBUG Engine               - actualHeightProperty: ReadOnlyDoubleProperty [value: 685.0]
20:09:13.086 [FXGL Background Thread 3 ] DEBUG Engine               - actualWidth: 1280.0
20:09:13.087 [FXGL Background Thread 3 ] DEBUG Engine               - actualWidthProperty: ReadOnlyDoubleProperty [value: 1280.0]
20:09:13.087 [FXGL Background Thread 3 ] DEBUG Engine               - appIcon: fxgl_icon.png
20:09:13.087 [FXGL Background Thread 3 ] DEBUG Engine               - applicationMode: DEVELOPER
20:09:13.087 [FXGL Background Thread 3 ] DEBUG Engine               - cSSList: [fxgl_dark.css]
20:09:13.088 [FXGL Background Thread 3 ] DEBUG Engine               - collisionDetectionStrategy: BRUTE_FORCE
20:09:13.088 [FXGL Background Thread 3 ] DEBUG Engine               - configClass: Optional.empty
20:09:13.088 [FXGL Background Thread 3 ] DEBUG Engine               - credits: []
20:09:13.088 [FXGL Background Thread 3 ] DEBUG Engine               - defaultCursor: CursorInfo(imageName=fxgl_default_cursor.png, hotspotX=7.0, hotspotY=6.0)
20:09:13.089 [FXGL Background Thread 3 ] DEBUG Engine               - devBBoxColorProperty: ObjectProperty [value: 0xff0000ff]
20:09:13.089 [FXGL Background Thread 3 ] DEBUG Engine               - devEnableDebugCameraProperty: BooleanProperty [value: false]
20:09:13.089 [FXGL Background Thread 3 ] DEBUG Engine               - devSensorColorProperty: ObjectProperty [value: 0xffff00ff]
20:09:13.089 [FXGL Background Thread 3 ] DEBUG Engine               - devShowBBoxProperty: BooleanProperty [value: false]
20:09:13.089 [FXGL Background Thread 3 ] DEBUG Engine               - devShowPositionProperty: BooleanProperty [value: false]
20:09:13.089 [FXGL Background Thread 3 ] DEBUG Engine               - enabledMenuItems: []
20:09:13.089 [FXGL Background Thread 3 ] DEBUG Engine               - engineServices: [class com.almasb.fxgl.app.services.FXGLAssetLoaderService, class com.almasb.fxgl.app.FXGLApplication$GameApplicationService, class com.almasb.fxgl.app.services.FXGLDialogService, class com.almasb.fxgl.app.services.IOTaskExecutorService, class com.almasb.fxgl.io.FileSystemService, class com.almasb.fxgl.localization.LocalizationService, class com.almasb.fxgl.app.services.SystemBundleService, class com.almasb.fxgl.profile.SaveLoadService, class com.almasb.fxgl.ui.FXGLUIFactoryServiceProvider, class com.almasb.fxgl.ui.FXGLDialogFactoryServiceProvider, class com.almasb.fxgl.audio.AudioPlayer, class com.almasb.fxgl.notification.impl.NotificationServiceProvider, class com.almasb.fxgl.achievement.AchievementService, class com.almasb.fxgl.cutscene.CutsceneService, class com.almasb.fxgl.minigames.MiniGameService, class com.almasb.fxgl.net.NetService, class com.almasb.fxgl.app.services.UpdaterService, class com.almasb.fxgl.dev.DevService]
20:09:13.090 [FXGL Background Thread 3 ] DEBUG Engine               - fontGame: Abel-Regular.ttf
20:09:13.090 [FXGL Background Thread 3 ] DEBUG Engine               - fontMono: TerminalLandMono-Regular.otf
20:09:13.090 [FXGL Background Thread 3 ] DEBUG Engine               - fontSizeScaleUI: 1.0
20:09:13.090 [FXGL Background Thread 3 ] DEBUG Engine               - fontText: Courier-Prime.ttf
20:09:13.090 [FXGL Background Thread 3 ] DEBUG Engine               - fontUI: VarelaRound-Regular.ttf
20:09:13.090 [FXGL Background Thread 3 ] DEBUG Engine               - fpsRefreshRate: 500.0 ms
20:09:13.091 [FXGL Background Thread 3 ] DEBUG Engine               - fullScreen: BooleanProperty [value: false]
20:09:13.091 [FXGL Background Thread 3 ] DEBUG Engine               - gameDifficulty: MEDIUM
20:09:13.091 [FXGL Background Thread 3 ] DEBUG Engine               - gameDifficultyProperty: ObjectProperty [value: MEDIUM]
20:09:13.091 [FXGL Background Thread 3 ] DEBUG Engine               - globalMusicVolume: 0.5
20:09:13.091 [FXGL Background Thread 3 ] DEBUG Engine               - globalMusicVolumeProperty: DoubleProperty [value: 0.5]
20:09:13.091 [FXGL Background Thread 3 ] DEBUG Engine               - globalSoundVolume: 0.5
20:09:13.091 [FXGL Background Thread 3 ] DEBUG Engine               - globalSoundVolumeProperty: DoubleProperty [value: 0.5]
20:09:13.092 [FXGL Background Thread 3 ] DEBUG Engine               - height: 720
20:09:13.092 [FXGL Background Thread 3 ] DEBUG Engine               - is3D: false
20:09:13.092 [FXGL Background Thread 3 ] DEBUG Engine               - isAndroid: false
20:09:13.092 [FXGL Background Thread 3 ] DEBUG Engine               - isBrowser: false
20:09:13.092 [FXGL Background Thread 3 ] DEBUG Engine               - isClickFeedbackEnabled: false
20:09:13.092 [FXGL Background Thread 3 ] DEBUG Engine               - isCloseConfirmation: false
20:09:13.092 [FXGL Background Thread 3 ] DEBUG Engine               - isDesktop: true
20:09:13.092 [FXGL Background Thread 3 ] DEBUG Engine               - isDeveloperMenuEnabled: false
20:09:13.092 [FXGL Background Thread 3 ] DEBUG Engine               - isEmbedded: false
20:09:13.093 [FXGL Background Thread 3 ] DEBUG Engine               - isEntityPreloadEnabled: true
20:09:13.093 [FXGL Background Thread 3 ] DEBUG Engine               - isExperimentalTiledLargeMap: false
20:09:13.093 [FXGL Background Thread 3 ] DEBUG Engine               - isFileSystemWriteAllowed: true
20:09:13.093 [FXGL Background Thread 3 ] DEBUG Engine               - isFullScreenAllowed: false
20:09:13.093 [FXGL Background Thread 3 ] DEBUG Engine               - isFullScreenFromStart: false
20:09:13.093 [FXGL Background Thread 3 ] DEBUG Engine               - isGameMenuEnabled: true
20:09:13.093 [FXGL Background Thread 3 ] DEBUG Engine               - isIOS: false
20:09:13.093 [FXGL Background Thread 3 ] DEBUG Engine               - isIntroEnabled: false
20:09:13.093 [FXGL Background Thread 3 ] DEBUG Engine               - isLinux: true
20:09:13.094 [FXGL Background Thread 3 ] DEBUG Engine               - isMac: false
20:09:13.094 [FXGL Background Thread 3 ] DEBUG Engine               - isMainMenuEnabled: false
20:09:13.094 [FXGL Background Thread 3 ] DEBUG Engine               - isManualResizeEnabled: false
20:09:13.094 [FXGL Background Thread 3 ] DEBUG Engine               - isMobile: false
20:09:13.094 [FXGL Background Thread 3 ] DEBUG Engine               - isNative: false
20:09:13.094 [FXGL Background Thread 3 ] DEBUG Engine               - isPauseMusicWhenMinimized: true
20:09:13.094 [FXGL Background Thread 3 ] DEBUG Engine               - isPreserveResizeRatio: false
20:09:13.094 [FXGL Background Thread 3 ] DEBUG Engine               - isProfilingEnabled: false
20:09:13.095 [FXGL Background Thread 3 ] DEBUG Engine               - isScaleAffectedOnResize: true
20:09:13.095 [FXGL Background Thread 3 ] DEBUG Engine               - isSingleStep: false
20:09:13.095 [FXGL Background Thread 3 ] DEBUG Engine               - isUserProfileEnabled: false
20:09:13.095 [FXGL Background Thread 3 ] DEBUG Engine               - isWindows: false
20:09:13.095 [FXGL Background Thread 3 ] DEBUG Engine               - language: ObjectProperty [value: ENGLISH]
20:09:13.095 [FXGL Background Thread 3 ] DEBUG Engine               - menuKey: ESCAPE
20:09:13.095 [FXGL Background Thread 3 ] DEBUG Engine               - mouseSensitivity: 0.2
20:09:13.095 [FXGL Background Thread 3 ] DEBUG Engine               - notificationViewClass: class com.almasb.fxgl.notification.view.XboxNotificationView
20:09:13.095 [FXGL Background Thread 3 ] DEBUG Engine               - pixelsPerMeter: 50.0
20:09:13.095 [FXGL Background Thread 3 ] DEBUG Engine               - platform: LINUX
20:09:13.096 [FXGL Background Thread 3 ] DEBUG Engine               - prefHeightProperty: ReadOnlyDoubleProperty [value: 720.0]
20:09:13.096 [FXGL Background Thread 3 ] DEBUG Engine               - prefWidthProperty: ReadOnlyDoubleProperty [value: 1280.0]
20:09:13.096 [FXGL Background Thread 3 ] DEBUG Engine               - profileDir: profiles/
20:09:13.096 [FXGL Background Thread 3 ] DEBUG Engine               - profileName: StringProperty [value: DEFAULT]
20:09:13.096 [FXGL Background Thread 3 ] DEBUG Engine               - randomSeed: -1
20:09:13.097 [FXGL Background Thread 3 ] DEBUG Engine               - runtimeInfo: RuntimeInfo(platform=LINUX, version=25, build=05.02.2026 22.57)
20:09:13.097 [FXGL Background Thread 3 ] DEBUG Engine               - saveFileExt: sav
20:09:13.097 [FXGL Background Thread 3 ] DEBUG Engine               - scaledHeightProp$fxgl: DoubleProperty [bound, value: 685.0]
20:09:13.097 [FXGL Background Thread 3 ] DEBUG Engine               - scaledWidthProp$fxgl: DoubleProperty [bound, value: 1280.0]
20:09:13.097 [FXGL Background Thread 3 ] DEBUG Engine               - sceneFactory: com.almasb.fxgl.app.scene.SceneFactory@785b4dbb
20:09:13.097 [FXGL Background Thread 3 ] DEBUG Engine               - secondsIn24h: 60
20:09:13.097 [FXGL Background Thread 3 ] DEBUG Engine               - soundMenuBack: menu/back.wav
20:09:13.097 [FXGL Background Thread 3 ] DEBUG Engine               - soundMenuPress: menu/press.wav
20:09:13.097 [FXGL Background Thread 3 ] DEBUG Engine               - soundMenuSelect: menu/select.wav
20:09:13.097 [FXGL Background Thread 3 ] DEBUG Engine               - soundNotification: core/notification.wav
20:09:13.098 [FXGL Background Thread 3 ] DEBUG Engine               - stageStyle: DECORATED
20:09:13.098 [FXGL Background Thread 3 ] DEBUG Engine               - supportedLanguages: [ENGLISH, FRENCH, GERMAN, HUNGARIAN, RUSSIAN]
20:09:13.098 [FXGL Background Thread 3 ] DEBUG Engine               - ticksPerSecond: -1
20:09:13.098 [FXGL Background Thread 3 ] DEBUG Engine               - title: Untitled
20:09:13.098 [FXGL Background Thread 3 ] DEBUG Engine               - urlGithub: https://github.com/AlmasB/FXGL
20:09:13.098 [FXGL Background Thread 3 ] DEBUG Engine               - urlLeaderboard: http://fxgl-top.herokuapp.com/
20:09:13.098 [FXGL Background Thread 3 ] DEBUG Engine               - urlPOM: https://raw.githubusercontent.com/AlmasB/FXGL/release/README.md
20:09:13.098 [FXGL Background Thread 3 ] DEBUG Engine               - userAppClass: class TestPackage.BasicGameSample
20:09:13.098 [FXGL Background Thread 3 ] DEBUG Engine               - version: 0.0
20:09:13.099 [FXGL Background Thread 3 ] DEBUG Engine               - versionCheckDays: 7
20:09:13.099 [FXGL Background Thread 3 ] DEBUG Engine               - width: 1280
20:09:13.099 [FXGL Background Thread 3 ] DEBUG Engine               - Logging services
20:09:13.099 [FXGL Background Thread 3 ] DEBUG Engine               - class com.almasb.fxgl.app.services.FXGLAssetLoaderService
20:09:13.099 [FXGL Background Thread 3 ] DEBUG Engine               - class com.almasb.fxgl.app.FXGLApplication$GameApplicationService
20:09:13.099 [FXGL Background Thread 3 ] DEBUG Engine               - class com.almasb.fxgl.app.services.FXGLDialogService
20:09:13.099 [FXGL Background Thread 3 ] DEBUG Engine               - class com.almasb.fxgl.app.services.IOTaskExecutorService
20:09:13.099 [FXGL Background Thread 3 ] DEBUG Engine               - class com.almasb.fxgl.io.FileSystemService
20:09:13.100 [FXGL Background Thread 3 ] DEBUG Engine               - class com.almasb.fxgl.localization.LocalizationService
20:09:13.100 [FXGL Background Thread 3 ] DEBUG Engine               - class com.almasb.fxgl.app.services.SystemBundleService
20:09:13.100 [FXGL Background Thread 3 ] DEBUG Engine               - class com.almasb.fxgl.profile.SaveLoadService
20:09:13.100 [FXGL Background Thread 3 ] DEBUG Engine               - class com.almasb.fxgl.ui.FXGLUIFactoryServiceProvider
20:09:13.100 [FXGL Background Thread 3 ] DEBUG Engine               - class com.almasb.fxgl.ui.FXGLDialogFactoryServiceProvider
20:09:13.100 [FXGL Background Thread 3 ] DEBUG Engine               - class com.almasb.fxgl.audio.AudioPlayer
20:09:13.100 [FXGL Background Thread 3 ] DEBUG Engine               - class com.almasb.fxgl.notification.impl.NotificationServiceProvider
20:09:13.100 [FXGL Background Thread 3 ] DEBUG Engine               - class com.almasb.fxgl.achievement.AchievementService
20:09:13.100 [FXGL Background Thread 3 ] DEBUG Engine               - class com.almasb.fxgl.cutscene.CutsceneService
20:09:13.100 [FXGL Background Thread 3 ] DEBUG Engine               - class com.almasb.fxgl.minigames.MiniGameService
20:09:13.101 [FXGL Background Thread 3 ] DEBUG Engine               - class com.almasb.fxgl.net.NetService
20:09:13.101 [FXGL Background Thread 3 ] DEBUG Engine               - class com.almasb.fxgl.app.services.UpdaterService
20:09:13.101 [FXGL Background Thread 3 ] DEBUG Engine               - class com.almasb.fxgl.dev.DevService
20:09:16.232 [JavaFX Application Thread] DEBUG FXGLAssetLoaderServi - Loading from file system: file:/home/me/ComProg_Project/target/classes/assets/textures/bullet_sprite.png
20:09:19.877 [JavaFX Application Thread] DEBUG FXGLApplication      - Exiting FXGL
20:09:19.877 [JavaFX Application Thread] DEBUG LoopRunner           - Stopping loop
20:09:19.877 [JavaFX Application Thread] DEBUG SystemBundleService  - Saving FXGL system data
20:09:19.880 [JavaFX Application Thread] DEBUG FileSystemAccess     - Writing to: /home/me/ComProg_Project/system/fxgl.bundle
20:09:19.883 [JavaFX Application Thread] DEBUG Async                - Shutting down background threads
20:09:19.883 [JavaFX Application Thread] DEBUG PrimaryStageWindow   - Closing main window
20:09:19.890 [JavaFX Application Thread] DEBUG Logger               - Closing Logger
