03:52:01.092 [main                     ] DEBUG Logger               - Configured Logger
03:52:01.098 [main                     ] DEBUG GameApplication      - Logging settings
Title: Untitled
Version: 0.0
Width: 1280
Height: 720
Fullscreen: false
Intro: false
Profiling: false
Single step:false
App Mode: DEVELOPER
Menu Key: ESCAPE
Stage Style: DECORATED
Scene Factory: class org.group1.GamePackage.Factory.MainSceneFactory

03:52:01.295 [JavaFX Application Thread] DEBUG FXGLApplication      - Initializing FXGL
03:52:01.299 [JavaFX Application Thread] INFO  Engine               - FXGL-25 (05.02.2026 22.57) on LINUX (J:25.0.2 FX:21.0.6)
03:52:01.299 [JavaFX Application Thread] DEBUG Engine               - JRE Vendor Name: Arch Linux
03:52:01.299 [JavaFX Application Thread] DEBUG Engine               - Running on OS: Linux version 6.19.9-arch1-1
03:52:01.299 [JavaFX Application Thread] DEBUG Engine               - Architecture: amd64
03:52:01.299 [JavaFX Application Thread] INFO  Engine               - Source code and latest versions at: https://github.com/AlmasB/FXGL
03:52:01.300 [JavaFX Application Thread] INFO  Engine               -       Ask questions and discuss at: https://github.com/AlmasB/FXGL/discussions
03:52:01.368 [JavaFX Application Thread] DEBUG PrimaryStageWindow   - Creating a JavaFX scene
03:52:01.445 [JavaFX Application Thread] DEBUG PrimaryStageWindow   - Target settings size: 1280.0 x 720.0
03:52:01.446 [JavaFX Application Thread] DEBUG PrimaryStageWindow   - Scaled scene size:    1280.0 x 720.0
03:52:01.446 [JavaFX Application Thread] DEBUG PrimaryStageWindow   - Scaled ratio: (1.0, 1.0)
03:52:01.447 [JavaFX Application Thread] DEBUG PrimaryStageWindow   - Set initial scene to FXGLStartupScene
03:52:01.450 [JavaFX Application Thread] DEBUG PrimaryStageWindow   - Opening main window
03:52:01.515 [JavaFX Application Thread] DEBUG PrimaryStageWindow   - Window border size: (0.0, 35.0)
03:52:01.515 [JavaFX Application Thread] DEBUG PrimaryStageWindow   - Scaled size: 1280.0 x 685.0
03:52:01.515 [JavaFX Application Thread] DEBUG PrimaryStageWindow   - Scaled ratio: (1.0, 0.9513888888888888)
03:52:01.516 [JavaFX Application Thread] DEBUG PrimaryStageWindow   - Scene size: 1280.0 x 720.0
03:52:01.516 [JavaFX Application Thread] DEBUG PrimaryStageWindow   - Stage size: 1280.0 x 720.0
03:52:01.521 [FXGL Background Thread 1 ] DEBUG Engine               - Initializing environment variables
03:52:01.587 [FXGL Background Thread 1 ] DEBUG FXGLAssetLoaderServi - User app class for loading assets: class org.group1.GamePackage.Application
03:52:01.587 [FXGL Background Thread 1 ] DEBUG GameApplicationServi - Applying CSS: fxgl_dark.css
03:52:01.588 [FXGL Background Thread 1 ] DEBUG FXGLAssetLoaderServi - Loading from file system: jar:file:///home/me/.m2/repository/com/github/almasb/fxgl/25/fxgl-25.jar!/fxglassets/ui/css/fxgl_dark.css
03:52:01.633 [FXGL Background Thread 1 ] DEBUG GameApplicationServi - Initializing application scenes
03:52:01.698 [FXGL Background Thread 1 ] DEBUG GameWorld            - Game world initialized
03:52:01.728 [FXGL Background Thread 1 ] DEBUG PhysicsWorld         - Physics world initialized: appHeight=720, physics.ppm=50.0
03:52:01.728 [FXGL Background Thread 1 ] DEBUG PhysicsWorld         - Using strategy: BRUTE_FORCE
03:52:01.732 [FXGL Background Thread 1 ] DEBUG GameScene            - Game scene initialized: 1280x720
03:52:01.741 [FXGL Background Thread 1 ] DEBUG FXGL.DefaultMenu     - createMenuBodyGameMenu()
03:52:01.747 [FXGL Background Thread 1 ] DEBUG FXGL.DefaultMenu     - createOptionsMenu()
03:52:01.756 [FXGL Background Thread 1 ] DEBUG FXGLAssetLoaderServi - Loading from file system: jar:file:///home/me/.m2/repository/com/github/almasb/fxgl/25/fxgl-25.jar!/fxglassets/textures/particles/smoke.png
03:52:01.852 [FXGL Background Thread 1 ] DEBUG FXGLAssetLoaderServi - Loading from file system: jar:file:///home/me/.m2/repository/com/github/almasb/fxgl/25/fxgl-25.jar!/fxglassets/textures/particles/trace_horizontal.png
03:52:01.888 [FXGL Background Thread 1 ] DEBUG GameApplicationServi - Application scenes initialized
03:52:01.895 [FXGL Background Thread 1 ] DEBUG SystemBundleService  - Loading FXGL system data
03:52:01.897 [FXGL Background Thread 1 ] DEBUG FileSystemAccess     - Reading from: /home/me/ComProg_Project/system/fxgl.bundle
03:52:01.903 [FXGL Background Thread 1 ] DEBUG SystemBundleService  - Bundle FXGL: {}
03:52:01.903 [FXGL Background Thread 1 ] DEBUG UpdaterService       - Checking for updates
03:52:01.907 [FXGL Background Thread 4 ] DEBUG FXGLApplication      - Loading fonts
03:52:01.907 [FXGL Background Thread 4 ] DEBUG FXGLAssetLoaderServi - Loading from file system: jar:file:///home/me/.m2/repository/com/github/almasb/fxgl/25/fxgl-25.jar!/fxglassets/ui/fonts/VarelaRound-Regular.ttf
03:52:01.908 [FXGL Background Thread 1 ] DEBUG FXGLApplication      - Loading default localization
03:52:01.908 [FXGL Background Thread 1 ] DEBUG FXGLAssetLoaderServi - Loading from file system: jar:file:///home/me/.m2/repository/com/github/almasb/fxgl/25/fxgl-25.jar!/fxglassets/languages/english.lang
03:52:01.914 [FXGL Background Thread 4 ] DEBUG FXGLAssetLoaderServi - Loading from file system: jar:file:///home/me/.m2/repository/com/github/almasb/fxgl/25/fxgl-25.jar!/fxglassets/ui/fonts/Abel-Regular.ttf
03:52:01.916 [FXGL Background Thread 4 ] DEBUG FXGLAssetLoaderServi - Loading from file system: jar:file:///home/me/.m2/repository/com/github/almasb/fxgl/25/fxgl-25.jar!/fxglassets/ui/fonts/TerminalLandMono-Regular.otf
03:52:01.917 [FXGL Background Thread 4 ] DEBUG FXGLAssetLoaderServi - Loading from file system: jar:file:///home/me/.m2/repository/com/github/almasb/fxgl/25/fxgl-25.jar!/fxglassets/ui/fonts/Courier-Prime.ttf
03:52:01.920 [FXGL Background Thread 1 ] INFO  FXGLApplication      - FXGL initialization took: 0.400 sec
03:52:01.921 [JavaFX Application Thread] DEBUG FXGLApplication      - Registering font factories with UI factory
03:52:01.934 [JavaFX Application Thread] DEBUG Input                - Registered new binding: Move left - A
03:52:01.934 [JavaFX Application Thread] DEBUG Input                - Registered new binding: Move right - D
03:52:01.935 [JavaFX Application Thread] DEBUG Input                - Registered new binding: Move down - S
03:52:01.935 [JavaFX Application Thread] DEBUG Input                - Registered new binding: Move up - W
03:52:01.935 [JavaFX Application Thread] DEBUG Input                - Registered new binding: Shoot - Space
03:52:01.936 [JavaFX Application Thread] DEBUG FXGLAssetLoaderServi - Loading from file system: jar:file:///home/me/.m2/repository/com/github/almasb/fxgl/25/fxgl-25.jar!/fxglassets/textures/fxgl_icon.png
03:52:01.968 [JavaFX Application Thread] DEBUG FXGLAssetLoaderServi - Loading from file system: jar:file:///home/me/.m2/repository/com/github/almasb/fxgl/25/fxgl-25.jar!/fxglassets/textures/fxgl_default_cursor.png
03:52:01.970 [JavaFX Application Thread] DEBUG Input                - Registered new binding: Screenshot - CTRL+8
03:52:01.970 [JavaFX Application Thread] DEBUG Input                - Registered new binding: System info dump - CTRL+9
03:52:01.970 [JavaFX Application Thread] DEBUG Input                - Registered new binding: Restart - CTRL+R
03:52:01.971 [JavaFX Application Thread] DEBUG Input                - Registered new binding: Toggle Debug Camera - CTRL+7
03:52:01.973 [JavaFX Application Thread] DEBUG LoopRunner           - Starting loop
03:52:01.974 [JavaFX Application Thread] DEBUG LoopRunner           - Initializing JavaFX AnimationTimerLoop
03:52:01.975 [JavaFX Application Thread] DEBUG Input                - Clearing active input actions
03:52:01.985 [JavaFX Application Thread] DEBUG GameApplicationServi - Removing overlay from FXGLStartupScene and adding to FXGLMainMenuDummyScene
03:52:01.986 [JavaFX Application Thread] DEBUG PrimaryStageWindow   - FXGLStartupScene -> FXGLMainMenuDummyScene
03:52:01.986 [JavaFX Application Thread] DEBUG PrimaryStageWindow   - Push state: MenuInterface
03:52:01.986 [JavaFX Application Thread] DEBUG Input                - Clearing active input actions
03:52:01.990 [JavaFX Application Thread] DEBUG GameApplicationServi - Removing overlay from FXGLMainMenuDummyScene and adding to MenuInterface
03:52:01.991 [JavaFX Application Thread] DEBUG PrimaryStageWindow   - FXGLMainMenuDummyScene -> MenuInterface
03:52:02.639 [JavaFX Application Thread] DEBUG Menu                 - fireNewGame()
03:52:02.639 [JavaFX Application Thread] DEBUG GameApplicationServi - Starting new game
03:52:02.640 [JavaFX Application Thread] DEBUG PrimaryStageWindow   - Pop state: MenuInterface
03:52:02.640 [JavaFX Application Thread] DEBUG Input                - Clearing active input actions
03:52:02.642 [JavaFX Application Thread] DEBUG GameApplicationServi - Removing overlay from MenuInterface and adding to FXGLMainMenuDummyScene
03:52:02.643 [JavaFX Application Thread] DEBUG PrimaryStageWindow   - FXGLMainMenuDummyScene <- MenuInterface
03:52:02.644 [JavaFX Application Thread] DEBUG Input                - Clearing active input actions
03:52:02.667 [JavaFX Application Thread] DEBUG GameApplicationServi - Removing overlay from FXGLMainMenuDummyScene and adding to LoadingInterface
03:52:02.668 [JavaFX Application Thread] DEBUG PrimaryStageWindow   - FXGLMainMenuDummyScene -> LoadingInterface
03:52:02.668 [JavaFX Application Thread] DEBUG GameApplicationServi - Clearing previous game
03:52:02.668 [JavaFX Application Thread] DEBUG GameScene            - Clearing game scene
03:52:02.668 [JavaFX Application Thread] DEBUG GameWorld            - Clearing game world
03:52:02.669 [JavaFX Application Thread] DEBUG PhysicsWorld         - Clearing physics world
03:52:02.672 [FXGL Background Thread 2 ] DEBUG FXGLApplication      - Initializing game
03:52:02.701 [FXGL Background Thread 2 ] DEBUG FXGLAssetLoaderServi - Loading from file system: file:/home/me/ComProg_Project/target/classes/assets/textures/background.png
03:52:02.825 [FXGL Background Thread 2 ] DEBUG FXGLAssetLoaderServi - Loading from file system: file:/home/me/ComProg_Project/target/classes/assets/textures/background_stars1.png
03:52:02.928 [FXGL Background Thread 2 ] DEBUG FXGLAssetLoaderServi - Loading from file system: file:/home/me/ComProg_Project/target/classes/assets/textures/background_stars2.png
03:52:02.966 [FXGL Background Thread 2 ] DEBUG FXGLAssetLoaderServi - Loading from file system: file:/home/me/ComProg_Project/target/classes/assets/textures/background_stars3.png
03:52:03.001 [FXGL Background Thread 2 ] DEBUG FXGLAssetLoaderServi - Loading from file system: file:/home/me/ComProg_Project/target/classes/assets/textures/background_cloud1.png
03:52:03.009 [FXGL Background Thread 2 ] DEBUG FXGLAssetLoaderServi - Loading from file system: file:/home/me/ComProg_Project/target/classes/assets/textures/background_cloud2.png
03:52:03.022 [FXGL Background Thread 2 ] DEBUG FXGLAssetLoaderServi - Loading from file system: file:/home/me/ComProg_Project/target/classes/assets/textures/background_mist1.png
03:52:03.032 [FXGL Background Thread 2 ] DEBUG FXGLAssetLoaderServi - Loading from file system: file:/home/me/ComProg_Project/target/classes/assets/textures/background_hills.png
03:52:03.052 [FXGL Background Thread 2 ] DEBUG FXGLAssetLoaderServi - Loading from file system: file:/home/me/ComProg_Project/target/classes/assets/textures/background_forest.png
03:52:03.064 [FXGL Background Thread 2 ] DEBUG FXGLAssetLoaderServi - Loading from file system: file:/home/me/ComProg_Project/target/classes/assets/textures/background_large_forest.png
03:52:03.094 [FXGL Background Thread 2 ] DEBUG FXGLAssetLoaderServi - Loading from file system: file:/home/me/ComProg_Project/target/classes/assets/textures/idle_sprite.png
03:52:03.097 [FXGL Background Thread 2 ] DEBUG FXGLAssetLoaderServi - Loading from file system: file:/home/me/ComProg_Project/target/classes/assets/textures/down_sprite.png
03:52:03.099 [FXGL Background Thread 2 ] DEBUG FXGLAssetLoaderServi - Loading from file system: file:/home/me/ComProg_Project/target/classes/assets/textures/up_sprite.png
03:52:03.107 [FXGL Background Thread 2 ] DEBUG FXGLAssetLoaderServi - Loading from file system: file:/home/me/ComProg_Project/target/classes/assets/music/main_music.wav
03:52:03.181 [FXGL Background Thread 2 ] DEBUG AudioPlayer          - Playing music com.almasb.fxgl.audio.Music@52da449f
03:52:03.184 [FXGL Background Thread 2 ] INFO  FXGLApplication      - Game initialization took: 0.512 sec
03:52:03.184 [JavaFX Application Thread] DEBUG Input                - Clearing active input actions
03:52:03.198 [JavaFX Application Thread] DEBUG GameApplicationServi - Removing overlay from LoadingInterface and adding to GameScene
03:52:03.198 [JavaFX Application Thread] DEBUG PrimaryStageWindow   - LoadingInterface -> GameScene
03:52:03.683 [JavaFX Application Thread] DEBUG FXGLAssetLoaderServi - Loading from file system: file:/home/me/ComProg_Project/target/classes/assets/textures/enemy_sprite.png
03:52:03.685 [JavaFX Application Thread] DEBUG FXGLAssetLoaderServi - Loading from file system: file:/home/me/ComProg_Project/target/classes/assets/textures/explosion_sprite.png
03:52:03.792 [JavaFX Application Thread] DEBUG FXGLAssetLoaderServi - Loading from file system: file:/home/me/ComProg_Project/target/classes/assets/textures/bullet_sprite.png
03:52:04.228 [JavaFX Application Thread] DEBUG FXGLAssetLoaderServi - Loading from file system: file:/home/me/ComProg_Project/target/classes/assets/sounds/death_sound.wav
03:52:04.906 [FXGL Background Thread 3 ] DEBUG Engine               - Logging environment variables
03:52:04.907 [FXGL Background Thread 3 ] DEBUG Engine               - achievements: []
03:52:04.908 [FXGL Background Thread 3 ] DEBUG Engine               - actualHeight: 685.0
03:52:04.908 [FXGL Background Thread 3 ] DEBUG Engine               - actualHeightProperty: ReadOnlyDoubleProperty [value: 685.0]
03:52:04.908 [FXGL Background Thread 3 ] DEBUG Engine               - actualWidth: 1280.0
03:52:04.909 [FXGL Background Thread 3 ] DEBUG Engine               - actualWidthProperty: ReadOnlyDoubleProperty [value: 1280.0]
03:52:04.909 [FXGL Background Thread 3 ] DEBUG Engine               - appIcon: fxgl_icon.png
03:52:04.909 [FXGL Background Thread 3 ] DEBUG Engine               - applicationMode: DEVELOPER
03:52:04.909 [FXGL Background Thread 3 ] DEBUG Engine               - cSSList: [fxgl_dark.css]
03:52:04.909 [FXGL Background Thread 3 ] DEBUG Engine               - collisionDetectionStrategy: BRUTE_FORCE
03:52:04.910 [FXGL Background Thread 3 ] DEBUG Engine               - configClass: Optional.empty
03:52:04.910 [FXGL Background Thread 3 ] DEBUG Engine               - credits: []
03:52:04.910 [FXGL Background Thread 3 ] DEBUG Engine               - defaultCursor: CursorInfo(imageName=fxgl_default_cursor.png, hotspotX=7.0, hotspotY=6.0)
03:52:04.911 [FXGL Background Thread 3 ] DEBUG Engine               - devBBoxColorProperty: ObjectProperty [value: 0xff0000ff]
03:52:04.911 [FXGL Background Thread 3 ] DEBUG Engine               - devEnableDebugCameraProperty: BooleanProperty [value: false]
03:52:04.911 [FXGL Background Thread 3 ] DEBUG Engine               - devSensorColorProperty: ObjectProperty [value: 0xffff00ff]
03:52:04.911 [FXGL Background Thread 3 ] DEBUG Engine               - devShowBBoxProperty: BooleanProperty [value: false]
03:52:04.911 [FXGL Background Thread 3 ] DEBUG Engine               - devShowPositionProperty: BooleanProperty [value: false]
03:52:04.912 [FXGL Background Thread 3 ] DEBUG Engine               - enabledMenuItems: []
03:52:04.912 [FXGL Background Thread 3 ] DEBUG Engine               - engineServices: [class com.almasb.fxgl.app.services.FXGLAssetLoaderService, class com.almasb.fxgl.app.FXGLApplication$GameApplicationService, class com.almasb.fxgl.app.services.FXGLDialogService, class com.almasb.fxgl.app.services.IOTaskExecutorService, class com.almasb.fxgl.io.FileSystemService, class com.almasb.fxgl.localization.LocalizationService, class com.almasb.fxgl.app.services.SystemBundleService, class com.almasb.fxgl.profile.SaveLoadService, class com.almasb.fxgl.ui.FXGLUIFactoryServiceProvider, class com.almasb.fxgl.ui.FXGLDialogFactoryServiceProvider, class com.almasb.fxgl.audio.AudioPlayer, class com.almasb.fxgl.notification.impl.NotificationServiceProvider, class com.almasb.fxgl.achievement.AchievementService, class com.almasb.fxgl.cutscene.CutsceneService, class com.almasb.fxgl.minigames.MiniGameService, class com.almasb.fxgl.net.NetService, class com.almasb.fxgl.app.services.UpdaterService, class com.almasb.fxgl.dev.DevService]
03:52:04.912 [FXGL Background Thread 3 ] DEBUG Engine               - fontGame: Abel-Regular.ttf
03:52:04.913 [FXGL Background Thread 3 ] DEBUG Engine               - fontMono: TerminalLandMono-Regular.otf
03:52:04.913 [FXGL Background Thread 3 ] DEBUG Engine               - fontSizeScaleUI: 1.0
03:52:04.913 [FXGL Background Thread 3 ] DEBUG Engine               - fontText: Courier-Prime.ttf
03:52:04.914 [FXGL Background Thread 3 ] DEBUG Engine               - fontUI: VarelaRound-Regular.ttf
03:52:04.914 [FXGL Background Thread 3 ] DEBUG Engine               - fpsRefreshRate: 500.0 ms
03:52:04.914 [FXGL Background Thread 3 ] DEBUG Engine               - fullScreen: BooleanProperty [value: false]
03:52:04.915 [FXGL Background Thread 3 ] DEBUG Engine               - gameDifficulty: MEDIUM
03:52:04.915 [FXGL Background Thread 3 ] DEBUG Engine               - gameDifficultyProperty: ObjectProperty [value: MEDIUM]
03:52:04.915 [FXGL Background Thread 3 ] DEBUG Engine               - globalMusicVolume: 0.5
03:52:04.915 [FXGL Background Thread 3 ] DEBUG Engine               - globalMusicVolumeProperty: DoubleProperty [value: 0.5]
03:52:04.915 [FXGL Background Thread 3 ] DEBUG Engine               - globalSoundVolume: 0.5
03:52:04.915 [FXGL Background Thread 3 ] DEBUG Engine               - globalSoundVolumeProperty: DoubleProperty [value: 0.5]
03:52:04.915 [FXGL Background Thread 3 ] DEBUG Engine               - height: 720
03:52:04.915 [FXGL Background Thread 3 ] DEBUG Engine               - is3D: false
03:52:04.916 [FXGL Background Thread 3 ] DEBUG Engine               - isAndroid: false
03:52:04.916 [FXGL Background Thread 3 ] DEBUG Engine               - isBrowser: false
03:52:04.916 [FXGL Background Thread 3 ] DEBUG Engine               - isClickFeedbackEnabled: false
03:52:04.916 [FXGL Background Thread 3 ] DEBUG Engine               - isCloseConfirmation: false
03:52:04.916 [FXGL Background Thread 3 ] DEBUG Engine               - isDesktop: true
03:52:04.916 [FXGL Background Thread 3 ] DEBUG Engine               - isDeveloperMenuEnabled: false
03:52:04.916 [FXGL Background Thread 3 ] DEBUG Engine               - isEmbedded: false
03:52:04.916 [FXGL Background Thread 3 ] DEBUG Engine               - isEntityPreloadEnabled: true
03:52:04.916 [FXGL Background Thread 3 ] DEBUG Engine               - isExperimentalTiledLargeMap: false
03:52:04.916 [FXGL Background Thread 3 ] DEBUG Engine               - isFileSystemWriteAllowed: true
03:52:04.916 [FXGL Background Thread 3 ] DEBUG Engine               - isFullScreenAllowed: false
03:52:04.917 [FXGL Background Thread 3 ] DEBUG Engine               - isFullScreenFromStart: false
03:52:04.917 [FXGL Background Thread 3 ] DEBUG Engine               - isGameMenuEnabled: true
03:52:04.917 [FXGL Background Thread 3 ] DEBUG Engine               - isIOS: false
03:52:04.917 [FXGL Background Thread 3 ] DEBUG Engine               - isIntroEnabled: false
03:52:04.917 [FXGL Background Thread 3 ] DEBUG Engine               - isLinux: true
03:52:04.917 [FXGL Background Thread 3 ] DEBUG Engine               - isMac: false
03:52:04.917 [FXGL Background Thread 3 ] DEBUG Engine               - isMainMenuEnabled: true
03:52:04.917 [FXGL Background Thread 3 ] DEBUG Engine               - isManualResizeEnabled: false
03:52:04.917 [FXGL Background Thread 3 ] DEBUG Engine               - isMobile: false
03:52:04.918 [FXGL Background Thread 3 ] DEBUG Engine               - isNative: false
03:52:04.918 [FXGL Background Thread 3 ] DEBUG Engine               - isPauseMusicWhenMinimized: true
03:52:04.918 [FXGL Background Thread 3 ] DEBUG Engine               - isPreserveResizeRatio: false
03:52:04.918 [FXGL Background Thread 3 ] DEBUG Engine               - isProfilingEnabled: false
03:52:04.918 [FXGL Background Thread 3 ] DEBUG Engine               - isScaleAffectedOnResize: true
03:52:04.918 [FXGL Background Thread 3 ] DEBUG Engine               - isSingleStep: false
03:52:04.918 [FXGL Background Thread 3 ] DEBUG Engine               - isUserProfileEnabled: false
03:52:04.919 [FXGL Background Thread 3 ] DEBUG Engine               - isWindows: false
03:52:04.919 [FXGL Background Thread 3 ] DEBUG Engine               - language: ObjectProperty [value: ENGLISH]
03:52:04.919 [FXGL Background Thread 3 ] DEBUG Engine               - menuKey: ESCAPE
03:52:04.919 [FXGL Background Thread 3 ] DEBUG Engine               - mouseSensitivity: 0.2
03:52:04.919 [FXGL Background Thread 3 ] DEBUG Engine               - notificationViewClass: class com.almasb.fxgl.notification.view.XboxNotificationView
03:52:04.919 [FXGL Background Thread 3 ] DEBUG Engine               - pixelsPerMeter: 50.0
03:52:04.919 [FXGL Background Thread 3 ] DEBUG Engine               - platform: LINUX
03:52:04.920 [FXGL Background Thread 3 ] DEBUG Engine               - prefHeightProperty: ReadOnlyDoubleProperty [value: 720.0]
03:52:04.920 [FXGL Background Thread 3 ] DEBUG Engine               - prefWidthProperty: ReadOnlyDoubleProperty [value: 1280.0]
03:52:04.920 [FXGL Background Thread 3 ] DEBUG Engine               - profileDir: profiles/
03:52:04.920 [FXGL Background Thread 3 ] DEBUG Engine               - profileName: StringProperty [value: DEFAULT]
03:52:04.920 [FXGL Background Thread 3 ] DEBUG Engine               - randomSeed: -1
03:52:04.920 [FXGL Background Thread 3 ] DEBUG Engine               - runtimeInfo: RuntimeInfo(platform=LINUX, version=25, build=05.02.2026 22.57)
03:52:04.920 [FXGL Background Thread 3 ] DEBUG Engine               - saveFileExt: sav
03:52:04.921 [FXGL Background Thread 3 ] DEBUG Engine               - scaledHeightProp$fxgl: DoubleProperty [bound, value: 685.0]
03:52:04.921 [FXGL Background Thread 3 ] DEBUG Engine               - scaledWidthProp$fxgl: DoubleProperty [bound, value: 1280.0]
03:52:04.921 [FXGL Background Thread 3 ] DEBUG Engine               - sceneFactory: org.group1.GamePackage.Factory.MainSceneFactory@2045cc04
03:52:04.921 [FXGL Background Thread 3 ] DEBUG Engine               - secondsIn24h: 60
03:52:04.921 [FXGL Background Thread 3 ] DEBUG Engine               - soundMenuBack: menu/back.wav
03:52:04.921 [FXGL Background Thread 3 ] DEBUG Engine               - soundMenuPress: menu/press.wav
03:52:04.921 [FXGL Background Thread 3 ] DEBUG Engine               - soundMenuSelect: menu/select.wav
03:52:04.921 [FXGL Background Thread 3 ] DEBUG Engine               - soundNotification: core/notification.wav
03:52:04.921 [FXGL Background Thread 3 ] DEBUG Engine               - stageStyle: DECORATED
03:52:04.921 [FXGL Background Thread 3 ] DEBUG Engine               - supportedLanguages: [ENGLISH, FRENCH, GERMAN, HUNGARIAN, RUSSIAN]
03:52:04.922 [FXGL Background Thread 3 ] DEBUG Engine               - ticksPerSecond: -1
03:52:04.922 [FXGL Background Thread 3 ] DEBUG Engine               - title: Untitled
03:52:04.922 [FXGL Background Thread 3 ] DEBUG Engine               - urlGithub: https://github.com/AlmasB/FXGL
03:52:04.922 [FXGL Background Thread 3 ] DEBUG Engine               - urlLeaderboard: http://fxgl-top.herokuapp.com/
03:52:04.922 [FXGL Background Thread 3 ] DEBUG Engine               - urlPOM: https://raw.githubusercontent.com/AlmasB/FXGL/release/README.md
03:52:04.922 [FXGL Background Thread 3 ] DEBUG Engine               - userAppClass: class org.group1.GamePackage.Application
03:52:04.922 [FXGL Background Thread 3 ] DEBUG Engine               - version: 0.0
03:52:04.922 [FXGL Background Thread 3 ] DEBUG Engine               - versionCheckDays: 7
03:52:04.922 [FXGL Background Thread 3 ] DEBUG Engine               - width: 1280
03:52:04.923 [FXGL Background Thread 3 ] DEBUG Engine               - Logging services
03:52:04.923 [FXGL Background Thread 3 ] DEBUG Engine               - class com.almasb.fxgl.app.services.FXGLAssetLoaderService
03:52:04.923 [FXGL Background Thread 3 ] DEBUG Engine               - class com.almasb.fxgl.app.FXGLApplication$GameApplicationService
03:52:04.923 [FXGL Background Thread 3 ] DEBUG Engine               - class com.almasb.fxgl.app.services.FXGLDialogService
03:52:04.923 [FXGL Background Thread 3 ] DEBUG Engine               - class com.almasb.fxgl.app.services.IOTaskExecutorService
03:52:04.923 [FXGL Background Thread 3 ] DEBUG Engine               - class com.almasb.fxgl.io.FileSystemService
03:52:04.923 [FXGL Background Thread 3 ] DEBUG Engine               - class com.almasb.fxgl.localization.LocalizationService
03:52:04.923 [FXGL Background Thread 3 ] DEBUG Engine               - class com.almasb.fxgl.app.services.SystemBundleService
03:52:04.923 [FXGL Background Thread 3 ] DEBUG Engine               - class com.almasb.fxgl.profile.SaveLoadService
03:52:04.924 [FXGL Background Thread 3 ] DEBUG Engine               - class com.almasb.fxgl.ui.FXGLUIFactoryServiceProvider
03:52:04.924 [FXGL Background Thread 3 ] DEBUG Engine               - class com.almasb.fxgl.ui.FXGLDialogFactoryServiceProvider
03:52:04.924 [FXGL Background Thread 3 ] DEBUG Engine               - class com.almasb.fxgl.audio.AudioPlayer
03:52:04.924 [FXGL Background Thread 3 ] DEBUG Engine               - class com.almasb.fxgl.notification.impl.NotificationServiceProvider
03:52:04.924 [FXGL Background Thread 3 ] DEBUG Engine               - class com.almasb.fxgl.achievement.AchievementService
03:52:04.924 [FXGL Background Thread 3 ] DEBUG Engine               - class com.almasb.fxgl.cutscene.CutsceneService
03:52:04.924 [FXGL Background Thread 3 ] DEBUG Engine               - class com.almasb.fxgl.minigames.MiniGameService
03:52:04.924 [FXGL Background Thread 3 ] DEBUG Engine               - class com.almasb.fxgl.net.NetService
03:52:04.924 [FXGL Background Thread 3 ] DEBUG Engine               - class com.almasb.fxgl.app.services.UpdaterService
03:52:04.924 [FXGL Background Thread 3 ] DEBUG Engine               - class com.almasb.fxgl.dev.DevService
03:52:05.333 [JavaFX Application Thread] DEBUG FXGLAssetLoaderServi - Loading from file system: file:/home/me/ComProg_Project/target/classes/assets/sounds/fah.wav
03:52:05.409 [JavaFX Application Thread] DEBUG FXGLAssetLoaderServi - Loading from file system: file:/home/me/ComProg_Project/target/classes/assets/textures/heart_sprite.png
03:52:05.420 [JavaFX Application Thread] DEBUG FXGLAssetLoaderServi - Loading from file system: file:/home/me/ComProg_Project/target/classes/assets/textures/heart_explode_sprite.png
03:52:05.871 [JavaFX Application Thread] DEBUG FXGLAssetLoaderServi - Loading from file system: file:/home/me/ComProg_Project/target/classes/assets/sounds/heart_gain.wav
03:52:18.345 [JavaFX Application Thread] DEBUG FXGLApplication      - Exiting FXGL
03:52:18.345 [JavaFX Application Thread] DEBUG LoopRunner           - Stopping loop
03:52:18.346 [JavaFX Application Thread] DEBUG SystemBundleService  - Saving FXGL system data
03:52:18.350 [JavaFX Application Thread] DEBUG FileSystemAccess     - Writing to: /home/me/ComProg_Project/system/fxgl.bundle
03:52:18.353 [JavaFX Application Thread] DEBUG Async                - Shutting down background threads
03:52:18.354 [JavaFX Application Thread] DEBUG PrimaryStageWindow   - Closing main window
03:52:18.358 [JavaFX Application Thread] DEBUG Logger               - Closing Logger
