09:51:38.489 [main                     ] DEBUG Logger               - Configured Logger
09:51:38.503 [main                     ] DEBUG GameApplication      - Logging settings
Title: Untitled
Version: 0.0
Width: 1280
Height: 720
Fullscreen: false
Intro: false
Profiling: false
Single step:false
App Mode: DEVELOPER
Menu Key: ESCAPE
Stage Style: DECORATED
Scene Factory: class org.group1.GamePackage.Factory.MainSceneFactory

09:51:38.969 [JavaFX Application Thread] DEBUG FXGLApplication      - Initializing FXGL
09:51:38.975 [JavaFX Application Thread] INFO  Engine               - FXGL-25 (05.02.2026 22.57) on WINDOWS (J:25.0.1 FX:21.0.6)
09:51:38.975 [JavaFX Application Thread] DEBUG Engine               - JRE Vendor Name: Oracle Corporation
09:51:38.976 [JavaFX Application Thread] DEBUG Engine               - Running on OS: Windows 11 version 10.0
09:51:38.976 [JavaFX Application Thread] DEBUG Engine               - Architecture: amd64
09:51:38.976 [JavaFX Application Thread] INFO  Engine               - Source code and latest versions at: https://github.com/AlmasB/FXGL
09:51:38.976 [JavaFX Application Thread] INFO  Engine               -       Ask questions and discuss at: https://github.com/AlmasB/FXGL/discussions
09:51:39.109 [JavaFX Application Thread] DEBUG PrimaryStageWindow   - Creating a JavaFX scene
09:51:39.109 [JavaFX Application Thread] DEBUG PrimaryStageWindow   - Target size > screen size
09:51:39.167 [JavaFX Application Thread] DEBUG PrimaryStageWindow   - Target settings size: 1280.0 x 720.0
09:51:39.167 [JavaFX Application Thread] DEBUG PrimaryStageWindow   - Scaled scene size:    1169.0 x 671.0
09:51:39.167 [JavaFX Application Thread] DEBUG PrimaryStageWindow   - Scaled ratio: (0.91328125, 0.9319444444444445)
09:51:39.167 [JavaFX Application Thread] DEBUG PrimaryStageWindow   - Set initial scene to FXGLStartupScene
09:51:39.171 [JavaFX Application Thread] DEBUG PrimaryStageWindow   - Opening main window
09:51:39.306 [JavaFX Application Thread] DEBUG PrimaryStageWindow   - Window border size: (15.0, 37.66668701171875)
09:51:39.306 [JavaFX Application Thread] DEBUG PrimaryStageWindow   - Scaled size: 1169.0 x 671.0
09:51:39.306 [JavaFX Application Thread] DEBUG PrimaryStageWindow   - Scaled ratio: (0.91328125, 0.9319444444444445)
09:51:39.307 [JavaFX Application Thread] DEBUG PrimaryStageWindow   - Scene size: 1169.0 x 671.0
09:51:39.307 [JavaFX Application Thread] DEBUG PrimaryStageWindow   - Stage size: 1184.0 x 708.6666870117188
09:51:39.328 [FXGL Background Thread 1 ] DEBUG Engine               - Initializing environment variables
09:51:39.503 [FXGL Background Thread 1 ] DEBUG FXGLAssetLoaderServi - User app class for loading assets: class org.group1.GamePackage.Application
09:51:39.503 [FXGL Background Thread 1 ] DEBUG GameApplicationServi - Applying CSS: fxgl_dark.css
09:51:39.507 [FXGL Background Thread 1 ] DEBUG FXGLAssetLoaderServi - Loading from file system: jar:file:///C:/Users/ryles/.m2/repository/com/github/almasb/fxgl/25/fxgl-25.jar!/fxglassets/ui/css/fxgl_dark.css
09:51:39.631 [FXGL Background Thread 1 ] DEBUG GameApplicationServi - Initializing application scenes
09:51:39.776 [FXGL Background Thread 1 ] DEBUG GameWorld            - Game world initialized
09:51:39.890 [FXGL Background Thread 1 ] DEBUG PhysicsWorld         - Physics world initialized: appHeight=720, physics.ppm=50.0
09:51:39.890 [FXGL Background Thread 1 ] DEBUG PhysicsWorld         - Using strategy: BRUTE_FORCE
09:51:39.900 [FXGL Background Thread 1 ] DEBUG GameScene            - Game scene initialized: 1280x720
09:51:39.929 [FXGL Background Thread 1 ] DEBUG FXGL.DefaultMenu     - createMenuBodyGameMenu()
09:51:39.949 [FXGL Background Thread 1 ] DEBUG FXGL.DefaultMenu     - createOptionsMenu()
09:51:39.976 [FXGL Background Thread 1 ] DEBUG FXGLAssetLoaderServi - Loading from file system: jar:file:///C:/Users/ryles/.m2/repository/com/github/almasb/fxgl/25/fxgl-25.jar!/fxglassets/textures/particles/smoke.png
09:51:40.211 [FXGL Background Thread 1 ] DEBUG FXGLAssetLoaderServi - Loading from file system: jar:file:///C:/Users/ryles/.m2/repository/com/github/almasb/fxgl/25/fxgl-25.jar!/fxglassets/textures/particles/trace_horizontal.png
09:51:40.295 [FXGL Background Thread 1 ] DEBUG GameApplicationServi - Application scenes initialized
09:51:40.318 [FXGL Background Thread 1 ] DEBUG SystemBundleService  - Loading FXGL system data
09:51:40.331 [FXGL Background Thread 1 ] DEBUG FileSystemAccess     - Reading from: C:\Users\ryles\Downloads\ComProg_Project\system\fxgl.bundle
09:51:40.348 [FXGL Background Thread 1 ] DEBUG SystemBundleService  - Bundle FXGL: {}
09:51:40.348 [FXGL Background Thread 1 ] DEBUG UpdaterService       - Checking for updates
09:51:40.355 [FXGL Background Thread 4 ] DEBUG FXGLApplication      - Loading fonts
09:51:40.356 [FXGL Background Thread 1 ] DEBUG FXGLApplication      - Loading default localization
09:51:40.356 [FXGL Background Thread 4 ] DEBUG FXGLAssetLoaderServi - Loading from file system: jar:file:///C:/Users/ryles/.m2/repository/com/github/almasb/fxgl/25/fxgl-25.jar!/fxglassets/ui/fonts/VarelaRound-Regular.ttf
09:51:40.357 [FXGL Background Thread 1 ] DEBUG FXGLAssetLoaderServi - Loading from file system: jar:file:///C:/Users/ryles/.m2/repository/com/github/almasb/fxgl/25/fxgl-25.jar!/fxglassets/languages/english.lang
09:51:40.379 [FXGL Background Thread 1 ] INFO  FXGLApplication      - FXGL initialization took: 1.051 sec
09:51:40.410 [JavaFX Application Thread] DEBUG Input                - Registered new binding: Move left - A
09:51:40.410 [JavaFX Application Thread] DEBUG Input                - Registered new binding: Move right - D
09:51:40.411 [JavaFX Application Thread] DEBUG Input                - Registered new binding: Move down - S
09:51:40.411 [JavaFX Application Thread] DEBUG Input                - Registered new binding: Move up - W
09:51:40.413 [JavaFX Application Thread] DEBUG Input                - Registered new binding: Shoot - Space
09:51:40.414 [JavaFX Application Thread] DEBUG Input                - Registered new binding: Switch to Fire Bullet - Q
09:51:40.414 [JavaFX Application Thread] DEBUG Input                - Registered new binding: Switch to Ice Bullet - E
09:51:40.415 [JavaFX Application Thread] DEBUG FXGLAssetLoaderServi - Loading from file system: jar:file:///C:/Users/ryles/.m2/repository/com/github/almasb/fxgl/25/fxgl-25.jar!/fxglassets/textures/fxgl_icon.png
09:51:40.432 [FXGL Background Thread 4 ] DEBUG FXGLAssetLoaderServi - Loading from file system: jar:file:///C:/Users/ryles/.m2/repository/com/github/almasb/fxgl/25/fxgl-25.jar!/fxglassets/ui/fonts/Abel-Regular.ttf
09:51:40.440 [FXGL Background Thread 4 ] DEBUG FXGLAssetLoaderServi - Loading from file system: jar:file:///C:/Users/ryles/.m2/repository/com/github/almasb/fxgl/25/fxgl-25.jar!/fxglassets/ui/fonts/TerminalLandMono-Regular.otf
09:51:40.449 [FXGL Background Thread 4 ] DEBUG FXGLAssetLoaderServi - Loading from file system: jar:file:///C:/Users/ryles/.m2/repository/com/github/almasb/fxgl/25/fxgl-25.jar!/fxglassets/ui/fonts/Courier-Prime.ttf
09:51:40.453 [JavaFX Application Thread] DEBUG FXGLAssetLoaderServi - Loading from file system: jar:file:///C:/Users/ryles/.m2/repository/com/github/almasb/fxgl/25/fxgl-25.jar!/fxglassets/textures/fxgl_default_cursor.png
09:51:40.458 [JavaFX Application Thread] DEBUG Input                - Registered new binding: Screenshot - CTRL+8
09:51:40.459 [JavaFX Application Thread] DEBUG Input                - Registered new binding: System info dump - CTRL+9
09:51:40.461 [JavaFX Application Thread] DEBUG Input                - Registered new binding: Restart - CTRL+R
09:51:40.464 [JavaFX Application Thread] DEBUG Input                - Registered new binding: Toggle Debug Camera - CTRL+7
09:51:40.470 [JavaFX Application Thread] DEBUG LoopRunner           - Starting loop
09:51:40.470 [JavaFX Application Thread] DEBUG LoopRunner           - Initializing JavaFX AnimationTimerLoop
09:51:40.475 [JavaFX Application Thread] DEBUG Input                - Clearing active input actions
09:51:40.491 [JavaFX Application Thread] DEBUG GameApplicationServi - Removing overlay from FXGLStartupScene and adding to FXGLMainMenuDummyScene
09:51:40.492 [JavaFX Application Thread] DEBUG PrimaryStageWindow   - FXGLStartupScene -> FXGLMainMenuDummyScene
09:51:40.493 [JavaFX Application Thread] DEBUG PrimaryStageWindow   - Push state: MenuInterface
09:51:40.494 [JavaFX Application Thread] DEBUG Input                - Clearing active input actions
09:51:40.500 [JavaFX Application Thread] DEBUG GameApplicationServi - Removing overlay from FXGLMainMenuDummyScene and adding to MenuInterface
09:51:40.501 [JavaFX Application Thread] DEBUG PrimaryStageWindow   - FXGLMainMenuDummyScene -> MenuInterface
09:51:40.584 [JavaFX Application Thread] DEBUG FXGLApplication      - Registering font factories with UI factory
09:51:41.562 [JavaFX Application Thread] DEBUG Menu                 - fireNewGame()
09:51:41.562 [JavaFX Application Thread] DEBUG GameApplicationServi - Starting new game
09:51:41.563 [JavaFX Application Thread] DEBUG PrimaryStageWindow   - Pop state: MenuInterface
09:51:41.563 [JavaFX Application Thread] DEBUG Input                - Clearing active input actions
09:51:41.564 [JavaFX Application Thread] DEBUG GameApplicationServi - Removing overlay from MenuInterface and adding to FXGLMainMenuDummyScene
09:51:41.565 [JavaFX Application Thread] DEBUG PrimaryStageWindow   - FXGLMainMenuDummyScene <- MenuInterface
09:51:41.565 [JavaFX Application Thread] DEBUG Input                - Clearing active input actions
09:51:41.580 [JavaFX Application Thread] DEBUG GameApplicationServi - Removing overlay from FXGLMainMenuDummyScene and adding to LoadingInterface
09:51:41.581 [JavaFX Application Thread] DEBUG PrimaryStageWindow   - FXGLMainMenuDummyScene -> LoadingInterface
09:51:41.581 [JavaFX Application Thread] DEBUG GameApplicationServi - Clearing previous game
09:51:41.581 [JavaFX Application Thread] DEBUG GameScene            - Clearing game scene
09:51:41.581 [JavaFX Application Thread] DEBUG GameWorld            - Clearing game world
09:51:41.582 [JavaFX Application Thread] DEBUG PhysicsWorld         - Clearing physics world
09:51:41.584 [FXGL Background Thread 2 ] DEBUG FXGLApplication      - Initializing game
09:51:41.605 [FXGL Background Thread 2 ] DEBUG FXGLAssetLoaderServi - Loading from file system: file:/C:/Users/ryles/Downloads/ComProg_Project/target/classes/assets/textures/background.png
09:51:41.809 [FXGL Background Thread 2 ] DEBUG FXGLAssetLoaderServi - Loading from file system: file:/C:/Users/ryles/Downloads/ComProg_Project/target/classes/assets/textures/background_stars1.png
09:51:42.052 [FXGL Background Thread 2 ] DEBUG FXGLAssetLoaderServi - Loading from file system: file:/C:/Users/ryles/Downloads/ComProg_Project/target/classes/assets/textures/background_stars2.png
09:51:42.118 [FXGL Background Thread 2 ] DEBUG FXGLAssetLoaderServi - Loading from file system: file:/C:/Users/ryles/Downloads/ComProg_Project/target/classes/assets/textures/background_stars3.png
09:51:42.167 [FXGL Background Thread 2 ] DEBUG FXGLAssetLoaderServi - Loading from file system: file:/C:/Users/ryles/Downloads/ComProg_Project/target/classes/assets/textures/background_cloud1.png
09:51:42.181 [FXGL Background Thread 2 ] DEBUG FXGLAssetLoaderServi - Loading from file system: file:/C:/Users/ryles/Downloads/ComProg_Project/target/classes/assets/textures/background_cloud2.png
09:51:42.201 [FXGL Background Thread 2 ] DEBUG FXGLAssetLoaderServi - Loading from file system: file:/C:/Users/ryles/Downloads/ComProg_Project/target/classes/assets/textures/background_mist1.png
09:51:42.217 [FXGL Background Thread 2 ] DEBUG FXGLAssetLoaderServi - Loading from file system: file:/C:/Users/ryles/Downloads/ComProg_Project/target/classes/assets/textures/background_hills.png
09:51:42.254 [FXGL Background Thread 2 ] DEBUG FXGLAssetLoaderServi - Loading from file system: file:/C:/Users/ryles/Downloads/ComProg_Project/target/classes/assets/textures/background_forest.png
09:51:42.280 [FXGL Background Thread 2 ] DEBUG FXGLAssetLoaderServi - Loading from file system: file:/C:/Users/ryles/Downloads/ComProg_Project/target/classes/assets/textures/background_large_forest.png
09:51:42.332 [FXGL Background Thread 2 ] DEBUG FXGLAssetLoaderServi - Loading from file system: file:/C:/Users/ryles/Downloads/ComProg_Project/target/classes/assets/textures/idle_sprite.png
09:51:42.337 [FXGL Background Thread 2 ] DEBUG FXGLAssetLoaderServi - Loading from file system: file:/C:/Users/ryles/Downloads/ComProg_Project/target/classes/assets/textures/down_sprite.png
09:51:42.341 [FXGL Background Thread 2 ] DEBUG FXGLAssetLoaderServi - Loading from file system: file:/C:/Users/ryles/Downloads/ComProg_Project/target/classes/assets/textures/up_sprite.png
09:51:42.359 [FXGL Background Thread 2 ] DEBUG FXGLAssetLoaderServi - Loading from file system: file:/C:/Users/ryles/Downloads/ComProg_Project/target/classes/assets/music/main_music.wav
09:51:42.557 [FXGL Background Thread 2 ] DEBUG AudioPlayer          - Playing music com.almasb.fxgl.audio.Music@4c4c96f1
09:51:42.572 [FXGL Background Thread 2 ] INFO  FXGLApplication      - Game initialization took: 0.987 sec
09:51:42.573 [JavaFX Application Thread] DEBUG Input                - Clearing active input actions
09:51:42.585 [JavaFX Application Thread] DEBUG GameApplicationServi - Removing overlay from LoadingInterface and adding to GameScene
09:51:42.585 [JavaFX Application Thread] DEBUG PrimaryStageWindow   - LoadingInterface -> GameScene
09:51:43.120 [JavaFX Application Thread] DEBUG FXGLAssetLoaderServi - Loading from file system: file:/C:/Users/ryles/Downloads/ComProg_Project/target/classes/assets/textures/enemy_sprite.png
09:51:43.129 [JavaFX Application Thread] DEBUG FXGLAssetLoaderServi - Loading from file system: file:/C:/Users/ryles/Downloads/ComProg_Project/target/classes/assets/textures/explosion_sprite.png
09:51:43.353 [FXGL Background Thread 3 ] DEBUG Engine               - Logging environment variables
09:51:43.355 [FXGL Background Thread 3 ] DEBUG Engine               - achievements: []
09:51:43.355 [FXGL Background Thread 3 ] DEBUG Engine               - actualHeight: 671.0
09:51:43.355 [FXGL Background Thread 3 ] DEBUG Engine               - actualHeightProperty: ReadOnlyDoubleProperty [value: 671.0]
09:51:43.356 [FXGL Background Thread 3 ] DEBUG Engine               - actualWidth: 1169.0
09:51:43.356 [FXGL Background Thread 3 ] DEBUG Engine               - actualWidthProperty: ReadOnlyDoubleProperty [value: 1169.0]
09:51:43.356 [FXGL Background Thread 3 ] DEBUG Engine               - appIcon: fxgl_icon.png
09:51:43.356 [FXGL Background Thread 3 ] DEBUG Engine               - applicationMode: DEVELOPER
09:51:43.356 [FXGL Background Thread 3 ] DEBUG Engine               - cSSList: [fxgl_dark.css]
09:51:43.356 [FXGL Background Thread 3 ] DEBUG Engine               - collisionDetectionStrategy: BRUTE_FORCE
09:51:43.356 [FXGL Background Thread 3 ] DEBUG Engine               - configClass: Optional.empty
09:51:43.356 [FXGL Background Thread 3 ] DEBUG Engine               - credits: []
09:51:43.357 [FXGL Background Thread 3 ] DEBUG Engine               - defaultCursor: CursorInfo(imageName=fxgl_default_cursor.png, hotspotX=7.0, hotspotY=6.0)
09:51:43.358 [FXGL Background Thread 3 ] DEBUG Engine               - devBBoxColorProperty: ObjectProperty [value: 0xff0000ff]
09:51:43.358 [FXGL Background Thread 3 ] DEBUG Engine               - devEnableDebugCameraProperty: BooleanProperty [value: false]
09:51:43.358 [FXGL Background Thread 3 ] DEBUG Engine               - devSensorColorProperty: ObjectProperty [value: 0xffff00ff]
09:51:43.358 [FXGL Background Thread 3 ] DEBUG Engine               - devShowBBoxProperty: BooleanProperty [value: false]
09:51:43.359 [FXGL Background Thread 3 ] DEBUG Engine               - devShowPositionProperty: BooleanProperty [value: false]
09:51:43.359 [FXGL Background Thread 3 ] DEBUG Engine               - enabledMenuItems: []
09:51:43.359 [FXGL Background Thread 3 ] DEBUG Engine               - engineServices: [class com.almasb.fxgl.app.services.FXGLAssetLoaderService, class com.almasb.fxgl.app.FXGLApplication$GameApplicationService, class com.almasb.fxgl.app.services.FXGLDialogService, class com.almasb.fxgl.app.services.IOTaskExecutorService, class com.almasb.fxgl.io.FileSystemService, class com.almasb.fxgl.localization.LocalizationService, class com.almasb.fxgl.app.services.SystemBundleService, class com.almasb.fxgl.profile.SaveLoadService, class com.almasb.fxgl.ui.FXGLUIFactoryServiceProvider, class com.almasb.fxgl.ui.FXGLDialogFactoryServiceProvider, class com.almasb.fxgl.audio.AudioPlayer, class com.almasb.fxgl.notification.impl.NotificationServiceProvider, class com.almasb.fxgl.achievement.AchievementService, class com.almasb.fxgl.cutscene.CutsceneService, class com.almasb.fxgl.minigames.MiniGameService, class com.almasb.fxgl.net.NetService, class com.almasb.fxgl.app.services.UpdaterService, class com.almasb.fxgl.dev.DevService]
09:51:43.359 [FXGL Background Thread 3 ] DEBUG Engine               - fontGame: Abel-Regular.ttf
09:51:43.359 [FXGL Background Thread 3 ] DEBUG Engine               - fontMono: TerminalLandMono-Regular.otf
09:51:43.360 [FXGL Background Thread 3 ] DEBUG Engine               - fontSizeScaleUI: 1.0
09:51:43.360 [FXGL Background Thread 3 ] DEBUG Engine               - fontText: Courier-Prime.ttf
09:51:43.360 [FXGL Background Thread 3 ] DEBUG Engine               - fontUI: VarelaRound-Regular.ttf
09:51:43.360 [FXGL Background Thread 3 ] DEBUG Engine               - fpsRefreshRate: 500.0 ms
09:51:43.361 [FXGL Background Thread 3 ] DEBUG Engine               - fullScreen: BooleanProperty [value: false]
09:51:43.361 [FXGL Background Thread 3 ] DEBUG Engine               - gameDifficulty: MEDIUM
09:51:43.361 [FXGL Background Thread 3 ] DEBUG Engine               - gameDifficultyProperty: ObjectProperty [value: MEDIUM]
09:51:43.361 [FXGL Background Thread 3 ] DEBUG Engine               - globalMusicVolume: 0.5
09:51:43.361 [FXGL Background Thread 3 ] DEBUG Engine               - globalMusicVolumeProperty: DoubleProperty [value: 0.5]
09:51:43.361 [FXGL Background Thread 3 ] DEBUG Engine               - globalSoundVolume: 0.5
09:51:43.361 [FXGL Background Thread 3 ] DEBUG Engine               - globalSoundVolumeProperty: DoubleProperty [value: 0.5]
09:51:43.361 [FXGL Background Thread 3 ] DEBUG Engine               - height: 720
09:51:43.362 [FXGL Background Thread 3 ] DEBUG Engine               - is3D: false
09:51:43.362 [FXGL Background Thread 3 ] DEBUG Engine               - isAndroid: false
09:51:43.362 [FXGL Background Thread 3 ] DEBUG Engine               - isBrowser: false
09:51:43.362 [FXGL Background Thread 3 ] DEBUG Engine               - isClickFeedbackEnabled: false
09:51:43.362 [FXGL Background Thread 3 ] DEBUG Engine               - isCloseConfirmation: false
09:51:43.362 [FXGL Background Thread 3 ] DEBUG Engine               - isDesktop: true
09:51:43.362 [FXGL Background Thread 3 ] DEBUG Engine               - isDeveloperMenuEnabled: false
09:51:43.362 [FXGL Background Thread 3 ] DEBUG Engine               - isEmbedded: false
09:51:43.362 [FXGL Background Thread 3 ] DEBUG Engine               - isEntityPreloadEnabled: true
09:51:43.362 [FXGL Background Thread 3 ] DEBUG Engine               - isExperimentalTiledLargeMap: false
09:51:43.362 [FXGL Background Thread 3 ] DEBUG Engine               - isFileSystemWriteAllowed: true
09:51:43.362 [FXGL Background Thread 3 ] DEBUG Engine               - isFullScreenAllowed: false
09:51:43.362 [FXGL Background Thread 3 ] DEBUG Engine               - isFullScreenFromStart: false
09:51:43.362 [FXGL Background Thread 3 ] DEBUG Engine               - isGameMenuEnabled: true
09:51:43.363 [FXGL Background Thread 3 ] DEBUG Engine               - isIOS: false
09:51:43.363 [FXGL Background Thread 3 ] DEBUG Engine               - isIntroEnabled: false
09:51:43.363 [FXGL Background Thread 3 ] DEBUG Engine               - isLinux: false
09:51:43.363 [FXGL Background Thread 3 ] DEBUG Engine               - isMac: false
09:51:43.363 [FXGL Background Thread 3 ] DEBUG Engine               - isMainMenuEnabled: true
09:51:43.363 [FXGL Background Thread 3 ] DEBUG Engine               - isManualResizeEnabled: false
09:51:43.363 [FXGL Background Thread 3 ] DEBUG Engine               - isMobile: false
09:51:43.363 [FXGL Background Thread 3 ] DEBUG Engine               - isNative: false
09:51:43.363 [FXGL Background Thread 3 ] DEBUG Engine               - isPauseMusicWhenMinimized: true
09:51:43.363 [FXGL Background Thread 3 ] DEBUG Engine               - isPreserveResizeRatio: false
09:51:43.363 [FXGL Background Thread 3 ] DEBUG Engine               - isProfilingEnabled: false
09:51:43.364 [FXGL Background Thread 3 ] DEBUG Engine               - isScaleAffectedOnResize: true
09:51:43.364 [FXGL Background Thread 3 ] DEBUG Engine               - isSingleStep: false
09:51:43.364 [FXGL Background Thread 3 ] DEBUG Engine               - isUserProfileEnabled: false
09:51:43.364 [FXGL Background Thread 3 ] DEBUG Engine               - isWindows: true
09:51:43.364 [FXGL Background Thread 3 ] DEBUG Engine               - language: ObjectProperty [value: ENGLISH]
09:51:43.364 [FXGL Background Thread 3 ] DEBUG Engine               - menuKey: ESCAPE
09:51:43.364 [FXGL Background Thread 3 ] DEBUG Engine               - mouseSensitivity: 0.2
09:51:43.364 [FXGL Background Thread 3 ] DEBUG Engine               - notificationViewClass: class com.almasb.fxgl.notification.view.XboxNotificationView
09:51:43.364 [FXGL Background Thread 3 ] DEBUG Engine               - pixelsPerMeter: 50.0
09:51:43.364 [FXGL Background Thread 3 ] DEBUG Engine               - platform: WINDOWS
09:51:43.365 [FXGL Background Thread 3 ] DEBUG Engine               - prefHeightProperty: ReadOnlyDoubleProperty [value: 720.0]
09:51:43.365 [FXGL Background Thread 3 ] DEBUG Engine               - prefWidthProperty: ReadOnlyDoubleProperty [value: 1280.0]
09:51:43.365 [FXGL Background Thread 3 ] DEBUG Engine               - profileDir: profiles/
09:51:43.365 [FXGL Background Thread 3 ] DEBUG Engine               - profileName: StringProperty [value: DEFAULT]
09:51:43.365 [FXGL Background Thread 3 ] DEBUG Engine               - randomSeed: -1
09:51:43.365 [FXGL Background Thread 3 ] DEBUG Engine               - runtimeInfo: RuntimeInfo(platform=WINDOWS, version=25, build=05.02.2026 22.57)
09:51:43.365 [FXGL Background Thread 3 ] DEBUG Engine               - saveFileExt: sav
09:51:43.365 [FXGL Background Thread 3 ] DEBUG Engine               - scaledHeightProp$fxgl: DoubleProperty [bound, value: 671.0]
09:51:43.366 [FXGL Background Thread 3 ] DEBUG Engine               - scaledWidthProp$fxgl: DoubleProperty [bound, value: 1169.0]
09:51:43.366 [FXGL Background Thread 3 ] DEBUG Engine               - sceneFactory: org.group1.GamePackage.Factory.MainSceneFactory@331d4913
09:51:43.366 [FXGL Background Thread 3 ] DEBUG Engine               - secondsIn24h: 60
09:51:43.366 [FXGL Background Thread 3 ] DEBUG Engine               - soundMenuBack: menu/back.wav
09:51:43.366 [FXGL Background Thread 3 ] DEBUG Engine               - soundMenuPress: menu/press.wav
09:51:43.366 [FXGL Background Thread 3 ] DEBUG Engine               - soundMenuSelect: menu/select.wav
09:51:43.366 [FXGL Background Thread 3 ] DEBUG Engine               - soundNotification: core/notification.wav
09:51:43.366 [FXGL Background Thread 3 ] DEBUG Engine               - stageStyle: DECORATED
09:51:43.366 [FXGL Background Thread 3 ] DEBUG Engine               - supportedLanguages: [ENGLISH, FRENCH, GERMAN, HUNGARIAN, RUSSIAN]
09:51:43.367 [FXGL Background Thread 3 ] DEBUG Engine               - ticksPerSecond: -1
09:51:43.367 [FXGL Background Thread 3 ] DEBUG Engine               - title: Untitled
09:51:43.367 [FXGL Background Thread 3 ] DEBUG Engine               - urlGithub: https://github.com/AlmasB/FXGL
09:51:43.367 [FXGL Background Thread 3 ] DEBUG Engine               - urlLeaderboard: http://fxgl-top.herokuapp.com/
09:51:43.368 [FXGL Background Thread 3 ] DEBUG Engine               - urlPOM: https://raw.githubusercontent.com/AlmasB/FXGL/release/README.md
09:51:43.368 [FXGL Background Thread 3 ] DEBUG Engine               - userAppClass: class org.group1.GamePackage.Application
09:51:43.368 [FXGL Background Thread 3 ] DEBUG Engine               - version: 0.0
09:51:43.368 [FXGL Background Thread 3 ] DEBUG Engine               - versionCheckDays: 7
09:51:43.368 [FXGL Background Thread 3 ] DEBUG Engine               - width: 1280
09:51:43.368 [FXGL Background Thread 3 ] DEBUG Engine               - Logging services
09:51:43.368 [FXGL Background Thread 3 ] DEBUG Engine               - class com.almasb.fxgl.app.services.FXGLAssetLoaderService
09:51:43.368 [FXGL Background Thread 3 ] DEBUG Engine               - class com.almasb.fxgl.app.FXGLApplication$GameApplicationService
09:51:43.368 [FXGL Background Thread 3 ] DEBUG Engine               - class com.almasb.fxgl.app.services.FXGLDialogService
09:51:43.368 [FXGL Background Thread 3 ] DEBUG Engine               - class com.almasb.fxgl.app.services.IOTaskExecutorService
09:51:43.368 [FXGL Background Thread 3 ] DEBUG Engine               - class com.almasb.fxgl.io.FileSystemService
09:51:43.368 [FXGL Background Thread 3 ] DEBUG Engine               - class com.almasb.fxgl.localization.LocalizationService
09:51:43.368 [FXGL Background Thread 3 ] DEBUG Engine               - class com.almasb.fxgl.app.services.SystemBundleService
09:51:43.368 [FXGL Background Thread 3 ] DEBUG Engine               - class com.almasb.fxgl.profile.SaveLoadService
09:51:43.368 [FXGL Background Thread 3 ] DEBUG Engine               - class com.almasb.fxgl.ui.FXGLUIFactoryServiceProvider
09:51:43.368 [FXGL Background Thread 3 ] DEBUG Engine               - class com.almasb.fxgl.ui.FXGLDialogFactoryServiceProvider
09:51:43.369 [FXGL Background Thread 3 ] DEBUG Engine               - class com.almasb.fxgl.audio.AudioPlayer
09:51:43.369 [FXGL Background Thread 3 ] DEBUG Engine               - class com.almasb.fxgl.notification.impl.NotificationServiceProvider
09:51:43.369 [FXGL Background Thread 3 ] DEBUG Engine               - class com.almasb.fxgl.achievement.AchievementService
09:51:43.369 [FXGL Background Thread 3 ] DEBUG Engine               - class com.almasb.fxgl.cutscene.CutsceneService
09:51:43.369 [FXGL Background Thread 3 ] DEBUG Engine               - class com.almasb.fxgl.minigames.MiniGameService
09:51:43.369 [FXGL Background Thread 3 ] DEBUG Engine               - class com.almasb.fxgl.net.NetService
09:51:43.370 [FXGL Background Thread 3 ] DEBUG Engine               - class com.almasb.fxgl.app.services.UpdaterService
09:51:43.370 [FXGL Background Thread 3 ] DEBUG Engine               - class com.almasb.fxgl.dev.DevService
09:51:44.144 [JavaFX Application Thread] DEBUG FXGLAssetLoaderServi - Loading from file system: file:/C:/Users/ryles/Downloads/ComProg_Project/target/classes/assets/textures/bullet_sprite.png
09:51:44.941 [JavaFX Application Thread] DEBUG FXGLAssetLoaderServi - Loading from file system: file:/C:/Users/ryles/Downloads/ComProg_Project/target/classes/assets/sounds/death_sound.wav
09:51:49.521 [JavaFX Application Thread] DEBUG FXGLAssetLoaderServi - Loading from file system: file:/C:/Users/ryles/Downloads/ComProg_Project/target/classes/assets/textures/heart_sprite.png
09:51:49.555 [JavaFX Application Thread] DEBUG FXGLAssetLoaderServi - Loading from file system: file:/C:/Users/ryles/Downloads/ComProg_Project/target/classes/assets/textures/heart_explode_sprite.png
09:51:50.386 [JavaFX Application Thread] DEBUG FXGLAssetLoaderServi - Loading from file system: file:/C:/Users/ryles/Downloads/ComProg_Project/target/classes/assets/sounds/heart_gain.wav
09:51:58.765 [JavaFX Application Thread] DEBUG FXGLAssetLoaderServi - Loading from file system: file:/C:/Users/ryles/Downloads/ComProg_Project/target/classes/assets/sounds/fah.wav
09:53:15.020 [JavaFX Application Thread] DEBUG FXGLAssetLoaderServi - Loading from file system: file:/C:/Users/ryles/Downloads/ComProg_Project/target/classes/assets/textures/boss_placeholder.png
09:53:16.253 [JavaFX Application Thread] DEBUG FXGLAssetLoaderServi - Loading from file system: file:/C:/Users/ryles/Downloads/ComProg_Project/target/classes/assets/textures/ice_bullet_sprite.png
09:53:32.571 [JavaFX Application Thread] DEBUG FXGLAssetLoaderServi - Loading from file system: file:/C:/Users/ryles/Downloads/ComProg_Project/target/classes/assets/textures/fire_bullet_sprite.png
09:53:44.177 [JavaFX Application Thread] DEBUG FXGLAssetLoaderServi - Loading from file system: file:/C:/Users/ryles/Downloads/ComProg_Project/target/classes/assets/textures/death_sprite.png
09:53:44.383 [JavaFX Application Thread] DEBUG FXGLApplication      - Exiting FXGL
09:53:44.383 [JavaFX Application Thread] DEBUG LoopRunner           - Stopping loop
09:53:44.385 [JavaFX Application Thread] DEBUG SystemBundleService  - Saving FXGL system data
09:53:44.387 [JavaFX Application Thread] DEBUG FileSystemAccess     - Writing to: C:\Users\ryles\Downloads\ComProg_Project\system\fxgl.bundle
09:53:44.390 [JavaFX Application Thread] DEBUG Async                - Shutting down background threads
09:53:44.390 [JavaFX Application Thread] DEBUG PrimaryStageWindow   - Closing main window
09:53:44.444 [JavaFX Application Thread] DEBUG Logger               - Closing Logger
