13:26:56.352 [main                     ] DEBUG Logger               - Configured Logger
13:26:56.358 [main                     ] DEBUG GameApplication      - Logging settings
Title: Untitled
Version: 0.0
Width: 1280
Height: 720
Fullscreen: false
Intro: false
Profiling: false
Single step:false
App Mode: DEVELOPER
Menu Key: ESCAPE
Stage Style: DECORATED
Scene Factory: class com.almasb.fxgl.app.scene.SceneFactory

13:26:56.568 [JavaFX Application Thread] DEBUG FXGLApplication      - Initializing FXGL
13:26:56.572 [JavaFX Application Thread] INFO  Engine               - FXGL-25 (05.02.2026 22.57) on LINUX (J:25.0.2 FX:21.0.6)
13:26:56.572 [JavaFX Application Thread] DEBUG Engine               - JRE Vendor Name: Arch Linux
13:26:56.573 [JavaFX Application Thread] DEBUG Engine               - Running on OS: Linux version 6.19.9-arch1-1
13:26:56.573 [JavaFX Application Thread] DEBUG Engine               - Architecture: amd64
13:26:56.573 [JavaFX Application Thread] INFO  Engine               - Source code and latest versions at: https://github.com/AlmasB/FXGL
13:26:56.573 [JavaFX Application Thread] INFO  Engine               -       Ask questions and discuss at: https://github.com/AlmasB/FXGL/discussions
13:26:56.640 [JavaFX Application Thread] DEBUG PrimaryStageWindow   - Creating a JavaFX scene
13:26:56.714 [JavaFX Application Thread] DEBUG PrimaryStageWindow   - Target settings size: 1280.0 x 720.0
13:26:56.714 [JavaFX Application Thread] DEBUG PrimaryStageWindow   - Scaled scene size:    1280.0 x 720.0
13:26:56.714 [JavaFX Application Thread] DEBUG PrimaryStageWindow   - Scaled ratio: (1.0, 1.0)
13:26:56.715 [JavaFX Application Thread] DEBUG PrimaryStageWindow   - Set initial scene to FXGLStartupScene
13:26:56.718 [JavaFX Application Thread] DEBUG PrimaryStageWindow   - Opening main window
13:26:56.783 [JavaFX Application Thread] DEBUG PrimaryStageWindow   - Window border size: (0.0, 35.0)
13:26:56.783 [JavaFX Application Thread] DEBUG PrimaryStageWindow   - Scaled size: 1280.0 x 685.0
13:26:56.783 [JavaFX Application Thread] DEBUG PrimaryStageWindow   - Scaled ratio: (1.0, 0.9513888888888888)
13:26:56.783 [JavaFX Application Thread] DEBUG PrimaryStageWindow   - Scene size: 1280.0 x 720.0
13:26:56.783 [JavaFX Application Thread] DEBUG PrimaryStageWindow   - Stage size: 1280.0 x 720.0
13:26:56.788 [FXGL Background Thread 1 ] DEBUG Engine               - Initializing environment variables
13:26:56.853 [FXGL Background Thread 1 ] DEBUG FXGLAssetLoaderServi - User app class for loading assets: class org.group1.GamePackage.Application
13:26:56.853 [FXGL Background Thread 1 ] DEBUG GameApplicationServi - Applying CSS: fxgl_dark.css
13:26:56.854 [FXGL Background Thread 1 ] DEBUG FXGLAssetLoaderServi - Loading from file system: jar:file:///home/me/.m2/repository/com/github/almasb/fxgl/25/fxgl-25.jar!/fxglassets/ui/css/fxgl_dark.css
13:26:56.895 [FXGL Background Thread 1 ] DEBUG GameApplicationServi - Initializing application scenes
13:26:56.924 [FXGL Background Thread 1 ] DEBUG GameWorld            - Game world initialized
13:26:56.965 [FXGL Background Thread 1 ] DEBUG PhysicsWorld         - Physics world initialized: appHeight=720, physics.ppm=50.0
13:26:56.965 [FXGL Background Thread 1 ] DEBUG PhysicsWorld         - Using strategy: BRUTE_FORCE
13:26:56.970 [FXGL Background Thread 1 ] DEBUG GameScene            - Game scene initialized: 1280x720
13:26:56.983 [FXGL Background Thread 1 ] DEBUG FXGL.DefaultMenu     - createMenuBodyGameMenu()
13:26:56.996 [FXGL Background Thread 1 ] DEBUG FXGL.DefaultMenu     - createOptionsMenu()
13:26:57.004 [FXGL Background Thread 1 ] DEBUG FXGLAssetLoaderServi - Loading from file system: jar:file:///home/me/.m2/repository/com/github/almasb/fxgl/25/fxgl-25.jar!/fxglassets/textures/particles/smoke.png
13:26:57.079 [FXGL Background Thread 1 ] DEBUG FXGLAssetLoaderServi - Loading from file system: jar:file:///home/me/.m2/repository/com/github/almasb/fxgl/25/fxgl-25.jar!/fxglassets/textures/particles/trace_horizontal.png
13:26:57.105 [FXGL Background Thread 1 ] DEBUG GameApplicationServi - Application scenes initialized
13:26:57.116 [FXGL Background Thread 1 ] DEBUG SystemBundleService  - Loading FXGL system data
13:26:57.120 [FXGL Background Thread 1 ] DEBUG FileSystemAccess     - Reading from: /home/me/ComProg_Project/system/fxgl.bundle
13:26:57.126 [FXGL Background Thread 1 ] DEBUG SystemBundleService  - Bundle FXGL: {}
13:26:57.126 [FXGL Background Thread 1 ] DEBUG UpdaterService       - Checking for updates
13:26:57.132 [FXGL Background Thread 4 ] DEBUG FXGLApplication      - Loading fonts
13:26:57.133 [FXGL Background Thread 4 ] DEBUG FXGLAssetLoaderServi - Loading from file system: jar:file:///home/me/.m2/repository/com/github/almasb/fxgl/25/fxgl-25.jar!/fxglassets/ui/fonts/VarelaRound-Regular.ttf
13:26:57.134 [FXGL Background Thread 1 ] DEBUG FXGLApplication      - Loading default localization
13:26:57.135 [FXGL Background Thread 1 ] DEBUG FXGLAssetLoaderServi - Loading from file system: jar:file:///home/me/.m2/repository/com/github/almasb/fxgl/25/fxgl-25.jar!/fxglassets/languages/english.lang
13:26:57.146 [FXGL Background Thread 4 ] DEBUG FXGLAssetLoaderServi - Loading from file system: jar:file:///home/me/.m2/repository/com/github/almasb/fxgl/25/fxgl-25.jar!/fxglassets/ui/fonts/Abel-Regular.ttf
13:26:57.149 [FXGL Background Thread 1 ] INFO  FXGLApplication      - FXGL initialization took: 0.360 sec
13:26:57.151 [FXGL Background Thread 4 ] DEBUG FXGLAssetLoaderServi - Loading from file system: jar:file:///home/me/.m2/repository/com/github/almasb/fxgl/25/fxgl-25.jar!/fxglassets/ui/fonts/TerminalLandMono-Regular.otf
13:26:57.154 [FXGL Background Thread 4 ] DEBUG FXGLAssetLoaderServi - Loading from file system: jar:file:///home/me/.m2/repository/com/github/almasb/fxgl/25/fxgl-25.jar!/fxglassets/ui/fonts/Courier-Prime.ttf
13:26:57.161 [JavaFX Application Thread] DEBUG Input                - Registered new binding: Shoot - Space
13:26:57.161 [JavaFX Application Thread] DEBUG Input                - Registered new binding: Move up - W
13:26:57.162 [JavaFX Application Thread] DEBUG Input                - Registered new binding: Move down - S
13:26:57.162 [JavaFX Application Thread] DEBUG Input                - Registered new binding: Move left - A
13:26:57.162 [JavaFX Application Thread] DEBUG Input                - Registered new binding: Move right - D
13:26:57.162 [JavaFX Application Thread] DEBUG FXGLAssetLoaderServi - Loading from file system: jar:file:///home/me/.m2/repository/com/github/almasb/fxgl/25/fxgl-25.jar!/fxglassets/textures/fxgl_icon.png
13:26:57.194 [JavaFX Application Thread] DEBUG FXGLAssetLoaderServi - Loading from file system: jar:file:///home/me/.m2/repository/com/github/almasb/fxgl/25/fxgl-25.jar!/fxglassets/textures/fxgl_default_cursor.png
13:26:57.198 [JavaFX Application Thread] DEBUG Input                - Registered new binding: Screenshot - CTRL+8
13:26:57.199 [JavaFX Application Thread] DEBUG Input                - Registered new binding: System info dump - CTRL+9
13:26:57.199 [JavaFX Application Thread] DEBUG Input                - Registered new binding: Restart - CTRL+R
13:26:57.200 [JavaFX Application Thread] DEBUG Input                - Registered new binding: Toggle Debug Camera - CTRL+7
13:26:57.204 [JavaFX Application Thread] DEBUG LoopRunner           - Starting loop
13:26:57.204 [JavaFX Application Thread] DEBUG LoopRunner           - Initializing JavaFX AnimationTimerLoop
13:26:57.205 [JavaFX Application Thread] DEBUG GameApplicationServi - Starting new game
13:26:57.208 [JavaFX Application Thread] DEBUG Input                - Clearing active input actions
13:26:57.225 [JavaFX Application Thread] DEBUG GameApplicationServi - Removing overlay from FXGLStartupScene and adding to FXGLLoadingScene
13:26:57.226 [JavaFX Application Thread] DEBUG PrimaryStageWindow   - FXGLStartupScene -> FXGLLoadingScene
13:26:57.226 [JavaFX Application Thread] DEBUG GameApplicationServi - Clearing previous game
13:26:57.226 [JavaFX Application Thread] DEBUG GameScene            - Clearing game scene
13:26:57.226 [JavaFX Application Thread] DEBUG GameWorld            - Clearing game world
13:26:57.226 [JavaFX Application Thread] DEBUG PhysicsWorld         - Clearing physics world
13:26:57.228 [JavaFX Application Thread] DEBUG FXGLApplication      - Registering font factories with UI factory
13:26:57.229 [FXGL Background Thread 4 ] DEBUG FXGLApplication      - Initializing game
13:26:57.241 [FXGL Background Thread 4 ] DEBUG FXGLAssetLoaderServi - Loading from file system: file:/home/me/ComProg_Project/target/classes/assets/textures/background.png
13:26:57.388 [FXGL Background Thread 4 ] DEBUG FXGLAssetLoaderServi - Loading from file system: file:/home/me/ComProg_Project/target/classes/assets/textures/background_stars1.png
13:26:57.598 [FXGL Background Thread 4 ] DEBUG FXGLAssetLoaderServi - Loading from file system: file:/home/me/ComProg_Project/target/classes/assets/textures/background_stars2.png
13:26:57.652 [FXGL Background Thread 4 ] DEBUG FXGLAssetLoaderServi - Loading from file system: file:/home/me/ComProg_Project/target/classes/assets/textures/background_stars3.png
13:26:57.700 [FXGL Background Thread 4 ] DEBUG FXGLAssetLoaderServi - Loading from file system: file:/home/me/ComProg_Project/target/classes/assets/textures/background_cloud1.png
13:26:57.712 [FXGL Background Thread 4 ] DEBUG FXGLAssetLoaderServi - Loading from file system: file:/home/me/ComProg_Project/target/classes/assets/textures/background_cloud2.png
13:26:57.730 [FXGL Background Thread 4 ] DEBUG FXGLAssetLoaderServi - Loading from file system: file:/home/me/ComProg_Project/target/classes/assets/textures/background_mist1.png
13:26:57.745 [FXGL Background Thread 4 ] DEBUG FXGLAssetLoaderServi - Loading from file system: file:/home/me/ComProg_Project/target/classes/assets/textures/background_hills.png
13:26:57.772 [FXGL Background Thread 4 ] DEBUG FXGLAssetLoaderServi - Loading from file system: file:/home/me/ComProg_Project/target/classes/assets/textures/background_forest.png
13:26:57.788 [FXGL Background Thread 4 ] DEBUG FXGLAssetLoaderServi - Loading from file system: file:/home/me/ComProg_Project/target/classes/assets/textures/background_large_forest.png
13:26:57.805 [FXGL Background Thread 4 ] DEBUG FXGLAssetLoaderServi - Loading from file system: file:/home/me/ComProg_Project/target/classes/assets/textures/background_tower.png
13:26:57.810 [FXGL Background Thread 4 ] DEBUG FXGLAssetLoaderServi - Loading from file system: file:/home/me/ComProg_Project/target/classes/assets/textures/background_large_tower.png
13:26:57.823 [FXGL Background Thread 4 ] DEBUG FXGLAssetLoaderServi - Loading from file system: file:/home/me/ComProg_Project/target/classes/assets/textures/idle_sprite.png
13:26:57.829 [FXGL Background Thread 4 ] DEBUG FXGLAssetLoaderServi - Loading from file system: file:/home/me/ComProg_Project/target/classes/assets/textures/down_sprite.png
13:26:57.832 [FXGL Background Thread 4 ] DEBUG FXGLAssetLoaderServi - Loading from file system: file:/home/me/ComProg_Project/target/classes/assets/textures/up_sprite.png
13:26:57.847 [FXGL Background Thread 4 ] INFO  FXGLApplication      - Game initialization took: 0.618 sec
13:26:57.849 [JavaFX Application Thread] DEBUG Input                - Clearing active input actions
13:26:57.863 [JavaFX Application Thread] DEBUG GameApplicationServi - Removing overlay from FXGLLoadingScene and adding to GameScene
13:26:57.863 [JavaFX Application Thread] DEBUG PrimaryStageWindow   - FXGLLoadingScene -> GameScene
13:26:59.388 [JavaFX Application Thread] DEBUG FXGLAssetLoaderServi - Loading from file system: file:/home/me/ComProg_Project/target/classes/assets/textures/bullet_sprite.png
13:27:00.130 [FXGL Background Thread 3 ] DEBUG Engine               - Logging environment variables
13:27:00.132 [FXGL Background Thread 3 ] DEBUG Engine               - achievements: []
13:27:00.132 [FXGL Background Thread 3 ] DEBUG Engine               - actualHeight: 685.0
13:27:00.133 [FXGL Background Thread 3 ] DEBUG Engine               - actualHeightProperty: ReadOnlyDoubleProperty [value: 685.0]
13:27:00.133 [FXGL Background Thread 3 ] DEBUG Engine               - actualWidth: 1280.0
13:27:00.134 [FXGL Background Thread 3 ] DEBUG Engine               - actualWidthProperty: ReadOnlyDoubleProperty [value: 1280.0]
13:27:00.134 [FXGL Background Thread 3 ] DEBUG Engine               - appIcon: fxgl_icon.png
13:27:00.134 [FXGL Background Thread 3 ] DEBUG Engine               - applicationMode: DEVELOPER
13:27:00.135 [FXGL Background Thread 3 ] DEBUG Engine               - cSSList: [fxgl_dark.css]
13:27:00.135 [FXGL Background Thread 3 ] DEBUG Engine               - collisionDetectionStrategy: BRUTE_FORCE
13:27:00.135 [FXGL Background Thread 3 ] DEBUG Engine               - configClass: Optional.empty
13:27:00.135 [FXGL Background Thread 3 ] DEBUG Engine               - credits: []
13:27:00.136 [FXGL Background Thread 3 ] DEBUG Engine               - defaultCursor: CursorInfo(imageName=fxgl_default_cursor.png, hotspotX=7.0, hotspotY=6.0)
13:27:00.137 [FXGL Background Thread 3 ] DEBUG Engine               - devBBoxColorProperty: ObjectProperty [value: 0xff0000ff]
13:27:00.137 [FXGL Background Thread 3 ] DEBUG Engine               - devEnableDebugCameraProperty: BooleanProperty [value: false]
13:27:00.138 [FXGL Background Thread 3 ] DEBUG Engine               - devSensorColorProperty: ObjectProperty [value: 0xffff00ff]
13:27:00.138 [FXGL Background Thread 3 ] DEBUG Engine               - devShowBBoxProperty: BooleanProperty [value: false]
13:27:00.138 [FXGL Background Thread 3 ] DEBUG Engine               - devShowPositionProperty: BooleanProperty [value: false]
13:27:00.139 [FXGL Background Thread 3 ] DEBUG Engine               - enabledMenuItems: []
13:27:00.139 [FXGL Background Thread 3 ] DEBUG Engine               - engineServices: [class com.almasb.fxgl.app.services.FXGLAssetLoaderService, class com.almasb.fxgl.app.FXGLApplication$GameApplicationService, class com.almasb.fxgl.app.services.FXGLDialogService, class com.almasb.fxgl.app.services.IOTaskExecutorService, class com.almasb.fxgl.io.FileSystemService, class com.almasb.fxgl.localization.LocalizationService, class com.almasb.fxgl.app.services.SystemBundleService, class com.almasb.fxgl.profile.SaveLoadService, class com.almasb.fxgl.ui.FXGLUIFactoryServiceProvider, class com.almasb.fxgl.ui.FXGLDialogFactoryServiceProvider, class com.almasb.fxgl.audio.AudioPlayer, class com.almasb.fxgl.notification.impl.NotificationServiceProvider, class com.almasb.fxgl.achievement.AchievementService, class com.almasb.fxgl.cutscene.CutsceneService, class com.almasb.fxgl.minigames.MiniGameService, class com.almasb.fxgl.net.NetService, class com.almasb.fxgl.app.services.UpdaterService, class com.almasb.fxgl.dev.DevService]
13:27:00.139 [FXGL Background Thread 3 ] DEBUG Engine               - fontGame: Abel-Regular.ttf
13:27:00.140 [FXGL Background Thread 3 ] DEBUG Engine               - fontMono: TerminalLandMono-Regular.otf
13:27:00.140 [FXGL Background Thread 3 ] DEBUG Engine               - fontSizeScaleUI: 1.0
13:27:00.140 [FXGL Background Thread 3 ] DEBUG Engine               - fontText: Courier-Prime.ttf
13:27:00.140 [FXGL Background Thread 3 ] DEBUG Engine               - fontUI: VarelaRound-Regular.ttf
13:27:00.141 [FXGL Background Thread 3 ] DEBUG Engine               - fpsRefreshRate: 500.0 ms
13:27:00.141 [FXGL Background Thread 3 ] DEBUG Engine               - fullScreen: BooleanProperty [value: false]
13:27:00.141 [FXGL Background Thread 3 ] DEBUG Engine               - gameDifficulty: MEDIUM
13:27:00.142 [FXGL Background Thread 3 ] DEBUG Engine               - gameDifficultyProperty: ObjectProperty [value: MEDIUM]
13:27:00.142 [FXGL Background Thread 3 ] DEBUG Engine               - globalMusicVolume: 0.5
13:27:00.142 [FXGL Background Thread 3 ] DEBUG Engine               - globalMusicVolumeProperty: DoubleProperty [value: 0.5]
13:27:00.143 [FXGL Background Thread 3 ] DEBUG Engine               - globalSoundVolume: 0.5
13:27:00.143 [FXGL Background Thread 3 ] DEBUG Engine               - globalSoundVolumeProperty: DoubleProperty [value: 0.5]
13:27:00.143 [FXGL Background Thread 3 ] DEBUG Engine               - height: 720
13:27:00.143 [FXGL Background Thread 3 ] DEBUG Engine               - is3D: false
13:27:00.144 [FXGL Background Thread 3 ] DEBUG Engine               - isAndroid: false
13:27:00.144 [FXGL Background Thread 3 ] DEBUG Engine               - isBrowser: false
13:27:00.144 [FXGL Background Thread 3 ] DEBUG Engine               - isClickFeedbackEnabled: false
13:27:00.145 [FXGL Background Thread 3 ] DEBUG Engine               - isCloseConfirmation: false
13:27:00.145 [FXGL Background Thread 3 ] DEBUG Engine               - isDesktop: true
13:27:00.145 [FXGL Background Thread 3 ] DEBUG Engine               - isDeveloperMenuEnabled: false
13:27:00.145 [FXGL Background Thread 3 ] DEBUG Engine               - isEmbedded: false
13:27:00.145 [FXGL Background Thread 3 ] DEBUG Engine               - isEntityPreloadEnabled: true
13:27:00.146 [FXGL Background Thread 3 ] DEBUG Engine               - isExperimentalTiledLargeMap: false
13:27:00.146 [FXGL Background Thread 3 ] DEBUG Engine               - isFileSystemWriteAllowed: true
13:27:00.146 [FXGL Background Thread 3 ] DEBUG Engine               - isFullScreenAllowed: false
13:27:00.146 [FXGL Background Thread 3 ] DEBUG Engine               - isFullScreenFromStart: false
13:27:00.146 [FXGL Background Thread 3 ] DEBUG Engine               - isGameMenuEnabled: true
13:27:00.147 [FXGL Background Thread 3 ] DEBUG Engine               - isIOS: false
13:27:00.147 [FXGL Background Thread 3 ] DEBUG Engine               - isIntroEnabled: false
13:27:00.147 [FXGL Background Thread 3 ] DEBUG Engine               - isLinux: true
13:27:00.147 [FXGL Background Thread 3 ] DEBUG Engine               - isMac: false
13:27:00.147 [FXGL Background Thread 3 ] DEBUG Engine               - isMainMenuEnabled: false
13:27:00.148 [FXGL Background Thread 3 ] DEBUG Engine               - isManualResizeEnabled: false
13:27:00.148 [FXGL Background Thread 3 ] DEBUG Engine               - isMobile: false
13:27:00.148 [FXGL Background Thread 3 ] DEBUG Engine               - isNative: false
13:27:00.148 [FXGL Background Thread 3 ] DEBUG Engine               - isPauseMusicWhenMinimized: true
13:27:00.149 [FXGL Background Thread 3 ] DEBUG Engine               - isPreserveResizeRatio: false
13:27:00.149 [FXGL Background Thread 3 ] DEBUG Engine               - isProfilingEnabled: false
13:27:00.149 [FXGL Background Thread 3 ] DEBUG Engine               - isScaleAffectedOnResize: true
13:27:00.149 [FXGL Background Thread 3 ] DEBUG Engine               - isSingleStep: false
13:27:00.149 [FXGL Background Thread 3 ] DEBUG Engine               - isUserProfileEnabled: false
13:27:00.150 [FXGL Background Thread 3 ] DEBUG Engine               - isWindows: false
13:27:00.150 [FXGL Background Thread 3 ] DEBUG Engine               - language: ObjectProperty [value: ENGLISH]
13:27:00.150 [FXGL Background Thread 3 ] DEBUG Engine               - menuKey: ESCAPE
13:27:00.150 [FXGL Background Thread 3 ] DEBUG Engine               - mouseSensitivity: 0.2
13:27:00.151 [FXGL Background Thread 3 ] DEBUG Engine               - notificationViewClass: class com.almasb.fxgl.notification.view.XboxNotificationView
13:27:00.151 [FXGL Background Thread 3 ] DEBUG Engine               - pixelsPerMeter: 50.0
13:27:00.151 [FXGL Background Thread 3 ] DEBUG Engine               - platform: LINUX
13:27:00.151 [FXGL Background Thread 3 ] DEBUG Engine               - prefHeightProperty: ReadOnlyDoubleProperty [value: 720.0]
13:27:00.152 [FXGL Background Thread 3 ] DEBUG Engine               - prefWidthProperty: ReadOnlyDoubleProperty [value: 1280.0]
13:27:00.152 [FXGL Background Thread 3 ] DEBUG Engine               - profileDir: profiles/
13:27:00.152 [FXGL Background Thread 3 ] DEBUG Engine               - profileName: StringProperty [value: DEFAULT]
13:27:00.153 [FXGL Background Thread 3 ] DEBUG Engine               - randomSeed: -1
13:27:00.154 [FXGL Background Thread 3 ] DEBUG Engine               - runtimeInfo: RuntimeInfo(platform=LINUX, version=25, build=05.02.2026 22.57)
13:27:00.154 [FXGL Background Thread 3 ] DEBUG Engine               - saveFileExt: sav
13:27:00.154 [FXGL Background Thread 3 ] DEBUG Engine               - scaledHeightProp$fxgl: DoubleProperty [bound, value: 685.0]
13:27:00.154 [FXGL Background Thread 3 ] DEBUG Engine               - scaledWidthProp$fxgl: DoubleProperty [bound, value: 1280.0]
13:27:00.155 [FXGL Background Thread 3 ] DEBUG Engine               - sceneFactory: com.almasb.fxgl.app.scene.SceneFactory@11378be
13:27:00.155 [FXGL Background Thread 3 ] DEBUG Engine               - secondsIn24h: 60
13:27:00.155 [FXGL Background Thread 3 ] DEBUG Engine               - soundMenuBack: menu/back.wav
13:27:00.156 [FXGL Background Thread 3 ] DEBUG Engine               - soundMenuPress: menu/press.wav
13:27:00.156 [FXGL Background Thread 3 ] DEBUG Engine               - soundMenuSelect: menu/select.wav
13:27:00.156 [FXGL Background Thread 3 ] DEBUG Engine               - soundNotification: core/notification.wav
13:27:00.156 [FXGL Background Thread 3 ] DEBUG Engine               - stageStyle: DECORATED
13:27:00.157 [FXGL Background Thread 3 ] DEBUG Engine               - supportedLanguages: [ENGLISH, FRENCH, GERMAN, HUNGARIAN, RUSSIAN]
13:27:00.157 [FXGL Background Thread 3 ] DEBUG Engine               - ticksPerSecond: -1
13:27:00.157 [FXGL Background Thread 3 ] DEBUG Engine               - title: Untitled
13:27:00.157 [FXGL Background Thread 3 ] DEBUG Engine               - urlGithub: https://github.com/AlmasB/FXGL
13:27:00.157 [FXGL Background Thread 3 ] DEBUG Engine               - urlLeaderboard: http://fxgl-top.herokuapp.com/
13:27:00.158 [FXGL Background Thread 3 ] DEBUG Engine               - urlPOM: https://raw.githubusercontent.com/AlmasB/FXGL/release/README.md
13:27:00.158 [FXGL Background Thread 3 ] DEBUG Engine               - userAppClass: class org.group1.GamePackage.Application
13:27:00.158 [FXGL Background Thread 3 ] DEBUG Engine               - version: 0.0
13:27:00.158 [FXGL Background Thread 3 ] DEBUG Engine               - versionCheckDays: 7
13:27:00.158 [FXGL Background Thread 3 ] DEBUG Engine               - width: 1280
13:27:00.158 [FXGL Background Thread 3 ] DEBUG Engine               - Logging services
13:27:00.159 [FXGL Background Thread 3 ] DEBUG Engine               - class com.almasb.fxgl.app.services.FXGLAssetLoaderService
13:27:00.159 [FXGL Background Thread 3 ] DEBUG Engine               - class com.almasb.fxgl.app.FXGLApplication$GameApplicationService
13:27:00.159 [FXGL Background Thread 3 ] DEBUG Engine               - class com.almasb.fxgl.app.services.FXGLDialogService
13:27:00.159 [FXGL Background Thread 3 ] DEBUG Engine               - class com.almasb.fxgl.app.services.IOTaskExecutorService
13:27:00.159 [FXGL Background Thread 3 ] DEBUG Engine               - class com.almasb.fxgl.io.FileSystemService
13:27:00.159 [FXGL Background Thread 3 ] DEBUG Engine               - class com.almasb.fxgl.localization.LocalizationService
13:27:00.160 [FXGL Background Thread 3 ] DEBUG Engine               - class com.almasb.fxgl.app.services.SystemBundleService
13:27:00.160 [FXGL Background Thread 3 ] DEBUG Engine               - class com.almasb.fxgl.profile.SaveLoadService
13:27:00.160 [FXGL Background Thread 3 ] DEBUG Engine               - class com.almasb.fxgl.ui.FXGLUIFactoryServiceProvider
13:27:00.160 [FXGL Background Thread 3 ] DEBUG Engine               - class com.almasb.fxgl.ui.FXGLDialogFactoryServiceProvider
13:27:00.160 [FXGL Background Thread 3 ] DEBUG Engine               - class com.almasb.fxgl.audio.AudioPlayer
13:27:00.160 [FXGL Background Thread 3 ] DEBUG Engine               - class com.almasb.fxgl.notification.impl.NotificationServiceProvider
13:27:00.161 [FXGL Background Thread 3 ] DEBUG Engine               - class com.almasb.fxgl.achievement.AchievementService
13:27:00.161 [FXGL Background Thread 3 ] DEBUG Engine               - class com.almasb.fxgl.cutscene.CutsceneService
13:27:00.161 [FXGL Background Thread 3 ] DEBUG Engine               - class com.almasb.fxgl.minigames.MiniGameService
13:27:00.161 [FXGL Background Thread 3 ] DEBUG Engine               - class com.almasb.fxgl.net.NetService
13:27:00.161 [FXGL Background Thread 3 ] DEBUG Engine               - class com.almasb.fxgl.app.services.UpdaterService
13:27:00.161 [FXGL Background Thread 3 ] DEBUG Engine               - class com.almasb.fxgl.dev.DevService
13:27:00.858 [JavaFX Application Thread] DEBUG FXGLAssetLoaderServi - Loading from file system: file:/home/me/ComProg_Project/target/classes/assets/textures/enemy_sprite.png
13:27:00.871 [JavaFX Application Thread] DEBUG FXGLAssetLoaderServi - Loading from file system: file:/home/me/ComProg_Project/target/classes/assets/textures/explosion_sprite.png
13:27:12.646 [JavaFX Application Thread] DEBUG FXGLApplication      - Exiting FXGL
13:27:12.647 [JavaFX Application Thread] DEBUG LoopRunner           - Stopping loop
13:27:12.647 [JavaFX Application Thread] DEBUG SystemBundleService  - Saving FXGL system data
13:27:12.651 [JavaFX Application Thread] DEBUG FileSystemAccess     - Writing to: /home/me/ComProg_Project/system/fxgl.bundle
13:27:12.656 [JavaFX Application Thread] DEBUG Async                - Shutting down background threads
13:27:12.657 [JavaFX Application Thread] DEBUG PrimaryStageWindow   - Closing main window
13:27:12.683 [JavaFX Application Thread] DEBUG Logger               - Closing Logger
