23:54:13.592 [main                     ] DEBUG Logger               - Configured Logger
23:54:13.612 [main                     ] DEBUG GameApplication      - Logging settings
Title: Untitled
Version: 0.0
Width: 1280
Height: 720
Fullscreen: false
Intro: false
Profiling: false
Single step:false
App Mode: DEVELOPER
Menu Key: ESCAPE
Stage Style: DECORATED
Scene Factory: class org.group1.GamePackage.Factory.MainSceneFactory

23:54:14.191 [JavaFX Application Thread] DEBUG FXGLApplication      - Initializing FXGL
23:54:14.199 [JavaFX Application Thread] INFO  Engine               - FXGL-25 (05.02.2026 22.57) on WINDOWS (J:25.0.1 FX:21.0.6)
23:54:14.200 [JavaFX Application Thread] DEBUG Engine               - JRE Vendor Name: Oracle Corporation
23:54:14.200 [JavaFX Application Thread] DEBUG Engine               - Running on OS: Windows 11 version 10.0
23:54:14.200 [JavaFX Application Thread] DEBUG Engine               - Architecture: amd64
23:54:14.201 [JavaFX Application Thread] INFO  Engine               - Source code and latest versions at: https://github.com/AlmasB/FXGL
23:54:14.201 [JavaFX Application Thread] INFO  Engine               -       Ask questions and discuss at: https://github.com/AlmasB/FXGL/discussions
23:54:14.394 [JavaFX Application Thread] DEBUG PrimaryStageWindow   - Creating a JavaFX scene
23:54:14.496 [JavaFX Application Thread] DEBUG PrimaryStageWindow   - Target settings size: 1280.0 x 720.0
23:54:14.497 [JavaFX Application Thread] DEBUG PrimaryStageWindow   - Scaled scene size:    1280.0 x 720.0
23:54:14.497 [JavaFX Application Thread] DEBUG PrimaryStageWindow   - Scaled ratio: (1.0, 1.0)
23:54:14.500 [JavaFX Application Thread] DEBUG PrimaryStageWindow   - Set initial scene to FXGLStartupScene
23:54:14.511 [JavaFX Application Thread] DEBUG PrimaryStageWindow   - Opening main window
23:54:14.716 [JavaFX Application Thread] DEBUG PrimaryStageWindow   - Window border size: (14.6666259765625, 37.33331298828125)
23:54:14.717 [JavaFX Application Thread] DEBUG PrimaryStageWindow   - Scaled size: 1280.0 x 720.0
23:54:14.717 [JavaFX Application Thread] DEBUG PrimaryStageWindow   - Scaled ratio: (1.0, 1.0)
23:54:14.718 [JavaFX Application Thread] DEBUG PrimaryStageWindow   - Scene size: 1280.0 x 720.0
23:54:14.719 [JavaFX Application Thread] DEBUG PrimaryStageWindow   - Stage size: 1294.6666259765625 x 757.3333129882812
23:54:14.748 [FXGL Background Thread 1 ] DEBUG Engine               - Initializing environment variables
23:54:14.941 [FXGL Background Thread 1 ] DEBUG FXGLAssetLoaderServi - User app class for loading assets: class org.group1.GamePackage.Application
23:54:14.941 [FXGL Background Thread 1 ] DEBUG GameApplicationServi - Applying CSS: fxgl_dark.css
23:54:14.943 [FXGL Background Thread 1 ] DEBUG FXGLAssetLoaderServi - Loading from file system: jar:file:///C:/Users/ryles/.m2/repository/com/github/almasb/fxgl/25/fxgl-25.jar!/fxglassets/ui/css/fxgl_dark.css
23:54:15.054 [FXGL Background Thread 1 ] DEBUG GameApplicationServi - Initializing application scenes
23:54:15.061 [FXGL Background Thread 1 ] DEBUG FXGLAssetLoaderServi - Loading from file system: file:/C:/Users/ryles/Downloads/ComProg_Project/target/classes/assets/textures/background.png
23:54:15.346 [FXGL Background Thread 1 ] DEBUG FXGLAssetLoaderServi - Loading from file system: file:/C:/Users/ryles/Downloads/ComProg_Project/target/classes/assets/textures/background_stars1.png
23:54:15.512 [FXGL Background Thread 1 ] DEBUG FXGLAssetLoaderServi - Loading from file system: file:/C:/Users/ryles/Downloads/ComProg_Project/target/classes/assets/textures/background_stars2.png
23:54:15.623 [FXGL Background Thread 1 ] DEBUG FXGLAssetLoaderServi - Loading from file system: file:/C:/Users/ryles/Downloads/ComProg_Project/target/classes/assets/textures/background_stars3.png
23:54:15.767 [FXGL Background Thread 1 ] DEBUG FXGLAssetLoaderServi - Loading from file system: file:/C:/Users/ryles/Downloads/ComProg_Project/target/classes/assets/textures/background_cloud1.png
23:54:15.790 [FXGL Background Thread 1 ] DEBUG FXGLAssetLoaderServi - Loading from file system: file:/C:/Users/ryles/Downloads/ComProg_Project/target/classes/assets/textures/background_cloud2.png
23:54:15.826 [FXGL Background Thread 1 ] DEBUG FXGLAssetLoaderServi - Loading from file system: file:/C:/Users/ryles/Downloads/ComProg_Project/target/classes/assets/textures/background_mist1.png
23:54:15.851 [FXGL Background Thread 1 ] DEBUG FXGLAssetLoaderServi - Loading from file system: file:/C:/Users/ryles/Downloads/ComProg_Project/target/classes/assets/textures/background_hills.png
23:54:15.892 [FXGL Background Thread 1 ] DEBUG FXGLAssetLoaderServi - Loading from file system: file:/C:/Users/ryles/Downloads/ComProg_Project/target/classes/assets/textures/background_forest.png
23:54:15.914 [FXGL Background Thread 1 ] DEBUG FXGLAssetLoaderServi - Loading from file system: file:/C:/Users/ryles/Downloads/ComProg_Project/target/classes/assets/textures/background_large_forest.png
23:54:16.041 [FXGL Background Thread 1 ] DEBUG GameWorld            - Game world initialized
23:54:16.112 [FXGL Background Thread 1 ] DEBUG PhysicsWorld         - Physics world initialized: appHeight=720, physics.ppm=50.0
23:54:16.112 [FXGL Background Thread 1 ] DEBUG PhysicsWorld         - Using strategy: BRUTE_FORCE
23:54:16.124 [FXGL Background Thread 1 ] DEBUG GameScene            - Game scene initialized: 1280x720
23:54:16.312 [FXGL Background Thread 1 ] DEBUG GameApplicationServi - Application scenes initialized
23:54:16.326 [FXGL Background Thread 1 ] DEBUG SystemBundleService  - Loading FXGL system data
23:54:16.331 [FXGL Background Thread 1 ] DEBUG FileSystemAccess     - Reading from: C:\Users\ryles\Downloads\ComProg_Project\system\fxgl.bundle
23:54:16.339 [FXGL Background Thread 1 ] DEBUG SystemBundleService  - Bundle FXGL: {}
23:54:16.339 [FXGL Background Thread 1 ] DEBUG UpdaterService       - Checking for updates
23:54:16.347 [FXGL Background Thread 4 ] DEBUG FXGLApplication      - Loading fonts
23:54:16.348 [FXGL Background Thread 4 ] DEBUG FXGLAssetLoaderServi - Loading from file system: jar:file:///C:/Users/ryles/.m2/repository/com/github/almasb/fxgl/25/fxgl-25.jar!/fxglassets/ui/fonts/VarelaRound-Regular.ttf
23:54:16.348 [FXGL Background Thread 1 ] DEBUG FXGLApplication      - Loading default localization
23:54:16.349 [FXGL Background Thread 1 ] DEBUG FXGLAssetLoaderServi - Loading from file system: jar:file:///C:/Users/ryles/.m2/repository/com/github/almasb/fxgl/25/fxgl-25.jar!/fxglassets/languages/english.lang
23:54:16.374 [FXGL Background Thread 1 ] INFO  FXGLApplication      - FXGL initialization took: 1.626 sec
23:54:16.403 [JavaFX Application Thread] DEBUG Input                - Registered new binding: Move left - A
23:54:16.403 [JavaFX Application Thread] DEBUG Input                - Registered new binding: Move right - D
23:54:16.403 [JavaFX Application Thread] DEBUG Input                - Registered new binding: Move down - S
23:54:16.404 [JavaFX Application Thread] DEBUG Input                - Registered new binding: Move up - W
23:54:16.405 [JavaFX Application Thread] DEBUG Input                - Registered new binding: Shoot - Space
23:54:16.405 [JavaFX Application Thread] DEBUG Input                - Registered new binding: Switch to Fire Bullet - Q
23:54:16.405 [JavaFX Application Thread] DEBUG Input                - Registered new binding: Switch to Ice Bullet - E
23:54:16.406 [JavaFX Application Thread] DEBUG FXGLAssetLoaderServi - Loading from file system: jar:file:///C:/Users/ryles/.m2/repository/com/github/almasb/fxgl/25/fxgl-25.jar!/fxglassets/textures/fxgl_icon.png
23:54:16.414 [FXGL Background Thread 4 ] DEBUG FXGLAssetLoaderServi - Loading from file system: jar:file:///C:/Users/ryles/.m2/repository/com/github/almasb/fxgl/25/fxgl-25.jar!/fxglassets/ui/fonts/Abel-Regular.ttf
23:54:16.422 [FXGL Background Thread 4 ] DEBUG FXGLAssetLoaderServi - Loading from file system: jar:file:///C:/Users/ryles/.m2/repository/com/github/almasb/fxgl/25/fxgl-25.jar!/fxglassets/ui/fonts/TerminalLandMono-Regular.otf
23:54:16.429 [FXGL Background Thread 4 ] DEBUG FXGLAssetLoaderServi - Loading from file system: jar:file:///C:/Users/ryles/.m2/repository/com/github/almasb/fxgl/25/fxgl-25.jar!/fxglassets/ui/fonts/Courier-Prime.ttf
23:54:16.442 [JavaFX Application Thread] DEBUG FXGLAssetLoaderServi - Loading from file system: jar:file:///C:/Users/ryles/.m2/repository/com/github/almasb/fxgl/25/fxgl-25.jar!/fxglassets/textures/fxgl_default_cursor.png
23:54:16.446 [JavaFX Application Thread] DEBUG Input                - Registered new binding: Screenshot - CTRL+8
23:54:16.447 [JavaFX Application Thread] DEBUG Input                - Registered new binding: System info dump - CTRL+9
23:54:16.447 [JavaFX Application Thread] DEBUG Input                - Registered new binding: Restart - CTRL+R
23:54:16.449 [JavaFX Application Thread] DEBUG Input                - Registered new binding: Toggle Debug Camera - CTRL+7
23:54:16.454 [JavaFX Application Thread] DEBUG LoopRunner           - Starting loop
23:54:16.454 [JavaFX Application Thread] DEBUG LoopRunner           - Initializing JavaFX AnimationTimerLoop
23:54:16.457 [JavaFX Application Thread] DEBUG Input                - Clearing active input actions
23:54:16.472 [JavaFX Application Thread] DEBUG GameApplicationServi - Removing overlay from FXGLStartupScene and adding to FXGLMainMenuDummyScene
23:54:16.473 [JavaFX Application Thread] DEBUG PrimaryStageWindow   - FXGLStartupScene -> FXGLMainMenuDummyScene
23:54:16.473 [JavaFX Application Thread] DEBUG PrimaryStageWindow   - Push state: MenuInterface
23:54:16.474 [JavaFX Application Thread] DEBUG Input                - Clearing active input actions
23:54:16.494 [JavaFX Application Thread] DEBUG GameApplicationServi - Removing overlay from FXGLMainMenuDummyScene and adding to MenuInterface
23:54:16.495 [JavaFX Application Thread] DEBUG PrimaryStageWindow   - FXGLMainMenuDummyScene -> MenuInterface
23:54:16.647 [JavaFX Application Thread] DEBUG FXGLApplication      - Registering font factories with UI factory
23:54:17.464 [JavaFX Application Thread] DEBUG GameApplicationServi - Starting new game
23:54:17.464 [JavaFX Application Thread] DEBUG PrimaryStageWindow   - Pop state: MenuInterface
23:54:17.464 [JavaFX Application Thread] DEBUG Input                - Clearing active input actions
23:54:17.466 [JavaFX Application Thread] DEBUG GameApplicationServi - Removing overlay from MenuInterface and adding to FXGLMainMenuDummyScene
23:54:17.467 [JavaFX Application Thread] DEBUG PrimaryStageWindow   - FXGLMainMenuDummyScene <- MenuInterface
23:54:17.467 [JavaFX Application Thread] DEBUG Input                - Clearing active input actions
23:54:17.477 [JavaFX Application Thread] DEBUG GameApplicationServi - Removing overlay from FXGLMainMenuDummyScene and adding to LoadingInterface
23:54:17.477 [JavaFX Application Thread] DEBUG PrimaryStageWindow   - FXGLMainMenuDummyScene -> LoadingInterface
23:54:17.478 [JavaFX Application Thread] DEBUG GameApplicationServi - Clearing previous game
23:54:17.478 [JavaFX Application Thread] DEBUG GameScene            - Clearing game scene
23:54:17.478 [JavaFX Application Thread] DEBUG GameWorld            - Clearing game world
23:54:17.478 [JavaFX Application Thread] DEBUG PhysicsWorld         - Clearing physics world
23:54:17.481 [FXGL Background Thread 2 ] DEBUG FXGLApplication      - Initializing game
23:54:17.558 [FXGL Background Thread 2 ] DEBUG FXGLAssetLoaderServi - Loading from file system: file:/C:/Users/ryles/Downloads/ComProg_Project/target/classes/assets/textures/idle_sprite.png
23:54:17.590 [FXGL Background Thread 2 ] DEBUG FXGLAssetLoaderServi - Loading from file system: file:/C:/Users/ryles/Downloads/ComProg_Project/target/classes/assets/textures/bullet_HUD_selection.png
23:54:17.603 [FXGL Background Thread 2 ] DEBUG FXGLAssetLoaderServi - Loading from file system: file:/C:/Users/ryles/Downloads/ComProg_Project/target/classes/assets/music/main_music.wav
23:54:17.817 [FXGL Background Thread 2 ] DEBUG AudioPlayer          - Playing music com.almasb.fxgl.audio.Music@19f106d
23:54:17.842 [FXGL Background Thread 2 ] DEBUG FXGLAssetLoaderServi - Loading from file system: file:/C:/Users/ryles/Downloads/ComProg_Project/target/classes/assets/textures/lives_09.png
23:54:17.853 [FXGL Background Thread 2 ] INFO  FXGLApplication      - Game initialization took: 0.372 sec
23:54:17.854 [JavaFX Application Thread] DEBUG Input                - Clearing active input actions
23:54:17.869 [JavaFX Application Thread] DEBUG GameApplicationServi - Removing overlay from LoadingInterface and adding to GameScene
23:54:17.870 [JavaFX Application Thread] DEBUG PrimaryStageWindow   - LoadingInterface -> GameScene
23:54:18.562 [JavaFX Application Thread] DEBUG FXGLAssetLoaderServi - Loading from file system: file:/C:/Users/ryles/Downloads/ComProg_Project/target/classes/assets/textures/enemy_sprite.png
23:54:18.590 [JavaFX Application Thread] DEBUG FXGLAssetLoaderServi - Loading from file system: file:/C:/Users/ryles/Downloads/ComProg_Project/target/classes/assets/textures/explosion_sprite.png
23:54:19.346 [FXGL Background Thread 3 ] DEBUG Engine               - Logging environment variables
23:54:19.348 [FXGL Background Thread 3 ] DEBUG Engine               - achievements: []
23:54:19.349 [FXGL Background Thread 3 ] DEBUG Engine               - actualHeight: 720.0
23:54:19.349 [FXGL Background Thread 3 ] DEBUG Engine               - actualHeightProperty: ReadOnlyDoubleProperty [value: 720.0]
23:54:19.349 [FXGL Background Thread 3 ] DEBUG Engine               - actualWidth: 1280.0
23:54:19.350 [FXGL Background Thread 3 ] DEBUG Engine               - actualWidthProperty: ReadOnlyDoubleProperty [value: 1280.0]
23:54:19.350 [FXGL Background Thread 3 ] DEBUG Engine               - appIcon: fxgl_icon.png
23:54:19.351 [FXGL Background Thread 3 ] DEBUG Engine               - applicationMode: DEVELOPER
23:54:19.351 [FXGL Background Thread 3 ] DEBUG Engine               - cSSList: [fxgl_dark.css]
23:54:19.351 [FXGL Background Thread 3 ] DEBUG Engine               - collisionDetectionStrategy: BRUTE_FORCE
23:54:19.352 [FXGL Background Thread 3 ] DEBUG Engine               - configClass: Optional.empty
23:54:19.352 [FXGL Background Thread 3 ] DEBUG Engine               - credits: []
23:54:19.355 [FXGL Background Thread 3 ] DEBUG Engine               - defaultCursor: CursorInfo(imageName=fxgl_default_cursor.png, hotspotX=7.0, hotspotY=6.0)
23:54:19.356 [FXGL Background Thread 3 ] DEBUG Engine               - devBBoxColorProperty: ObjectProperty [value: 0xff0000ff]
23:54:19.356 [FXGL Background Thread 3 ] DEBUG Engine               - devEnableDebugCameraProperty: BooleanProperty [value: false]
23:54:19.357 [FXGL Background Thread 3 ] DEBUG Engine               - devSensorColorProperty: ObjectProperty [value: 0xffff00ff]
23:54:19.357 [FXGL Background Thread 3 ] DEBUG Engine               - devShowBBoxProperty: BooleanProperty [value: false]
23:54:19.357 [FXGL Background Thread 3 ] DEBUG Engine               - devShowPositionProperty: BooleanProperty [value: false]
23:54:19.358 [FXGL Background Thread 3 ] DEBUG Engine               - enabledMenuItems: []
23:54:19.358 [FXGL Background Thread 3 ] DEBUG Engine               - engineServices: [class com.almasb.fxgl.app.services.FXGLAssetLoaderService, class com.almasb.fxgl.app.FXGLApplication$GameApplicationService, class com.almasb.fxgl.app.services.FXGLDialogService, class com.almasb.fxgl.app.services.IOTaskExecutorService, class com.almasb.fxgl.io.FileSystemService, class com.almasb.fxgl.localization.LocalizationService, class com.almasb.fxgl.app.services.SystemBundleService, class com.almasb.fxgl.profile.SaveLoadService, class com.almasb.fxgl.ui.FXGLUIFactoryServiceProvider, class com.almasb.fxgl.ui.FXGLDialogFactoryServiceProvider, class com.almasb.fxgl.audio.AudioPlayer, class com.almasb.fxgl.notification.impl.NotificationServiceProvider, class com.almasb.fxgl.achievement.AchievementService, class com.almasb.fxgl.cutscene.CutsceneService, class com.almasb.fxgl.minigames.MiniGameService, class com.almasb.fxgl.net.NetService, class com.almasb.fxgl.app.services.UpdaterService, class com.almasb.fxgl.dev.DevService]
23:54:19.359 [FXGL Background Thread 3 ] DEBUG Engine               - fontGame: Abel-Regular.ttf
23:54:19.359 [FXGL Background Thread 3 ] DEBUG Engine               - fontMono: TerminalLandMono-Regular.otf
23:54:19.359 [FXGL Background Thread 3 ] DEBUG Engine               - fontSizeScaleUI: 1.0
23:54:19.360 [FXGL Background Thread 3 ] DEBUG Engine               - fontText: Courier-Prime.ttf
23:54:19.360 [FXGL Background Thread 3 ] DEBUG Engine               - fontUI: VarelaRound-Regular.ttf
23:54:19.361 [FXGL Background Thread 3 ] DEBUG Engine               - fpsRefreshRate: 500.0 ms
23:54:19.362 [FXGL Background Thread 3 ] DEBUG Engine               - fullScreen: BooleanProperty [value: false]
23:54:19.362 [FXGL Background Thread 3 ] DEBUG Engine               - gameDifficulty: MEDIUM
23:54:19.362 [FXGL Background Thread 3 ] DEBUG Engine               - gameDifficultyProperty: ObjectProperty [value: MEDIUM]
23:54:19.364 [FXGL Background Thread 3 ] DEBUG Engine               - globalMusicVolume: 0.5
23:54:19.364 [FXGL Background Thread 3 ] DEBUG Engine               - globalMusicVolumeProperty: DoubleProperty [value: 0.5]
23:54:19.364 [FXGL Background Thread 3 ] DEBUG Engine               - globalSoundVolume: 0.5
23:54:19.365 [FXGL Background Thread 3 ] DEBUG Engine               - globalSoundVolumeProperty: DoubleProperty [value: 0.5]
23:54:19.365 [FXGL Background Thread 3 ] DEBUG Engine               - height: 720
23:54:19.366 [FXGL Background Thread 3 ] DEBUG Engine               - is3D: false
23:54:19.366 [FXGL Background Thread 3 ] DEBUG Engine               - isAndroid: false
23:54:19.366 [FXGL Background Thread 3 ] DEBUG Engine               - isBrowser: false
23:54:19.366 [FXGL Background Thread 3 ] DEBUG Engine               - isClickFeedbackEnabled: false
23:54:19.367 [FXGL Background Thread 3 ] DEBUG Engine               - isCloseConfirmation: false
23:54:19.367 [FXGL Background Thread 3 ] DEBUG Engine               - isDesktop: true
23:54:19.367 [FXGL Background Thread 3 ] DEBUG Engine               - isDeveloperMenuEnabled: false
23:54:19.367 [FXGL Background Thread 3 ] DEBUG Engine               - isEmbedded: false
23:54:19.368 [FXGL Background Thread 3 ] DEBUG Engine               - isEntityPreloadEnabled: true
23:54:19.368 [FXGL Background Thread 3 ] DEBUG Engine               - isExperimentalTiledLargeMap: false
23:54:19.368 [FXGL Background Thread 3 ] DEBUG Engine               - isFileSystemWriteAllowed: true
23:54:19.369 [FXGL Background Thread 3 ] DEBUG Engine               - isFullScreenAllowed: false
23:54:19.369 [FXGL Background Thread 3 ] DEBUG Engine               - isFullScreenFromStart: false
23:54:19.369 [FXGL Background Thread 3 ] DEBUG Engine               - isGameMenuEnabled: true
23:54:19.370 [FXGL Background Thread 3 ] DEBUG Engine               - isIOS: false
23:54:19.370 [FXGL Background Thread 3 ] DEBUG Engine               - isIntroEnabled: false
23:54:19.370 [FXGL Background Thread 3 ] DEBUG Engine               - isLinux: false
23:54:19.370 [FXGL Background Thread 3 ] DEBUG Engine               - isMac: false
23:54:19.371 [FXGL Background Thread 3 ] DEBUG Engine               - isMainMenuEnabled: true
23:54:19.371 [FXGL Background Thread 3 ] DEBUG Engine               - isManualResizeEnabled: false
23:54:19.371 [FXGL Background Thread 3 ] DEBUG Engine               - isMobile: false
23:54:19.372 [FXGL Background Thread 3 ] DEBUG Engine               - isNative: false
23:54:19.372 [FXGL Background Thread 3 ] DEBUG Engine               - isPauseMusicWhenMinimized: true
23:54:19.372 [FXGL Background Thread 3 ] DEBUG Engine               - isPreserveResizeRatio: false
23:54:19.372 [FXGL Background Thread 3 ] DEBUG Engine               - isProfilingEnabled: false
23:54:19.372 [FXGL Background Thread 3 ] DEBUG Engine               - isScaleAffectedOnResize: true
23:54:19.372 [FXGL Background Thread 3 ] DEBUG Engine               - isSingleStep: false
23:54:19.373 [FXGL Background Thread 3 ] DEBUG Engine               - isUserProfileEnabled: false
23:54:19.373 [FXGL Background Thread 3 ] DEBUG Engine               - isWindows: true
23:54:19.373 [FXGL Background Thread 3 ] DEBUG Engine               - language: ObjectProperty [value: ENGLISH]
23:54:19.373 [FXGL Background Thread 3 ] DEBUG Engine               - menuKey: ESCAPE
23:54:19.373 [FXGL Background Thread 3 ] DEBUG Engine               - mouseSensitivity: 0.2
23:54:19.374 [FXGL Background Thread 3 ] DEBUG Engine               - notificationViewClass: class com.almasb.fxgl.notification.view.XboxNotificationView
23:54:19.374 [FXGL Background Thread 3 ] DEBUG Engine               - pixelsPerMeter: 50.0
23:54:19.374 [FXGL Background Thread 3 ] DEBUG Engine               - platform: WINDOWS
23:54:19.374 [FXGL Background Thread 3 ] DEBUG Engine               - prefHeightProperty: ReadOnlyDoubleProperty [value: 720.0]
23:54:19.375 [FXGL Background Thread 3 ] DEBUG Engine               - prefWidthProperty: ReadOnlyDoubleProperty [value: 1280.0]
23:54:19.375 [FXGL Background Thread 3 ] DEBUG Engine               - profileDir: profiles/
23:54:19.376 [FXGL Background Thread 3 ] DEBUG Engine               - profileName: StringProperty [value: DEFAULT]
23:54:19.376 [FXGL Background Thread 3 ] DEBUG Engine               - randomSeed: -1
23:54:19.377 [FXGL Background Thread 3 ] DEBUG Engine               - runtimeInfo: RuntimeInfo(platform=WINDOWS, version=25, build=05.02.2026 22.57)
23:54:19.377 [FXGL Background Thread 3 ] DEBUG Engine               - saveFileExt: sav
23:54:19.378 [FXGL Background Thread 3 ] DEBUG Engine               - scaledHeightProp$fxgl: DoubleProperty [bound, value: 720.0]
23:54:19.378 [FXGL Background Thread 3 ] DEBUG Engine               - scaledWidthProp$fxgl: DoubleProperty [bound, value: 1280.0]
23:54:19.378 [FXGL Background Thread 3 ] DEBUG Engine               - sceneFactory: org.group1.GamePackage.Factory.MainSceneFactory@23a215f8
23:54:19.379 [FXGL Background Thread 3 ] DEBUG Engine               - secondsIn24h: 60
23:54:19.379 [FXGL Background Thread 3 ] DEBUG Engine               - soundMenuBack: menu/back.wav
23:54:19.379 [FXGL Background Thread 3 ] DEBUG Engine               - soundMenuPress: menu/press.wav
23:54:19.379 [FXGL Background Thread 3 ] DEBUG Engine               - soundMenuSelect: menu/select.wav
23:54:19.380 [FXGL Background Thread 3 ] DEBUG Engine               - soundNotification: core/notification.wav
23:54:19.380 [FXGL Background Thread 3 ] DEBUG Engine               - stageStyle: DECORATED
23:54:19.380 [FXGL Background Thread 3 ] DEBUG Engine               - supportedLanguages: [ENGLISH, FRENCH, GERMAN, HUNGARIAN, RUSSIAN]
23:54:19.380 [FXGL Background Thread 3 ] DEBUG Engine               - ticksPerSecond: -1
23:54:19.381 [FXGL Background Thread 3 ] DEBUG Engine               - title: Untitled
23:54:19.381 [FXGL Background Thread 3 ] DEBUG Engine               - urlGithub: https://github.com/AlmasB/FXGL
23:54:19.382 [FXGL Background Thread 3 ] DEBUG Engine               - urlLeaderboard: http://fxgl-top.herokuapp.com/
23:54:19.382 [FXGL Background Thread 3 ] DEBUG Engine               - urlPOM: https://raw.githubusercontent.com/AlmasB/FXGL/release/README.md
23:54:19.382 [FXGL Background Thread 3 ] DEBUG Engine               - userAppClass: class org.group1.GamePackage.Application
23:54:19.382 [FXGL Background Thread 3 ] DEBUG Engine               - version: 0.0
23:54:19.384 [FXGL Background Thread 3 ] DEBUG Engine               - versionCheckDays: 7
23:54:19.384 [FXGL Background Thread 3 ] DEBUG Engine               - width: 1280
23:54:19.384 [FXGL Background Thread 3 ] DEBUG Engine               - Logging services
23:54:19.384 [FXGL Background Thread 3 ] DEBUG Engine               - class com.almasb.fxgl.app.services.FXGLAssetLoaderService
23:54:19.384 [FXGL Background Thread 3 ] DEBUG Engine               - class com.almasb.fxgl.app.FXGLApplication$GameApplicationService
23:54:19.385 [FXGL Background Thread 3 ] DEBUG Engine               - class com.almasb.fxgl.app.services.FXGLDialogService
23:54:19.385 [FXGL Background Thread 3 ] DEBUG Engine               - class com.almasb.fxgl.app.services.IOTaskExecutorService
23:54:19.385 [FXGL Background Thread 3 ] DEBUG Engine               - class com.almasb.fxgl.io.FileSystemService
23:54:19.386 [FXGL Background Thread 3 ] DEBUG Engine               - class com.almasb.fxgl.localization.LocalizationService
23:54:19.386 [FXGL Background Thread 3 ] DEBUG Engine               - class com.almasb.fxgl.app.services.SystemBundleService
23:54:19.386 [FXGL Background Thread 3 ] DEBUG Engine               - class com.almasb.fxgl.profile.SaveLoadService
23:54:19.387 [FXGL Background Thread 3 ] DEBUG Engine               - class com.almasb.fxgl.ui.FXGLUIFactoryServiceProvider
23:54:19.387 [FXGL Background Thread 3 ] DEBUG Engine               - class com.almasb.fxgl.ui.FXGLDialogFactoryServiceProvider
23:54:19.387 [FXGL Background Thread 3 ] DEBUG Engine               - class com.almasb.fxgl.audio.AudioPlayer
23:54:19.387 [FXGL Background Thread 3 ] DEBUG Engine               - class com.almasb.fxgl.notification.impl.NotificationServiceProvider
23:54:19.387 [FXGL Background Thread 3 ] DEBUG Engine               - class com.almasb.fxgl.achievement.AchievementService
23:54:19.388 [FXGL Background Thread 3 ] DEBUG Engine               - class com.almasb.fxgl.cutscene.CutsceneService
23:54:19.388 [FXGL Background Thread 3 ] DEBUG Engine               - class com.almasb.fxgl.minigames.MiniGameService
23:54:19.388 [FXGL Background Thread 3 ] DEBUG Engine               - class com.almasb.fxgl.net.NetService
23:54:19.388 [FXGL Background Thread 3 ] DEBUG Engine               - class com.almasb.fxgl.app.services.UpdaterService
23:54:19.388 [FXGL Background Thread 3 ] DEBUG Engine               - class com.almasb.fxgl.dev.DevService
23:54:25.735 [JavaFX Application Thread] DEBUG FXGLApplication      - Exiting FXGL
23:54:25.735 [JavaFX Application Thread] DEBUG LoopRunner           - Stopping loop
23:54:25.735 [JavaFX Application Thread] DEBUG SystemBundleService  - Saving FXGL system data
23:54:25.737 [JavaFX Application Thread] DEBUG FileSystemAccess     - Writing to: C:\Users\ryles\Downloads\ComProg_Project\system\fxgl.bundle
23:54:25.739 [JavaFX Application Thread] DEBUG Async                - Shutting down background threads
23:54:25.740 [JavaFX Application Thread] DEBUG PrimaryStageWindow   - Closing main window
23:54:25.800 [JavaFX Application Thread] DEBUG Logger               - Closing Logger
