23:40:21.518 [main                     ] DEBUG Logger               - Configured Logger
23:40:21.536 [main                     ] DEBUG GameApplication      - Logging settings
Title: Untitled
Version: 0.0
Width: 1280
Height: 720
Fullscreen: false
Intro: false
Profiling: false
Single step:false
App Mode: DEVELOPER
Menu Key: ESCAPE
Stage Style: DECORATED
Scene Factory: class org.group1.GamePackage.Factory.MainSceneFactory

23:40:21.969 [JavaFX Application Thread] DEBUG FXGLApplication      - Initializing FXGL
23:40:21.973 [JavaFX Application Thread] INFO  Engine               - FXGL-25 (05.02.2026 22.57) on WINDOWS (J:25.0.1 FX:21.0.6)
23:40:21.974 [JavaFX Application Thread] DEBUG Engine               - JRE Vendor Name: Oracle Corporation
23:40:21.974 [JavaFX Application Thread] DEBUG Engine               - Running on OS: Windows 11 version 10.0
23:40:21.974 [JavaFX Application Thread] DEBUG Engine               - Architecture: amd64
23:40:21.974 [JavaFX Application Thread] INFO  Engine               - Source code and latest versions at: https://github.com/AlmasB/FXGL
23:40:21.975 [JavaFX Application Thread] INFO  Engine               -       Ask questions and discuss at: https://github.com/AlmasB/FXGL/discussions
23:40:22.108 [JavaFX Application Thread] DEBUG PrimaryStageWindow   - Creating a JavaFX scene
23:40:22.108 [JavaFX Application Thread] DEBUG PrimaryStageWindow   - Target size > screen size
23:40:22.170 [JavaFX Application Thread] DEBUG PrimaryStageWindow   - Target settings size: 1280.0 x 720.0
23:40:22.170 [JavaFX Application Thread] DEBUG PrimaryStageWindow   - Scaled scene size:    1169.0 x 671.0
23:40:22.171 [JavaFX Application Thread] DEBUG PrimaryStageWindow   - Scaled ratio: (0.91328125, 0.9319444444444445)
23:40:22.172 [JavaFX Application Thread] DEBUG PrimaryStageWindow   - Set initial scene to FXGLStartupScene
23:40:22.178 [JavaFX Application Thread] DEBUG PrimaryStageWindow   - Opening main window
23:40:22.300 [JavaFX Application Thread] DEBUG PrimaryStageWindow   - Window border size: (15.0, 37.66668701171875)
23:40:22.300 [JavaFX Application Thread] DEBUG PrimaryStageWindow   - Scaled size: 1169.0 x 671.0
23:40:22.300 [JavaFX Application Thread] DEBUG PrimaryStageWindow   - Scaled ratio: (0.91328125, 0.9319444444444445)
23:40:22.301 [JavaFX Application Thread] DEBUG PrimaryStageWindow   - Scene size: 1169.0 x 671.0
23:40:22.301 [JavaFX Application Thread] DEBUG PrimaryStageWindow   - Stage size: 1184.0 x 708.6666870117188
23:40:22.316 [FXGL Background Thread 1 ] DEBUG Engine               - Initializing environment variables
23:40:22.441 [FXGL Background Thread 1 ] DEBUG FXGLAssetLoaderServi - User app class for loading assets: class org.group1.GamePackage.Application
23:40:22.442 [FXGL Background Thread 1 ] DEBUG GameApplicationServi - Applying CSS: fxgl_dark.css
23:40:22.443 [FXGL Background Thread 1 ] DEBUG FXGLAssetLoaderServi - Loading from file system: jar:file:///C:/Users/ryles/.m2/repository/com/github/almasb/fxgl/25/fxgl-25.jar!/fxglassets/ui/css/fxgl_dark.css
23:40:22.524 [FXGL Background Thread 1 ] DEBUG GameApplicationServi - Initializing application scenes
23:40:22.619 [FXGL Background Thread 1 ] DEBUG GameWorld            - Game world initialized
23:40:22.679 [FXGL Background Thread 1 ] DEBUG PhysicsWorld         - Physics world initialized: appHeight=720, physics.ppm=50.0
23:40:22.679 [FXGL Background Thread 1 ] DEBUG PhysicsWorld         - Using strategy: BRUTE_FORCE
23:40:22.685 [FXGL Background Thread 1 ] DEBUG GameScene            - Game scene initialized: 1280x720
23:40:22.702 [FXGL Background Thread 1 ] DEBUG FXGL.DefaultMenu     - createMenuBodyGameMenu()
23:40:22.713 [FXGL Background Thread 1 ] DEBUG FXGL.DefaultMenu     - createOptionsMenu()
23:40:22.728 [FXGL Background Thread 1 ] DEBUG FXGLAssetLoaderServi - Loading from file system: jar:file:///C:/Users/ryles/.m2/repository/com/github/almasb/fxgl/25/fxgl-25.jar!/fxglassets/textures/particles/smoke.png
23:40:22.866 [FXGL Background Thread 1 ] DEBUG FXGLAssetLoaderServi - Loading from file system: jar:file:///C:/Users/ryles/.m2/repository/com/github/almasb/fxgl/25/fxgl-25.jar!/fxglassets/textures/particles/trace_horizontal.png
23:40:22.907 [FXGL Background Thread 1 ] DEBUG GameApplicationServi - Application scenes initialized
23:40:22.919 [FXGL Background Thread 1 ] DEBUG SystemBundleService  - Loading FXGL system data
23:40:22.924 [FXGL Background Thread 1 ] DEBUG FileSystemAccess     - Reading from: C:\Users\ryles\Downloads\ComProg_Project\system\fxgl.bundle
23:40:22.935 [FXGL Background Thread 1 ] DEBUG SystemBundleService  - Bundle FXGL: {}
23:40:22.936 [FXGL Background Thread 1 ] DEBUG UpdaterService       - Checking for updates
23:40:22.941 [FXGL Background Thread 1 ] DEBUG FXGLApplication      - Loading default localization
23:40:22.942 [FXGL Background Thread 4 ] DEBUG FXGLApplication      - Loading fonts
23:40:22.942 [FXGL Background Thread 1 ] DEBUG FXGLAssetLoaderServi - Loading from file system: jar:file:///C:/Users/ryles/.m2/repository/com/github/almasb/fxgl/25/fxgl-25.jar!/fxglassets/languages/english.lang
23:40:22.942 [FXGL Background Thread 4 ] DEBUG FXGLAssetLoaderServi - Loading from file system: jar:file:///C:/Users/ryles/.m2/repository/com/github/almasb/fxgl/25/fxgl-25.jar!/fxglassets/ui/fonts/VarelaRound-Regular.ttf
23:40:22.959 [FXGL Background Thread 1 ] INFO  FXGLApplication      - FXGL initialization took: 0.643 sec
23:40:22.983 [JavaFX Application Thread] DEBUG Input                - Registered new binding: Move left - A
23:40:22.983 [JavaFX Application Thread] DEBUG Input                - Registered new binding: Move right - D
23:40:22.983 [JavaFX Application Thread] DEBUG Input                - Registered new binding: Move down - S
23:40:22.983 [JavaFX Application Thread] DEBUG Input                - Registered new binding: Move up - W
23:40:22.984 [JavaFX Application Thread] DEBUG Input                - Registered new binding: Shoot - Space
23:40:22.984 [JavaFX Application Thread] DEBUG FXGLAssetLoaderServi - Loading from file system: jar:file:///C:/Users/ryles/.m2/repository/com/github/almasb/fxgl/25/fxgl-25.jar!/fxglassets/textures/fxgl_icon.png
23:40:23.019 [FXGL Background Thread 4 ] DEBUG FXGLAssetLoaderServi - Loading from file system: jar:file:///C:/Users/ryles/.m2/repository/com/github/almasb/fxgl/25/fxgl-25.jar!/fxglassets/ui/fonts/Abel-Regular.ttf
23:40:23.027 [FXGL Background Thread 4 ] DEBUG FXGLAssetLoaderServi - Loading from file system: jar:file:///C:/Users/ryles/.m2/repository/com/github/almasb/fxgl/25/fxgl-25.jar!/fxglassets/ui/fonts/TerminalLandMono-Regular.otf
23:40:23.032 [JavaFX Application Thread] DEBUG FXGLAssetLoaderServi - Loading from file system: jar:file:///C:/Users/ryles/.m2/repository/com/github/almasb/fxgl/25/fxgl-25.jar!/fxglassets/textures/fxgl_default_cursor.png
23:40:23.034 [FXGL Background Thread 4 ] DEBUG FXGLAssetLoaderServi - Loading from file system: jar:file:///C:/Users/ryles/.m2/repository/com/github/almasb/fxgl/25/fxgl-25.jar!/fxglassets/ui/fonts/Courier-Prime.ttf
23:40:23.035 [JavaFX Application Thread] DEBUG Input                - Registered new binding: Screenshot - CTRL+8
23:40:23.036 [JavaFX Application Thread] DEBUG Input                - Registered new binding: System info dump - CTRL+9
23:40:23.037 [JavaFX Application Thread] DEBUG Input                - Registered new binding: Restart - CTRL+R
23:40:23.038 [JavaFX Application Thread] DEBUG Input                - Registered new binding: Toggle Debug Camera - CTRL+7
23:40:23.044 [JavaFX Application Thread] DEBUG LoopRunner           - Starting loop
23:40:23.044 [JavaFX Application Thread] DEBUG LoopRunner           - Initializing JavaFX AnimationTimerLoop
23:40:23.047 [JavaFX Application Thread] DEBUG Input                - Clearing active input actions
23:40:23.065 [JavaFX Application Thread] DEBUG GameApplicationServi - Removing overlay from FXGLStartupScene and adding to FXGLMainMenuDummyScene
23:40:23.066 [JavaFX Application Thread] DEBUG PrimaryStageWindow   - FXGLStartupScene -> FXGLMainMenuDummyScene
23:40:23.066 [JavaFX Application Thread] DEBUG PrimaryStageWindow   - Push state: MenuInterface
23:40:23.067 [JavaFX Application Thread] DEBUG Input                - Clearing active input actions
23:40:23.094 [JavaFX Application Thread] DEBUG GameApplicationServi - Removing overlay from FXGLMainMenuDummyScene and adding to MenuInterface
23:40:23.096 [JavaFX Application Thread] DEBUG PrimaryStageWindow   - FXGLMainMenuDummyScene -> MenuInterface
23:40:23.199 [JavaFX Application Thread] DEBUG FXGLApplication      - Registering font factories with UI factory
23:40:23.858 [JavaFX Application Thread] DEBUG Menu                 - fireNewGame()
23:40:23.858 [JavaFX Application Thread] DEBUG GameApplicationServi - Starting new game
23:40:23.858 [JavaFX Application Thread] DEBUG PrimaryStageWindow   - Pop state: MenuInterface
23:40:23.858 [JavaFX Application Thread] DEBUG Input                - Clearing active input actions
23:40:23.859 [JavaFX Application Thread] DEBUG GameApplicationServi - Removing overlay from MenuInterface and adding to FXGLMainMenuDummyScene
23:40:23.859 [JavaFX Application Thread] DEBUG PrimaryStageWindow   - FXGLMainMenuDummyScene <- MenuInterface
23:40:23.860 [JavaFX Application Thread] DEBUG Input                - Clearing active input actions
23:40:23.866 [JavaFX Application Thread] DEBUG GameApplicationServi - Removing overlay from FXGLMainMenuDummyScene and adding to LoadingInterface
23:40:23.866 [JavaFX Application Thread] DEBUG PrimaryStageWindow   - FXGLMainMenuDummyScene -> LoadingInterface
23:40:23.866 [JavaFX Application Thread] DEBUG GameApplicationServi - Clearing previous game
23:40:23.866 [JavaFX Application Thread] DEBUG GameScene            - Clearing game scene
23:40:23.867 [JavaFX Application Thread] DEBUG GameWorld            - Clearing game world
23:40:23.867 [JavaFX Application Thread] DEBUG PhysicsWorld         - Clearing physics world
23:40:23.868 [FXGL Background Thread 2 ] DEBUG FXGLApplication      - Initializing game
23:40:23.879 [FXGL Background Thread 2 ] DEBUG FXGLAssetLoaderServi - Loading from file system: file:/C:/Users/ryles/Downloads/ComProg_Project/target/classes/assets/textures/background.png
23:40:23.981 [FXGL Background Thread 2 ] DEBUG FXGLAssetLoaderServi - Loading from file system: file:/C:/Users/ryles/Downloads/ComProg_Project/target/classes/assets/textures/background_stars1.png
23:40:24.108 [FXGL Background Thread 2 ] DEBUG FXGLAssetLoaderServi - Loading from file system: file:/C:/Users/ryles/Downloads/ComProg_Project/target/classes/assets/textures/background_stars2.png
23:40:24.145 [FXGL Background Thread 2 ] DEBUG FXGLAssetLoaderServi - Loading from file system: file:/C:/Users/ryles/Downloads/ComProg_Project/target/classes/assets/textures/background_stars3.png
23:40:24.176 [FXGL Background Thread 2 ] DEBUG FXGLAssetLoaderServi - Loading from file system: file:/C:/Users/ryles/Downloads/ComProg_Project/target/classes/assets/textures/background_cloud1.png
23:40:24.186 [FXGL Background Thread 2 ] DEBUG FXGLAssetLoaderServi - Loading from file system: file:/C:/Users/ryles/Downloads/ComProg_Project/target/classes/assets/textures/background_cloud2.png
23:40:24.199 [FXGL Background Thread 2 ] DEBUG FXGLAssetLoaderServi - Loading from file system: file:/C:/Users/ryles/Downloads/ComProg_Project/target/classes/assets/textures/background_mist1.png
23:40:24.210 [FXGL Background Thread 2 ] DEBUG FXGLAssetLoaderServi - Loading from file system: file:/C:/Users/ryles/Downloads/ComProg_Project/target/classes/assets/textures/background_hills.png
23:40:24.233 [FXGL Background Thread 2 ] DEBUG FXGLAssetLoaderServi - Loading from file system: file:/C:/Users/ryles/Downloads/ComProg_Project/target/classes/assets/textures/background_forest.png
23:40:24.246 [FXGL Background Thread 2 ] DEBUG FXGLAssetLoaderServi - Loading from file system: file:/C:/Users/ryles/Downloads/ComProg_Project/target/classes/assets/textures/background_large_forest.png
23:40:24.269 [FXGL Background Thread 2 ] DEBUG FXGLAssetLoaderServi - Loading from file system: file:/C:/Users/ryles/Downloads/ComProg_Project/target/classes/assets/textures/idle_sprite.png
23:40:24.283 [FXGL Background Thread 2 ] DEBUG FXGLAssetLoaderServi - Loading from file system: file:/C:/Users/ryles/Downloads/ComProg_Project/target/classes/assets/textures/down_sprite.png
23:40:24.287 [FXGL Background Thread 2 ] DEBUG FXGLAssetLoaderServi - Loading from file system: file:/C:/Users/ryles/Downloads/ComProg_Project/target/classes/assets/textures/up_sprite.png
23:40:24.296 [FXGL Background Thread 2 ] DEBUG FXGLAssetLoaderServi - Loading from file system: file:/C:/Users/ryles/Downloads/ComProg_Project/target/classes/assets/music/main_music.wav
23:40:24.420 [FXGL Background Thread 2 ] DEBUG AudioPlayer          - Playing music com.almasb.fxgl.audio.Music@4cb4ffa6
23:40:24.425 [FXGL Background Thread 2 ] INFO  FXGLApplication      - Game initialization took: 0.557 sec
23:40:24.426 [JavaFX Application Thread] DEBUG Input                - Clearing active input actions
23:40:24.432 [JavaFX Application Thread] DEBUG GameApplicationServi - Removing overlay from LoadingInterface and adding to GameScene
23:40:24.433 [JavaFX Application Thread] DEBUG PrimaryStageWindow   - LoadingInterface -> GameScene
23:40:25.938 [FXGL Background Thread 3 ] DEBUG Engine               - Logging environment variables
23:40:25.938 [FXGL Background Thread 3 ] DEBUG Engine               - achievements: []
23:40:25.938 [FXGL Background Thread 3 ] DEBUG Engine               - actualHeight: 671.0
23:40:25.939 [FXGL Background Thread 3 ] DEBUG Engine               - actualHeightProperty: ReadOnlyDoubleProperty [value: 671.0]
23:40:25.939 [FXGL Background Thread 3 ] DEBUG Engine               - actualWidth: 1169.0
23:40:25.939 [FXGL Background Thread 3 ] DEBUG Engine               - actualWidthProperty: ReadOnlyDoubleProperty [value: 1169.0]
23:40:25.939 [FXGL Background Thread 3 ] DEBUG Engine               - appIcon: fxgl_icon.png
23:40:25.939 [FXGL Background Thread 3 ] DEBUG Engine               - applicationMode: DEVELOPER
23:40:25.939 [FXGL Background Thread 3 ] DEBUG Engine               - cSSList: [fxgl_dark.css]
23:40:25.939 [FXGL Background Thread 3 ] DEBUG Engine               - collisionDetectionStrategy: BRUTE_FORCE
23:40:25.939 [FXGL Background Thread 3 ] DEBUG Engine               - configClass: Optional.empty
23:40:25.939 [FXGL Background Thread 3 ] DEBUG Engine               - credits: []
23:40:25.940 [FXGL Background Thread 3 ] DEBUG Engine               - defaultCursor: CursorInfo(imageName=fxgl_default_cursor.png, hotspotX=7.0, hotspotY=6.0)
23:40:25.940 [FXGL Background Thread 3 ] DEBUG Engine               - devBBoxColorProperty: ObjectProperty [value: 0xff0000ff]
23:40:25.940 [FXGL Background Thread 3 ] DEBUG Engine               - devEnableDebugCameraProperty: BooleanProperty [value: false]
23:40:25.940 [FXGL Background Thread 3 ] DEBUG Engine               - devSensorColorProperty: ObjectProperty [value: 0xffff00ff]
23:40:25.940 [FXGL Background Thread 3 ] DEBUG Engine               - devShowBBoxProperty: BooleanProperty [value: false]
23:40:25.940 [FXGL Background Thread 3 ] DEBUG Engine               - devShowPositionProperty: BooleanProperty [value: false]
23:40:25.940 [FXGL Background Thread 3 ] DEBUG Engine               - enabledMenuItems: []
23:40:25.940 [FXGL Background Thread 3 ] DEBUG Engine               - engineServices: [class com.almasb.fxgl.app.services.FXGLAssetLoaderService, class com.almasb.fxgl.app.FXGLApplication$GameApplicationService, class com.almasb.fxgl.app.services.FXGLDialogService, class com.almasb.fxgl.app.services.IOTaskExecutorService, class com.almasb.fxgl.io.FileSystemService, class com.almasb.fxgl.localization.LocalizationService, class com.almasb.fxgl.app.services.SystemBundleService, class com.almasb.fxgl.profile.SaveLoadService, class com.almasb.fxgl.ui.FXGLUIFactoryServiceProvider, class com.almasb.fxgl.ui.FXGLDialogFactoryServiceProvider, class com.almasb.fxgl.audio.AudioPlayer, class com.almasb.fxgl.notification.impl.NotificationServiceProvider, class com.almasb.fxgl.achievement.AchievementService, class com.almasb.fxgl.cutscene.CutsceneService, class com.almasb.fxgl.minigames.MiniGameService, class com.almasb.fxgl.net.NetService, class com.almasb.fxgl.app.services.UpdaterService, class com.almasb.fxgl.dev.DevService]
23:40:25.940 [FXGL Background Thread 3 ] DEBUG Engine               - fontGame: Abel-Regular.ttf
23:40:25.940 [FXGL Background Thread 3 ] DEBUG Engine               - fontMono: TerminalLandMono-Regular.otf
23:40:25.940 [FXGL Background Thread 3 ] DEBUG Engine               - fontSizeScaleUI: 1.0
23:40:25.940 [FXGL Background Thread 3 ] DEBUG Engine               - fontText: Courier-Prime.ttf
23:40:25.940 [FXGL Background Thread 3 ] DEBUG Engine               - fontUI: VarelaRound-Regular.ttf
23:40:25.941 [FXGL Background Thread 3 ] DEBUG Engine               - fpsRefreshRate: 500.0 ms
23:40:25.941 [FXGL Background Thread 3 ] DEBUG Engine               - fullScreen: BooleanProperty [value: false]
23:40:25.941 [FXGL Background Thread 3 ] DEBUG Engine               - gameDifficulty: MEDIUM
23:40:25.941 [FXGL Background Thread 3 ] DEBUG Engine               - gameDifficultyProperty: ObjectProperty [value: MEDIUM]
23:40:25.941 [FXGL Background Thread 3 ] DEBUG Engine               - globalMusicVolume: 0.5
23:40:25.941 [FXGL Background Thread 3 ] DEBUG Engine               - globalMusicVolumeProperty: DoubleProperty [value: 0.5]
23:40:25.941 [FXGL Background Thread 3 ] DEBUG Engine               - globalSoundVolume: 0.5
23:40:25.941 [FXGL Background Thread 3 ] DEBUG Engine               - globalSoundVolumeProperty: DoubleProperty [value: 0.5]
23:40:25.941 [FXGL Background Thread 3 ] DEBUG Engine               - height: 720
23:40:25.941 [FXGL Background Thread 3 ] DEBUG Engine               - is3D: false
23:40:25.941 [FXGL Background Thread 3 ] DEBUG Engine               - isAndroid: false
23:40:25.941 [FXGL Background Thread 3 ] DEBUG Engine               - isBrowser: false
23:40:25.941 [FXGL Background Thread 3 ] DEBUG Engine               - isClickFeedbackEnabled: false
23:40:25.941 [FXGL Background Thread 3 ] DEBUG Engine               - isCloseConfirmation: false
23:40:25.941 [FXGL Background Thread 3 ] DEBUG Engine               - isDesktop: true
23:40:25.941 [FXGL Background Thread 3 ] DEBUG Engine               - isDeveloperMenuEnabled: false
23:40:25.941 [FXGL Background Thread 3 ] DEBUG Engine               - isEmbedded: false
23:40:25.942 [FXGL Background Thread 3 ] DEBUG Engine               - isEntityPreloadEnabled: true
23:40:25.942 [FXGL Background Thread 3 ] DEBUG Engine               - isExperimentalTiledLargeMap: false
23:40:25.942 [FXGL Background Thread 3 ] DEBUG Engine               - isFileSystemWriteAllowed: true
23:40:25.942 [FXGL Background Thread 3 ] DEBUG Engine               - isFullScreenAllowed: false
23:40:25.942 [FXGL Background Thread 3 ] DEBUG Engine               - isFullScreenFromStart: false
23:40:25.942 [FXGL Background Thread 3 ] DEBUG Engine               - isGameMenuEnabled: true
23:40:25.942 [FXGL Background Thread 3 ] DEBUG Engine               - isIOS: false
23:40:25.942 [FXGL Background Thread 3 ] DEBUG Engine               - isIntroEnabled: false
23:40:25.942 [FXGL Background Thread 3 ] DEBUG Engine               - isLinux: false
23:40:25.942 [FXGL Background Thread 3 ] DEBUG Engine               - isMac: false
23:40:25.942 [FXGL Background Thread 3 ] DEBUG Engine               - isMainMenuEnabled: true
23:40:25.942 [FXGL Background Thread 3 ] DEBUG Engine               - isManualResizeEnabled: false
23:40:25.942 [FXGL Background Thread 3 ] DEBUG Engine               - isMobile: false
23:40:25.942 [FXGL Background Thread 3 ] DEBUG Engine               - isNative: false
23:40:25.942 [FXGL Background Thread 3 ] DEBUG Engine               - isPauseMusicWhenMinimized: true
23:40:25.942 [FXGL Background Thread 3 ] DEBUG Engine               - isPreserveResizeRatio: false
23:40:25.942 [FXGL Background Thread 3 ] DEBUG Engine               - isProfilingEnabled: false
23:40:25.942 [FXGL Background Thread 3 ] DEBUG Engine               - isScaleAffectedOnResize: true
23:40:25.942 [FXGL Background Thread 3 ] DEBUG Engine               - isSingleStep: false
23:40:25.942 [FXGL Background Thread 3 ] DEBUG Engine               - isUserProfileEnabled: false
23:40:25.942 [FXGL Background Thread 3 ] DEBUG Engine               - isWindows: true
23:40:25.943 [FXGL Background Thread 3 ] DEBUG Engine               - language: ObjectProperty [value: ENGLISH]
23:40:25.943 [FXGL Background Thread 3 ] DEBUG Engine               - menuKey: ESCAPE
23:40:25.943 [FXGL Background Thread 3 ] DEBUG Engine               - mouseSensitivity: 0.2
23:40:25.943 [FXGL Background Thread 3 ] DEBUG Engine               - notificationViewClass: class com.almasb.fxgl.notification.view.XboxNotificationView
23:40:25.943 [FXGL Background Thread 3 ] DEBUG Engine               - pixelsPerMeter: 50.0
23:40:25.943 [FXGL Background Thread 3 ] DEBUG Engine               - platform: WINDOWS
23:40:25.943 [FXGL Background Thread 3 ] DEBUG Engine               - prefHeightProperty: ReadOnlyDoubleProperty [value: 720.0]
23:40:25.943 [FXGL Background Thread 3 ] DEBUG Engine               - prefWidthProperty: ReadOnlyDoubleProperty [value: 1280.0]
23:40:25.943 [FXGL Background Thread 3 ] DEBUG Engine               - profileDir: profiles/
23:40:25.943 [FXGL Background Thread 3 ] DEBUG Engine               - profileName: StringProperty [value: DEFAULT]
23:40:25.943 [FXGL Background Thread 3 ] DEBUG Engine               - randomSeed: -1
23:40:25.943 [FXGL Background Thread 3 ] DEBUG Engine               - runtimeInfo: RuntimeInfo(platform=WINDOWS, version=25, build=05.02.2026 22.57)
23:40:25.943 [FXGL Background Thread 3 ] DEBUG Engine               - saveFileExt: sav
23:40:25.943 [FXGL Background Thread 3 ] DEBUG Engine               - scaledHeightProp$fxgl: DoubleProperty [bound, value: 671.0]
23:40:25.943 [FXGL Background Thread 3 ] DEBUG Engine               - scaledWidthProp$fxgl: DoubleProperty [bound, value: 1169.0]
23:40:25.943 [FXGL Background Thread 3 ] DEBUG Engine               - sceneFactory: org.group1.GamePackage.Factory.MainSceneFactory@48bfae63
23:40:25.944 [FXGL Background Thread 3 ] DEBUG Engine               - secondsIn24h: 60
23:40:25.944 [FXGL Background Thread 3 ] DEBUG Engine               - soundMenuBack: menu/back.wav
23:40:25.944 [FXGL Background Thread 3 ] DEBUG Engine               - soundMenuPress: menu/press.wav
23:40:25.944 [FXGL Background Thread 3 ] DEBUG Engine               - soundMenuSelect: menu/select.wav
23:40:25.944 [FXGL Background Thread 3 ] DEBUG Engine               - soundNotification: core/notification.wav
23:40:25.944 [FXGL Background Thread 3 ] DEBUG Engine               - stageStyle: DECORATED
23:40:25.944 [FXGL Background Thread 3 ] DEBUG Engine               - supportedLanguages: [ENGLISH, FRENCH, GERMAN, HUNGARIAN, RUSSIAN]
23:40:25.944 [FXGL Background Thread 3 ] DEBUG Engine               - ticksPerSecond: -1
23:40:25.944 [FXGL Background Thread 3 ] DEBUG Engine               - title: Untitled
23:40:25.944 [FXGL Background Thread 3 ] DEBUG Engine               - urlGithub: https://github.com/AlmasB/FXGL
23:40:25.944 [FXGL Background Thread 3 ] DEBUG Engine               - urlLeaderboard: http://fxgl-top.herokuapp.com/
23:40:25.944 [FXGL Background Thread 3 ] DEBUG Engine               - urlPOM: https://raw.githubusercontent.com/AlmasB/FXGL/release/README.md
23:40:25.944 [FXGL Background Thread 3 ] DEBUG Engine               - userAppClass: class org.group1.GamePackage.Application
23:40:25.944 [FXGL Background Thread 3 ] DEBUG Engine               - version: 0.0
23:40:25.945 [FXGL Background Thread 3 ] DEBUG Engine               - versionCheckDays: 7
23:40:25.945 [FXGL Background Thread 3 ] DEBUG Engine               - width: 1280
23:40:25.945 [FXGL Background Thread 3 ] DEBUG Engine               - Logging services
23:40:25.945 [FXGL Background Thread 3 ] DEBUG Engine               - class com.almasb.fxgl.app.services.FXGLAssetLoaderService
23:40:25.945 [FXGL Background Thread 3 ] DEBUG Engine               - class com.almasb.fxgl.app.FXGLApplication$GameApplicationService
23:40:25.945 [FXGL Background Thread 3 ] DEBUG Engine               - class com.almasb.fxgl.app.services.FXGLDialogService
23:40:25.945 [FXGL Background Thread 3 ] DEBUG Engine               - class com.almasb.fxgl.app.services.IOTaskExecutorService
23:40:25.945 [FXGL Background Thread 3 ] DEBUG Engine               - class com.almasb.fxgl.io.FileSystemService
23:40:25.945 [FXGL Background Thread 3 ] DEBUG Engine               - class com.almasb.fxgl.localization.LocalizationService
23:40:25.945 [FXGL Background Thread 3 ] DEBUG Engine               - class com.almasb.fxgl.app.services.SystemBundleService
23:40:25.945 [FXGL Background Thread 3 ] DEBUG Engine               - class com.almasb.fxgl.profile.SaveLoadService
23:40:25.945 [FXGL Background Thread 3 ] DEBUG Engine               - class com.almasb.fxgl.ui.FXGLUIFactoryServiceProvider
23:40:25.945 [FXGL Background Thread 3 ] DEBUG Engine               - class com.almasb.fxgl.ui.FXGLDialogFactoryServiceProvider
23:40:25.945 [FXGL Background Thread 3 ] DEBUG Engine               - class com.almasb.fxgl.audio.AudioPlayer
23:40:25.945 [FXGL Background Thread 3 ] DEBUG Engine               - class com.almasb.fxgl.notification.impl.NotificationServiceProvider
23:40:25.945 [FXGL Background Thread 3 ] DEBUG Engine               - class com.almasb.fxgl.achievement.AchievementService
23:40:25.945 [FXGL Background Thread 3 ] DEBUG Engine               - class com.almasb.fxgl.cutscene.CutsceneService
23:40:25.945 [FXGL Background Thread 3 ] DEBUG Engine               - class com.almasb.fxgl.minigames.MiniGameService
23:40:25.945 [FXGL Background Thread 3 ] DEBUG Engine               - class com.almasb.fxgl.net.NetService
23:40:25.945 [FXGL Background Thread 3 ] DEBUG Engine               - class com.almasb.fxgl.app.services.UpdaterService
23:40:25.945 [FXGL Background Thread 3 ] DEBUG Engine               - class com.almasb.fxgl.dev.DevService
23:40:26.422 [JavaFX Application Thread] DEBUG FXGLAssetLoaderServi - Loading from file system: file:/C:/Users/ryles/Downloads/ComProg_Project/target/classes/assets/textures/enemy_sprite.png
23:40:26.430 [JavaFX Application Thread] DEBUG FXGLAssetLoaderServi - Loading from file system: file:/C:/Users/ryles/Downloads/ComProg_Project/target/classes/assets/textures/explosion_sprite.png
23:40:28.227 [JavaFX Application Thread] DEBUG FXGLApplication      - Exiting FXGL
23:40:28.227 [JavaFX Application Thread] DEBUG LoopRunner           - Stopping loop
23:40:28.227 [JavaFX Application Thread] DEBUG SystemBundleService  - Saving FXGL system data
23:40:28.230 [JavaFX Application Thread] DEBUG FileSystemAccess     - Writing to: C:\Users\ryles\Downloads\ComProg_Project\system\fxgl.bundle
23:40:28.232 [JavaFX Application Thread] DEBUG Async                - Shutting down background threads
23:40:28.233 [JavaFX Application Thread] DEBUG PrimaryStageWindow   - Closing main window
23:40:28.269 [JavaFX Application Thread] DEBUG Logger               - Closing Logger
