18:06:12.108 [main                     ] DEBUG Logger               - Configured Logger
18:06:12.114 [main                     ] DEBUG GameApplication      - Logging settings
Title: Untitled
Version: 0.0
Width: 1280
Height: 720
Fullscreen: false
Intro: false
Profiling: false
Single step:false
App Mode: DEVELOPER
Menu Key: ESCAPE
Stage Style: DECORATED
Scene Factory: class org.group1.GamePackage.Factory.MainSceneFactory

18:06:12.308 [JavaFX Application Thread] DEBUG FXGLApplication      - Initializing FXGL
18:06:12.311 [JavaFX Application Thread] INFO  Engine               - FXGL-25 (05.02.2026 22.57) on LINUX (J:25.0.2 FX:21.0.6)
18:06:12.312 [JavaFX Application Thread] DEBUG Engine               - JRE Vendor Name: Arch Linux
18:06:12.312 [JavaFX Application Thread] DEBUG Engine               - Running on OS: Linux version 6.19.9-arch1-1
18:06:12.312 [JavaFX Application Thread] DEBUG Engine               - Architecture: amd64
18:06:12.312 [JavaFX Application Thread] INFO  Engine               - Source code and latest versions at: https://github.com/AlmasB/FXGL
18:06:12.312 [JavaFX Application Thread] INFO  Engine               -       Ask questions and discuss at: https://github.com/AlmasB/FXGL/discussions
18:06:12.382 [JavaFX Application Thread] DEBUG PrimaryStageWindow   - Creating a JavaFX scene
18:06:12.460 [JavaFX Application Thread] DEBUG PrimaryStageWindow   - Target settings size: 1280.0 x 720.0
18:06:12.460 [JavaFX Application Thread] DEBUG PrimaryStageWindow   - Scaled scene size:    1280.0 x 720.0
18:06:12.460 [JavaFX Application Thread] DEBUG PrimaryStageWindow   - Scaled ratio: (1.0, 1.0)
18:06:12.461 [JavaFX Application Thread] DEBUG PrimaryStageWindow   - Set initial scene to FXGLStartupScene
18:06:12.465 [JavaFX Application Thread] DEBUG PrimaryStageWindow   - Opening main window
18:06:12.532 [JavaFX Application Thread] DEBUG PrimaryStageWindow   - Window border size: (0.0, 35.0)
18:06:12.532 [JavaFX Application Thread] DEBUG PrimaryStageWindow   - Scaled size: 1280.0 x 685.0
18:06:12.532 [JavaFX Application Thread] DEBUG PrimaryStageWindow   - Scaled ratio: (1.0, 0.9513888888888888)
18:06:12.532 [JavaFX Application Thread] DEBUG PrimaryStageWindow   - Scene size: 1280.0 x 720.0
18:06:12.532 [JavaFX Application Thread] DEBUG PrimaryStageWindow   - Stage size: 1280.0 x 720.0
18:06:12.538 [FXGL Background Thread 1 ] DEBUG Engine               - Initializing environment variables
18:06:12.601 [FXGL Background Thread 1 ] DEBUG FXGLAssetLoaderServi - User app class for loading assets: class org.group1.GamePackage.Application
18:06:12.601 [FXGL Background Thread 1 ] DEBUG GameApplicationServi - Applying CSS: fxgl_dark.css
18:06:12.602 [FXGL Background Thread 1 ] DEBUG FXGLAssetLoaderServi - Loading from file system: jar:file:///home/me/.m2/repository/com/github/almasb/fxgl/25/fxgl-25.jar!/fxglassets/ui/css/fxgl_dark.css
18:06:12.646 [FXGL Background Thread 1 ] DEBUG GameApplicationServi - Initializing application scenes
18:06:12.710 [FXGL Background Thread 1 ] DEBUG GameWorld            - Game world initialized
18:06:12.746 [FXGL Background Thread 1 ] DEBUG PhysicsWorld         - Physics world initialized: appHeight=720, physics.ppm=50.0
18:06:12.747 [FXGL Background Thread 1 ] DEBUG PhysicsWorld         - Using strategy: BRUTE_FORCE
18:06:12.752 [FXGL Background Thread 1 ] DEBUG GameScene            - Game scene initialized: 1280x720
18:06:12.763 [FXGL Background Thread 1 ] DEBUG FXGL.DefaultMenu     - createMenuBodyGameMenu()
18:06:12.770 [FXGL Background Thread 1 ] DEBUG FXGL.DefaultMenu     - createOptionsMenu()
18:06:12.779 [FXGL Background Thread 1 ] DEBUG FXGLAssetLoaderServi - Loading from file system: jar:file:///home/me/.m2/repository/com/github/almasb/fxgl/25/fxgl-25.jar!/fxglassets/textures/particles/smoke.png
18:06:12.875 [FXGL Background Thread 1 ] DEBUG FXGLAssetLoaderServi - Loading from file system: jar:file:///home/me/.m2/repository/com/github/almasb/fxgl/25/fxgl-25.jar!/fxglassets/textures/particles/trace_horizontal.png
18:06:12.905 [FXGL Background Thread 1 ] DEBUG GameApplicationServi - Application scenes initialized
18:06:12.912 [FXGL Background Thread 1 ] DEBUG SystemBundleService  - Loading FXGL system data
18:06:12.915 [FXGL Background Thread 1 ] DEBUG FileSystemAccess     - Reading from: /home/me/ComProg_Project/system/fxgl.bundle
18:06:12.922 [FXGL Background Thread 1 ] DEBUG SystemBundleService  - Bundle FXGL: {}
18:06:12.922 [FXGL Background Thread 1 ] DEBUG UpdaterService       - Checking for updates
18:06:12.926 [FXGL Background Thread 4 ] DEBUG FXGLApplication      - Loading fonts
18:06:12.926 [FXGL Background Thread 4 ] DEBUG FXGLAssetLoaderServi - Loading from file system: jar:file:///home/me/.m2/repository/com/github/almasb/fxgl/25/fxgl-25.jar!/fxglassets/ui/fonts/VarelaRound-Regular.ttf
18:06:12.927 [FXGL Background Thread 1 ] DEBUG FXGLApplication      - Loading default localization
18:06:12.927 [FXGL Background Thread 1 ] DEBUG FXGLAssetLoaderServi - Loading from file system: jar:file:///home/me/.m2/repository/com/github/almasb/fxgl/25/fxgl-25.jar!/fxglassets/languages/english.lang
18:06:12.932 [FXGL Background Thread 4 ] DEBUG FXGLAssetLoaderServi - Loading from file system: jar:file:///home/me/.m2/repository/com/github/almasb/fxgl/25/fxgl-25.jar!/fxglassets/ui/fonts/Abel-Regular.ttf
18:06:12.934 [FXGL Background Thread 4 ] DEBUG FXGLAssetLoaderServi - Loading from file system: jar:file:///home/me/.m2/repository/com/github/almasb/fxgl/25/fxgl-25.jar!/fxglassets/ui/fonts/TerminalLandMono-Regular.otf
18:06:12.936 [FXGL Background Thread 4 ] DEBUG FXGLAssetLoaderServi - Loading from file system: jar:file:///home/me/.m2/repository/com/github/almasb/fxgl/25/fxgl-25.jar!/fxglassets/ui/fonts/Courier-Prime.ttf
18:06:12.940 [JavaFX Application Thread] DEBUG FXGLApplication      - Registering font factories with UI factory
18:06:12.942 [FXGL Background Thread 1 ] INFO  FXGLApplication      - FXGL initialization took: 0.405 sec
18:06:12.955 [JavaFX Application Thread] DEBUG Input                - Registered new binding: Move left - A
18:06:12.955 [JavaFX Application Thread] DEBUG Input                - Registered new binding: Move right - D
18:06:12.955 [JavaFX Application Thread] DEBUG Input                - Registered new binding: Move down - S
18:06:12.956 [JavaFX Application Thread] DEBUG Input                - Registered new binding: Move up - W
18:06:12.956 [JavaFX Application Thread] DEBUG Input                - Registered new binding: Shoot - Space
18:06:12.956 [JavaFX Application Thread] DEBUG FXGLAssetLoaderServi - Loading from file system: jar:file:///home/me/.m2/repository/com/github/almasb/fxgl/25/fxgl-25.jar!/fxglassets/textures/fxgl_icon.png
18:06:12.986 [JavaFX Application Thread] DEBUG FXGLAssetLoaderServi - Loading from file system: jar:file:///home/me/.m2/repository/com/github/almasb/fxgl/25/fxgl-25.jar!/fxglassets/textures/fxgl_default_cursor.png
18:06:12.988 [JavaFX Application Thread] DEBUG Input                - Registered new binding: Screenshot - CTRL+8
18:06:12.989 [JavaFX Application Thread] DEBUG Input                - Registered new binding: System info dump - CTRL+9
18:06:12.989 [JavaFX Application Thread] DEBUG Input                - Registered new binding: Restart - CTRL+R
18:06:12.990 [JavaFX Application Thread] DEBUG Input                - Registered new binding: Toggle Debug Camera - CTRL+7
18:06:12.993 [JavaFX Application Thread] DEBUG LoopRunner           - Starting loop
18:06:12.993 [JavaFX Application Thread] DEBUG LoopRunner           - Initializing JavaFX AnimationTimerLoop
18:06:12.995 [JavaFX Application Thread] DEBUG Input                - Clearing active input actions
18:06:13.008 [JavaFX Application Thread] DEBUG GameApplicationServi - Removing overlay from FXGLStartupScene and adding to FXGLMainMenuDummyScene
18:06:13.008 [JavaFX Application Thread] DEBUG PrimaryStageWindow   - FXGLStartupScene -> FXGLMainMenuDummyScene
18:06:13.008 [JavaFX Application Thread] DEBUG PrimaryStageWindow   - Push state: MenuInterface
18:06:13.009 [JavaFX Application Thread] DEBUG Input                - Clearing active input actions
18:06:13.013 [JavaFX Application Thread] DEBUG GameApplicationServi - Removing overlay from FXGLMainMenuDummyScene and adding to MenuInterface
18:06:13.013 [JavaFX Application Thread] DEBUG PrimaryStageWindow   - FXGLMainMenuDummyScene -> MenuInterface
18:06:13.764 [JavaFX Application Thread] DEBUG Menu                 - fireNewGame()
18:06:13.764 [JavaFX Application Thread] DEBUG GameApplicationServi - Starting new game
18:06:13.765 [JavaFX Application Thread] DEBUG PrimaryStageWindow   - Pop state: MenuInterface
18:06:13.765 [JavaFX Application Thread] DEBUG Input                - Clearing active input actions
18:06:13.767 [JavaFX Application Thread] DEBUG GameApplicationServi - Removing overlay from MenuInterface and adding to FXGLMainMenuDummyScene
18:06:13.768 [JavaFX Application Thread] DEBUG PrimaryStageWindow   - FXGLMainMenuDummyScene <- MenuInterface
18:06:13.769 [JavaFX Application Thread] DEBUG Input                - Clearing active input actions
18:06:13.792 [JavaFX Application Thread] DEBUG GameApplicationServi - Removing overlay from FXGLMainMenuDummyScene and adding to LoadingInterface
18:06:13.792 [JavaFX Application Thread] DEBUG PrimaryStageWindow   - FXGLMainMenuDummyScene -> LoadingInterface
18:06:13.792 [JavaFX Application Thread] DEBUG GameApplicationServi - Clearing previous game
18:06:13.792 [JavaFX Application Thread] DEBUG GameScene            - Clearing game scene
18:06:13.793 [JavaFX Application Thread] DEBUG GameWorld            - Clearing game world
18:06:13.793 [JavaFX Application Thread] DEBUG PhysicsWorld         - Clearing physics world
18:06:13.795 [FXGL Background Thread 2 ] DEBUG FXGLApplication      - Initializing game
18:06:13.811 [FXGL Background Thread 2 ] DEBUG FXGLAssetLoaderServi - Loading from file system: file:/home/me/ComProg_Project/target/classes/assets/textures/background.png
18:06:13.924 [FXGL Background Thread 2 ] DEBUG FXGLAssetLoaderServi - Loading from file system: file:/home/me/ComProg_Project/target/classes/assets/textures/background_stars1.png
18:06:14.026 [FXGL Background Thread 2 ] DEBUG FXGLAssetLoaderServi - Loading from file system: file:/home/me/ComProg_Project/target/classes/assets/textures/background_stars2.png
18:06:14.063 [FXGL Background Thread 2 ] DEBUG FXGLAssetLoaderServi - Loading from file system: file:/home/me/ComProg_Project/target/classes/assets/textures/background_stars3.png
18:06:14.107 [FXGL Background Thread 2 ] DEBUG FXGLAssetLoaderServi - Loading from file system: file:/home/me/ComProg_Project/target/classes/assets/textures/background_cloud1.png
18:06:14.116 [FXGL Background Thread 2 ] DEBUG FXGLAssetLoaderServi - Loading from file system: file:/home/me/ComProg_Project/target/classes/assets/textures/background_cloud2.png
18:06:14.129 [FXGL Background Thread 2 ] DEBUG FXGLAssetLoaderServi - Loading from file system: file:/home/me/ComProg_Project/target/classes/assets/textures/background_mist1.png
18:06:14.140 [FXGL Background Thread 2 ] DEBUG FXGLAssetLoaderServi - Loading from file system: file:/home/me/ComProg_Project/target/classes/assets/textures/background_hills.png
18:06:14.160 [FXGL Background Thread 2 ] DEBUG FXGLAssetLoaderServi - Loading from file system: file:/home/me/ComProg_Project/target/classes/assets/textures/background_forest.png
18:06:14.172 [FXGL Background Thread 2 ] DEBUG FXGLAssetLoaderServi - Loading from file system: file:/home/me/ComProg_Project/target/classes/assets/textures/background_large_forest.png
18:06:14.193 [FXGL Background Thread 2 ] DEBUG FXGLAssetLoaderServi - Loading from file system: file:/home/me/ComProg_Project/target/classes/assets/textures/idle_sprite.png
18:06:14.196 [FXGL Background Thread 2 ] DEBUG FXGLAssetLoaderServi - Loading from file system: file:/home/me/ComProg_Project/target/classes/assets/textures/down_sprite.png
18:06:14.198 [FXGL Background Thread 2 ] DEBUG FXGLAssetLoaderServi - Loading from file system: file:/home/me/ComProg_Project/target/classes/assets/textures/up_sprite.png
18:06:14.206 [FXGL Background Thread 2 ] DEBUG FXGLAssetLoaderServi - Loading from file system: file:/home/me/ComProg_Project/target/classes/assets/music/main_music.wav
18:06:14.285 [FXGL Background Thread 2 ] DEBUG AudioPlayer          - Playing music com.almasb.fxgl.audio.Music@70306cc3
18:06:14.289 [FXGL Background Thread 2 ] INFO  FXGLApplication      - Game initialization took: 0.494 sec
18:06:14.292 [JavaFX Application Thread] DEBUG Input                - Clearing active input actions
18:06:14.307 [JavaFX Application Thread] DEBUG GameApplicationServi - Removing overlay from LoadingInterface and adding to GameScene
18:06:14.307 [JavaFX Application Thread] DEBUG PrimaryStageWindow   - LoadingInterface -> GameScene
18:06:14.788 [JavaFX Application Thread] DEBUG FXGLAssetLoaderServi - Loading from file system: file:/home/me/ComProg_Project/target/classes/assets/textures/enemy_sprite.png
18:06:14.797 [JavaFX Application Thread] DEBUG FXGLAssetLoaderServi - Loading from file system: file:/home/me/ComProg_Project/target/classes/assets/textures/explosion_sprite.png
18:06:15.924 [FXGL Background Thread 3 ] DEBUG Engine               - Logging environment variables
18:06:15.925 [FXGL Background Thread 3 ] DEBUG Engine               - achievements: []
18:06:15.926 [FXGL Background Thread 3 ] DEBUG Engine               - actualHeight: 685.0
18:06:15.926 [FXGL Background Thread 3 ] DEBUG Engine               - actualHeightProperty: ReadOnlyDoubleProperty [value: 685.0]
18:06:15.926 [FXGL Background Thread 3 ] DEBUG Engine               - actualWidth: 1280.0
18:06:15.926 [FXGL Background Thread 3 ] DEBUG Engine               - actualWidthProperty: ReadOnlyDoubleProperty [value: 1280.0]
18:06:15.926 [FXGL Background Thread 3 ] DEBUG Engine               - appIcon: fxgl_icon.png
18:06:15.926 [FXGL Background Thread 3 ] DEBUG Engine               - applicationMode: DEVELOPER
18:06:15.926 [FXGL Background Thread 3 ] DEBUG Engine               - cSSList: [fxgl_dark.css]
18:06:15.927 [FXGL Background Thread 3 ] DEBUG Engine               - collisionDetectionStrategy: BRUTE_FORCE
18:06:15.927 [FXGL Background Thread 3 ] DEBUG Engine               - configClass: Optional.empty
18:06:15.927 [FXGL Background Thread 3 ] DEBUG Engine               - credits: []
18:06:15.927 [FXGL Background Thread 3 ] DEBUG Engine               - defaultCursor: CursorInfo(imageName=fxgl_default_cursor.png, hotspotX=7.0, hotspotY=6.0)
18:06:15.928 [FXGL Background Thread 3 ] DEBUG Engine               - devBBoxColorProperty: ObjectProperty [value: 0xff0000ff]
18:06:15.928 [FXGL Background Thread 3 ] DEBUG Engine               - devEnableDebugCameraProperty: BooleanProperty [value: false]
18:06:15.928 [FXGL Background Thread 3 ] DEBUG Engine               - devSensorColorProperty: ObjectProperty [value: 0xffff00ff]
18:06:15.928 [FXGL Background Thread 3 ] DEBUG Engine               - devShowBBoxProperty: BooleanProperty [value: false]
18:06:15.928 [FXGL Background Thread 3 ] DEBUG Engine               - devShowPositionProperty: BooleanProperty [value: false]
18:06:15.928 [FXGL Background Thread 3 ] DEBUG Engine               - enabledMenuItems: []
18:06:15.929 [FXGL Background Thread 3 ] DEBUG Engine               - engineServices: [class com.almasb.fxgl.app.services.FXGLAssetLoaderService, class com.almasb.fxgl.app.FXGLApplication$GameApplicationService, class com.almasb.fxgl.app.services.FXGLDialogService, class com.almasb.fxgl.app.services.IOTaskExecutorService, class com.almasb.fxgl.io.FileSystemService, class com.almasb.fxgl.localization.LocalizationService, class com.almasb.fxgl.app.services.SystemBundleService, class com.almasb.fxgl.profile.SaveLoadService, class com.almasb.fxgl.ui.FXGLUIFactoryServiceProvider, class com.almasb.fxgl.ui.FXGLDialogFactoryServiceProvider, class com.almasb.fxgl.audio.AudioPlayer, class com.almasb.fxgl.notification.impl.NotificationServiceProvider, class com.almasb.fxgl.achievement.AchievementService, class com.almasb.fxgl.cutscene.CutsceneService, class com.almasb.fxgl.minigames.MiniGameService, class com.almasb.fxgl.net.NetService, class com.almasb.fxgl.app.services.UpdaterService, class com.almasb.fxgl.dev.DevService]
18:06:15.929 [FXGL Background Thread 3 ] DEBUG Engine               - fontGame: Abel-Regular.ttf
18:06:15.929 [FXGL Background Thread 3 ] DEBUG Engine               - fontMono: TerminalLandMono-Regular.otf
18:06:15.929 [FXGL Background Thread 3 ] DEBUG Engine               - fontSizeScaleUI: 1.0
18:06:15.929 [FXGL Background Thread 3 ] DEBUG Engine               - fontText: Courier-Prime.ttf
18:06:15.929 [FXGL Background Thread 3 ] DEBUG Engine               - fontUI: VarelaRound-Regular.ttf
18:06:15.930 [FXGL Background Thread 3 ] DEBUG Engine               - fpsRefreshRate: 500.0 ms
18:06:15.930 [FXGL Background Thread 3 ] DEBUG Engine               - fullScreen: BooleanProperty [value: false]
18:06:15.930 [FXGL Background Thread 3 ] DEBUG Engine               - gameDifficulty: MEDIUM
18:06:15.930 [FXGL Background Thread 3 ] DEBUG Engine               - gameDifficultyProperty: ObjectProperty [value: MEDIUM]
18:06:15.930 [FXGL Background Thread 3 ] DEBUG Engine               - globalMusicVolume: 0.5
18:06:15.930 [FXGL Background Thread 3 ] DEBUG Engine               - globalMusicVolumeProperty: DoubleProperty [value: 0.5]
18:06:15.931 [FXGL Background Thread 3 ] DEBUG Engine               - globalSoundVolume: 0.5
18:06:15.931 [FXGL Background Thread 3 ] DEBUG Engine               - globalSoundVolumeProperty: DoubleProperty [value: 0.5]
18:06:15.931 [FXGL Background Thread 3 ] DEBUG Engine               - height: 720
18:06:15.931 [FXGL Background Thread 3 ] DEBUG Engine               - is3D: false
18:06:15.931 [FXGL Background Thread 3 ] DEBUG Engine               - isAndroid: false
18:06:15.931 [FXGL Background Thread 3 ] DEBUG Engine               - isBrowser: false
18:06:15.932 [FXGL Background Thread 3 ] DEBUG Engine               - isClickFeedbackEnabled: false
18:06:15.932 [FXGL Background Thread 3 ] DEBUG Engine               - isCloseConfirmation: false
18:06:15.932 [FXGL Background Thread 3 ] DEBUG Engine               - isDesktop: true
18:06:15.932 [FXGL Background Thread 3 ] DEBUG Engine               - isDeveloperMenuEnabled: false
18:06:15.932 [FXGL Background Thread 3 ] DEBUG Engine               - isEmbedded: false
18:06:15.932 [FXGL Background Thread 3 ] DEBUG Engine               - isEntityPreloadEnabled: true
18:06:15.932 [FXGL Background Thread 3 ] DEBUG Engine               - isExperimentalTiledLargeMap: false
18:06:15.933 [FXGL Background Thread 3 ] DEBUG Engine               - isFileSystemWriteAllowed: true
18:06:15.933 [FXGL Background Thread 3 ] DEBUG Engine               - isFullScreenAllowed: false
18:06:15.933 [FXGL Background Thread 3 ] DEBUG Engine               - isFullScreenFromStart: false
18:06:15.933 [FXGL Background Thread 3 ] DEBUG Engine               - isGameMenuEnabled: true
18:06:15.933 [FXGL Background Thread 3 ] DEBUG Engine               - isIOS: false
18:06:15.933 [FXGL Background Thread 3 ] DEBUG Engine               - isIntroEnabled: false
18:06:15.933 [FXGL Background Thread 3 ] DEBUG Engine               - isLinux: true
18:06:15.933 [FXGL Background Thread 3 ] DEBUG Engine               - isMac: false
18:06:15.933 [FXGL Background Thread 3 ] DEBUG Engine               - isMainMenuEnabled: true
18:06:15.934 [FXGL Background Thread 3 ] DEBUG Engine               - isManualResizeEnabled: false
18:06:15.934 [FXGL Background Thread 3 ] DEBUG Engine               - isMobile: false
18:06:15.934 [FXGL Background Thread 3 ] DEBUG Engine               - isNative: false
18:06:15.934 [FXGL Background Thread 3 ] DEBUG Engine               - isPauseMusicWhenMinimized: true
18:06:15.934 [FXGL Background Thread 3 ] DEBUG Engine               - isPreserveResizeRatio: false
18:06:15.934 [FXGL Background Thread 3 ] DEBUG Engine               - isProfilingEnabled: false
18:06:15.934 [FXGL Background Thread 3 ] DEBUG Engine               - isScaleAffectedOnResize: true
18:06:15.934 [FXGL Background Thread 3 ] DEBUG Engine               - isSingleStep: false
18:06:15.934 [FXGL Background Thread 3 ] DEBUG Engine               - isUserProfileEnabled: false
18:06:15.934 [FXGL Background Thread 3 ] DEBUG Engine               - isWindows: false
18:06:15.935 [FXGL Background Thread 3 ] DEBUG Engine               - language: ObjectProperty [value: ENGLISH]
18:06:15.935 [FXGL Background Thread 3 ] DEBUG Engine               - menuKey: ESCAPE
18:06:15.935 [FXGL Background Thread 3 ] DEBUG Engine               - mouseSensitivity: 0.2
18:06:15.935 [FXGL Background Thread 3 ] DEBUG Engine               - notificationViewClass: class com.almasb.fxgl.notification.view.XboxNotificationView
18:06:15.935 [FXGL Background Thread 3 ] DEBUG Engine               - pixelsPerMeter: 50.0
18:06:15.935 [FXGL Background Thread 3 ] DEBUG Engine               - platform: LINUX
18:06:15.935 [FXGL Background Thread 3 ] DEBUG Engine               - prefHeightProperty: ReadOnlyDoubleProperty [value: 720.0]
18:06:15.935 [FXGL Background Thread 3 ] DEBUG Engine               - prefWidthProperty: ReadOnlyDoubleProperty [value: 1280.0]
18:06:15.936 [FXGL Background Thread 3 ] DEBUG Engine               - profileDir: profiles/
18:06:15.936 [FXGL Background Thread 3 ] DEBUG Engine               - profileName: StringProperty [value: DEFAULT]
18:06:15.936 [FXGL Background Thread 3 ] DEBUG Engine               - randomSeed: -1
18:06:15.936 [FXGL Background Thread 3 ] DEBUG Engine               - runtimeInfo: RuntimeInfo(platform=LINUX, version=25, build=05.02.2026 22.57)
18:06:15.936 [FXGL Background Thread 3 ] DEBUG Engine               - saveFileExt: sav
18:06:15.937 [FXGL Background Thread 3 ] DEBUG Engine               - scaledHeightProp$fxgl: DoubleProperty [bound, value: 685.0]
18:06:15.937 [FXGL Background Thread 3 ] DEBUG Engine               - scaledWidthProp$fxgl: DoubleProperty [bound, value: 1280.0]
18:06:15.937 [FXGL Background Thread 3 ] DEBUG Engine               - sceneFactory: org.group1.GamePackage.Factory.MainSceneFactory@5fc63640
18:06:15.937 [FXGL Background Thread 3 ] DEBUG Engine               - secondsIn24h: 60
18:06:15.937 [FXGL Background Thread 3 ] DEBUG Engine               - soundMenuBack: menu/back.wav
18:06:15.937 [FXGL Background Thread 3 ] DEBUG Engine               - soundMenuPress: menu/press.wav
18:06:15.937 [FXGL Background Thread 3 ] DEBUG Engine               - soundMenuSelect: menu/select.wav
18:06:15.938 [FXGL Background Thread 3 ] DEBUG Engine               - soundNotification: core/notification.wav
18:06:15.938 [FXGL Background Thread 3 ] DEBUG Engine               - stageStyle: DECORATED
18:06:15.938 [FXGL Background Thread 3 ] DEBUG Engine               - supportedLanguages: [ENGLISH, FRENCH, GERMAN, HUNGARIAN, RUSSIAN]
18:06:15.938 [FXGL Background Thread 3 ] DEBUG Engine               - ticksPerSecond: -1
18:06:15.938 [FXGL Background Thread 3 ] DEBUG Engine               - title: Untitled
18:06:15.938 [FXGL Background Thread 3 ] DEBUG Engine               - urlGithub: https://github.com/AlmasB/FXGL
18:06:15.938 [FXGL Background Thread 3 ] DEBUG Engine               - urlLeaderboard: http://fxgl-top.herokuapp.com/
18:06:15.938 [FXGL Background Thread 3 ] DEBUG Engine               - urlPOM: https://raw.githubusercontent.com/AlmasB/FXGL/release/README.md
18:06:15.939 [FXGL Background Thread 3 ] DEBUG Engine               - userAppClass: class org.group1.GamePackage.Application
18:06:15.939 [FXGL Background Thread 3 ] DEBUG Engine               - version: 0.0
18:06:15.939 [FXGL Background Thread 3 ] DEBUG Engine               - versionCheckDays: 7
18:06:15.939 [FXGL Background Thread 3 ] DEBUG Engine               - width: 1280
18:06:15.939 [FXGL Background Thread 3 ] DEBUG Engine               - Logging services
18:06:15.939 [FXGL Background Thread 3 ] DEBUG Engine               - class com.almasb.fxgl.app.services.FXGLAssetLoaderService
18:06:15.939 [FXGL Background Thread 3 ] DEBUG Engine               - class com.almasb.fxgl.app.FXGLApplication$GameApplicationService
18:06:15.940 [FXGL Background Thread 3 ] DEBUG Engine               - class com.almasb.fxgl.app.services.FXGLDialogService
18:06:15.940 [FXGL Background Thread 3 ] DEBUG Engine               - class com.almasb.fxgl.app.services.IOTaskExecutorService
18:06:15.940 [FXGL Background Thread 3 ] DEBUG Engine               - class com.almasb.fxgl.io.FileSystemService
18:06:15.940 [FXGL Background Thread 3 ] DEBUG Engine               - class com.almasb.fxgl.localization.LocalizationService
18:06:15.940 [FXGL Background Thread 3 ] DEBUG Engine               - class com.almasb.fxgl.app.services.SystemBundleService
18:06:15.940 [FXGL Background Thread 3 ] DEBUG Engine               - class com.almasb.fxgl.profile.SaveLoadService
18:06:15.940 [FXGL Background Thread 3 ] DEBUG Engine               - class com.almasb.fxgl.ui.FXGLUIFactoryServiceProvider
18:06:15.940 [FXGL Background Thread 3 ] DEBUG Engine               - class com.almasb.fxgl.ui.FXGLDialogFactoryServiceProvider
18:06:15.940 [FXGL Background Thread 3 ] DEBUG Engine               - class com.almasb.fxgl.audio.AudioPlayer
18:06:15.940 [FXGL Background Thread 3 ] DEBUG Engine               - class com.almasb.fxgl.notification.impl.NotificationServiceProvider
18:06:15.941 [FXGL Background Thread 3 ] DEBUG Engine               - class com.almasb.fxgl.achievement.AchievementService
18:06:15.941 [FXGL Background Thread 3 ] DEBUG Engine               - class com.almasb.fxgl.cutscene.CutsceneService
18:06:15.941 [FXGL Background Thread 3 ] DEBUG Engine               - class com.almasb.fxgl.minigames.MiniGameService
18:06:15.941 [FXGL Background Thread 3 ] DEBUG Engine               - class com.almasb.fxgl.net.NetService
18:06:15.941 [FXGL Background Thread 3 ] DEBUG Engine               - class com.almasb.fxgl.app.services.UpdaterService
18:06:15.941 [FXGL Background Thread 3 ] DEBUG Engine               - class com.almasb.fxgl.dev.DevService
18:06:16.699 [JavaFX Application Thread] DEBUG FXGLAssetLoaderServi - Loading from file system: file:/home/me/ComProg_Project/target/classes/assets/sounds/death_sound.wav
18:06:16.704 [JavaFX Application Thread] DEBUG FXGLAssetLoaderServi - Loading from file system: file:/home/me/ComProg_Project/target/classes/assets/sounds/fah.wav
18:06:24.959 [JavaFX Application Thread] DEBUG FXGLApplication      - Exiting FXGL
18:06:24.959 [JavaFX Application Thread] DEBUG LoopRunner           - Stopping loop
18:06:24.959 [JavaFX Application Thread] DEBUG SystemBundleService  - Saving FXGL system data
18:06:24.962 [JavaFX Application Thread] DEBUG FileSystemAccess     - Writing to: /home/me/ComProg_Project/system/fxgl.bundle
18:06:24.966 [JavaFX Application Thread] DEBUG Async                - Shutting down background threads
18:06:24.966 [JavaFX Application Thread] DEBUG PrimaryStageWindow   - Closing main window
18:06:24.970 [JavaFX Application Thread] DEBUG Logger               - Closing Logger
