22:47:59.089 [main                     ] DEBUG Logger               - Configured Logger
22:47:59.103 [main                     ] DEBUG GameApplication      - Logging settings
Title: Untitled
Version: 0.0
Width: 1280
Height: 720
Fullscreen: false
Intro: false
Profiling: false
Single step:false
App Mode: DEVELOPER
Menu Key: ESCAPE
Stage Style: DECORATED
Scene Factory: class org.group1.GamePackage.Factory.MainSceneFactory

22:47:59.536 [JavaFX Application Thread] DEBUG FXGLApplication      - Initializing FXGL
22:47:59.541 [JavaFX Application Thread] INFO  Engine               - FXGL-25 (05.02.2026 22.57) on WINDOWS (J:25.0.1 FX:21.0.6)
22:47:59.542 [JavaFX Application Thread] DEBUG Engine               - JRE Vendor Name: Oracle Corporation
22:47:59.542 [JavaFX Application Thread] DEBUG Engine               - Running on OS: Windows 11 version 10.0
22:47:59.542 [JavaFX Application Thread] DEBUG Engine               - Architecture: amd64
22:47:59.542 [JavaFX Application Thread] INFO  Engine               - Source code and latest versions at: https://github.com/AlmasB/FXGL
22:47:59.543 [JavaFX Application Thread] INFO  Engine               -       Ask questions and discuss at: https://github.com/AlmasB/FXGL/discussions
22:47:59.661 [JavaFX Application Thread] DEBUG PrimaryStageWindow   - Creating a JavaFX scene
22:47:59.662 [JavaFX Application Thread] DEBUG PrimaryStageWindow   - Target size > screen size
22:47:59.726 [JavaFX Application Thread] DEBUG PrimaryStageWindow   - Target settings size: 1280.0 x 720.0
22:47:59.726 [JavaFX Application Thread] DEBUG PrimaryStageWindow   - Scaled scene size:    1169.0 x 671.0
22:47:59.726 [JavaFX Application Thread] DEBUG PrimaryStageWindow   - Scaled ratio: (0.91328125, 0.9319444444444445)
22:47:59.727 [JavaFX Application Thread] DEBUG PrimaryStageWindow   - Set initial scene to FXGLStartupScene
22:47:59.732 [JavaFX Application Thread] DEBUG PrimaryStageWindow   - Opening main window
22:47:59.850 [JavaFX Application Thread] DEBUG PrimaryStageWindow   - Window border size: (15.0, 37.66668701171875)
22:47:59.850 [JavaFX Application Thread] DEBUG PrimaryStageWindow   - Scaled size: 1169.0 x 671.0
22:47:59.850 [JavaFX Application Thread] DEBUG PrimaryStageWindow   - Scaled ratio: (0.91328125, 0.9319444444444445)
22:47:59.851 [JavaFX Application Thread] DEBUG PrimaryStageWindow   - Scene size: 1169.0 x 671.0
22:47:59.851 [JavaFX Application Thread] DEBUG PrimaryStageWindow   - Stage size: 1184.0 x 708.6666870117188
22:47:59.863 [FXGL Background Thread 1 ] DEBUG Engine               - Initializing environment variables
22:47:59.959 [FXGL Background Thread 1 ] DEBUG FXGLAssetLoaderServi - User app class for loading assets: class org.group1.GamePackage.Application
22:47:59.959 [FXGL Background Thread 1 ] DEBUG GameApplicationServi - Applying CSS: fxgl_dark.css
22:47:59.960 [FXGL Background Thread 1 ] DEBUG FXGLAssetLoaderServi - Loading from file system: jar:file:///C:/Users/ryles/.m2/repository/com/github/almasb/fxgl/25/fxgl-25.jar!/fxglassets/ui/css/fxgl_dark.css
22:48:00.018 [FXGL Background Thread 1 ] DEBUG GameApplicationServi - Initializing application scenes
22:48:00.105 [FXGL Background Thread 1 ] DEBUG GameWorld            - Game world initialized
22:48:00.165 [FXGL Background Thread 1 ] DEBUG PhysicsWorld         - Physics world initialized: appHeight=720, physics.ppm=50.0
22:48:00.165 [FXGL Background Thread 1 ] DEBUG PhysicsWorld         - Using strategy: BRUTE_FORCE
22:48:00.172 [FXGL Background Thread 1 ] DEBUG GameScene            - Game scene initialized: 1280x720
22:48:00.186 [FXGL Background Thread 1 ] DEBUG FXGL.DefaultMenu     - createMenuBodyGameMenu()
22:48:00.197 [FXGL Background Thread 1 ] DEBUG FXGL.DefaultMenu     - createOptionsMenu()
22:48:00.207 [FXGL Background Thread 1 ] DEBUG FXGLAssetLoaderServi - Loading from file system: jar:file:///C:/Users/ryles/.m2/repository/com/github/almasb/fxgl/25/fxgl-25.jar!/fxglassets/textures/particles/smoke.png
22:48:00.310 [FXGL Background Thread 1 ] DEBUG FXGLAssetLoaderServi - Loading from file system: jar:file:///C:/Users/ryles/.m2/repository/com/github/almasb/fxgl/25/fxgl-25.jar!/fxglassets/textures/particles/trace_horizontal.png
22:48:00.346 [FXGL Background Thread 1 ] DEBUG GameApplicationServi - Application scenes initialized
22:48:00.357 [FXGL Background Thread 1 ] DEBUG SystemBundleService  - Loading FXGL system data
22:48:00.361 [FXGL Background Thread 1 ] DEBUG FileSystemAccess     - Reading from: C:\Users\ryles\Downloads\ComProg_Project\system\fxgl.bundle
22:48:00.371 [FXGL Background Thread 1 ] DEBUG SystemBundleService  - Bundle FXGL: {}
22:48:00.371 [FXGL Background Thread 1 ] DEBUG UpdaterService       - Checking for updates
22:48:00.375 [FXGL Background Thread 4 ] DEBUG FXGLApplication      - Loading fonts
22:48:00.376 [FXGL Background Thread 1 ] DEBUG FXGLApplication      - Loading default localization
22:48:00.376 [FXGL Background Thread 1 ] DEBUG FXGLAssetLoaderServi - Loading from file system: jar:file:///C:/Users/ryles/.m2/repository/com/github/almasb/fxgl/25/fxgl-25.jar!/fxglassets/languages/english.lang
22:48:00.392 [FXGL Background Thread 1 ] INFO  FXGLApplication      - FXGL initialization took: 0.529 sec
22:48:00.413 [JavaFX Application Thread] DEBUG Input                - Registered new binding: Move left - A
22:48:00.413 [JavaFX Application Thread] DEBUG Input                - Registered new binding: Move right - D
22:48:00.413 [JavaFX Application Thread] DEBUG Input                - Registered new binding: Move down - S
22:48:00.413 [JavaFX Application Thread] DEBUG Input                - Registered new binding: Move up - W
22:48:00.414 [JavaFX Application Thread] DEBUG Input                - Registered new binding: Shoot - Space
22:48:00.414 [JavaFX Application Thread] DEBUG FXGLAssetLoaderServi - Loading from file system: jar:file:///C:/Users/ryles/.m2/repository/com/github/almasb/fxgl/25/fxgl-25.jar!/fxglassets/textures/fxgl_icon.png
22:48:00.427 [FXGL Background Thread 4 ] DEBUG FXGLAssetLoaderServi - Loading from file system: jar:file:///C:/Users/ryles/.m2/repository/com/github/almasb/fxgl/25/fxgl-25.jar!/fxglassets/ui/fonts/Abel-Regular.ttf
22:48:00.433 [FXGL Background Thread 4 ] DEBUG FXGLAssetLoaderServi - Loading from file system: jar:file:///C:/Users/ryles/.m2/repository/com/github/almasb/fxgl/25/fxgl-25.jar!/fxglassets/ui/fonts/TerminalLandMono-Regular.otf
22:48:00.440 [FXGL Background Thread 4 ] DEBUG FXGLAssetLoaderServi - Loading from file system: jar:file:///C:/Users/ryles/.m2/repository/com/github/almasb/fxgl/25/fxgl-25.jar!/fxglassets/ui/fonts/Courier-Prime.ttf
22:48:00.444 [JavaFX Application Thread] DEBUG FXGLAssetLoaderServi - Loading from file system: jar:file:///C:/Users/ryles/.m2/repository/com/github/almasb/fxgl/25/fxgl-25.jar!/fxglassets/textures/fxgl_default_cursor.png
22:48:00.448 [JavaFX Application Thread] DEBUG Input                - Registered new binding: Screenshot - CTRL+8
22:48:00.448 [JavaFX Application Thread] DEBUG Input                - Registered new binding: System info dump - CTRL+9
22:48:00.449 [JavaFX Application Thread] DEBUG Input                - Registered new binding: Restart - CTRL+R
22:48:00.450 [JavaFX Application Thread] DEBUG Input                - Registered new binding: Toggle Debug Camera - CTRL+7
22:48:00.457 [JavaFX Application Thread] DEBUG LoopRunner           - Starting loop
22:48:00.458 [JavaFX Application Thread] DEBUG LoopRunner           - Initializing JavaFX AnimationTimerLoop
22:48:00.459 [JavaFX Application Thread] DEBUG Input                - Clearing active input actions
22:48:00.469 [JavaFX Application Thread] DEBUG GameApplicationServi - Removing overlay from FXGLStartupScene and adding to FXGLMainMenuDummyScene
22:48:00.470 [JavaFX Application Thread] DEBUG PrimaryStageWindow   - FXGLStartupScene -> FXGLMainMenuDummyScene
22:48:00.470 [JavaFX Application Thread] DEBUG PrimaryStageWindow   - Push state: MenuInterface
22:48:00.470 [JavaFX Application Thread] DEBUG Input                - Clearing active input actions
22:48:00.476 [JavaFX Application Thread] DEBUG GameApplicationServi - Removing overlay from FXGLMainMenuDummyScene and adding to MenuInterface
22:48:00.476 [JavaFX Application Thread] DEBUG PrimaryStageWindow   - FXGLMainMenuDummyScene -> MenuInterface
22:48:00.524 [JavaFX Application Thread] DEBUG FXGLApplication      - Registering font factories with UI factory
22:48:03.374 [FXGL Background Thread 3 ] DEBUG Engine               - Logging environment variables
22:48:03.374 [FXGL Background Thread 3 ] DEBUG Engine               - achievements: []
22:48:03.374 [FXGL Background Thread 3 ] DEBUG Engine               - actualHeight: 671.0
22:48:03.374 [FXGL Background Thread 3 ] DEBUG Engine               - actualHeightProperty: ReadOnlyDoubleProperty [value: 671.0]
22:48:03.374 [FXGL Background Thread 3 ] DEBUG Engine               - actualWidth: 1169.0
22:48:03.374 [FXGL Background Thread 3 ] DEBUG Engine               - actualWidthProperty: ReadOnlyDoubleProperty [value: 1169.0]
22:48:03.374 [FXGL Background Thread 3 ] DEBUG Engine               - appIcon: fxgl_icon.png
22:48:03.374 [FXGL Background Thread 3 ] DEBUG Engine               - applicationMode: DEVELOPER
22:48:03.374 [FXGL Background Thread 3 ] DEBUG Engine               - cSSList: [fxgl_dark.css]
22:48:03.374 [FXGL Background Thread 3 ] DEBUG Engine               - collisionDetectionStrategy: BRUTE_FORCE
22:48:03.374 [FXGL Background Thread 3 ] DEBUG Engine               - configClass: Optional.empty
22:48:03.374 [FXGL Background Thread 3 ] DEBUG Engine               - credits: []
22:48:03.374 [FXGL Background Thread 3 ] DEBUG Engine               - defaultCursor: CursorInfo(imageName=fxgl_default_cursor.png, hotspotX=7.0, hotspotY=6.0)
22:48:03.375 [FXGL Background Thread 3 ] DEBUG Engine               - devBBoxColorProperty: ObjectProperty [value: 0xff0000ff]
22:48:03.375 [FXGL Background Thread 3 ] DEBUG Engine               - devEnableDebugCameraProperty: BooleanProperty [value: false]
22:48:03.375 [FXGL Background Thread 3 ] DEBUG Engine               - devSensorColorProperty: ObjectProperty [value: 0xffff00ff]
22:48:03.375 [FXGL Background Thread 3 ] DEBUG Engine               - devShowBBoxProperty: BooleanProperty [value: false]
22:48:03.375 [FXGL Background Thread 3 ] DEBUG Engine               - devShowPositionProperty: BooleanProperty [value: false]
22:48:03.375 [FXGL Background Thread 3 ] DEBUG Engine               - enabledMenuItems: []
22:48:03.375 [FXGL Background Thread 3 ] DEBUG Engine               - engineServices: [class com.almasb.fxgl.app.services.FXGLAssetLoaderService, class com.almasb.fxgl.app.FXGLApplication$GameApplicationService, class com.almasb.fxgl.app.services.FXGLDialogService, class com.almasb.fxgl.app.services.IOTaskExecutorService, class com.almasb.fxgl.io.FileSystemService, class com.almasb.fxgl.localization.LocalizationService, class com.almasb.fxgl.app.services.SystemBundleService, class com.almasb.fxgl.profile.SaveLoadService, class com.almasb.fxgl.ui.FXGLUIFactoryServiceProvider, class com.almasb.fxgl.ui.FXGLDialogFactoryServiceProvider, class com.almasb.fxgl.audio.AudioPlayer, class com.almasb.fxgl.notification.impl.NotificationServiceProvider, class com.almasb.fxgl.achievement.AchievementService, class com.almasb.fxgl.cutscene.CutsceneService, class com.almasb.fxgl.minigames.MiniGameService, class com.almasb.fxgl.net.NetService, class com.almasb.fxgl.app.services.UpdaterService, class com.almasb.fxgl.dev.DevService]
22:48:03.375 [FXGL Background Thread 3 ] DEBUG Engine               - fontGame: Abel-Regular.ttf
22:48:03.375 [FXGL Background Thread 3 ] DEBUG Engine               - fontMono: TerminalLandMono-Regular.otf
22:48:03.375 [FXGL Background Thread 3 ] DEBUG Engine               - fontSizeScaleUI: 1.0
22:48:03.375 [FXGL Background Thread 3 ] DEBUG Engine               - fontText: Courier-Prime.ttf
22:48:03.375 [FXGL Background Thread 3 ] DEBUG Engine               - fontUI: VarelaRound-Regular.ttf
22:48:03.375 [FXGL Background Thread 3 ] DEBUG Engine               - fpsRefreshRate: 500.0 ms
22:48:03.375 [FXGL Background Thread 3 ] DEBUG Engine               - fullScreen: BooleanProperty [value: false]
22:48:03.375 [FXGL Background Thread 3 ] DEBUG Engine               - gameDifficulty: MEDIUM
22:48:03.375 [FXGL Background Thread 3 ] DEBUG Engine               - gameDifficultyProperty: ObjectProperty [value: MEDIUM]
22:48:03.375 [FXGL Background Thread 3 ] DEBUG Engine               - globalMusicVolume: 0.5
22:48:03.376 [FXGL Background Thread 3 ] DEBUG Engine               - globalMusicVolumeProperty: DoubleProperty [value: 0.5]
22:48:03.376 [FXGL Background Thread 3 ] DEBUG Engine               - globalSoundVolume: 0.5
22:48:03.376 [FXGL Background Thread 3 ] DEBUG Engine               - globalSoundVolumeProperty: DoubleProperty [value: 0.5]
22:48:03.376 [FXGL Background Thread 3 ] DEBUG Engine               - height: 720
22:48:03.376 [FXGL Background Thread 3 ] DEBUG Engine               - is3D: false
22:48:03.376 [FXGL Background Thread 3 ] DEBUG Engine               - isAndroid: false
22:48:03.376 [FXGL Background Thread 3 ] DEBUG Engine               - isBrowser: false
22:48:03.376 [FXGL Background Thread 3 ] DEBUG Engine               - isClickFeedbackEnabled: false
22:48:03.376 [FXGL Background Thread 3 ] DEBUG Engine               - isCloseConfirmation: false
22:48:03.376 [FXGL Background Thread 3 ] DEBUG Engine               - isDesktop: true
22:48:03.376 [FXGL Background Thread 3 ] DEBUG Engine               - isDeveloperMenuEnabled: false
22:48:03.376 [FXGL Background Thread 3 ] DEBUG Engine               - isEmbedded: false
22:48:03.376 [FXGL Background Thread 3 ] DEBUG Engine               - isEntityPreloadEnabled: true
22:48:03.376 [FXGL Background Thread 3 ] DEBUG Engine               - isExperimentalTiledLargeMap: false
22:48:03.376 [FXGL Background Thread 3 ] DEBUG Engine               - isFileSystemWriteAllowed: true
22:48:03.376 [FXGL Background Thread 3 ] DEBUG Engine               - isFullScreenAllowed: false
22:48:03.376 [FXGL Background Thread 3 ] DEBUG Engine               - isFullScreenFromStart: false
22:48:03.376 [FXGL Background Thread 3 ] DEBUG Engine               - isGameMenuEnabled: true
22:48:03.376 [FXGL Background Thread 3 ] DEBUG Engine               - isIOS: false
22:48:03.376 [FXGL Background Thread 3 ] DEBUG Engine               - isIntroEnabled: false
22:48:03.376 [FXGL Background Thread 3 ] DEBUG Engine               - isLinux: false
22:48:03.377 [FXGL Background Thread 3 ] DEBUG Engine               - isMac: false
22:48:03.377 [FXGL Background Thread 3 ] DEBUG Engine               - isMainMenuEnabled: true
22:48:03.377 [FXGL Background Thread 3 ] DEBUG Engine               - isManualResizeEnabled: false
22:48:03.377 [FXGL Background Thread 3 ] DEBUG Engine               - isMobile: false
22:48:03.377 [FXGL Background Thread 3 ] DEBUG Engine               - isNative: false
22:48:03.377 [FXGL Background Thread 3 ] DEBUG Engine               - isPauseMusicWhenMinimized: true
22:48:03.377 [FXGL Background Thread 3 ] DEBUG Engine               - isPreserveResizeRatio: false
22:48:03.377 [FXGL Background Thread 3 ] DEBUG Engine               - isProfilingEnabled: false
22:48:03.377 [FXGL Background Thread 3 ] DEBUG Engine               - isScaleAffectedOnResize: true
22:48:03.377 [FXGL Background Thread 3 ] DEBUG Engine               - isSingleStep: false
22:48:03.377 [FXGL Background Thread 3 ] DEBUG Engine               - isUserProfileEnabled: false
22:48:03.377 [FXGL Background Thread 3 ] DEBUG Engine               - isWindows: true
22:48:03.377 [FXGL Background Thread 3 ] DEBUG Engine               - language: ObjectProperty [value: ENGLISH]
22:48:03.377 [FXGL Background Thread 3 ] DEBUG Engine               - menuKey: ESCAPE
22:48:03.377 [FXGL Background Thread 3 ] DEBUG Engine               - mouseSensitivity: 0.2
22:48:03.377 [FXGL Background Thread 3 ] DEBUG Engine               - notificationViewClass: class com.almasb.fxgl.notification.view.XboxNotificationView
22:48:03.377 [FXGL Background Thread 3 ] DEBUG Engine               - pixelsPerMeter: 50.0
22:48:03.377 [FXGL Background Thread 3 ] DEBUG Engine               - platform: WINDOWS
22:48:03.377 [FXGL Background Thread 3 ] DEBUG Engine               - prefHeightProperty: ReadOnlyDoubleProperty [value: 720.0]
22:48:03.377 [FXGL Background Thread 3 ] DEBUG Engine               - prefWidthProperty: ReadOnlyDoubleProperty [value: 1280.0]
22:48:03.377 [FXGL Background Thread 3 ] DEBUG Engine               - profileDir: profiles/
22:48:03.377 [FXGL Background Thread 3 ] DEBUG Engine               - profileName: StringProperty [value: DEFAULT]
22:48:03.377 [FXGL Background Thread 3 ] DEBUG Engine               - randomSeed: -1
22:48:03.379 [FXGL Background Thread 3 ] DEBUG Engine               - runtimeInfo: RuntimeInfo(platform=WINDOWS, version=25, build=05.02.2026 22.57)
22:48:03.379 [FXGL Background Thread 3 ] DEBUG Engine               - saveFileExt: sav
22:48:03.379 [FXGL Background Thread 3 ] DEBUG Engine               - scaledHeightProp$fxgl: DoubleProperty [bound, value: 671.0]
22:48:03.379 [FXGL Background Thread 3 ] DEBUG Engine               - scaledWidthProp$fxgl: DoubleProperty [bound, value: 1169.0]
22:48:03.379 [FXGL Background Thread 3 ] DEBUG Engine               - sceneFactory: org.group1.GamePackage.Factory.MainSceneFactory@19ae313b
22:48:03.379 [FXGL Background Thread 3 ] DEBUG Engine               - secondsIn24h: 60
22:48:03.379 [FXGL Background Thread 3 ] DEBUG Engine               - soundMenuBack: menu/back.wav
22:48:03.379 [FXGL Background Thread 3 ] DEBUG Engine               - soundMenuPress: menu/press.wav
22:48:03.379 [FXGL Background Thread 3 ] DEBUG Engine               - soundMenuSelect: menu/select.wav
22:48:03.379 [FXGL Background Thread 3 ] DEBUG Engine               - soundNotification: core/notification.wav
22:48:03.379 [FXGL Background Thread 3 ] DEBUG Engine               - stageStyle: DECORATED
22:48:03.379 [FXGL Background Thread 3 ] DEBUG Engine               - supportedLanguages: [ENGLISH, FRENCH, GERMAN, HUNGARIAN, RUSSIAN]
22:48:03.379 [FXGL Background Thread 3 ] DEBUG Engine               - ticksPerSecond: -1
22:48:03.379 [FXGL Background Thread 3 ] DEBUG Engine               - title: Untitled
22:48:03.379 [FXGL Background Thread 3 ] DEBUG Engine               - urlGithub: https://github.com/AlmasB/FXGL
22:48:03.379 [FXGL Background Thread 3 ] DEBUG Engine               - urlLeaderboard: http://fxgl-top.herokuapp.com/
22:48:03.379 [FXGL Background Thread 3 ] DEBUG Engine               - urlPOM: https://raw.githubusercontent.com/AlmasB/FXGL/release/README.md
22:48:03.379 [FXGL Background Thread 3 ] DEBUG Engine               - userAppClass: class org.group1.GamePackage.Application
22:48:03.379 [FXGL Background Thread 3 ] DEBUG Engine               - version: 0.0
22:48:03.379 [FXGL Background Thread 3 ] DEBUG Engine               - versionCheckDays: 7
22:48:03.379 [FXGL Background Thread 3 ] DEBUG Engine               - width: 1280
22:48:03.380 [FXGL Background Thread 3 ] DEBUG Engine               - Logging services
22:48:03.380 [FXGL Background Thread 3 ] DEBUG Engine               - class com.almasb.fxgl.app.services.FXGLAssetLoaderService
22:48:03.380 [FXGL Background Thread 3 ] DEBUG Engine               - class com.almasb.fxgl.app.FXGLApplication$GameApplicationService
22:48:03.380 [FXGL Background Thread 3 ] DEBUG Engine               - class com.almasb.fxgl.app.services.FXGLDialogService
22:48:03.380 [FXGL Background Thread 3 ] DEBUG Engine               - class com.almasb.fxgl.app.services.IOTaskExecutorService
22:48:03.380 [FXGL Background Thread 3 ] DEBUG Engine               - class com.almasb.fxgl.io.FileSystemService
22:48:03.380 [FXGL Background Thread 3 ] DEBUG Engine               - class com.almasb.fxgl.localization.LocalizationService
22:48:03.380 [FXGL Background Thread 3 ] DEBUG Engine               - class com.almasb.fxgl.app.services.SystemBundleService
22:48:03.380 [FXGL Background Thread 3 ] DEBUG Engine               - class com.almasb.fxgl.profile.SaveLoadService
22:48:03.380 [FXGL Background Thread 3 ] DEBUG Engine               - class com.almasb.fxgl.ui.FXGLUIFactoryServiceProvider
22:48:03.380 [FXGL Background Thread 3 ] DEBUG Engine               - class com.almasb.fxgl.ui.FXGLDialogFactoryServiceProvider
22:48:03.380 [FXGL Background Thread 3 ] DEBUG Engine               - class com.almasb.fxgl.audio.AudioPlayer
22:48:03.380 [FXGL Background Thread 3 ] DEBUG Engine               - class com.almasb.fxgl.notification.impl.NotificationServiceProvider
22:48:03.380 [FXGL Background Thread 3 ] DEBUG Engine               - class com.almasb.fxgl.achievement.AchievementService
22:48:03.380 [FXGL Background Thread 3 ] DEBUG Engine               - class com.almasb.fxgl.cutscene.CutsceneService
22:48:03.380 [FXGL Background Thread 3 ] DEBUG Engine               - class com.almasb.fxgl.minigames.MiniGameService
22:48:03.380 [FXGL Background Thread 3 ] DEBUG Engine               - class com.almasb.fxgl.net.NetService
22:48:03.380 [FXGL Background Thread 3 ] DEBUG Engine               - class com.almasb.fxgl.app.services.UpdaterService
22:48:03.380 [FXGL Background Thread 3 ] DEBUG Engine               - class com.almasb.fxgl.dev.DevService
22:48:03.859 [JavaFX Application Thread] DEBUG Menu                 - fireNewGame()
22:48:03.859 [JavaFX Application Thread] DEBUG GameApplicationServi - Starting new game
22:48:03.859 [JavaFX Application Thread] DEBUG PrimaryStageWindow   - Pop state: MenuInterface
22:48:03.859 [JavaFX Application Thread] DEBUG Input                - Clearing active input actions
22:48:03.860 [JavaFX Application Thread] DEBUG GameApplicationServi - Removing overlay from MenuInterface and adding to FXGLMainMenuDummyScene
22:48:03.860 [JavaFX Application Thread] DEBUG PrimaryStageWindow   - FXGLMainMenuDummyScene <- MenuInterface
22:48:03.860 [JavaFX Application Thread] DEBUG Input                - Clearing active input actions
22:48:03.869 [JavaFX Application Thread] DEBUG GameApplicationServi - Removing overlay from FXGLMainMenuDummyScene and adding to LoadingInterface
22:48:03.869 [JavaFX Application Thread] DEBUG PrimaryStageWindow   - FXGLMainMenuDummyScene -> LoadingInterface
22:48:03.869 [JavaFX Application Thread] DEBUG GameApplicationServi - Clearing previous game
22:48:03.870 [JavaFX Application Thread] DEBUG GameScene            - Clearing game scene
22:48:03.870 [JavaFX Application Thread] DEBUG GameWorld            - Clearing game world
22:48:03.870 [JavaFX Application Thread] DEBUG PhysicsWorld         - Clearing physics world
22:48:03.872 [FXGL Background Thread 2 ] DEBUG FXGLApplication      - Initializing game
22:48:03.882 [FXGL Background Thread 2 ] DEBUG FXGLAssetLoaderServi - Loading from file system: file:/C:/Users/ryles/Downloads/ComProg_Project/target/classes/assets/textures/background.png
22:48:04.004 [FXGL Background Thread 2 ] DEBUG FXGLAssetLoaderServi - Loading from file system: file:/C:/Users/ryles/Downloads/ComProg_Project/target/classes/assets/textures/background_stars1.png
22:48:04.100 [FXGL Background Thread 2 ] DEBUG FXGLAssetLoaderServi - Loading from file system: file:/C:/Users/ryles/Downloads/ComProg_Project/target/classes/assets/textures/background_stars2.png
22:48:04.133 [FXGL Background Thread 2 ] DEBUG FXGLAssetLoaderServi - Loading from file system: file:/C:/Users/ryles/Downloads/ComProg_Project/target/classes/assets/textures/background_stars3.png
22:48:04.163 [FXGL Background Thread 2 ] DEBUG FXGLAssetLoaderServi - Loading from file system: file:/C:/Users/ryles/Downloads/ComProg_Project/target/classes/assets/textures/background_cloud1.png
22:48:04.174 [FXGL Background Thread 2 ] DEBUG FXGLAssetLoaderServi - Loading from file system: file:/C:/Users/ryles/Downloads/ComProg_Project/target/classes/assets/textures/background_cloud2.png
22:48:04.187 [FXGL Background Thread 2 ] DEBUG FXGLAssetLoaderServi - Loading from file system: file:/C:/Users/ryles/Downloads/ComProg_Project/target/classes/assets/textures/background_mist1.png
22:48:04.197 [FXGL Background Thread 2 ] DEBUG FXGLAssetLoaderServi - Loading from file system: file:/C:/Users/ryles/Downloads/ComProg_Project/target/classes/assets/textures/background_hills.png
22:48:04.220 [FXGL Background Thread 2 ] DEBUG FXGLAssetLoaderServi - Loading from file system: file:/C:/Users/ryles/Downloads/ComProg_Project/target/classes/assets/textures/background_forest.png
22:48:04.231 [FXGL Background Thread 2 ] DEBUG FXGLAssetLoaderServi - Loading from file system: file:/C:/Users/ryles/Downloads/ComProg_Project/target/classes/assets/textures/background_large_forest.png
22:48:04.253 [FXGL Background Thread 2 ] DEBUG FXGLAssetLoaderServi - Loading from file system: file:/C:/Users/ryles/Downloads/ComProg_Project/target/classes/assets/textures/idle_sprite.png
22:48:04.258 [FXGL Background Thread 2 ] DEBUG FXGLAssetLoaderServi - Loading from file system: file:/C:/Users/ryles/Downloads/ComProg_Project/target/classes/assets/textures/down_sprite.png
22:48:04.271 [FXGL Background Thread 2 ] DEBUG FXGLAssetLoaderServi - Loading from file system: file:/C:/Users/ryles/Downloads/ComProg_Project/target/classes/assets/textures/up_sprite.png
22:48:04.286 [FXGL Background Thread 2 ] DEBUG FXGLAssetLoaderServi - Loading from file system: file:/C:/Users/ryles/Downloads/ComProg_Project/target/classes/assets/music/main_music.wav
22:48:04.435 [FXGL Background Thread 2 ] DEBUG AudioPlayer          - Playing music com.almasb.fxgl.audio.Music@302a52fb
22:48:04.444 [FXGL Background Thread 2 ] INFO  FXGLApplication      - Game initialization took: 0.572 sec
22:48:04.445 [JavaFX Application Thread] DEBUG Input                - Clearing active input actions
22:48:04.453 [JavaFX Application Thread] DEBUG GameApplicationServi - Removing overlay from LoadingInterface and adding to GameScene
22:48:04.454 [JavaFX Application Thread] DEBUG PrimaryStageWindow   - LoadingInterface -> GameScene
22:48:04.948 [JavaFX Application Thread] DEBUG FXGLAssetLoaderServi - Loading from file system: file:/C:/Users/ryles/Downloads/ComProg_Project/target/classes/assets/textures/enemy_sprite.png
22:48:04.953 [JavaFX Application Thread] DEBUG FXGLAssetLoaderServi - Loading from file system: file:/C:/Users/ryles/Downloads/ComProg_Project/target/classes/assets/textures/explosion_sprite.png
22:48:07.971 [JavaFX Application Thread] DEBUG FXGLAssetLoaderServi - Loading from file system: file:/C:/Users/ryles/Downloads/ComProg_Project/target/classes/assets/textures/bullet_sprite.png
22:48:08.018 [JavaFX Application Thread] DEBUG FXGLAssetLoaderServi - Loading from file system: file:/C:/Users/ryles/Downloads/ComProg_Project/target/classes/assets/sounds/death_sound.wav
22:48:08.032 [JavaFX Application Thread] DEBUG FXGLAssetLoaderServi - Loading from file system: file:/C:/Users/ryles/Downloads/ComProg_Project/target/classes/assets/sounds/fah.wav
22:48:20.854 [JavaFX Application Thread] DEBUG FXGLAssetLoaderServi - Loading from file system: file:/C:/Users/ryles/Downloads/ComProg_Project/target/classes/assets/textures/heart_sprite.png
22:48:20.873 [JavaFX Application Thread] DEBUG FXGLAssetLoaderServi - Loading from file system: file:/C:/Users/ryles/Downloads/ComProg_Project/target/classes/assets/textures/heart_explode_sprite.png
22:48:23.537 [JavaFX Application Thread] DEBUG FXGLAssetLoaderServi - Loading from file system: file:/C:/Users/ryles/Downloads/ComProg_Project/target/classes/assets/sounds/heart_gain.wav
22:48:46.216 [JavaFX Application Thread] DEBUG FXGLApplication      - Exiting FXGL
22:48:46.217 [JavaFX Application Thread] DEBUG LoopRunner           - Stopping loop
22:48:46.217 [JavaFX Application Thread] DEBUG SystemBundleService  - Saving FXGL system data
22:48:46.219 [JavaFX Application Thread] DEBUG FileSystemAccess     - Writing to: C:\Users\ryles\Downloads\ComProg_Project\system\fxgl.bundle
22:48:46.222 [JavaFX Application Thread] DEBUG Async                - Shutting down background threads
22:48:46.222 [JavaFX Application Thread] DEBUG PrimaryStageWindow   - Closing main window
22:48:46.256 [JavaFX Application Thread] DEBUG Logger               - Closing Logger
