23:28:45.167 [main                     ] DEBUG Logger               - Configured Logger
23:28:45.175 [main                     ] DEBUG GameApplication      - Logging settings
Title: Untitled
Version: 0.0
Width: 800
Height: 600
Fullscreen: false
Intro: false
Profiling: false
Single step:false
App Mode: DEVELOPER
Menu Key: ESCAPE
Stage Style: DECORATED
Scene Factory: class com.almasb.fxgl.app.scene.SceneFactory

23:28:45.440 [JavaFX Application Thread] DEBUG FXGLApplication      - Initializing FXGL
23:28:45.445 [JavaFX Application Thread] INFO  Engine               - FXGL-25 (05.02.2026 22.57) on LINUX (J:25.0.2 FX:21.0.6)
23:28:45.446 [JavaFX Application Thread] DEBUG Engine               - JRE Vendor Name: Arch Linux
23:28:45.446 [JavaFX Application Thread] DEBUG Engine               - Running on OS: Linux version 6.18.9-arch1-2
23:28:45.446 [JavaFX Application Thread] DEBUG Engine               - Architecture: amd64
23:28:45.446 [JavaFX Application Thread] INFO  Engine               - Source code and latest versions at: https://github.com/AlmasB/FXGL
23:28:45.446 [JavaFX Application Thread] INFO  Engine               -       Ask questions and discuss at: https://github.com/AlmasB/FXGL/discussions
23:28:45.548 [JavaFX Application Thread] DEBUG PrimaryStageWindow   - Creating a JavaFX scene
23:28:45.658 [JavaFX Application Thread] DEBUG PrimaryStageWindow   - Target settings size: 800.0 x 600.0
23:28:45.658 [JavaFX Application Thread] DEBUG PrimaryStageWindow   - Scaled scene size:    800.0 x 600.0
23:28:45.659 [JavaFX Application Thread] DEBUG PrimaryStageWindow   - Scaled ratio: (1.0, 1.0)
23:28:45.660 [JavaFX Application Thread] DEBUG PrimaryStageWindow   - Set initial scene to FXGLStartupScene
23:28:45.665 [JavaFX Application Thread] DEBUG PrimaryStageWindow   - Opening main window
23:28:45.755 [JavaFX Application Thread] DEBUG PrimaryStageWindow   - Window border size: (0.0, 35.0)
23:28:45.755 [JavaFX Application Thread] DEBUG PrimaryStageWindow   - Scaled size: 800.0 x 565.0
23:28:45.756 [JavaFX Application Thread] DEBUG PrimaryStageWindow   - Scaled ratio: (1.0, 0.9416666666666667)
23:28:45.756 [JavaFX Application Thread] DEBUG PrimaryStageWindow   - Scene size: 800.0 x 600.0
23:28:45.756 [JavaFX Application Thread] DEBUG PrimaryStageWindow   - Stage size: 800.0 x 600.0
23:28:45.763 [FXGL Background Thread 1 ] DEBUG Engine               - Initializing environment variables
23:28:45.849 [FXGL Background Thread 1 ] DEBUG FXGLAssetLoaderServi - User app class for loading assets: class TestPackage.BasicGameSample
23:28:45.849 [FXGL Background Thread 1 ] DEBUG GameApplicationServi - Applying CSS: fxgl_dark.css
23:28:45.851 [FXGL Background Thread 1 ] DEBUG FXGLAssetLoaderServi - Loading from file system: jar:file:///home/me/.m2/repository/com/github/almasb/fxgl/25/fxgl-25.jar!/fxglassets/ui/css/fxgl_dark.css
23:28:45.912 [FXGL Background Thread 1 ] DEBUG GameApplicationServi - Initializing application scenes
23:28:45.972 [FXGL Background Thread 1 ] DEBUG GameWorld            - Game world initialized
23:28:46.057 [FXGL Background Thread 1 ] DEBUG PhysicsWorld         - Physics world initialized: appHeight=600, physics.ppm=50.0
23:28:46.057 [FXGL Background Thread 1 ] DEBUG PhysicsWorld         - Using strategy: BRUTE_FORCE
23:28:46.063 [FXGL Background Thread 1 ] DEBUG GameScene            - Game scene initialized: 800x600
23:28:46.087 [FXGL Background Thread 1 ] DEBUG FXGL.DefaultMenu     - createMenuBodyGameMenu()
23:28:46.107 [FXGL Background Thread 1 ] DEBUG FXGL.DefaultMenu     - createOptionsMenu()
23:28:46.123 [FXGL Background Thread 1 ] DEBUG FXGLAssetLoaderServi - Loading from file system: jar:file:///home/me/.m2/repository/com/github/almasb/fxgl/25/fxgl-25.jar!/fxglassets/textures/particles/smoke.png
23:28:46.268 [FXGL Background Thread 1 ] DEBUG FXGLAssetLoaderServi - Loading from file system: jar:file:///home/me/.m2/repository/com/github/almasb/fxgl/25/fxgl-25.jar!/fxglassets/textures/particles/trace_horizontal.png
23:28:46.319 [FXGL Background Thread 1 ] DEBUG GameApplicationServi - Application scenes initialized
23:28:46.336 [FXGL Background Thread 1 ] DEBUG SystemBundleService  - Loading FXGL system data
23:28:46.342 [FXGL Background Thread 1 ] DEBUG FileSystemAccess     - Reading from: /home/me/ComProg_Project/system/fxgl.bundle
23:28:46.352 [FXGL Background Thread 1 ] DEBUG SystemBundleService  - Bundle FXGL: {}
23:28:46.352 [FXGL Background Thread 1 ] DEBUG UpdaterService       - Checking for updates
23:28:46.360 [FXGL Background Thread 4 ] DEBUG FXGLApplication      - Loading fonts
23:28:46.361 [FXGL Background Thread 4 ] DEBUG FXGLAssetLoaderServi - Loading from file system: jar:file:///home/me/.m2/repository/com/github/almasb/fxgl/25/fxgl-25.jar!/fxglassets/ui/fonts/VarelaRound-Regular.ttf
23:28:46.361 [FXGL Background Thread 1 ] DEBUG FXGLApplication      - Loading default localization
23:28:46.362 [FXGL Background Thread 1 ] DEBUG FXGLAssetLoaderServi - Loading from file system: jar:file:///home/me/.m2/repository/com/github/almasb/fxgl/25/fxgl-25.jar!/fxglassets/languages/english.lang
23:28:46.371 [FXGL Background Thread 4 ] DEBUG FXGLAssetLoaderServi - Loading from file system: jar:file:///home/me/.m2/repository/com/github/almasb/fxgl/25/fxgl-25.jar!/fxglassets/ui/fonts/Abel-Regular.ttf
23:28:46.374 [FXGL Background Thread 4 ] DEBUG FXGLAssetLoaderServi - Loading from file system: jar:file:///home/me/.m2/repository/com/github/almasb/fxgl/25/fxgl-25.jar!/fxglassets/ui/fonts/TerminalLandMono-Regular.otf
23:28:46.378 [FXGL Background Thread 4 ] DEBUG FXGLAssetLoaderServi - Loading from file system: jar:file:///home/me/.m2/repository/com/github/almasb/fxgl/25/fxgl-25.jar!/fxglassets/ui/fonts/Courier-Prime.ttf
23:28:46.386 [FXGL Background Thread 1 ] INFO  FXGLApplication      - FXGL initialization took: 0.623 sec
23:28:46.387 [JavaFX Application Thread] DEBUG FXGLApplication      - Registering font factories with UI factory
23:28:46.405 [JavaFX Application Thread] DEBUG Input                - Registered new binding: Move up - W
23:28:46.405 [JavaFX Application Thread] DEBUG Input                - Registered new binding: Move down - S
23:28:46.405 [JavaFX Application Thread] DEBUG Input                - Registered new binding: Move left - A
23:28:46.406 [JavaFX Application Thread] DEBUG Input                - Registered new binding: Move right - D
23:28:46.406 [JavaFX Application Thread] DEBUG FXGLAssetLoaderServi - Loading from file system: jar:file:///home/me/.m2/repository/com/github/almasb/fxgl/25/fxgl-25.jar!/fxglassets/textures/fxgl_icon.png
23:28:46.449 [JavaFX Application Thread] DEBUG FXGLAssetLoaderServi - Loading from file system: jar:file:///home/me/.m2/repository/com/github/almasb/fxgl/25/fxgl-25.jar!/fxglassets/textures/fxgl_default_cursor.png
23:28:46.453 [JavaFX Application Thread] DEBUG Input                - Registered new binding: Screenshot - CTRL+8
23:28:46.454 [JavaFX Application Thread] DEBUG Input                - Registered new binding: System info dump - CTRL+9
23:28:46.455 [JavaFX Application Thread] DEBUG Input                - Registered new binding: Restart - CTRL+R
23:28:46.457 [JavaFX Application Thread] DEBUG Input                - Registered new binding: Toggle Debug Camera - CTRL+7
23:28:46.461 [JavaFX Application Thread] DEBUG LoopRunner           - Starting loop
23:28:46.461 [JavaFX Application Thread] DEBUG LoopRunner           - Initializing JavaFX AnimationTimerLoop
23:28:46.462 [JavaFX Application Thread] DEBUG GameApplicationServi - Starting new game
23:28:46.463 [JavaFX Application Thread] DEBUG Input                - Clearing active input actions
23:28:46.481 [JavaFX Application Thread] DEBUG GameApplicationServi - Removing overlay from FXGLStartupScene and adding to FXGLLoadingScene
23:28:46.481 [JavaFX Application Thread] DEBUG PrimaryStageWindow   - FXGLStartupScene -> FXGLLoadingScene
23:28:46.481 [JavaFX Application Thread] DEBUG GameApplicationServi - Clearing previous game
23:28:46.481 [JavaFX Application Thread] DEBUG GameScene            - Clearing game scene
23:28:46.482 [JavaFX Application Thread] DEBUG GameWorld            - Clearing game world
23:28:46.482 [JavaFX Application Thread] DEBUG PhysicsWorld         - Clearing physics world
23:28:46.485 [FXGL Background Thread 1 ] DEBUG FXGLApplication      - Initializing game
23:28:46.524 [FXGL Background Thread 1 ] DEBUG FXGLAssetLoaderServi - Loading from file system: file:/home/me/ComProg_Project/target/classes/assets/textures/idle_sprite.png
23:28:46.546 [FXGL Background Thread 1 ] DEBUG FXGLAssetLoaderServi - Loading from file system: file:/home/me/ComProg_Project/target/classes/assets/textures/down_sprite.png
23:28:46.574 [FXGL Background Thread 1 ] INFO  FXGLApplication      - Game initialization took: 0.089 sec
23:28:46.710 [JavaFX Application Thread] DEBUG Input                - Clearing active input actions
23:28:46.727 [JavaFX Application Thread] DEBUG GameApplicationServi - Removing overlay from FXGLLoadingScene and adding to GameScene
23:28:46.727 [JavaFX Application Thread] DEBUG PrimaryStageWindow   - FXGLLoadingScene -> GameScene
23:28:49.357 [FXGL Background Thread 3 ] DEBUG Engine               - Logging environment variables
23:28:49.358 [FXGL Background Thread 3 ] DEBUG Engine               - achievements: []
23:28:49.358 [FXGL Background Thread 3 ] DEBUG Engine               - actualHeight: 958.0
23:28:49.358 [FXGL Background Thread 3 ] DEBUG Engine               - actualHeightProperty: ReadOnlyDoubleProperty [value: 958.0]
23:28:49.358 [FXGL Background Thread 3 ] DEBUG Engine               - actualWidth: 938.0
23:28:49.358 [FXGL Background Thread 3 ] DEBUG Engine               - actualWidthProperty: ReadOnlyDoubleProperty [value: 938.0]
23:28:49.358 [FXGL Background Thread 3 ] DEBUG Engine               - appIcon: fxgl_icon.png
23:28:49.358 [FXGL Background Thread 3 ] DEBUG Engine               - applicationMode: DEVELOPER
23:28:49.358 [FXGL Background Thread 3 ] DEBUG Engine               - cSSList: [fxgl_dark.css]
23:28:49.358 [FXGL Background Thread 3 ] DEBUG Engine               - collisionDetectionStrategy: BRUTE_FORCE
23:28:49.359 [FXGL Background Thread 3 ] DEBUG Engine               - configClass: Optional.empty
23:28:49.359 [FXGL Background Thread 3 ] DEBUG Engine               - credits: []
23:28:49.359 [FXGL Background Thread 3 ] DEBUG Engine               - defaultCursor: CursorInfo(imageName=fxgl_default_cursor.png, hotspotX=7.0, hotspotY=6.0)
23:28:49.359 [FXGL Background Thread 3 ] DEBUG Engine               - devBBoxColorProperty: ObjectProperty [value: 0xff0000ff]
23:28:49.359 [FXGL Background Thread 3 ] DEBUG Engine               - devEnableDebugCameraProperty: BooleanProperty [value: false]
23:28:49.359 [FXGL Background Thread 3 ] DEBUG Engine               - devSensorColorProperty: ObjectProperty [value: 0xffff00ff]
23:28:49.359 [FXGL Background Thread 3 ] DEBUG Engine               - devShowBBoxProperty: BooleanProperty [value: false]
23:28:49.359 [FXGL Background Thread 3 ] DEBUG Engine               - devShowPositionProperty: BooleanProperty [value: false]
23:28:49.359 [FXGL Background Thread 3 ] DEBUG Engine               - enabledMenuItems: []
23:28:49.359 [FXGL Background Thread 3 ] DEBUG Engine               - engineServices: [class com.almasb.fxgl.app.services.FXGLAssetLoaderService, class com.almasb.fxgl.app.FXGLApplication$GameApplicationService, class com.almasb.fxgl.app.services.FXGLDialogService, class com.almasb.fxgl.app.services.IOTaskExecutorService, class com.almasb.fxgl.io.FileSystemService, class com.almasb.fxgl.localization.LocalizationService, class com.almasb.fxgl.app.services.SystemBundleService, class com.almasb.fxgl.profile.SaveLoadService, class com.almasb.fxgl.ui.FXGLUIFactoryServiceProvider, class com.almasb.fxgl.ui.FXGLDialogFactoryServiceProvider, class com.almasb.fxgl.audio.AudioPlayer, class com.almasb.fxgl.notification.impl.NotificationServiceProvider, class com.almasb.fxgl.achievement.AchievementService, class com.almasb.fxgl.cutscene.CutsceneService, class com.almasb.fxgl.minigames.MiniGameService, class com.almasb.fxgl.net.NetService, class com.almasb.fxgl.app.services.UpdaterService, class com.almasb.fxgl.dev.DevService]
23:28:49.359 [FXGL Background Thread 3 ] DEBUG Engine               - fontGame: Abel-Regular.ttf
23:28:49.360 [FXGL Background Thread 3 ] DEBUG Engine               - fontMono: TerminalLandMono-Regular.otf
23:28:49.360 [FXGL Background Thread 3 ] DEBUG Engine               - fontSizeScaleUI: 1.0
23:28:49.360 [FXGL Background Thread 3 ] DEBUG Engine               - fontText: Courier-Prime.ttf
23:28:49.360 [FXGL Background Thread 3 ] DEBUG Engine               - fontUI: VarelaRound-Regular.ttf
23:28:49.360 [FXGL Background Thread 3 ] DEBUG Engine               - fpsRefreshRate: 500.0 ms
23:28:49.360 [FXGL Background Thread 3 ] DEBUG Engine               - fullScreen: BooleanProperty [value: false]
23:28:49.360 [FXGL Background Thread 3 ] DEBUG Engine               - gameDifficulty: MEDIUM
23:28:49.360 [FXGL Background Thread 3 ] DEBUG Engine               - gameDifficultyProperty: ObjectProperty [value: MEDIUM]
23:28:49.360 [FXGL Background Thread 3 ] DEBUG Engine               - globalMusicVolume: 0.5
23:28:49.360 [FXGL Background Thread 3 ] DEBUG Engine               - globalMusicVolumeProperty: DoubleProperty [value: 0.5]
23:28:49.360 [FXGL Background Thread 3 ] DEBUG Engine               - globalSoundVolume: 0.5
23:28:49.360 [FXGL Background Thread 3 ] DEBUG Engine               - globalSoundVolumeProperty: DoubleProperty [value: 0.5]
23:28:49.361 [FXGL Background Thread 3 ] DEBUG Engine               - height: 600
23:28:49.361 [FXGL Background Thread 3 ] DEBUG Engine               - is3D: false
23:28:49.361 [FXGL Background Thread 3 ] DEBUG Engine               - isAndroid: false
23:28:49.361 [FXGL Background Thread 3 ] DEBUG Engine               - isBrowser: false
23:28:49.361 [FXGL Background Thread 3 ] DEBUG Engine               - isClickFeedbackEnabled: false
23:28:49.361 [FXGL Background Thread 3 ] DEBUG Engine               - isCloseConfirmation: false
23:28:49.361 [FXGL Background Thread 3 ] DEBUG Engine               - isDesktop: true
23:28:49.361 [FXGL Background Thread 3 ] DEBUG Engine               - isDeveloperMenuEnabled: false
23:28:49.361 [FXGL Background Thread 3 ] DEBUG Engine               - isEmbedded: false
23:28:49.361 [FXGL Background Thread 3 ] DEBUG Engine               - isEntityPreloadEnabled: true
23:28:49.361 [FXGL Background Thread 3 ] DEBUG Engine               - isExperimentalTiledLargeMap: false
23:28:49.361 [FXGL Background Thread 3 ] DEBUG Engine               - isFileSystemWriteAllowed: true
23:28:49.361 [FXGL Background Thread 3 ] DEBUG Engine               - isFullScreenAllowed: false
23:28:49.361 [FXGL Background Thread 3 ] DEBUG Engine               - isFullScreenFromStart: false
23:28:49.361 [FXGL Background Thread 3 ] DEBUG Engine               - isGameMenuEnabled: true
23:28:49.361 [FXGL Background Thread 3 ] DEBUG Engine               - isIOS: false
23:28:49.362 [FXGL Background Thread 3 ] DEBUG Engine               - isIntroEnabled: false
23:28:49.362 [FXGL Background Thread 3 ] DEBUG Engine               - isLinux: true
23:28:49.362 [FXGL Background Thread 3 ] DEBUG Engine               - isMac: false
23:28:49.362 [FXGL Background Thread 3 ] DEBUG Engine               - isMainMenuEnabled: false
23:28:49.362 [FXGL Background Thread 3 ] DEBUG Engine               - isManualResizeEnabled: false
23:28:49.362 [FXGL Background Thread 3 ] DEBUG Engine               - isMobile: false
23:28:49.362 [FXGL Background Thread 3 ] DEBUG Engine               - isNative: false
23:28:49.362 [FXGL Background Thread 3 ] DEBUG Engine               - isPauseMusicWhenMinimized: true
23:28:49.362 [FXGL Background Thread 3 ] DEBUG Engine               - isPreserveResizeRatio: false
23:28:49.362 [FXGL Background Thread 3 ] DEBUG Engine               - isProfilingEnabled: false
23:28:49.362 [FXGL Background Thread 3 ] DEBUG Engine               - isScaleAffectedOnResize: true
23:28:49.362 [FXGL Background Thread 3 ] DEBUG Engine               - isSingleStep: false
23:28:49.362 [FXGL Background Thread 3 ] DEBUG Engine               - isUserProfileEnabled: false
23:28:49.362 [FXGL Background Thread 3 ] DEBUG Engine               - isWindows: false
23:28:49.362 [FXGL Background Thread 3 ] DEBUG Engine               - language: ObjectProperty [value: ENGLISH]
23:28:49.363 [FXGL Background Thread 3 ] DEBUG Engine               - menuKey: ESCAPE
23:28:49.363 [FXGL Background Thread 3 ] DEBUG Engine               - mouseSensitivity: 0.2
23:28:49.363 [FXGL Background Thread 3 ] DEBUG Engine               - notificationViewClass: class com.almasb.fxgl.notification.view.XboxNotificationView
23:28:49.363 [FXGL Background Thread 3 ] DEBUG Engine               - pixelsPerMeter: 50.0
23:28:49.363 [FXGL Background Thread 3 ] DEBUG Engine               - platform: LINUX
23:28:49.363 [FXGL Background Thread 3 ] DEBUG Engine               - prefHeightProperty: ReadOnlyDoubleProperty [value: 600.0]
23:28:49.363 [FXGL Background Thread 3 ] DEBUG Engine               - prefWidthProperty: ReadOnlyDoubleProperty [value: 800.0]
23:28:49.363 [FXGL Background Thread 3 ] DEBUG Engine               - profileDir: profiles/
23:28:49.363 [FXGL Background Thread 3 ] DEBUG Engine               - profileName: StringProperty [value: DEFAULT]
23:28:49.363 [FXGL Background Thread 3 ] DEBUG Engine               - randomSeed: -1
23:28:49.364 [FXGL Background Thread 3 ] DEBUG Engine               - runtimeInfo: RuntimeInfo(platform=LINUX, version=25, build=05.02.2026 22.57)
23:28:49.364 [FXGL Background Thread 3 ] DEBUG Engine               - saveFileExt: sav
23:28:49.364 [FXGL Background Thread 3 ] DEBUG Engine               - scaledHeightProp$fxgl: DoubleProperty [bound, value: 958.0]
23:28:49.364 [FXGL Background Thread 3 ] DEBUG Engine               - scaledWidthProp$fxgl: DoubleProperty [bound, value: 938.0]
23:28:49.364 [FXGL Background Thread 3 ] DEBUG Engine               - sceneFactory: com.almasb.fxgl.app.scene.SceneFactory@3abf2106
23:28:49.364 [FXGL Background Thread 3 ] DEBUG Engine               - secondsIn24h: 60
23:28:49.364 [FXGL Background Thread 3 ] DEBUG Engine               - soundMenuBack: menu/back.wav
23:28:49.364 [FXGL Background Thread 3 ] DEBUG Engine               - soundMenuPress: menu/press.wav
23:28:49.364 [FXGL Background Thread 3 ] DEBUG Engine               - soundMenuSelect: menu/select.wav
23:28:49.364 [FXGL Background Thread 3 ] DEBUG Engine               - soundNotification: core/notification.wav
23:28:49.364 [FXGL Background Thread 3 ] DEBUG Engine               - stageStyle: DECORATED
23:28:49.364 [FXGL Background Thread 3 ] DEBUG Engine               - supportedLanguages: [ENGLISH, FRENCH, GERMAN, HUNGARIAN, RUSSIAN]
23:28:49.364 [FXGL Background Thread 3 ] DEBUG Engine               - ticksPerSecond: -1
23:28:49.364 [FXGL Background Thread 3 ] DEBUG Engine               - title: Untitled
23:28:49.364 [FXGL Background Thread 3 ] DEBUG Engine               - urlGithub: https://github.com/AlmasB/FXGL
23:28:49.364 [FXGL Background Thread 3 ] DEBUG Engine               - urlLeaderboard: http://fxgl-top.herokuapp.com/
23:28:49.364 [FXGL Background Thread 3 ] DEBUG Engine               - urlPOM: https://raw.githubusercontent.com/AlmasB/FXGL/release/README.md
23:28:49.365 [FXGL Background Thread 3 ] DEBUG Engine               - userAppClass: class TestPackage.BasicGameSample
23:28:49.365 [FXGL Background Thread 3 ] DEBUG Engine               - version: 0.0
23:28:49.365 [FXGL Background Thread 3 ] DEBUG Engine               - versionCheckDays: 7
23:28:49.365 [FXGL Background Thread 3 ] DEBUG Engine               - width: 800
23:28:49.365 [FXGL Background Thread 3 ] DEBUG Engine               - Logging services
23:28:49.365 [FXGL Background Thread 3 ] DEBUG Engine               - class com.almasb.fxgl.app.services.FXGLAssetLoaderService
23:28:49.365 [FXGL Background Thread 3 ] DEBUG Engine               - class com.almasb.fxgl.app.FXGLApplication$GameApplicationService
23:28:49.365 [FXGL Background Thread 3 ] DEBUG Engine               - class com.almasb.fxgl.app.services.FXGLDialogService
23:28:49.365 [FXGL Background Thread 3 ] DEBUG Engine               - class com.almasb.fxgl.app.services.IOTaskExecutorService
23:28:49.365 [FXGL Background Thread 3 ] DEBUG Engine               - class com.almasb.fxgl.io.FileSystemService
23:28:49.365 [FXGL Background Thread 3 ] DEBUG Engine               - class com.almasb.fxgl.localization.LocalizationService
23:28:49.365 [FXGL Background Thread 3 ] DEBUG Engine               - class com.almasb.fxgl.app.services.SystemBundleService
23:28:49.365 [FXGL Background Thread 3 ] DEBUG Engine               - class com.almasb.fxgl.profile.SaveLoadService
23:28:49.365 [FXGL Background Thread 3 ] DEBUG Engine               - class com.almasb.fxgl.ui.FXGLUIFactoryServiceProvider
23:28:49.365 [FXGL Background Thread 3 ] DEBUG Engine               - class com.almasb.fxgl.ui.FXGLDialogFactoryServiceProvider
23:28:49.365 [FXGL Background Thread 3 ] DEBUG Engine               - class com.almasb.fxgl.audio.AudioPlayer
23:28:49.365 [FXGL Background Thread 3 ] DEBUG Engine               - class com.almasb.fxgl.notification.impl.NotificationServiceProvider
23:28:49.365 [FXGL Background Thread 3 ] DEBUG Engine               - class com.almasb.fxgl.achievement.AchievementService
23:28:49.365 [FXGL Background Thread 3 ] DEBUG Engine               - class com.almasb.fxgl.cutscene.CutsceneService
23:28:49.365 [FXGL Background Thread 3 ] DEBUG Engine               - class com.almasb.fxgl.minigames.MiniGameService
23:28:49.365 [FXGL Background Thread 3 ] DEBUG Engine               - class com.almasb.fxgl.net.NetService
23:28:49.366 [FXGL Background Thread 3 ] DEBUG Engine               - class com.almasb.fxgl.app.services.UpdaterService
23:28:49.366 [FXGL Background Thread 3 ] DEBUG Engine               - class com.almasb.fxgl.dev.DevService
23:29:08.630 [JavaFX Application Thread] DEBUG FXGLApplication      - Exiting FXGL
23:29:08.630 [JavaFX Application Thread] DEBUG LoopRunner           - Stopping loop
23:29:08.630 [JavaFX Application Thread] DEBUG SystemBundleService  - Saving FXGL system data
23:29:08.631 [JavaFX Application Thread] DEBUG FileSystemAccess     - Writing to: /home/me/ComProg_Project/system/fxgl.bundle
23:29:08.634 [JavaFX Application Thread] DEBUG Async                - Shutting down background threads
23:29:08.634 [JavaFX Application Thread] DEBUG PrimaryStageWindow   - Closing main window
23:29:08.636 [JavaFX Application Thread] DEBUG Logger               - Closing Logger
