16:00:03.527 [main                     ] DEBUG Logger               - Configured Logger
16:00:03.540 [main                     ] DEBUG GameApplication      - Logging settings
Title: Untitled
Version: 0.0
Width: 1280
Height: 720
Fullscreen: false
Intro: false
Profiling: false
Single step:false
App Mode: DEVELOPER
Menu Key: ESCAPE
Stage Style: DECORATED
Scene Factory: class com.almasb.fxgl.app.scene.SceneFactory

16:00:03.930 [JavaFX Application Thread] DEBUG FXGLApplication      - Initializing FXGL
16:00:03.936 [JavaFX Application Thread] INFO  Engine               - FXGL-25 (05.02.2026 22.57) on LINUX (J:25.0.2 FX:21.0.6)
16:00:03.936 [JavaFX Application Thread] DEBUG Engine               - JRE Vendor Name: Arch Linux
16:00:03.937 [JavaFX Application Thread] DEBUG Engine               - Running on OS: Linux version 6.19.9-arch1-1
16:00:03.937 [JavaFX Application Thread] DEBUG Engine               - Architecture: amd64
16:00:03.937 [JavaFX Application Thread] INFO  Engine               - Source code and latest versions at: https://github.com/AlmasB/FXGL
16:00:03.937 [JavaFX Application Thread] INFO  Engine               -       Ask questions and discuss at: https://github.com/AlmasB/FXGL/discussions
16:00:04.072 [JavaFX Application Thread] DEBUG PrimaryStageWindow   - Creating a JavaFX scene
16:00:04.210 [JavaFX Application Thread] DEBUG PrimaryStageWindow   - Target settings size: 1280.0 x 720.0
16:00:04.210 [JavaFX Application Thread] DEBUG PrimaryStageWindow   - Scaled scene size:    1280.0 x 720.0
16:00:04.211 [JavaFX Application Thread] DEBUG PrimaryStageWindow   - Scaled ratio: (1.0, 1.0)
16:00:04.212 [JavaFX Application Thread] DEBUG PrimaryStageWindow   - Set initial scene to FXGLStartupScene
16:00:04.219 [JavaFX Application Thread] DEBUG PrimaryStageWindow   - Opening main window
16:00:04.332 [JavaFX Application Thread] DEBUG PrimaryStageWindow   - Window border size: (0.0, 35.0)
16:00:04.332 [JavaFX Application Thread] DEBUG PrimaryStageWindow   - Scaled size: 1280.0 x 685.0
16:00:04.332 [JavaFX Application Thread] DEBUG PrimaryStageWindow   - Scaled ratio: (1.0, 0.9513888888888888)
16:00:04.333 [JavaFX Application Thread] DEBUG PrimaryStageWindow   - Scene size: 1280.0 x 720.0
16:00:04.333 [JavaFX Application Thread] DEBUG PrimaryStageWindow   - Stage size: 1280.0 x 720.0
16:00:04.342 [FXGL Background Thread 1 ] DEBUG Engine               - Initializing environment variables
16:00:04.423 [FXGL Background Thread 1 ] DEBUG FXGLAssetLoaderServi - User app class for loading assets: class org.group1.GamePackage.Application
16:00:04.423 [FXGL Background Thread 1 ] DEBUG GameApplicationServi - Applying CSS: fxgl_dark.css
16:00:04.424 [FXGL Background Thread 1 ] DEBUG FXGLAssetLoaderServi - Loading from file system: jar:file:///home/me/.m2/repository/com/github/almasb/fxgl/25/fxgl-25.jar!/fxglassets/ui/css/fxgl_dark.css
16:00:04.484 [FXGL Background Thread 1 ] DEBUG GameApplicationServi - Initializing application scenes
16:00:04.547 [FXGL Background Thread 1 ] DEBUG GameWorld            - Game world initialized
16:00:04.628 [FXGL Background Thread 1 ] DEBUG PhysicsWorld         - Physics world initialized: appHeight=720, physics.ppm=50.0
16:00:04.628 [FXGL Background Thread 1 ] DEBUG PhysicsWorld         - Using strategy: BRUTE_FORCE
16:00:04.635 [FXGL Background Thread 1 ] DEBUG GameScene            - Game scene initialized: 1280x720
16:00:04.654 [FXGL Background Thread 1 ] DEBUG FXGL.DefaultMenu     - createMenuBodyGameMenu()
16:00:04.672 [FXGL Background Thread 1 ] DEBUG FXGL.DefaultMenu     - createOptionsMenu()
16:00:04.690 [FXGL Background Thread 1 ] DEBUG FXGLAssetLoaderServi - Loading from file system: jar:file:///home/me/.m2/repository/com/github/almasb/fxgl/25/fxgl-25.jar!/fxglassets/textures/particles/smoke.png
16:00:04.825 [FXGL Background Thread 1 ] DEBUG FXGLAssetLoaderServi - Loading from file system: jar:file:///home/me/.m2/repository/com/github/almasb/fxgl/25/fxgl-25.jar!/fxglassets/textures/particles/trace_horizontal.png
16:00:04.875 [FXGL Background Thread 1 ] DEBUG GameApplicationServi - Application scenes initialized
16:00:04.890 [FXGL Background Thread 1 ] DEBUG SystemBundleService  - Loading FXGL system data
16:00:04.894 [FXGL Background Thread 1 ] DEBUG FileSystemAccess     - Reading from: /home/me/ComProg_Project/system/fxgl.bundle
16:00:04.903 [FXGL Background Thread 1 ] DEBUG SystemBundleService  - Bundle FXGL: {}
16:00:04.903 [FXGL Background Thread 1 ] DEBUG UpdaterService       - Checking for updates
16:00:04.909 [FXGL Background Thread 4 ] DEBUG FXGLApplication      - Loading fonts
16:00:04.910 [FXGL Background Thread 4 ] DEBUG FXGLAssetLoaderServi - Loading from file system: jar:file:///home/me/.m2/repository/com/github/almasb/fxgl/25/fxgl-25.jar!/fxglassets/ui/fonts/VarelaRound-Regular.ttf
16:00:04.911 [FXGL Background Thread 1 ] DEBUG FXGLApplication      - Loading default localization
16:00:04.912 [FXGL Background Thread 1 ] DEBUG FXGLAssetLoaderServi - Loading from file system: jar:file:///home/me/.m2/repository/com/github/almasb/fxgl/25/fxgl-25.jar!/fxglassets/languages/english.lang
16:00:04.922 [FXGL Background Thread 4 ] DEBUG FXGLAssetLoaderServi - Loading from file system: jar:file:///home/me/.m2/repository/com/github/almasb/fxgl/25/fxgl-25.jar!/fxglassets/ui/fonts/Abel-Regular.ttf
16:00:04.924 [FXGL Background Thread 4 ] DEBUG FXGLAssetLoaderServi - Loading from file system: jar:file:///home/me/.m2/repository/com/github/almasb/fxgl/25/fxgl-25.jar!/fxglassets/ui/fonts/TerminalLandMono-Regular.otf
16:00:04.927 [FXGL Background Thread 4 ] DEBUG FXGLAssetLoaderServi - Loading from file system: jar:file:///home/me/.m2/repository/com/github/almasb/fxgl/25/fxgl-25.jar!/fxglassets/ui/fonts/Courier-Prime.ttf
16:00:04.933 [FXGL Background Thread 1 ] INFO  FXGLApplication      - FXGL initialization took: 0.591 sec
16:00:04.934 [JavaFX Application Thread] DEBUG FXGLApplication      - Registering font factories with UI factory
16:00:04.940 [JavaFX Application Thread] DEBUG Input                - Registered new binding: Shoot - Space
16:00:04.940 [JavaFX Application Thread] DEBUG Input                - Registered new binding: Move up - W
16:00:04.941 [JavaFX Application Thread] DEBUG Input                - Registered new binding: Move down - S
16:00:04.941 [JavaFX Application Thread] DEBUG Input                - Registered new binding: Move left - A
16:00:04.941 [JavaFX Application Thread] DEBUG Input                - Registered new binding: Move right - D
16:00:04.942 [JavaFX Application Thread] DEBUG FXGLAssetLoaderServi - Loading from file system: jar:file:///home/me/.m2/repository/com/github/almasb/fxgl/25/fxgl-25.jar!/fxglassets/textures/fxgl_icon.png
16:00:04.995 [JavaFX Application Thread] DEBUG FXGLAssetLoaderServi - Loading from file system: jar:file:///home/me/.m2/repository/com/github/almasb/fxgl/25/fxgl-25.jar!/fxglassets/textures/fxgl_default_cursor.png
16:00:04.999 [JavaFX Application Thread] DEBUG Input                - Registered new binding: Screenshot - CTRL+8
16:00:05.000 [JavaFX Application Thread] DEBUG Input                - Registered new binding: System info dump - CTRL+9
16:00:05.000 [JavaFX Application Thread] DEBUG Input                - Registered new binding: Restart - CTRL+R
16:00:05.002 [JavaFX Application Thread] DEBUG Input                - Registered new binding: Toggle Debug Camera - CTRL+7
16:00:05.008 [JavaFX Application Thread] DEBUG LoopRunner           - Starting loop
16:00:05.008 [JavaFX Application Thread] DEBUG LoopRunner           - Initializing JavaFX AnimationTimerLoop
16:00:05.009 [JavaFX Application Thread] DEBUG GameApplicationServi - Starting new game
16:00:05.010 [JavaFX Application Thread] DEBUG Input                - Clearing active input actions
16:00:05.034 [JavaFX Application Thread] DEBUG GameApplicationServi - Removing overlay from FXGLStartupScene and adding to FXGLLoadingScene
16:00:05.035 [JavaFX Application Thread] DEBUG PrimaryStageWindow   - FXGLStartupScene -> FXGLLoadingScene
16:00:05.035 [JavaFX Application Thread] DEBUG GameApplicationServi - Clearing previous game
16:00:05.035 [JavaFX Application Thread] DEBUG GameScene            - Clearing game scene
16:00:05.035 [JavaFX Application Thread] DEBUG GameWorld            - Clearing game world
16:00:05.036 [JavaFX Application Thread] DEBUG PhysicsWorld         - Clearing physics world
16:00:05.039 [FXGL Background Thread 1 ] DEBUG FXGLApplication      - Initializing game
16:00:05.062 [FXGL Background Thread 1 ] DEBUG FXGLAssetLoaderServi - Loading from file system: file:/home/me/ComProg_Project/target/classes/assets/textures/background.png
16:00:05.362 [FXGL Background Thread 1 ] DEBUG FXGLAssetLoaderServi - Loading from file system: file:/home/me/ComProg_Project/target/classes/assets/textures/background_stars1.png
16:00:05.849 [FXGL Background Thread 1 ] DEBUG FXGLAssetLoaderServi - Loading from file system: file:/home/me/ComProg_Project/target/classes/assets/textures/background_stars2.png
16:00:05.993 [FXGL Background Thread 1 ] DEBUG FXGLAssetLoaderServi - Loading from file system: file:/home/me/ComProg_Project/target/classes/assets/textures/background_stars3.png
16:00:06.126 [FXGL Background Thread 1 ] DEBUG FXGLAssetLoaderServi - Loading from file system: file:/home/me/ComProg_Project/target/classes/assets/textures/background_cloud1.png
16:00:06.157 [FXGL Background Thread 1 ] DEBUG FXGLAssetLoaderServi - Loading from file system: file:/home/me/ComProg_Project/target/classes/assets/textures/background_cloud2.png
16:00:06.201 [FXGL Background Thread 1 ] DEBUG FXGLAssetLoaderServi - Loading from file system: file:/home/me/ComProg_Project/target/classes/assets/textures/background_mist1.png
16:00:06.235 [FXGL Background Thread 1 ] DEBUG FXGLAssetLoaderServi - Loading from file system: file:/home/me/ComProg_Project/target/classes/assets/textures/background_hills.png
16:00:06.314 [FXGL Background Thread 1 ] DEBUG FXGLAssetLoaderServi - Loading from file system: file:/home/me/ComProg_Project/target/classes/assets/textures/background_forest.png
16:00:06.355 [FXGL Background Thread 1 ] DEBUG FXGLAssetLoaderServi - Loading from file system: file:/home/me/ComProg_Project/target/classes/assets/textures/background_large_forest.png
16:00:06.422 [FXGL Background Thread 1 ] DEBUG FXGLAssetLoaderServi - Loading from file system: file:/home/me/ComProg_Project/target/classes/assets/textures/idle_sprite.png
16:00:06.435 [FXGL Background Thread 1 ] DEBUG FXGLAssetLoaderServi - Loading from file system: file:/home/me/ComProg_Project/target/classes/assets/textures/down_sprite.png
16:00:06.445 [FXGL Background Thread 1 ] DEBUG FXGLAssetLoaderServi - Loading from file system: file:/home/me/ComProg_Project/target/classes/assets/textures/up_sprite.png
16:00:06.494 [FXGL Background Thread 1 ] DEBUG FXGLAssetLoaderServi - Loading from file system: file:/home/me/ComProg_Project/target/classes/assets/music/main_music.wav
16:00:06.788 [FXGL Background Thread 1 ] DEBUG AudioPlayer          - Playing music com.almasb.fxgl.audio.Music@9d07f32
16:00:06.794 [FXGL Background Thread 1 ] INFO  FXGLApplication      - Game initialization took: 1.754 sec
16:00:06.810 [JavaFX Application Thread] DEBUG Input                - Clearing active input actions
16:00:06.844 [JavaFX Application Thread] DEBUG GameApplicationServi - Removing overlay from FXGLLoadingScene and adding to GameScene
16:00:06.845 [JavaFX Application Thread] DEBUG PrimaryStageWindow   - FXGLLoadingScene -> GameScene
16:00:07.799 [JavaFX Application Thread] DEBUG FXGLApplication      - Exiting FXGL
16:00:07.799 [JavaFX Application Thread] DEBUG LoopRunner           - Stopping loop
16:00:07.800 [JavaFX Application Thread] DEBUG SystemBundleService  - Saving FXGL system data
16:00:07.805 [JavaFX Application Thread] DEBUG FileSystemAccess     - Writing to: /home/me/ComProg_Project/system/fxgl.bundle
16:00:07.809 [JavaFX Application Thread] DEBUG Async                - Shutting down background threads
16:00:07.810 [JavaFX Application Thread] DEBUG PrimaryStageWindow   - Closing main window
16:00:07.815 [JavaFX Application Thread] DEBUG Logger               - Closing Logger
