11:33:24.961 [main                     ] DEBUG Logger               - Configured Logger
11:33:24.972 [main                     ] DEBUG GameApplication      - Logging settings
Title: Untitled
Version: 0.0
Width: 1280
Height: 720
Fullscreen: false
Intro: false
Profiling: false
Single step:false
App Mode: DEVELOPER
Menu Key: ESCAPE
Stage Style: DECORATED
Scene Factory: class org.group1.GamePackage.Factory.MainSceneFactory

11:33:25.554 [JavaFX Application Thread] DEBUG FXGLApplication      - Initializing FXGL
11:33:25.562 [JavaFX Application Thread] INFO  Engine               - FXGL-25 (05.02.2026 22.57) on WINDOWS (J:25.0.1 FX:21.0.6)
11:33:25.563 [JavaFX Application Thread] DEBUG Engine               - JRE Vendor Name: Oracle Corporation
11:33:25.563 [JavaFX Application Thread] DEBUG Engine               - Running on OS: Windows 11 version 10.0
11:33:25.563 [JavaFX Application Thread] DEBUG Engine               - Architecture: amd64
11:33:25.563 [JavaFX Application Thread] INFO  Engine               - Source code and latest versions at: https://github.com/AlmasB/FXGL
11:33:25.564 [JavaFX Application Thread] INFO  Engine               -       Ask questions and discuss at: https://github.com/AlmasB/FXGL/discussions
11:33:25.728 [JavaFX Application Thread] DEBUG PrimaryStageWindow   - Creating a JavaFX scene
11:33:25.728 [JavaFX Application Thread] DEBUG PrimaryStageWindow   - Target size > screen size
11:33:25.804 [JavaFX Application Thread] DEBUG PrimaryStageWindow   - Target settings size: 1280.0 x 720.0
11:33:25.804 [JavaFX Application Thread] DEBUG PrimaryStageWindow   - Scaled scene size:    1169.0 x 671.0
11:33:25.804 [JavaFX Application Thread] DEBUG PrimaryStageWindow   - Scaled ratio: (0.91328125, 0.9319444444444445)
11:33:25.805 [JavaFX Application Thread] DEBUG PrimaryStageWindow   - Set initial scene to FXGLStartupScene
11:33:25.811 [JavaFX Application Thread] DEBUG PrimaryStageWindow   - Opening main window
11:33:25.948 [JavaFX Application Thread] DEBUG PrimaryStageWindow   - Window border size: (15.0, 37.66668701171875)
11:33:25.948 [JavaFX Application Thread] DEBUG PrimaryStageWindow   - Scaled size: 1169.0 x 671.0
11:33:25.948 [JavaFX Application Thread] DEBUG PrimaryStageWindow   - Scaled ratio: (0.91328125, 0.9319444444444445)
11:33:25.949 [JavaFX Application Thread] DEBUG PrimaryStageWindow   - Scene size: 1169.0 x 671.0
11:33:25.949 [JavaFX Application Thread] DEBUG PrimaryStageWindow   - Stage size: 1184.0 x 708.6666870117188
11:33:25.967 [FXGL Background Thread 1 ] DEBUG Engine               - Initializing environment variables
11:33:26.128 [FXGL Background Thread 1 ] DEBUG FXGLAssetLoaderServi - User app class for loading assets: class org.group1.GamePackage.Application
11:33:26.128 [FXGL Background Thread 1 ] DEBUG GameApplicationServi - Applying CSS: fxgl_dark.css
11:33:26.131 [FXGL Background Thread 1 ] DEBUG FXGLAssetLoaderServi - Loading from file system: jar:file:///C:/Users/ryles/.m2/repository/com/github/almasb/fxgl/25/fxgl-25.jar!/fxglassets/ui/css/fxgl_dark.css
11:33:26.265 [FXGL Background Thread 1 ] DEBUG GameApplicationServi - Initializing application scenes
11:33:26.447 [FXGL Background Thread 1 ] DEBUG GameWorld            - Game world initialized
11:33:26.544 [FXGL Background Thread 1 ] DEBUG PhysicsWorld         - Physics world initialized: appHeight=720, physics.ppm=50.0
11:33:26.545 [FXGL Background Thread 1 ] DEBUG PhysicsWorld         - Using strategy: BRUTE_FORCE
11:33:26.554 [FXGL Background Thread 1 ] DEBUG GameScene            - Game scene initialized: 1280x720
11:33:26.577 [FXGL Background Thread 1 ] DEBUG FXGL.DefaultMenu     - createMenuBodyGameMenu()
11:33:26.591 [FXGL Background Thread 1 ] DEBUG FXGL.DefaultMenu     - createOptionsMenu()
11:33:26.611 [FXGL Background Thread 1 ] DEBUG FXGLAssetLoaderServi - Loading from file system: jar:file:///C:/Users/ryles/.m2/repository/com/github/almasb/fxgl/25/fxgl-25.jar!/fxglassets/textures/particles/smoke.png
11:33:26.814 [FXGL Background Thread 1 ] DEBUG FXGLAssetLoaderServi - Loading from file system: jar:file:///C:/Users/ryles/.m2/repository/com/github/almasb/fxgl/25/fxgl-25.jar!/fxglassets/textures/particles/trace_horizontal.png
11:33:26.880 [FXGL Background Thread 1 ] DEBUG GameApplicationServi - Application scenes initialized
11:33:26.902 [FXGL Background Thread 1 ] DEBUG SystemBundleService  - Loading FXGL system data
11:33:26.912 [FXGL Background Thread 1 ] DEBUG FileSystemAccess     - Reading from: C:\Users\ryles\Downloads\ComProg_Project\system\fxgl.bundle
11:33:26.931 [FXGL Background Thread 1 ] DEBUG SystemBundleService  - Bundle FXGL: {}
11:33:26.931 [FXGL Background Thread 1 ] DEBUG UpdaterService       - Checking for updates
11:33:26.938 [FXGL Background Thread 4 ] DEBUG FXGLApplication      - Loading fonts
11:33:26.939 [FXGL Background Thread 4 ] DEBUG FXGLAssetLoaderServi - Loading from file system: jar:file:///C:/Users/ryles/.m2/repository/com/github/almasb/fxgl/25/fxgl-25.jar!/fxglassets/ui/fonts/VarelaRound-Regular.ttf
11:33:26.939 [FXGL Background Thread 1 ] DEBUG FXGLApplication      - Loading default localization
11:33:26.940 [FXGL Background Thread 1 ] DEBUG FXGLAssetLoaderServi - Loading from file system: jar:file:///C:/Users/ryles/.m2/repository/com/github/almasb/fxgl/25/fxgl-25.jar!/fxglassets/languages/english.lang
11:33:26.966 [FXGL Background Thread 1 ] INFO  FXGLApplication      - FXGL initialization took: 1.000 sec
11:33:26.994 [JavaFX Application Thread] DEBUG Input                - Registered new binding: Move left - A
11:33:26.995 [JavaFX Application Thread] DEBUG Input                - Registered new binding: Move right - D
11:33:26.995 [JavaFX Application Thread] DEBUG Input                - Registered new binding: Move down - S
11:33:26.995 [JavaFX Application Thread] DEBUG Input                - Registered new binding: Move up - W
11:33:26.996 [JavaFX Application Thread] DEBUG Input                - Registered new binding: Shoot - Space
11:33:26.997 [JavaFX Application Thread] DEBUG FXGLAssetLoaderServi - Loading from file system: jar:file:///C:/Users/ryles/.m2/repository/com/github/almasb/fxgl/25/fxgl-25.jar!/fxglassets/textures/fxgl_icon.png
11:33:27.005 [FXGL Background Thread 4 ] DEBUG FXGLAssetLoaderServi - Loading from file system: jar:file:///C:/Users/ryles/.m2/repository/com/github/almasb/fxgl/25/fxgl-25.jar!/fxglassets/ui/fonts/Abel-Regular.ttf
11:33:27.012 [FXGL Background Thread 4 ] DEBUG FXGLAssetLoaderServi - Loading from file system: jar:file:///C:/Users/ryles/.m2/repository/com/github/almasb/fxgl/25/fxgl-25.jar!/fxglassets/ui/fonts/TerminalLandMono-Regular.otf
11:33:27.018 [FXGL Background Thread 4 ] DEBUG FXGLAssetLoaderServi - Loading from file system: jar:file:///C:/Users/ryles/.m2/repository/com/github/almasb/fxgl/25/fxgl-25.jar!/fxglassets/ui/fonts/Courier-Prime.ttf
11:33:27.048 [JavaFX Application Thread] DEBUG FXGLAssetLoaderServi - Loading from file system: jar:file:///C:/Users/ryles/.m2/repository/com/github/almasb/fxgl/25/fxgl-25.jar!/fxglassets/textures/fxgl_default_cursor.png
11:33:27.053 [JavaFX Application Thread] DEBUG Input                - Registered new binding: Screenshot - CTRL+8
11:33:27.054 [JavaFX Application Thread] DEBUG Input                - Registered new binding: System info dump - CTRL+9
11:33:27.055 [JavaFX Application Thread] DEBUG Input                - Registered new binding: Restart - CTRL+R
11:33:27.057 [JavaFX Application Thread] DEBUG Input                - Registered new binding: Toggle Debug Camera - CTRL+7
11:33:27.063 [JavaFX Application Thread] DEBUG LoopRunner           - Starting loop
11:33:27.063 [JavaFX Application Thread] DEBUG LoopRunner           - Initializing JavaFX AnimationTimerLoop
11:33:27.067 [JavaFX Application Thread] DEBUG Input                - Clearing active input actions
11:33:27.083 [JavaFX Application Thread] DEBUG GameApplicationServi - Removing overlay from FXGLStartupScene and adding to FXGLMainMenuDummyScene
11:33:27.084 [JavaFX Application Thread] DEBUG PrimaryStageWindow   - FXGLStartupScene -> FXGLMainMenuDummyScene
11:33:27.084 [JavaFX Application Thread] DEBUG PrimaryStageWindow   - Push state: MenuInterface
11:33:27.086 [JavaFX Application Thread] DEBUG Input                - Clearing active input actions
11:33:27.097 [JavaFX Application Thread] DEBUG GameApplicationServi - Removing overlay from FXGLMainMenuDummyScene and adding to MenuInterface
11:33:27.097 [JavaFX Application Thread] DEBUG PrimaryStageWindow   - FXGLMainMenuDummyScene -> MenuInterface
11:33:27.187 [JavaFX Application Thread] DEBUG FXGLApplication      - Registering font factories with UI factory
11:33:29.034 [JavaFX Application Thread] DEBUG Menu                 - fireNewGame()
11:33:29.035 [JavaFX Application Thread] DEBUG GameApplicationServi - Starting new game
11:33:29.035 [JavaFX Application Thread] DEBUG PrimaryStageWindow   - Pop state: MenuInterface
11:33:29.035 [JavaFX Application Thread] DEBUG Input                - Clearing active input actions
11:33:29.035 [JavaFX Application Thread] DEBUG GameApplicationServi - Removing overlay from MenuInterface and adding to FXGLMainMenuDummyScene
11:33:29.036 [JavaFX Application Thread] DEBUG PrimaryStageWindow   - FXGLMainMenuDummyScene <- MenuInterface
11:33:29.036 [JavaFX Application Thread] DEBUG Input                - Clearing active input actions
11:33:29.046 [JavaFX Application Thread] DEBUG GameApplicationServi - Removing overlay from FXGLMainMenuDummyScene and adding to LoadingInterface
11:33:29.046 [JavaFX Application Thread] DEBUG PrimaryStageWindow   - FXGLMainMenuDummyScene -> LoadingInterface
11:33:29.046 [JavaFX Application Thread] DEBUG GameApplicationServi - Clearing previous game
11:33:29.046 [JavaFX Application Thread] DEBUG GameScene            - Clearing game scene
11:33:29.046 [JavaFX Application Thread] DEBUG GameWorld            - Clearing game world
11:33:29.046 [JavaFX Application Thread] DEBUG PhysicsWorld         - Clearing physics world
11:33:29.048 [FXGL Background Thread 2 ] DEBUG FXGLApplication      - Initializing game
11:33:29.065 [FXGL Background Thread 2 ] DEBUG FXGLAssetLoaderServi - Loading from file system: file:/C:/Users/ryles/Downloads/ComProg_Project/target/classes/assets/textures/background.png
11:33:29.253 [FXGL Background Thread 2 ] DEBUG FXGLAssetLoaderServi - Loading from file system: file:/C:/Users/ryles/Downloads/ComProg_Project/target/classes/assets/textures/background_stars1.png
11:33:29.375 [FXGL Background Thread 2 ] DEBUG FXGLAssetLoaderServi - Loading from file system: file:/C:/Users/ryles/Downloads/ComProg_Project/target/classes/assets/textures/background_stars2.png
11:33:29.549 [FXGL Background Thread 2 ] DEBUG FXGLAssetLoaderServi - Loading from file system: file:/C:/Users/ryles/Downloads/ComProg_Project/target/classes/assets/textures/background_stars3.png
11:33:29.597 [FXGL Background Thread 2 ] DEBUG FXGLAssetLoaderServi - Loading from file system: file:/C:/Users/ryles/Downloads/ComProg_Project/target/classes/assets/textures/background_cloud1.png
11:33:29.612 [FXGL Background Thread 2 ] DEBUG FXGLAssetLoaderServi - Loading from file system: file:/C:/Users/ryles/Downloads/ComProg_Project/target/classes/assets/textures/background_cloud2.png
11:33:29.632 [FXGL Background Thread 2 ] DEBUG FXGLAssetLoaderServi - Loading from file system: file:/C:/Users/ryles/Downloads/ComProg_Project/target/classes/assets/textures/background_mist1.png
11:33:29.653 [FXGL Background Thread 2 ] DEBUG FXGLAssetLoaderServi - Loading from file system: file:/C:/Users/ryles/Downloads/ComProg_Project/target/classes/assets/textures/background_hills.png
11:33:29.685 [FXGL Background Thread 2 ] DEBUG FXGLAssetLoaderServi - Loading from file system: file:/C:/Users/ryles/Downloads/ComProg_Project/target/classes/assets/textures/background_forest.png
11:33:29.704 [FXGL Background Thread 2 ] DEBUG FXGLAssetLoaderServi - Loading from file system: file:/C:/Users/ryles/Downloads/ComProg_Project/target/classes/assets/textures/background_large_forest.png
11:33:29.768 [FXGL Background Thread 2 ] DEBUG FXGLAssetLoaderServi - Loading from file system: file:/C:/Users/ryles/Downloads/ComProg_Project/target/classes/assets/textures/idle_sprite.png
11:33:29.774 [FXGL Background Thread 2 ] DEBUG FXGLAssetLoaderServi - Loading from file system: file:/C:/Users/ryles/Downloads/ComProg_Project/target/classes/assets/textures/down_sprite.png
11:33:29.779 [FXGL Background Thread 2 ] DEBUG FXGLAssetLoaderServi - Loading from file system: file:/C:/Users/ryles/Downloads/ComProg_Project/target/classes/assets/textures/up_sprite.png
11:33:29.796 [FXGL Background Thread 2 ] DEBUG FXGLAssetLoaderServi - Loading from file system: file:/C:/Users/ryles/Downloads/ComProg_Project/target/classes/assets/music/main_music.wav
11:33:29.935 [FXGL Background Thread 3 ] DEBUG Engine               - Logging environment variables
11:33:29.937 [FXGL Background Thread 3 ] DEBUG Engine               - achievements: []
11:33:29.937 [FXGL Background Thread 3 ] DEBUG Engine               - actualHeight: 671.0
11:33:29.937 [FXGL Background Thread 3 ] DEBUG Engine               - actualHeightProperty: ReadOnlyDoubleProperty [value: 671.0]
11:33:29.938 [FXGL Background Thread 3 ] DEBUG Engine               - actualWidth: 1169.0
11:33:29.938 [FXGL Background Thread 3 ] DEBUG Engine               - actualWidthProperty: ReadOnlyDoubleProperty [value: 1169.0]
11:33:29.938 [FXGL Background Thread 3 ] DEBUG Engine               - appIcon: fxgl_icon.png
11:33:29.938 [FXGL Background Thread 3 ] DEBUG Engine               - applicationMode: DEVELOPER
11:33:29.938 [FXGL Background Thread 3 ] DEBUG Engine               - cSSList: [fxgl_dark.css]
11:33:29.938 [FXGL Background Thread 3 ] DEBUG Engine               - collisionDetectionStrategy: BRUTE_FORCE
11:33:29.938 [FXGL Background Thread 3 ] DEBUG Engine               - configClass: Optional.empty
11:33:29.938 [FXGL Background Thread 3 ] DEBUG Engine               - credits: []
11:33:29.939 [FXGL Background Thread 3 ] DEBUG Engine               - defaultCursor: CursorInfo(imageName=fxgl_default_cursor.png, hotspotX=7.0, hotspotY=6.0)
11:33:29.939 [FXGL Background Thread 3 ] DEBUG Engine               - devBBoxColorProperty: ObjectProperty [value: 0xff0000ff]
11:33:29.940 [FXGL Background Thread 3 ] DEBUG Engine               - devEnableDebugCameraProperty: BooleanProperty [value: false]
11:33:29.940 [FXGL Background Thread 3 ] DEBUG Engine               - devSensorColorProperty: ObjectProperty [value: 0xffff00ff]
11:33:29.940 [FXGL Background Thread 3 ] DEBUG Engine               - devShowBBoxProperty: BooleanProperty [value: false]
11:33:29.940 [FXGL Background Thread 3 ] DEBUG Engine               - devShowPositionProperty: BooleanProperty [value: false]
11:33:29.940 [FXGL Background Thread 3 ] DEBUG Engine               - enabledMenuItems: []
11:33:29.940 [FXGL Background Thread 3 ] DEBUG Engine               - engineServices: [class com.almasb.fxgl.app.services.FXGLAssetLoaderService, class com.almasb.fxgl.app.FXGLApplication$GameApplicationService, class com.almasb.fxgl.app.services.FXGLDialogService, class com.almasb.fxgl.app.services.IOTaskExecutorService, class com.almasb.fxgl.io.FileSystemService, class com.almasb.fxgl.localization.LocalizationService, class com.almasb.fxgl.app.services.SystemBundleService, class com.almasb.fxgl.profile.SaveLoadService, class com.almasb.fxgl.ui.FXGLUIFactoryServiceProvider, class com.almasb.fxgl.ui.FXGLDialogFactoryServiceProvider, class com.almasb.fxgl.audio.AudioPlayer, class com.almasb.fxgl.notification.impl.NotificationServiceProvider, class com.almasb.fxgl.achievement.AchievementService, class com.almasb.fxgl.cutscene.CutsceneService, class com.almasb.fxgl.minigames.MiniGameService, class com.almasb.fxgl.net.NetService, class com.almasb.fxgl.app.services.UpdaterService, class com.almasb.fxgl.dev.DevService]
11:33:29.940 [FXGL Background Thread 3 ] DEBUG Engine               - fontGame: Abel-Regular.ttf
11:33:29.940 [FXGL Background Thread 3 ] DEBUG Engine               - fontMono: TerminalLandMono-Regular.otf
11:33:29.940 [FXGL Background Thread 3 ] DEBUG Engine               - fontSizeScaleUI: 1.0
11:33:29.940 [FXGL Background Thread 3 ] DEBUG Engine               - fontText: Courier-Prime.ttf
11:33:29.941 [FXGL Background Thread 3 ] DEBUG Engine               - fontUI: VarelaRound-Regular.ttf
11:33:29.941 [FXGL Background Thread 3 ] DEBUG Engine               - fpsRefreshRate: 500.0 ms
11:33:29.941 [FXGL Background Thread 3 ] DEBUG Engine               - fullScreen: BooleanProperty [value: false]
11:33:29.941 [FXGL Background Thread 3 ] DEBUG Engine               - gameDifficulty: MEDIUM
11:33:29.941 [FXGL Background Thread 3 ] DEBUG Engine               - gameDifficultyProperty: ObjectProperty [value: MEDIUM]
11:33:29.942 [FXGL Background Thread 3 ] DEBUG Engine               - globalMusicVolume: 0.5
11:33:29.942 [FXGL Background Thread 3 ] DEBUG Engine               - globalMusicVolumeProperty: DoubleProperty [value: 0.5]
11:33:29.942 [FXGL Background Thread 3 ] DEBUG Engine               - globalSoundVolume: 0.5
11:33:29.943 [FXGL Background Thread 3 ] DEBUG Engine               - globalSoundVolumeProperty: DoubleProperty [value: 0.5]
11:33:29.943 [FXGL Background Thread 3 ] DEBUG Engine               - height: 720
11:33:29.943 [FXGL Background Thread 3 ] DEBUG Engine               - is3D: false
11:33:29.943 [FXGL Background Thread 3 ] DEBUG Engine               - isAndroid: false
11:33:29.943 [FXGL Background Thread 3 ] DEBUG Engine               - isBrowser: false
11:33:29.943 [FXGL Background Thread 3 ] DEBUG Engine               - isClickFeedbackEnabled: false
11:33:29.943 [FXGL Background Thread 3 ] DEBUG Engine               - isCloseConfirmation: false
11:33:29.944 [FXGL Background Thread 3 ] DEBUG Engine               - isDesktop: true
11:33:29.944 [FXGL Background Thread 3 ] DEBUG Engine               - isDeveloperMenuEnabled: false
11:33:29.944 [FXGL Background Thread 3 ] DEBUG Engine               - isEmbedded: false
11:33:29.944 [FXGL Background Thread 3 ] DEBUG Engine               - isEntityPreloadEnabled: true
11:33:29.944 [FXGL Background Thread 3 ] DEBUG Engine               - isExperimentalTiledLargeMap: false
11:33:29.944 [FXGL Background Thread 3 ] DEBUG Engine               - isFileSystemWriteAllowed: true
11:33:29.944 [FXGL Background Thread 3 ] DEBUG Engine               - isFullScreenAllowed: false
11:33:29.944 [FXGL Background Thread 3 ] DEBUG Engine               - isFullScreenFromStart: false
11:33:29.944 [FXGL Background Thread 3 ] DEBUG Engine               - isGameMenuEnabled: true
11:33:29.944 [FXGL Background Thread 3 ] DEBUG Engine               - isIOS: false
11:33:29.944 [FXGL Background Thread 3 ] DEBUG Engine               - isIntroEnabled: false
11:33:29.944 [FXGL Background Thread 3 ] DEBUG Engine               - isLinux: false
11:33:29.945 [FXGL Background Thread 3 ] DEBUG Engine               - isMac: false
11:33:29.945 [FXGL Background Thread 3 ] DEBUG Engine               - isMainMenuEnabled: true
11:33:29.945 [FXGL Background Thread 3 ] DEBUG Engine               - isManualResizeEnabled: false
11:33:29.945 [FXGL Background Thread 3 ] DEBUG Engine               - isMobile: false
11:33:29.945 [FXGL Background Thread 3 ] DEBUG Engine               - isNative: false
11:33:29.945 [FXGL Background Thread 3 ] DEBUG Engine               - isPauseMusicWhenMinimized: true
11:33:29.945 [FXGL Background Thread 3 ] DEBUG Engine               - isPreserveResizeRatio: false
11:33:29.945 [FXGL Background Thread 3 ] DEBUG Engine               - isProfilingEnabled: false
11:33:29.945 [FXGL Background Thread 3 ] DEBUG Engine               - isScaleAffectedOnResize: true
11:33:29.945 [FXGL Background Thread 3 ] DEBUG Engine               - isSingleStep: false
11:33:29.945 [FXGL Background Thread 3 ] DEBUG Engine               - isUserProfileEnabled: false
11:33:29.945 [FXGL Background Thread 3 ] DEBUG Engine               - isWindows: true
11:33:29.945 [FXGL Background Thread 3 ] DEBUG Engine               - language: ObjectProperty [value: ENGLISH]
11:33:29.945 [FXGL Background Thread 3 ] DEBUG Engine               - menuKey: ESCAPE
11:33:29.945 [FXGL Background Thread 3 ] DEBUG Engine               - mouseSensitivity: 0.2
11:33:29.946 [FXGL Background Thread 3 ] DEBUG Engine               - notificationViewClass: class com.almasb.fxgl.notification.view.XboxNotificationView
11:33:29.946 [FXGL Background Thread 3 ] DEBUG Engine               - pixelsPerMeter: 50.0
11:33:29.946 [FXGL Background Thread 3 ] DEBUG Engine               - platform: WINDOWS
11:33:29.946 [FXGL Background Thread 3 ] DEBUG Engine               - prefHeightProperty: ReadOnlyDoubleProperty [value: 720.0]
11:33:29.946 [FXGL Background Thread 3 ] DEBUG Engine               - prefWidthProperty: ReadOnlyDoubleProperty [value: 1280.0]
11:33:29.946 [FXGL Background Thread 3 ] DEBUG Engine               - profileDir: profiles/
11:33:29.946 [FXGL Background Thread 3 ] DEBUG Engine               - profileName: StringProperty [value: DEFAULT]
11:33:29.946 [FXGL Background Thread 3 ] DEBUG Engine               - randomSeed: -1
11:33:29.947 [FXGL Background Thread 3 ] DEBUG Engine               - runtimeInfo: RuntimeInfo(platform=WINDOWS, version=25, build=05.02.2026 22.57)
11:33:29.947 [FXGL Background Thread 3 ] DEBUG Engine               - saveFileExt: sav
11:33:29.947 [FXGL Background Thread 3 ] DEBUG Engine               - scaledHeightProp$fxgl: DoubleProperty [bound, value: 671.0]
11:33:29.947 [FXGL Background Thread 3 ] DEBUG Engine               - scaledWidthProp$fxgl: DoubleProperty [bound, value: 1169.0]
11:33:29.947 [FXGL Background Thread 3 ] DEBUG Engine               - sceneFactory: org.group1.GamePackage.Factory.MainSceneFactory@7e927f81
11:33:29.947 [FXGL Background Thread 3 ] DEBUG Engine               - secondsIn24h: 60
11:33:29.947 [FXGL Background Thread 3 ] DEBUG Engine               - soundMenuBack: menu/back.wav
11:33:29.947 [FXGL Background Thread 3 ] DEBUG Engine               - soundMenuPress: menu/press.wav
11:33:29.947 [FXGL Background Thread 3 ] DEBUG Engine               - soundMenuSelect: menu/select.wav
11:33:29.947 [FXGL Background Thread 3 ] DEBUG Engine               - soundNotification: core/notification.wav
11:33:29.948 [FXGL Background Thread 3 ] DEBUG Engine               - stageStyle: DECORATED
11:33:29.948 [FXGL Background Thread 3 ] DEBUG Engine               - supportedLanguages: [ENGLISH, FRENCH, GERMAN, HUNGARIAN, RUSSIAN]
11:33:29.948 [FXGL Background Thread 3 ] DEBUG Engine               - ticksPerSecond: -1
11:33:29.948 [FXGL Background Thread 3 ] DEBUG Engine               - title: Untitled
11:33:29.948 [FXGL Background Thread 3 ] DEBUG Engine               - urlGithub: https://github.com/AlmasB/FXGL
11:33:29.948 [FXGL Background Thread 3 ] DEBUG Engine               - urlLeaderboard: http://fxgl-top.herokuapp.com/
11:33:29.948 [FXGL Background Thread 3 ] DEBUG Engine               - urlPOM: https://raw.githubusercontent.com/AlmasB/FXGL/release/README.md
11:33:29.948 [FXGL Background Thread 3 ] DEBUG Engine               - userAppClass: class org.group1.GamePackage.Application
11:33:29.948 [FXGL Background Thread 3 ] DEBUG Engine               - version: 0.0
11:33:29.948 [FXGL Background Thread 3 ] DEBUG Engine               - versionCheckDays: 7
11:33:29.948 [FXGL Background Thread 3 ] DEBUG Engine               - width: 1280
11:33:29.948 [FXGL Background Thread 3 ] DEBUG Engine               - Logging services
11:33:29.948 [FXGL Background Thread 3 ] DEBUG Engine               - class com.almasb.fxgl.app.services.FXGLAssetLoaderService
11:33:29.948 [FXGL Background Thread 3 ] DEBUG Engine               - class com.almasb.fxgl.app.FXGLApplication$GameApplicationService
11:33:29.948 [FXGL Background Thread 3 ] DEBUG Engine               - class com.almasb.fxgl.app.services.FXGLDialogService
11:33:29.949 [FXGL Background Thread 3 ] DEBUG Engine               - class com.almasb.fxgl.app.services.IOTaskExecutorService
11:33:29.949 [FXGL Background Thread 3 ] DEBUG Engine               - class com.almasb.fxgl.io.FileSystemService
11:33:29.949 [FXGL Background Thread 3 ] DEBUG Engine               - class com.almasb.fxgl.localization.LocalizationService
11:33:29.949 [FXGL Background Thread 3 ] DEBUG Engine               - class com.almasb.fxgl.app.services.SystemBundleService
11:33:29.949 [FXGL Background Thread 3 ] DEBUG Engine               - class com.almasb.fxgl.profile.SaveLoadService
11:33:29.949 [FXGL Background Thread 3 ] DEBUG Engine               - class com.almasb.fxgl.ui.FXGLUIFactoryServiceProvider
11:33:29.949 [FXGL Background Thread 3 ] DEBUG Engine               - class com.almasb.fxgl.ui.FXGLDialogFactoryServiceProvider
11:33:29.949 [FXGL Background Thread 3 ] DEBUG Engine               - class com.almasb.fxgl.audio.AudioPlayer
11:33:29.949 [FXGL Background Thread 3 ] DEBUG Engine               - class com.almasb.fxgl.notification.impl.NotificationServiceProvider
11:33:29.949 [FXGL Background Thread 3 ] DEBUG Engine               - class com.almasb.fxgl.achievement.AchievementService
11:33:29.949 [FXGL Background Thread 3 ] DEBUG Engine               - class com.almasb.fxgl.cutscene.CutsceneService
11:33:29.949 [FXGL Background Thread 3 ] DEBUG Engine               - class com.almasb.fxgl.minigames.MiniGameService
11:33:29.950 [FXGL Background Thread 3 ] DEBUG Engine               - class com.almasb.fxgl.net.NetService
11:33:29.950 [FXGL Background Thread 3 ] DEBUG Engine               - class com.almasb.fxgl.app.services.UpdaterService
11:33:29.950 [FXGL Background Thread 3 ] DEBUG Engine               - class com.almasb.fxgl.dev.DevService
11:33:30.025 [FXGL Background Thread 2 ] DEBUG AudioPlayer          - Playing music com.almasb.fxgl.audio.Music@5ce950a6
11:33:30.034 [FXGL Background Thread 2 ] INFO  FXGLApplication      - Game initialization took: 0.985 sec
11:33:30.035 [JavaFX Application Thread] DEBUG Input                - Clearing active input actions
11:33:30.045 [JavaFX Application Thread] DEBUG GameApplicationServi - Removing overlay from LoadingInterface and adding to GameScene
11:33:30.045 [JavaFX Application Thread] DEBUG PrimaryStageWindow   - LoadingInterface -> GameScene
11:33:30.567 [JavaFX Application Thread] DEBUG FXGLAssetLoaderServi - Loading from file system: file:/C:/Users/ryles/Downloads/ComProg_Project/target/classes/assets/textures/enemy_sprite.png
11:33:30.576 [JavaFX Application Thread] DEBUG FXGLAssetLoaderServi - Loading from file system: file:/C:/Users/ryles/Downloads/ComProg_Project/target/classes/assets/textures/explosion_sprite.png
11:33:31.774 [JavaFX Application Thread] DEBUG FXGLAssetLoaderServi - Loading from file system: file:/C:/Users/ryles/Downloads/ComProg_Project/target/classes/assets/textures/bullet_sprite.png
11:33:32.368 [JavaFX Application Thread] DEBUG FXGLAssetLoaderServi - Loading from file system: file:/C:/Users/ryles/Downloads/ComProg_Project/target/classes/assets/sounds/death_sound.wav
11:34:01.134 [JavaFX Application Thread] DEBUG FXGLAssetLoaderServi - Loading from file system: file:/C:/Users/ryles/Downloads/ComProg_Project/target/classes/assets/sounds/fah.wav
11:34:01.364 [JavaFX Application Thread] DEBUG FXGLAssetLoaderServi - Loading from file system: file:/C:/Users/ryles/Downloads/ComProg_Project/target/classes/assets/textures/heart_sprite.png
11:34:01.403 [JavaFX Application Thread] DEBUG FXGLAssetLoaderServi - Loading from file system: file:/C:/Users/ryles/Downloads/ComProg_Project/target/classes/assets/textures/heart_explode_sprite.png
11:34:03.456 [JavaFX Application Thread] DEBUG FXGLAssetLoaderServi - Loading from file system: file:/C:/Users/ryles/Downloads/ComProg_Project/target/classes/assets/sounds/heart_gain.wav
11:35:07.446 [JavaFX Application Thread] DEBUG PrimaryStageWindow   - Push state: FXGLDefaultMenu
11:35:07.454 [JavaFX Application Thread] DEBUG Input                - Clearing active input actions
11:35:07.463 [JavaFX Application Thread] DEBUG GameApplicationServi - Removing overlay from GameScene and adding to FXGLDefaultMenu
11:35:07.463 [JavaFX Application Thread] DEBUG PrimaryStageWindow   - GameScene -> FXGLDefaultMenu
11:35:24.279 [JavaFX Application Thread] DEBUG PrimaryStageWindow   - Pop state: FXGLDefaultMenu
11:35:24.280 [JavaFX Application Thread] DEBUG Input                - Clearing active input actions
11:35:24.282 [JavaFX Application Thread] DEBUG GameApplicationServi - Removing overlay from FXGLDefaultMenu and adding to GameScene
11:35:24.283 [JavaFX Application Thread] DEBUG PrimaryStageWindow   - GameScene <- FXGLDefaultMenu
11:35:48.342 [JavaFX Application Thread] DEBUG FXGLAssetLoaderServi - Loading from file system: file:/C:/Users/ryles/Downloads/ComProg_Project/target/classes/assets/textures/death_sprite.png
11:35:51.341 [JavaFX Application Thread] DEBUG AudioPlayer          - Pausing music com.almasb.fxgl.audio.Music@5ce950a6
11:35:51.343 [JavaFX Application Thread] DEBUG LoopRunner           - Pausing loop
11:36:12.424 [JavaFX Application Thread] DEBUG FXGLApplication      - Exiting FXGL
11:36:12.424 [JavaFX Application Thread] DEBUG LoopRunner           - Stopping loop
11:36:12.424 [JavaFX Application Thread] DEBUG SystemBundleService  - Saving FXGL system data
11:36:12.427 [JavaFX Application Thread] DEBUG FileSystemAccess     - Writing to: C:\Users\ryles\Downloads\ComProg_Project\system\fxgl.bundle
11:36:12.432 [JavaFX Application Thread] DEBUG Async                - Shutting down background threads
11:36:12.432 [JavaFX Application Thread] DEBUG PrimaryStageWindow   - Closing main window
11:36:12.456 [JavaFX Application Thread] DEBUG Logger               - Closing Logger
