15:03:24.811 [main                     ] DEBUG Logger               - Configured Logger
15:03:24.817 [main                     ] DEBUG GameApplication      - Logging settings
Title: Untitled
Version: 0.0
Width: 1280
Height: 720
Fullscreen: false
Intro: false
Profiling: false
Single step:false
App Mode: DEVELOPER
Menu Key: ESCAPE
Stage Style: DECORATED
Scene Factory: class com.almasb.fxgl.app.scene.SceneFactory

15:03:25.009 [JavaFX Application Thread] DEBUG FXGLApplication      - Initializing FXGL
15:03:25.012 [JavaFX Application Thread] INFO  Engine               - FXGL-25 (05.02.2026 22.57) on LINUX (J:25.0.2 FX:21.0.6)
15:03:25.012 [JavaFX Application Thread] DEBUG Engine               - JRE Vendor Name: Arch Linux
15:03:25.013 [JavaFX Application Thread] DEBUG Engine               - Running on OS: Linux version 6.18.9-arch1-2
15:03:25.013 [JavaFX Application Thread] DEBUG Engine               - Architecture: amd64
15:03:25.013 [JavaFX Application Thread] INFO  Engine               - Source code and latest versions at: https://github.com/AlmasB/FXGL
15:03:25.013 [JavaFX Application Thread] INFO  Engine               -       Ask questions and discuss at: https://github.com/AlmasB/FXGL/discussions
15:03:25.085 [JavaFX Application Thread] DEBUG PrimaryStageWindow   - Creating a JavaFX scene
15:03:25.163 [JavaFX Application Thread] DEBUG PrimaryStageWindow   - Target settings size: 1280.0 x 720.0
15:03:25.163 [JavaFX Application Thread] DEBUG PrimaryStageWindow   - Scaled scene size:    1280.0 x 720.0
15:03:25.163 [JavaFX Application Thread] DEBUG PrimaryStageWindow   - Scaled ratio: (1.0, 1.0)
15:03:25.164 [JavaFX Application Thread] DEBUG PrimaryStageWindow   - Set initial scene to FXGLStartupScene
15:03:25.168 [JavaFX Application Thread] DEBUG PrimaryStageWindow   - Opening main window
15:03:25.229 [JavaFX Application Thread] DEBUG PrimaryStageWindow   - Window border size: (0.0, 35.0)
15:03:25.229 [JavaFX Application Thread] DEBUG PrimaryStageWindow   - Scaled size: 1280.0 x 685.0
15:03:25.229 [JavaFX Application Thread] DEBUG PrimaryStageWindow   - Scaled ratio: (1.0, 0.9513888888888888)
15:03:25.229 [JavaFX Application Thread] DEBUG PrimaryStageWindow   - Scene size: 1280.0 x 720.0
15:03:25.229 [JavaFX Application Thread] DEBUG PrimaryStageWindow   - Stage size: 1280.0 x 720.0
15:03:25.235 [FXGL Background Thread 1 ] DEBUG Engine               - Initializing environment variables
15:03:25.291 [FXGL Background Thread 1 ] DEBUG FXGLAssetLoaderServi - User app class for loading assets: class TestPackage.BasicGameSample
15:03:25.291 [FXGL Background Thread 1 ] DEBUG GameApplicationServi - Applying CSS: fxgl_dark.css
15:03:25.292 [FXGL Background Thread 1 ] DEBUG FXGLAssetLoaderServi - Loading from file system: jar:file:///home/me/.m2/repository/com/github/almasb/fxgl/25/fxgl-25.jar!/fxglassets/ui/css/fxgl_dark.css
15:03:25.332 [FXGL Background Thread 1 ] DEBUG GameApplicationServi - Initializing application scenes
15:03:25.371 [FXGL Background Thread 1 ] DEBUG GameWorld            - Game world initialized
15:03:25.438 [FXGL Background Thread 1 ] DEBUG PhysicsWorld         - Physics world initialized: appHeight=720, physics.ppm=50.0
15:03:25.439 [FXGL Background Thread 1 ] DEBUG PhysicsWorld         - Using strategy: BRUTE_FORCE
15:03:25.445 [FXGL Background Thread 1 ] DEBUG GameScene            - Game scene initialized: 1280x720
15:03:25.463 [FXGL Background Thread 1 ] DEBUG FXGL.DefaultMenu     - createMenuBodyGameMenu()
15:03:25.480 [FXGL Background Thread 1 ] DEBUG FXGL.DefaultMenu     - createOptionsMenu()
15:03:25.497 [FXGL Background Thread 1 ] DEBUG FXGLAssetLoaderServi - Loading from file system: jar:file:///home/me/.m2/repository/com/github/almasb/fxgl/25/fxgl-25.jar!/fxglassets/textures/particles/smoke.png
15:03:25.600 [FXGL Background Thread 1 ] DEBUG FXGLAssetLoaderServi - Loading from file system: jar:file:///home/me/.m2/repository/com/github/almasb/fxgl/25/fxgl-25.jar!/fxglassets/textures/particles/trace_horizontal.png
15:03:25.635 [FXGL Background Thread 1 ] DEBUG GameApplicationServi - Application scenes initialized
15:03:25.645 [FXGL Background Thread 1 ] DEBUG SystemBundleService  - Loading FXGL system data
15:03:25.648 [FXGL Background Thread 1 ] DEBUG FileSystemAccess     - Reading from: /home/me/ComProg_Project/system/fxgl.bundle
15:03:25.657 [FXGL Background Thread 1 ] DEBUG SystemBundleService  - Bundle FXGL: {}
15:03:25.657 [FXGL Background Thread 1 ] DEBUG UpdaterService       - Checking for updates
15:03:25.660 [FXGL Background Thread 4 ] DEBUG FXGLApplication      - Loading fonts
15:03:25.661 [FXGL Background Thread 4 ] DEBUG FXGLAssetLoaderServi - Loading from file system: jar:file:///home/me/.m2/repository/com/github/almasb/fxgl/25/fxgl-25.jar!/fxglassets/ui/fonts/VarelaRound-Regular.ttf
15:03:25.661 [FXGL Background Thread 1 ] DEBUG FXGLApplication      - Loading default localization
15:03:25.662 [FXGL Background Thread 1 ] DEBUG FXGLAssetLoaderServi - Loading from file system: jar:file:///home/me/.m2/repository/com/github/almasb/fxgl/25/fxgl-25.jar!/fxglassets/languages/english.lang
15:03:25.670 [FXGL Background Thread 4 ] DEBUG FXGLAssetLoaderServi - Loading from file system: jar:file:///home/me/.m2/repository/com/github/almasb/fxgl/25/fxgl-25.jar!/fxglassets/ui/fonts/Abel-Regular.ttf
15:03:25.672 [FXGL Background Thread 4 ] DEBUG FXGLAssetLoaderServi - Loading from file system: jar:file:///home/me/.m2/repository/com/github/almasb/fxgl/25/fxgl-25.jar!/fxglassets/ui/fonts/TerminalLandMono-Regular.otf
15:03:25.675 [FXGL Background Thread 4 ] DEBUG FXGLAssetLoaderServi - Loading from file system: jar:file:///home/me/.m2/repository/com/github/almasb/fxgl/25/fxgl-25.jar!/fxglassets/ui/fonts/Courier-Prime.ttf
15:03:25.678 [FXGL Background Thread 1 ] INFO  FXGLApplication      - FXGL initialization took: 0.443 sec
15:03:25.694 [JavaFX Application Thread] DEBUG Input                - Registered new binding: Shoot - Space
15:03:25.694 [JavaFX Application Thread] DEBUG Input                - Registered new binding: Move up - W
15:03:25.694 [JavaFX Application Thread] DEBUG Input                - Registered new binding: Move down - S
15:03:25.694 [JavaFX Application Thread] DEBUG Input                - Registered new binding: Move left - A
15:03:25.695 [JavaFX Application Thread] DEBUG Input                - Registered new binding: Move right - D
15:03:25.695 [JavaFX Application Thread] DEBUG FXGLAssetLoaderServi - Loading from file system: jar:file:///home/me/.m2/repository/com/github/almasb/fxgl/25/fxgl-25.jar!/fxglassets/textures/fxgl_icon.png
15:03:25.723 [JavaFX Application Thread] DEBUG FXGLAssetLoaderServi - Loading from file system: jar:file:///home/me/.m2/repository/com/github/almasb/fxgl/25/fxgl-25.jar!/fxglassets/textures/fxgl_default_cursor.png
15:03:25.726 [JavaFX Application Thread] DEBUG Input                - Registered new binding: Screenshot - CTRL+8
15:03:25.726 [JavaFX Application Thread] DEBUG Input                - Registered new binding: System info dump - CTRL+9
15:03:25.726 [JavaFX Application Thread] DEBUG Input                - Registered new binding: Restart - CTRL+R
15:03:25.727 [JavaFX Application Thread] DEBUG Input                - Registered new binding: Toggle Debug Camera - CTRL+7
15:03:25.730 [JavaFX Application Thread] DEBUG LoopRunner           - Starting loop
15:03:25.730 [JavaFX Application Thread] DEBUG LoopRunner           - Initializing JavaFX AnimationTimerLoop
15:03:25.731 [JavaFX Application Thread] DEBUG GameApplicationServi - Starting new game
15:03:25.732 [JavaFX Application Thread] DEBUG Input                - Clearing active input actions
15:03:25.747 [JavaFX Application Thread] DEBUG GameApplicationServi - Removing overlay from FXGLStartupScene and adding to FXGLLoadingScene
15:03:25.748 [JavaFX Application Thread] DEBUG PrimaryStageWindow   - FXGLStartupScene -> FXGLLoadingScene
15:03:25.748 [JavaFX Application Thread] DEBUG GameApplicationServi - Clearing previous game
15:03:25.748 [JavaFX Application Thread] DEBUG GameScene            - Clearing game scene
15:03:25.748 [JavaFX Application Thread] DEBUG GameWorld            - Clearing game world
15:03:25.748 [JavaFX Application Thread] DEBUG PhysicsWorld         - Clearing physics world
15:03:25.751 [FXGL Background Thread 4 ] DEBUG FXGLApplication      - Initializing game
15:03:25.769 [FXGL Background Thread 4 ] DEBUG FXGLAssetLoaderServi - Loading from file system: file:/home/me/ComProg_Project/target/classes/assets/textures/idle_sprite.png
15:03:25.784 [FXGL Background Thread 4 ] DEBUG FXGLAssetLoaderServi - Loading from file system: file:/home/me/ComProg_Project/target/classes/assets/textures/down_sprite.png
15:03:25.798 [FXGL Background Thread 4 ] DEBUG FXGLAssetLoaderServi - Loading from file system: file:/home/me/ComProg_Project/target/classes/assets/textures/up_sprite.png
15:03:25.838 [FXGL Background Thread 4 ] INFO  FXGLApplication      - Game initialization took: 0.086 sec
15:03:25.909 [JavaFX Application Thread] DEBUG Input                - Clearing active input actions
15:03:25.917 [JavaFX Application Thread] DEBUG GameApplicationServi - Removing overlay from FXGLLoadingScene and adding to GameScene
15:03:25.917 [JavaFX Application Thread] DEBUG PrimaryStageWindow   - FXGLLoadingScene -> GameScene
15:03:26.780 [JavaFX Application Thread] DEBUG FXGLAssetLoaderServi - Loading from file system: file:/home/me/ComProg_Project/target/classes/assets/textures/bullet_sprite.png
15:03:28.660 [FXGL Background Thread 3 ] DEBUG Engine               - Logging environment variables
15:03:28.662 [FXGL Background Thread 3 ] DEBUG Engine               - achievements: []
15:03:28.662 [FXGL Background Thread 3 ] DEBUG Engine               - actualHeight: 685.0
15:03:28.663 [FXGL Background Thread 3 ] DEBUG Engine               - actualHeightProperty: ReadOnlyDoubleProperty [value: 685.0]
15:03:28.663 [FXGL Background Thread 3 ] DEBUG Engine               - actualWidth: 1280.0
15:03:28.664 [FXGL Background Thread 3 ] DEBUG Engine               - actualWidthProperty: ReadOnlyDoubleProperty [value: 1280.0]
15:03:28.664 [FXGL Background Thread 3 ] DEBUG Engine               - appIcon: fxgl_icon.png
15:03:28.664 [FXGL Background Thread 3 ] DEBUG Engine               - applicationMode: DEVELOPER
15:03:28.665 [FXGL Background Thread 3 ] DEBUG Engine               - cSSList: [fxgl_dark.css]
15:03:28.665 [FXGL Background Thread 3 ] DEBUG Engine               - collisionDetectionStrategy: BRUTE_FORCE
15:03:28.665 [FXGL Background Thread 3 ] DEBUG Engine               - configClass: Optional.empty
15:03:28.666 [FXGL Background Thread 3 ] DEBUG Engine               - credits: []
15:03:28.667 [FXGL Background Thread 3 ] DEBUG Engine               - defaultCursor: CursorInfo(imageName=fxgl_default_cursor.png, hotspotX=7.0, hotspotY=6.0)
15:03:28.668 [FXGL Background Thread 3 ] DEBUG Engine               - devBBoxColorProperty: ObjectProperty [value: 0xff0000ff]
15:03:28.668 [FXGL Background Thread 3 ] DEBUG Engine               - devEnableDebugCameraProperty: BooleanProperty [value: false]
15:03:28.669 [FXGL Background Thread 3 ] DEBUG Engine               - devSensorColorProperty: ObjectProperty [value: 0xffff00ff]
15:03:28.669 [FXGL Background Thread 3 ] DEBUG Engine               - devShowBBoxProperty: BooleanProperty [value: false]
15:03:28.670 [FXGL Background Thread 3 ] DEBUG Engine               - devShowPositionProperty: BooleanProperty [value: false]
15:03:28.670 [FXGL Background Thread 3 ] DEBUG Engine               - enabledMenuItems: []
15:03:28.670 [FXGL Background Thread 3 ] DEBUG Engine               - engineServices: [class com.almasb.fxgl.app.services.FXGLAssetLoaderService, class com.almasb.fxgl.app.FXGLApplication$GameApplicationService, class com.almasb.fxgl.app.services.FXGLDialogService, class com.almasb.fxgl.app.services.IOTaskExecutorService, class com.almasb.fxgl.io.FileSystemService, class com.almasb.fxgl.localization.LocalizationService, class com.almasb.fxgl.app.services.SystemBundleService, class com.almasb.fxgl.profile.SaveLoadService, class com.almasb.fxgl.ui.FXGLUIFactoryServiceProvider, class com.almasb.fxgl.ui.FXGLDialogFactoryServiceProvider, class com.almasb.fxgl.audio.AudioPlayer, class com.almasb.fxgl.notification.impl.NotificationServiceProvider, class com.almasb.fxgl.achievement.AchievementService, class com.almasb.fxgl.cutscene.CutsceneService, class com.almasb.fxgl.minigames.MiniGameService, class com.almasb.fxgl.net.NetService, class com.almasb.fxgl.app.services.UpdaterService, class com.almasb.fxgl.dev.DevService]
15:03:28.671 [FXGL Background Thread 3 ] DEBUG Engine               - fontGame: Abel-Regular.ttf
15:03:28.671 [FXGL Background Thread 3 ] DEBUG Engine               - fontMono: TerminalLandMono-Regular.otf
15:03:28.672 [FXGL Background Thread 3 ] DEBUG Engine               - fontSizeScaleUI: 1.0
15:03:28.672 [FXGL Background Thread 3 ] DEBUG Engine               - fontText: Courier-Prime.ttf
15:03:28.672 [FXGL Background Thread 3 ] DEBUG Engine               - fontUI: VarelaRound-Regular.ttf
15:03:28.673 [FXGL Background Thread 3 ] DEBUG Engine               - fpsRefreshRate: 500.0 ms
15:03:28.674 [FXGL Background Thread 3 ] DEBUG Engine               - fullScreen: BooleanProperty [value: false]
15:03:28.674 [FXGL Background Thread 3 ] DEBUG Engine               - gameDifficulty: MEDIUM
15:03:28.674 [FXGL Background Thread 3 ] DEBUG Engine               - gameDifficultyProperty: ObjectProperty [value: MEDIUM]
15:03:28.675 [FXGL Background Thread 3 ] DEBUG Engine               - globalMusicVolume: 0.5
15:03:28.675 [FXGL Background Thread 3 ] DEBUG Engine               - globalMusicVolumeProperty: DoubleProperty [value: 0.5]
15:03:28.676 [FXGL Background Thread 3 ] DEBUG Engine               - globalSoundVolume: 0.5
15:03:28.676 [FXGL Background Thread 3 ] DEBUG Engine               - globalSoundVolumeProperty: DoubleProperty [value: 0.5]
15:03:28.676 [FXGL Background Thread 3 ] DEBUG Engine               - height: 720
15:03:28.677 [FXGL Background Thread 3 ] DEBUG Engine               - is3D: false
15:03:28.677 [FXGL Background Thread 3 ] DEBUG Engine               - isAndroid: false
15:03:28.678 [FXGL Background Thread 3 ] DEBUG Engine               - isBrowser: false
15:03:28.678 [FXGL Background Thread 3 ] DEBUG Engine               - isClickFeedbackEnabled: false
15:03:28.678 [FXGL Background Thread 3 ] DEBUG Engine               - isCloseConfirmation: false
15:03:28.679 [FXGL Background Thread 3 ] DEBUG Engine               - isDesktop: true
15:03:28.679 [FXGL Background Thread 3 ] DEBUG Engine               - isDeveloperMenuEnabled: false
15:03:28.679 [FXGL Background Thread 3 ] DEBUG Engine               - isEmbedded: false
15:03:28.680 [FXGL Background Thread 3 ] DEBUG Engine               - isEntityPreloadEnabled: true
15:03:28.680 [FXGL Background Thread 3 ] DEBUG Engine               - isExperimentalTiledLargeMap: false
15:03:28.680 [FXGL Background Thread 3 ] DEBUG Engine               - isFileSystemWriteAllowed: true
15:03:28.680 [FXGL Background Thread 3 ] DEBUG Engine               - isFullScreenAllowed: false
15:03:28.681 [FXGL Background Thread 3 ] DEBUG Engine               - isFullScreenFromStart: false
15:03:28.681 [FXGL Background Thread 3 ] DEBUG Engine               - isGameMenuEnabled: true
15:03:28.681 [FXGL Background Thread 3 ] DEBUG Engine               - isIOS: false
15:03:28.682 [FXGL Background Thread 3 ] DEBUG Engine               - isIntroEnabled: false
15:03:28.682 [FXGL Background Thread 3 ] DEBUG Engine               - isLinux: true
15:03:28.682 [FXGL Background Thread 3 ] DEBUG Engine               - isMac: false
15:03:28.683 [FXGL Background Thread 3 ] DEBUG Engine               - isMainMenuEnabled: false
15:03:28.683 [FXGL Background Thread 3 ] DEBUG Engine               - isManualResizeEnabled: false
15:03:28.684 [FXGL Background Thread 3 ] DEBUG Engine               - isMobile: false
15:03:28.684 [FXGL Background Thread 3 ] DEBUG Engine               - isNative: false
15:03:28.684 [FXGL Background Thread 3 ] DEBUG Engine               - isPauseMusicWhenMinimized: true
15:03:28.684 [FXGL Background Thread 3 ] DEBUG Engine               - isPreserveResizeRatio: false
15:03:28.684 [FXGL Background Thread 3 ] DEBUG Engine               - isProfilingEnabled: false
15:03:28.685 [FXGL Background Thread 3 ] DEBUG Engine               - isScaleAffectedOnResize: true
15:03:28.685 [FXGL Background Thread 3 ] DEBUG Engine               - isSingleStep: false
15:03:28.685 [FXGL Background Thread 3 ] DEBUG Engine               - isUserProfileEnabled: false
15:03:28.685 [FXGL Background Thread 3 ] DEBUG Engine               - isWindows: false
15:03:28.686 [FXGL Background Thread 3 ] DEBUG Engine               - language: ObjectProperty [value: ENGLISH]
15:03:28.686 [FXGL Background Thread 3 ] DEBUG Engine               - menuKey: ESCAPE
15:03:28.686 [FXGL Background Thread 3 ] DEBUG Engine               - mouseSensitivity: 0.2
15:03:28.686 [FXGL Background Thread 3 ] DEBUG Engine               - notificationViewClass: class com.almasb.fxgl.notification.view.XboxNotificationView
15:03:28.686 [FXGL Background Thread 3 ] DEBUG Engine               - pixelsPerMeter: 50.0
15:03:28.686 [FXGL Background Thread 3 ] DEBUG Engine               - platform: LINUX
15:03:28.687 [FXGL Background Thread 3 ] DEBUG Engine               - prefHeightProperty: ReadOnlyDoubleProperty [value: 720.0]
15:03:28.687 [FXGL Background Thread 3 ] DEBUG Engine               - prefWidthProperty: ReadOnlyDoubleProperty [value: 1280.0]
15:03:28.687 [FXGL Background Thread 3 ] DEBUG Engine               - profileDir: profiles/
15:03:28.687 [FXGL Background Thread 3 ] DEBUG Engine               - profileName: StringProperty [value: DEFAULT]
15:03:28.687 [FXGL Background Thread 3 ] DEBUG Engine               - randomSeed: -1
15:03:28.688 [FXGL Background Thread 3 ] DEBUG Engine               - runtimeInfo: RuntimeInfo(platform=LINUX, version=25, build=05.02.2026 22.57)
15:03:28.688 [FXGL Background Thread 3 ] DEBUG Engine               - saveFileExt: sav
15:03:28.688 [FXGL Background Thread 3 ] DEBUG Engine               - scaledHeightProp$fxgl: DoubleProperty [bound, value: 685.0]
15:03:28.688 [FXGL Background Thread 3 ] DEBUG Engine               - scaledWidthProp$fxgl: DoubleProperty [bound, value: 1280.0]
15:03:28.688 [FXGL Background Thread 3 ] DEBUG Engine               - sceneFactory: com.almasb.fxgl.app.scene.SceneFactory@785b4dbb
15:03:28.689 [FXGL Background Thread 3 ] DEBUG Engine               - secondsIn24h: 60
15:03:28.689 [FXGL Background Thread 3 ] DEBUG Engine               - soundMenuBack: menu/back.wav
15:03:28.689 [FXGL Background Thread 3 ] DEBUG Engine               - soundMenuPress: menu/press.wav
15:03:28.689 [FXGL Background Thread 3 ] DEBUG Engine               - soundMenuSelect: menu/select.wav
15:03:28.689 [FXGL Background Thread 3 ] DEBUG Engine               - soundNotification: core/notification.wav
15:03:28.689 [FXGL Background Thread 3 ] DEBUG Engine               - stageStyle: DECORATED
15:03:28.689 [FXGL Background Thread 3 ] DEBUG Engine               - supportedLanguages: [ENGLISH, FRENCH, GERMAN, HUNGARIAN, RUSSIAN]
15:03:28.690 [FXGL Background Thread 3 ] DEBUG Engine               - ticksPerSecond: -1
15:03:28.690 [FXGL Background Thread 3 ] DEBUG Engine               - title: Untitled
15:03:28.690 [FXGL Background Thread 3 ] DEBUG Engine               - urlGithub: https://github.com/AlmasB/FXGL
15:03:28.690 [FXGL Background Thread 3 ] DEBUG Engine               - urlLeaderboard: http://fxgl-top.herokuapp.com/
15:03:28.690 [FXGL Background Thread 3 ] DEBUG Engine               - urlPOM: https://raw.githubusercontent.com/AlmasB/FXGL/release/README.md
15:03:28.691 [FXGL Background Thread 3 ] DEBUG Engine               - userAppClass: class TestPackage.BasicGameSample
15:03:28.691 [FXGL Background Thread 3 ] DEBUG Engine               - version: 0.0
15:03:28.691 [FXGL Background Thread 3 ] DEBUG Engine               - versionCheckDays: 7
15:03:28.691 [FXGL Background Thread 3 ] DEBUG Engine               - width: 1280
15:03:28.691 [FXGL Background Thread 3 ] DEBUG Engine               - Logging services
15:03:28.692 [FXGL Background Thread 3 ] DEBUG Engine               - class com.almasb.fxgl.app.services.FXGLAssetLoaderService
15:03:28.692 [FXGL Background Thread 3 ] DEBUG Engine               - class com.almasb.fxgl.app.FXGLApplication$GameApplicationService
15:03:28.692 [FXGL Background Thread 3 ] DEBUG Engine               - class com.almasb.fxgl.app.services.FXGLDialogService
15:03:28.692 [FXGL Background Thread 3 ] DEBUG Engine               - class com.almasb.fxgl.app.services.IOTaskExecutorService
15:03:28.692 [FXGL Background Thread 3 ] DEBUG Engine               - class com.almasb.fxgl.io.FileSystemService
15:03:28.692 [FXGL Background Thread 3 ] DEBUG Engine               - class com.almasb.fxgl.localization.LocalizationService
15:03:28.692 [FXGL Background Thread 3 ] DEBUG Engine               - class com.almasb.fxgl.app.services.SystemBundleService
15:03:28.692 [FXGL Background Thread 3 ] DEBUG Engine               - class com.almasb.fxgl.profile.SaveLoadService
15:03:28.692 [FXGL Background Thread 3 ] DEBUG Engine               - class com.almasb.fxgl.ui.FXGLUIFactoryServiceProvider
15:03:28.693 [FXGL Background Thread 3 ] DEBUG Engine               - class com.almasb.fxgl.ui.FXGLDialogFactoryServiceProvider
15:03:28.693 [FXGL Background Thread 3 ] DEBUG Engine               - class com.almasb.fxgl.audio.AudioPlayer
15:03:28.693 [FXGL Background Thread 3 ] DEBUG Engine               - class com.almasb.fxgl.notification.impl.NotificationServiceProvider
15:03:28.693 [FXGL Background Thread 3 ] DEBUG Engine               - class com.almasb.fxgl.achievement.AchievementService
15:03:28.693 [FXGL Background Thread 3 ] DEBUG Engine               - class com.almasb.fxgl.cutscene.CutsceneService
15:03:28.693 [FXGL Background Thread 3 ] DEBUG Engine               - class com.almasb.fxgl.minigames.MiniGameService
15:03:28.693 [FXGL Background Thread 3 ] DEBUG Engine               - class com.almasb.fxgl.net.NetService
15:03:28.693 [FXGL Background Thread 3 ] DEBUG Engine               - class com.almasb.fxgl.app.services.UpdaterService
15:03:28.694 [FXGL Background Thread 3 ] DEBUG Engine               - class com.almasb.fxgl.dev.DevService
15:03:29.368 [JavaFX Application Thread] DEBUG FXGLApplication      - Exiting FXGL
15:03:29.368 [JavaFX Application Thread] DEBUG LoopRunner           - Stopping loop
15:03:29.368 [JavaFX Application Thread] DEBUG SystemBundleService  - Saving FXGL system data
15:03:29.370 [JavaFX Application Thread] DEBUG FileSystemAccess     - Writing to: /home/me/ComProg_Project/system/fxgl.bundle
15:03:29.371 [JavaFX Application Thread] DEBUG Async                - Shutting down background threads
15:03:29.372 [JavaFX Application Thread] DEBUG PrimaryStageWindow   - Closing main window
15:03:29.376 [JavaFX Application Thread] DEBUG Logger               - Closing Logger
