16:05:32.017 [main                     ] DEBUG Logger               - Configured Logger
16:05:32.024 [main                     ] DEBUG GameApplication      - Logging settings
Title: Untitled
Version: 0.0
Width: 800
Height: 600
Fullscreen: false
Intro: false
Profiling: false
Single step:false
App Mode: DEVELOPER
Menu Key: ESCAPE
Stage Style: DECORATED
Scene Factory: class com.almasb.fxgl.app.scene.SceneFactory

16:05:32.229 [JavaFX Application Thread] DEBUG FXGLApplication      - Initializing FXGL
16:05:32.232 [JavaFX Application Thread] INFO  Engine               - FXGL-25 (05.02.2026 22.57) on LINUX (J:25.0.2 FX:21.0.6)
16:05:32.233 [JavaFX Application Thread] DEBUG Engine               - JRE Vendor Name: Arch Linux
16:05:32.233 [JavaFX Application Thread] DEBUG Engine               - Running on OS: Linux version 6.18.9-arch1-2
16:05:32.233 [JavaFX Application Thread] DEBUG Engine               - Architecture: amd64
16:05:32.233 [JavaFX Application Thread] INFO  Engine               - Source code and latest versions at: https://github.com/AlmasB/FXGL
16:05:32.233 [JavaFX Application Thread] INFO  Engine               -       Ask questions and discuss at: https://github.com/AlmasB/FXGL/discussions
16:05:32.306 [JavaFX Application Thread] DEBUG PrimaryStageWindow   - Creating a JavaFX scene
16:05:32.385 [JavaFX Application Thread] DEBUG PrimaryStageWindow   - Target settings size: 800.0 x 600.0
16:05:32.386 [JavaFX Application Thread] DEBUG PrimaryStageWindow   - Scaled scene size:    800.0 x 600.0
16:05:32.386 [JavaFX Application Thread] DEBUG PrimaryStageWindow   - Scaled ratio: (1.0, 1.0)
16:05:32.387 [JavaFX Application Thread] DEBUG PrimaryStageWindow   - Set initial scene to FXGLStartupScene
16:05:32.391 [JavaFX Application Thread] DEBUG PrimaryStageWindow   - Opening main window
16:05:32.453 [JavaFX Application Thread] DEBUG PrimaryStageWindow   - Window border size: (0.0, 35.0)
16:05:32.453 [JavaFX Application Thread] DEBUG PrimaryStageWindow   - Scaled size: 800.0 x 565.0
16:05:32.454 [JavaFX Application Thread] DEBUG PrimaryStageWindow   - Scaled ratio: (1.0, 0.9416666666666667)
16:05:32.454 [JavaFX Application Thread] DEBUG PrimaryStageWindow   - Scene size: 800.0 x 600.0
16:05:32.454 [JavaFX Application Thread] DEBUG PrimaryStageWindow   - Stage size: 800.0 x 600.0
16:05:32.459 [FXGL Background Thread 1 ] DEBUG Engine               - Initializing environment variables
16:05:32.529 [FXGL Background Thread 1 ] DEBUG FXGLAssetLoaderServi - User app class for loading assets: class TestPackage.BasicGameSample
16:05:32.529 [FXGL Background Thread 1 ] DEBUG GameApplicationServi - Applying CSS: fxgl_dark.css
16:05:32.529 [FXGL Background Thread 1 ] DEBUG FXGLAssetLoaderServi - Loading from file system: jar:file:///home/me/.m2/repository/com/github/almasb/fxgl/25/fxgl-25.jar!/fxglassets/ui/css/fxgl_dark.css
16:05:32.575 [FXGL Background Thread 1 ] DEBUG GameApplicationServi - Initializing application scenes
16:05:32.618 [FXGL Background Thread 1 ] DEBUG GameWorld            - Game world initialized
16:05:32.682 [FXGL Background Thread 1 ] DEBUG PhysicsWorld         - Physics world initialized: appHeight=600, physics.ppm=50.0
16:05:32.683 [FXGL Background Thread 1 ] DEBUG PhysicsWorld         - Using strategy: BRUTE_FORCE
16:05:32.689 [FXGL Background Thread 1 ] DEBUG GameScene            - Game scene initialized: 800x600
16:05:32.704 [FXGL Background Thread 1 ] DEBUG FXGL.DefaultMenu     - createMenuBodyGameMenu()
16:05:32.720 [FXGL Background Thread 1 ] DEBUG FXGL.DefaultMenu     - createOptionsMenu()
16:05:32.732 [FXGL Background Thread 1 ] DEBUG FXGLAssetLoaderServi - Loading from file system: jar:file:///home/me/.m2/repository/com/github/almasb/fxgl/25/fxgl-25.jar!/fxglassets/textures/particles/smoke.png
16:05:32.815 [FXGL Background Thread 1 ] DEBUG FXGLAssetLoaderServi - Loading from file system: jar:file:///home/me/.m2/repository/com/github/almasb/fxgl/25/fxgl-25.jar!/fxglassets/textures/particles/trace_horizontal.png
16:05:32.846 [FXGL Background Thread 1 ] DEBUG GameApplicationServi - Application scenes initialized
16:05:32.856 [FXGL Background Thread 1 ] DEBUG SystemBundleService  - Loading FXGL system data
16:05:32.859 [FXGL Background Thread 1 ] DEBUG FileSystemAccess     - Reading from: /home/me/ComProg_Project/system/fxgl.bundle
16:05:32.866 [FXGL Background Thread 1 ] DEBUG SystemBundleService  - Bundle FXGL: {}
16:05:32.866 [FXGL Background Thread 1 ] DEBUG UpdaterService       - Checking for updates
16:05:32.870 [FXGL Background Thread 4 ] DEBUG FXGLApplication      - Loading fonts
16:05:32.870 [FXGL Background Thread 4 ] DEBUG FXGLAssetLoaderServi - Loading from file system: jar:file:///home/me/.m2/repository/com/github/almasb/fxgl/25/fxgl-25.jar!/fxglassets/ui/fonts/VarelaRound-Regular.ttf
16:05:32.870 [FXGL Background Thread 1 ] DEBUG FXGLApplication      - Loading default localization
16:05:32.871 [FXGL Background Thread 1 ] DEBUG FXGLAssetLoaderServi - Loading from file system: jar:file:///home/me/.m2/repository/com/github/almasb/fxgl/25/fxgl-25.jar!/fxglassets/languages/english.lang
16:05:32.880 [FXGL Background Thread 4 ] DEBUG FXGLAssetLoaderServi - Loading from file system: jar:file:///home/me/.m2/repository/com/github/almasb/fxgl/25/fxgl-25.jar!/fxglassets/ui/fonts/Abel-Regular.ttf
16:05:32.881 [FXGL Background Thread 4 ] DEBUG FXGLAssetLoaderServi - Loading from file system: jar:file:///home/me/.m2/repository/com/github/almasb/fxgl/25/fxgl-25.jar!/fxglassets/ui/fonts/TerminalLandMono-Regular.otf
16:05:32.883 [FXGL Background Thread 4 ] DEBUG FXGLAssetLoaderServi - Loading from file system: jar:file:///home/me/.m2/repository/com/github/almasb/fxgl/25/fxgl-25.jar!/fxglassets/ui/fonts/Courier-Prime.ttf
16:05:32.886 [FXGL Background Thread 1 ] INFO  FXGLApplication      - FXGL initialization took: 0.427 sec
16:05:32.888 [JavaFX Application Thread] DEBUG FXGLAssetLoaderServi - Loading from file system: jar:file:///home/me/.m2/repository/com/github/almasb/fxgl/25/fxgl-25.jar!/fxglassets/textures/fxgl_icon.png
16:05:32.916 [JavaFX Application Thread] DEBUG FXGLAssetLoaderServi - Loading from file system: jar:file:///home/me/.m2/repository/com/github/almasb/fxgl/25/fxgl-25.jar!/fxglassets/textures/fxgl_default_cursor.png
16:05:32.929 [JavaFX Application Thread] DEBUG Input                - Registered new binding: Screenshot - CTRL+8
16:05:32.929 [JavaFX Application Thread] DEBUG Input                - Registered new binding: System info dump - CTRL+9
16:05:32.930 [JavaFX Application Thread] DEBUG Input                - Registered new binding: Restart - CTRL+R
16:05:32.931 [JavaFX Application Thread] DEBUG Input                - Registered new binding: Toggle Debug Camera - CTRL+7
16:05:32.933 [JavaFX Application Thread] DEBUG LoopRunner           - Starting loop
16:05:32.933 [JavaFX Application Thread] DEBUG LoopRunner           - Initializing JavaFX AnimationTimerLoop
16:05:32.934 [JavaFX Application Thread] DEBUG GameApplicationServi - Starting new game
16:05:32.935 [JavaFX Application Thread] DEBUG Input                - Clearing active input actions
16:05:32.946 [JavaFX Application Thread] DEBUG GameApplicationServi - Removing overlay from FXGLStartupScene and adding to FXGLLoadingScene
16:05:32.946 [JavaFX Application Thread] DEBUG PrimaryStageWindow   - FXGLStartupScene -> FXGLLoadingScene
16:05:32.946 [JavaFX Application Thread] DEBUG GameApplicationServi - Clearing previous game
16:05:32.946 [JavaFX Application Thread] DEBUG GameScene            - Clearing game scene
16:05:32.946 [JavaFX Application Thread] DEBUG GameWorld            - Clearing game world
16:05:32.946 [JavaFX Application Thread] DEBUG PhysicsWorld         - Clearing physics world
16:05:32.948 [FXGL Background Thread 4 ] DEBUG FXGLApplication      - Initializing game
16:05:32.951 [JavaFX Application Thread] DEBUG FXGLApplication      - Registering font factories with UI factory
16:05:32.982 [FXGL Background Thread 4 ] INFO  FXGLApplication      - Game initialization took: 0.035 sec
16:05:33.086 [JavaFX Application Thread] DEBUG Input                - Clearing active input actions
16:05:33.096 [JavaFX Application Thread] DEBUG GameApplicationServi - Removing overlay from FXGLLoadingScene and adding to GameScene
16:05:33.096 [JavaFX Application Thread] DEBUG PrimaryStageWindow   - FXGLLoadingScene -> GameScene
16:05:35.467 [JavaFX Application Thread] DEBUG FXGLApplication      - Exiting FXGL
16:05:35.467 [JavaFX Application Thread] DEBUG LoopRunner           - Stopping loop
16:05:35.468 [JavaFX Application Thread] DEBUG SystemBundleService  - Saving FXGL system data
16:05:35.471 [JavaFX Application Thread] DEBUG FileSystemAccess     - Writing to: /home/me/ComProg_Project/system/fxgl.bundle
16:05:35.475 [JavaFX Application Thread] DEBUG Async                - Shutting down background threads
16:05:35.476 [JavaFX Application Thread] DEBUG PrimaryStageWindow   - Closing main window
16:05:35.481 [JavaFX Application Thread] DEBUG Logger               - Closing Logger
