17:51:02.887 [main                     ] DEBUG Logger               - Configured Logger
17:51:02.893 [main                     ] DEBUG GameApplication      - Logging settings
Title: Untitled
Version: 0.0
Width: 1280
Height: 720
Fullscreen: false
Intro: false
Profiling: false
Single step:false
App Mode: DEVELOPER
Menu Key: ESCAPE
Stage Style: DECORATED
Scene Factory: class org.group1.GamePackage.Factory.MainSceneFactory

17:51:03.100 [JavaFX Application Thread] DEBUG FXGLApplication      - Initializing FXGL
17:51:03.105 [JavaFX Application Thread] INFO  Engine               - FXGL-25 (05.02.2026 22.57) on LINUX (J:25.0.2 FX:21.0.6)
17:51:03.105 [JavaFX Application Thread] DEBUG Engine               - JRE Vendor Name: Arch Linux
17:51:03.105 [JavaFX Application Thread] DEBUG Engine               - Running on OS: Linux version 6.19.9-arch1-1
17:51:03.105 [JavaFX Application Thread] DEBUG Engine               - Architecture: amd64
17:51:03.105 [JavaFX Application Thread] INFO  Engine               - Source code and latest versions at: https://github.com/AlmasB/FXGL
17:51:03.105 [JavaFX Application Thread] INFO  Engine               -       Ask questions and discuss at: https://github.com/AlmasB/FXGL/discussions
17:51:03.179 [JavaFX Application Thread] DEBUG PrimaryStageWindow   - Creating a JavaFX scene
17:51:03.259 [JavaFX Application Thread] DEBUG PrimaryStageWindow   - Target settings size: 1280.0 x 720.0
17:51:03.259 [JavaFX Application Thread] DEBUG PrimaryStageWindow   - Scaled scene size:    1280.0 x 720.0
17:51:03.259 [JavaFX Application Thread] DEBUG PrimaryStageWindow   - Scaled ratio: (1.0, 1.0)
17:51:03.260 [JavaFX Application Thread] DEBUG PrimaryStageWindow   - Set initial scene to FXGLStartupScene
17:51:03.264 [JavaFX Application Thread] DEBUG PrimaryStageWindow   - Opening main window
17:51:03.331 [JavaFX Application Thread] DEBUG PrimaryStageWindow   - Window border size: (0.0, 35.0)
17:51:03.331 [JavaFX Application Thread] DEBUG PrimaryStageWindow   - Scaled size: 1280.0 x 685.0
17:51:03.331 [JavaFX Application Thread] DEBUG PrimaryStageWindow   - Scaled ratio: (1.0, 0.9513888888888888)
17:51:03.332 [JavaFX Application Thread] DEBUG PrimaryStageWindow   - Scene size: 1280.0 x 720.0
17:51:03.332 [JavaFX Application Thread] DEBUG PrimaryStageWindow   - Stage size: 1280.0 x 720.0
17:51:03.337 [FXGL Background Thread 1 ] DEBUG Engine               - Initializing environment variables
17:51:03.398 [FXGL Background Thread 1 ] DEBUG FXGLAssetLoaderServi - User app class for loading assets: class org.group1.GamePackage.Application
17:51:03.398 [FXGL Background Thread 1 ] DEBUG GameApplicationServi - Applying CSS: fxgl_dark.css
17:51:03.399 [FXGL Background Thread 1 ] DEBUG FXGLAssetLoaderServi - Loading from file system: jar:file:///home/me/.m2/repository/com/github/almasb/fxgl/25/fxgl-25.jar!/fxglassets/ui/css/fxgl_dark.css
17:51:03.439 [FXGL Background Thread 1 ] DEBUG GameApplicationServi - Initializing application scenes
17:51:03.514 [FXGL Background Thread 1 ] DEBUG GameWorld            - Game world initialized
17:51:03.549 [FXGL Background Thread 1 ] DEBUG PhysicsWorld         - Physics world initialized: appHeight=720, physics.ppm=50.0
17:51:03.549 [FXGL Background Thread 1 ] DEBUG PhysicsWorld         - Using strategy: BRUTE_FORCE
17:51:03.552 [FXGL Background Thread 1 ] DEBUG GameScene            - Game scene initialized: 1280x720
17:51:03.563 [FXGL Background Thread 1 ] DEBUG FXGL.DefaultMenu     - createMenuBodyGameMenu()
17:51:03.569 [FXGL Background Thread 1 ] DEBUG FXGL.DefaultMenu     - createOptionsMenu()
17:51:03.579 [FXGL Background Thread 1 ] DEBUG FXGLAssetLoaderServi - Loading from file system: jar:file:///home/me/.m2/repository/com/github/almasb/fxgl/25/fxgl-25.jar!/fxglassets/textures/particles/smoke.png
17:51:03.662 [FXGL Background Thread 1 ] DEBUG FXGLAssetLoaderServi - Loading from file system: jar:file:///home/me/.m2/repository/com/github/almasb/fxgl/25/fxgl-25.jar!/fxglassets/textures/particles/trace_horizontal.png
17:51:03.688 [FXGL Background Thread 1 ] DEBUG GameApplicationServi - Application scenes initialized
17:51:03.696 [FXGL Background Thread 1 ] DEBUG SystemBundleService  - Loading FXGL system data
17:51:03.699 [FXGL Background Thread 1 ] DEBUG FileSystemAccess     - Reading from: /home/me/ComProg_Project/system/fxgl.bundle
17:51:03.705 [FXGL Background Thread 1 ] DEBUG SystemBundleService  - Bundle FXGL: {}
17:51:03.705 [FXGL Background Thread 1 ] DEBUG UpdaterService       - Checking for updates
17:51:03.709 [FXGL Background Thread 4 ] DEBUG FXGLApplication      - Loading fonts
17:51:03.709 [FXGL Background Thread 4 ] DEBUG FXGLAssetLoaderServi - Loading from file system: jar:file:///home/me/.m2/repository/com/github/almasb/fxgl/25/fxgl-25.jar!/fxglassets/ui/fonts/VarelaRound-Regular.ttf
17:51:03.710 [FXGL Background Thread 1 ] DEBUG FXGLApplication      - Loading default localization
17:51:03.711 [FXGL Background Thread 1 ] DEBUG FXGLAssetLoaderServi - Loading from file system: jar:file:///home/me/.m2/repository/com/github/almasb/fxgl/25/fxgl-25.jar!/fxglassets/languages/english.lang
17:51:03.717 [FXGL Background Thread 4 ] DEBUG FXGLAssetLoaderServi - Loading from file system: jar:file:///home/me/.m2/repository/com/github/almasb/fxgl/25/fxgl-25.jar!/fxglassets/ui/fonts/Abel-Regular.ttf
17:51:03.719 [FXGL Background Thread 4 ] DEBUG FXGLAssetLoaderServi - Loading from file system: jar:file:///home/me/.m2/repository/com/github/almasb/fxgl/25/fxgl-25.jar!/fxglassets/ui/fonts/TerminalLandMono-Regular.otf
17:51:03.721 [FXGL Background Thread 4 ] DEBUG FXGLAssetLoaderServi - Loading from file system: jar:file:///home/me/.m2/repository/com/github/almasb/fxgl/25/fxgl-25.jar!/fxglassets/ui/fonts/Courier-Prime.ttf
17:51:03.722 [FXGL Background Thread 1 ] INFO  FXGLApplication      - FXGL initialization took: 0.385 sec
17:51:03.732 [JavaFX Application Thread] DEBUG Input                - Registered new binding: Move left - A
17:51:03.732 [JavaFX Application Thread] DEBUG Input                - Registered new binding: Move right - D
17:51:03.732 [JavaFX Application Thread] DEBUG Input                - Registered new binding: Move down - S
17:51:03.732 [JavaFX Application Thread] DEBUG Input                - Registered new binding: Move up - W
17:51:03.732 [JavaFX Application Thread] DEBUG Input                - Registered new binding: Shoot - Space
17:51:03.733 [JavaFX Application Thread] DEBUG FXGLAssetLoaderServi - Loading from file system: jar:file:///home/me/.m2/repository/com/github/almasb/fxgl/25/fxgl-25.jar!/fxglassets/textures/fxgl_icon.png
17:51:03.752 [JavaFX Application Thread] DEBUG FXGLAssetLoaderServi - Loading from file system: jar:file:///home/me/.m2/repository/com/github/almasb/fxgl/25/fxgl-25.jar!/fxglassets/textures/fxgl_default_cursor.png
17:51:03.754 [JavaFX Application Thread] DEBUG Input                - Registered new binding: Screenshot - CTRL+8
17:51:03.755 [JavaFX Application Thread] DEBUG Input                - Registered new binding: System info dump - CTRL+9
17:51:03.755 [JavaFX Application Thread] DEBUG Input                - Registered new binding: Restart - CTRL+R
17:51:03.756 [JavaFX Application Thread] DEBUG Input                - Registered new binding: Toggle Debug Camera - CTRL+7
17:51:03.758 [JavaFX Application Thread] DEBUG LoopRunner           - Starting loop
17:51:03.758 [JavaFX Application Thread] DEBUG LoopRunner           - Initializing JavaFX AnimationTimerLoop
17:51:03.761 [JavaFX Application Thread] DEBUG Input                - Clearing active input actions
17:51:03.769 [JavaFX Application Thread] DEBUG GameApplicationServi - Removing overlay from FXGLStartupScene and adding to FXGLMainMenuDummyScene
17:51:03.770 [JavaFX Application Thread] DEBUG PrimaryStageWindow   - FXGLStartupScene -> FXGLMainMenuDummyScene
17:51:03.770 [JavaFX Application Thread] DEBUG PrimaryStageWindow   - Push state: MenuInterface
17:51:03.770 [JavaFX Application Thread] DEBUG Input                - Clearing active input actions
17:51:03.773 [JavaFX Application Thread] DEBUG GameApplicationServi - Removing overlay from FXGLMainMenuDummyScene and adding to MenuInterface
17:51:03.774 [JavaFX Application Thread] DEBUG PrimaryStageWindow   - FXGLMainMenuDummyScene -> MenuInterface
17:51:03.775 [JavaFX Application Thread] DEBUG FXGLApplication      - Registering font factories with UI factory
17:51:06.707 [FXGL Background Thread 3 ] DEBUG Engine               - Logging environment variables
17:51:06.709 [FXGL Background Thread 3 ] DEBUG Engine               - achievements: []
17:51:06.709 [FXGL Background Thread 3 ] DEBUG Engine               - actualHeight: 685.0
17:51:06.710 [FXGL Background Thread 3 ] DEBUG Engine               - actualHeightProperty: ReadOnlyDoubleProperty [value: 685.0]
17:51:06.710 [FXGL Background Thread 3 ] DEBUG Engine               - actualWidth: 1280.0
17:51:06.710 [FXGL Background Thread 3 ] DEBUG Engine               - actualWidthProperty: ReadOnlyDoubleProperty [value: 1280.0]
17:51:06.710 [FXGL Background Thread 3 ] DEBUG Engine               - appIcon: fxgl_icon.png
17:51:06.711 [FXGL Background Thread 3 ] DEBUG Engine               - applicationMode: DEVELOPER
17:51:06.711 [FXGL Background Thread 3 ] DEBUG Engine               - cSSList: [fxgl_dark.css]
17:51:06.711 [FXGL Background Thread 3 ] DEBUG Engine               - collisionDetectionStrategy: BRUTE_FORCE
17:51:06.711 [FXGL Background Thread 3 ] DEBUG Engine               - configClass: Optional.empty
17:51:06.712 [FXGL Background Thread 3 ] DEBUG Engine               - credits: []
17:51:06.712 [FXGL Background Thread 3 ] DEBUG Engine               - defaultCursor: CursorInfo(imageName=fxgl_default_cursor.png, hotspotX=7.0, hotspotY=6.0)
17:51:06.713 [FXGL Background Thread 3 ] DEBUG Engine               - devBBoxColorProperty: ObjectProperty [value: 0xff0000ff]
17:51:06.713 [FXGL Background Thread 3 ] DEBUG Engine               - devEnableDebugCameraProperty: BooleanProperty [value: false]
17:51:06.714 [FXGL Background Thread 3 ] DEBUG Engine               - devSensorColorProperty: ObjectProperty [value: 0xffff00ff]
17:51:06.714 [FXGL Background Thread 3 ] DEBUG Engine               - devShowBBoxProperty: BooleanProperty [value: false]
17:51:06.715 [FXGL Background Thread 3 ] DEBUG Engine               - devShowPositionProperty: BooleanProperty [value: false]
17:51:06.715 [FXGL Background Thread 3 ] DEBUG Engine               - enabledMenuItems: []
17:51:06.715 [FXGL Background Thread 3 ] DEBUG Engine               - engineServices: [class com.almasb.fxgl.app.services.FXGLAssetLoaderService, class com.almasb.fxgl.app.FXGLApplication$GameApplicationService, class com.almasb.fxgl.app.services.FXGLDialogService, class com.almasb.fxgl.app.services.IOTaskExecutorService, class com.almasb.fxgl.io.FileSystemService, class com.almasb.fxgl.localization.LocalizationService, class com.almasb.fxgl.app.services.SystemBundleService, class com.almasb.fxgl.profile.SaveLoadService, class com.almasb.fxgl.ui.FXGLUIFactoryServiceProvider, class com.almasb.fxgl.ui.FXGLDialogFactoryServiceProvider, class com.almasb.fxgl.audio.AudioPlayer, class com.almasb.fxgl.notification.impl.NotificationServiceProvider, class com.almasb.fxgl.achievement.AchievementService, class com.almasb.fxgl.cutscene.CutsceneService, class com.almasb.fxgl.minigames.MiniGameService, class com.almasb.fxgl.net.NetService, class com.almasb.fxgl.app.services.UpdaterService, class com.almasb.fxgl.dev.DevService]
17:51:06.715 [FXGL Background Thread 3 ] DEBUG Engine               - fontGame: Abel-Regular.ttf
17:51:06.715 [FXGL Background Thread 3 ] DEBUG Engine               - fontMono: TerminalLandMono-Regular.otf
17:51:06.716 [FXGL Background Thread 3 ] DEBUG Engine               - fontSizeScaleUI: 1.0
17:51:06.716 [FXGL Background Thread 3 ] DEBUG Engine               - fontText: Courier-Prime.ttf
17:51:06.716 [FXGL Background Thread 3 ] DEBUG Engine               - fontUI: VarelaRound-Regular.ttf
17:51:06.717 [FXGL Background Thread 3 ] DEBUG Engine               - fpsRefreshRate: 500.0 ms
17:51:06.717 [FXGL Background Thread 3 ] DEBUG Engine               - fullScreen: BooleanProperty [value: false]
17:51:06.717 [FXGL Background Thread 3 ] DEBUG Engine               - gameDifficulty: MEDIUM
17:51:06.717 [FXGL Background Thread 3 ] DEBUG Engine               - gameDifficultyProperty: ObjectProperty [value: MEDIUM]
17:51:06.718 [FXGL Background Thread 3 ] DEBUG Engine               - globalMusicVolume: 0.5
17:51:06.718 [FXGL Background Thread 3 ] DEBUG Engine               - globalMusicVolumeProperty: DoubleProperty [value: 0.5]
17:51:06.718 [FXGL Background Thread 3 ] DEBUG Engine               - globalSoundVolume: 0.5
17:51:06.719 [FXGL Background Thread 3 ] DEBUG Engine               - globalSoundVolumeProperty: DoubleProperty [value: 0.5]
17:51:06.719 [FXGL Background Thread 3 ] DEBUG Engine               - height: 720
17:51:06.719 [FXGL Background Thread 3 ] DEBUG Engine               - is3D: false
17:51:06.719 [FXGL Background Thread 3 ] DEBUG Engine               - isAndroid: false
17:51:06.720 [FXGL Background Thread 3 ] DEBUG Engine               - isBrowser: false
17:51:06.720 [FXGL Background Thread 3 ] DEBUG Engine               - isClickFeedbackEnabled: false
17:51:06.720 [FXGL Background Thread 3 ] DEBUG Engine               - isCloseConfirmation: false
17:51:06.720 [FXGL Background Thread 3 ] DEBUG Engine               - isDesktop: true
17:51:06.720 [FXGL Background Thread 3 ] DEBUG Engine               - isDeveloperMenuEnabled: false
17:51:06.721 [FXGL Background Thread 3 ] DEBUG Engine               - isEmbedded: false
17:51:06.721 [FXGL Background Thread 3 ] DEBUG Engine               - isEntityPreloadEnabled: true
17:51:06.721 [FXGL Background Thread 3 ] DEBUG Engine               - isExperimentalTiledLargeMap: false
17:51:06.721 [FXGL Background Thread 3 ] DEBUG Engine               - isFileSystemWriteAllowed: true
17:51:06.721 [FXGL Background Thread 3 ] DEBUG Engine               - isFullScreenAllowed: false
17:51:06.722 [FXGL Background Thread 3 ] DEBUG Engine               - isFullScreenFromStart: false
17:51:06.722 [FXGL Background Thread 3 ] DEBUG Engine               - isGameMenuEnabled: true
17:51:06.722 [FXGL Background Thread 3 ] DEBUG Engine               - isIOS: false
17:51:06.722 [FXGL Background Thread 3 ] DEBUG Engine               - isIntroEnabled: false
17:51:06.722 [FXGL Background Thread 3 ] DEBUG Engine               - isLinux: true
17:51:06.723 [FXGL Background Thread 3 ] DEBUG Engine               - isMac: false
17:51:06.723 [FXGL Background Thread 3 ] DEBUG Engine               - isMainMenuEnabled: true
17:51:06.723 [FXGL Background Thread 3 ] DEBUG Engine               - isManualResizeEnabled: false
17:51:06.723 [FXGL Background Thread 3 ] DEBUG Engine               - isMobile: false
17:51:06.724 [FXGL Background Thread 3 ] DEBUG Engine               - isNative: false
17:51:06.724 [FXGL Background Thread 3 ] DEBUG Engine               - isPauseMusicWhenMinimized: true
17:51:06.724 [FXGL Background Thread 3 ] DEBUG Engine               - isPreserveResizeRatio: false
17:51:06.724 [FXGL Background Thread 3 ] DEBUG Engine               - isProfilingEnabled: false
17:51:06.724 [FXGL Background Thread 3 ] DEBUG Engine               - isScaleAffectedOnResize: true
17:51:06.725 [FXGL Background Thread 3 ] DEBUG Engine               - isSingleStep: false
17:51:06.725 [FXGL Background Thread 3 ] DEBUG Engine               - isUserProfileEnabled: false
17:51:06.725 [FXGL Background Thread 3 ] DEBUG Engine               - isWindows: false
17:51:06.726 [FXGL Background Thread 3 ] DEBUG Engine               - language: ObjectProperty [value: ENGLISH]
17:51:06.726 [FXGL Background Thread 3 ] DEBUG Engine               - menuKey: ESCAPE
17:51:06.726 [FXGL Background Thread 3 ] DEBUG Engine               - mouseSensitivity: 0.2
17:51:06.726 [FXGL Background Thread 3 ] DEBUG Engine               - notificationViewClass: class com.almasb.fxgl.notification.view.XboxNotificationView
17:51:06.726 [FXGL Background Thread 3 ] DEBUG Engine               - pixelsPerMeter: 50.0
17:51:06.727 [FXGL Background Thread 3 ] DEBUG Engine               - platform: LINUX
17:51:06.727 [FXGL Background Thread 3 ] DEBUG Engine               - prefHeightProperty: ReadOnlyDoubleProperty [value: 720.0]
17:51:06.727 [FXGL Background Thread 3 ] DEBUG Engine               - prefWidthProperty: ReadOnlyDoubleProperty [value: 1280.0]
17:51:06.727 [FXGL Background Thread 3 ] DEBUG Engine               - profileDir: profiles/
17:51:06.727 [FXGL Background Thread 3 ] DEBUG Engine               - profileName: StringProperty [value: DEFAULT]
17:51:06.728 [FXGL Background Thread 3 ] DEBUG Engine               - randomSeed: -1
17:51:06.728 [FXGL Background Thread 3 ] DEBUG Engine               - runtimeInfo: RuntimeInfo(platform=LINUX, version=25, build=05.02.2026 22.57)
17:51:06.728 [FXGL Background Thread 3 ] DEBUG Engine               - saveFileExt: sav
17:51:06.728 [FXGL Background Thread 3 ] DEBUG Engine               - scaledHeightProp$fxgl: DoubleProperty [bound, value: 685.0]
17:51:06.729 [FXGL Background Thread 3 ] DEBUG Engine               - scaledWidthProp$fxgl: DoubleProperty [bound, value: 1280.0]
17:51:06.729 [FXGL Background Thread 3 ] DEBUG Engine               - sceneFactory: org.group1.GamePackage.Factory.MainSceneFactory@5fc63640
17:51:06.729 [FXGL Background Thread 3 ] DEBUG Engine               - secondsIn24h: 60
17:51:06.729 [FXGL Background Thread 3 ] DEBUG Engine               - soundMenuBack: menu/back.wav
17:51:06.729 [FXGL Background Thread 3 ] DEBUG Engine               - soundMenuPress: menu/press.wav
17:51:06.729 [FXGL Background Thread 3 ] DEBUG Engine               - soundMenuSelect: menu/select.wav
17:51:06.729 [FXGL Background Thread 3 ] DEBUG Engine               - soundNotification: core/notification.wav
17:51:06.729 [FXGL Background Thread 3 ] DEBUG Engine               - stageStyle: DECORATED
17:51:06.730 [FXGL Background Thread 3 ] DEBUG Engine               - supportedLanguages: [ENGLISH, FRENCH, GERMAN, HUNGARIAN, RUSSIAN]
17:51:06.730 [FXGL Background Thread 3 ] DEBUG Engine               - ticksPerSecond: -1
17:51:06.730 [FXGL Background Thread 3 ] DEBUG Engine               - title: Untitled
17:51:06.730 [FXGL Background Thread 3 ] DEBUG Engine               - urlGithub: https://github.com/AlmasB/FXGL
17:51:06.730 [FXGL Background Thread 3 ] DEBUG Engine               - urlLeaderboard: http://fxgl-top.herokuapp.com/
17:51:06.730 [FXGL Background Thread 3 ] DEBUG Engine               - urlPOM: https://raw.githubusercontent.com/AlmasB/FXGL/release/README.md
17:51:06.730 [FXGL Background Thread 3 ] DEBUG Engine               - userAppClass: class org.group1.GamePackage.Application
17:51:06.730 [FXGL Background Thread 3 ] DEBUG Engine               - version: 0.0
17:51:06.731 [FXGL Background Thread 3 ] DEBUG Engine               - versionCheckDays: 7
17:51:06.731 [FXGL Background Thread 3 ] DEBUG Engine               - width: 1280
17:51:06.731 [FXGL Background Thread 3 ] DEBUG Engine               - Logging services
17:51:06.731 [FXGL Background Thread 3 ] DEBUG Engine               - class com.almasb.fxgl.app.services.FXGLAssetLoaderService
17:51:06.731 [FXGL Background Thread 3 ] DEBUG Engine               - class com.almasb.fxgl.app.FXGLApplication$GameApplicationService
17:51:06.731 [FXGL Background Thread 3 ] DEBUG Engine               - class com.almasb.fxgl.app.services.FXGLDialogService
17:51:06.731 [FXGL Background Thread 3 ] DEBUG Engine               - class com.almasb.fxgl.app.services.IOTaskExecutorService
17:51:06.731 [FXGL Background Thread 3 ] DEBUG Engine               - class com.almasb.fxgl.io.FileSystemService
17:51:06.732 [FXGL Background Thread 3 ] DEBUG Engine               - class com.almasb.fxgl.localization.LocalizationService
17:51:06.732 [FXGL Background Thread 3 ] DEBUG Engine               - class com.almasb.fxgl.app.services.SystemBundleService
17:51:06.732 [FXGL Background Thread 3 ] DEBUG Engine               - class com.almasb.fxgl.profile.SaveLoadService
17:51:06.732 [FXGL Background Thread 3 ] DEBUG Engine               - class com.almasb.fxgl.ui.FXGLUIFactoryServiceProvider
17:51:06.732 [FXGL Background Thread 3 ] DEBUG Engine               - class com.almasb.fxgl.ui.FXGLDialogFactoryServiceProvider
17:51:06.732 [FXGL Background Thread 3 ] DEBUG Engine               - class com.almasb.fxgl.audio.AudioPlayer
17:51:06.732 [FXGL Background Thread 3 ] DEBUG Engine               - class com.almasb.fxgl.notification.impl.NotificationServiceProvider
17:51:06.732 [FXGL Background Thread 3 ] DEBUG Engine               - class com.almasb.fxgl.achievement.AchievementService
17:51:06.733 [FXGL Background Thread 3 ] DEBUG Engine               - class com.almasb.fxgl.cutscene.CutsceneService
17:51:06.733 [FXGL Background Thread 3 ] DEBUG Engine               - class com.almasb.fxgl.minigames.MiniGameService
17:51:06.733 [FXGL Background Thread 3 ] DEBUG Engine               - class com.almasb.fxgl.net.NetService
17:51:06.733 [FXGL Background Thread 3 ] DEBUG Engine               - class com.almasb.fxgl.app.services.UpdaterService
17:51:06.733 [FXGL Background Thread 3 ] DEBUG Engine               - class com.almasb.fxgl.dev.DevService
17:51:06.744 [JavaFX Application Thread] DEBUG Menu                 - fireNewGame()
17:51:06.744 [JavaFX Application Thread] DEBUG GameApplicationServi - Starting new game
17:51:06.744 [JavaFX Application Thread] DEBUG PrimaryStageWindow   - Pop state: MenuInterface
17:51:06.745 [JavaFX Application Thread] DEBUG Input                - Clearing active input actions
17:51:06.745 [JavaFX Application Thread] DEBUG GameApplicationServi - Removing overlay from MenuInterface and adding to FXGLMainMenuDummyScene
17:51:06.746 [JavaFX Application Thread] DEBUG PrimaryStageWindow   - FXGLMainMenuDummyScene <- MenuInterface
17:51:06.746 [JavaFX Application Thread] DEBUG Input                - Clearing active input actions
17:51:06.754 [JavaFX Application Thread] DEBUG GameApplicationServi - Removing overlay from FXGLMainMenuDummyScene and adding to LoadingInterface
17:51:06.755 [JavaFX Application Thread] DEBUG PrimaryStageWindow   - FXGLMainMenuDummyScene -> LoadingInterface
17:51:06.755 [JavaFX Application Thread] DEBUG GameApplicationServi - Clearing previous game
17:51:06.755 [JavaFX Application Thread] DEBUG GameScene            - Clearing game scene
17:51:06.755 [JavaFX Application Thread] DEBUG GameWorld            - Clearing game world
17:51:06.755 [JavaFX Application Thread] DEBUG PhysicsWorld         - Clearing physics world
17:51:06.757 [FXGL Background Thread 2 ] DEBUG FXGLApplication      - Initializing game
17:51:06.768 [FXGL Background Thread 2 ] DEBUG FXGLAssetLoaderServi - Loading from file system: file:/home/me/ComProg_Project/target/classes/assets/textures/background.png
17:51:06.866 [FXGL Background Thread 2 ] DEBUG FXGLAssetLoaderServi - Loading from file system: file:/home/me/ComProg_Project/target/classes/assets/textures/background_stars1.png
17:51:06.961 [FXGL Background Thread 2 ] DEBUG FXGLAssetLoaderServi - Loading from file system: file:/home/me/ComProg_Project/target/classes/assets/textures/background_stars2.png
17:51:06.995 [FXGL Background Thread 2 ] DEBUG FXGLAssetLoaderServi - Loading from file system: file:/home/me/ComProg_Project/target/classes/assets/textures/background_stars3.png
17:51:07.029 [FXGL Background Thread 2 ] DEBUG FXGLAssetLoaderServi - Loading from file system: file:/home/me/ComProg_Project/target/classes/assets/textures/background_cloud1.png
17:51:07.038 [FXGL Background Thread 2 ] DEBUG FXGLAssetLoaderServi - Loading from file system: file:/home/me/ComProg_Project/target/classes/assets/textures/background_cloud2.png
17:51:07.050 [FXGL Background Thread 2 ] DEBUG FXGLAssetLoaderServi - Loading from file system: file:/home/me/ComProg_Project/target/classes/assets/textures/background_mist1.png
17:51:07.060 [FXGL Background Thread 2 ] DEBUG FXGLAssetLoaderServi - Loading from file system: file:/home/me/ComProg_Project/target/classes/assets/textures/background_hills.png
17:51:07.080 [FXGL Background Thread 2 ] DEBUG FXGLAssetLoaderServi - Loading from file system: file:/home/me/ComProg_Project/target/classes/assets/textures/background_forest.png
17:51:07.091 [FXGL Background Thread 2 ] DEBUG FXGLAssetLoaderServi - Loading from file system: file:/home/me/ComProg_Project/target/classes/assets/textures/background_large_forest.png
17:51:07.120 [FXGL Background Thread 2 ] DEBUG FXGLAssetLoaderServi - Loading from file system: file:/home/me/ComProg_Project/target/classes/assets/textures/idle_sprite.png
17:51:07.124 [FXGL Background Thread 2 ] DEBUG FXGLAssetLoaderServi - Loading from file system: file:/home/me/ComProg_Project/target/classes/assets/textures/down_sprite.png
17:51:07.126 [FXGL Background Thread 2 ] DEBUG FXGLAssetLoaderServi - Loading from file system: file:/home/me/ComProg_Project/target/classes/assets/textures/up_sprite.png
17:51:07.134 [FXGL Background Thread 2 ] DEBUG FXGLAssetLoaderServi - Loading from file system: file:/home/me/ComProg_Project/target/classes/assets/music/main_music.wav
17:51:07.209 [FXGL Background Thread 2 ] DEBUG AudioPlayer          - Playing music com.almasb.fxgl.audio.Music@3b78ad88
17:51:07.213 [FXGL Background Thread 2 ] INFO  FXGLApplication      - Game initialization took: 0.456 sec
17:51:07.213 [JavaFX Application Thread] DEBUG Input                - Clearing active input actions
17:51:07.225 [JavaFX Application Thread] DEBUG GameApplicationServi - Removing overlay from LoadingInterface and adding to GameScene
17:51:07.226 [JavaFX Application Thread] DEBUG PrimaryStageWindow   - LoadingInterface -> GameScene
17:51:07.713 [JavaFX Application Thread] DEBUG FXGLAssetLoaderServi - Loading from file system: file:/home/me/ComProg_Project/target/classes/assets/textures/enemy_sprite.png
17:51:07.715 [JavaFX Application Thread] DEBUG FXGLAssetLoaderServi - Loading from file system: file:/home/me/ComProg_Project/target/classes/assets/textures/explosion_sprite.png
17:51:09.076 [JavaFX Application Thread] DEBUG FXGLApplication      - Exiting FXGL
17:51:09.076 [JavaFX Application Thread] DEBUG LoopRunner           - Stopping loop
17:51:09.076 [JavaFX Application Thread] DEBUG SystemBundleService  - Saving FXGL system data
17:51:09.078 [JavaFX Application Thread] DEBUG FileSystemAccess     - Writing to: /home/me/ComProg_Project/system/fxgl.bundle
17:51:09.080 [JavaFX Application Thread] DEBUG Async                - Shutting down background threads
17:51:09.080 [JavaFX Application Thread] DEBUG PrimaryStageWindow   - Closing main window
17:51:09.082 [JavaFX Application Thread] DEBUG Logger               - Closing Logger
