21:50:39.839 [main                     ] DEBUG Logger               - Configured Logger
21:50:39.845 [main                     ] DEBUG GameApplication      - Logging settings
Title: Untitled
Version: 0.0
Width: 1280
Height: 720
Fullscreen: false
Intro: false
Profiling: false
Single step:false
App Mode: DEVELOPER
Menu Key: ESCAPE
Stage Style: DECORATED
Scene Factory: class org.group1.GamePackage.Factory.MainSceneFactory

21:50:40.427 [JavaFX Application Thread] DEBUG FXGLApplication      - Initializing FXGL
21:50:40.431 [JavaFX Application Thread] INFO  Engine               - FXGL-25 (05.02.2026 22.57) on WINDOWS (J:25.0.2 FX:21.0.6)
21:50:40.432 [JavaFX Application Thread] DEBUG Engine               - JRE Vendor Name: Oracle Corporation
21:50:40.432 [JavaFX Application Thread] DEBUG Engine               - Running on OS: Windows 11 version 10.0
21:50:40.432 [JavaFX Application Thread] DEBUG Engine               - Architecture: amd64
21:50:40.432 [JavaFX Application Thread] INFO  Engine               - Source code and latest versions at: https://github.com/AlmasB/FXGL
21:50:40.432 [JavaFX Application Thread] INFO  Engine               -       Ask questions and discuss at: https://github.com/AlmasB/FXGL/discussions
21:50:40.503 [JavaFX Application Thread] DEBUG PrimaryStageWindow   - Creating a JavaFX scene
21:50:40.540 [JavaFX Application Thread] DEBUG PrimaryStageWindow   - Target settings size: 1280.0 x 720.0
21:50:40.540 [JavaFX Application Thread] DEBUG PrimaryStageWindow   - Scaled scene size:    1280.0 x 720.0
21:50:40.540 [JavaFX Application Thread] DEBUG PrimaryStageWindow   - Scaled ratio: (1.0, 1.0)
21:50:40.541 [JavaFX Application Thread] DEBUG PrimaryStageWindow   - Set initial scene to FXGLStartupScene
21:50:40.544 [JavaFX Application Thread] DEBUG PrimaryStageWindow   - Opening main window
21:50:40.619 [JavaFX Application Thread] DEBUG PrimaryStageWindow   - Window border size: (16.0, 39.0)
21:50:40.619 [JavaFX Application Thread] DEBUG PrimaryStageWindow   - Scaled size: 1280.0 x 720.0
21:50:40.619 [JavaFX Application Thread] DEBUG PrimaryStageWindow   - Scaled ratio: (1.0, 1.0)
21:50:40.619 [JavaFX Application Thread] DEBUG PrimaryStageWindow   - Scene size: 1280.0 x 720.0
21:50:40.619 [JavaFX Application Thread] DEBUG PrimaryStageWindow   - Stage size: 1296.0 x 759.0
21:50:40.628 [FXGL Background Thread 1 ] DEBUG Engine               - Initializing environment variables
21:50:40.690 [FXGL Background Thread 1 ] DEBUG FXGLAssetLoaderServi - User app class for loading assets: class org.group1.GamePackage.Application
21:50:40.690 [FXGL Background Thread 1 ] DEBUG GameApplicationServi - Applying CSS: fxgl_dark.css
21:50:40.691 [FXGL Background Thread 1 ] DEBUG FXGLAssetLoaderServi - Loading from file system: jar:file:///C:/Users/Wren/.m2/repository/com/github/almasb/fxgl/25/fxgl-25.jar!/fxglassets/ui/css/fxgl_dark.css
21:50:40.724 [FXGL Background Thread 1 ] DEBUG GameApplicationServi - Initializing application scenes
21:50:40.784 [FXGL Background Thread 1 ] DEBUG GameWorld            - Game world initialized
21:50:40.818 [FXGL Background Thread 1 ] DEBUG PhysicsWorld         - Physics world initialized: appHeight=720, physics.ppm=50.0
21:50:40.818 [FXGL Background Thread 1 ] DEBUG PhysicsWorld         - Using strategy: BRUTE_FORCE
21:50:40.823 [FXGL Background Thread 1 ] DEBUG GameScene            - Game scene initialized: 1280x720
21:50:40.833 [FXGL Background Thread 1 ] DEBUG FXGL.DefaultMenu     - createMenuBodyGameMenu()
21:50:40.839 [FXGL Background Thread 1 ] DEBUG FXGL.DefaultMenu     - createOptionsMenu()
21:50:40.845 [FXGL Background Thread 1 ] DEBUG FXGLAssetLoaderServi - Loading from file system: jar:file:///C:/Users/Wren/.m2/repository/com/github/almasb/fxgl/25/fxgl-25.jar!/fxglassets/textures/particles/smoke.png
21:50:40.924 [FXGL Background Thread 1 ] DEBUG FXGLAssetLoaderServi - Loading from file system: jar:file:///C:/Users/Wren/.m2/repository/com/github/almasb/fxgl/25/fxgl-25.jar!/fxglassets/textures/particles/trace_horizontal.png
21:50:40.952 [FXGL Background Thread 1 ] DEBUG GameApplicationServi - Application scenes initialized
21:50:40.963 [FXGL Background Thread 1 ] DEBUG SystemBundleService  - Loading FXGL system data
21:50:40.968 [FXGL Background Thread 1 ] DEBUG FileSystemAccess     - Reading from: C:\Users\Wren\IdeaProjects\GameGame\system\fxgl.bundle
21:50:40.974 [FXGL Background Thread 1 ] DEBUG SystemBundleService  - Bundle FXGL: {}
21:50:40.974 [FXGL Background Thread 1 ] DEBUG UpdaterService       - Checking for updates
21:50:40.977 [FXGL Background Thread 4 ] DEBUG FXGLApplication      - Loading fonts
21:50:40.977 [FXGL Background Thread 4 ] DEBUG FXGLAssetLoaderServi - Loading from file system: jar:file:///C:/Users/Wren/.m2/repository/com/github/almasb/fxgl/25/fxgl-25.jar!/fxglassets/ui/fonts/VarelaRound-Regular.ttf
21:50:40.979 [FXGL Background Thread 1 ] DEBUG FXGLApplication      - Loading default localization
21:50:40.979 [FXGL Background Thread 1 ] DEBUG FXGLAssetLoaderServi - Loading from file system: jar:file:///C:/Users/Wren/.m2/repository/com/github/almasb/fxgl/25/fxgl-25.jar!/fxglassets/languages/english.lang
21:50:40.993 [FXGL Background Thread 1 ] INFO  FXGLApplication      - FXGL initialization took: 0.366 sec
21:50:41.009 [JavaFX Application Thread] DEBUG Input                - Registered new binding: Move left - A
21:50:41.009 [JavaFX Application Thread] DEBUG Input                - Registered new binding: Move right - D
21:50:41.009 [JavaFX Application Thread] DEBUG Input                - Registered new binding: Move down - S
21:50:41.009 [JavaFX Application Thread] DEBUG Input                - Registered new binding: Move up - W
21:50:41.009 [JavaFX Application Thread] DEBUG Input                - Registered new binding: Shoot - Space
21:50:41.009 [JavaFX Application Thread] DEBUG FXGLAssetLoaderServi - Loading from file system: jar:file:///C:/Users/Wren/.m2/repository/com/github/almasb/fxgl/25/fxgl-25.jar!/fxglassets/textures/fxgl_icon.png
21:50:41.009 [FXGL Background Thread 4 ] DEBUG FXGLAssetLoaderServi - Loading from file system: jar:file:///C:/Users/Wren/.m2/repository/com/github/almasb/fxgl/25/fxgl-25.jar!/fxglassets/ui/fonts/Abel-Regular.ttf
21:50:41.015 [FXGL Background Thread 4 ] DEBUG FXGLAssetLoaderServi - Loading from file system: jar:file:///C:/Users/Wren/.m2/repository/com/github/almasb/fxgl/25/fxgl-25.jar!/fxglassets/ui/fonts/TerminalLandMono-Regular.otf
21:50:41.019 [FXGL Background Thread 4 ] DEBUG FXGLAssetLoaderServi - Loading from file system: jar:file:///C:/Users/Wren/.m2/repository/com/github/almasb/fxgl/25/fxgl-25.jar!/fxglassets/ui/fonts/Courier-Prime.ttf
21:50:41.027 [JavaFX Application Thread] DEBUG FXGLAssetLoaderServi - Loading from file system: jar:file:///C:/Users/Wren/.m2/repository/com/github/almasb/fxgl/25/fxgl-25.jar!/fxglassets/textures/fxgl_default_cursor.png
21:50:41.029 [JavaFX Application Thread] DEBUG Input                - Registered new binding: Screenshot - CTRL+8
21:50:41.030 [JavaFX Application Thread] DEBUG Input                - Registered new binding: System info dump - CTRL+9
21:50:41.030 [JavaFX Application Thread] DEBUG Input                - Registered new binding: Restart - CTRL+R
21:50:41.031 [JavaFX Application Thread] DEBUG Input                - Registered new binding: Toggle Debug Camera - CTRL+7
21:50:41.034 [JavaFX Application Thread] DEBUG LoopRunner           - Starting loop
21:50:41.034 [JavaFX Application Thread] DEBUG LoopRunner           - Initializing JavaFX AnimationTimerLoop
21:50:41.035 [JavaFX Application Thread] DEBUG Input                - Clearing active input actions
21:50:41.045 [JavaFX Application Thread] DEBUG GameApplicationServi - Removing overlay from FXGLStartupScene and adding to FXGLMainMenuDummyScene
21:50:41.045 [JavaFX Application Thread] DEBUG PrimaryStageWindow   - FXGLStartupScene -> FXGLMainMenuDummyScene
21:50:41.046 [JavaFX Application Thread] DEBUG PrimaryStageWindow   - Push state: MenuInterface
21:50:41.046 [JavaFX Application Thread] DEBUG Input                - Clearing active input actions
21:50:41.052 [JavaFX Application Thread] DEBUG GameApplicationServi - Removing overlay from FXGLMainMenuDummyScene and adding to MenuInterface
21:50:41.052 [JavaFX Application Thread] DEBUG PrimaryStageWindow   - FXGLMainMenuDummyScene -> MenuInterface
21:50:41.098 [JavaFX Application Thread] DEBUG FXGLApplication      - Registering font factories with UI factory
21:50:41.585 [JavaFX Application Thread] DEBUG Menu                 - fireNewGame()
21:50:41.585 [JavaFX Application Thread] DEBUG GameApplicationServi - Starting new game
21:50:41.585 [JavaFX Application Thread] DEBUG PrimaryStageWindow   - Pop state: MenuInterface
21:50:41.585 [JavaFX Application Thread] DEBUG Input                - Clearing active input actions
21:50:41.585 [JavaFX Application Thread] DEBUG GameApplicationServi - Removing overlay from MenuInterface and adding to FXGLMainMenuDummyScene
21:50:41.585 [JavaFX Application Thread] DEBUG PrimaryStageWindow   - FXGLMainMenuDummyScene <- MenuInterface
21:50:41.586 [JavaFX Application Thread] DEBUG Input                - Clearing active input actions
21:50:41.589 [JavaFX Application Thread] DEBUG GameApplicationServi - Removing overlay from FXGLMainMenuDummyScene and adding to LoadingInterface
21:50:41.590 [JavaFX Application Thread] DEBUG PrimaryStageWindow   - FXGLMainMenuDummyScene -> LoadingInterface
21:50:41.590 [JavaFX Application Thread] DEBUG GameApplicationServi - Clearing previous game
21:50:41.590 [JavaFX Application Thread] DEBUG GameScene            - Clearing game scene
21:50:41.590 [JavaFX Application Thread] DEBUG GameWorld            - Clearing game world
21:50:41.590 [JavaFX Application Thread] DEBUG PhysicsWorld         - Clearing physics world
21:50:41.591 [FXGL Background Thread 2 ] DEBUG FXGLApplication      - Initializing game
21:50:41.601 [FXGL Background Thread 2 ] DEBUG FXGLAssetLoaderServi - Loading from file system: file:/C:/Users/Wren/IdeaProjects/GameGame/target/classes/assets/textures/background.png
21:50:41.687 [FXGL Background Thread 2 ] DEBUG FXGLAssetLoaderServi - Loading from file system: file:/C:/Users/Wren/IdeaProjects/GameGame/target/classes/assets/textures/background_stars1.png
21:50:41.767 [FXGL Background Thread 2 ] DEBUG FXGLAssetLoaderServi - Loading from file system: file:/C:/Users/Wren/IdeaProjects/GameGame/target/classes/assets/textures/background_stars2.png
21:50:41.799 [FXGL Background Thread 2 ] DEBUG FXGLAssetLoaderServi - Loading from file system: file:/C:/Users/Wren/IdeaProjects/GameGame/target/classes/assets/textures/background_stars3.png
21:50:41.823 [FXGL Background Thread 2 ] DEBUG FXGLAssetLoaderServi - Loading from file system: file:/C:/Users/Wren/IdeaProjects/GameGame/target/classes/assets/textures/background_cloud1.png
21:50:41.831 [FXGL Background Thread 2 ] DEBUG FXGLAssetLoaderServi - Loading from file system: file:/C:/Users/Wren/IdeaProjects/GameGame/target/classes/assets/textures/background_cloud2.png
21:50:41.841 [FXGL Background Thread 2 ] DEBUG FXGLAssetLoaderServi - Loading from file system: file:/C:/Users/Wren/IdeaProjects/GameGame/target/classes/assets/textures/background_mist1.png
21:50:41.850 [FXGL Background Thread 2 ] DEBUG FXGLAssetLoaderServi - Loading from file system: file:/C:/Users/Wren/IdeaProjects/GameGame/target/classes/assets/textures/background_hills.png
21:50:41.870 [FXGL Background Thread 2 ] DEBUG FXGLAssetLoaderServi - Loading from file system: file:/C:/Users/Wren/IdeaProjects/GameGame/target/classes/assets/textures/background_forest.png
21:50:41.881 [FXGL Background Thread 2 ] DEBUG FXGLAssetLoaderServi - Loading from file system: file:/C:/Users/Wren/IdeaProjects/GameGame/target/classes/assets/textures/background_large_forest.png
21:50:41.906 [FXGL Background Thread 2 ] DEBUG FXGLAssetLoaderServi - Loading from file system: file:/C:/Users/Wren/IdeaProjects/GameGame/target/classes/assets/textures/idle_sprite.png
21:50:41.910 [FXGL Background Thread 2 ] DEBUG FXGLAssetLoaderServi - Loading from file system: file:/C:/Users/Wren/IdeaProjects/GameGame/target/classes/assets/textures/down_sprite.png
21:50:41.912 [FXGL Background Thread 2 ] DEBUG FXGLAssetLoaderServi - Loading from file system: file:/C:/Users/Wren/IdeaProjects/GameGame/target/classes/assets/textures/up_sprite.png
21:50:41.920 [FXGL Background Thread 2 ] DEBUG FXGLAssetLoaderServi - Loading from file system: file:/C:/Users/Wren/IdeaProjects/GameGame/target/classes/assets/music/main_music.wav
21:50:42.000 [FXGL Background Thread 2 ] DEBUG AudioPlayer          - Playing music com.almasb.fxgl.audio.Music@40c97347
21:50:42.005 [FXGL Background Thread 2 ] INFO  FXGLApplication      - Game initialization took: 0.413 sec
21:50:42.017 [JavaFX Application Thread] DEBUG Input                - Clearing active input actions
21:50:42.021 [JavaFX Application Thread] DEBUG GameApplicationServi - Removing overlay from LoadingInterface and adding to GameScene
21:50:42.022 [JavaFX Application Thread] DEBUG PrimaryStageWindow   - LoadingInterface -> GameScene
21:50:42.027 [JavaFX Application Thread] DEBUG LoopRunner           - Stopping loop
21:50:42.028 [JavaFX Application Thread] FATAL FXGLApplication      - Uncaught Exception:
java.lang.NullPointerException: Cannot invoke "com.almasb.fxgl.texture.AnimatedTexture.getAnimationChannel()" because "this.texture" is null
	at org.group.game/org.group1.GamePackage.Components.Player.PlayerComponent.onIdle(PlayerComponent.java:93)
	at org.group.game/org.group1.GamePackage.Application.onUpdate(Application.java:186)
	at com.almasb.fxgl.all@25/com.almasb.fxgl.app.FXGLApplication$GameApplicationService.onGameUpdate(FXGLApplication.kt:446)
	at com.almasb.fxgl.all@25/com.almasb.fxgl.app.Engine.onGameUpdate(Engine.kt:137)
	at com.almasb.fxgl.all@25/com.almasb.fxgl.app.FXGLApplication.postServicesInit$lambda$1(FXGLApplication.kt:185)
	at com.almasb.fxgl.scene@25/com.almasb.fxgl.scene.Scene.update(Scene.kt:113)
	at com.almasb.fxgl.all@25/com.almasb.fxgl.app.MainWindow.update$lambda$0(MainWindow.kt:121)
	at com.almasb.fxgl.core@25/com.almasb.fxgl.core.fsm.StateMachine.runOnActiveStates(StateMachine.kt:69)
	at com.almasb.fxgl.all@25/com.almasb.fxgl.app.MainWindow.update(MainWindow.kt:121)
	at com.almasb.fxgl.all@25/com.almasb.fxgl.app.FXGLApplication$GameApplicationService.onUpdate(FXGLApplication.kt:451)
	at com.almasb.fxgl.all@25/com.almasb.fxgl.app.Engine.loop(Engine.kt:133)
	at com.almasb.fxgl.all@25/com.almasb.fxgl.app.Engine.loop$lambda$0(Engine.kt:28)
	at com.almasb.fxgl.all@25/com.almasb.fxgl.app.LoopRunner.frame(LoopRunner.kt:157)
	at com.almasb.fxgl.all@25/com.almasb.fxgl.app.LoopRunner.access$frame(LoopRunner.kt:24)
	at com.almasb.fxgl.all@25/com.almasb.fxgl.app.LoopRunner$impl$2$1.onTick(LoopRunner.kt:79)
	at com.almasb.fxgl.all@25/com.almasb.fxgl.app.AnimationTimerLoop$timer$1.handle(LoopRunner.kt:179)
	at javafx.graphics@21.0.6/javafx.animation.AnimationTimer$AnimationTimerReceiver.lambda$handle$0(AnimationTimer.java:58)
	at java.base/java.security.AccessController.doPrivileged(AccessController.java:138)
	at javafx.graphics@21.0.6/javafx.animation.AnimationTimer$AnimationTimerReceiver.handle(AnimationTimer.java:57)
	at javafx.graphics@21.0.6/com.sun.scenario.animation.AbstractPrimaryTimer.timePulseImpl(AbstractPrimaryTimer.java:356)
	at javafx.graphics@21.0.6/com.sun.scenario.animation.AbstractPrimaryTimer$MainLoop.run(AbstractPrimaryTimer.java:266)
	at javafx.graphics@21.0.6/com.sun.javafx.tk.quantum.QuantumToolkit.pulse(QuantumToolkit.java:588)
	at javafx.graphics@21.0.6/com.sun.javafx.tk.quantum.QuantumToolkit.pulse(QuantumToolkit.java:572)
	at javafx.graphics@21.0.6/com.sun.javafx.tk.quantum.QuantumToolkit.pulseFromQueue(QuantumToolkit.java:565)
	at javafx.graphics@21.0.6/com.sun.javafx.tk.quantum.QuantumToolkit.lambda$runToolkit$11(QuantumToolkit.java:352)
	at javafx.graphics@21.0.6/com.sun.glass.ui.InvokeLaterDispatcher$Future.run(InvokeLaterDispatcher.java:95)
	at javafx.graphics@21.0.6/com.sun.glass.ui.win.WinApplication._runLoop(Native Method)
	at javafx.graphics@21.0.6/com.sun.glass.ui.win.WinApplication.lambda$runLoop$3(WinApplication.java:185)
	at java.base/java.lang.Thread.run(Thread.java:1474)

21:50:42.028 [JavaFX Application Thread] FATAL FXGLApplication      - Application will now exit
21:50:42.039 [JavaFX Application Thread] DEBUG PrimaryStageWindow   - Push state: ErrorSubScene
21:50:42.039 [JavaFX Application Thread] DEBUG Input                - Clearing active input actions
21:50:42.042 [JavaFX Application Thread] DEBUG GameApplicationServi - Removing overlay from GameScene and adding to ErrorSubScene
21:50:42.043 [JavaFX Application Thread] DEBUG PrimaryStageWindow   - GameScene -> ErrorSubScene
21:50:43.978 [FXGL Background Thread 3 ] DEBUG Engine               - Logging environment variables
21:50:43.978 [FXGL Background Thread 3 ] DEBUG Engine               - achievements: []
21:50:43.978 [FXGL Background Thread 3 ] DEBUG Engine               - actualHeight: 720.0
21:50:43.978 [FXGL Background Thread 3 ] DEBUG Engine               - actualHeightProperty: ReadOnlyDoubleProperty [value: 720.0]
21:50:43.978 [FXGL Background Thread 3 ] DEBUG Engine               - actualWidth: 1280.0
21:50:43.978 [FXGL Background Thread 3 ] DEBUG Engine               - actualWidthProperty: ReadOnlyDoubleProperty [value: 1280.0]
21:50:43.978 [FXGL Background Thread 3 ] DEBUG Engine               - appIcon: fxgl_icon.png
21:50:43.978 [FXGL Background Thread 3 ] DEBUG Engine               - applicationMode: DEVELOPER
21:50:43.978 [FXGL Background Thread 3 ] DEBUG Engine               - cSSList: [fxgl_dark.css]
21:50:43.978 [FXGL Background Thread 3 ] DEBUG Engine               - collisionDetectionStrategy: BRUTE_FORCE
21:50:43.978 [FXGL Background Thread 3 ] DEBUG Engine               - configClass: Optional.empty
21:50:43.978 [FXGL Background Thread 3 ] DEBUG Engine               - credits: []
21:50:43.979 [FXGL Background Thread 3 ] DEBUG Engine               - defaultCursor: CursorInfo(imageName=fxgl_default_cursor.png, hotspotX=7.0, hotspotY=6.0)
21:50:43.979 [FXGL Background Thread 3 ] DEBUG Engine               - devBBoxColorProperty: ObjectProperty [value: 0xff0000ff]
21:50:43.979 [FXGL Background Thread 3 ] DEBUG Engine               - devEnableDebugCameraProperty: BooleanProperty [value: false]
21:50:43.979 [FXGL Background Thread 3 ] DEBUG Engine               - devSensorColorProperty: ObjectProperty [value: 0xffff00ff]
21:50:43.979 [FXGL Background Thread 3 ] DEBUG Engine               - devShowBBoxProperty: BooleanProperty [value: false]
21:50:43.979 [FXGL Background Thread 3 ] DEBUG Engine               - devShowPositionProperty: BooleanProperty [value: false]
21:50:43.979 [FXGL Background Thread 3 ] DEBUG Engine               - enabledMenuItems: []
21:50:43.979 [FXGL Background Thread 3 ] DEBUG Engine               - engineServices: [class com.almasb.fxgl.app.services.FXGLAssetLoaderService, class com.almasb.fxgl.app.FXGLApplication$GameApplicationService, class com.almasb.fxgl.app.services.FXGLDialogService, class com.almasb.fxgl.app.services.IOTaskExecutorService, class com.almasb.fxgl.io.FileSystemService, class com.almasb.fxgl.localization.LocalizationService, class com.almasb.fxgl.app.services.SystemBundleService, class com.almasb.fxgl.profile.SaveLoadService, class com.almasb.fxgl.ui.FXGLUIFactoryServiceProvider, class com.almasb.fxgl.ui.FXGLDialogFactoryServiceProvider, class com.almasb.fxgl.audio.AudioPlayer, class com.almasb.fxgl.notification.impl.NotificationServiceProvider, class com.almasb.fxgl.achievement.AchievementService, class com.almasb.fxgl.cutscene.CutsceneService, class com.almasb.fxgl.minigames.MiniGameService, class com.almasb.fxgl.net.NetService, class com.almasb.fxgl.app.services.UpdaterService, class com.almasb.fxgl.dev.DevService]
21:50:43.979 [FXGL Background Thread 3 ] DEBUG Engine               - fontGame: Abel-Regular.ttf
21:50:43.979 [FXGL Background Thread 3 ] DEBUG Engine               - fontMono: TerminalLandMono-Regular.otf
21:50:43.979 [FXGL Background Thread 3 ] DEBUG Engine               - fontSizeScaleUI: 1.0
21:50:43.979 [FXGL Background Thread 3 ] DEBUG Engine               - fontText: Courier-Prime.ttf
21:50:43.979 [FXGL Background Thread 3 ] DEBUG Engine               - fontUI: VarelaRound-Regular.ttf
21:50:43.979 [FXGL Background Thread 3 ] DEBUG Engine               - fpsRefreshRate: 500.0 ms
21:50:43.979 [FXGL Background Thread 3 ] DEBUG Engine               - fullScreen: BooleanProperty [value: false]
21:50:43.979 [FXGL Background Thread 3 ] DEBUG Engine               - gameDifficulty: MEDIUM
21:50:43.979 [FXGL Background Thread 3 ] DEBUG Engine               - gameDifficultyProperty: ObjectProperty [value: MEDIUM]
21:50:43.979 [FXGL Background Thread 3 ] DEBUG Engine               - globalMusicVolume: 0.5
21:50:43.979 [FXGL Background Thread 3 ] DEBUG Engine               - globalMusicVolumeProperty: DoubleProperty [value: 0.5]
21:50:43.979 [FXGL Background Thread 3 ] DEBUG Engine               - globalSoundVolume: 0.5
21:50:43.979 [FXGL Background Thread 3 ] DEBUG Engine               - globalSoundVolumeProperty: DoubleProperty [value: 0.5]
21:50:43.979 [FXGL Background Thread 3 ] DEBUG Engine               - height: 720
21:50:43.979 [FXGL Background Thread 3 ] DEBUG Engine               - is3D: false
21:50:43.979 [FXGL Background Thread 3 ] DEBUG Engine               - isAndroid: false
21:50:43.979 [FXGL Background Thread 3 ] DEBUG Engine               - isBrowser: false
21:50:43.979 [FXGL Background Thread 3 ] DEBUG Engine               - isClickFeedbackEnabled: false
21:50:43.979 [FXGL Background Thread 3 ] DEBUG Engine               - isCloseConfirmation: false
21:50:43.979 [FXGL Background Thread 3 ] DEBUG Engine               - isDesktop: true
21:50:43.979 [FXGL Background Thread 3 ] DEBUG Engine               - isDeveloperMenuEnabled: false
21:50:43.979 [FXGL Background Thread 3 ] DEBUG Engine               - isEmbedded: false
21:50:43.979 [FXGL Background Thread 3 ] DEBUG Engine               - isEntityPreloadEnabled: true
21:50:43.979 [FXGL Background Thread 3 ] DEBUG Engine               - isExperimentalTiledLargeMap: false
21:50:43.979 [FXGL Background Thread 3 ] DEBUG Engine               - isFileSystemWriteAllowed: true
21:50:43.979 [FXGL Background Thread 3 ] DEBUG Engine               - isFullScreenAllowed: false
21:50:43.979 [FXGL Background Thread 3 ] DEBUG Engine               - isFullScreenFromStart: false
21:50:43.979 [FXGL Background Thread 3 ] DEBUG Engine               - isGameMenuEnabled: true
21:50:43.979 [FXGL Background Thread 3 ] DEBUG Engine               - isIOS: false
21:50:43.979 [FXGL Background Thread 3 ] DEBUG Engine               - isIntroEnabled: false
21:50:43.979 [FXGL Background Thread 3 ] DEBUG Engine               - isLinux: false
21:50:43.979 [FXGL Background Thread 3 ] DEBUG Engine               - isMac: false
21:50:43.979 [FXGL Background Thread 3 ] DEBUG Engine               - isMainMenuEnabled: true
21:50:43.981 [FXGL Background Thread 3 ] DEBUG Engine               - isManualResizeEnabled: false
21:50:43.981 [FXGL Background Thread 3 ] DEBUG Engine               - isMobile: false
21:50:43.981 [FXGL Background Thread 3 ] DEBUG Engine               - isNative: false
21:50:43.981 [FXGL Background Thread 3 ] DEBUG Engine               - isPauseMusicWhenMinimized: true
21:50:43.981 [FXGL Background Thread 3 ] DEBUG Engine               - isPreserveResizeRatio: false
21:50:43.981 [FXGL Background Thread 3 ] DEBUG Engine               - isProfilingEnabled: false
21:50:43.981 [FXGL Background Thread 3 ] DEBUG Engine               - isScaleAffectedOnResize: true
21:50:43.981 [FXGL Background Thread 3 ] DEBUG Engine               - isSingleStep: false
21:50:43.981 [FXGL Background Thread 3 ] DEBUG Engine               - isUserProfileEnabled: false
21:50:43.981 [FXGL Background Thread 3 ] DEBUG Engine               - isWindows: true
21:50:43.981 [FXGL Background Thread 3 ] DEBUG Engine               - language: ObjectProperty [value: ENGLISH]
21:50:43.981 [FXGL Background Thread 3 ] DEBUG Engine               - menuKey: ESCAPE
21:50:43.981 [FXGL Background Thread 3 ] DEBUG Engine               - mouseSensitivity: 0.2
21:50:43.981 [FXGL Background Thread 3 ] DEBUG Engine               - notificationViewClass: class com.almasb.fxgl.notification.view.XboxNotificationView
21:50:43.981 [FXGL Background Thread 3 ] DEBUG Engine               - pixelsPerMeter: 50.0
21:50:43.981 [FXGL Background Thread 3 ] DEBUG Engine               - platform: WINDOWS
21:50:43.981 [FXGL Background Thread 3 ] DEBUG Engine               - prefHeightProperty: ReadOnlyDoubleProperty [value: 720.0]
21:50:43.981 [FXGL Background Thread 3 ] DEBUG Engine               - prefWidthProperty: ReadOnlyDoubleProperty [value: 1280.0]
21:50:43.981 [FXGL Background Thread 3 ] DEBUG Engine               - profileDir: profiles/
21:50:43.981 [FXGL Background Thread 3 ] DEBUG Engine               - profileName: StringProperty [value: DEFAULT]
21:50:43.981 [FXGL Background Thread 3 ] DEBUG Engine               - randomSeed: -1
21:50:43.981 [FXGL Background Thread 3 ] DEBUG Engine               - runtimeInfo: RuntimeInfo(platform=WINDOWS, version=25, build=05.02.2026 22.57)
21:50:43.981 [FXGL Background Thread 3 ] DEBUG Engine               - saveFileExt: sav
21:50:43.981 [FXGL Background Thread 3 ] DEBUG Engine               - scaledHeightProp$fxgl: DoubleProperty [bound, value: 720.0]
21:50:43.981 [FXGL Background Thread 3 ] DEBUG Engine               - scaledWidthProp$fxgl: DoubleProperty [bound, value: 1280.0]
21:50:43.981 [FXGL Background Thread 3 ] DEBUG Engine               - sceneFactory: org.group1.GamePackage.Factory.MainSceneFactory@13f5d18a
21:50:43.981 [FXGL Background Thread 3 ] DEBUG Engine               - secondsIn24h: 60
21:50:43.981 [FXGL Background Thread 3 ] DEBUG Engine               - soundMenuBack: menu/back.wav
21:50:43.981 [FXGL Background Thread 3 ] DEBUG Engine               - soundMenuPress: menu/press.wav
21:50:43.981 [FXGL Background Thread 3 ] DEBUG Engine               - soundMenuSelect: menu/select.wav
21:50:43.981 [FXGL Background Thread 3 ] DEBUG Engine               - soundNotification: core/notification.wav
21:50:43.981 [FXGL Background Thread 3 ] DEBUG Engine               - stageStyle: DECORATED
21:50:43.981 [FXGL Background Thread 3 ] DEBUG Engine               - supportedLanguages: [ENGLISH, FRENCH, GERMAN, HUNGARIAN, RUSSIAN]
21:50:43.981 [FXGL Background Thread 3 ] DEBUG Engine               - ticksPerSecond: -1
21:50:43.981 [FXGL Background Thread 3 ] DEBUG Engine               - title: Untitled
21:50:43.981 [FXGL Background Thread 3 ] DEBUG Engine               - urlGithub: https://github.com/AlmasB/FXGL
21:50:43.981 [FXGL Background Thread 3 ] DEBUG Engine               - urlLeaderboard: http://fxgl-top.herokuapp.com/
21:50:43.981 [FXGL Background Thread 3 ] DEBUG Engine               - urlPOM: https://raw.githubusercontent.com/AlmasB/FXGL/release/README.md
21:50:43.981 [FXGL Background Thread 3 ] DEBUG Engine               - userAppClass: class org.group1.GamePackage.Application
21:50:43.981 [FXGL Background Thread 3 ] DEBUG Engine               - version: 0.0
21:50:43.981 [FXGL Background Thread 3 ] DEBUG Engine               - versionCheckDays: 7
21:50:43.981 [FXGL Background Thread 3 ] DEBUG Engine               - width: 1280
21:50:43.981 [FXGL Background Thread 3 ] DEBUG Engine               - Logging services
21:50:43.981 [FXGL Background Thread 3 ] DEBUG Engine               - class com.almasb.fxgl.app.services.FXGLAssetLoaderService
21:50:43.981 [FXGL Background Thread 3 ] DEBUG Engine               - class com.almasb.fxgl.app.FXGLApplication$GameApplicationService
21:50:43.982 [FXGL Background Thread 3 ] DEBUG Engine               - class com.almasb.fxgl.app.services.FXGLDialogService
21:50:43.982 [FXGL Background Thread 3 ] DEBUG Engine               - class com.almasb.fxgl.app.services.IOTaskExecutorService
21:50:43.982 [FXGL Background Thread 3 ] DEBUG Engine               - class com.almasb.fxgl.io.FileSystemService
21:50:43.982 [FXGL Background Thread 3 ] DEBUG Engine               - class com.almasb.fxgl.localization.LocalizationService
21:50:43.982 [FXGL Background Thread 3 ] DEBUG Engine               - class com.almasb.fxgl.app.services.SystemBundleService
21:50:43.982 [FXGL Background Thread 3 ] DEBUG Engine               - class com.almasb.fxgl.profile.SaveLoadService
21:50:43.982 [FXGL Background Thread 3 ] DEBUG Engine               - class com.almasb.fxgl.ui.FXGLUIFactoryServiceProvider
21:50:43.982 [FXGL Background Thread 3 ] DEBUG Engine               - class com.almasb.fxgl.ui.FXGLDialogFactoryServiceProvider
21:50:43.982 [FXGL Background Thread 3 ] DEBUG Engine               - class com.almasb.fxgl.audio.AudioPlayer
21:50:43.982 [FXGL Background Thread 3 ] DEBUG Engine               - class com.almasb.fxgl.notification.impl.NotificationServiceProvider
21:50:43.982 [FXGL Background Thread 3 ] DEBUG Engine               - class com.almasb.fxgl.achievement.AchievementService
21:50:43.982 [FXGL Background Thread 3 ] DEBUG Engine               - class com.almasb.fxgl.cutscene.CutsceneService
21:50:43.982 [FXGL Background Thread 3 ] DEBUG Engine               - class com.almasb.fxgl.minigames.MiniGameService
21:50:43.982 [FXGL Background Thread 3 ] DEBUG Engine               - class com.almasb.fxgl.net.NetService
21:50:43.982 [FXGL Background Thread 3 ] DEBUG Engine               - class com.almasb.fxgl.app.services.UpdaterService
21:50:43.982 [FXGL Background Thread 3 ] DEBUG Engine               - class com.almasb.fxgl.dev.DevService
21:50:46.520 [JavaFX Application Thread] DEBUG FXGLApplication      - Exiting FXGL
21:50:46.520 [JavaFX Application Thread] DEBUG Async                - Shutting down background threads
21:50:46.520 [JavaFX Application Thread] DEBUG PrimaryStageWindow   - Closing main window
21:50:46.529 [JavaFX Application Thread] DEBUG Logger               - Closing Logger
