17:49:48.878 [main                     ] DEBUG Logger               - Configured Logger
17:49:48.886 [main                     ] DEBUG GameApplication      - Logging settings
Title: Untitled
Version: 0.0
Width: 1280
Height: 720
Fullscreen: false
Intro: false
Profiling: false
Single step:false
App Mode: DEVELOPER
Menu Key: ESCAPE
Stage Style: DECORATED
Scene Factory: class org.group1.GamePackage.Factory.MainSceneFactory

17:49:49.088 [JavaFX Application Thread] DEBUG FXGLApplication      - Initializing FXGL
17:49:49.093 [JavaFX Application Thread] INFO  Engine               - FXGL-25 (05.02.2026 22.57) on LINUX (J:25.0.2 FX:21.0.6)
17:49:49.093 [JavaFX Application Thread] DEBUG Engine               - JRE Vendor Name: Arch Linux
17:49:49.093 [JavaFX Application Thread] DEBUG Engine               - Running on OS: Linux version 6.19.9-arch1-1
17:49:49.093 [JavaFX Application Thread] DEBUG Engine               - Architecture: amd64
17:49:49.093 [JavaFX Application Thread] INFO  Engine               - Source code and latest versions at: https://github.com/AlmasB/FXGL
17:49:49.094 [JavaFX Application Thread] INFO  Engine               -       Ask questions and discuss at: https://github.com/AlmasB/FXGL/discussions
17:49:49.167 [JavaFX Application Thread] DEBUG PrimaryStageWindow   - Creating a JavaFX scene
17:49:49.248 [JavaFX Application Thread] DEBUG PrimaryStageWindow   - Target settings size: 1280.0 x 720.0
17:49:49.249 [JavaFX Application Thread] DEBUG PrimaryStageWindow   - Scaled scene size:    1280.0 x 720.0
17:49:49.249 [JavaFX Application Thread] DEBUG PrimaryStageWindow   - Scaled ratio: (1.0, 1.0)
17:49:49.250 [JavaFX Application Thread] DEBUG PrimaryStageWindow   - Set initial scene to FXGLStartupScene
17:49:49.253 [JavaFX Application Thread] DEBUG PrimaryStageWindow   - Opening main window
17:49:49.321 [JavaFX Application Thread] DEBUG PrimaryStageWindow   - Window border size: (0.0, 35.0)
17:49:49.321 [JavaFX Application Thread] DEBUG PrimaryStageWindow   - Scaled size: 1280.0 x 685.0
17:49:49.321 [JavaFX Application Thread] DEBUG PrimaryStageWindow   - Scaled ratio: (1.0, 0.9513888888888888)
17:49:49.322 [JavaFX Application Thread] DEBUG PrimaryStageWindow   - Scene size: 1280.0 x 720.0
17:49:49.322 [JavaFX Application Thread] DEBUG PrimaryStageWindow   - Stage size: 1280.0 x 720.0
17:49:49.327 [FXGL Background Thread 1 ] DEBUG Engine               - Initializing environment variables
17:49:49.392 [FXGL Background Thread 1 ] DEBUG FXGLAssetLoaderServi - User app class for loading assets: class org.group1.GamePackage.Application
17:49:49.392 [FXGL Background Thread 1 ] DEBUG GameApplicationServi - Applying CSS: fxgl_dark.css
17:49:49.393 [FXGL Background Thread 1 ] DEBUG FXGLAssetLoaderServi - Loading from file system: jar:file:///home/me/.m2/repository/com/github/almasb/fxgl/25/fxgl-25.jar!/fxglassets/ui/css/fxgl_dark.css
17:49:49.440 [FXGL Background Thread 1 ] DEBUG GameApplicationServi - Initializing application scenes
17:49:49.502 [FXGL Background Thread 1 ] DEBUG GameWorld            - Game world initialized
17:49:49.534 [FXGL Background Thread 1 ] DEBUG PhysicsWorld         - Physics world initialized: appHeight=720, physics.ppm=50.0
17:49:49.535 [FXGL Background Thread 1 ] DEBUG PhysicsWorld         - Using strategy: BRUTE_FORCE
17:49:49.539 [FXGL Background Thread 1 ] DEBUG GameScene            - Game scene initialized: 1280x720
17:49:49.550 [FXGL Background Thread 1 ] DEBUG FXGL.DefaultMenu     - createMenuBodyGameMenu()
17:49:49.556 [FXGL Background Thread 1 ] DEBUG FXGL.DefaultMenu     - createOptionsMenu()
17:49:49.565 [FXGL Background Thread 1 ] DEBUG FXGLAssetLoaderServi - Loading from file system: jar:file:///home/me/.m2/repository/com/github/almasb/fxgl/25/fxgl-25.jar!/fxglassets/textures/particles/smoke.png
17:49:49.656 [FXGL Background Thread 1 ] DEBUG FXGLAssetLoaderServi - Loading from file system: jar:file:///home/me/.m2/repository/com/github/almasb/fxgl/25/fxgl-25.jar!/fxglassets/textures/particles/trace_horizontal.png
17:49:49.692 [FXGL Background Thread 1 ] DEBUG GameApplicationServi - Application scenes initialized
17:49:49.700 [FXGL Background Thread 1 ] DEBUG SystemBundleService  - Loading FXGL system data
17:49:49.703 [FXGL Background Thread 1 ] DEBUG FileSystemAccess     - Reading from: /home/me/ComProg_Project/system/fxgl.bundle
17:49:49.710 [FXGL Background Thread 1 ] DEBUG SystemBundleService  - Bundle FXGL: {}
17:49:49.710 [FXGL Background Thread 1 ] DEBUG UpdaterService       - Checking for updates
17:49:49.715 [FXGL Background Thread 4 ] DEBUG FXGLApplication      - Loading fonts
17:49:49.715 [FXGL Background Thread 4 ] DEBUG FXGLAssetLoaderServi - Loading from file system: jar:file:///home/me/.m2/repository/com/github/almasb/fxgl/25/fxgl-25.jar!/fxglassets/ui/fonts/VarelaRound-Regular.ttf
17:49:49.716 [FXGL Background Thread 1 ] DEBUG FXGLApplication      - Loading default localization
17:49:49.716 [FXGL Background Thread 1 ] DEBUG FXGLAssetLoaderServi - Loading from file system: jar:file:///home/me/.m2/repository/com/github/almasb/fxgl/25/fxgl-25.jar!/fxglassets/languages/english.lang
17:49:49.721 [FXGL Background Thread 4 ] DEBUG FXGLAssetLoaderServi - Loading from file system: jar:file:///home/me/.m2/repository/com/github/almasb/fxgl/25/fxgl-25.jar!/fxglassets/ui/fonts/Abel-Regular.ttf
17:49:49.723 [FXGL Background Thread 4 ] DEBUG FXGLAssetLoaderServi - Loading from file system: jar:file:///home/me/.m2/repository/com/github/almasb/fxgl/25/fxgl-25.jar!/fxglassets/ui/fonts/TerminalLandMono-Regular.otf
17:49:49.725 [FXGL Background Thread 4 ] DEBUG FXGLAssetLoaderServi - Loading from file system: jar:file:///home/me/.m2/repository/com/github/almasb/fxgl/25/fxgl-25.jar!/fxglassets/ui/fonts/Courier-Prime.ttf
17:49:49.729 [FXGL Background Thread 1 ] INFO  FXGLApplication      - FXGL initialization took: 0.402 sec
17:49:49.740 [JavaFX Application Thread] DEBUG Input                - Registered new binding: Move left - A
17:49:49.740 [JavaFX Application Thread] DEBUG Input                - Registered new binding: Move right - D
17:49:49.740 [JavaFX Application Thread] DEBUG Input                - Registered new binding: Move down - S
17:49:49.741 [JavaFX Application Thread] DEBUG Input                - Registered new binding: Move up - W
17:49:49.741 [JavaFX Application Thread] DEBUG Input                - Registered new binding: Shoot - Space
17:49:49.741 [JavaFX Application Thread] DEBUG FXGLAssetLoaderServi - Loading from file system: jar:file:///home/me/.m2/repository/com/github/almasb/fxgl/25/fxgl-25.jar!/fxglassets/textures/fxgl_icon.png
17:49:49.771 [JavaFX Application Thread] DEBUG FXGLAssetLoaderServi - Loading from file system: jar:file:///home/me/.m2/repository/com/github/almasb/fxgl/25/fxgl-25.jar!/fxglassets/textures/fxgl_default_cursor.png
17:49:49.773 [JavaFX Application Thread] DEBUG Input                - Registered new binding: Screenshot - CTRL+8
17:49:49.773 [JavaFX Application Thread] DEBUG Input                - Registered new binding: System info dump - CTRL+9
17:49:49.774 [JavaFX Application Thread] DEBUG Input                - Registered new binding: Restart - CTRL+R
17:49:49.775 [JavaFX Application Thread] DEBUG Input                - Registered new binding: Toggle Debug Camera - CTRL+7
17:49:49.778 [JavaFX Application Thread] DEBUG LoopRunner           - Starting loop
17:49:49.779 [JavaFX Application Thread] DEBUG LoopRunner           - Initializing JavaFX AnimationTimerLoop
17:49:49.782 [JavaFX Application Thread] DEBUG Input                - Clearing active input actions
17:49:49.791 [JavaFX Application Thread] DEBUG GameApplicationServi - Removing overlay from FXGLStartupScene and adding to FXGLMainMenuDummyScene
17:49:49.791 [JavaFX Application Thread] DEBUG PrimaryStageWindow   - FXGLStartupScene -> FXGLMainMenuDummyScene
17:49:49.792 [JavaFX Application Thread] DEBUG PrimaryStageWindow   - Push state: MenuInterface
17:49:49.792 [JavaFX Application Thread] DEBUG Input                - Clearing active input actions
17:49:49.795 [JavaFX Application Thread] DEBUG GameApplicationServi - Removing overlay from FXGLMainMenuDummyScene and adding to MenuInterface
17:49:49.796 [JavaFX Application Thread] DEBUG PrimaryStageWindow   - FXGLMainMenuDummyScene -> MenuInterface
17:49:49.907 [JavaFX Application Thread] DEBUG FXGLApplication      - Registering font factories with UI factory
17:49:50.709 [JavaFX Application Thread] DEBUG Menu                 - fireNewGame()
17:49:50.710 [JavaFX Application Thread] DEBUG GameApplicationServi - Starting new game
17:49:50.710 [JavaFX Application Thread] DEBUG PrimaryStageWindow   - Pop state: MenuInterface
17:49:50.710 [JavaFX Application Thread] DEBUG Input                - Clearing active input actions
17:49:50.712 [JavaFX Application Thread] DEBUG GameApplicationServi - Removing overlay from MenuInterface and adding to FXGLMainMenuDummyScene
17:49:50.713 [JavaFX Application Thread] DEBUG PrimaryStageWindow   - FXGLMainMenuDummyScene <- MenuInterface
17:49:50.714 [JavaFX Application Thread] DEBUG Input                - Clearing active input actions
17:49:50.735 [JavaFX Application Thread] DEBUG GameApplicationServi - Removing overlay from FXGLMainMenuDummyScene and adding to LoadingInterface
17:49:50.735 [JavaFX Application Thread] DEBUG PrimaryStageWindow   - FXGLMainMenuDummyScene -> LoadingInterface
17:49:50.735 [JavaFX Application Thread] DEBUG GameApplicationServi - Clearing previous game
17:49:50.736 [JavaFX Application Thread] DEBUG GameScene            - Clearing game scene
17:49:50.736 [JavaFX Application Thread] DEBUG GameWorld            - Clearing game world
17:49:50.736 [JavaFX Application Thread] DEBUG PhysicsWorld         - Clearing physics world
17:49:50.738 [FXGL Background Thread 2 ] DEBUG FXGLApplication      - Initializing game
17:49:50.753 [FXGL Background Thread 2 ] DEBUG FXGLAssetLoaderServi - Loading from file system: file:/home/me/ComProg_Project/target/classes/assets/textures/background.png
17:49:50.854 [FXGL Background Thread 2 ] DEBUG FXGLAssetLoaderServi - Loading from file system: file:/home/me/ComProg_Project/target/classes/assets/textures/background_stars1.png
17:49:50.951 [FXGL Background Thread 2 ] DEBUG FXGLAssetLoaderServi - Loading from file system: file:/home/me/ComProg_Project/target/classes/assets/textures/background_stars2.png
17:49:50.987 [FXGL Background Thread 2 ] DEBUG FXGLAssetLoaderServi - Loading from file system: file:/home/me/ComProg_Project/target/classes/assets/textures/background_stars3.png
17:49:51.022 [FXGL Background Thread 2 ] DEBUG FXGLAssetLoaderServi - Loading from file system: file:/home/me/ComProg_Project/target/classes/assets/textures/background_cloud1.png
17:49:51.032 [FXGL Background Thread 2 ] DEBUG FXGLAssetLoaderServi - Loading from file system: file:/home/me/ComProg_Project/target/classes/assets/textures/background_cloud2.png
17:49:51.045 [FXGL Background Thread 2 ] DEBUG FXGLAssetLoaderServi - Loading from file system: file:/home/me/ComProg_Project/target/classes/assets/textures/background_mist1.png
17:49:51.055 [FXGL Background Thread 2 ] DEBUG FXGLAssetLoaderServi - Loading from file system: file:/home/me/ComProg_Project/target/classes/assets/textures/background_hills.png
17:49:51.075 [FXGL Background Thread 2 ] DEBUG FXGLAssetLoaderServi - Loading from file system: file:/home/me/ComProg_Project/target/classes/assets/textures/background_forest.png
17:49:51.087 [FXGL Background Thread 2 ] DEBUG FXGLAssetLoaderServi - Loading from file system: file:/home/me/ComProg_Project/target/classes/assets/textures/background_large_forest.png
17:49:51.117 [FXGL Background Thread 2 ] DEBUG FXGLAssetLoaderServi - Loading from file system: file:/home/me/ComProg_Project/target/classes/assets/textures/idle_sprite.png
17:49:51.120 [FXGL Background Thread 2 ] DEBUG FXGLAssetLoaderServi - Loading from file system: file:/home/me/ComProg_Project/target/classes/assets/textures/down_sprite.png
17:49:51.122 [FXGL Background Thread 2 ] DEBUG FXGLAssetLoaderServi - Loading from file system: file:/home/me/ComProg_Project/target/classes/assets/textures/up_sprite.png
17:49:51.131 [FXGL Background Thread 2 ] DEBUG FXGLAssetLoaderServi - Loading from file system: file:/home/me/ComProg_Project/target/classes/assets/music/main_music.wav
17:49:51.217 [FXGL Background Thread 2 ] DEBUG AudioPlayer          - Playing music com.almasb.fxgl.audio.Music@3b78ad88
17:49:51.221 [FXGL Background Thread 2 ] INFO  FXGLApplication      - Game initialization took: 0.483 sec
17:49:51.221 [JavaFX Application Thread] DEBUG Input                - Clearing active input actions
17:49:51.233 [JavaFX Application Thread] DEBUG GameApplicationServi - Removing overlay from LoadingInterface and adding to GameScene
17:49:51.234 [JavaFX Application Thread] DEBUG PrimaryStageWindow   - LoadingInterface -> GameScene
17:49:51.714 [JavaFX Application Thread] DEBUG FXGLAssetLoaderServi - Loading from file system: file:/home/me/ComProg_Project/target/classes/assets/textures/enemy_sprite.png
17:49:51.720 [JavaFX Application Thread] DEBUG FXGLAssetLoaderServi - Loading from file system: file:/home/me/ComProg_Project/target/classes/assets/textures/explosion_sprite.png
17:49:52.014 [JavaFX Application Thread] DEBUG FXGLApplication      - Exiting FXGL
17:49:52.014 [JavaFX Application Thread] DEBUG LoopRunner           - Stopping loop
17:49:52.014 [JavaFX Application Thread] DEBUG SystemBundleService  - Saving FXGL system data
17:49:52.016 [JavaFX Application Thread] DEBUG FileSystemAccess     - Writing to: /home/me/ComProg_Project/system/fxgl.bundle
17:49:52.018 [JavaFX Application Thread] DEBUG Async                - Shutting down background threads
17:49:52.019 [JavaFX Application Thread] DEBUG PrimaryStageWindow   - Closing main window
17:49:52.022 [JavaFX Application Thread] DEBUG Logger               - Closing Logger
