14:24:54.415 [main                     ] DEBUG Logger               - Configured Logger
14:24:54.424 [main                     ] DEBUG GameApplication      - Logging settings
Title: Untitled
Version: 0.0
Width: 1280
Height: 720
Fullscreen: false
Intro: false
Profiling: false
Single step:false
App Mode: DEVELOPER
Menu Key: ESCAPE
Stage Style: DECORATED
Scene Factory: class com.almasb.fxgl.app.scene.SceneFactory

14:24:54.769 [JavaFX Application Thread] DEBUG FXGLApplication      - Initializing FXGL
14:24:54.773 [JavaFX Application Thread] INFO  Engine               - FXGL-25 (05.02.2026 22.57) on WINDOWS (J:25.0.1 FX:21.0.6)
14:24:54.774 [JavaFX Application Thread] DEBUG Engine               - JRE Vendor Name: Oracle Corporation
14:24:54.774 [JavaFX Application Thread] DEBUG Engine               - Running on OS: Windows 11 version 10.0
14:24:54.774 [JavaFX Application Thread] DEBUG Engine               - Architecture: amd64
14:24:54.774 [JavaFX Application Thread] INFO  Engine               - Source code and latest versions at: https://github.com/AlmasB/FXGL
14:24:54.775 [JavaFX Application Thread] INFO  Engine               -       Ask questions and discuss at: https://github.com/AlmasB/FXGL/discussions
14:24:54.884 [JavaFX Application Thread] DEBUG PrimaryStageWindow   - Creating a JavaFX scene
14:24:54.884 [JavaFX Application Thread] DEBUG PrimaryStageWindow   - Target size > screen size
14:24:54.927 [JavaFX Application Thread] DEBUG PrimaryStageWindow   - Target settings size: 1280.0 x 720.0
14:24:54.927 [JavaFX Application Thread] DEBUG PrimaryStageWindow   - Scaled scene size:    1169.0 x 671.0
14:24:54.928 [JavaFX Application Thread] DEBUG PrimaryStageWindow   - Scaled ratio: (0.91328125, 0.9319444444444445)
14:24:54.928 [JavaFX Application Thread] DEBUG PrimaryStageWindow   - Set initial scene to FXGLStartupScene
14:24:54.931 [JavaFX Application Thread] DEBUG PrimaryStageWindow   - Opening main window
14:24:55.029 [JavaFX Application Thread] DEBUG PrimaryStageWindow   - Window border size: (15.0, 37.66668701171875)
14:24:55.030 [JavaFX Application Thread] DEBUG PrimaryStageWindow   - Scaled size: 1169.0 x 671.0
14:24:55.030 [JavaFX Application Thread] DEBUG PrimaryStageWindow   - Scaled ratio: (0.91328125, 0.9319444444444445)
14:24:55.031 [JavaFX Application Thread] DEBUG PrimaryStageWindow   - Scene size: 1169.0 x 671.0
14:24:55.031 [JavaFX Application Thread] DEBUG PrimaryStageWindow   - Stage size: 1184.0 x 708.6666870117188
14:24:55.047 [FXGL Background Thread 1 ] DEBUG Engine               - Initializing environment variables
14:24:55.155 [FXGL Background Thread 1 ] DEBUG FXGLAssetLoaderServi - User app class for loading assets: class org.group1.GamePackage.Application
14:24:55.155 [FXGL Background Thread 1 ] DEBUG GameApplicationServi - Applying CSS: fxgl_dark.css
14:24:55.157 [FXGL Background Thread 1 ] DEBUG FXGLAssetLoaderServi - Loading from file system: jar:file:///C:/Users/ryles/.m2/repository/com/github/almasb/fxgl/25/fxgl-25.jar!/fxglassets/ui/css/fxgl_dark.css
14:24:55.225 [FXGL Background Thread 1 ] DEBUG GameApplicationServi - Initializing application scenes
14:24:55.287 [FXGL Background Thread 1 ] DEBUG GameWorld            - Game world initialized
14:24:55.381 [FXGL Background Thread 1 ] DEBUG PhysicsWorld         - Physics world initialized: appHeight=720, physics.ppm=50.0
14:24:55.381 [FXGL Background Thread 1 ] DEBUG PhysicsWorld         - Using strategy: BRUTE_FORCE
14:24:55.388 [FXGL Background Thread 1 ] DEBUG GameScene            - Game scene initialized: 1280x720
14:24:55.406 [FXGL Background Thread 1 ] DEBUG FXGL.DefaultMenu     - createMenuBodyGameMenu()
14:24:55.427 [FXGL Background Thread 1 ] DEBUG FXGL.DefaultMenu     - createOptionsMenu()
14:24:55.442 [FXGL Background Thread 1 ] DEBUG FXGLAssetLoaderServi - Loading from file system: jar:file:///C:/Users/ryles/.m2/repository/com/github/almasb/fxgl/25/fxgl-25.jar!/fxglassets/textures/particles/smoke.png
14:24:55.559 [FXGL Background Thread 1 ] DEBUG FXGLAssetLoaderServi - Loading from file system: jar:file:///C:/Users/ryles/.m2/repository/com/github/almasb/fxgl/25/fxgl-25.jar!/fxglassets/textures/particles/trace_horizontal.png
14:24:55.603 [FXGL Background Thread 1 ] DEBUG GameApplicationServi - Application scenes initialized
14:24:55.617 [FXGL Background Thread 1 ] DEBUG SystemBundleService  - Loading FXGL system data
14:24:55.622 [FXGL Background Thread 1 ] DEBUG FileSystemAccess     - Reading from: C:\Users\ryles\Downloads\ComProg_Project\system\fxgl.bundle
14:24:55.633 [FXGL Background Thread 1 ] DEBUG SystemBundleService  - Bundle FXGL: {}
14:24:55.633 [FXGL Background Thread 1 ] DEBUG UpdaterService       - Checking for updates
14:24:55.638 [FXGL Background Thread 4 ] DEBUG FXGLApplication      - Loading fonts
14:24:55.638 [FXGL Background Thread 1 ] DEBUG FXGLApplication      - Loading default localization
14:24:55.639 [FXGL Background Thread 4 ] DEBUG FXGLAssetLoaderServi - Loading from file system: jar:file:///C:/Users/ryles/.m2/repository/com/github/almasb/fxgl/25/fxgl-25.jar!/fxglassets/ui/fonts/VarelaRound-Regular.ttf
14:24:55.639 [FXGL Background Thread 1 ] DEBUG FXGLAssetLoaderServi - Loading from file system: jar:file:///C:/Users/ryles/.m2/repository/com/github/almasb/fxgl/25/fxgl-25.jar!/fxglassets/languages/english.lang
14:24:55.662 [FXGL Background Thread 1 ] INFO  FXGLApplication      - FXGL initialization took: 0.613 sec
14:24:55.680 [JavaFX Application Thread] DEBUG Input                - Registered new binding: Shoot - Space
14:24:55.680 [JavaFX Application Thread] DEBUG Input                - Registered new binding: Move up - W
14:24:55.680 [JavaFX Application Thread] DEBUG Input                - Registered new binding: Move down - S
14:24:55.681 [JavaFX Application Thread] DEBUG Input                - Registered new binding: Move left - A
14:24:55.681 [JavaFX Application Thread] DEBUG Input                - Registered new binding: Move right - D
14:24:55.681 [JavaFX Application Thread] DEBUG FXGLAssetLoaderServi - Loading from file system: jar:file:///C:/Users/ryles/.m2/repository/com/github/almasb/fxgl/25/fxgl-25.jar!/fxglassets/textures/fxgl_icon.png
14:24:55.694 [FXGL Background Thread 4 ] DEBUG FXGLAssetLoaderServi - Loading from file system: jar:file:///C:/Users/ryles/.m2/repository/com/github/almasb/fxgl/25/fxgl-25.jar!/fxglassets/ui/fonts/Abel-Regular.ttf
14:24:55.702 [FXGL Background Thread 4 ] DEBUG FXGLAssetLoaderServi - Loading from file system: jar:file:///C:/Users/ryles/.m2/repository/com/github/almasb/fxgl/25/fxgl-25.jar!/fxglassets/ui/fonts/TerminalLandMono-Regular.otf
14:24:55.708 [FXGL Background Thread 4 ] DEBUG FXGLAssetLoaderServi - Loading from file system: jar:file:///C:/Users/ryles/.m2/repository/com/github/almasb/fxgl/25/fxgl-25.jar!/fxglassets/ui/fonts/Courier-Prime.ttf
14:24:55.714 [JavaFX Application Thread] DEBUG FXGLAssetLoaderServi - Loading from file system: jar:file:///C:/Users/ryles/.m2/repository/com/github/almasb/fxgl/25/fxgl-25.jar!/fxglassets/textures/fxgl_default_cursor.png
14:24:55.718 [JavaFX Application Thread] DEBUG Input                - Registered new binding: Screenshot - CTRL+8
14:24:55.719 [JavaFX Application Thread] DEBUG Input                - Registered new binding: System info dump - CTRL+9
14:24:55.719 [JavaFX Application Thread] DEBUG Input                - Registered new binding: Restart - CTRL+R
14:24:55.721 [JavaFX Application Thread] DEBUG Input                - Registered new binding: Toggle Debug Camera - CTRL+7
14:24:55.725 [JavaFX Application Thread] DEBUG LoopRunner           - Starting loop
14:24:55.725 [JavaFX Application Thread] DEBUG LoopRunner           - Initializing JavaFX AnimationTimerLoop
14:24:55.727 [JavaFX Application Thread] DEBUG GameApplicationServi - Starting new game
14:24:55.728 [JavaFX Application Thread] DEBUG Input                - Clearing active input actions
14:24:55.745 [JavaFX Application Thread] DEBUG GameApplicationServi - Removing overlay from FXGLStartupScene and adding to FXGLLoadingScene
14:24:55.745 [JavaFX Application Thread] DEBUG PrimaryStageWindow   - FXGLStartupScene -> FXGLLoadingScene
14:24:55.745 [JavaFX Application Thread] DEBUG GameApplicationServi - Clearing previous game
14:24:55.745 [JavaFX Application Thread] DEBUG GameScene            - Clearing game scene
14:24:55.745 [JavaFX Application Thread] DEBUG GameWorld            - Clearing game world
14:24:55.746 [JavaFX Application Thread] DEBUG PhysicsWorld         - Clearing physics world
14:24:55.748 [JavaFX Application Thread] DEBUG FXGLApplication      - Registering font factories with UI factory
14:24:55.748 [FXGL Background Thread 4 ] DEBUG FXGLApplication      - Initializing game
14:24:55.767 [FXGL Background Thread 4 ] WARN  FXGLAssetLoaderServi - Asset "/assets/textures/background.png" was not found!
14:24:55.768 [FXGL Background Thread 4 ] WARN  FXGLAssetLoaderServi - Failed to load IMAGE
14:24:55.981 [FXGL Background Thread 4 ] WARN  FXGLAssetLoaderServi - Asset "/assets/textures/background_stars1.png" was not found!
14:24:55.991 [FXGL Background Thread 4 ] WARN  FXGLAssetLoaderServi - Failed to load IMAGE
14:24:56.008 [FXGL Background Thread 4 ] WARN  FXGLAssetLoaderServi - Asset "/assets/textures/background_stars2.png" was not found!
14:24:56.017 [FXGL Background Thread 4 ] WARN  FXGLAssetLoaderServi - Failed to load IMAGE
14:24:56.020 [FXGL Background Thread 4 ] WARN  FXGLAssetLoaderServi - Asset "/assets/textures/background_stars3.png" was not found!
14:24:56.029 [FXGL Background Thread 4 ] WARN  FXGLAssetLoaderServi - Failed to load IMAGE
14:24:56.035 [FXGL Background Thread 4 ] WARN  FXGLAssetLoaderServi - Asset "/assets/textures/background_cloud1.png" was not found!
14:24:56.036 [FXGL Background Thread 4 ] WARN  FXGLAssetLoaderServi - Failed to load IMAGE
14:24:56.043 [FXGL Background Thread 4 ] WARN  FXGLAssetLoaderServi - Asset "/assets/textures/background_cloud2.png" was not found!
14:24:56.043 [FXGL Background Thread 4 ] WARN  FXGLAssetLoaderServi - Failed to load IMAGE
14:24:56.046 [FXGL Background Thread 4 ] WARN  FXGLAssetLoaderServi - Asset "/assets/textures/background_mist1.png" was not found!
14:24:56.057 [FXGL Background Thread 4 ] WARN  FXGLAssetLoaderServi - Failed to load IMAGE
14:24:56.078 [FXGL Background Thread 4 ] WARN  FXGLAssetLoaderServi - Asset "/assets/textures/background_hills.png" was not found!
14:24:56.081 [FXGL Background Thread 4 ] WARN  FXGLAssetLoaderServi - Failed to load IMAGE
14:24:56.100 [FXGL Background Thread 4 ] WARN  FXGLAssetLoaderServi - Asset "/assets/textures/background_forest.png" was not found!
14:24:56.114 [FXGL Background Thread 4 ] WARN  FXGLAssetLoaderServi - Failed to load IMAGE
14:24:56.120 [FXGL Background Thread 4 ] WARN  FXGLAssetLoaderServi - Asset "/assets/textures/background_large_forest.png" was not found!
14:24:56.125 [FXGL Background Thread 4 ] WARN  FXGLAssetLoaderServi - Failed to load IMAGE
14:24:56.143 [FXGL Background Thread 4 ] DEBUG FXGLAssetLoaderServi - Loading from file system: file:/C:/Users/ryles/Downloads/ComProg_Project/target/classes/assets/textures/idle_sprite.png
14:24:56.156 [FXGL Background Thread 4 ] DEBUG FXGLAssetLoaderServi - Loading from file system: file:/C:/Users/ryles/Downloads/ComProg_Project/target/classes/assets/textures/down_sprite.png
14:24:56.177 [FXGL Background Thread 4 ] DEBUG FXGLAssetLoaderServi - Loading from file system: file:/C:/Users/ryles/Downloads/ComProg_Project/target/classes/assets/textures/up_sprite.png
14:24:56.232 [FXGL Background Thread 4 ] INFO  FXGLApplication      - Game initialization took: 0.484 sec
14:24:56.244 [JavaFX Application Thread] DEBUG Input                - Clearing active input actions
14:24:56.264 [JavaFX Application Thread] DEBUG GameApplicationServi - Removing overlay from FXGLLoadingScene and adding to GameScene
14:24:56.264 [JavaFX Application Thread] DEBUG PrimaryStageWindow   - FXGLLoadingScene -> GameScene
14:24:58.636 [FXGL Background Thread 3 ] DEBUG Engine               - Logging environment variables
14:24:58.638 [FXGL Background Thread 3 ] DEBUG Engine               - achievements: []
14:24:58.638 [FXGL Background Thread 3 ] DEBUG Engine               - actualHeight: 671.0
14:24:58.638 [FXGL Background Thread 3 ] DEBUG Engine               - actualHeightProperty: ReadOnlyDoubleProperty [value: 671.0]
14:24:58.638 [FXGL Background Thread 3 ] DEBUG Engine               - actualWidth: 1169.0
14:24:58.639 [FXGL Background Thread 3 ] DEBUG Engine               - actualWidthProperty: ReadOnlyDoubleProperty [value: 1169.0]
14:24:58.639 [FXGL Background Thread 3 ] DEBUG Engine               - appIcon: fxgl_icon.png
14:24:58.639 [FXGL Background Thread 3 ] DEBUG Engine               - applicationMode: DEVELOPER
14:24:58.639 [FXGL Background Thread 3 ] DEBUG Engine               - cSSList: [fxgl_dark.css]
14:24:58.640 [FXGL Background Thread 3 ] DEBUG Engine               - collisionDetectionStrategy: BRUTE_FORCE
14:24:58.640 [FXGL Background Thread 3 ] DEBUG Engine               - configClass: Optional.empty
14:24:58.640 [FXGL Background Thread 3 ] DEBUG Engine               - credits: []
14:24:58.641 [FXGL Background Thread 3 ] DEBUG Engine               - defaultCursor: CursorInfo(imageName=fxgl_default_cursor.png, hotspotX=7.0, hotspotY=6.0)
14:24:58.641 [FXGL Background Thread 3 ] DEBUG Engine               - devBBoxColorProperty: ObjectProperty [value: 0xff0000ff]
14:24:58.641 [FXGL Background Thread 3 ] DEBUG Engine               - devEnableDebugCameraProperty: BooleanProperty [value: false]
14:24:58.641 [FXGL Background Thread 3 ] DEBUG Engine               - devSensorColorProperty: ObjectProperty [value: 0xffff00ff]
14:24:58.641 [FXGL Background Thread 3 ] DEBUG Engine               - devShowBBoxProperty: BooleanProperty [value: false]
14:24:58.642 [FXGL Background Thread 3 ] DEBUG Engine               - devShowPositionProperty: BooleanProperty [value: false]
14:24:58.642 [FXGL Background Thread 3 ] DEBUG Engine               - enabledMenuItems: []
14:24:58.642 [FXGL Background Thread 3 ] DEBUG Engine               - engineServices: [class com.almasb.fxgl.app.services.FXGLAssetLoaderService, class com.almasb.fxgl.app.FXGLApplication$GameApplicationService, class com.almasb.fxgl.app.services.FXGLDialogService, class com.almasb.fxgl.app.services.IOTaskExecutorService, class com.almasb.fxgl.io.FileSystemService, class com.almasb.fxgl.localization.LocalizationService, class com.almasb.fxgl.app.services.SystemBundleService, class com.almasb.fxgl.profile.SaveLoadService, class com.almasb.fxgl.ui.FXGLUIFactoryServiceProvider, class com.almasb.fxgl.ui.FXGLDialogFactoryServiceProvider, class com.almasb.fxgl.audio.AudioPlayer, class com.almasb.fxgl.notification.impl.NotificationServiceProvider, class com.almasb.fxgl.achievement.AchievementService, class com.almasb.fxgl.cutscene.CutsceneService, class com.almasb.fxgl.minigames.MiniGameService, class com.almasb.fxgl.net.NetService, class com.almasb.fxgl.app.services.UpdaterService, class com.almasb.fxgl.dev.DevService]
14:24:58.642 [FXGL Background Thread 3 ] DEBUG Engine               - fontGame: Abel-Regular.ttf
14:24:58.642 [FXGL Background Thread 3 ] DEBUG Engine               - fontMono: TerminalLandMono-Regular.otf
14:24:58.642 [FXGL Background Thread 3 ] DEBUG Engine               - fontSizeScaleUI: 1.0
14:24:58.642 [FXGL Background Thread 3 ] DEBUG Engine               - fontText: Courier-Prime.ttf
14:24:58.642 [FXGL Background Thread 3 ] DEBUG Engine               - fontUI: VarelaRound-Regular.ttf
14:24:58.643 [FXGL Background Thread 3 ] DEBUG Engine               - fpsRefreshRate: 500.0 ms
14:24:58.643 [FXGL Background Thread 3 ] DEBUG Engine               - fullScreen: BooleanProperty [value: false]
14:24:58.643 [FXGL Background Thread 3 ] DEBUG Engine               - gameDifficulty: MEDIUM
14:24:58.643 [FXGL Background Thread 3 ] DEBUG Engine               - gameDifficultyProperty: ObjectProperty [value: MEDIUM]
14:24:58.643 [FXGL Background Thread 3 ] DEBUG Engine               - globalMusicVolume: 0.5
14:24:58.644 [FXGL Background Thread 3 ] DEBUG Engine               - globalMusicVolumeProperty: DoubleProperty [value: 0.5]
14:24:58.644 [FXGL Background Thread 3 ] DEBUG Engine               - globalSoundVolume: 0.5
14:24:58.644 [FXGL Background Thread 3 ] DEBUG Engine               - globalSoundVolumeProperty: DoubleProperty [value: 0.5]
14:24:58.644 [FXGL Background Thread 3 ] DEBUG Engine               - height: 720
14:24:58.644 [FXGL Background Thread 3 ] DEBUG Engine               - is3D: false
14:24:58.644 [FXGL Background Thread 3 ] DEBUG Engine               - isAndroid: false
14:24:58.644 [FXGL Background Thread 3 ] DEBUG Engine               - isBrowser: false
14:24:58.644 [FXGL Background Thread 3 ] DEBUG Engine               - isClickFeedbackEnabled: false
14:24:58.644 [FXGL Background Thread 3 ] DEBUG Engine               - isCloseConfirmation: false
14:24:58.644 [FXGL Background Thread 3 ] DEBUG Engine               - isDesktop: true
14:24:58.644 [FXGL Background Thread 3 ] DEBUG Engine               - isDeveloperMenuEnabled: false
14:24:58.645 [FXGL Background Thread 3 ] DEBUG Engine               - isEmbedded: false
14:24:58.645 [FXGL Background Thread 3 ] DEBUG Engine               - isEntityPreloadEnabled: true
14:24:58.645 [FXGL Background Thread 3 ] DEBUG Engine               - isExperimentalTiledLargeMap: false
14:24:58.645 [FXGL Background Thread 3 ] DEBUG Engine               - isFileSystemWriteAllowed: true
14:24:58.645 [FXGL Background Thread 3 ] DEBUG Engine               - isFullScreenAllowed: false
14:24:58.645 [FXGL Background Thread 3 ] DEBUG Engine               - isFullScreenFromStart: false
14:24:58.645 [FXGL Background Thread 3 ] DEBUG Engine               - isGameMenuEnabled: true
14:24:58.645 [FXGL Background Thread 3 ] DEBUG Engine               - isIOS: false
14:24:58.645 [FXGL Background Thread 3 ] DEBUG Engine               - isIntroEnabled: false
14:24:58.645 [FXGL Background Thread 3 ] DEBUG Engine               - isLinux: false
14:24:58.645 [FXGL Background Thread 3 ] DEBUG Engine               - isMac: false
14:24:58.646 [FXGL Background Thread 3 ] DEBUG Engine               - isMainMenuEnabled: false
14:24:58.646 [FXGL Background Thread 3 ] DEBUG Engine               - isManualResizeEnabled: false
14:24:58.646 [FXGL Background Thread 3 ] DEBUG Engine               - isMobile: false
14:24:58.646 [FXGL Background Thread 3 ] DEBUG Engine               - isNative: false
14:24:58.646 [FXGL Background Thread 3 ] DEBUG Engine               - isPauseMusicWhenMinimized: true
14:24:58.646 [FXGL Background Thread 3 ] DEBUG Engine               - isPreserveResizeRatio: false
14:24:58.646 [FXGL Background Thread 3 ] DEBUG Engine               - isProfilingEnabled: false
14:24:58.646 [FXGL Background Thread 3 ] DEBUG Engine               - isScaleAffectedOnResize: true
14:24:58.646 [FXGL Background Thread 3 ] DEBUG Engine               - isSingleStep: false
14:24:58.646 [FXGL Background Thread 3 ] DEBUG Engine               - isUserProfileEnabled: false
14:24:58.646 [FXGL Background Thread 3 ] DEBUG Engine               - isWindows: true
14:24:58.646 [FXGL Background Thread 3 ] DEBUG Engine               - language: ObjectProperty [value: ENGLISH]
14:24:58.646 [FXGL Background Thread 3 ] DEBUG Engine               - menuKey: ESCAPE
14:24:58.646 [FXGL Background Thread 3 ] DEBUG Engine               - mouseSensitivity: 0.2
14:24:58.646 [FXGL Background Thread 3 ] DEBUG Engine               - notificationViewClass: class com.almasb.fxgl.notification.view.XboxNotificationView
14:24:58.647 [FXGL Background Thread 3 ] DEBUG Engine               - pixelsPerMeter: 50.0
14:24:58.647 [FXGL Background Thread 3 ] DEBUG Engine               - platform: WINDOWS
14:24:58.647 [FXGL Background Thread 3 ] DEBUG Engine               - prefHeightProperty: ReadOnlyDoubleProperty [value: 720.0]
14:24:58.647 [FXGL Background Thread 3 ] DEBUG Engine               - prefWidthProperty: ReadOnlyDoubleProperty [value: 1280.0]
14:24:58.647 [FXGL Background Thread 3 ] DEBUG Engine               - profileDir: profiles/
14:24:58.647 [FXGL Background Thread 3 ] DEBUG Engine               - profileName: StringProperty [value: DEFAULT]
14:24:58.647 [FXGL Background Thread 3 ] DEBUG Engine               - randomSeed: -1
14:24:58.648 [FXGL Background Thread 3 ] DEBUG Engine               - runtimeInfo: RuntimeInfo(platform=WINDOWS, version=25, build=05.02.2026 22.57)
14:24:58.648 [FXGL Background Thread 3 ] DEBUG Engine               - saveFileExt: sav
14:24:58.648 [FXGL Background Thread 3 ] DEBUG Engine               - scaledHeightProp$fxgl: DoubleProperty [bound, value: 671.0]
14:24:58.648 [FXGL Background Thread 3 ] DEBUG Engine               - scaledWidthProp$fxgl: DoubleProperty [bound, value: 1169.0]
14:24:58.648 [FXGL Background Thread 3 ] DEBUG Engine               - sceneFactory: com.almasb.fxgl.app.scene.SceneFactory@484611b9
14:24:58.648 [FXGL Background Thread 3 ] DEBUG Engine               - secondsIn24h: 60
14:24:58.649 [FXGL Background Thread 3 ] DEBUG Engine               - soundMenuBack: menu/back.wav
14:24:58.649 [FXGL Background Thread 3 ] DEBUG Engine               - soundMenuPress: menu/press.wav
14:24:58.649 [FXGL Background Thread 3 ] DEBUG Engine               - soundMenuSelect: menu/select.wav
14:24:58.649 [FXGL Background Thread 3 ] DEBUG Engine               - soundNotification: core/notification.wav
14:24:58.649 [FXGL Background Thread 3 ] DEBUG Engine               - stageStyle: DECORATED
14:24:58.649 [FXGL Background Thread 3 ] DEBUG Engine               - supportedLanguages: [ENGLISH, FRENCH, GERMAN, HUNGARIAN, RUSSIAN]
14:24:58.649 [FXGL Background Thread 3 ] DEBUG Engine               - ticksPerSecond: -1
14:24:58.649 [FXGL Background Thread 3 ] DEBUG Engine               - title: Untitled
14:24:58.649 [FXGL Background Thread 3 ] DEBUG Engine               - urlGithub: https://github.com/AlmasB/FXGL
14:24:58.650 [FXGL Background Thread 3 ] DEBUG Engine               - urlLeaderboard: http://fxgl-top.herokuapp.com/
14:24:58.650 [FXGL Background Thread 3 ] DEBUG Engine               - urlPOM: https://raw.githubusercontent.com/AlmasB/FXGL/release/README.md
14:24:58.650 [FXGL Background Thread 3 ] DEBUG Engine               - userAppClass: class org.group1.GamePackage.Application
14:24:58.650 [FXGL Background Thread 3 ] DEBUG Engine               - version: 0.0
14:24:58.650 [FXGL Background Thread 3 ] DEBUG Engine               - versionCheckDays: 7
14:24:58.650 [FXGL Background Thread 3 ] DEBUG Engine               - width: 1280
14:24:58.650 [FXGL Background Thread 3 ] DEBUG Engine               - Logging services
14:24:58.650 [FXGL Background Thread 3 ] DEBUG Engine               - class com.almasb.fxgl.app.services.FXGLAssetLoaderService
14:24:58.650 [FXGL Background Thread 3 ] DEBUG Engine               - class com.almasb.fxgl.app.FXGLApplication$GameApplicationService
14:24:58.650 [FXGL Background Thread 3 ] DEBUG Engine               - class com.almasb.fxgl.app.services.FXGLDialogService
14:24:58.650 [FXGL Background Thread 3 ] DEBUG Engine               - class com.almasb.fxgl.app.services.IOTaskExecutorService
14:24:58.650 [FXGL Background Thread 3 ] DEBUG Engine               - class com.almasb.fxgl.io.FileSystemService
14:24:58.650 [FXGL Background Thread 3 ] DEBUG Engine               - class com.almasb.fxgl.localization.LocalizationService
14:24:58.651 [FXGL Background Thread 3 ] DEBUG Engine               - class com.almasb.fxgl.app.services.SystemBundleService
14:24:58.651 [FXGL Background Thread 3 ] DEBUG Engine               - class com.almasb.fxgl.profile.SaveLoadService
14:24:58.651 [FXGL Background Thread 3 ] DEBUG Engine               - class com.almasb.fxgl.ui.FXGLUIFactoryServiceProvider
14:24:58.651 [FXGL Background Thread 3 ] DEBUG Engine               - class com.almasb.fxgl.ui.FXGLDialogFactoryServiceProvider
14:24:58.651 [FXGL Background Thread 3 ] DEBUG Engine               - class com.almasb.fxgl.audio.AudioPlayer
14:24:58.651 [FXGL Background Thread 3 ] DEBUG Engine               - class com.almasb.fxgl.notification.impl.NotificationServiceProvider
14:24:58.651 [FXGL Background Thread 3 ] DEBUG Engine               - class com.almasb.fxgl.achievement.AchievementService
14:24:58.651 [FXGL Background Thread 3 ] DEBUG Engine               - class com.almasb.fxgl.cutscene.CutsceneService
14:24:58.651 [FXGL Background Thread 3 ] DEBUG Engine               - class com.almasb.fxgl.minigames.MiniGameService
14:24:58.651 [FXGL Background Thread 3 ] DEBUG Engine               - class com.almasb.fxgl.net.NetService
14:24:58.651 [FXGL Background Thread 3 ] DEBUG Engine               - class com.almasb.fxgl.app.services.UpdaterService
14:24:58.651 [FXGL Background Thread 3 ] DEBUG Engine               - class com.almasb.fxgl.dev.DevService
14:24:59.280 [JavaFX Application Thread] DEBUG FXGLAssetLoaderServi - Loading from file system: file:/C:/Users/ryles/Downloads/ComProg_Project/target/classes/assets/textures/enemy_sprite.png
14:24:59.296 [JavaFX Application Thread] DEBUG FXGLAssetLoaderServi - Loading from file system: file:/C:/Users/ryles/Downloads/ComProg_Project/target/classes/assets/textures/explosion_sprite.png
14:25:48.390 [JavaFX Application Thread] DEBUG FXGLAssetLoaderServi - Loading from file system: file:/C:/Users/ryles/Downloads/ComProg_Project/target/classes/assets/textures/bullet_sprite.png
14:26:11.936 [JavaFX Application Thread] DEBUG FXGLApplication      - Exiting FXGL
14:26:11.936 [JavaFX Application Thread] DEBUG LoopRunner           - Stopping loop
14:26:11.936 [JavaFX Application Thread] DEBUG SystemBundleService  - Saving FXGL system data
14:26:11.939 [JavaFX Application Thread] DEBUG FileSystemAccess     - Writing to: C:\Users\ryles\Downloads\ComProg_Project\system\fxgl.bundle
14:26:11.941 [JavaFX Application Thread] DEBUG Async                - Shutting down background threads
14:26:11.942 [JavaFX Application Thread] DEBUG PrimaryStageWindow   - Closing main window
14:26:11.994 [JavaFX Application Thread] DEBUG Logger               - Closing Logger
