15:51:29.176 [main                     ] DEBUG Logger               - Configured Logger
15:51:29.182 [main                     ] DEBUG GameApplication      - Logging settings
Title: Untitled
Version: 0.0
Width: 1280
Height: 720
Fullscreen: false
Intro: false
Profiling: false
Single step:false
App Mode: DEVELOPER
Menu Key: ESCAPE
Stage Style: DECORATED
Scene Factory: class com.almasb.fxgl.app.scene.SceneFactory

15:51:29.387 [JavaFX Application Thread] DEBUG FXGLApplication      - Initializing FXGL
15:51:29.390 [JavaFX Application Thread] INFO  Engine               - FXGL-25 (05.02.2026 22.57) on LINUX (J:25.0.2 FX:21.0.6)
15:51:29.390 [JavaFX Application Thread] DEBUG Engine               - JRE Vendor Name: Arch Linux
15:51:29.390 [JavaFX Application Thread] DEBUG Engine               - Running on OS: Linux version 6.19.9-arch1-1
15:51:29.391 [JavaFX Application Thread] DEBUG Engine               - Architecture: amd64
15:51:29.391 [JavaFX Application Thread] INFO  Engine               - Source code and latest versions at: https://github.com/AlmasB/FXGL
15:51:29.391 [JavaFX Application Thread] INFO  Engine               -       Ask questions and discuss at: https://github.com/AlmasB/FXGL/discussions
15:51:29.459 [JavaFX Application Thread] DEBUG PrimaryStageWindow   - Creating a JavaFX scene
15:51:29.534 [JavaFX Application Thread] DEBUG PrimaryStageWindow   - Target settings size: 1280.0 x 720.0
15:51:29.535 [JavaFX Application Thread] DEBUG PrimaryStageWindow   - Scaled scene size:    1280.0 x 720.0
15:51:29.535 [JavaFX Application Thread] DEBUG PrimaryStageWindow   - Scaled ratio: (1.0, 1.0)
15:51:29.536 [JavaFX Application Thread] DEBUG PrimaryStageWindow   - Set initial scene to FXGLStartupScene
15:51:29.539 [JavaFX Application Thread] DEBUG PrimaryStageWindow   - Opening main window
15:51:29.605 [JavaFX Application Thread] DEBUG PrimaryStageWindow   - Window border size: (0.0, 35.0)
15:51:29.605 [JavaFX Application Thread] DEBUG PrimaryStageWindow   - Scaled size: 1280.0 x 685.0
15:51:29.605 [JavaFX Application Thread] DEBUG PrimaryStageWindow   - Scaled ratio: (1.0, 0.9513888888888888)
15:51:29.605 [JavaFX Application Thread] DEBUG PrimaryStageWindow   - Scene size: 1280.0 x 720.0
15:51:29.606 [JavaFX Application Thread] DEBUG PrimaryStageWindow   - Stage size: 1280.0 x 720.0
15:51:29.611 [FXGL Background Thread 1 ] DEBUG Engine               - Initializing environment variables
15:51:29.677 [FXGL Background Thread 1 ] DEBUG FXGLAssetLoaderServi - User app class for loading assets: class org.group1.GamePackage.Application
15:51:29.678 [FXGL Background Thread 1 ] DEBUG GameApplicationServi - Applying CSS: fxgl_dark.css
15:51:29.678 [FXGL Background Thread 1 ] DEBUG FXGLAssetLoaderServi - Loading from file system: jar:file:///home/me/.m2/repository/com/github/almasb/fxgl/25/fxgl-25.jar!/fxglassets/ui/css/fxgl_dark.css
15:51:29.725 [FXGL Background Thread 1 ] DEBUG GameApplicationServi - Initializing application scenes
15:51:29.762 [FXGL Background Thread 1 ] DEBUG GameWorld            - Game world initialized
15:51:29.810 [FXGL Background Thread 1 ] DEBUG PhysicsWorld         - Physics world initialized: appHeight=720, physics.ppm=50.0
15:51:29.811 [FXGL Background Thread 1 ] DEBUG PhysicsWorld         - Using strategy: BRUTE_FORCE
15:51:29.815 [FXGL Background Thread 1 ] DEBUG GameScene            - Game scene initialized: 1280x720
15:51:29.829 [FXGL Background Thread 1 ] DEBUG FXGL.DefaultMenu     - createMenuBodyGameMenu()
15:51:29.842 [FXGL Background Thread 1 ] DEBUG FXGL.DefaultMenu     - createOptionsMenu()
15:51:29.852 [FXGL Background Thread 1 ] DEBUG FXGLAssetLoaderServi - Loading from file system: jar:file:///home/me/.m2/repository/com/github/almasb/fxgl/25/fxgl-25.jar!/fxglassets/textures/particles/smoke.png
15:51:29.943 [FXGL Background Thread 1 ] DEBUG FXGLAssetLoaderServi - Loading from file system: jar:file:///home/me/.m2/repository/com/github/almasb/fxgl/25/fxgl-25.jar!/fxglassets/textures/particles/trace_horizontal.png
15:51:29.975 [FXGL Background Thread 1 ] DEBUG GameApplicationServi - Application scenes initialized
15:51:29.984 [FXGL Background Thread 1 ] DEBUG SystemBundleService  - Loading FXGL system data
15:51:29.987 [FXGL Background Thread 1 ] DEBUG FileSystemAccess     - Reading from: /home/me/ComProg_Project/system/fxgl.bundle
15:51:29.992 [FXGL Background Thread 1 ] DEBUG SystemBundleService  - Bundle FXGL: {}
15:51:29.993 [FXGL Background Thread 1 ] DEBUG UpdaterService       - Checking for updates
15:51:29.996 [FXGL Background Thread 4 ] DEBUG FXGLApplication      - Loading fonts
15:51:29.997 [FXGL Background Thread 4 ] DEBUG FXGLAssetLoaderServi - Loading from file system: jar:file:///home/me/.m2/repository/com/github/almasb/fxgl/25/fxgl-25.jar!/fxglassets/ui/fonts/VarelaRound-Regular.ttf
15:51:29.997 [FXGL Background Thread 1 ] DEBUG FXGLApplication      - Loading default localization
15:51:29.998 [FXGL Background Thread 1 ] DEBUG FXGLAssetLoaderServi - Loading from file system: jar:file:///home/me/.m2/repository/com/github/almasb/fxgl/25/fxgl-25.jar!/fxglassets/languages/english.lang
15:51:30.005 [FXGL Background Thread 4 ] DEBUG FXGLAssetLoaderServi - Loading from file system: jar:file:///home/me/.m2/repository/com/github/almasb/fxgl/25/fxgl-25.jar!/fxglassets/ui/fonts/Abel-Regular.ttf
15:51:30.006 [FXGL Background Thread 4 ] DEBUG FXGLAssetLoaderServi - Loading from file system: jar:file:///home/me/.m2/repository/com/github/almasb/fxgl/25/fxgl-25.jar!/fxglassets/ui/fonts/TerminalLandMono-Regular.otf
15:51:30.008 [FXGL Background Thread 4 ] DEBUG FXGLAssetLoaderServi - Loading from file system: jar:file:///home/me/.m2/repository/com/github/almasb/fxgl/25/fxgl-25.jar!/fxglassets/ui/fonts/Courier-Prime.ttf
15:51:30.011 [FXGL Background Thread 1 ] INFO  FXGLApplication      - FXGL initialization took: 0.401 sec
15:51:30.024 [JavaFX Application Thread] DEBUG Input                - Registered new binding: Move left - A
15:51:30.024 [JavaFX Application Thread] DEBUG Input                - Registered new binding: Move right - D
15:51:30.025 [JavaFX Application Thread] DEBUG Input                - Registered new binding: Move down - S
15:51:30.025 [JavaFX Application Thread] DEBUG Input                - Registered new binding: Move up - W
15:51:30.025 [JavaFX Application Thread] DEBUG Input                - Registered new binding: Shoot - Space
15:51:30.025 [JavaFX Application Thread] DEBUG FXGLAssetLoaderServi - Loading from file system: jar:file:///home/me/.m2/repository/com/github/almasb/fxgl/25/fxgl-25.jar!/fxglassets/textures/fxgl_icon.png
15:51:30.055 [JavaFX Application Thread] DEBUG FXGLAssetLoaderServi - Loading from file system: jar:file:///home/me/.m2/repository/com/github/almasb/fxgl/25/fxgl-25.jar!/fxglassets/textures/fxgl_default_cursor.png
15:51:30.057 [JavaFX Application Thread] DEBUG Input                - Registered new binding: Screenshot - CTRL+8
15:51:30.058 [JavaFX Application Thread] DEBUG Input                - Registered new binding: System info dump - CTRL+9
15:51:30.058 [JavaFX Application Thread] DEBUG Input                - Registered new binding: Restart - CTRL+R
15:51:30.059 [JavaFX Application Thread] DEBUG Input                - Registered new binding: Toggle Debug Camera - CTRL+7
15:51:30.062 [JavaFX Application Thread] DEBUG LoopRunner           - Starting loop
15:51:30.063 [JavaFX Application Thread] DEBUG LoopRunner           - Initializing JavaFX AnimationTimerLoop
15:51:30.063 [JavaFX Application Thread] DEBUG GameApplicationServi - Starting new game
15:51:30.064 [JavaFX Application Thread] DEBUG Input                - Clearing active input actions
15:51:30.080 [JavaFX Application Thread] DEBUG GameApplicationServi - Removing overlay from FXGLStartupScene and adding to FXGLLoadingScene
15:51:30.081 [JavaFX Application Thread] DEBUG PrimaryStageWindow   - FXGLStartupScene -> FXGLLoadingScene
15:51:30.081 [JavaFX Application Thread] DEBUG GameApplicationServi - Clearing previous game
15:51:30.081 [JavaFX Application Thread] DEBUG GameScene            - Clearing game scene
15:51:30.081 [JavaFX Application Thread] DEBUG GameWorld            - Clearing game world
15:51:30.081 [JavaFX Application Thread] DEBUG PhysicsWorld         - Clearing physics world
15:51:30.084 [JavaFX Application Thread] DEBUG FXGLApplication      - Registering font factories with UI factory
15:51:30.084 [FXGL Background Thread 4 ] DEBUG FXGLApplication      - Initializing game
15:51:30.097 [FXGL Background Thread 4 ] DEBUG FXGLAssetLoaderServi - Loading from file system: file:/home/me/ComProg_Project/target/classes/assets/textures/background.png
15:51:30.246 [FXGL Background Thread 4 ] DEBUG FXGLAssetLoaderServi - Loading from file system: file:/home/me/ComProg_Project/target/classes/assets/textures/background_stars1.png
15:51:30.459 [FXGL Background Thread 4 ] DEBUG FXGLAssetLoaderServi - Loading from file system: file:/home/me/ComProg_Project/target/classes/assets/textures/background_stars2.png
15:51:30.523 [FXGL Background Thread 4 ] DEBUG FXGLAssetLoaderServi - Loading from file system: file:/home/me/ComProg_Project/target/classes/assets/textures/background_stars3.png
15:51:30.585 [FXGL Background Thread 4 ] DEBUG FXGLAssetLoaderServi - Loading from file system: file:/home/me/ComProg_Project/target/classes/assets/textures/background_cloud1.png
15:51:30.601 [FXGL Background Thread 4 ] DEBUG FXGLAssetLoaderServi - Loading from file system: file:/home/me/ComProg_Project/target/classes/assets/textures/background_cloud2.png
15:51:30.623 [FXGL Background Thread 4 ] DEBUG FXGLAssetLoaderServi - Loading from file system: file:/home/me/ComProg_Project/target/classes/assets/textures/background_mist1.png
15:51:30.640 [FXGL Background Thread 4 ] DEBUG FXGLAssetLoaderServi - Loading from file system: file:/home/me/ComProg_Project/target/classes/assets/textures/background_hills.png
15:51:30.664 [FXGL Background Thread 4 ] DEBUG FXGLAssetLoaderServi - Loading from file system: file:/home/me/ComProg_Project/target/classes/assets/textures/background_forest.png
15:51:30.677 [FXGL Background Thread 4 ] DEBUG FXGLAssetLoaderServi - Loading from file system: file:/home/me/ComProg_Project/target/classes/assets/textures/background_large_forest.png
15:51:30.715 [FXGL Background Thread 4 ] DEBUG FXGLAssetLoaderServi - Loading from file system: file:/home/me/ComProg_Project/target/classes/assets/textures/idle_sprite.png
15:51:30.719 [FXGL Background Thread 4 ] DEBUG FXGLAssetLoaderServi - Loading from file system: file:/home/me/ComProg_Project/target/classes/assets/textures/down_sprite.png
15:51:30.721 [FXGL Background Thread 4 ] DEBUG FXGLAssetLoaderServi - Loading from file system: file:/home/me/ComProg_Project/target/classes/assets/textures/up_sprite.png
15:51:30.731 [FXGL Background Thread 4 ] DEBUG FXGLAssetLoaderServi - Loading from file system: file:/home/me/ComProg_Project/target/classes/assets/music/main_music.wav
15:51:30.830 [FXGL Background Thread 4 ] DEBUG AudioPlayer          - Playing music com.almasb.fxgl.audio.Music@7b03d2bc
15:51:30.835 [FXGL Background Thread 4 ] INFO  FXGLApplication      - Game initialization took: 0.750 sec
15:51:30.835 [JavaFX Application Thread] DEBUG Input                - Clearing active input actions
15:51:30.852 [JavaFX Application Thread] DEBUG GameApplicationServi - Removing overlay from FXGLLoadingScene and adding to GameScene
15:51:30.853 [JavaFX Application Thread] DEBUG PrimaryStageWindow   - FXGLLoadingScene -> GameScene
15:51:31.531 [JavaFX Application Thread] DEBUG FXGLAssetLoaderServi - Loading from file system: file:/home/me/ComProg_Project/target/classes/assets/textures/bullet_sprite.png
15:51:32.995 [FXGL Background Thread 3 ] DEBUG Engine               - Logging environment variables
15:51:32.996 [FXGL Background Thread 3 ] DEBUG Engine               - achievements: []
15:51:32.997 [FXGL Background Thread 3 ] DEBUG Engine               - actualHeight: 685.0
15:51:32.997 [FXGL Background Thread 3 ] DEBUG Engine               - actualHeightProperty: ReadOnlyDoubleProperty [value: 685.0]
15:51:32.997 [FXGL Background Thread 3 ] DEBUG Engine               - actualWidth: 1280.0
15:51:32.997 [FXGL Background Thread 3 ] DEBUG Engine               - actualWidthProperty: ReadOnlyDoubleProperty [value: 1280.0]
15:51:32.998 [FXGL Background Thread 3 ] DEBUG Engine               - appIcon: fxgl_icon.png
15:51:32.998 [FXGL Background Thread 3 ] DEBUG Engine               - applicationMode: DEVELOPER
15:51:32.998 [FXGL Background Thread 3 ] DEBUG Engine               - cSSList: [fxgl_dark.css]
15:51:32.998 [FXGL Background Thread 3 ] DEBUG Engine               - collisionDetectionStrategy: BRUTE_FORCE
15:51:32.998 [FXGL Background Thread 3 ] DEBUG Engine               - configClass: Optional.empty
15:51:32.998 [FXGL Background Thread 3 ] DEBUG Engine               - credits: []
15:51:32.999 [FXGL Background Thread 3 ] DEBUG Engine               - defaultCursor: CursorInfo(imageName=fxgl_default_cursor.png, hotspotX=7.0, hotspotY=6.0)
15:51:32.999 [FXGL Background Thread 3 ] DEBUG Engine               - devBBoxColorProperty: ObjectProperty [value: 0xff0000ff]
15:51:33.000 [FXGL Background Thread 3 ] DEBUG Engine               - devEnableDebugCameraProperty: BooleanProperty [value: false]
15:51:33.000 [FXGL Background Thread 3 ] DEBUG Engine               - devSensorColorProperty: ObjectProperty [value: 0xffff00ff]
15:51:33.000 [FXGL Background Thread 3 ] DEBUG Engine               - devShowBBoxProperty: BooleanProperty [value: false]
15:51:33.000 [FXGL Background Thread 3 ] DEBUG Engine               - devShowPositionProperty: BooleanProperty [value: false]
15:51:33.001 [FXGL Background Thread 3 ] DEBUG Engine               - enabledMenuItems: []
15:51:33.001 [FXGL Background Thread 3 ] DEBUG Engine               - engineServices: [class com.almasb.fxgl.app.services.FXGLAssetLoaderService, class com.almasb.fxgl.app.FXGLApplication$GameApplicationService, class com.almasb.fxgl.app.services.FXGLDialogService, class com.almasb.fxgl.app.services.IOTaskExecutorService, class com.almasb.fxgl.io.FileSystemService, class com.almasb.fxgl.localization.LocalizationService, class com.almasb.fxgl.app.services.SystemBundleService, class com.almasb.fxgl.profile.SaveLoadService, class com.almasb.fxgl.ui.FXGLUIFactoryServiceProvider, class com.almasb.fxgl.ui.FXGLDialogFactoryServiceProvider, class com.almasb.fxgl.audio.AudioPlayer, class com.almasb.fxgl.notification.impl.NotificationServiceProvider, class com.almasb.fxgl.achievement.AchievementService, class com.almasb.fxgl.cutscene.CutsceneService, class com.almasb.fxgl.minigames.MiniGameService, class com.almasb.fxgl.net.NetService, class com.almasb.fxgl.app.services.UpdaterService, class com.almasb.fxgl.dev.DevService]
15:51:33.001 [FXGL Background Thread 3 ] DEBUG Engine               - fontGame: Abel-Regular.ttf
15:51:33.001 [FXGL Background Thread 3 ] DEBUG Engine               - fontMono: TerminalLandMono-Regular.otf
15:51:33.001 [FXGL Background Thread 3 ] DEBUG Engine               - fontSizeScaleUI: 1.0
15:51:33.002 [FXGL Background Thread 3 ] DEBUG Engine               - fontText: Courier-Prime.ttf
15:51:33.002 [FXGL Background Thread 3 ] DEBUG Engine               - fontUI: VarelaRound-Regular.ttf
15:51:33.002 [FXGL Background Thread 3 ] DEBUG Engine               - fpsRefreshRate: 500.0 ms
15:51:33.002 [FXGL Background Thread 3 ] DEBUG Engine               - fullScreen: BooleanProperty [value: false]
15:51:33.003 [FXGL Background Thread 3 ] DEBUG Engine               - gameDifficulty: MEDIUM
15:51:33.003 [FXGL Background Thread 3 ] DEBUG Engine               - gameDifficultyProperty: ObjectProperty [value: MEDIUM]
15:51:33.003 [FXGL Background Thread 3 ] DEBUG Engine               - globalMusicVolume: 0.5
15:51:33.003 [FXGL Background Thread 3 ] DEBUG Engine               - globalMusicVolumeProperty: DoubleProperty [value: 0.5]
15:51:33.003 [FXGL Background Thread 3 ] DEBUG Engine               - globalSoundVolume: 0.5
15:51:33.004 [FXGL Background Thread 3 ] DEBUG Engine               - globalSoundVolumeProperty: DoubleProperty [value: 0.5]
15:51:33.004 [FXGL Background Thread 3 ] DEBUG Engine               - height: 720
15:51:33.004 [FXGL Background Thread 3 ] DEBUG Engine               - is3D: false
15:51:33.005 [FXGL Background Thread 3 ] DEBUG Engine               - isAndroid: false
15:51:33.005 [FXGL Background Thread 3 ] DEBUG Engine               - isBrowser: false
15:51:33.005 [FXGL Background Thread 3 ] DEBUG Engine               - isClickFeedbackEnabled: false
15:51:33.006 [FXGL Background Thread 3 ] DEBUG Engine               - isCloseConfirmation: false
15:51:33.006 [FXGL Background Thread 3 ] DEBUG Engine               - isDesktop: true
15:51:33.006 [FXGL Background Thread 3 ] DEBUG Engine               - isDeveloperMenuEnabled: false
15:51:33.006 [FXGL Background Thread 3 ] DEBUG Engine               - isEmbedded: false
15:51:33.006 [FXGL Background Thread 3 ] DEBUG Engine               - isEntityPreloadEnabled: true
15:51:33.007 [FXGL Background Thread 3 ] DEBUG Engine               - isExperimentalTiledLargeMap: false
15:51:33.007 [FXGL Background Thread 3 ] DEBUG Engine               - isFileSystemWriteAllowed: true
15:51:33.007 [FXGL Background Thread 3 ] DEBUG Engine               - isFullScreenAllowed: false
15:51:33.007 [FXGL Background Thread 3 ] DEBUG Engine               - isFullScreenFromStart: false
15:51:33.007 [FXGL Background Thread 3 ] DEBUG Engine               - isGameMenuEnabled: true
15:51:33.007 [FXGL Background Thread 3 ] DEBUG Engine               - isIOS: false
15:51:33.007 [FXGL Background Thread 3 ] DEBUG Engine               - isIntroEnabled: false
15:51:33.008 [FXGL Background Thread 3 ] DEBUG Engine               - isLinux: true
15:51:33.008 [FXGL Background Thread 3 ] DEBUG Engine               - isMac: false
15:51:33.008 [FXGL Background Thread 3 ] DEBUG Engine               - isMainMenuEnabled: false
15:51:33.008 [FXGL Background Thread 3 ] DEBUG Engine               - isManualResizeEnabled: false
15:51:33.008 [FXGL Background Thread 3 ] DEBUG Engine               - isMobile: false
15:51:33.008 [FXGL Background Thread 3 ] DEBUG Engine               - isNative: false
15:51:33.008 [FXGL Background Thread 3 ] DEBUG Engine               - isPauseMusicWhenMinimized: true
15:51:33.009 [FXGL Background Thread 3 ] DEBUG Engine               - isPreserveResizeRatio: false
15:51:33.009 [FXGL Background Thread 3 ] DEBUG Engine               - isProfilingEnabled: false
15:51:33.009 [FXGL Background Thread 3 ] DEBUG Engine               - isScaleAffectedOnResize: true
15:51:33.009 [FXGL Background Thread 3 ] DEBUG Engine               - isSingleStep: false
15:51:33.009 [FXGL Background Thread 3 ] DEBUG Engine               - isUserProfileEnabled: false
15:51:33.009 [FXGL Background Thread 3 ] DEBUG Engine               - isWindows: false
15:51:33.009 [FXGL Background Thread 3 ] DEBUG Engine               - language: ObjectProperty [value: ENGLISH]
15:51:33.009 [FXGL Background Thread 3 ] DEBUG Engine               - menuKey: ESCAPE
15:51:33.010 [FXGL Background Thread 3 ] DEBUG Engine               - mouseSensitivity: 0.2
15:51:33.010 [FXGL Background Thread 3 ] DEBUG Engine               - notificationViewClass: class com.almasb.fxgl.notification.view.XboxNotificationView
15:51:33.010 [FXGL Background Thread 3 ] DEBUG Engine               - pixelsPerMeter: 50.0
15:51:33.010 [FXGL Background Thread 3 ] DEBUG Engine               - platform: LINUX
15:51:33.010 [FXGL Background Thread 3 ] DEBUG Engine               - prefHeightProperty: ReadOnlyDoubleProperty [value: 720.0]
15:51:33.010 [FXGL Background Thread 3 ] DEBUG Engine               - prefWidthProperty: ReadOnlyDoubleProperty [value: 1280.0]
15:51:33.010 [FXGL Background Thread 3 ] DEBUG Engine               - profileDir: profiles/
15:51:33.011 [FXGL Background Thread 3 ] DEBUG Engine               - profileName: StringProperty [value: DEFAULT]
15:51:33.011 [FXGL Background Thread 3 ] DEBUG Engine               - randomSeed: -1
15:51:33.011 [FXGL Background Thread 3 ] DEBUG Engine               - runtimeInfo: RuntimeInfo(platform=LINUX, version=25, build=05.02.2026 22.57)
15:51:33.011 [FXGL Background Thread 3 ] DEBUG Engine               - saveFileExt: sav
15:51:33.011 [FXGL Background Thread 3 ] DEBUG Engine               - scaledHeightProp$fxgl: DoubleProperty [bound, value: 685.0]
15:51:33.011 [FXGL Background Thread 3 ] DEBUG Engine               - scaledWidthProp$fxgl: DoubleProperty [bound, value: 1280.0]
15:51:33.012 [FXGL Background Thread 3 ] DEBUG Engine               - sceneFactory: com.almasb.fxgl.app.scene.SceneFactory@7aa92cb3
15:51:33.012 [FXGL Background Thread 3 ] DEBUG Engine               - secondsIn24h: 60
15:51:33.012 [FXGL Background Thread 3 ] DEBUG Engine               - soundMenuBack: menu/back.wav
15:51:33.012 [FXGL Background Thread 3 ] DEBUG Engine               - soundMenuPress: menu/press.wav
15:51:33.012 [FXGL Background Thread 3 ] DEBUG Engine               - soundMenuSelect: menu/select.wav
15:51:33.012 [FXGL Background Thread 3 ] DEBUG Engine               - soundNotification: core/notification.wav
15:51:33.012 [FXGL Background Thread 3 ] DEBUG Engine               - stageStyle: DECORATED
15:51:33.012 [FXGL Background Thread 3 ] DEBUG Engine               - supportedLanguages: [ENGLISH, FRENCH, GERMAN, HUNGARIAN, RUSSIAN]
15:51:33.012 [FXGL Background Thread 3 ] DEBUG Engine               - ticksPerSecond: -1
15:51:33.012 [FXGL Background Thread 3 ] DEBUG Engine               - title: Untitled
15:51:33.013 [FXGL Background Thread 3 ] DEBUG Engine               - urlGithub: https://github.com/AlmasB/FXGL
15:51:33.013 [FXGL Background Thread 3 ] DEBUG Engine               - urlLeaderboard: http://fxgl-top.herokuapp.com/
15:51:33.013 [FXGL Background Thread 3 ] DEBUG Engine               - urlPOM: https://raw.githubusercontent.com/AlmasB/FXGL/release/README.md
15:51:33.013 [FXGL Background Thread 3 ] DEBUG Engine               - userAppClass: class org.group1.GamePackage.Application
15:51:33.013 [FXGL Background Thread 3 ] DEBUG Engine               - version: 0.0
15:51:33.013 [FXGL Background Thread 3 ] DEBUG Engine               - versionCheckDays: 7
15:51:33.013 [FXGL Background Thread 3 ] DEBUG Engine               - width: 1280
15:51:33.013 [FXGL Background Thread 3 ] DEBUG Engine               - Logging services
15:51:33.013 [FXGL Background Thread 3 ] DEBUG Engine               - class com.almasb.fxgl.app.services.FXGLAssetLoaderService
15:51:33.013 [FXGL Background Thread 3 ] DEBUG Engine               - class com.almasb.fxgl.app.FXGLApplication$GameApplicationService
15:51:33.013 [FXGL Background Thread 3 ] DEBUG Engine               - class com.almasb.fxgl.app.services.FXGLDialogService
15:51:33.013 [FXGL Background Thread 3 ] DEBUG Engine               - class com.almasb.fxgl.app.services.IOTaskExecutorService
15:51:33.014 [FXGL Background Thread 3 ] DEBUG Engine               - class com.almasb.fxgl.io.FileSystemService
15:51:33.014 [FXGL Background Thread 3 ] DEBUG Engine               - class com.almasb.fxgl.localization.LocalizationService
15:51:33.014 [FXGL Background Thread 3 ] DEBUG Engine               - class com.almasb.fxgl.app.services.SystemBundleService
15:51:33.014 [FXGL Background Thread 3 ] DEBUG Engine               - class com.almasb.fxgl.profile.SaveLoadService
15:51:33.014 [FXGL Background Thread 3 ] DEBUG Engine               - class com.almasb.fxgl.ui.FXGLUIFactoryServiceProvider
15:51:33.014 [FXGL Background Thread 3 ] DEBUG Engine               - class com.almasb.fxgl.ui.FXGLDialogFactoryServiceProvider
15:51:33.014 [FXGL Background Thread 3 ] DEBUG Engine               - class com.almasb.fxgl.audio.AudioPlayer
15:51:33.014 [FXGL Background Thread 3 ] DEBUG Engine               - class com.almasb.fxgl.notification.impl.NotificationServiceProvider
15:51:33.014 [FXGL Background Thread 3 ] DEBUG Engine               - class com.almasb.fxgl.achievement.AchievementService
15:51:33.014 [FXGL Background Thread 3 ] DEBUG Engine               - class com.almasb.fxgl.cutscene.CutsceneService
15:51:33.014 [FXGL Background Thread 3 ] DEBUG Engine               - class com.almasb.fxgl.minigames.MiniGameService
15:51:33.014 [FXGL Background Thread 3 ] DEBUG Engine               - class com.almasb.fxgl.net.NetService
15:51:33.014 [FXGL Background Thread 3 ] DEBUG Engine               - class com.almasb.fxgl.app.services.UpdaterService
15:51:33.015 [FXGL Background Thread 3 ] DEBUG Engine               - class com.almasb.fxgl.dev.DevService
15:51:33.827 [JavaFX Application Thread] DEBUG FXGLAssetLoaderServi - Loading from file system: file:/home/me/ComProg_Project/target/classes/assets/textures/enemy_sprite.png
15:51:33.837 [JavaFX Application Thread] DEBUG FXGLAssetLoaderServi - Loading from file system: file:/home/me/ComProg_Project/target/classes/assets/textures/explosion_sprite.png
15:51:35.340 [JavaFX Application Thread] DEBUG FXGLAssetLoaderServi - Loading from file system: file:/home/me/ComProg_Project/target/classes/assets/sounds/death_sound.wav
15:51:35.346 [JavaFX Application Thread] DEBUG FXGLAssetLoaderServi - Loading from file system: file:/home/me/ComProg_Project/target/classes/assets/textures/heart_sprite.png
15:51:35.356 [JavaFX Application Thread] DEBUG FXGLAssetLoaderServi - Loading from file system: file:/home/me/ComProg_Project/target/classes/assets/textures/heart_explode_sprite.png
15:51:35.560 [JavaFX Application Thread] DEBUG FXGLAssetLoaderServi - Loading from file system: file:/home/me/ComProg_Project/target/classes/assets/sounds/heart_gain.wav
15:51:45.146 [JavaFX Application Thread] DEBUG FXGLApplication      - Exiting FXGL
15:51:45.146 [JavaFX Application Thread] DEBUG LoopRunner           - Stopping loop
15:51:45.146 [JavaFX Application Thread] DEBUG SystemBundleService  - Saving FXGL system data
15:51:45.152 [JavaFX Application Thread] DEBUG FileSystemAccess     - Writing to: /home/me/ComProg_Project/system/fxgl.bundle
15:51:45.156 [JavaFX Application Thread] DEBUG Async                - Shutting down background threads
15:51:45.156 [JavaFX Application Thread] DEBUG PrimaryStageWindow   - Closing main window
15:51:45.162 [JavaFX Application Thread] DEBUG Logger               - Closing Logger
