16:16:18.702 [main                     ] DEBUG Logger               - Configured Logger
16:16:18.709 [main                     ] DEBUG GameApplication      - Logging settings
Title: Untitled
Version: 0.0
Width: 1280
Height: 720
Fullscreen: false
Intro: false
Profiling: false
Single step:false
App Mode: DEVELOPER
Menu Key: ESCAPE
Stage Style: DECORATED
Scene Factory: class org.group1.GamePackage.Factory.MainSceneFactory

16:16:19.036 [JavaFX Application Thread] DEBUG FXGLApplication      - Initializing FXGL
16:16:19.039 [JavaFX Application Thread] INFO  Engine               - FXGL-25 (05.02.2026 22.57) on WINDOWS (J:25.0.1 FX:21.0.6)
16:16:19.040 [JavaFX Application Thread] DEBUG Engine               - JRE Vendor Name: Oracle Corporation
16:16:19.040 [JavaFX Application Thread] DEBUG Engine               - Running on OS: Windows 11 version 10.0
16:16:19.040 [JavaFX Application Thread] DEBUG Engine               - Architecture: amd64
16:16:19.040 [JavaFX Application Thread] INFO  Engine               - Source code and latest versions at: https://github.com/AlmasB/FXGL
16:16:19.040 [JavaFX Application Thread] INFO  Engine               -       Ask questions and discuss at: https://github.com/AlmasB/FXGL/discussions
16:16:19.133 [JavaFX Application Thread] DEBUG PrimaryStageWindow   - Creating a JavaFX scene
16:16:19.190 [JavaFX Application Thread] DEBUG PrimaryStageWindow   - Target settings size: 1280.0 x 720.0
16:16:19.190 [JavaFX Application Thread] DEBUG PrimaryStageWindow   - Scaled scene size:    1280.0 x 720.0
16:16:19.190 [JavaFX Application Thread] DEBUG PrimaryStageWindow   - Scaled ratio: (1.0, 1.0)
16:16:19.191 [JavaFX Application Thread] DEBUG PrimaryStageWindow   - Set initial scene to FXGLStartupScene
16:16:19.195 [JavaFX Application Thread] DEBUG PrimaryStageWindow   - Opening main window
16:16:19.287 [JavaFX Application Thread] DEBUG PrimaryStageWindow   - Window border size: (14.6666259765625, 37.33331298828125)
16:16:19.287 [JavaFX Application Thread] DEBUG PrimaryStageWindow   - Scaled size: 1280.0 x 720.0
16:16:19.287 [JavaFX Application Thread] DEBUG PrimaryStageWindow   - Scaled ratio: (1.0, 1.0)
16:16:19.288 [JavaFX Application Thread] DEBUG PrimaryStageWindow   - Scene size: 1280.0 x 720.0
16:16:19.288 [JavaFX Application Thread] DEBUG PrimaryStageWindow   - Stage size: 1294.6666259765625 x 757.3333129882812
16:16:19.298 [FXGL Background Thread 1 ] DEBUG Engine               - Initializing environment variables
16:16:19.375 [FXGL Background Thread 1 ] DEBUG FXGLAssetLoaderServi - User app class for loading assets: class org.group1.GamePackage.Application
16:16:19.375 [FXGL Background Thread 1 ] DEBUG GameApplicationServi - Applying CSS: fxgl_dark.css
16:16:19.376 [FXGL Background Thread 1 ] DEBUG FXGLAssetLoaderServi - Loading from file system: jar:file:///C:/Users/ryles/.m2/repository/com/github/almasb/fxgl/25/fxgl-25.jar!/fxglassets/ui/css/fxgl_dark.css
16:16:19.426 [FXGL Background Thread 1 ] DEBUG GameApplicationServi - Initializing application scenes
16:16:19.432 [FXGL Background Thread 1 ] DEBUG FXGLAssetLoaderServi - Loading from file system: file:/C:/Users/ryles/Downloads/ComProg_Project/target/classes/assets/textures/background.png
16:16:19.573 [FXGL Background Thread 1 ] DEBUG FXGLAssetLoaderServi - Loading from file system: file:/C:/Users/ryles/Downloads/ComProg_Project/target/classes/assets/textures/background_stars1.png
16:16:19.639 [FXGL Background Thread 1 ] DEBUG FXGLAssetLoaderServi - Loading from file system: file:/C:/Users/ryles/Downloads/ComProg_Project/target/classes/assets/textures/background_stars2.png
16:16:19.688 [FXGL Background Thread 1 ] DEBUG FXGLAssetLoaderServi - Loading from file system: file:/C:/Users/ryles/Downloads/ComProg_Project/target/classes/assets/textures/background_stars3.png
16:16:19.757 [FXGL Background Thread 1 ] DEBUG FXGLAssetLoaderServi - Loading from file system: file:/C:/Users/ryles/Downloads/ComProg_Project/target/classes/assets/textures/background_cloud1.png
16:16:19.767 [FXGL Background Thread 1 ] DEBUG FXGLAssetLoaderServi - Loading from file system: file:/C:/Users/ryles/Downloads/ComProg_Project/target/classes/assets/textures/background_cloud2.png
16:16:19.782 [FXGL Background Thread 1 ] DEBUG FXGLAssetLoaderServi - Loading from file system: file:/C:/Users/ryles/Downloads/ComProg_Project/target/classes/assets/textures/background_mist1.png
16:16:19.794 [FXGL Background Thread 1 ] DEBUG FXGLAssetLoaderServi - Loading from file system: file:/C:/Users/ryles/Downloads/ComProg_Project/target/classes/assets/textures/background_hills.png
16:16:19.824 [FXGL Background Thread 1 ] DEBUG FXGLAssetLoaderServi - Loading from file system: file:/C:/Users/ryles/Downloads/ComProg_Project/target/classes/assets/textures/background_forest.png
16:16:19.837 [FXGL Background Thread 1 ] DEBUG FXGLAssetLoaderServi - Loading from file system: file:/C:/Users/ryles/Downloads/ComProg_Project/target/classes/assets/textures/background_large_forest.png
16:16:19.922 [FXGL Background Thread 1 ] DEBUG GameWorld            - Game world initialized
16:16:19.960 [FXGL Background Thread 1 ] DEBUG PhysicsWorld         - Physics world initialized: appHeight=720, physics.ppm=50.0
16:16:19.960 [FXGL Background Thread 1 ] DEBUG PhysicsWorld         - Using strategy: BRUTE_FORCE
16:16:19.963 [FXGL Background Thread 1 ] DEBUG GameScene            - Game scene initialized: 1280x720
16:16:20.071 [FXGL Background Thread 1 ] DEBUG GameApplicationServi - Application scenes initialized
16:16:20.079 [FXGL Background Thread 1 ] DEBUG SystemBundleService  - Loading FXGL system data
16:16:20.082 [FXGL Background Thread 1 ] DEBUG FileSystemAccess     - Reading from: C:\Users\ryles\Downloads\ComProg_Project\system\fxgl.bundle
16:16:20.087 [FXGL Background Thread 1 ] DEBUG SystemBundleService  - Bundle FXGL: {}
16:16:20.087 [FXGL Background Thread 1 ] DEBUG UpdaterService       - Checking for updates
16:16:20.092 [FXGL Background Thread 4 ] DEBUG FXGLApplication      - Loading fonts
16:16:20.092 [FXGL Background Thread 4 ] DEBUG FXGLAssetLoaderServi - Loading from file system: jar:file:///C:/Users/ryles/.m2/repository/com/github/almasb/fxgl/25/fxgl-25.jar!/fxglassets/ui/fonts/VarelaRound-Regular.ttf
16:16:20.092 [FXGL Background Thread 1 ] DEBUG FXGLApplication      - Loading default localization
16:16:20.093 [FXGL Background Thread 1 ] DEBUG FXGLAssetLoaderServi - Loading from file system: jar:file:///C:/Users/ryles/.m2/repository/com/github/almasb/fxgl/25/fxgl-25.jar!/fxglassets/languages/english.lang
16:16:20.106 [FXGL Background Thread 1 ] INFO  FXGLApplication      - FXGL initialization took: 0.808 sec
16:16:20.119 [JavaFX Application Thread] DEBUG Input                - Registered new binding: Move left - A
16:16:20.120 [JavaFX Application Thread] DEBUG Input                - Registered new binding: Move right - D
16:16:20.120 [JavaFX Application Thread] DEBUG Input                - Registered new binding: Move down - S
16:16:20.120 [JavaFX Application Thread] DEBUG Input                - Registered new binding: Move up - W
16:16:20.120 [JavaFX Application Thread] DEBUG Input                - Registered new binding: Shoot - Space
16:16:20.120 [JavaFX Application Thread] DEBUG Input                - Registered new binding: Switch to Fire Bullet - Q
16:16:20.121 [JavaFX Application Thread] DEBUG Input                - Registered new binding: Switch to Ice Bullet - E
16:16:20.121 [JavaFX Application Thread] DEBUG FXGLAssetLoaderServi - Loading from file system: jar:file:///C:/Users/ryles/.m2/repository/com/github/almasb/fxgl/25/fxgl-25.jar!/fxglassets/textures/fxgl_icon.png
16:16:20.126 [FXGL Background Thread 4 ] DEBUG FXGLAssetLoaderServi - Loading from file system: jar:file:///C:/Users/ryles/.m2/repository/com/github/almasb/fxgl/25/fxgl-25.jar!/fxglassets/ui/fonts/Abel-Regular.ttf
16:16:20.130 [FXGL Background Thread 4 ] DEBUG FXGLAssetLoaderServi - Loading from file system: jar:file:///C:/Users/ryles/.m2/repository/com/github/almasb/fxgl/25/fxgl-25.jar!/fxglassets/ui/fonts/TerminalLandMono-Regular.otf
16:16:20.134 [FXGL Background Thread 4 ] DEBUG FXGLAssetLoaderServi - Loading from file system: jar:file:///C:/Users/ryles/.m2/repository/com/github/almasb/fxgl/25/fxgl-25.jar!/fxglassets/ui/fonts/Courier-Prime.ttf
16:16:20.139 [JavaFX Application Thread] DEBUG FXGLAssetLoaderServi - Loading from file system: jar:file:///C:/Users/ryles/.m2/repository/com/github/almasb/fxgl/25/fxgl-25.jar!/fxglassets/textures/fxgl_default_cursor.png
16:16:20.141 [JavaFX Application Thread] DEBUG Input                - Registered new binding: Screenshot - CTRL+8
16:16:20.142 [JavaFX Application Thread] DEBUG Input                - Registered new binding: System info dump - CTRL+9
16:16:20.143 [JavaFX Application Thread] DEBUG Input                - Registered new binding: Restart - CTRL+R
16:16:20.144 [JavaFX Application Thread] DEBUG Input                - Registered new binding: Toggle Debug Camera - CTRL+7
16:16:20.147 [JavaFX Application Thread] DEBUG LoopRunner           - Starting loop
16:16:20.148 [JavaFX Application Thread] DEBUG LoopRunner           - Initializing JavaFX AnimationTimerLoop
16:16:20.149 [JavaFX Application Thread] DEBUG Input                - Clearing active input actions
16:16:20.159 [JavaFX Application Thread] DEBUG GameApplicationServi - Removing overlay from FXGLStartupScene and adding to FXGLMainMenuDummyScene
16:16:20.159 [JavaFX Application Thread] DEBUG PrimaryStageWindow   - FXGLStartupScene -> FXGLMainMenuDummyScene
16:16:20.159 [JavaFX Application Thread] DEBUG PrimaryStageWindow   - Push state: MenuInterface
16:16:20.159 [JavaFX Application Thread] DEBUG Input                - Clearing active input actions
16:16:20.169 [JavaFX Application Thread] DEBUG GameApplicationServi - Removing overlay from FXGLMainMenuDummyScene and adding to MenuInterface
16:16:20.169 [JavaFX Application Thread] DEBUG PrimaryStageWindow   - FXGLMainMenuDummyScene -> MenuInterface
16:16:20.332 [JavaFX Application Thread] DEBUG FXGLApplication      - Registering font factories with UI factory
16:16:21.336 [JavaFX Application Thread] DEBUG GameApplicationServi - Starting new game
16:16:21.336 [JavaFX Application Thread] DEBUG PrimaryStageWindow   - Pop state: MenuInterface
16:16:21.336 [JavaFX Application Thread] DEBUG Input                - Clearing active input actions
16:16:21.337 [JavaFX Application Thread] DEBUG GameApplicationServi - Removing overlay from MenuInterface and adding to FXGLMainMenuDummyScene
16:16:21.337 [JavaFX Application Thread] DEBUG PrimaryStageWindow   - FXGLMainMenuDummyScene <- MenuInterface
16:16:21.337 [JavaFX Application Thread] DEBUG Input                - Clearing active input actions
16:16:21.342 [JavaFX Application Thread] DEBUG GameApplicationServi - Removing overlay from FXGLMainMenuDummyScene and adding to LoadingInterface
16:16:21.342 [JavaFX Application Thread] DEBUG PrimaryStageWindow   - FXGLMainMenuDummyScene -> LoadingInterface
16:16:21.342 [JavaFX Application Thread] DEBUG GameApplicationServi - Clearing previous game
16:16:21.342 [JavaFX Application Thread] DEBUG GameScene            - Clearing game scene
16:16:21.342 [JavaFX Application Thread] DEBUG GameWorld            - Clearing game world
16:16:21.342 [JavaFX Application Thread] DEBUG PhysicsWorld         - Clearing physics world
16:16:21.343 [FXGL Background Thread 2 ] DEBUG FXGLApplication      - Initializing game
16:16:21.376 [FXGL Background Thread 2 ] DEBUG FXGLAssetLoaderServi - Loading from file system: file:/C:/Users/ryles/Downloads/ComProg_Project/target/classes/assets/textures/idle_sprite.png
16:16:21.390 [FXGL Background Thread 2 ] DEBUG FXGLAssetLoaderServi - Loading from file system: file:/C:/Users/ryles/Downloads/ComProg_Project/target/classes/assets/textures/bullet_HUD_selection.png
16:16:21.397 [FXGL Background Thread 2 ] DEBUG FXGLAssetLoaderServi - Loading from file system: file:/C:/Users/ryles/Downloads/ComProg_Project/target/classes/assets/music/main_music.wav
16:16:21.504 [FXGL Background Thread 2 ] DEBUG AudioPlayer          - Playing music com.almasb.fxgl.audio.Music@217b287c
16:16:21.519 [FXGL Background Thread 2 ] DEBUG FXGLAssetLoaderServi - Loading from file system: file:/C:/Users/ryles/Downloads/ComProg_Project/target/classes/assets/textures/lives_09.png
16:16:21.524 [FXGL Background Thread 2 ] INFO  FXGLApplication      - Game initialization took: 0.181 sec
16:16:21.531 [JavaFX Application Thread] DEBUG Input                - Clearing active input actions
16:16:21.536 [JavaFX Application Thread] DEBUG GameApplicationServi - Removing overlay from LoadingInterface and adding to GameScene
16:16:21.536 [JavaFX Application Thread] DEBUG PrimaryStageWindow   - LoadingInterface -> GameScene
16:16:22.242 [JavaFX Application Thread] DEBUG FXGLAssetLoaderServi - Loading from file system: file:/C:/Users/ryles/Downloads/ComProg_Project/target/classes/assets/textures/enemy_sprite.png
16:16:22.251 [JavaFX Application Thread] DEBUG FXGLAssetLoaderServi - Loading from file system: file:/C:/Users/ryles/Downloads/ComProg_Project/target/classes/assets/textures/explosion_sprite.png
16:16:23.042 [JavaFX Application Thread] DEBUG FXGLAssetLoaderServi - Loading from file system: file:/C:/Users/ryles/Downloads/ComProg_Project/target/classes/assets/textures/bullet_sprite.png
16:16:23.091 [FXGL Background Thread 3 ] DEBUG Engine               - Logging environment variables
16:16:23.091 [FXGL Background Thread 3 ] DEBUG Engine               - achievements: []
16:16:23.091 [FXGL Background Thread 3 ] DEBUG Engine               - actualHeight: 720.0
16:16:23.091 [FXGL Background Thread 3 ] DEBUG Engine               - actualHeightProperty: ReadOnlyDoubleProperty [value: 720.0]
16:16:23.091 [FXGL Background Thread 3 ] DEBUG Engine               - actualWidth: 1280.0
16:16:23.092 [FXGL Background Thread 3 ] DEBUG Engine               - actualWidthProperty: ReadOnlyDoubleProperty [value: 1280.0]
16:16:23.092 [FXGL Background Thread 3 ] DEBUG Engine               - appIcon: fxgl_icon.png
16:16:23.092 [FXGL Background Thread 3 ] DEBUG Engine               - applicationMode: DEVELOPER
16:16:23.092 [FXGL Background Thread 3 ] DEBUG Engine               - cSSList: [fxgl_dark.css]
16:16:23.092 [FXGL Background Thread 3 ] DEBUG Engine               - collisionDetectionStrategy: BRUTE_FORCE
16:16:23.092 [FXGL Background Thread 3 ] DEBUG Engine               - configClass: Optional.empty
16:16:23.092 [FXGL Background Thread 3 ] DEBUG Engine               - credits: []
16:16:23.092 [FXGL Background Thread 3 ] DEBUG Engine               - defaultCursor: CursorInfo(imageName=fxgl_default_cursor.png, hotspotX=7.0, hotspotY=6.0)
16:16:23.092 [FXGL Background Thread 3 ] DEBUG Engine               - devBBoxColorProperty: ObjectProperty [value: 0xff0000ff]
16:16:23.092 [FXGL Background Thread 3 ] DEBUG Engine               - devEnableDebugCameraProperty: BooleanProperty [value: false]
16:16:23.092 [FXGL Background Thread 3 ] DEBUG Engine               - devSensorColorProperty: ObjectProperty [value: 0xffff00ff]
16:16:23.092 [FXGL Background Thread 3 ] DEBUG Engine               - devShowBBoxProperty: BooleanProperty [value: false]
16:16:23.092 [FXGL Background Thread 3 ] DEBUG Engine               - devShowPositionProperty: BooleanProperty [value: false]
16:16:23.092 [FXGL Background Thread 3 ] DEBUG Engine               - enabledMenuItems: []
16:16:23.092 [FXGL Background Thread 3 ] DEBUG Engine               - engineServices: [class com.almasb.fxgl.app.services.FXGLAssetLoaderService, class com.almasb.fxgl.app.FXGLApplication$GameApplicationService, class com.almasb.fxgl.app.services.FXGLDialogService, class com.almasb.fxgl.app.services.IOTaskExecutorService, class com.almasb.fxgl.io.FileSystemService, class com.almasb.fxgl.localization.LocalizationService, class com.almasb.fxgl.app.services.SystemBundleService, class com.almasb.fxgl.profile.SaveLoadService, class com.almasb.fxgl.ui.FXGLUIFactoryServiceProvider, class com.almasb.fxgl.ui.FXGLDialogFactoryServiceProvider, class com.almasb.fxgl.audio.AudioPlayer, class com.almasb.fxgl.notification.impl.NotificationServiceProvider, class com.almasb.fxgl.achievement.AchievementService, class com.almasb.fxgl.cutscene.CutsceneService, class com.almasb.fxgl.minigames.MiniGameService, class com.almasb.fxgl.net.NetService, class com.almasb.fxgl.app.services.UpdaterService, class com.almasb.fxgl.dev.DevService]
16:16:23.093 [FXGL Background Thread 3 ] DEBUG Engine               - fontGame: Abel-Regular.ttf
16:16:23.093 [FXGL Background Thread 3 ] DEBUG Engine               - fontMono: TerminalLandMono-Regular.otf
16:16:23.093 [FXGL Background Thread 3 ] DEBUG Engine               - fontSizeScaleUI: 1.0
16:16:23.093 [FXGL Background Thread 3 ] DEBUG Engine               - fontText: Courier-Prime.ttf
16:16:23.093 [FXGL Background Thread 3 ] DEBUG Engine               - fontUI: VarelaRound-Regular.ttf
16:16:23.093 [FXGL Background Thread 3 ] DEBUG Engine               - fpsRefreshRate: 500.0 ms
16:16:23.093 [FXGL Background Thread 3 ] DEBUG Engine               - fullScreen: BooleanProperty [value: false]
16:16:23.093 [FXGL Background Thread 3 ] DEBUG Engine               - gameDifficulty: MEDIUM
16:16:23.093 [FXGL Background Thread 3 ] DEBUG Engine               - gameDifficultyProperty: ObjectProperty [value: MEDIUM]
16:16:23.093 [FXGL Background Thread 3 ] DEBUG Engine               - globalMusicVolume: 0.5
16:16:23.093 [FXGL Background Thread 3 ] DEBUG Engine               - globalMusicVolumeProperty: DoubleProperty [value: 0.5]
16:16:23.093 [FXGL Background Thread 3 ] DEBUG Engine               - globalSoundVolume: 0.5
16:16:23.093 [FXGL Background Thread 3 ] DEBUG Engine               - globalSoundVolumeProperty: DoubleProperty [value: 0.5]
16:16:23.093 [FXGL Background Thread 3 ] DEBUG Engine               - height: 720
16:16:23.093 [FXGL Background Thread 3 ] DEBUG Engine               - is3D: false
16:16:23.094 [FXGL Background Thread 3 ] DEBUG Engine               - isAndroid: false
16:16:23.094 [FXGL Background Thread 3 ] DEBUG Engine               - isBrowser: false
16:16:23.094 [FXGL Background Thread 3 ] DEBUG Engine               - isClickFeedbackEnabled: false
16:16:23.094 [FXGL Background Thread 3 ] DEBUG Engine               - isCloseConfirmation: false
16:16:23.094 [FXGL Background Thread 3 ] DEBUG Engine               - isDesktop: true
16:16:23.094 [FXGL Background Thread 3 ] DEBUG Engine               - isDeveloperMenuEnabled: false
16:16:23.094 [FXGL Background Thread 3 ] DEBUG Engine               - isEmbedded: false
16:16:23.094 [FXGL Background Thread 3 ] DEBUG Engine               - isEntityPreloadEnabled: true
16:16:23.094 [FXGL Background Thread 3 ] DEBUG Engine               - isExperimentalTiledLargeMap: false
16:16:23.094 [FXGL Background Thread 3 ] DEBUG Engine               - isFileSystemWriteAllowed: true
16:16:23.094 [FXGL Background Thread 3 ] DEBUG Engine               - isFullScreenAllowed: false
16:16:23.094 [FXGL Background Thread 3 ] DEBUG Engine               - isFullScreenFromStart: false
16:16:23.094 [FXGL Background Thread 3 ] DEBUG Engine               - isGameMenuEnabled: true
16:16:23.094 [FXGL Background Thread 3 ] DEBUG Engine               - isIOS: false
16:16:23.095 [FXGL Background Thread 3 ] DEBUG Engine               - isIntroEnabled: false
16:16:23.095 [FXGL Background Thread 3 ] DEBUG Engine               - isLinux: false
16:16:23.095 [FXGL Background Thread 3 ] DEBUG Engine               - isMac: false
16:16:23.095 [FXGL Background Thread 3 ] DEBUG Engine               - isMainMenuEnabled: true
16:16:23.095 [FXGL Background Thread 3 ] DEBUG Engine               - isManualResizeEnabled: false
16:16:23.095 [FXGL Background Thread 3 ] DEBUG Engine               - isMobile: false
16:16:23.095 [FXGL Background Thread 3 ] DEBUG Engine               - isNative: false
16:16:23.095 [FXGL Background Thread 3 ] DEBUG Engine               - isPauseMusicWhenMinimized: true
16:16:23.095 [FXGL Background Thread 3 ] DEBUG Engine               - isPreserveResizeRatio: false
16:16:23.095 [FXGL Background Thread 3 ] DEBUG Engine               - isProfilingEnabled: false
16:16:23.095 [FXGL Background Thread 3 ] DEBUG Engine               - isScaleAffectedOnResize: true
16:16:23.095 [FXGL Background Thread 3 ] DEBUG Engine               - isSingleStep: false
16:16:23.095 [FXGL Background Thread 3 ] DEBUG Engine               - isUserProfileEnabled: false
16:16:23.095 [FXGL Background Thread 3 ] DEBUG Engine               - isWindows: true
16:16:23.095 [FXGL Background Thread 3 ] DEBUG Engine               - language: ObjectProperty [value: ENGLISH]
16:16:23.095 [FXGL Background Thread 3 ] DEBUG Engine               - menuKey: ESCAPE
16:16:23.095 [FXGL Background Thread 3 ] DEBUG Engine               - mouseSensitivity: 0.2
16:16:23.095 [FXGL Background Thread 3 ] DEBUG Engine               - notificationViewClass: class com.almasb.fxgl.notification.view.XboxNotificationView
16:16:23.095 [FXGL Background Thread 3 ] DEBUG Engine               - pixelsPerMeter: 50.0
16:16:23.095 [FXGL Background Thread 3 ] DEBUG Engine               - platform: WINDOWS
16:16:23.095 [FXGL Background Thread 3 ] DEBUG Engine               - prefHeightProperty: ReadOnlyDoubleProperty [value: 720.0]
16:16:23.095 [FXGL Background Thread 3 ] DEBUG Engine               - prefWidthProperty: ReadOnlyDoubleProperty [value: 1280.0]
16:16:23.095 [FXGL Background Thread 3 ] DEBUG Engine               - profileDir: profiles/
16:16:23.095 [FXGL Background Thread 3 ] DEBUG Engine               - profileName: StringProperty [value: DEFAULT]
16:16:23.095 [FXGL Background Thread 3 ] DEBUG Engine               - randomSeed: -1
16:16:23.096 [FXGL Background Thread 3 ] DEBUG Engine               - runtimeInfo: RuntimeInfo(platform=WINDOWS, version=25, build=05.02.2026 22.57)
16:16:23.096 [FXGL Background Thread 3 ] DEBUG Engine               - saveFileExt: sav
16:16:23.096 [FXGL Background Thread 3 ] DEBUG Engine               - scaledHeightProp$fxgl: DoubleProperty [bound, value: 720.0]
16:16:23.096 [FXGL Background Thread 3 ] DEBUG Engine               - scaledWidthProp$fxgl: DoubleProperty [bound, value: 1280.0]
16:16:23.096 [FXGL Background Thread 3 ] DEBUG Engine               - sceneFactory: org.group1.GamePackage.Factory.MainSceneFactory@2f1079e4
16:16:23.096 [FXGL Background Thread 3 ] DEBUG Engine               - secondsIn24h: 60
16:16:23.096 [FXGL Background Thread 3 ] DEBUG Engine               - soundMenuBack: menu/back.wav
16:16:23.096 [FXGL Background Thread 3 ] DEBUG Engine               - soundMenuPress: menu/press.wav
16:16:23.096 [FXGL Background Thread 3 ] DEBUG Engine               - soundMenuSelect: menu/select.wav
16:16:23.096 [FXGL Background Thread 3 ] DEBUG Engine               - soundNotification: core/notification.wav
16:16:23.096 [FXGL Background Thread 3 ] DEBUG Engine               - stageStyle: DECORATED
16:16:23.096 [FXGL Background Thread 3 ] DEBUG Engine               - supportedLanguages: [ENGLISH, FRENCH, GERMAN, HUNGARIAN, RUSSIAN]
16:16:23.096 [FXGL Background Thread 3 ] DEBUG Engine               - ticksPerSecond: -1
16:16:23.096 [FXGL Background Thread 3 ] DEBUG Engine               - title: Untitled
16:16:23.096 [FXGL Background Thread 3 ] DEBUG Engine               - urlGithub: https://github.com/AlmasB/FXGL
16:16:23.096 [FXGL Background Thread 3 ] DEBUG Engine               - urlLeaderboard: http://fxgl-top.herokuapp.com/
16:16:23.096 [FXGL Background Thread 3 ] DEBUG Engine               - urlPOM: https://raw.githubusercontent.com/AlmasB/FXGL/release/README.md
16:16:23.096 [FXGL Background Thread 3 ] DEBUG Engine               - userAppClass: class org.group1.GamePackage.Application
16:16:23.096 [FXGL Background Thread 3 ] DEBUG Engine               - version: 0.0
16:16:23.096 [FXGL Background Thread 3 ] DEBUG Engine               - versionCheckDays: 7
16:16:23.096 [FXGL Background Thread 3 ] DEBUG Engine               - width: 1280
16:16:23.096 [FXGL Background Thread 3 ] DEBUG Engine               - Logging services
16:16:23.096 [FXGL Background Thread 3 ] DEBUG Engine               - class com.almasb.fxgl.app.services.FXGLAssetLoaderService
16:16:23.096 [FXGL Background Thread 3 ] DEBUG Engine               - class com.almasb.fxgl.app.FXGLApplication$GameApplicationService
16:16:23.096 [FXGL Background Thread 3 ] DEBUG Engine               - class com.almasb.fxgl.app.services.FXGLDialogService
16:16:23.097 [FXGL Background Thread 3 ] DEBUG Engine               - class com.almasb.fxgl.app.services.IOTaskExecutorService
16:16:23.097 [FXGL Background Thread 3 ] DEBUG Engine               - class com.almasb.fxgl.io.FileSystemService
16:16:23.097 [FXGL Background Thread 3 ] DEBUG Engine               - class com.almasb.fxgl.localization.LocalizationService
16:16:23.097 [FXGL Background Thread 3 ] DEBUG Engine               - class com.almasb.fxgl.app.services.SystemBundleService
16:16:23.097 [FXGL Background Thread 3 ] DEBUG Engine               - class com.almasb.fxgl.profile.SaveLoadService
16:16:23.097 [FXGL Background Thread 3 ] DEBUG Engine               - class com.almasb.fxgl.ui.FXGLUIFactoryServiceProvider
16:16:23.097 [FXGL Background Thread 3 ] DEBUG Engine               - class com.almasb.fxgl.ui.FXGLDialogFactoryServiceProvider
16:16:23.097 [FXGL Background Thread 3 ] DEBUG Engine               - class com.almasb.fxgl.audio.AudioPlayer
16:16:23.097 [FXGL Background Thread 3 ] DEBUG Engine               - class com.almasb.fxgl.notification.impl.NotificationServiceProvider
16:16:23.097 [FXGL Background Thread 3 ] DEBUG Engine               - class com.almasb.fxgl.achievement.AchievementService
16:16:23.097 [FXGL Background Thread 3 ] DEBUG Engine               - class com.almasb.fxgl.cutscene.CutsceneService
16:16:23.097 [FXGL Background Thread 3 ] DEBUG Engine               - class com.almasb.fxgl.minigames.MiniGameService
16:16:23.097 [FXGL Background Thread 3 ] DEBUG Engine               - class com.almasb.fxgl.net.NetService
16:16:23.097 [FXGL Background Thread 3 ] DEBUG Engine               - class com.almasb.fxgl.app.services.UpdaterService
16:16:23.097 [FXGL Background Thread 3 ] DEBUG Engine               - class com.almasb.fxgl.dev.DevService
16:16:25.848 [JavaFX Application Thread] DEBUG FXGLAssetLoaderServi - Loading from file system: file:/C:/Users/ryles/Downloads/ComProg_Project/target/classes/assets/sounds/death_sound.wav
16:16:31.539 [JavaFX Application Thread] DEBUG FXGLAssetLoaderServi - Loading from file system: file:/C:/Users/ryles/Downloads/ComProg_Project/target/classes/assets/textures/boss_idle_sprite.png
16:16:31.562 [JavaFX Application Thread] DEBUG FXGLAssetLoaderServi - Loading from file system: file:/C:/Users/ryles/Downloads/ComProg_Project/target/classes/assets/textures/boss_charging_sprite.png
16:16:31.609 [JavaFX Application Thread] DEBUG FXGLAssetLoaderServi - Loading from file system: file:/C:/Users/ryles/Downloads/ComProg_Project/target/classes/assets/textures/boss_recovering_sprite.png
16:16:31.637 [JavaFX Application Thread] DEBUG FXGLAssetLoaderServi - Loading from file system: file:/C:/Users/ryles/Downloads/ComProg_Project/target/classes/assets/textures/boss_death.png
16:16:33.651 [JavaFX Application Thread] DEBUG FXGLAssetLoaderServi - Loading from file system: file:/C:/Users/ryles/Downloads/ComProg_Project/target/classes/assets/textures/ice_potion_sprite.png
16:16:37.057 [JavaFX Application Thread] DEBUG FXGLAssetLoaderServi - Loading from file system: file:/C:/Users/ryles/Downloads/ComProg_Project/target/classes/assets/sounds/potion_drink.wav
16:16:39.378 [JavaFX Application Thread] DEBUG FXGLAssetLoaderServi - Loading from file system: file:/C:/Users/ryles/Downloads/ComProg_Project/target/classes/assets/textures/fire_potion_sprite.png
16:16:41.298 [JavaFX Application Thread] DEBUG FXGLAssetLoaderServi - Loading from file system: file:/C:/Users/ryles/Downloads/ComProg_Project/target/classes/assets/textures/heart_sprite.png
16:16:41.313 [JavaFX Application Thread] DEBUG FXGLAssetLoaderServi - Loading from file system: file:/C:/Users/ryles/Downloads/ComProg_Project/target/classes/assets/textures/heart_explode_sprite.png
16:16:42.108 [JavaFX Application Thread] DEBUG FXGLAssetLoaderServi - Loading from file system: file:/C:/Users/ryles/Downloads/ComProg_Project/target/classes/assets/textures/boost_sprite.png
16:16:42.112 [JavaFX Application Thread] DEBUG FXGLAssetLoaderServi - Loading from file system: file:/C:/Users/ryles/Downloads/ComProg_Project/target/classes/assets/textures/boost_explode.png
16:16:43.261 [JavaFX Application Thread] DEBUG FXGLAssetLoaderServi - Loading from file system: file:/C:/Users/ryles/Downloads/ComProg_Project/target/classes/assets/sounds/boost.wav
16:16:44.112 [JavaFX Application Thread] DEBUG FXGLAssetLoaderServi - Loading from file system: file:/C:/Users/ryles/Downloads/ComProg_Project/target/classes/assets/sounds/heart_gain.wav
16:16:52.435 [JavaFX Application Thread] DEBUG FXGLAssetLoaderServi - Loading from file system: file:/C:/Users/ryles/Downloads/ComProg_Project/target/classes/assets/textures/laser_sprite.png
16:17:13.868 [JavaFX Application Thread] DEBUG FXGLApplication      - Exiting FXGL
16:17:13.868 [JavaFX Application Thread] DEBUG LoopRunner           - Stopping loop
16:17:13.868 [JavaFX Application Thread] DEBUG SystemBundleService  - Saving FXGL system data
16:17:13.871 [JavaFX Application Thread] DEBUG FileSystemAccess     - Writing to: C:\Users\ryles\Downloads\ComProg_Project\system\fxgl.bundle
16:17:13.874 [JavaFX Application Thread] DEBUG Async                - Shutting down background threads
16:17:13.874 [JavaFX Application Thread] DEBUG PrimaryStageWindow   - Closing main window
16:17:13.904 [JavaFX Application Thread] DEBUG Logger               - Closing Logger
