13:16:56.619 [main                     ] DEBUG Logger               - Configured Logger
13:16:56.624 [main                     ] DEBUG GameApplication      - Logging settings
Title: Untitled
Version: 0.0
Width: 1280
Height: 720
Fullscreen: false
Intro: false
Profiling: false
Single step:false
App Mode: DEVELOPER
Menu Key: ESCAPE
Stage Style: DECORATED
Scene Factory: class org.group1.GamePackage.Factory.MainSceneFactory

13:16:57.121 [JavaFX Application Thread] DEBUG FXGLApplication      - Initializing FXGL
13:16:57.123 [JavaFX Application Thread] INFO  Engine               - FXGL-25 (05.02.2026 22.57) on WINDOWS (J:25.0.2 FX:21.0.6)
13:16:57.123 [JavaFX Application Thread] DEBUG Engine               - JRE Vendor Name: Oracle Corporation
13:16:57.123 [JavaFX Application Thread] DEBUG Engine               - Running on OS: Windows 11 version 10.0
13:16:57.123 [JavaFX Application Thread] DEBUG Engine               - Architecture: amd64
13:16:57.123 [JavaFX Application Thread] INFO  Engine               - Source code and latest versions at: https://github.com/AlmasB/FXGL
13:16:57.123 [JavaFX Application Thread] INFO  Engine               -       Ask questions and discuss at: https://github.com/AlmasB/FXGL/discussions
13:16:57.181 [JavaFX Application Thread] DEBUG PrimaryStageWindow   - Creating a JavaFX scene
13:16:57.208 [JavaFX Application Thread] DEBUG PrimaryStageWindow   - Target settings size: 1280.0 x 720.0
13:16:57.208 [JavaFX Application Thread] DEBUG PrimaryStageWindow   - Scaled scene size:    1280.0 x 720.0
13:16:57.210 [JavaFX Application Thread] DEBUG PrimaryStageWindow   - Scaled ratio: (1.0, 1.0)
13:16:57.210 [JavaFX Application Thread] DEBUG PrimaryStageWindow   - Set initial scene to FXGLStartupScene
13:16:57.212 [JavaFX Application Thread] DEBUG PrimaryStageWindow   - Opening main window
13:16:57.315 [JavaFX Application Thread] DEBUG PrimaryStageWindow   - Window border size: (16.0, 39.0)
13:16:57.315 [JavaFX Application Thread] DEBUG PrimaryStageWindow   - Scaled size: 1280.0 x 720.0
13:16:57.315 [JavaFX Application Thread] DEBUG PrimaryStageWindow   - Scaled ratio: (1.0, 1.0)
13:16:57.315 [JavaFX Application Thread] DEBUG PrimaryStageWindow   - Scene size: 1280.0 x 720.0
13:16:57.315 [JavaFX Application Thread] DEBUG PrimaryStageWindow   - Stage size: 1296.0 x 759.0
13:16:57.320 [FXGL Background Thread 1 ] DEBUG Engine               - Initializing environment variables
13:16:57.365 [FXGL Background Thread 1 ] DEBUG FXGLAssetLoaderServi - User app class for loading assets: class org.group1.GamePackage.Application
13:16:57.365 [FXGL Background Thread 1 ] DEBUG GameApplicationServi - Applying CSS: fxgl_dark.css
13:16:57.366 [FXGL Background Thread 1 ] DEBUG FXGLAssetLoaderServi - Loading from file system: jar:file:///C:/Users/Wren/.m2/repository/com/github/almasb/fxgl/25/fxgl-25.jar!/fxglassets/ui/css/fxgl_dark.css
13:16:57.398 [FXGL Background Thread 1 ] DEBUG GameApplicationServi - Initializing application scenes
13:16:57.402 [FXGL Background Thread 1 ] DEBUG FXGLAssetLoaderServi - Loading from file system: file:/C:/Users/Wren/IdeaProjects/GameGame/target/classes/assets/textures/background.png
13:16:57.503 [FXGL Background Thread 1 ] DEBUG FXGLAssetLoaderServi - Loading from file system: file:/C:/Users/Wren/IdeaProjects/GameGame/target/classes/assets/textures/background_stars1.png
13:16:57.542 [FXGL Background Thread 1 ] DEBUG FXGLAssetLoaderServi - Loading from file system: file:/C:/Users/Wren/IdeaProjects/GameGame/target/classes/assets/textures/background_stars2.png
13:16:57.592 [FXGL Background Thread 1 ] DEBUG FXGLAssetLoaderServi - Loading from file system: file:/C:/Users/Wren/IdeaProjects/GameGame/target/classes/assets/textures/background_stars3.png
13:16:57.618 [FXGL Background Thread 1 ] DEBUG FXGLAssetLoaderServi - Loading from file system: file:/C:/Users/Wren/IdeaProjects/GameGame/target/classes/assets/textures/background_cloud1.png
13:16:57.625 [FXGL Background Thread 1 ] DEBUG FXGLAssetLoaderServi - Loading from file system: file:/C:/Users/Wren/IdeaProjects/GameGame/target/classes/assets/textures/background_cloud2.png
13:16:57.638 [FXGL Background Thread 1 ] DEBUG FXGLAssetLoaderServi - Loading from file system: file:/C:/Users/Wren/IdeaProjects/GameGame/target/classes/assets/textures/background_mist1.png
13:16:57.648 [FXGL Background Thread 1 ] DEBUG FXGLAssetLoaderServi - Loading from file system: file:/C:/Users/Wren/IdeaProjects/GameGame/target/classes/assets/textures/background_hills.png
13:16:57.671 [FXGL Background Thread 1 ] DEBUG FXGLAssetLoaderServi - Loading from file system: file:/C:/Users/Wren/IdeaProjects/GameGame/target/classes/assets/textures/background_forest.png
13:16:57.681 [FXGL Background Thread 1 ] DEBUG FXGLAssetLoaderServi - Loading from file system: file:/C:/Users/Wren/IdeaProjects/GameGame/target/classes/assets/textures/background_large_forest.png
13:16:57.738 [FXGL Background Thread 1 ] DEBUG GameWorld            - Game world initialized
13:16:57.770 [FXGL Background Thread 1 ] DEBUG PhysicsWorld         - Physics world initialized: appHeight=720, physics.ppm=50.0
13:16:57.770 [FXGL Background Thread 1 ] DEBUG PhysicsWorld         - Using strategy: BRUTE_FORCE
13:16:57.774 [FXGL Background Thread 1 ] DEBUG GameScene            - Game scene initialized: 1280x720
13:16:57.854 [FXGL Background Thread 1 ] DEBUG GameApplicationServi - Application scenes initialized
13:16:57.860 [FXGL Background Thread 1 ] DEBUG SystemBundleService  - Loading FXGL system data
13:16:57.861 [FXGL Background Thread 1 ] DEBUG FileSystemAccess     - Reading from: C:\Users\Wren\IdeaProjects\GameGame\system\fxgl.bundle
13:16:57.863 [FXGL Background Thread 1 ] DEBUG SystemBundleService  - Bundle FXGL: {}
13:16:57.863 [FXGL Background Thread 1 ] DEBUG UpdaterService       - Checking for updates
13:16:57.867 [FXGL Background Thread 4 ] DEBUG FXGLApplication      - Loading fonts
13:16:57.867 [FXGL Background Thread 1 ] DEBUG FXGLApplication      - Loading default localization
13:16:57.867 [FXGL Background Thread 4 ] DEBUG FXGLAssetLoaderServi - Loading from file system: jar:file:///C:/Users/Wren/.m2/repository/com/github/almasb/fxgl/25/fxgl-25.jar!/fxglassets/ui/fonts/VarelaRound-Regular.ttf
13:16:57.868 [FXGL Background Thread 1 ] DEBUG FXGLAssetLoaderServi - Loading from file system: jar:file:///C:/Users/Wren/.m2/repository/com/github/almasb/fxgl/25/fxgl-25.jar!/fxglassets/languages/english.lang
13:16:57.881 [FXGL Background Thread 4 ] DEBUG FXGLAssetLoaderServi - Loading from file system: jar:file:///C:/Users/Wren/.m2/repository/com/github/almasb/fxgl/25/fxgl-25.jar!/fxglassets/ui/fonts/Abel-Regular.ttf
13:16:57.882 [FXGL Background Thread 1 ] INFO  FXGLApplication      - FXGL initialization took: 0.562 sec
13:16:57.885 [FXGL Background Thread 4 ] DEBUG FXGLAssetLoaderServi - Loading from file system: jar:file:///C:/Users/Wren/.m2/repository/com/github/almasb/fxgl/25/fxgl-25.jar!/fxglassets/ui/fonts/TerminalLandMono-Regular.otf
13:16:57.889 [FXGL Background Thread 4 ] DEBUG FXGLAssetLoaderServi - Loading from file system: jar:file:///C:/Users/Wren/.m2/repository/com/github/almasb/fxgl/25/fxgl-25.jar!/fxglassets/ui/fonts/Courier-Prime.ttf
13:16:57.892 [JavaFX Application Thread] DEBUG Input                - Registered new binding: Move left - A
13:16:57.892 [JavaFX Application Thread] DEBUG Input                - Registered new binding: Move right - D
13:16:57.892 [JavaFX Application Thread] DEBUG Input                - Registered new binding: Move down - S
13:16:57.892 [JavaFX Application Thread] DEBUG Input                - Registered new binding: Move up - W
13:16:57.893 [JavaFX Application Thread] DEBUG Input                - Registered new binding: Shoot - Space
13:16:57.893 [JavaFX Application Thread] DEBUG Input                - Registered new binding: Switch to Fire Bullet - Q
13:16:57.893 [JavaFX Application Thread] DEBUG Input                - Registered new binding: Switch to Ice Bullet - E
13:16:57.893 [JavaFX Application Thread] DEBUG FXGLAssetLoaderServi - Loading from file system: jar:file:///C:/Users/Wren/.m2/repository/com/github/almasb/fxgl/25/fxgl-25.jar!/fxglassets/textures/fxgl_icon.png
13:16:57.908 [JavaFX Application Thread] DEBUG FXGLAssetLoaderServi - Loading from file system: jar:file:///C:/Users/Wren/.m2/repository/com/github/almasb/fxgl/25/fxgl-25.jar!/fxglassets/textures/fxgl_default_cursor.png
13:16:57.909 [JavaFX Application Thread] DEBUG Input                - Registered new binding: Screenshot - CTRL+8
13:16:57.909 [JavaFX Application Thread] DEBUG Input                - Registered new binding: System info dump - CTRL+9
13:16:57.909 [JavaFX Application Thread] DEBUG Input                - Registered new binding: Restart - CTRL+R
13:16:57.910 [JavaFX Application Thread] DEBUG Input                - Registered new binding: Toggle Debug Camera - CTRL+7
13:16:57.912 [JavaFX Application Thread] DEBUG LoopRunner           - Starting loop
13:16:57.913 [JavaFX Application Thread] DEBUG LoopRunner           - Initializing JavaFX AnimationTimerLoop
13:16:57.915 [JavaFX Application Thread] DEBUG Input                - Clearing active input actions
13:16:57.923 [JavaFX Application Thread] DEBUG GameApplicationServi - Removing overlay from FXGLStartupScene and adding to FXGLMainMenuDummyScene
13:16:57.923 [JavaFX Application Thread] DEBUG PrimaryStageWindow   - FXGLStartupScene -> FXGLMainMenuDummyScene
13:16:57.923 [JavaFX Application Thread] DEBUG PrimaryStageWindow   - Push state: MenuInterface
13:16:57.924 [JavaFX Application Thread] DEBUG Input                - Clearing active input actions
13:16:57.934 [JavaFX Application Thread] DEBUG GameApplicationServi - Removing overlay from FXGLMainMenuDummyScene and adding to MenuInterface
13:16:57.934 [JavaFX Application Thread] DEBUG PrimaryStageWindow   - FXGLMainMenuDummyScene -> MenuInterface
13:16:57.937 [JavaFX Application Thread] DEBUG FXGLApplication      - Registering font factories with UI factory
13:17:00.866 [FXGL Background Thread 3 ] DEBUG Engine               - Logging environment variables
13:17:00.866 [FXGL Background Thread 3 ] DEBUG Engine               - achievements: []
13:17:00.866 [FXGL Background Thread 3 ] DEBUG Engine               - actualHeight: 720.0
13:17:00.866 [FXGL Background Thread 3 ] DEBUG Engine               - actualHeightProperty: ReadOnlyDoubleProperty [value: 720.0]
13:17:00.866 [FXGL Background Thread 3 ] DEBUG Engine               - actualWidth: 1280.0
13:17:00.866 [FXGL Background Thread 3 ] DEBUG Engine               - actualWidthProperty: ReadOnlyDoubleProperty [value: 1280.0]
13:17:00.866 [FXGL Background Thread 3 ] DEBUG Engine               - appIcon: fxgl_icon.png
13:17:00.866 [FXGL Background Thread 3 ] DEBUG Engine               - applicationMode: DEVELOPER
13:17:00.867 [FXGL Background Thread 3 ] DEBUG Engine               - cSSList: [fxgl_dark.css]
13:17:00.867 [FXGL Background Thread 3 ] DEBUG Engine               - collisionDetectionStrategy: BRUTE_FORCE
13:17:00.867 [FXGL Background Thread 3 ] DEBUG Engine               - configClass: Optional.empty
13:17:00.867 [FXGL Background Thread 3 ] DEBUG Engine               - credits: []
13:17:00.868 [FXGL Background Thread 3 ] DEBUG Engine               - defaultCursor: CursorInfo(imageName=fxgl_default_cursor.png, hotspotX=7.0, hotspotY=6.0)
13:17:00.868 [FXGL Background Thread 3 ] DEBUG Engine               - devBBoxColorProperty: ObjectProperty [value: 0xff0000ff]
13:17:00.868 [FXGL Background Thread 3 ] DEBUG Engine               - devEnableDebugCameraProperty: BooleanProperty [value: false]
13:17:00.868 [FXGL Background Thread 3 ] DEBUG Engine               - devSensorColorProperty: ObjectProperty [value: 0xffff00ff]
13:17:00.868 [FXGL Background Thread 3 ] DEBUG Engine               - devShowBBoxProperty: BooleanProperty [value: false]
13:17:00.868 [FXGL Background Thread 3 ] DEBUG Engine               - devShowPositionProperty: BooleanProperty [value: false]
13:17:00.868 [FXGL Background Thread 3 ] DEBUG Engine               - enabledMenuItems: []
13:17:00.868 [FXGL Background Thread 3 ] DEBUG Engine               - engineServices: [class com.almasb.fxgl.app.services.FXGLAssetLoaderService, class com.almasb.fxgl.app.FXGLApplication$GameApplicationService, class com.almasb.fxgl.app.services.FXGLDialogService, class com.almasb.fxgl.app.services.IOTaskExecutorService, class com.almasb.fxgl.io.FileSystemService, class com.almasb.fxgl.localization.LocalizationService, class com.almasb.fxgl.app.services.SystemBundleService, class com.almasb.fxgl.profile.SaveLoadService, class com.almasb.fxgl.ui.FXGLUIFactoryServiceProvider, class com.almasb.fxgl.ui.FXGLDialogFactoryServiceProvider, class com.almasb.fxgl.audio.AudioPlayer, class com.almasb.fxgl.notification.impl.NotificationServiceProvider, class com.almasb.fxgl.achievement.AchievementService, class com.almasb.fxgl.cutscene.CutsceneService, class com.almasb.fxgl.minigames.MiniGameService, class com.almasb.fxgl.net.NetService, class com.almasb.fxgl.app.services.UpdaterService, class com.almasb.fxgl.dev.DevService]
13:17:00.868 [FXGL Background Thread 3 ] DEBUG Engine               - fontGame: Abel-Regular.ttf
13:17:00.869 [FXGL Background Thread 3 ] DEBUG Engine               - fontMono: TerminalLandMono-Regular.otf
13:17:00.869 [FXGL Background Thread 3 ] DEBUG Engine               - fontSizeScaleUI: 1.0
13:17:00.869 [FXGL Background Thread 3 ] DEBUG Engine               - fontText: Courier-Prime.ttf
13:17:00.869 [FXGL Background Thread 3 ] DEBUG Engine               - fontUI: VarelaRound-Regular.ttf
13:17:00.869 [FXGL Background Thread 3 ] DEBUG Engine               - fpsRefreshRate: 500.0 ms
13:17:00.869 [FXGL Background Thread 3 ] DEBUG Engine               - fullScreen: BooleanProperty [value: false]
13:17:00.869 [FXGL Background Thread 3 ] DEBUG Engine               - gameDifficulty: MEDIUM
13:17:00.869 [FXGL Background Thread 3 ] DEBUG Engine               - gameDifficultyProperty: ObjectProperty [value: MEDIUM]
13:17:00.869 [FXGL Background Thread 3 ] DEBUG Engine               - globalMusicVolume: 0.5
13:17:00.869 [FXGL Background Thread 3 ] DEBUG Engine               - globalMusicVolumeProperty: DoubleProperty [value: 0.5]
13:17:00.869 [FXGL Background Thread 3 ] DEBUG Engine               - globalSoundVolume: 0.5
13:17:00.869 [FXGL Background Thread 3 ] DEBUG Engine               - globalSoundVolumeProperty: DoubleProperty [value: 0.5]
13:17:00.869 [FXGL Background Thread 3 ] DEBUG Engine               - height: 720
13:17:00.869 [FXGL Background Thread 3 ] DEBUG Engine               - is3D: false
13:17:00.869 [FXGL Background Thread 3 ] DEBUG Engine               - isAndroid: false
13:17:00.869 [FXGL Background Thread 3 ] DEBUG Engine               - isBrowser: false
13:17:00.869 [FXGL Background Thread 3 ] DEBUG Engine               - isClickFeedbackEnabled: false
13:17:00.869 [FXGL Background Thread 3 ] DEBUG Engine               - isCloseConfirmation: false
13:17:00.869 [FXGL Background Thread 3 ] DEBUG Engine               - isDesktop: true
13:17:00.869 [FXGL Background Thread 3 ] DEBUG Engine               - isDeveloperMenuEnabled: false
13:17:00.869 [FXGL Background Thread 3 ] DEBUG Engine               - isEmbedded: false
13:17:00.869 [FXGL Background Thread 3 ] DEBUG Engine               - isEntityPreloadEnabled: true
13:17:00.869 [FXGL Background Thread 3 ] DEBUG Engine               - isExperimentalTiledLargeMap: false
13:17:00.870 [FXGL Background Thread 3 ] DEBUG Engine               - isFileSystemWriteAllowed: true
13:17:00.870 [FXGL Background Thread 3 ] DEBUG Engine               - isFullScreenAllowed: false
13:17:00.870 [FXGL Background Thread 3 ] DEBUG Engine               - isFullScreenFromStart: false
13:17:00.870 [FXGL Background Thread 3 ] DEBUG Engine               - isGameMenuEnabled: true
13:17:00.870 [FXGL Background Thread 3 ] DEBUG Engine               - isIOS: false
13:17:00.870 [FXGL Background Thread 3 ] DEBUG Engine               - isIntroEnabled: false
13:17:00.870 [FXGL Background Thread 3 ] DEBUG Engine               - isLinux: false
13:17:00.870 [FXGL Background Thread 3 ] DEBUG Engine               - isMac: false
13:17:00.870 [FXGL Background Thread 3 ] DEBUG Engine               - isMainMenuEnabled: true
13:17:00.870 [FXGL Background Thread 3 ] DEBUG Engine               - isManualResizeEnabled: false
13:17:00.870 [FXGL Background Thread 3 ] DEBUG Engine               - isMobile: false
13:17:00.870 [FXGL Background Thread 3 ] DEBUG Engine               - isNative: false
13:17:00.870 [FXGL Background Thread 3 ] DEBUG Engine               - isPauseMusicWhenMinimized: true
13:17:00.870 [FXGL Background Thread 3 ] DEBUG Engine               - isPreserveResizeRatio: false
13:17:00.870 [FXGL Background Thread 3 ] DEBUG Engine               - isProfilingEnabled: false
13:17:00.870 [FXGL Background Thread 3 ] DEBUG Engine               - isScaleAffectedOnResize: true
13:17:00.870 [FXGL Background Thread 3 ] DEBUG Engine               - isSingleStep: false
13:17:00.870 [FXGL Background Thread 3 ] DEBUG Engine               - isUserProfileEnabled: false
13:17:00.870 [FXGL Background Thread 3 ] DEBUG Engine               - isWindows: true
13:17:00.870 [FXGL Background Thread 3 ] DEBUG Engine               - language: ObjectProperty [value: ENGLISH]
13:17:00.870 [FXGL Background Thread 3 ] DEBUG Engine               - menuKey: ESCAPE
13:17:00.870 [FXGL Background Thread 3 ] DEBUG Engine               - mouseSensitivity: 0.2
13:17:00.870 [FXGL Background Thread 3 ] DEBUG Engine               - notificationViewClass: class com.almasb.fxgl.notification.view.XboxNotificationView
13:17:00.870 [FXGL Background Thread 3 ] DEBUG Engine               - pixelsPerMeter: 50.0
13:17:00.870 [FXGL Background Thread 3 ] DEBUG Engine               - platform: WINDOWS
13:17:00.870 [FXGL Background Thread 3 ] DEBUG Engine               - prefHeightProperty: ReadOnlyDoubleProperty [value: 720.0]
13:17:00.870 [FXGL Background Thread 3 ] DEBUG Engine               - prefWidthProperty: ReadOnlyDoubleProperty [value: 1280.0]
13:17:00.870 [FXGL Background Thread 3 ] DEBUG Engine               - profileDir: profiles/
13:17:00.870 [FXGL Background Thread 3 ] DEBUG Engine               - profileName: StringProperty [value: DEFAULT]
13:17:00.870 [FXGL Background Thread 3 ] DEBUG Engine               - randomSeed: -1
13:17:00.870 [FXGL Background Thread 3 ] DEBUG Engine               - runtimeInfo: RuntimeInfo(platform=WINDOWS, version=25, build=05.02.2026 22.57)
13:17:00.870 [FXGL Background Thread 3 ] DEBUG Engine               - saveFileExt: sav
13:17:00.870 [FXGL Background Thread 3 ] DEBUG Engine               - scaledHeightProp$fxgl: DoubleProperty [bound, value: 720.0]
13:17:00.870 [FXGL Background Thread 3 ] DEBUG Engine               - scaledWidthProp$fxgl: DoubleProperty [bound, value: 1280.0]
13:17:00.871 [FXGL Background Thread 3 ] DEBUG Engine               - sceneFactory: org.group1.GamePackage.Factory.MainSceneFactory@6ca4b52b
13:17:00.871 [FXGL Background Thread 3 ] DEBUG Engine               - secondsIn24h: 60
13:17:00.871 [FXGL Background Thread 3 ] DEBUG Engine               - soundMenuBack: menu/back.wav
13:17:00.871 [FXGL Background Thread 3 ] DEBUG Engine               - soundMenuPress: menu/press.wav
13:17:00.871 [FXGL Background Thread 3 ] DEBUG Engine               - soundMenuSelect: menu/select.wav
13:17:00.871 [FXGL Background Thread 3 ] DEBUG Engine               - soundNotification: core/notification.wav
13:17:00.871 [FXGL Background Thread 3 ] DEBUG Engine               - stageStyle: DECORATED
13:17:00.871 [FXGL Background Thread 3 ] DEBUG Engine               - supportedLanguages: [ENGLISH, FRENCH, GERMAN, HUNGARIAN, RUSSIAN]
13:17:00.871 [FXGL Background Thread 3 ] DEBUG Engine               - ticksPerSecond: -1
13:17:00.871 [FXGL Background Thread 3 ] DEBUG Engine               - title: Untitled
13:17:00.871 [FXGL Background Thread 3 ] DEBUG Engine               - urlGithub: https://github.com/AlmasB/FXGL
13:17:00.871 [FXGL Background Thread 3 ] DEBUG Engine               - urlLeaderboard: http://fxgl-top.herokuapp.com/
13:17:00.871 [FXGL Background Thread 3 ] DEBUG Engine               - urlPOM: https://raw.githubusercontent.com/AlmasB/FXGL/release/README.md
13:17:00.871 [FXGL Background Thread 3 ] DEBUG Engine               - userAppClass: class org.group1.GamePackage.Application
13:17:00.871 [FXGL Background Thread 3 ] DEBUG Engine               - version: 0.0
13:17:00.871 [FXGL Background Thread 3 ] DEBUG Engine               - versionCheckDays: 7
13:17:00.871 [FXGL Background Thread 3 ] DEBUG Engine               - width: 1280
13:17:00.871 [FXGL Background Thread 3 ] DEBUG Engine               - Logging services
13:17:00.871 [FXGL Background Thread 3 ] DEBUG Engine               - class com.almasb.fxgl.app.services.FXGLAssetLoaderService
13:17:00.871 [FXGL Background Thread 3 ] DEBUG Engine               - class com.almasb.fxgl.app.FXGLApplication$GameApplicationService
13:17:00.871 [FXGL Background Thread 3 ] DEBUG Engine               - class com.almasb.fxgl.app.services.FXGLDialogService
13:17:00.871 [FXGL Background Thread 3 ] DEBUG Engine               - class com.almasb.fxgl.app.services.IOTaskExecutorService
13:17:00.871 [FXGL Background Thread 3 ] DEBUG Engine               - class com.almasb.fxgl.io.FileSystemService
13:17:00.871 [FXGL Background Thread 3 ] DEBUG Engine               - class com.almasb.fxgl.localization.LocalizationService
13:17:00.871 [FXGL Background Thread 3 ] DEBUG Engine               - class com.almasb.fxgl.app.services.SystemBundleService
13:17:00.871 [FXGL Background Thread 3 ] DEBUG Engine               - class com.almasb.fxgl.profile.SaveLoadService
13:17:00.871 [FXGL Background Thread 3 ] DEBUG Engine               - class com.almasb.fxgl.ui.FXGLUIFactoryServiceProvider
13:17:00.871 [FXGL Background Thread 3 ] DEBUG Engine               - class com.almasb.fxgl.ui.FXGLDialogFactoryServiceProvider
13:17:00.871 [FXGL Background Thread 3 ] DEBUG Engine               - class com.almasb.fxgl.audio.AudioPlayer
13:17:00.871 [FXGL Background Thread 3 ] DEBUG Engine               - class com.almasb.fxgl.notification.impl.NotificationServiceProvider
13:17:00.871 [FXGL Background Thread 3 ] DEBUG Engine               - class com.almasb.fxgl.achievement.AchievementService
13:17:00.871 [FXGL Background Thread 3 ] DEBUG Engine               - class com.almasb.fxgl.cutscene.CutsceneService
13:17:00.871 [FXGL Background Thread 3 ] DEBUG Engine               - class com.almasb.fxgl.minigames.MiniGameService
13:17:00.871 [FXGL Background Thread 3 ] DEBUG Engine               - class com.almasb.fxgl.net.NetService
13:17:00.871 [FXGL Background Thread 3 ] DEBUG Engine               - class com.almasb.fxgl.app.services.UpdaterService
13:17:00.871 [FXGL Background Thread 3 ] DEBUG Engine               - class com.almasb.fxgl.dev.DevService
13:17:01.361 [JavaFX Application Thread] DEBUG FXGLApplication      - Exiting FXGL
13:17:01.361 [JavaFX Application Thread] DEBUG LoopRunner           - Stopping loop
13:17:01.361 [JavaFX Application Thread] DEBUG SystemBundleService  - Saving FXGL system data
13:17:01.363 [JavaFX Application Thread] DEBUG FileSystemAccess     - Writing to: C:\Users\Wren\IdeaProjects\GameGame\system\fxgl.bundle
13:17:01.363 [JavaFX Application Thread] DEBUG Async                - Shutting down background threads
13:17:01.363 [JavaFX Application Thread] DEBUG PrimaryStageWindow   - Closing main window
13:17:01.376 [JavaFX Application Thread] DEBUG Logger               - Closing Logger
