23:42:29.247 [main                     ] DEBUG Logger               - Configured Logger
23:42:29.275 [main                     ] DEBUG GameApplication      - Logging settings
Title: Untitled
Version: 0.0
Width: 1280
Height: 720
Fullscreen: false
Intro: false
Profiling: false
Single step:false
App Mode: DEVELOPER
Menu Key: ESCAPE
Stage Style: DECORATED
Scene Factory: class org.group1.GamePackage.Factory.MainSceneFactory

23:42:29.901 [JavaFX Application Thread] DEBUG FXGLApplication      - Initializing FXGL
23:42:29.914 [JavaFX Application Thread] INFO  Engine               - FXGL-25 (05.02.2026 22.57) on WINDOWS (J:25.0.1 FX:21.0.6)
23:42:29.915 [JavaFX Application Thread] DEBUG Engine               - JRE Vendor Name: Oracle Corporation
23:42:29.915 [JavaFX Application Thread] DEBUG Engine               - Running on OS: Windows 11 version 10.0
23:42:29.915 [JavaFX Application Thread] DEBUG Engine               - Architecture: amd64
23:42:29.915 [JavaFX Application Thread] INFO  Engine               - Source code and latest versions at: https://github.com/AlmasB/FXGL
23:42:29.916 [JavaFX Application Thread] INFO  Engine               -       Ask questions and discuss at: https://github.com/AlmasB/FXGL/discussions
23:42:30.111 [JavaFX Application Thread] DEBUG PrimaryStageWindow   - Creating a JavaFX scene
23:42:30.199 [JavaFX Application Thread] DEBUG PrimaryStageWindow   - Target settings size: 1280.0 x 720.0
23:42:30.199 [JavaFX Application Thread] DEBUG PrimaryStageWindow   - Scaled scene size:    1280.0 x 720.0
23:42:30.199 [JavaFX Application Thread] DEBUG PrimaryStageWindow   - Scaled ratio: (1.0, 1.0)
23:42:30.200 [JavaFX Application Thread] DEBUG PrimaryStageWindow   - Set initial scene to FXGLStartupScene
23:42:30.207 [JavaFX Application Thread] DEBUG PrimaryStageWindow   - Opening main window
23:42:30.373 [JavaFX Application Thread] DEBUG PrimaryStageWindow   - Window border size: (14.6666259765625, 37.33331298828125)
23:42:30.374 [JavaFX Application Thread] DEBUG PrimaryStageWindow   - Scaled size: 1280.0 x 720.0
23:42:30.374 [JavaFX Application Thread] DEBUG PrimaryStageWindow   - Scaled ratio: (1.0, 1.0)
23:42:30.375 [JavaFX Application Thread] DEBUG PrimaryStageWindow   - Scene size: 1280.0 x 720.0
23:42:30.375 [JavaFX Application Thread] DEBUG PrimaryStageWindow   - Stage size: 1294.6666259765625 x 757.3333129882812
23:42:30.396 [FXGL Background Thread 1 ] DEBUG Engine               - Initializing environment variables
23:42:30.560 [FXGL Background Thread 1 ] DEBUG FXGLAssetLoaderServi - User app class for loading assets: class org.group1.GamePackage.Application
23:42:30.561 [FXGL Background Thread 1 ] DEBUG GameApplicationServi - Applying CSS: fxgl_dark.css
23:42:30.563 [FXGL Background Thread 1 ] DEBUG FXGLAssetLoaderServi - Loading from file system: jar:file:///C:/Users/ryles/.m2/repository/com/github/almasb/fxgl/25/fxgl-25.jar!/fxglassets/ui/css/fxgl_dark.css
23:42:30.680 [FXGL Background Thread 1 ] DEBUG GameApplicationServi - Initializing application scenes
23:42:30.691 [FXGL Background Thread 1 ] DEBUG FXGLAssetLoaderServi - Loading from file system: file:/C:/Users/ryles/Downloads/ComProg_Project/target/classes/assets/textures/background.png
23:42:31.037 [FXGL Background Thread 1 ] DEBUG FXGLAssetLoaderServi - Loading from file system: file:/C:/Users/ryles/Downloads/ComProg_Project/target/classes/assets/textures/background_stars1.png
23:42:31.219 [FXGL Background Thread 1 ] DEBUG FXGLAssetLoaderServi - Loading from file system: file:/C:/Users/ryles/Downloads/ComProg_Project/target/classes/assets/textures/background_stars2.png
23:42:31.355 [FXGL Background Thread 1 ] DEBUG FXGLAssetLoaderServi - Loading from file system: file:/C:/Users/ryles/Downloads/ComProg_Project/target/classes/assets/textures/background_stars3.png
23:42:31.444 [FXGL Background Thread 1 ] DEBUG FXGLAssetLoaderServi - Loading from file system: file:/C:/Users/ryles/Downloads/ComProg_Project/target/classes/assets/textures/background_cloud1.png
23:42:31.459 [FXGL Background Thread 1 ] DEBUG FXGLAssetLoaderServi - Loading from file system: file:/C:/Users/ryles/Downloads/ComProg_Project/target/classes/assets/textures/background_cloud2.png
23:42:31.481 [FXGL Background Thread 1 ] DEBUG FXGLAssetLoaderServi - Loading from file system: file:/C:/Users/ryles/Downloads/ComProg_Project/target/classes/assets/textures/background_mist1.png
23:42:31.499 [FXGL Background Thread 1 ] DEBUG FXGLAssetLoaderServi - Loading from file system: file:/C:/Users/ryles/Downloads/ComProg_Project/target/classes/assets/textures/background_hills.png
23:42:31.533 [FXGL Background Thread 1 ] DEBUG FXGLAssetLoaderServi - Loading from file system: file:/C:/Users/ryles/Downloads/ComProg_Project/target/classes/assets/textures/background_forest.png
23:42:31.552 [FXGL Background Thread 1 ] DEBUG FXGLAssetLoaderServi - Loading from file system: file:/C:/Users/ryles/Downloads/ComProg_Project/target/classes/assets/textures/background_large_forest.png
23:42:31.670 [FXGL Background Thread 1 ] DEBUG GameWorld            - Game world initialized
23:42:31.737 [FXGL Background Thread 1 ] DEBUG PhysicsWorld         - Physics world initialized: appHeight=720, physics.ppm=50.0
23:42:31.738 [FXGL Background Thread 1 ] DEBUG PhysicsWorld         - Using strategy: BRUTE_FORCE
23:42:31.743 [FXGL Background Thread 1 ] DEBUG GameScene            - Game scene initialized: 1280x720
23:42:31.911 [FXGL Background Thread 1 ] DEBUG GameApplicationServi - Application scenes initialized
23:42:31.925 [FXGL Background Thread 1 ] DEBUG SystemBundleService  - Loading FXGL system data
23:42:31.933 [FXGL Background Thread 1 ] DEBUG FileSystemAccess     - Reading from: C:\Users\ryles\Downloads\ComProg_Project\system\fxgl.bundle
23:42:31.942 [FXGL Background Thread 1 ] DEBUG SystemBundleService  - Bundle FXGL: {}
23:42:31.943 [FXGL Background Thread 1 ] DEBUG UpdaterService       - Checking for updates
23:42:31.952 [FXGL Background Thread 4 ] DEBUG FXGLApplication      - Loading fonts
23:42:31.953 [FXGL Background Thread 1 ] DEBUG FXGLApplication      - Loading default localization
23:42:31.953 [FXGL Background Thread 4 ] DEBUG FXGLAssetLoaderServi - Loading from file system: jar:file:///C:/Users/ryles/.m2/repository/com/github/almasb/fxgl/25/fxgl-25.jar!/fxglassets/ui/fonts/VarelaRound-Regular.ttf
23:42:31.954 [FXGL Background Thread 1 ] DEBUG FXGLAssetLoaderServi - Loading from file system: jar:file:///C:/Users/ryles/.m2/repository/com/github/almasb/fxgl/25/fxgl-25.jar!/fxglassets/languages/english.lang
23:42:31.984 [FXGL Background Thread 1 ] INFO  FXGLApplication      - FXGL initialization took: 1.588 sec
23:42:31.999 [JavaFX Application Thread] DEBUG Input                - Registered new binding: Move left - A
23:42:31.999 [JavaFX Application Thread] DEBUG Input                - Registered new binding: Move right - D
23:42:31.999 [JavaFX Application Thread] DEBUG Input                - Registered new binding: Move down - S
23:42:31.999 [JavaFX Application Thread] DEBUG Input                - Registered new binding: Move up - W
23:42:32.001 [JavaFX Application Thread] DEBUG Input                - Registered new binding: Shoot - Space
23:42:32.001 [JavaFX Application Thread] DEBUG Input                - Registered new binding: Switch to Fire Bullet - Q
23:42:32.002 [JavaFX Application Thread] DEBUG Input                - Registered new binding: Switch to Ice Bullet - E
23:42:32.002 [JavaFX Application Thread] DEBUG FXGLAssetLoaderServi - Loading from file system: jar:file:///C:/Users/ryles/.m2/repository/com/github/almasb/fxgl/25/fxgl-25.jar!/fxglassets/textures/fxgl_icon.png
23:42:32.023 [FXGL Background Thread 4 ] DEBUG FXGLAssetLoaderServi - Loading from file system: jar:file:///C:/Users/ryles/.m2/repository/com/github/almasb/fxgl/25/fxgl-25.jar!/fxglassets/ui/fonts/Abel-Regular.ttf
23:42:32.032 [FXGL Background Thread 4 ] DEBUG FXGLAssetLoaderServi - Loading from file system: jar:file:///C:/Users/ryles/.m2/repository/com/github/almasb/fxgl/25/fxgl-25.jar!/fxglassets/ui/fonts/TerminalLandMono-Regular.otf
23:42:32.037 [JavaFX Application Thread] DEBUG FXGLAssetLoaderServi - Loading from file system: jar:file:///C:/Users/ryles/.m2/repository/com/github/almasb/fxgl/25/fxgl-25.jar!/fxglassets/textures/fxgl_default_cursor.png
23:42:32.046 [JavaFX Application Thread] DEBUG Input                - Registered new binding: Screenshot - CTRL+8
23:42:32.046 [FXGL Background Thread 4 ] DEBUG FXGLAssetLoaderServi - Loading from file system: jar:file:///C:/Users/ryles/.m2/repository/com/github/almasb/fxgl/25/fxgl-25.jar!/fxglassets/ui/fonts/Courier-Prime.ttf
23:42:32.047 [JavaFX Application Thread] DEBUG Input                - Registered new binding: System info dump - CTRL+9
23:42:32.047 [JavaFX Application Thread] DEBUG Input                - Registered new binding: Restart - CTRL+R
23:42:32.050 [JavaFX Application Thread] DEBUG Input                - Registered new binding: Toggle Debug Camera - CTRL+7
23:42:32.054 [JavaFX Application Thread] DEBUG LoopRunner           - Starting loop
23:42:32.055 [JavaFX Application Thread] DEBUG LoopRunner           - Initializing JavaFX AnimationTimerLoop
23:42:32.060 [JavaFX Application Thread] DEBUG Input                - Clearing active input actions
23:42:32.074 [JavaFX Application Thread] DEBUG GameApplicationServi - Removing overlay from FXGLStartupScene and adding to FXGLMainMenuDummyScene
23:42:32.075 [JavaFX Application Thread] DEBUG PrimaryStageWindow   - FXGLStartupScene -> FXGLMainMenuDummyScene
23:42:32.075 [JavaFX Application Thread] DEBUG PrimaryStageWindow   - Push state: MenuInterface
23:42:32.076 [JavaFX Application Thread] DEBUG Input                - Clearing active input actions
23:42:32.098 [JavaFX Application Thread] DEBUG GameApplicationServi - Removing overlay from FXGLMainMenuDummyScene and adding to MenuInterface
23:42:32.099 [JavaFX Application Thread] DEBUG PrimaryStageWindow   - FXGLMainMenuDummyScene -> MenuInterface
23:42:32.292 [JavaFX Application Thread] DEBUG FXGLApplication      - Registering font factories with UI factory
23:42:33.225 [JavaFX Application Thread] DEBUG GameApplicationServi - Starting new game
23:42:33.226 [JavaFX Application Thread] DEBUG PrimaryStageWindow   - Pop state: MenuInterface
23:42:33.226 [JavaFX Application Thread] DEBUG Input                - Clearing active input actions
23:42:33.228 [JavaFX Application Thread] DEBUG GameApplicationServi - Removing overlay from MenuInterface and adding to FXGLMainMenuDummyScene
23:42:33.228 [JavaFX Application Thread] DEBUG PrimaryStageWindow   - FXGLMainMenuDummyScene <- MenuInterface
23:42:33.228 [JavaFX Application Thread] DEBUG Input                - Clearing active input actions
23:42:33.239 [JavaFX Application Thread] DEBUG GameApplicationServi - Removing overlay from FXGLMainMenuDummyScene and adding to LoadingInterface
23:42:33.239 [JavaFX Application Thread] DEBUG PrimaryStageWindow   - FXGLMainMenuDummyScene -> LoadingInterface
23:42:33.239 [JavaFX Application Thread] DEBUG GameApplicationServi - Clearing previous game
23:42:33.239 [JavaFX Application Thread] DEBUG GameScene            - Clearing game scene
23:42:33.239 [JavaFX Application Thread] DEBUG GameWorld            - Clearing game world
23:42:33.239 [JavaFX Application Thread] DEBUG PhysicsWorld         - Clearing physics world
23:42:33.242 [FXGL Background Thread 2 ] DEBUG FXGLApplication      - Initializing game
23:42:33.330 [FXGL Background Thread 2 ] DEBUG FXGLAssetLoaderServi - Loading from file system: file:/C:/Users/ryles/Downloads/ComProg_Project/target/classes/assets/textures/idle_sprite.png
23:42:33.362 [FXGL Background Thread 2 ] DEBUG FXGLAssetLoaderServi - Loading from file system: file:/C:/Users/ryles/Downloads/ComProg_Project/target/classes/assets/textures/bullet_HUD_selection.png
23:42:33.381 [FXGL Background Thread 2 ] DEBUG FXGLAssetLoaderServi - Loading from file system: file:/C:/Users/ryles/Downloads/ComProg_Project/target/classes/assets/music/main_music.wav
23:42:33.594 [FXGL Background Thread 2 ] DEBUG AudioPlayer          - Playing music com.almasb.fxgl.audio.Music@295d34c6
23:42:33.620 [FXGL Background Thread 2 ] DEBUG FXGLAssetLoaderServi - Loading from file system: file:/C:/Users/ryles/Downloads/ComProg_Project/target/classes/assets/textures/lives_09.png
23:42:33.628 [FXGL Background Thread 2 ] INFO  FXGLApplication      - Game initialization took: 0.385 sec
23:42:33.629 [JavaFX Application Thread] DEBUG Input                - Clearing active input actions
23:42:33.640 [JavaFX Application Thread] DEBUG GameApplicationServi - Removing overlay from LoadingInterface and adding to GameScene
23:42:33.642 [JavaFX Application Thread] DEBUG PrimaryStageWindow   - LoadingInterface -> GameScene
23:42:34.351 [JavaFX Application Thread] DEBUG FXGLAssetLoaderServi - Loading from file system: file:/C:/Users/ryles/Downloads/ComProg_Project/target/classes/assets/textures/enemy_sprite.png
23:42:34.376 [JavaFX Application Thread] DEBUG FXGLAssetLoaderServi - Loading from file system: file:/C:/Users/ryles/Downloads/ComProg_Project/target/classes/assets/textures/explosion_sprite.png
23:42:34.951 [FXGL Background Thread 3 ] DEBUG Engine               - Logging environment variables
23:42:34.953 [FXGL Background Thread 3 ] DEBUG Engine               - achievements: []
23:42:34.953 [FXGL Background Thread 3 ] DEBUG Engine               - actualHeight: 720.0
23:42:34.953 [FXGL Background Thread 3 ] DEBUG Engine               - actualHeightProperty: ReadOnlyDoubleProperty [value: 720.0]
23:42:34.953 [FXGL Background Thread 3 ] DEBUG Engine               - actualWidth: 1280.0
23:42:34.953 [FXGL Background Thread 3 ] DEBUG Engine               - actualWidthProperty: ReadOnlyDoubleProperty [value: 1280.0]
23:42:34.954 [FXGL Background Thread 3 ] DEBUG Engine               - appIcon: fxgl_icon.png
23:42:34.954 [FXGL Background Thread 3 ] DEBUG Engine               - applicationMode: DEVELOPER
23:42:34.954 [FXGL Background Thread 3 ] DEBUG Engine               - cSSList: [fxgl_dark.css]
23:42:34.954 [FXGL Background Thread 3 ] DEBUG Engine               - collisionDetectionStrategy: BRUTE_FORCE
23:42:34.954 [FXGL Background Thread 3 ] DEBUG Engine               - configClass: Optional.empty
23:42:34.955 [FXGL Background Thread 3 ] DEBUG Engine               - credits: []
23:42:34.955 [FXGL Background Thread 3 ] DEBUG Engine               - defaultCursor: CursorInfo(imageName=fxgl_default_cursor.png, hotspotX=7.0, hotspotY=6.0)
23:42:34.957 [FXGL Background Thread 3 ] DEBUG Engine               - devBBoxColorProperty: ObjectProperty [value: 0xff0000ff]
23:42:34.957 [FXGL Background Thread 3 ] DEBUG Engine               - devEnableDebugCameraProperty: BooleanProperty [value: false]
23:42:34.957 [FXGL Background Thread 3 ] DEBUG Engine               - devSensorColorProperty: ObjectProperty [value: 0xffff00ff]
23:42:34.957 [FXGL Background Thread 3 ] DEBUG Engine               - devShowBBoxProperty: BooleanProperty [value: false]
23:42:34.958 [FXGL Background Thread 3 ] DEBUG Engine               - devShowPositionProperty: BooleanProperty [value: false]
23:42:34.958 [FXGL Background Thread 3 ] DEBUG Engine               - enabledMenuItems: []
23:42:34.958 [FXGL Background Thread 3 ] DEBUG Engine               - engineServices: [class com.almasb.fxgl.app.services.FXGLAssetLoaderService, class com.almasb.fxgl.app.FXGLApplication$GameApplicationService, class com.almasb.fxgl.app.services.FXGLDialogService, class com.almasb.fxgl.app.services.IOTaskExecutorService, class com.almasb.fxgl.io.FileSystemService, class com.almasb.fxgl.localization.LocalizationService, class com.almasb.fxgl.app.services.SystemBundleService, class com.almasb.fxgl.profile.SaveLoadService, class com.almasb.fxgl.ui.FXGLUIFactoryServiceProvider, class com.almasb.fxgl.ui.FXGLDialogFactoryServiceProvider, class com.almasb.fxgl.audio.AudioPlayer, class com.almasb.fxgl.notification.impl.NotificationServiceProvider, class com.almasb.fxgl.achievement.AchievementService, class com.almasb.fxgl.cutscene.CutsceneService, class com.almasb.fxgl.minigames.MiniGameService, class com.almasb.fxgl.net.NetService, class com.almasb.fxgl.app.services.UpdaterService, class com.almasb.fxgl.dev.DevService]
23:42:34.958 [FXGL Background Thread 3 ] DEBUG Engine               - fontGame: Abel-Regular.ttf
23:42:34.959 [FXGL Background Thread 3 ] DEBUG Engine               - fontMono: TerminalLandMono-Regular.otf
23:42:34.959 [FXGL Background Thread 3 ] DEBUG Engine               - fontSizeScaleUI: 1.0
23:42:34.959 [FXGL Background Thread 3 ] DEBUG Engine               - fontText: Courier-Prime.ttf
23:42:34.959 [FXGL Background Thread 3 ] DEBUG Engine               - fontUI: VarelaRound-Regular.ttf
23:42:34.960 [FXGL Background Thread 3 ] DEBUG Engine               - fpsRefreshRate: 500.0 ms
23:42:34.960 [FXGL Background Thread 3 ] DEBUG Engine               - fullScreen: BooleanProperty [value: false]
23:42:34.961 [FXGL Background Thread 3 ] DEBUG Engine               - gameDifficulty: MEDIUM
23:42:34.961 [FXGL Background Thread 3 ] DEBUG Engine               - gameDifficultyProperty: ObjectProperty [value: MEDIUM]
23:42:34.961 [FXGL Background Thread 3 ] DEBUG Engine               - globalMusicVolume: 0.5
23:42:34.961 [FXGL Background Thread 3 ] DEBUG Engine               - globalMusicVolumeProperty: DoubleProperty [value: 0.5]
23:42:34.961 [FXGL Background Thread 3 ] DEBUG Engine               - globalSoundVolume: 0.5
23:42:34.961 [FXGL Background Thread 3 ] DEBUG Engine               - globalSoundVolumeProperty: DoubleProperty [value: 0.5]
23:42:34.961 [FXGL Background Thread 3 ] DEBUG Engine               - height: 720
23:42:34.962 [FXGL Background Thread 3 ] DEBUG Engine               - is3D: false
23:42:34.962 [FXGL Background Thread 3 ] DEBUG Engine               - isAndroid: false
23:42:34.962 [FXGL Background Thread 3 ] DEBUG Engine               - isBrowser: false
23:42:34.962 [FXGL Background Thread 3 ] DEBUG Engine               - isClickFeedbackEnabled: false
23:42:34.962 [FXGL Background Thread 3 ] DEBUG Engine               - isCloseConfirmation: false
23:42:34.962 [FXGL Background Thread 3 ] DEBUG Engine               - isDesktop: true
23:42:34.962 [FXGL Background Thread 3 ] DEBUG Engine               - isDeveloperMenuEnabled: false
23:42:34.962 [FXGL Background Thread 3 ] DEBUG Engine               - isEmbedded: false
23:42:34.962 [FXGL Background Thread 3 ] DEBUG Engine               - isEntityPreloadEnabled: true
23:42:34.963 [FXGL Background Thread 3 ] DEBUG Engine               - isExperimentalTiledLargeMap: false
23:42:34.963 [FXGL Background Thread 3 ] DEBUG Engine               - isFileSystemWriteAllowed: true
23:42:34.963 [FXGL Background Thread 3 ] DEBUG Engine               - isFullScreenAllowed: false
23:42:34.963 [FXGL Background Thread 3 ] DEBUG Engine               - isFullScreenFromStart: false
23:42:34.963 [FXGL Background Thread 3 ] DEBUG Engine               - isGameMenuEnabled: true
23:42:34.964 [FXGL Background Thread 3 ] DEBUG Engine               - isIOS: false
23:42:34.964 [FXGL Background Thread 3 ] DEBUG Engine               - isIntroEnabled: false
23:42:34.964 [FXGL Background Thread 3 ] DEBUG Engine               - isLinux: false
23:42:34.964 [FXGL Background Thread 3 ] DEBUG Engine               - isMac: false
23:42:34.964 [FXGL Background Thread 3 ] DEBUG Engine               - isMainMenuEnabled: true
23:42:34.964 [FXGL Background Thread 3 ] DEBUG Engine               - isManualResizeEnabled: false
23:42:34.964 [FXGL Background Thread 3 ] DEBUG Engine               - isMobile: false
23:42:34.964 [FXGL Background Thread 3 ] DEBUG Engine               - isNative: false
23:42:34.964 [FXGL Background Thread 3 ] DEBUG Engine               - isPauseMusicWhenMinimized: true
23:42:34.964 [FXGL Background Thread 3 ] DEBUG Engine               - isPreserveResizeRatio: false
23:42:34.964 [FXGL Background Thread 3 ] DEBUG Engine               - isProfilingEnabled: false
23:42:34.964 [FXGL Background Thread 3 ] DEBUG Engine               - isScaleAffectedOnResize: true
23:42:34.965 [FXGL Background Thread 3 ] DEBUG Engine               - isSingleStep: false
23:42:34.965 [FXGL Background Thread 3 ] DEBUG Engine               - isUserProfileEnabled: false
23:42:34.965 [FXGL Background Thread 3 ] DEBUG Engine               - isWindows: true
23:42:34.965 [FXGL Background Thread 3 ] DEBUG Engine               - language: ObjectProperty [value: ENGLISH]
23:42:34.966 [FXGL Background Thread 3 ] DEBUG Engine               - menuKey: ESCAPE
23:42:34.966 [FXGL Background Thread 3 ] DEBUG Engine               - mouseSensitivity: 0.2
23:42:34.967 [FXGL Background Thread 3 ] DEBUG Engine               - notificationViewClass: class com.almasb.fxgl.notification.view.XboxNotificationView
23:42:34.967 [FXGL Background Thread 3 ] DEBUG Engine               - pixelsPerMeter: 50.0
23:42:34.967 [FXGL Background Thread 3 ] DEBUG Engine               - platform: WINDOWS
23:42:34.967 [FXGL Background Thread 3 ] DEBUG Engine               - prefHeightProperty: ReadOnlyDoubleProperty [value: 720.0]
23:42:34.967 [FXGL Background Thread 3 ] DEBUG Engine               - prefWidthProperty: ReadOnlyDoubleProperty [value: 1280.0]
23:42:34.967 [FXGL Background Thread 3 ] DEBUG Engine               - profileDir: profiles/
23:42:34.968 [FXGL Background Thread 3 ] DEBUG Engine               - profileName: StringProperty [value: DEFAULT]
23:42:34.968 [FXGL Background Thread 3 ] DEBUG Engine               - randomSeed: -1
23:42:34.968 [FXGL Background Thread 3 ] DEBUG Engine               - runtimeInfo: RuntimeInfo(platform=WINDOWS, version=25, build=05.02.2026 22.57)
23:42:34.968 [FXGL Background Thread 3 ] DEBUG Engine               - saveFileExt: sav
23:42:34.969 [FXGL Background Thread 3 ] DEBUG Engine               - scaledHeightProp$fxgl: DoubleProperty [bound, value: 720.0]
23:42:34.969 [FXGL Background Thread 3 ] DEBUG Engine               - scaledWidthProp$fxgl: DoubleProperty [bound, value: 1280.0]
23:42:34.969 [FXGL Background Thread 3 ] DEBUG Engine               - sceneFactory: org.group1.GamePackage.Factory.MainSceneFactory@3348c5a5
23:42:34.969 [FXGL Background Thread 3 ] DEBUG Engine               - secondsIn24h: 60
23:42:34.969 [FXGL Background Thread 3 ] DEBUG Engine               - soundMenuBack: menu/back.wav
23:42:34.969 [FXGL Background Thread 3 ] DEBUG Engine               - soundMenuPress: menu/press.wav
23:42:34.969 [FXGL Background Thread 3 ] DEBUG Engine               - soundMenuSelect: menu/select.wav
23:42:34.969 [FXGL Background Thread 3 ] DEBUG Engine               - soundNotification: core/notification.wav
23:42:34.969 [FXGL Background Thread 3 ] DEBUG Engine               - stageStyle: DECORATED
23:42:34.969 [FXGL Background Thread 3 ] DEBUG Engine               - supportedLanguages: [ENGLISH, FRENCH, GERMAN, HUNGARIAN, RUSSIAN]
23:42:34.970 [FXGL Background Thread 3 ] DEBUG Engine               - ticksPerSecond: -1
23:42:34.970 [FXGL Background Thread 3 ] DEBUG Engine               - title: Untitled
23:42:34.970 [FXGL Background Thread 3 ] DEBUG Engine               - urlGithub: https://github.com/AlmasB/FXGL
23:42:34.970 [FXGL Background Thread 3 ] DEBUG Engine               - urlLeaderboard: http://fxgl-top.herokuapp.com/
23:42:34.970 [FXGL Background Thread 3 ] DEBUG Engine               - urlPOM: https://raw.githubusercontent.com/AlmasB/FXGL/release/README.md
23:42:34.970 [FXGL Background Thread 3 ] DEBUG Engine               - userAppClass: class org.group1.GamePackage.Application
23:42:34.970 [FXGL Background Thread 3 ] DEBUG Engine               - version: 0.0
23:42:34.970 [FXGL Background Thread 3 ] DEBUG Engine               - versionCheckDays: 7
23:42:34.970 [FXGL Background Thread 3 ] DEBUG Engine               - width: 1280
23:42:34.970 [FXGL Background Thread 3 ] DEBUG Engine               - Logging services
23:42:34.970 [FXGL Background Thread 3 ] DEBUG Engine               - class com.almasb.fxgl.app.services.FXGLAssetLoaderService
23:42:34.970 [FXGL Background Thread 3 ] DEBUG Engine               - class com.almasb.fxgl.app.FXGLApplication$GameApplicationService
23:42:34.970 [FXGL Background Thread 3 ] DEBUG Engine               - class com.almasb.fxgl.app.services.FXGLDialogService
23:42:34.971 [FXGL Background Thread 3 ] DEBUG Engine               - class com.almasb.fxgl.app.services.IOTaskExecutorService
23:42:34.971 [FXGL Background Thread 3 ] DEBUG Engine               - class com.almasb.fxgl.io.FileSystemService
23:42:34.971 [FXGL Background Thread 3 ] DEBUG Engine               - class com.almasb.fxgl.localization.LocalizationService
23:42:34.971 [FXGL Background Thread 3 ] DEBUG Engine               - class com.almasb.fxgl.app.services.SystemBundleService
23:42:34.971 [FXGL Background Thread 3 ] DEBUG Engine               - class com.almasb.fxgl.profile.SaveLoadService
23:42:34.971 [FXGL Background Thread 3 ] DEBUG Engine               - class com.almasb.fxgl.ui.FXGLUIFactoryServiceProvider
23:42:34.971 [FXGL Background Thread 3 ] DEBUG Engine               - class com.almasb.fxgl.ui.FXGLDialogFactoryServiceProvider
23:42:34.972 [FXGL Background Thread 3 ] DEBUG Engine               - class com.almasb.fxgl.audio.AudioPlayer
23:42:34.972 [FXGL Background Thread 3 ] DEBUG Engine               - class com.almasb.fxgl.notification.impl.NotificationServiceProvider
23:42:34.972 [FXGL Background Thread 3 ] DEBUG Engine               - class com.almasb.fxgl.achievement.AchievementService
23:42:34.973 [FXGL Background Thread 3 ] DEBUG Engine               - class com.almasb.fxgl.cutscene.CutsceneService
23:42:34.973 [FXGL Background Thread 3 ] DEBUG Engine               - class com.almasb.fxgl.minigames.MiniGameService
23:42:34.973 [FXGL Background Thread 3 ] DEBUG Engine               - class com.almasb.fxgl.net.NetService
23:42:34.973 [FXGL Background Thread 3 ] DEBUG Engine               - class com.almasb.fxgl.app.services.UpdaterService
23:42:34.973 [FXGL Background Thread 3 ] DEBUG Engine               - class com.almasb.fxgl.dev.DevService
23:42:42.879 [JavaFX Application Thread] DEBUG FXGLAssetLoaderServi - Loading from file system: file:/C:/Users/ryles/Downloads/ComProg_Project/target/classes/assets/textures/bullet_sprite.png
23:42:43.146 [JavaFX Application Thread] DEBUG FXGLAssetLoaderServi - Loading from file system: file:/C:/Users/ryles/Downloads/ComProg_Project/target/classes/assets/sounds/death_sound.wav
23:42:43.633 [JavaFX Application Thread] DEBUG FXGLAssetLoaderServi - Loading from file system: file:/C:/Users/ryles/Downloads/ComProg_Project/target/classes/assets/textures/boss_idle_sprite.png
23:42:43.693 [JavaFX Application Thread] DEBUG FXGLAssetLoaderServi - Loading from file system: file:/C:/Users/ryles/Downloads/ComProg_Project/target/classes/assets/textures/boss_charging_sprite.png
23:42:43.758 [JavaFX Application Thread] DEBUG FXGLAssetLoaderServi - Loading from file system: file:/C:/Users/ryles/Downloads/ComProg_Project/target/classes/assets/textures/boss_recovering_sprite.png
23:42:45.135 [JavaFX Application Thread] DEBUG FXGLAssetLoaderServi - Loading from file system: file:/C:/Users/ryles/Downloads/ComProg_Project/target/classes/assets/textures/heart_sprite.png
23:42:45.175 [JavaFX Application Thread] DEBUG FXGLAssetLoaderServi - Loading from file system: file:/C:/Users/ryles/Downloads/ComProg_Project/target/classes/assets/textures/heart_explode_sprite.png
23:42:45.290 [JavaFX Application Thread] DEBUG FXGLAssetLoaderServi - Loading from file system: file:/C:/Users/ryles/Downloads/ComProg_Project/target/classes/assets/sounds/fah.wav
23:42:45.312 [JavaFX Application Thread] DEBUG FXGLAssetLoaderServi - Loading from file system: file:/C:/Users/ryles/Downloads/ComProg_Project/target/classes/assets/textures/lives_08.png
23:42:47.214 [JavaFX Application Thread] DEBUG FXGLAssetLoaderServi - Loading from file system: file:/C:/Users/ryles/Downloads/ComProg_Project/target/classes/assets/textures/laser_sprite.png
23:42:47.437 [JavaFX Application Thread] DEBUG FXGLAssetLoaderServi - Loading from file system: file:/C:/Users/ryles/Downloads/ComProg_Project/target/classes/assets/textures/lives_07.png
23:42:50.972 [JavaFX Application Thread] DEBUG FXGLAssetLoaderServi - Loading from file system: file:/C:/Users/ryles/Downloads/ComProg_Project/target/classes/assets/textures/lives_06.png
23:42:55.485 [JavaFX Application Thread] DEBUG FXGLAssetLoaderServi - Loading from file system: file:/C:/Users/ryles/Downloads/ComProg_Project/target/classes/assets/textures/lives_05.png
23:42:58.142 [JavaFX Application Thread] DEBUG FXGLAssetLoaderServi - Loading from file system: file:/C:/Users/ryles/Downloads/ComProg_Project/target/classes/assets/textures/lives_04.png
23:42:59.708 [JavaFX Application Thread] DEBUG FXGLAssetLoaderServi - Loading from file system: file:/C:/Users/ryles/Downloads/ComProg_Project/target/classes/assets/textures/lives_03.png
23:43:02.026 [JavaFX Application Thread] DEBUG FXGLAssetLoaderServi - Loading from file system: file:/C:/Users/ryles/Downloads/ComProg_Project/target/classes/assets/textures/lives_02.png
23:43:03.982 [JavaFX Application Thread] DEBUG FXGLAssetLoaderServi - Loading from file system: file:/C:/Users/ryles/Downloads/ComProg_Project/target/classes/assets/textures/lives_01.png
23:43:04.176 [JavaFX Application Thread] DEBUG FXGLApplication      - Exiting FXGL
23:43:04.176 [JavaFX Application Thread] DEBUG LoopRunner           - Stopping loop
23:43:04.176 [JavaFX Application Thread] DEBUG SystemBundleService  - Saving FXGL system data
23:43:04.180 [JavaFX Application Thread] DEBUG FileSystemAccess     - Writing to: C:\Users\ryles\Downloads\ComProg_Project\system\fxgl.bundle
23:43:04.184 [JavaFX Application Thread] DEBUG Async                - Shutting down background threads
23:43:04.184 [JavaFX Application Thread] DEBUG PrimaryStageWindow   - Closing main window
23:43:04.240 [JavaFX Application Thread] DEBUG Logger               - Closing Logger
