17:57:56.534 [main                     ] DEBUG Logger               - Configured Logger
17:57:56.540 [main                     ] DEBUG GameApplication      - Logging settings
Title: Untitled
Version: 0.0
Width: 1280
Height: 720
Fullscreen: false
Intro: false
Profiling: false
Single step:false
App Mode: DEVELOPER
Menu Key: ESCAPE
Stage Style: DECORATED
Scene Factory: class org.group1.GamePackage.Factory.MainSceneFactory

17:57:56.744 [JavaFX Application Thread] DEBUG FXGLApplication      - Initializing FXGL
17:57:56.747 [JavaFX Application Thread] INFO  Engine               - FXGL-25 (05.02.2026 22.57) on LINUX (J:25.0.2 FX:21.0.6)
17:57:56.748 [JavaFX Application Thread] DEBUG Engine               - JRE Vendor Name: Arch Linux
17:57:56.748 [JavaFX Application Thread] DEBUG Engine               - Running on OS: Linux version 6.19.9-arch1-1
17:57:56.748 [JavaFX Application Thread] DEBUG Engine               - Architecture: amd64
17:57:56.748 [JavaFX Application Thread] INFO  Engine               - Source code and latest versions at: https://github.com/AlmasB/FXGL
17:57:56.748 [JavaFX Application Thread] INFO  Engine               -       Ask questions and discuss at: https://github.com/AlmasB/FXGL/discussions
17:57:56.954 [JavaFX Application Thread] DEBUG PrimaryStageWindow   - Creating a JavaFX scene
17:57:56.979 [JavaFX Application Thread] DEBUG PrimaryStageWindow   - Target settings size: 1280.0 x 720.0
17:57:56.979 [JavaFX Application Thread] DEBUG PrimaryStageWindow   - Scaled scene size:    1280.0 x 720.0
17:57:56.979 [JavaFX Application Thread] DEBUG PrimaryStageWindow   - Scaled ratio: (1.0, 1.0)
17:57:56.980 [JavaFX Application Thread] DEBUG PrimaryStageWindow   - Set initial scene to LoadingInterface
17:57:56.984 [JavaFX Application Thread] DEBUG PrimaryStageWindow   - Opening main window
17:57:57.059 [JavaFX Application Thread] DEBUG PrimaryStageWindow   - Window border size: (0.0, 35.0)
17:57:57.059 [JavaFX Application Thread] DEBUG PrimaryStageWindow   - Scaled size: 1280.0 x 685.0
17:57:57.059 [JavaFX Application Thread] DEBUG PrimaryStageWindow   - Scaled ratio: (1.0, 0.9513888888888888)
17:57:57.059 [JavaFX Application Thread] DEBUG PrimaryStageWindow   - Scene size: 1280.0 x 720.0
17:57:57.059 [JavaFX Application Thread] DEBUG PrimaryStageWindow   - Stage size: 1280.0 x 720.0
17:57:57.065 [FXGL Background Thread 1 ] DEBUG Engine               - Initializing environment variables
17:57:57.129 [FXGL Background Thread 1 ] DEBUG FXGLAssetLoaderServi - User app class for loading assets: class org.group1.GamePackage.Application
17:57:57.129 [FXGL Background Thread 1 ] DEBUG GameApplicationServi - Applying CSS: fxgl_dark.css
17:57:57.130 [FXGL Background Thread 1 ] DEBUG FXGLAssetLoaderServi - Loading from file system: jar:file:///home/me/.m2/repository/com/github/almasb/fxgl/25/fxgl-25.jar!/fxglassets/ui/css/fxgl_dark.css
17:57:57.159 [FXGL Background Thread 1 ] DEBUG GameApplicationServi - Initializing application scenes
17:57:57.187 [FXGL Background Thread 1 ] DEBUG GameWorld            - Game world initialized
17:57:57.226 [FXGL Background Thread 1 ] DEBUG PhysicsWorld         - Physics world initialized: appHeight=720, physics.ppm=50.0
17:57:57.226 [FXGL Background Thread 1 ] DEBUG PhysicsWorld         - Using strategy: BRUTE_FORCE
17:57:57.231 [FXGL Background Thread 1 ] DEBUG GameScene            - Game scene initialized: 1280x720
17:57:57.246 [FXGL Background Thread 1 ] DEBUG FXGL.DefaultMenu     - createMenuBodyGameMenu()
17:57:57.251 [FXGL Background Thread 1 ] DEBUG FXGL.DefaultMenu     - createOptionsMenu()
17:57:57.263 [FXGL Background Thread 1 ] DEBUG FXGLAssetLoaderServi - Loading from file system: jar:file:///home/me/.m2/repository/com/github/almasb/fxgl/25/fxgl-25.jar!/fxglassets/textures/particles/smoke.png
17:57:57.363 [FXGL Background Thread 1 ] DEBUG FXGLAssetLoaderServi - Loading from file system: jar:file:///home/me/.m2/repository/com/github/almasb/fxgl/25/fxgl-25.jar!/fxglassets/textures/particles/trace_horizontal.png
17:57:57.403 [FXGL Background Thread 1 ] DEBUG GameApplicationServi - Application scenes initialized
17:57:57.418 [FXGL Background Thread 1 ] DEBUG SystemBundleService  - Loading FXGL system data
17:57:57.424 [FXGL Background Thread 1 ] DEBUG FileSystemAccess     - Reading from: /home/me/ComProg_Project/system/fxgl.bundle
17:57:57.434 [FXGL Background Thread 1 ] DEBUG SystemBundleService  - Bundle FXGL: {}
17:57:57.435 [FXGL Background Thread 1 ] DEBUG UpdaterService       - Checking for updates
17:57:57.443 [FXGL Background Thread 4 ] DEBUG FXGLApplication      - Loading fonts
17:57:57.443 [FXGL Background Thread 4 ] DEBUG FXGLAssetLoaderServi - Loading from file system: jar:file:///home/me/.m2/repository/com/github/almasb/fxgl/25/fxgl-25.jar!/fxglassets/ui/fonts/VarelaRound-Regular.ttf
17:57:57.444 [FXGL Background Thread 1 ] DEBUG FXGLApplication      - Loading default localization
17:57:57.445 [FXGL Background Thread 1 ] DEBUG FXGLAssetLoaderServi - Loading from file system: jar:file:///home/me/.m2/repository/com/github/almasb/fxgl/25/fxgl-25.jar!/fxglassets/languages/english.lang
17:57:57.454 [FXGL Background Thread 4 ] DEBUG FXGLAssetLoaderServi - Loading from file system: jar:file:///home/me/.m2/repository/com/github/almasb/fxgl/25/fxgl-25.jar!/fxglassets/ui/fonts/Abel-Regular.ttf
17:57:57.458 [FXGL Background Thread 4 ] DEBUG FXGLAssetLoaderServi - Loading from file system: jar:file:///home/me/.m2/repository/com/github/almasb/fxgl/25/fxgl-25.jar!/fxglassets/ui/fonts/TerminalLandMono-Regular.otf
17:57:57.463 [FXGL Background Thread 4 ] DEBUG FXGLAssetLoaderServi - Loading from file system: jar:file:///home/me/.m2/repository/com/github/almasb/fxgl/25/fxgl-25.jar!/fxglassets/ui/fonts/Courier-Prime.ttf
17:57:57.465 [FXGL Background Thread 1 ] INFO  FXGLApplication      - FXGL initialization took: 0.400 sec
17:57:57.486 [JavaFX Application Thread] DEBUG Input                - Registered new binding: Move left - A
17:57:57.486 [JavaFX Application Thread] DEBUG Input                - Registered new binding: Move right - D
17:57:57.486 [JavaFX Application Thread] DEBUG Input                - Registered new binding: Move down - S
17:57:57.486 [JavaFX Application Thread] DEBUG Input                - Registered new binding: Move up - W
17:57:57.486 [JavaFX Application Thread] DEBUG Input                - Registered new binding: Shoot - Space
17:57:57.487 [JavaFX Application Thread] DEBUG FXGLAssetLoaderServi - Loading from file system: jar:file:///home/me/.m2/repository/com/github/almasb/fxgl/25/fxgl-25.jar!/fxglassets/textures/fxgl_icon.png
17:57:57.515 [JavaFX Application Thread] DEBUG FXGLAssetLoaderServi - Loading from file system: jar:file:///home/me/.m2/repository/com/github/almasb/fxgl/25/fxgl-25.jar!/fxglassets/textures/fxgl_default_cursor.png
17:57:57.517 [JavaFX Application Thread] DEBUG Input                - Registered new binding: Screenshot - CTRL+8
17:57:57.517 [JavaFX Application Thread] DEBUG Input                - Registered new binding: System info dump - CTRL+9
17:57:57.517 [JavaFX Application Thread] DEBUG Input                - Registered new binding: Restart - CTRL+R
17:57:57.519 [JavaFX Application Thread] DEBUG Input                - Registered new binding: Toggle Debug Camera - CTRL+7
17:57:57.522 [JavaFX Application Thread] DEBUG LoopRunner           - Starting loop
17:57:57.522 [JavaFX Application Thread] DEBUG LoopRunner           - Initializing JavaFX AnimationTimerLoop
17:57:57.525 [JavaFX Application Thread] DEBUG Input                - Clearing active input actions
17:57:57.535 [JavaFX Application Thread] DEBUG GameApplicationServi - Removing overlay from LoadingInterface and adding to FXGLMainMenuDummyScene
17:57:57.536 [JavaFX Application Thread] DEBUG PrimaryStageWindow   - LoadingInterface -> FXGLMainMenuDummyScene
17:57:57.536 [JavaFX Application Thread] DEBUG PrimaryStageWindow   - Push state: MenuInterface
17:57:57.536 [JavaFX Application Thread] DEBUG Input                - Clearing active input actions
17:57:57.540 [JavaFX Application Thread] DEBUG GameApplicationServi - Removing overlay from FXGLMainMenuDummyScene and adding to MenuInterface
17:57:57.541 [JavaFX Application Thread] DEBUG PrimaryStageWindow   - FXGLMainMenuDummyScene -> MenuInterface
17:57:57.541 [JavaFX Application Thread] DEBUG FXGLApplication      - Registering font factories with UI factory
17:57:59.569 [JavaFX Application Thread] DEBUG Menu                 - fireNewGame()
17:57:59.569 [JavaFX Application Thread] DEBUG GameApplicationServi - Starting new game
17:57:59.570 [JavaFX Application Thread] DEBUG PrimaryStageWindow   - Pop state: MenuInterface
17:57:59.570 [JavaFX Application Thread] DEBUG Input                - Clearing active input actions
17:57:59.572 [JavaFX Application Thread] DEBUG GameApplicationServi - Removing overlay from MenuInterface and adding to FXGLMainMenuDummyScene
17:57:59.573 [JavaFX Application Thread] DEBUG PrimaryStageWindow   - FXGLMainMenuDummyScene <- MenuInterface
17:57:59.574 [JavaFX Application Thread] DEBUG Input                - Clearing active input actions
17:57:59.597 [JavaFX Application Thread] DEBUG GameApplicationServi - Removing overlay from FXGLMainMenuDummyScene and adding to FXGLLoadingScene
17:57:59.598 [JavaFX Application Thread] DEBUG PrimaryStageWindow   - FXGLMainMenuDummyScene -> FXGLLoadingScene
17:57:59.598 [JavaFX Application Thread] DEBUG GameApplicationServi - Clearing previous game
17:57:59.598 [JavaFX Application Thread] DEBUG GameScene            - Clearing game scene
17:57:59.598 [JavaFX Application Thread] DEBUG GameWorld            - Clearing game world
17:57:59.598 [JavaFX Application Thread] DEBUG PhysicsWorld         - Clearing physics world
17:57:59.601 [FXGL Background Thread 2 ] DEBUG FXGLApplication      - Initializing game
17:57:59.616 [FXGL Background Thread 2 ] DEBUG FXGLAssetLoaderServi - Loading from file system: file:/home/me/ComProg_Project/target/classes/assets/textures/background.png
17:57:59.717 [FXGL Background Thread 2 ] DEBUG FXGLAssetLoaderServi - Loading from file system: file:/home/me/ComProg_Project/target/classes/assets/textures/background_stars1.png
17:57:59.852 [FXGL Background Thread 2 ] DEBUG FXGLAssetLoaderServi - Loading from file system: file:/home/me/ComProg_Project/target/classes/assets/textures/background_stars2.png
17:57:59.892 [FXGL Background Thread 2 ] DEBUG FXGLAssetLoaderServi - Loading from file system: file:/home/me/ComProg_Project/target/classes/assets/textures/background_stars3.png
17:57:59.931 [FXGL Background Thread 2 ] DEBUG FXGLAssetLoaderServi - Loading from file system: file:/home/me/ComProg_Project/target/classes/assets/textures/background_cloud1.png
17:57:59.942 [FXGL Background Thread 2 ] DEBUG FXGLAssetLoaderServi - Loading from file system: file:/home/me/ComProg_Project/target/classes/assets/textures/background_cloud2.png
17:57:59.956 [FXGL Background Thread 2 ] DEBUG FXGLAssetLoaderServi - Loading from file system: file:/home/me/ComProg_Project/target/classes/assets/textures/background_mist1.png
17:57:59.967 [FXGL Background Thread 2 ] DEBUG FXGLAssetLoaderServi - Loading from file system: file:/home/me/ComProg_Project/target/classes/assets/textures/background_hills.png
17:57:59.991 [FXGL Background Thread 2 ] DEBUG FXGLAssetLoaderServi - Loading from file system: file:/home/me/ComProg_Project/target/classes/assets/textures/background_forest.png
17:58:00.005 [FXGL Background Thread 2 ] DEBUG FXGLAssetLoaderServi - Loading from file system: file:/home/me/ComProg_Project/target/classes/assets/textures/background_large_forest.png
17:58:00.030 [FXGL Background Thread 2 ] DEBUG FXGLAssetLoaderServi - Loading from file system: file:/home/me/ComProg_Project/target/classes/assets/textures/idle_sprite.png
17:58:00.044 [FXGL Background Thread 2 ] DEBUG FXGLAssetLoaderServi - Loading from file system: file:/home/me/ComProg_Project/target/classes/assets/textures/down_sprite.png
17:58:00.047 [FXGL Background Thread 2 ] DEBUG FXGLAssetLoaderServi - Loading from file system: file:/home/me/ComProg_Project/target/classes/assets/textures/up_sprite.png
17:58:00.057 [FXGL Background Thread 2 ] DEBUG FXGLAssetLoaderServi - Loading from file system: file:/home/me/ComProg_Project/target/classes/assets/music/main_music.wav
17:58:00.146 [FXGL Background Thread 2 ] DEBUG AudioPlayer          - Playing music com.almasb.fxgl.audio.Music@5c88bf8
17:58:00.150 [FXGL Background Thread 2 ] INFO  FXGLApplication      - Game initialization took: 0.549 sec
17:58:00.152 [JavaFX Application Thread] DEBUG Input                - Clearing active input actions
17:58:00.164 [JavaFX Application Thread] DEBUG GameApplicationServi - Removing overlay from FXGLLoadingScene and adding to GameScene
17:58:00.164 [JavaFX Application Thread] DEBUG PrimaryStageWindow   - FXGLLoadingScene -> GameScene
17:58:00.440 [FXGL Background Thread 3 ] DEBUG Engine               - Logging environment variables
17:58:00.441 [FXGL Background Thread 3 ] DEBUG Engine               - achievements: []
17:58:00.441 [FXGL Background Thread 3 ] DEBUG Engine               - actualHeight: 685.0
17:58:00.441 [FXGL Background Thread 3 ] DEBUG Engine               - actualHeightProperty: ReadOnlyDoubleProperty [value: 685.0]
17:58:00.441 [FXGL Background Thread 3 ] DEBUG Engine               - actualWidth: 1280.0
17:58:00.441 [FXGL Background Thread 3 ] DEBUG Engine               - actualWidthProperty: ReadOnlyDoubleProperty [value: 1280.0]
17:58:00.442 [FXGL Background Thread 3 ] DEBUG Engine               - appIcon: fxgl_icon.png
17:58:00.442 [FXGL Background Thread 3 ] DEBUG Engine               - applicationMode: DEVELOPER
17:58:00.442 [FXGL Background Thread 3 ] DEBUG Engine               - cSSList: [fxgl_dark.css]
17:58:00.442 [FXGL Background Thread 3 ] DEBUG Engine               - collisionDetectionStrategy: BRUTE_FORCE
17:58:00.442 [FXGL Background Thread 3 ] DEBUG Engine               - configClass: Optional.empty
17:58:00.442 [FXGL Background Thread 3 ] DEBUG Engine               - credits: []
17:58:00.442 [FXGL Background Thread 3 ] DEBUG Engine               - defaultCursor: CursorInfo(imageName=fxgl_default_cursor.png, hotspotX=7.0, hotspotY=6.0)
17:58:00.443 [FXGL Background Thread 3 ] DEBUG Engine               - devBBoxColorProperty: ObjectProperty [value: 0xff0000ff]
17:58:00.443 [FXGL Background Thread 3 ] DEBUG Engine               - devEnableDebugCameraProperty: BooleanProperty [value: false]
17:58:00.443 [FXGL Background Thread 3 ] DEBUG Engine               - devSensorColorProperty: ObjectProperty [value: 0xffff00ff]
17:58:00.443 [FXGL Background Thread 3 ] DEBUG Engine               - devShowBBoxProperty: BooleanProperty [value: false]
17:58:00.443 [FXGL Background Thread 3 ] DEBUG Engine               - devShowPositionProperty: BooleanProperty [value: false]
17:58:00.444 [FXGL Background Thread 3 ] DEBUG Engine               - enabledMenuItems: []
17:58:00.444 [FXGL Background Thread 3 ] DEBUG Engine               - engineServices: [class com.almasb.fxgl.app.services.FXGLAssetLoaderService, class com.almasb.fxgl.app.FXGLApplication$GameApplicationService, class com.almasb.fxgl.app.services.FXGLDialogService, class com.almasb.fxgl.app.services.IOTaskExecutorService, class com.almasb.fxgl.io.FileSystemService, class com.almasb.fxgl.localization.LocalizationService, class com.almasb.fxgl.app.services.SystemBundleService, class com.almasb.fxgl.profile.SaveLoadService, class com.almasb.fxgl.ui.FXGLUIFactoryServiceProvider, class com.almasb.fxgl.ui.FXGLDialogFactoryServiceProvider, class com.almasb.fxgl.audio.AudioPlayer, class com.almasb.fxgl.notification.impl.NotificationServiceProvider, class com.almasb.fxgl.achievement.AchievementService, class com.almasb.fxgl.cutscene.CutsceneService, class com.almasb.fxgl.minigames.MiniGameService, class com.almasb.fxgl.net.NetService, class com.almasb.fxgl.app.services.UpdaterService, class com.almasb.fxgl.dev.DevService]
17:58:00.444 [FXGL Background Thread 3 ] DEBUG Engine               - fontGame: Abel-Regular.ttf
17:58:00.444 [FXGL Background Thread 3 ] DEBUG Engine               - fontMono: TerminalLandMono-Regular.otf
17:58:00.444 [FXGL Background Thread 3 ] DEBUG Engine               - fontSizeScaleUI: 1.0
17:58:00.444 [FXGL Background Thread 3 ] DEBUG Engine               - fontText: Courier-Prime.ttf
17:58:00.444 [FXGL Background Thread 3 ] DEBUG Engine               - fontUI: VarelaRound-Regular.ttf
17:58:00.444 [FXGL Background Thread 3 ] DEBUG Engine               - fpsRefreshRate: 500.0 ms
17:58:00.444 [FXGL Background Thread 3 ] DEBUG Engine               - fullScreen: BooleanProperty [value: false]
17:58:00.444 [FXGL Background Thread 3 ] DEBUG Engine               - gameDifficulty: MEDIUM
17:58:00.444 [FXGL Background Thread 3 ] DEBUG Engine               - gameDifficultyProperty: ObjectProperty [value: MEDIUM]
17:58:00.444 [FXGL Background Thread 3 ] DEBUG Engine               - globalMusicVolume: 0.5
17:58:00.445 [FXGL Background Thread 3 ] DEBUG Engine               - globalMusicVolumeProperty: DoubleProperty [value: 0.5]
17:58:00.445 [FXGL Background Thread 3 ] DEBUG Engine               - globalSoundVolume: 0.5
17:58:00.445 [FXGL Background Thread 3 ] DEBUG Engine               - globalSoundVolumeProperty: DoubleProperty [value: 0.5]
17:58:00.445 [FXGL Background Thread 3 ] DEBUG Engine               - height: 720
17:58:00.445 [FXGL Background Thread 3 ] DEBUG Engine               - is3D: false
17:58:00.445 [FXGL Background Thread 3 ] DEBUG Engine               - isAndroid: false
17:58:00.445 [FXGL Background Thread 3 ] DEBUG Engine               - isBrowser: false
17:58:00.445 [FXGL Background Thread 3 ] DEBUG Engine               - isClickFeedbackEnabled: false
17:58:00.445 [FXGL Background Thread 3 ] DEBUG Engine               - isCloseConfirmation: false
17:58:00.445 [FXGL Background Thread 3 ] DEBUG Engine               - isDesktop: true
17:58:00.445 [FXGL Background Thread 3 ] DEBUG Engine               - isDeveloperMenuEnabled: false
17:58:00.445 [FXGL Background Thread 3 ] DEBUG Engine               - isEmbedded: false
17:58:00.446 [FXGL Background Thread 3 ] DEBUG Engine               - isEntityPreloadEnabled: true
17:58:00.446 [FXGL Background Thread 3 ] DEBUG Engine               - isExperimentalTiledLargeMap: false
17:58:00.446 [FXGL Background Thread 3 ] DEBUG Engine               - isFileSystemWriteAllowed: true
17:58:00.446 [FXGL Background Thread 3 ] DEBUG Engine               - isFullScreenAllowed: false
17:58:00.446 [FXGL Background Thread 3 ] DEBUG Engine               - isFullScreenFromStart: false
17:58:00.446 [FXGL Background Thread 3 ] DEBUG Engine               - isGameMenuEnabled: true
17:58:00.446 [FXGL Background Thread 3 ] DEBUG Engine               - isIOS: false
17:58:00.446 [FXGL Background Thread 3 ] DEBUG Engine               - isIntroEnabled: false
17:58:00.446 [FXGL Background Thread 3 ] DEBUG Engine               - isLinux: true
17:58:00.446 [FXGL Background Thread 3 ] DEBUG Engine               - isMac: false
17:58:00.446 [FXGL Background Thread 3 ] DEBUG Engine               - isMainMenuEnabled: true
17:58:00.446 [FXGL Background Thread 3 ] DEBUG Engine               - isManualResizeEnabled: false
17:58:00.446 [FXGL Background Thread 3 ] DEBUG Engine               - isMobile: false
17:58:00.447 [FXGL Background Thread 3 ] DEBUG Engine               - isNative: false
17:58:00.447 [FXGL Background Thread 3 ] DEBUG Engine               - isPauseMusicWhenMinimized: true
17:58:00.447 [FXGL Background Thread 3 ] DEBUG Engine               - isPreserveResizeRatio: false
17:58:00.447 [FXGL Background Thread 3 ] DEBUG Engine               - isProfilingEnabled: false
17:58:00.447 [FXGL Background Thread 3 ] DEBUG Engine               - isScaleAffectedOnResize: true
17:58:00.447 [FXGL Background Thread 3 ] DEBUG Engine               - isSingleStep: false
17:58:00.447 [FXGL Background Thread 3 ] DEBUG Engine               - isUserProfileEnabled: false
17:58:00.447 [FXGL Background Thread 3 ] DEBUG Engine               - isWindows: false
17:58:00.447 [FXGL Background Thread 3 ] DEBUG Engine               - language: ObjectProperty [value: ENGLISH]
17:58:00.447 [FXGL Background Thread 3 ] DEBUG Engine               - menuKey: ESCAPE
17:58:00.447 [FXGL Background Thread 3 ] DEBUG Engine               - mouseSensitivity: 0.2
17:58:00.447 [FXGL Background Thread 3 ] DEBUG Engine               - notificationViewClass: class com.almasb.fxgl.notification.view.XboxNotificationView
17:58:00.447 [FXGL Background Thread 3 ] DEBUG Engine               - pixelsPerMeter: 50.0
17:58:00.447 [FXGL Background Thread 3 ] DEBUG Engine               - platform: LINUX
17:58:00.448 [FXGL Background Thread 3 ] DEBUG Engine               - prefHeightProperty: ReadOnlyDoubleProperty [value: 720.0]
17:58:00.448 [FXGL Background Thread 3 ] DEBUG Engine               - prefWidthProperty: ReadOnlyDoubleProperty [value: 1280.0]
17:58:00.448 [FXGL Background Thread 3 ] DEBUG Engine               - profileDir: profiles/
17:58:00.448 [FXGL Background Thread 3 ] DEBUG Engine               - profileName: StringProperty [value: DEFAULT]
17:58:00.448 [FXGL Background Thread 3 ] DEBUG Engine               - randomSeed: -1
17:58:00.448 [FXGL Background Thread 3 ] DEBUG Engine               - runtimeInfo: RuntimeInfo(platform=LINUX, version=25, build=05.02.2026 22.57)
17:58:00.448 [FXGL Background Thread 3 ] DEBUG Engine               - saveFileExt: sav
17:58:00.448 [FXGL Background Thread 3 ] DEBUG Engine               - scaledHeightProp$fxgl: DoubleProperty [bound, value: 685.0]
17:58:00.448 [FXGL Background Thread 3 ] DEBUG Engine               - scaledWidthProp$fxgl: DoubleProperty [bound, value: 1280.0]
17:58:00.448 [FXGL Background Thread 3 ] DEBUG Engine               - sceneFactory: org.group1.GamePackage.Factory.MainSceneFactory@15ceaf54
17:58:00.448 [FXGL Background Thread 3 ] DEBUG Engine               - secondsIn24h: 60
17:58:00.449 [FXGL Background Thread 3 ] DEBUG Engine               - soundMenuBack: menu/back.wav
17:58:00.449 [FXGL Background Thread 3 ] DEBUG Engine               - soundMenuPress: menu/press.wav
17:58:00.449 [FXGL Background Thread 3 ] DEBUG Engine               - soundMenuSelect: menu/select.wav
17:58:00.449 [FXGL Background Thread 3 ] DEBUG Engine               - soundNotification: core/notification.wav
17:58:00.449 [FXGL Background Thread 3 ] DEBUG Engine               - stageStyle: DECORATED
17:58:00.449 [FXGL Background Thread 3 ] DEBUG Engine               - supportedLanguages: [ENGLISH, FRENCH, GERMAN, HUNGARIAN, RUSSIAN]
17:58:00.449 [FXGL Background Thread 3 ] DEBUG Engine               - ticksPerSecond: -1
17:58:00.449 [FXGL Background Thread 3 ] DEBUG Engine               - title: Untitled
17:58:00.449 [FXGL Background Thread 3 ] DEBUG Engine               - urlGithub: https://github.com/AlmasB/FXGL
17:58:00.449 [FXGL Background Thread 3 ] DEBUG Engine               - urlLeaderboard: http://fxgl-top.herokuapp.com/
17:58:00.449 [FXGL Background Thread 3 ] DEBUG Engine               - urlPOM: https://raw.githubusercontent.com/AlmasB/FXGL/release/README.md
17:58:00.449 [FXGL Background Thread 3 ] DEBUG Engine               - userAppClass: class org.group1.GamePackage.Application
17:58:00.449 [FXGL Background Thread 3 ] DEBUG Engine               - version: 0.0
17:58:00.449 [FXGL Background Thread 3 ] DEBUG Engine               - versionCheckDays: 7
17:58:00.449 [FXGL Background Thread 3 ] DEBUG Engine               - width: 1280
17:58:00.449 [FXGL Background Thread 3 ] DEBUG Engine               - Logging services
17:58:00.449 [FXGL Background Thread 3 ] DEBUG Engine               - class com.almasb.fxgl.app.services.FXGLAssetLoaderService
17:58:00.450 [FXGL Background Thread 3 ] DEBUG Engine               - class com.almasb.fxgl.app.FXGLApplication$GameApplicationService
17:58:00.450 [FXGL Background Thread 3 ] DEBUG Engine               - class com.almasb.fxgl.app.services.FXGLDialogService
17:58:00.450 [FXGL Background Thread 3 ] DEBUG Engine               - class com.almasb.fxgl.app.services.IOTaskExecutorService
17:58:00.450 [FXGL Background Thread 3 ] DEBUG Engine               - class com.almasb.fxgl.io.FileSystemService
17:58:00.450 [FXGL Background Thread 3 ] DEBUG Engine               - class com.almasb.fxgl.localization.LocalizationService
17:58:00.450 [FXGL Background Thread 3 ] DEBUG Engine               - class com.almasb.fxgl.app.services.SystemBundleService
17:58:00.450 [FXGL Background Thread 3 ] DEBUG Engine               - class com.almasb.fxgl.profile.SaveLoadService
17:58:00.450 [FXGL Background Thread 3 ] DEBUG Engine               - class com.almasb.fxgl.ui.FXGLUIFactoryServiceProvider
17:58:00.450 [FXGL Background Thread 3 ] DEBUG Engine               - class com.almasb.fxgl.ui.FXGLDialogFactoryServiceProvider
17:58:00.450 [FXGL Background Thread 3 ] DEBUG Engine               - class com.almasb.fxgl.audio.AudioPlayer
17:58:00.450 [FXGL Background Thread 3 ] DEBUG Engine               - class com.almasb.fxgl.notification.impl.NotificationServiceProvider
17:58:00.450 [FXGL Background Thread 3 ] DEBUG Engine               - class com.almasb.fxgl.achievement.AchievementService
17:58:00.450 [FXGL Background Thread 3 ] DEBUG Engine               - class com.almasb.fxgl.cutscene.CutsceneService
17:58:00.450 [FXGL Background Thread 3 ] DEBUG Engine               - class com.almasb.fxgl.minigames.MiniGameService
17:58:00.450 [FXGL Background Thread 3 ] DEBUG Engine               - class com.almasb.fxgl.net.NetService
17:58:00.450 [FXGL Background Thread 3 ] DEBUG Engine               - class com.almasb.fxgl.app.services.UpdaterService
17:58:00.450 [FXGL Background Thread 3 ] DEBUG Engine               - class com.almasb.fxgl.dev.DevService
17:58:00.656 [JavaFX Application Thread] DEBUG FXGLAssetLoaderServi - Loading from file system: file:/home/me/ComProg_Project/target/classes/assets/textures/enemy_sprite.png
17:58:00.663 [JavaFX Application Thread] DEBUG FXGLAssetLoaderServi - Loading from file system: file:/home/me/ComProg_Project/target/classes/assets/textures/explosion_sprite.png
17:58:01.434 [JavaFX Application Thread] DEBUG PrimaryStageWindow   - Push state: FXGLDefaultMenu
17:58:01.440 [JavaFX Application Thread] DEBUG Input                - Clearing active input actions
17:58:01.448 [JavaFX Application Thread] DEBUG GameApplicationServi - Removing overlay from GameScene and adding to FXGLDefaultMenu
17:58:01.449 [JavaFX Application Thread] DEBUG PrimaryStageWindow   - GameScene -> FXGLDefaultMenu
17:58:02.664 [JavaFX Application Thread] DEBUG PrimaryStageWindow   - Pop state: FXGLDefaultMenu
17:58:02.665 [JavaFX Application Thread] DEBUG Input                - Clearing active input actions
17:58:02.666 [JavaFX Application Thread] DEBUG GameApplicationServi - Removing overlay from FXGLDefaultMenu and adding to GameScene
17:58:02.666 [JavaFX Application Thread] DEBUG PrimaryStageWindow   - GameScene <- FXGLDefaultMenu
17:58:03.110 [JavaFX Application Thread] DEBUG FXGLApplication      - Exiting FXGL
17:58:03.110 [JavaFX Application Thread] DEBUG LoopRunner           - Stopping loop
17:58:03.110 [JavaFX Application Thread] DEBUG SystemBundleService  - Saving FXGL system data
17:58:03.112 [JavaFX Application Thread] DEBUG FileSystemAccess     - Writing to: /home/me/ComProg_Project/system/fxgl.bundle
17:58:03.115 [JavaFX Application Thread] DEBUG Async                - Shutting down background threads
17:58:03.115 [JavaFX Application Thread] DEBUG PrimaryStageWindow   - Closing main window
17:58:03.117 [JavaFX Application Thread] DEBUG Logger               - Closing Logger
