16:47:25.700 [main                     ] DEBUG Logger               - Configured Logger
16:47:25.707 [main                     ] DEBUG GameApplication      - Logging settings
Title: Untitled
Version: 0.0
Width: 1280
Height: 720
Fullscreen: false
Intro: false
Profiling: false
Single step:false
App Mode: DEVELOPER
Menu Key: ESCAPE
Stage Style: DECORATED
Scene Factory: class com.almasb.fxgl.app.scene.SceneFactory

16:47:25.915 [JavaFX Application Thread] DEBUG FXGLApplication      - Initializing FXGL
16:47:25.919 [JavaFX Application Thread] INFO  Engine               - FXGL-25 (05.02.2026 22.57) on LINUX (J:25.0.2 FX:21.0.6)
16:47:25.919 [JavaFX Application Thread] DEBUG Engine               - JRE Vendor Name: Arch Linux
16:47:25.920 [JavaFX Application Thread] DEBUG Engine               - Running on OS: Linux version 6.19.9-arch1-1
16:47:25.920 [JavaFX Application Thread] DEBUG Engine               - Architecture: amd64
16:47:25.920 [JavaFX Application Thread] INFO  Engine               - Source code and latest versions at: https://github.com/AlmasB/FXGL
16:47:25.920 [JavaFX Application Thread] INFO  Engine               -       Ask questions and discuss at: https://github.com/AlmasB/FXGL/discussions
16:47:25.988 [JavaFX Application Thread] DEBUG PrimaryStageWindow   - Creating a JavaFX scene
16:47:26.071 [JavaFX Application Thread] DEBUG PrimaryStageWindow   - Target settings size: 1280.0 x 720.0
16:47:26.071 [JavaFX Application Thread] DEBUG PrimaryStageWindow   - Scaled scene size:    1280.0 x 720.0
16:47:26.071 [JavaFX Application Thread] DEBUG PrimaryStageWindow   - Scaled ratio: (1.0, 1.0)
16:47:26.072 [JavaFX Application Thread] DEBUG PrimaryStageWindow   - Set initial scene to FXGLStartupScene
16:47:26.076 [JavaFX Application Thread] DEBUG PrimaryStageWindow   - Opening main window
16:47:26.149 [JavaFX Application Thread] DEBUG PrimaryStageWindow   - Window border size: (0.0, 35.0)
16:47:26.149 [JavaFX Application Thread] DEBUG PrimaryStageWindow   - Scaled size: 1280.0 x 685.0
16:47:26.149 [JavaFX Application Thread] DEBUG PrimaryStageWindow   - Scaled ratio: (1.0, 0.9513888888888888)
16:47:26.149 [JavaFX Application Thread] DEBUG PrimaryStageWindow   - Scene size: 1280.0 x 720.0
16:47:26.150 [JavaFX Application Thread] DEBUG PrimaryStageWindow   - Stage size: 1280.0 x 720.0
16:47:26.154 [FXGL Background Thread 1 ] DEBUG Engine               - Initializing environment variables
16:47:26.223 [FXGL Background Thread 1 ] DEBUG FXGLAssetLoaderServi - User app class for loading assets: class org.group1.GamePackage.Application
16:47:26.223 [FXGL Background Thread 1 ] DEBUG GameApplicationServi - Applying CSS: fxgl_dark.css
16:47:26.224 [FXGL Background Thread 1 ] DEBUG FXGLAssetLoaderServi - Loading from file system: jar:file:///home/me/.m2/repository/com/github/almasb/fxgl/25/fxgl-25.jar!/fxglassets/ui/css/fxgl_dark.css
16:47:26.266 [FXGL Background Thread 1 ] DEBUG GameApplicationServi - Initializing application scenes
16:47:26.297 [FXGL Background Thread 1 ] DEBUG GameWorld            - Game world initialized
16:47:26.339 [FXGL Background Thread 1 ] DEBUG PhysicsWorld         - Physics world initialized: appHeight=720, physics.ppm=50.0
16:47:26.340 [FXGL Background Thread 1 ] DEBUG PhysicsWorld         - Using strategy: BRUTE_FORCE
16:47:26.346 [FXGL Background Thread 1 ] DEBUG GameScene            - Game scene initialized: 1280x720
16:47:26.356 [FXGL Background Thread 1 ] DEBUG FXGL.DefaultMenu     - createMenuBodyGameMenu()
16:47:26.368 [FXGL Background Thread 1 ] DEBUG FXGL.DefaultMenu     - createOptionsMenu()
16:47:26.378 [FXGL Background Thread 1 ] DEBUG FXGLAssetLoaderServi - Loading from file system: jar:file:///home/me/.m2/repository/com/github/almasb/fxgl/25/fxgl-25.jar!/fxglassets/textures/particles/smoke.png
16:47:26.459 [FXGL Background Thread 1 ] DEBUG FXGLAssetLoaderServi - Loading from file system: jar:file:///home/me/.m2/repository/com/github/almasb/fxgl/25/fxgl-25.jar!/fxglassets/textures/particles/trace_horizontal.png
16:47:26.486 [FXGL Background Thread 1 ] DEBUG GameApplicationServi - Application scenes initialized
16:47:26.496 [FXGL Background Thread 1 ] DEBUG SystemBundleService  - Loading FXGL system data
16:47:26.499 [FXGL Background Thread 1 ] DEBUG FileSystemAccess     - Reading from: /home/me/ComProg_Project/system/fxgl.bundle
16:47:26.504 [FXGL Background Thread 1 ] DEBUG SystemBundleService  - Bundle FXGL: {}
16:47:26.505 [FXGL Background Thread 1 ] DEBUG UpdaterService       - Checking for updates
16:47:26.510 [FXGL Background Thread 4 ] DEBUG FXGLApplication      - Loading fonts
16:47:26.510 [FXGL Background Thread 4 ] DEBUG FXGLAssetLoaderServi - Loading from file system: jar:file:///home/me/.m2/repository/com/github/almasb/fxgl/25/fxgl-25.jar!/fxglassets/ui/fonts/VarelaRound-Regular.ttf
16:47:26.511 [FXGL Background Thread 1 ] DEBUG FXGLApplication      - Loading default localization
16:47:26.511 [FXGL Background Thread 1 ] DEBUG FXGLAssetLoaderServi - Loading from file system: jar:file:///home/me/.m2/repository/com/github/almasb/fxgl/25/fxgl-25.jar!/fxglassets/languages/english.lang
16:47:26.517 [FXGL Background Thread 4 ] DEBUG FXGLAssetLoaderServi - Loading from file system: jar:file:///home/me/.m2/repository/com/github/almasb/fxgl/25/fxgl-25.jar!/fxglassets/ui/fonts/Abel-Regular.ttf
16:47:26.519 [FXGL Background Thread 4 ] DEBUG FXGLAssetLoaderServi - Loading from file system: jar:file:///home/me/.m2/repository/com/github/almasb/fxgl/25/fxgl-25.jar!/fxglassets/ui/fonts/TerminalLandMono-Regular.otf
16:47:26.521 [FXGL Background Thread 4 ] DEBUG FXGLAssetLoaderServi - Loading from file system: jar:file:///home/me/.m2/repository/com/github/almasb/fxgl/25/fxgl-25.jar!/fxglassets/ui/fonts/Courier-Prime.ttf
16:47:26.524 [FXGL Background Thread 1 ] INFO  FXGLApplication      - FXGL initialization took: 0.370 sec
16:47:26.534 [JavaFX Application Thread] DEBUG Input                - Registered new binding: Move left - A
16:47:26.534 [JavaFX Application Thread] DEBUG Input                - Registered new binding: Move right - D
16:47:26.534 [JavaFX Application Thread] DEBUG Input                - Registered new binding: Move down - S
16:47:26.534 [JavaFX Application Thread] DEBUG Input                - Registered new binding: Move up - W
16:47:26.534 [JavaFX Application Thread] DEBUG Input                - Registered new binding: Shoot - Space
16:47:26.534 [JavaFX Application Thread] DEBUG FXGLAssetLoaderServi - Loading from file system: jar:file:///home/me/.m2/repository/com/github/almasb/fxgl/25/fxgl-25.jar!/fxglassets/textures/fxgl_icon.png
16:47:26.555 [JavaFX Application Thread] DEBUG FXGLAssetLoaderServi - Loading from file system: jar:file:///home/me/.m2/repository/com/github/almasb/fxgl/25/fxgl-25.jar!/fxglassets/textures/fxgl_default_cursor.png
16:47:26.556 [JavaFX Application Thread] DEBUG Input                - Registered new binding: Screenshot - CTRL+8
16:47:26.557 [JavaFX Application Thread] DEBUG Input                - Registered new binding: System info dump - CTRL+9
16:47:26.557 [JavaFX Application Thread] DEBUG Input                - Registered new binding: Restart - CTRL+R
16:47:26.557 [JavaFX Application Thread] DEBUG Input                - Registered new binding: Toggle Debug Camera - CTRL+7
16:47:26.562 [JavaFX Application Thread] DEBUG LoopRunner           - Starting loop
16:47:26.562 [JavaFX Application Thread] DEBUG LoopRunner           - Initializing JavaFX AnimationTimerLoop
16:47:26.563 [JavaFX Application Thread] DEBUG GameApplicationServi - Starting new game
16:47:26.564 [JavaFX Application Thread] DEBUG Input                - Clearing active input actions
16:47:26.580 [JavaFX Application Thread] DEBUG GameApplicationServi - Removing overlay from FXGLStartupScene and adding to FXGLLoadingScene
16:47:26.581 [JavaFX Application Thread] DEBUG PrimaryStageWindow   - FXGLStartupScene -> FXGLLoadingScene
16:47:26.581 [JavaFX Application Thread] DEBUG GameApplicationServi - Clearing previous game
16:47:26.581 [JavaFX Application Thread] DEBUG GameScene            - Clearing game scene
16:47:26.581 [JavaFX Application Thread] DEBUG GameWorld            - Clearing game world
16:47:26.582 [JavaFX Application Thread] DEBUG PhysicsWorld         - Clearing physics world
16:47:26.584 [FXGL Background Thread 4 ] DEBUG FXGLApplication      - Initializing game
16:47:26.584 [JavaFX Application Thread] DEBUG FXGLApplication      - Registering font factories with UI factory
16:47:26.595 [FXGL Background Thread 4 ] DEBUG FXGLAssetLoaderServi - Loading from file system: file:/home/me/ComProg_Project/target/classes/assets/textures/background.png
16:47:26.719 [FXGL Background Thread 4 ] DEBUG FXGLAssetLoaderServi - Loading from file system: file:/home/me/ComProg_Project/target/classes/assets/textures/background_stars1.png
16:47:26.864 [FXGL Background Thread 4 ] DEBUG FXGLAssetLoaderServi - Loading from file system: file:/home/me/ComProg_Project/target/classes/assets/textures/background_stars2.png
16:47:26.908 [FXGL Background Thread 4 ] DEBUG FXGLAssetLoaderServi - Loading from file system: file:/home/me/ComProg_Project/target/classes/assets/textures/background_stars3.png
16:47:26.957 [FXGL Background Thread 4 ] DEBUG FXGLAssetLoaderServi - Loading from file system: file:/home/me/ComProg_Project/target/classes/assets/textures/background_cloud1.png
16:47:26.970 [FXGL Background Thread 4 ] DEBUG FXGLAssetLoaderServi - Loading from file system: file:/home/me/ComProg_Project/target/classes/assets/textures/background_cloud2.png
16:47:26.988 [FXGL Background Thread 4 ] DEBUG FXGLAssetLoaderServi - Loading from file system: file:/home/me/ComProg_Project/target/classes/assets/textures/background_mist1.png
16:47:27.001 [FXGL Background Thread 4 ] DEBUG FXGLAssetLoaderServi - Loading from file system: file:/home/me/ComProg_Project/target/classes/assets/textures/background_hills.png
16:47:27.030 [FXGL Background Thread 4 ] DEBUG FXGLAssetLoaderServi - Loading from file system: file:/home/me/ComProg_Project/target/classes/assets/textures/background_forest.png
16:47:27.049 [FXGL Background Thread 4 ] DEBUG FXGLAssetLoaderServi - Loading from file system: file:/home/me/ComProg_Project/target/classes/assets/textures/background_large_forest.png
16:47:27.084 [FXGL Background Thread 4 ] DEBUG FXGLAssetLoaderServi - Loading from file system: file:/home/me/ComProg_Project/target/classes/assets/textures/idle_sprite.png
16:47:27.088 [FXGL Background Thread 4 ] DEBUG FXGLAssetLoaderServi - Loading from file system: file:/home/me/ComProg_Project/target/classes/assets/textures/down_sprite.png
16:47:27.090 [FXGL Background Thread 4 ] DEBUG FXGLAssetLoaderServi - Loading from file system: file:/home/me/ComProg_Project/target/classes/assets/textures/up_sprite.png
16:47:27.104 [FXGL Background Thread 4 ] DEBUG FXGLAssetLoaderServi - Loading from file system: file:/home/me/ComProg_Project/target/classes/assets/music/main_music.wav
16:47:27.232 [FXGL Background Thread 4 ] DEBUG AudioPlayer          - Playing music com.almasb.fxgl.audio.Music@5bb8496e
16:47:27.235 [FXGL Background Thread 4 ] INFO  FXGLApplication      - Game initialization took: 0.651 sec
16:47:27.237 [JavaFX Application Thread] DEBUG Input                - Clearing active input actions
16:47:27.262 [JavaFX Application Thread] DEBUG GameApplicationServi - Removing overlay from FXGLLoadingScene and adding to GameScene
16:47:27.262 [JavaFX Application Thread] DEBUG PrimaryStageWindow   - FXGLLoadingScene -> GameScene
16:47:27.905 [JavaFX Application Thread] DEBUG FXGLAssetLoaderServi - Loading from file system: file:/home/me/ComProg_Project/target/classes/assets/textures/bullet_sprite.png
16:47:28.231 [JavaFX Application Thread] DEBUG FXGLAssetLoaderServi - Loading from file system: file:/home/me/ComProg_Project/target/classes/assets/textures/enemy_sprite.png
16:47:28.237 [JavaFX Application Thread] DEBUG FXGLAssetLoaderServi - Loading from file system: file:/home/me/ComProg_Project/target/classes/assets/textures/explosion_sprite.png
16:47:29.507 [FXGL Background Thread 3 ] DEBUG Engine               - Logging environment variables
16:47:29.508 [FXGL Background Thread 3 ] DEBUG Engine               - achievements: []
16:47:29.508 [FXGL Background Thread 3 ] DEBUG Engine               - actualHeight: 685.0
16:47:29.509 [FXGL Background Thread 3 ] DEBUG Engine               - actualHeightProperty: ReadOnlyDoubleProperty [value: 685.0]
16:47:29.509 [FXGL Background Thread 3 ] DEBUG Engine               - actualWidth: 1280.0
16:47:29.509 [FXGL Background Thread 3 ] DEBUG Engine               - actualWidthProperty: ReadOnlyDoubleProperty [value: 1280.0]
16:47:29.509 [FXGL Background Thread 3 ] DEBUG Engine               - appIcon: fxgl_icon.png
16:47:29.509 [FXGL Background Thread 3 ] DEBUG Engine               - applicationMode: DEVELOPER
16:47:29.510 [FXGL Background Thread 3 ] DEBUG Engine               - cSSList: [fxgl_dark.css]
16:47:29.510 [FXGL Background Thread 3 ] DEBUG Engine               - collisionDetectionStrategy: BRUTE_FORCE
16:47:29.510 [FXGL Background Thread 3 ] DEBUG Engine               - configClass: Optional.empty
16:47:29.510 [FXGL Background Thread 3 ] DEBUG Engine               - credits: []
16:47:29.510 [FXGL Background Thread 3 ] DEBUG Engine               - defaultCursor: CursorInfo(imageName=fxgl_default_cursor.png, hotspotX=7.0, hotspotY=6.0)
16:47:29.511 [FXGL Background Thread 3 ] DEBUG Engine               - devBBoxColorProperty: ObjectProperty [value: 0xff0000ff]
16:47:29.511 [FXGL Background Thread 3 ] DEBUG Engine               - devEnableDebugCameraProperty: BooleanProperty [value: false]
16:47:29.511 [FXGL Background Thread 3 ] DEBUG Engine               - devSensorColorProperty: ObjectProperty [value: 0xffff00ff]
16:47:29.511 [FXGL Background Thread 3 ] DEBUG Engine               - devShowBBoxProperty: BooleanProperty [value: false]
16:47:29.511 [FXGL Background Thread 3 ] DEBUG Engine               - devShowPositionProperty: BooleanProperty [value: false]
16:47:29.511 [FXGL Background Thread 3 ] DEBUG Engine               - enabledMenuItems: []
16:47:29.511 [FXGL Background Thread 3 ] DEBUG Engine               - engineServices: [class com.almasb.fxgl.app.services.FXGLAssetLoaderService, class com.almasb.fxgl.app.FXGLApplication$GameApplicationService, class com.almasb.fxgl.app.services.FXGLDialogService, class com.almasb.fxgl.app.services.IOTaskExecutorService, class com.almasb.fxgl.io.FileSystemService, class com.almasb.fxgl.localization.LocalizationService, class com.almasb.fxgl.app.services.SystemBundleService, class com.almasb.fxgl.profile.SaveLoadService, class com.almasb.fxgl.ui.FXGLUIFactoryServiceProvider, class com.almasb.fxgl.ui.FXGLDialogFactoryServiceProvider, class com.almasb.fxgl.audio.AudioPlayer, class com.almasb.fxgl.notification.impl.NotificationServiceProvider, class com.almasb.fxgl.achievement.AchievementService, class com.almasb.fxgl.cutscene.CutsceneService, class com.almasb.fxgl.minigames.MiniGameService, class com.almasb.fxgl.net.NetService, class com.almasb.fxgl.app.services.UpdaterService, class com.almasb.fxgl.dev.DevService]
16:47:29.511 [FXGL Background Thread 3 ] DEBUG Engine               - fontGame: Abel-Regular.ttf
16:47:29.512 [FXGL Background Thread 3 ] DEBUG Engine               - fontMono: TerminalLandMono-Regular.otf
16:47:29.512 [FXGL Background Thread 3 ] DEBUG Engine               - fontSizeScaleUI: 1.0
16:47:29.512 [FXGL Background Thread 3 ] DEBUG Engine               - fontText: Courier-Prime.ttf
16:47:29.512 [FXGL Background Thread 3 ] DEBUG Engine               - fontUI: VarelaRound-Regular.ttf
16:47:29.512 [FXGL Background Thread 3 ] DEBUG Engine               - fpsRefreshRate: 500.0 ms
16:47:29.512 [FXGL Background Thread 3 ] DEBUG Engine               - fullScreen: BooleanProperty [value: false]
16:47:29.512 [FXGL Background Thread 3 ] DEBUG Engine               - gameDifficulty: MEDIUM
16:47:29.512 [FXGL Background Thread 3 ] DEBUG Engine               - gameDifficultyProperty: ObjectProperty [value: MEDIUM]
16:47:29.512 [FXGL Background Thread 3 ] DEBUG Engine               - globalMusicVolume: 0.5
16:47:29.513 [FXGL Background Thread 3 ] DEBUG Engine               - globalMusicVolumeProperty: DoubleProperty [value: 0.5]
16:47:29.513 [FXGL Background Thread 3 ] DEBUG Engine               - globalSoundVolume: 0.5
16:47:29.513 [FXGL Background Thread 3 ] DEBUG Engine               - globalSoundVolumeProperty: DoubleProperty [value: 0.5]
16:47:29.513 [FXGL Background Thread 3 ] DEBUG Engine               - height: 720
16:47:29.513 [FXGL Background Thread 3 ] DEBUG Engine               - is3D: false
16:47:29.513 [FXGL Background Thread 3 ] DEBUG Engine               - isAndroid: false
16:47:29.513 [FXGL Background Thread 3 ] DEBUG Engine               - isBrowser: false
16:47:29.513 [FXGL Background Thread 3 ] DEBUG Engine               - isClickFeedbackEnabled: false
16:47:29.513 [FXGL Background Thread 3 ] DEBUG Engine               - isCloseConfirmation: false
16:47:29.513 [FXGL Background Thread 3 ] DEBUG Engine               - isDesktop: true
16:47:29.513 [FXGL Background Thread 3 ] DEBUG Engine               - isDeveloperMenuEnabled: false
16:47:29.514 [FXGL Background Thread 3 ] DEBUG Engine               - isEmbedded: false
16:47:29.514 [FXGL Background Thread 3 ] DEBUG Engine               - isEntityPreloadEnabled: true
16:47:29.514 [FXGL Background Thread 3 ] DEBUG Engine               - isExperimentalTiledLargeMap: false
16:47:29.514 [FXGL Background Thread 3 ] DEBUG Engine               - isFileSystemWriteAllowed: true
16:47:29.514 [FXGL Background Thread 3 ] DEBUG Engine               - isFullScreenAllowed: false
16:47:29.514 [FXGL Background Thread 3 ] DEBUG Engine               - isFullScreenFromStart: false
16:47:29.514 [FXGL Background Thread 3 ] DEBUG Engine               - isGameMenuEnabled: true
16:47:29.514 [FXGL Background Thread 3 ] DEBUG Engine               - isIOS: false
16:47:29.514 [FXGL Background Thread 3 ] DEBUG Engine               - isIntroEnabled: false
16:47:29.514 [FXGL Background Thread 3 ] DEBUG Engine               - isLinux: true
16:47:29.514 [FXGL Background Thread 3 ] DEBUG Engine               - isMac: false
16:47:29.514 [FXGL Background Thread 3 ] DEBUG Engine               - isMainMenuEnabled: false
16:47:29.514 [FXGL Background Thread 3 ] DEBUG Engine               - isManualResizeEnabled: false
16:47:29.514 [FXGL Background Thread 3 ] DEBUG Engine               - isMobile: false
16:47:29.515 [FXGL Background Thread 3 ] DEBUG Engine               - isNative: false
16:47:29.515 [FXGL Background Thread 3 ] DEBUG Engine               - isPauseMusicWhenMinimized: true
16:47:29.515 [FXGL Background Thread 3 ] DEBUG Engine               - isPreserveResizeRatio: false
16:47:29.515 [FXGL Background Thread 3 ] DEBUG Engine               - isProfilingEnabled: false
16:47:29.515 [FXGL Background Thread 3 ] DEBUG Engine               - isScaleAffectedOnResize: true
16:47:29.515 [FXGL Background Thread 3 ] DEBUG Engine               - isSingleStep: false
16:47:29.515 [FXGL Background Thread 3 ] DEBUG Engine               - isUserProfileEnabled: false
16:47:29.515 [FXGL Background Thread 3 ] DEBUG Engine               - isWindows: false
16:47:29.515 [FXGL Background Thread 3 ] DEBUG Engine               - language: ObjectProperty [value: ENGLISH]
16:47:29.515 [FXGL Background Thread 3 ] DEBUG Engine               - menuKey: ESCAPE
16:47:29.515 [FXGL Background Thread 3 ] DEBUG Engine               - mouseSensitivity: 0.2
16:47:29.515 [FXGL Background Thread 3 ] DEBUG Engine               - notificationViewClass: class com.almasb.fxgl.notification.view.XboxNotificationView
16:47:29.515 [FXGL Background Thread 3 ] DEBUG Engine               - pixelsPerMeter: 50.0
16:47:29.515 [FXGL Background Thread 3 ] DEBUG Engine               - platform: LINUX
16:47:29.515 [FXGL Background Thread 3 ] DEBUG Engine               - prefHeightProperty: ReadOnlyDoubleProperty [value: 720.0]
16:47:29.516 [FXGL Background Thread 3 ] DEBUG Engine               - prefWidthProperty: ReadOnlyDoubleProperty [value: 1280.0]
16:47:29.516 [FXGL Background Thread 3 ] DEBUG Engine               - profileDir: profiles/
16:47:29.516 [FXGL Background Thread 3 ] DEBUG Engine               - profileName: StringProperty [value: DEFAULT]
16:47:29.516 [FXGL Background Thread 3 ] DEBUG Engine               - randomSeed: -1
16:47:29.516 [FXGL Background Thread 3 ] DEBUG Engine               - runtimeInfo: RuntimeInfo(platform=LINUX, version=25, build=05.02.2026 22.57)
16:47:29.516 [FXGL Background Thread 3 ] DEBUG Engine               - saveFileExt: sav
16:47:29.517 [FXGL Background Thread 3 ] DEBUG Engine               - scaledHeightProp$fxgl: DoubleProperty [bound, value: 685.0]
16:47:29.517 [FXGL Background Thread 3 ] DEBUG Engine               - scaledWidthProp$fxgl: DoubleProperty [bound, value: 1280.0]
16:47:29.517 [FXGL Background Thread 3 ] DEBUG Engine               - sceneFactory: com.almasb.fxgl.app.scene.SceneFactory@2a1ce718
16:47:29.517 [FXGL Background Thread 3 ] DEBUG Engine               - secondsIn24h: 60
16:47:29.517 [FXGL Background Thread 3 ] DEBUG Engine               - soundMenuBack: menu/back.wav
16:47:29.517 [FXGL Background Thread 3 ] DEBUG Engine               - soundMenuPress: menu/press.wav
16:47:29.517 [FXGL Background Thread 3 ] DEBUG Engine               - soundMenuSelect: menu/select.wav
16:47:29.517 [FXGL Background Thread 3 ] DEBUG Engine               - soundNotification: core/notification.wav
16:47:29.517 [FXGL Background Thread 3 ] DEBUG Engine               - stageStyle: DECORATED
16:47:29.517 [FXGL Background Thread 3 ] DEBUG Engine               - supportedLanguages: [ENGLISH, FRENCH, GERMAN, HUNGARIAN, RUSSIAN]
16:47:29.517 [FXGL Background Thread 3 ] DEBUG Engine               - ticksPerSecond: -1
16:47:29.518 [FXGL Background Thread 3 ] DEBUG Engine               - title: Untitled
16:47:29.518 [FXGL Background Thread 3 ] DEBUG Engine               - urlGithub: https://github.com/AlmasB/FXGL
16:47:29.518 [FXGL Background Thread 3 ] DEBUG Engine               - urlLeaderboard: http://fxgl-top.herokuapp.com/
16:47:29.518 [FXGL Background Thread 3 ] DEBUG Engine               - urlPOM: https://raw.githubusercontent.com/AlmasB/FXGL/release/README.md
16:47:29.518 [FXGL Background Thread 3 ] DEBUG Engine               - userAppClass: class org.group1.GamePackage.Application
16:47:29.518 [FXGL Background Thread 3 ] DEBUG Engine               - version: 0.0
16:47:29.518 [FXGL Background Thread 3 ] DEBUG Engine               - versionCheckDays: 7
16:47:29.518 [FXGL Background Thread 3 ] DEBUG Engine               - width: 1280
16:47:29.518 [FXGL Background Thread 3 ] DEBUG Engine               - Logging services
16:47:29.518 [FXGL Background Thread 3 ] DEBUG Engine               - class com.almasb.fxgl.app.services.FXGLAssetLoaderService
16:47:29.518 [FXGL Background Thread 3 ] DEBUG Engine               - class com.almasb.fxgl.app.FXGLApplication$GameApplicationService
16:47:29.518 [FXGL Background Thread 3 ] DEBUG Engine               - class com.almasb.fxgl.app.services.FXGLDialogService
16:47:29.518 [FXGL Background Thread 3 ] DEBUG Engine               - class com.almasb.fxgl.app.services.IOTaskExecutorService
16:47:29.518 [FXGL Background Thread 3 ] DEBUG Engine               - class com.almasb.fxgl.io.FileSystemService
16:47:29.518 [FXGL Background Thread 3 ] DEBUG Engine               - class com.almasb.fxgl.localization.LocalizationService
16:47:29.519 [FXGL Background Thread 3 ] DEBUG Engine               - class com.almasb.fxgl.app.services.SystemBundleService
16:47:29.519 [FXGL Background Thread 3 ] DEBUG Engine               - class com.almasb.fxgl.profile.SaveLoadService
16:47:29.519 [FXGL Background Thread 3 ] DEBUG Engine               - class com.almasb.fxgl.ui.FXGLUIFactoryServiceProvider
16:47:29.519 [FXGL Background Thread 3 ] DEBUG Engine               - class com.almasb.fxgl.ui.FXGLDialogFactoryServiceProvider
16:47:29.519 [FXGL Background Thread 3 ] DEBUG Engine               - class com.almasb.fxgl.audio.AudioPlayer
16:47:29.519 [FXGL Background Thread 3 ] DEBUG Engine               - class com.almasb.fxgl.notification.impl.NotificationServiceProvider
16:47:29.519 [FXGL Background Thread 3 ] DEBUG Engine               - class com.almasb.fxgl.achievement.AchievementService
16:47:29.519 [FXGL Background Thread 3 ] DEBUG Engine               - class com.almasb.fxgl.cutscene.CutsceneService
16:47:29.519 [FXGL Background Thread 3 ] DEBUG Engine               - class com.almasb.fxgl.minigames.MiniGameService
16:47:29.519 [FXGL Background Thread 3 ] DEBUG Engine               - class com.almasb.fxgl.net.NetService
16:47:29.519 [FXGL Background Thread 3 ] DEBUG Engine               - class com.almasb.fxgl.app.services.UpdaterService
16:47:29.519 [FXGL Background Thread 3 ] DEBUG Engine               - class com.almasb.fxgl.dev.DevService
16:47:29.724 [JavaFX Application Thread] DEBUG LoopRunner           - Stopping loop
16:47:29.726 [JavaFX Application Thread] FATAL FXGLApplication      - Uncaught Exception:
java.lang.IllegalArgumentException: Component CupHeadComponent not found!
	at com.almasb.fxgl.entity@25/com.almasb.fxgl.entity.Entity.getComponent(Entity.java:366)
	at org.group.game/org.group1.GamePackage.Handlers.CollisionManager$1.onCollisionBegin(CollisionManager.java:38)
	at com.almasb.fxgl.entity@25/com.almasb.fxgl.physics.CollisionPair.collisionBegin(CollisionPair.java:37)
	at com.almasb.fxgl.entity@25/com.almasb.fxgl.physics.PhysicsWorld.collisionBeginFor(PhysicsWorld.java:453)
	at com.almasb.fxgl.entity@25/com.almasb.fxgl.physics.PhysicsWorld.checkCollisionsInGroup(PhysicsWorld.java:405)
	at com.almasb.fxgl.entity@25/com.almasb.fxgl.physics.PhysicsWorld.checkCollisions(PhysicsWorld.java:373)
	at com.almasb.fxgl.entity@25/com.almasb.fxgl.physics.PhysicsWorld.onUpdate(PhysicsWorld.java:179)
	at com.almasb.fxgl.all@25/com.almasb.fxgl.app.scene.GameScene.step(GameScene.kt:240)
	at com.almasb.fxgl.all@25/com.almasb.fxgl.app.scene.GameScene.onUpdate(GameScene.kt:235)
	at com.almasb.fxgl.scene@25/com.almasb.fxgl.scene.Scene.update(Scene.kt:105)
	at com.almasb.fxgl.all@25/com.almasb.fxgl.app.MainWindow.update$lambda$0(MainWindow.kt:121)
	at com.almasb.fxgl.core@25/com.almasb.fxgl.core.fsm.StateMachine.runOnActiveStates(StateMachine.kt:69)
	at com.almasb.fxgl.all@25/com.almasb.fxgl.app.MainWindow.update(MainWindow.kt:121)
	at com.almasb.fxgl.all@25/com.almasb.fxgl.app.FXGLApplication$GameApplicationService.onUpdate(FXGLApplication.kt:451)
	at com.almasb.fxgl.all@25/com.almasb.fxgl.app.Engine.loop(Engine.kt:133)
	at com.almasb.fxgl.all@25/com.almasb.fxgl.app.Engine.loop$lambda$0(Engine.kt:28)
	at com.almasb.fxgl.all@25/com.almasb.fxgl.app.LoopRunner.frame(LoopRunner.kt:157)
	at com.almasb.fxgl.all@25/com.almasb.fxgl.app.LoopRunner.access$frame(LoopRunner.kt:24)
	at com.almasb.fxgl.all@25/com.almasb.fxgl.app.LoopRunner$impl$2$1.onTick(LoopRunner.kt:79)
	at com.almasb.fxgl.all@25/com.almasb.fxgl.app.AnimationTimerLoop$timer$1.handle(LoopRunner.kt:179)
	at javafx.graphics@21.0.6/javafx.animation.AnimationTimer$AnimationTimerReceiver.lambda$handle$0(AnimationTimer.java:58)
	at java.base/java.security.AccessController.doPrivileged(AccessController.java:138)
	at javafx.graphics@21.0.6/javafx.animation.AnimationTimer$AnimationTimerReceiver.handle(AnimationTimer.java:57)
	at javafx.graphics@21.0.6/com.sun.scenario.animation.AbstractPrimaryTimer.timePulseImpl(AbstractPrimaryTimer.java:356)
	at javafx.graphics@21.0.6/com.sun.scenario.animation.AbstractPrimaryTimer$MainLoop.run(AbstractPrimaryTimer.java:266)
	at javafx.graphics@21.0.6/com.sun.javafx.tk.quantum.QuantumToolkit.pulse(QuantumToolkit.java:588)
	at javafx.graphics@21.0.6/com.sun.javafx.tk.quantum.QuantumToolkit.pulse(QuantumToolkit.java:572)
	at javafx.graphics@21.0.6/com.sun.javafx.tk.quantum.QuantumToolkit.pulseFromQueue(QuantumToolkit.java:565)
	at javafx.graphics@21.0.6/com.sun.javafx.tk.quantum.QuantumToolkit.lambda$runToolkit$11(QuantumToolkit.java:352)
	at javafx.graphics@21.0.6/com.sun.glass.ui.InvokeLaterDispatcher$Future.run(InvokeLaterDispatcher.java:95)
	at javafx.graphics@21.0.6/com.sun.glass.ui.gtk.GtkApplication._runLoop(Native Method)
	at javafx.graphics@21.0.6/com.sun.glass.ui.gtk.GtkApplication.lambda$runLoop$10(GtkApplication.java:263)
	at java.base/java.lang.Thread.run(Thread.java:1474)

16:47:29.727 [JavaFX Application Thread] FATAL FXGLApplication      - Application will now exit
16:47:29.754 [JavaFX Application Thread] DEBUG PrimaryStageWindow   - Push state: ErrorSubScene
16:47:29.754 [JavaFX Application Thread] DEBUG Input                - Clearing active input actions
16:47:29.757 [JavaFX Application Thread] DEBUG GameApplicationServi - Removing overlay from GameScene and adding to ErrorSubScene
16:47:29.758 [JavaFX Application Thread] DEBUG PrimaryStageWindow   - GameScene -> ErrorSubScene
16:47:39.513 [JavaFX Application Thread] DEBUG FXGLApplication      - Exiting FXGL
16:47:39.513 [JavaFX Application Thread] DEBUG Async                - Shutting down background threads
16:47:39.513 [JavaFX Application Thread] DEBUG PrimaryStageWindow   - Closing main window
16:47:39.516 [JavaFX Application Thread] DEBUG Logger               - Closing Logger
