12:18:31.881 [main                     ] DEBUG Logger               - Configured Logger
12:18:31.898 [main                     ] DEBUG GameApplication      - Logging settings
Title: Untitled
Version: 0.0
Width: 1280
Height: 720
Fullscreen: false
Intro: false
Profiling: false
Single step:false
App Mode: DEVELOPER
Menu Key: ESCAPE
Stage Style: DECORATED
Scene Factory: class com.almasb.fxgl.app.scene.SceneFactory

12:18:32.265 [JavaFX Application Thread] DEBUG FXGLApplication      - Initializing FXGL
12:18:32.272 [JavaFX Application Thread] INFO  Engine               - FXGL-25 (05.02.2026 22.57) on WINDOWS (J:25.0.1 FX:21.0.6)
12:18:32.273 [JavaFX Application Thread] DEBUG Engine               - JRE Vendor Name: Oracle Corporation
12:18:32.273 [JavaFX Application Thread] DEBUG Engine               - Running on OS: Windows 11 version 10.0
12:18:32.273 [JavaFX Application Thread] DEBUG Engine               - Architecture: amd64
12:18:32.274 [JavaFX Application Thread] INFO  Engine               - Source code and latest versions at: https://github.com/AlmasB/FXGL
12:18:32.274 [JavaFX Application Thread] INFO  Engine               -       Ask questions and discuss at: https://github.com/AlmasB/FXGL/discussions
12:18:32.393 [JavaFX Application Thread] DEBUG PrimaryStageWindow   - Creating a JavaFX scene
12:18:32.444 [JavaFX Application Thread] DEBUG PrimaryStageWindow   - Target settings size: 1280.0 x 720.0
12:18:32.444 [JavaFX Application Thread] DEBUG PrimaryStageWindow   - Scaled scene size:    1280.0 x 720.0
12:18:32.445 [JavaFX Application Thread] DEBUG PrimaryStageWindow   - Scaled ratio: (1.0, 1.0)
12:18:32.446 [JavaFX Application Thread] DEBUG PrimaryStageWindow   - Set initial scene to FXGLStartupScene
12:18:32.452 [JavaFX Application Thread] DEBUG PrimaryStageWindow   - Opening main window
12:18:32.555 [JavaFX Application Thread] DEBUG PrimaryStageWindow   - Window border size: (14.6666259765625, 37.33331298828125)
12:18:32.555 [JavaFX Application Thread] DEBUG PrimaryStageWindow   - Scaled size: 1280.0 x 720.0
12:18:32.555 [JavaFX Application Thread] DEBUG PrimaryStageWindow   - Scaled ratio: (1.0, 1.0)
12:18:32.556 [JavaFX Application Thread] DEBUG PrimaryStageWindow   - Scene size: 1280.0 x 720.0
12:18:32.556 [JavaFX Application Thread] DEBUG PrimaryStageWindow   - Stage size: 1294.6666259765625 x 757.3333129882812
12:18:32.566 [FXGL Background Thread 1 ] DEBUG Engine               - Initializing environment variables
12:18:32.648 [FXGL Background Thread 1 ] DEBUG FXGLAssetLoaderServi - User app class for loading assets: class org.group1.GamePackage.Application
12:18:32.649 [FXGL Background Thread 1 ] DEBUG GameApplicationServi - Applying CSS: fxgl_dark.css
12:18:32.650 [FXGL Background Thread 1 ] DEBUG FXGLAssetLoaderServi - Loading from file system: jar:file:///C:/Users/ryles/.m2/repository/com/github/almasb/fxgl/25/fxgl-25.jar!/fxglassets/ui/css/fxgl_dark.css
12:18:32.708 [FXGL Background Thread 1 ] DEBUG GameApplicationServi - Initializing application scenes
12:18:32.748 [FXGL Background Thread 1 ] DEBUG GameWorld            - Game world initialized
12:18:32.828 [FXGL Background Thread 1 ] DEBUG PhysicsWorld         - Physics world initialized: appHeight=720, physics.ppm=50.0
12:18:32.828 [FXGL Background Thread 1 ] DEBUG PhysicsWorld         - Using strategy: BRUTE_FORCE
12:18:32.836 [FXGL Background Thread 1 ] DEBUG GameScene            - Game scene initialized: 1280x720
12:18:32.853 [FXGL Background Thread 1 ] DEBUG FXGL.DefaultMenu     - createMenuBodyGameMenu()
12:18:32.868 [FXGL Background Thread 1 ] DEBUG FXGL.DefaultMenu     - createOptionsMenu()
12:18:32.879 [FXGL Background Thread 1 ] DEBUG FXGLAssetLoaderServi - Loading from file system: jar:file:///C:/Users/ryles/.m2/repository/com/github/almasb/fxgl/25/fxgl-25.jar!/fxglassets/textures/particles/smoke.png
12:18:32.982 [FXGL Background Thread 1 ] DEBUG FXGLAssetLoaderServi - Loading from file system: jar:file:///C:/Users/ryles/.m2/repository/com/github/almasb/fxgl/25/fxgl-25.jar!/fxglassets/textures/particles/trace_horizontal.png
12:18:33.022 [FXGL Background Thread 1 ] DEBUG GameApplicationServi - Application scenes initialized
12:18:33.036 [FXGL Background Thread 1 ] DEBUG SystemBundleService  - Loading FXGL system data
12:18:33.042 [FXGL Background Thread 1 ] DEBUG FileSystemAccess     - Reading from: C:\Users\ryles\Downloads\ComProg_Project\system\fxgl.bundle
12:18:33.053 [FXGL Background Thread 1 ] DEBUG SystemBundleService  - Bundle FXGL: {}
12:18:33.053 [FXGL Background Thread 1 ] DEBUG UpdaterService       - Checking for updates
12:18:33.059 [FXGL Background Thread 4 ] DEBUG FXGLApplication      - Loading fonts
12:18:33.060 [FXGL Background Thread 1 ] DEBUG FXGLApplication      - Loading default localization
12:18:33.061 [FXGL Background Thread 1 ] DEBUG FXGLAssetLoaderServi - Loading from file system: jar:file:///C:/Users/ryles/.m2/repository/com/github/almasb/fxgl/25/fxgl-25.jar!/fxglassets/languages/english.lang
12:18:33.078 [FXGL Background Thread 1 ] INFO  FXGLApplication      - FXGL initialization took: 0.512 sec
12:18:33.102 [JavaFX Application Thread] DEBUG Input                - Registered new binding: Move left - A
12:18:33.102 [JavaFX Application Thread] DEBUG Input                - Registered new binding: Move right - D
12:18:33.102 [JavaFX Application Thread] DEBUG Input                - Registered new binding: Move down - S
12:18:33.102 [JavaFX Application Thread] DEBUG Input                - Registered new binding: Move up - W
12:18:33.103 [JavaFX Application Thread] DEBUG Input                - Registered new binding: Shoot - Space
12:18:33.103 [JavaFX Application Thread] DEBUG FXGLAssetLoaderServi - Loading from file system: jar:file:///C:/Users/ryles/.m2/repository/com/github/almasb/fxgl/25/fxgl-25.jar!/fxglassets/textures/fxgl_icon.png
12:18:33.108 [FXGL Background Thread 4 ] DEBUG FXGLAssetLoaderServi - Loading from file system: jar:file:///C:/Users/ryles/.m2/repository/com/github/almasb/fxgl/25/fxgl-25.jar!/fxglassets/ui/fonts/Abel-Regular.ttf
12:18:33.114 [FXGL Background Thread 4 ] DEBUG FXGLAssetLoaderServi - Loading from file system: jar:file:///C:/Users/ryles/.m2/repository/com/github/almasb/fxgl/25/fxgl-25.jar!/fxglassets/ui/fonts/TerminalLandMono-Regular.otf
12:18:33.119 [FXGL Background Thread 4 ] DEBUG FXGLAssetLoaderServi - Loading from file system: jar:file:///C:/Users/ryles/.m2/repository/com/github/almasb/fxgl/25/fxgl-25.jar!/fxglassets/ui/fonts/Courier-Prime.ttf
12:18:33.135 [JavaFX Application Thread] DEBUG FXGLAssetLoaderServi - Loading from file system: jar:file:///C:/Users/ryles/.m2/repository/com/github/almasb/fxgl/25/fxgl-25.jar!/fxglassets/textures/fxgl_default_cursor.png
12:18:33.139 [JavaFX Application Thread] DEBUG Input                - Registered new binding: Screenshot - CTRL+8
12:18:33.139 [JavaFX Application Thread] DEBUG Input                - Registered new binding: System info dump - CTRL+9
12:18:33.140 [JavaFX Application Thread] DEBUG Input                - Registered new binding: Restart - CTRL+R
12:18:33.141 [JavaFX Application Thread] DEBUG Input                - Registered new binding: Toggle Debug Camera - CTRL+7
12:18:33.144 [JavaFX Application Thread] DEBUG LoopRunner           - Starting loop
12:18:33.145 [JavaFX Application Thread] DEBUG LoopRunner           - Initializing JavaFX AnimationTimerLoop
12:18:33.147 [JavaFX Application Thread] DEBUG GameApplicationServi - Starting new game
12:18:33.147 [JavaFX Application Thread] DEBUG Input                - Clearing active input actions
12:18:33.168 [JavaFX Application Thread] DEBUG GameApplicationServi - Removing overlay from FXGLStartupScene and adding to FXGLLoadingScene
12:18:33.169 [JavaFX Application Thread] DEBUG PrimaryStageWindow   - FXGLStartupScene -> FXGLLoadingScene
12:18:33.169 [JavaFX Application Thread] DEBUG GameApplicationServi - Clearing previous game
12:18:33.169 [JavaFX Application Thread] DEBUG GameScene            - Clearing game scene
12:18:33.169 [JavaFX Application Thread] DEBUG GameWorld            - Clearing game world
12:18:33.169 [JavaFX Application Thread] DEBUG PhysicsWorld         - Clearing physics world
12:18:33.172 [FXGL Background Thread 4 ] DEBUG FXGLApplication      - Initializing game
12:18:33.172 [JavaFX Application Thread] DEBUG FXGLApplication      - Registering font factories with UI factory
12:18:33.189 [FXGL Background Thread 4 ] DEBUG FXGLAssetLoaderServi - Loading from file system: file:/C:/Users/ryles/Downloads/ComProg_Project/target/classes/assets/textures/background.png
12:18:33.414 [FXGL Background Thread 4 ] DEBUG FXGLAssetLoaderServi - Loading from file system: file:/C:/Users/ryles/Downloads/ComProg_Project/target/classes/assets/textures/background_stars1.png
12:18:33.684 [FXGL Background Thread 4 ] DEBUG FXGLAssetLoaderServi - Loading from file system: file:/C:/Users/ryles/Downloads/ComProg_Project/target/classes/assets/textures/background_stars2.png
12:18:33.754 [FXGL Background Thread 4 ] DEBUG FXGLAssetLoaderServi - Loading from file system: file:/C:/Users/ryles/Downloads/ComProg_Project/target/classes/assets/textures/background_stars3.png
12:18:33.834 [FXGL Background Thread 4 ] DEBUG FXGLAssetLoaderServi - Loading from file system: file:/C:/Users/ryles/Downloads/ComProg_Project/target/classes/assets/textures/background_cloud1.png
12:18:33.853 [FXGL Background Thread 4 ] DEBUG FXGLAssetLoaderServi - Loading from file system: file:/C:/Users/ryles/Downloads/ComProg_Project/target/classes/assets/textures/background_cloud2.png
12:18:33.874 [FXGL Background Thread 4 ] DEBUG FXGLAssetLoaderServi - Loading from file system: file:/C:/Users/ryles/Downloads/ComProg_Project/target/classes/assets/textures/background_mist1.png
12:18:33.894 [FXGL Background Thread 4 ] DEBUG FXGLAssetLoaderServi - Loading from file system: file:/C:/Users/ryles/Downloads/ComProg_Project/target/classes/assets/textures/background_hills.png
12:18:33.930 [FXGL Background Thread 4 ] DEBUG FXGLAssetLoaderServi - Loading from file system: file:/C:/Users/ryles/Downloads/ComProg_Project/target/classes/assets/textures/background_forest.png
12:18:33.948 [FXGL Background Thread 4 ] DEBUG FXGLAssetLoaderServi - Loading from file system: file:/C:/Users/ryles/Downloads/ComProg_Project/target/classes/assets/textures/background_large_forest.png
12:18:33.982 [FXGL Background Thread 4 ] DEBUG FXGLAssetLoaderServi - Loading from file system: file:/C:/Users/ryles/Downloads/ComProg_Project/target/classes/assets/textures/idle_sprite.png
12:18:33.987 [FXGL Background Thread 4 ] DEBUG FXGLAssetLoaderServi - Loading from file system: file:/C:/Users/ryles/Downloads/ComProg_Project/target/classes/assets/textures/down_sprite.png
12:18:34.001 [FXGL Background Thread 4 ] DEBUG FXGLAssetLoaderServi - Loading from file system: file:/C:/Users/ryles/Downloads/ComProg_Project/target/classes/assets/textures/up_sprite.png
12:18:34.015 [FXGL Background Thread 4 ] DEBUG FXGLAssetLoaderServi - Loading from file system: file:/C:/Users/ryles/Downloads/ComProg_Project/target/classes/assets/music/main_music.wav
12:18:34.159 [FXGL Background Thread 4 ] DEBUG AudioPlayer          - Playing music com.almasb.fxgl.audio.Music@4bab06a7
12:18:34.166 [FXGL Background Thread 4 ] INFO  FXGLApplication      - Game initialization took: 0.994 sec
12:18:34.167 [JavaFX Application Thread] DEBUG Input                - Clearing active input actions
12:18:34.176 [JavaFX Application Thread] DEBUG GameApplicationServi - Removing overlay from FXGLLoadingScene and adding to GameScene
12:18:34.177 [JavaFX Application Thread] DEBUG PrimaryStageWindow   - FXGLLoadingScene -> GameScene
12:18:36.058 [FXGL Background Thread 3 ] DEBUG Engine               - Logging environment variables
12:18:36.061 [FXGL Background Thread 3 ] DEBUG Engine               - achievements: []
12:18:36.061 [FXGL Background Thread 3 ] DEBUG Engine               - actualHeight: 720.0
12:18:36.061 [FXGL Background Thread 3 ] DEBUG Engine               - actualHeightProperty: ReadOnlyDoubleProperty [value: 720.0]
12:18:36.061 [FXGL Background Thread 3 ] DEBUG Engine               - actualWidth: 1280.0
12:18:36.061 [FXGL Background Thread 3 ] DEBUG Engine               - actualWidthProperty: ReadOnlyDoubleProperty [value: 1280.0]
12:18:36.062 [FXGL Background Thread 3 ] DEBUG Engine               - appIcon: fxgl_icon.png
12:18:36.062 [FXGL Background Thread 3 ] DEBUG Engine               - applicationMode: DEVELOPER
12:18:36.062 [FXGL Background Thread 3 ] DEBUG Engine               - cSSList: [fxgl_dark.css]
12:18:36.062 [FXGL Background Thread 3 ] DEBUG Engine               - collisionDetectionStrategy: BRUTE_FORCE
12:18:36.062 [FXGL Background Thread 3 ] DEBUG Engine               - configClass: Optional.empty
12:18:36.062 [FXGL Background Thread 3 ] DEBUG Engine               - credits: []
12:18:36.063 [FXGL Background Thread 3 ] DEBUG Engine               - defaultCursor: CursorInfo(imageName=fxgl_default_cursor.png, hotspotX=7.0, hotspotY=6.0)
12:18:36.063 [FXGL Background Thread 3 ] DEBUG Engine               - devBBoxColorProperty: ObjectProperty [value: 0xff0000ff]
12:18:36.063 [FXGL Background Thread 3 ] DEBUG Engine               - devEnableDebugCameraProperty: BooleanProperty [value: false]
12:18:36.063 [FXGL Background Thread 3 ] DEBUG Engine               - devSensorColorProperty: ObjectProperty [value: 0xffff00ff]
12:18:36.063 [FXGL Background Thread 3 ] DEBUG Engine               - devShowBBoxProperty: BooleanProperty [value: false]
12:18:36.063 [FXGL Background Thread 3 ] DEBUG Engine               - devShowPositionProperty: BooleanProperty [value: false]
12:18:36.064 [FXGL Background Thread 3 ] DEBUG Engine               - enabledMenuItems: []
12:18:36.064 [FXGL Background Thread 3 ] DEBUG Engine               - engineServices: [class com.almasb.fxgl.app.services.FXGLAssetLoaderService, class com.almasb.fxgl.app.FXGLApplication$GameApplicationService, class com.almasb.fxgl.app.services.FXGLDialogService, class com.almasb.fxgl.app.services.IOTaskExecutorService, class com.almasb.fxgl.io.FileSystemService, class com.almasb.fxgl.localization.LocalizationService, class com.almasb.fxgl.app.services.SystemBundleService, class com.almasb.fxgl.profile.SaveLoadService, class com.almasb.fxgl.ui.FXGLUIFactoryServiceProvider, class com.almasb.fxgl.ui.FXGLDialogFactoryServiceProvider, class com.almasb.fxgl.audio.AudioPlayer, class com.almasb.fxgl.notification.impl.NotificationServiceProvider, class com.almasb.fxgl.achievement.AchievementService, class com.almasb.fxgl.cutscene.CutsceneService, class com.almasb.fxgl.minigames.MiniGameService, class com.almasb.fxgl.net.NetService, class com.almasb.fxgl.app.services.UpdaterService, class com.almasb.fxgl.dev.DevService]
12:18:36.064 [FXGL Background Thread 3 ] DEBUG Engine               - fontGame: Abel-Regular.ttf
12:18:36.064 [FXGL Background Thread 3 ] DEBUG Engine               - fontMono: TerminalLandMono-Regular.otf
12:18:36.064 [FXGL Background Thread 3 ] DEBUG Engine               - fontSizeScaleUI: 1.0
12:18:36.064 [FXGL Background Thread 3 ] DEBUG Engine               - fontText: Courier-Prime.ttf
12:18:36.064 [FXGL Background Thread 3 ] DEBUG Engine               - fontUI: VarelaRound-Regular.ttf
12:18:36.065 [FXGL Background Thread 3 ] DEBUG Engine               - fpsRefreshRate: 500.0 ms
12:18:36.065 [FXGL Background Thread 3 ] DEBUG Engine               - fullScreen: BooleanProperty [value: false]
12:18:36.065 [FXGL Background Thread 3 ] DEBUG Engine               - gameDifficulty: MEDIUM
12:18:36.065 [FXGL Background Thread 3 ] DEBUG Engine               - gameDifficultyProperty: ObjectProperty [value: MEDIUM]
12:18:36.065 [FXGL Background Thread 3 ] DEBUG Engine               - globalMusicVolume: 0.5
12:18:36.065 [FXGL Background Thread 3 ] DEBUG Engine               - globalMusicVolumeProperty: DoubleProperty [value: 0.5]
12:18:36.065 [FXGL Background Thread 3 ] DEBUG Engine               - globalSoundVolume: 0.5
12:18:36.065 [FXGL Background Thread 3 ] DEBUG Engine               - globalSoundVolumeProperty: DoubleProperty [value: 0.5]
12:18:36.066 [FXGL Background Thread 3 ] DEBUG Engine               - height: 720
12:18:36.066 [FXGL Background Thread 3 ] DEBUG Engine               - is3D: false
12:18:36.066 [FXGL Background Thread 3 ] DEBUG Engine               - isAndroid: false
12:18:36.066 [FXGL Background Thread 3 ] DEBUG Engine               - isBrowser: false
12:18:36.066 [FXGL Background Thread 3 ] DEBUG Engine               - isClickFeedbackEnabled: false
12:18:36.066 [FXGL Background Thread 3 ] DEBUG Engine               - isCloseConfirmation: false
12:18:36.066 [FXGL Background Thread 3 ] DEBUG Engine               - isDesktop: true
12:18:36.066 [FXGL Background Thread 3 ] DEBUG Engine               - isDeveloperMenuEnabled: false
12:18:36.066 [FXGL Background Thread 3 ] DEBUG Engine               - isEmbedded: false
12:18:36.066 [FXGL Background Thread 3 ] DEBUG Engine               - isEntityPreloadEnabled: true
12:18:36.066 [FXGL Background Thread 3 ] DEBUG Engine               - isExperimentalTiledLargeMap: false
12:18:36.066 [FXGL Background Thread 3 ] DEBUG Engine               - isFileSystemWriteAllowed: true
12:18:36.067 [FXGL Background Thread 3 ] DEBUG Engine               - isFullScreenAllowed: false
12:18:36.067 [FXGL Background Thread 3 ] DEBUG Engine               - isFullScreenFromStart: false
12:18:36.067 [FXGL Background Thread 3 ] DEBUG Engine               - isGameMenuEnabled: true
12:18:36.067 [FXGL Background Thread 3 ] DEBUG Engine               - isIOS: false
12:18:36.067 [FXGL Background Thread 3 ] DEBUG Engine               - isIntroEnabled: false
12:18:36.067 [FXGL Background Thread 3 ] DEBUG Engine               - isLinux: false
12:18:36.067 [FXGL Background Thread 3 ] DEBUG Engine               - isMac: false
12:18:36.067 [FXGL Background Thread 3 ] DEBUG Engine               - isMainMenuEnabled: false
12:18:36.067 [FXGL Background Thread 3 ] DEBUG Engine               - isManualResizeEnabled: false
12:18:36.067 [FXGL Background Thread 3 ] DEBUG Engine               - isMobile: false
12:18:36.067 [FXGL Background Thread 3 ] DEBUG Engine               - isNative: false
12:18:36.067 [FXGL Background Thread 3 ] DEBUG Engine               - isPauseMusicWhenMinimized: true
12:18:36.067 [FXGL Background Thread 3 ] DEBUG Engine               - isPreserveResizeRatio: false
12:18:36.067 [FXGL Background Thread 3 ] DEBUG Engine               - isProfilingEnabled: false
12:18:36.067 [FXGL Background Thread 3 ] DEBUG Engine               - isScaleAffectedOnResize: true
12:18:36.067 [FXGL Background Thread 3 ] DEBUG Engine               - isSingleStep: false
12:18:36.067 [FXGL Background Thread 3 ] DEBUG Engine               - isUserProfileEnabled: false
12:18:36.067 [FXGL Background Thread 3 ] DEBUG Engine               - isWindows: true
12:18:36.068 [FXGL Background Thread 3 ] DEBUG Engine               - language: ObjectProperty [value: ENGLISH]
12:18:36.068 [FXGL Background Thread 3 ] DEBUG Engine               - menuKey: ESCAPE
12:18:36.068 [FXGL Background Thread 3 ] DEBUG Engine               - mouseSensitivity: 0.2
12:18:36.068 [FXGL Background Thread 3 ] DEBUG Engine               - notificationViewClass: class com.almasb.fxgl.notification.view.XboxNotificationView
12:18:36.068 [FXGL Background Thread 3 ] DEBUG Engine               - pixelsPerMeter: 50.0
12:18:36.068 [FXGL Background Thread 3 ] DEBUG Engine               - platform: WINDOWS
12:18:36.068 [FXGL Background Thread 3 ] DEBUG Engine               - prefHeightProperty: ReadOnlyDoubleProperty [value: 720.0]
12:18:36.068 [FXGL Background Thread 3 ] DEBUG Engine               - prefWidthProperty: ReadOnlyDoubleProperty [value: 1280.0]
12:18:36.068 [FXGL Background Thread 3 ] DEBUG Engine               - profileDir: profiles/
12:18:36.068 [FXGL Background Thread 3 ] DEBUG Engine               - profileName: StringProperty [value: DEFAULT]
12:18:36.068 [FXGL Background Thread 3 ] DEBUG Engine               - randomSeed: -1
12:18:36.068 [FXGL Background Thread 3 ] DEBUG Engine               - runtimeInfo: RuntimeInfo(platform=WINDOWS, version=25, build=05.02.2026 22.57)
12:18:36.068 [FXGL Background Thread 3 ] DEBUG Engine               - saveFileExt: sav
12:18:36.068 [FXGL Background Thread 3 ] DEBUG Engine               - scaledHeightProp$fxgl: DoubleProperty [bound, value: 720.0]
12:18:36.068 [FXGL Background Thread 3 ] DEBUG Engine               - scaledWidthProp$fxgl: DoubleProperty [bound, value: 1280.0]
12:18:36.068 [FXGL Background Thread 3 ] DEBUG Engine               - sceneFactory: com.almasb.fxgl.app.scene.SceneFactory@45f533fa
12:18:36.068 [FXGL Background Thread 3 ] DEBUG Engine               - secondsIn24h: 60
12:18:36.068 [FXGL Background Thread 3 ] DEBUG Engine               - soundMenuBack: menu/back.wav
12:18:36.068 [FXGL Background Thread 3 ] DEBUG Engine               - soundMenuPress: menu/press.wav
12:18:36.068 [FXGL Background Thread 3 ] DEBUG Engine               - soundMenuSelect: menu/select.wav
12:18:36.068 [FXGL Background Thread 3 ] DEBUG Engine               - soundNotification: core/notification.wav
12:18:36.068 [FXGL Background Thread 3 ] DEBUG Engine               - stageStyle: DECORATED
12:18:36.068 [FXGL Background Thread 3 ] DEBUG Engine               - supportedLanguages: [ENGLISH, FRENCH, GERMAN, HUNGARIAN, RUSSIAN]
12:18:36.069 [FXGL Background Thread 3 ] DEBUG Engine               - ticksPerSecond: -1
12:18:36.069 [FXGL Background Thread 3 ] DEBUG Engine               - title: Untitled
12:18:36.069 [FXGL Background Thread 3 ] DEBUG Engine               - urlGithub: https://github.com/AlmasB/FXGL
12:18:36.069 [FXGL Background Thread 3 ] DEBUG Engine               - urlLeaderboard: http://fxgl-top.herokuapp.com/
12:18:36.069 [FXGL Background Thread 3 ] DEBUG Engine               - urlPOM: https://raw.githubusercontent.com/AlmasB/FXGL/release/README.md
12:18:36.069 [FXGL Background Thread 3 ] DEBUG Engine               - userAppClass: class org.group1.GamePackage.Application
12:18:36.069 [FXGL Background Thread 3 ] DEBUG Engine               - version: 0.0
12:18:36.069 [FXGL Background Thread 3 ] DEBUG Engine               - versionCheckDays: 7
12:18:36.069 [FXGL Background Thread 3 ] DEBUG Engine               - width: 1280
12:18:36.069 [FXGL Background Thread 3 ] DEBUG Engine               - Logging services
12:18:36.069 [FXGL Background Thread 3 ] DEBUG Engine               - class com.almasb.fxgl.app.services.FXGLAssetLoaderService
12:18:36.069 [FXGL Background Thread 3 ] DEBUG Engine               - class com.almasb.fxgl.app.FXGLApplication$GameApplicationService
12:18:36.069 [FXGL Background Thread 3 ] DEBUG Engine               - class com.almasb.fxgl.app.services.FXGLDialogService
12:18:36.069 [FXGL Background Thread 3 ] DEBUG Engine               - class com.almasb.fxgl.app.services.IOTaskExecutorService
12:18:36.069 [FXGL Background Thread 3 ] DEBUG Engine               - class com.almasb.fxgl.io.FileSystemService
12:18:36.069 [FXGL Background Thread 3 ] DEBUG Engine               - class com.almasb.fxgl.localization.LocalizationService
12:18:36.069 [FXGL Background Thread 3 ] DEBUG Engine               - class com.almasb.fxgl.app.services.SystemBundleService
12:18:36.069 [FXGL Background Thread 3 ] DEBUG Engine               - class com.almasb.fxgl.profile.SaveLoadService
12:18:36.069 [FXGL Background Thread 3 ] DEBUG Engine               - class com.almasb.fxgl.ui.FXGLUIFactoryServiceProvider
12:18:36.069 [FXGL Background Thread 3 ] DEBUG Engine               - class com.almasb.fxgl.ui.FXGLDialogFactoryServiceProvider
12:18:36.069 [FXGL Background Thread 3 ] DEBUG Engine               - class com.almasb.fxgl.audio.AudioPlayer
12:18:36.069 [FXGL Background Thread 3 ] DEBUG Engine               - class com.almasb.fxgl.notification.impl.NotificationServiceProvider
12:18:36.069 [FXGL Background Thread 3 ] DEBUG Engine               - class com.almasb.fxgl.achievement.AchievementService
12:18:36.069 [FXGL Background Thread 3 ] DEBUG Engine               - class com.almasb.fxgl.cutscene.CutsceneService
12:18:36.071 [FXGL Background Thread 3 ] DEBUG Engine               - class com.almasb.fxgl.minigames.MiniGameService
12:18:36.071 [FXGL Background Thread 3 ] DEBUG Engine               - class com.almasb.fxgl.net.NetService
12:18:36.071 [FXGL Background Thread 3 ] DEBUG Engine               - class com.almasb.fxgl.app.services.UpdaterService
12:18:36.071 [FXGL Background Thread 3 ] DEBUG Engine               - class com.almasb.fxgl.dev.DevService
12:18:36.594 [JavaFX Application Thread] DEBUG FXGLAssetLoaderServi - Loading from file system: file:/C:/Users/ryles/Downloads/ComProg_Project/target/classes/assets/textures/bullet_sprite.png
12:18:37.168 [JavaFX Application Thread] DEBUG FXGLAssetLoaderServi - Loading from file system: file:/C:/Users/ryles/Downloads/ComProg_Project/target/classes/assets/textures/enemy_sprite.png
12:18:37.174 [JavaFX Application Thread] DEBUG FXGLAssetLoaderServi - Loading from file system: file:/C:/Users/ryles/Downloads/ComProg_Project/target/classes/assets/textures/explosion_sprite.png
12:18:37.258 [JavaFX Application Thread] DEBUG FXGLAssetLoaderServi - Loading from file system: file:/C:/Users/ryles/Downloads/ComProg_Project/target/classes/assets/sounds/death_sound.wav
12:18:47.369 [JavaFX Application Thread] DEBUG FXGLApplication      - Exiting FXGL
12:18:47.369 [JavaFX Application Thread] DEBUG LoopRunner           - Stopping loop
12:18:47.369 [JavaFX Application Thread] DEBUG SystemBundleService  - Saving FXGL system data
12:18:47.374 [JavaFX Application Thread] DEBUG FileSystemAccess     - Writing to: C:\Users\ryles\Downloads\ComProg_Project\system\fxgl.bundle
12:18:47.376 [JavaFX Application Thread] DEBUG Async                - Shutting down background threads
12:18:47.376 [JavaFX Application Thread] DEBUG PrimaryStageWindow   - Closing main window
12:18:47.402 [JavaFX Application Thread] DEBUG Logger               - Closing Logger
