16:23:18.091 [main                     ] DEBUG Logger               - Configured Logger
16:23:18.097 [main                     ] DEBUG GameApplication      - Logging settings
Title: Untitled
Version: 0.0
Width: 1280
Height: 720
Fullscreen: false
Intro: false
Profiling: false
Single step:false
App Mode: DEVELOPER
Menu Key: ESCAPE
Stage Style: DECORATED
Scene Factory: class org.group1.GamePackage.Factory.MainSceneFactory

16:23:18.383 [JavaFX Application Thread] DEBUG FXGLApplication      - Initializing FXGL
16:23:18.387 [JavaFX Application Thread] INFO  Engine               - FXGL-25 (05.02.2026 22.57) on LINUX (J:25.0.2 FX:21.0.6)
16:23:18.387 [JavaFX Application Thread] DEBUG Engine               - JRE Vendor Name: Arch Linux
16:23:18.387 [JavaFX Application Thread] DEBUG Engine               - Running on OS: Linux version 6.18.20-1-lts
16:23:18.387 [JavaFX Application Thread] DEBUG Engine               - Architecture: amd64
16:23:18.387 [JavaFX Application Thread] INFO  Engine               - Source code and latest versions at: https://github.com/AlmasB/FXGL
16:23:18.388 [JavaFX Application Thread] INFO  Engine               -       Ask questions and discuss at: https://github.com/AlmasB/FXGL/discussions
16:23:18.462 [JavaFX Application Thread] DEBUG PrimaryStageWindow   - Creating a JavaFX scene
16:23:18.541 [JavaFX Application Thread] DEBUG PrimaryStageWindow   - Target settings size: 1280.0 x 720.0
16:23:18.541 [JavaFX Application Thread] DEBUG PrimaryStageWindow   - Scaled scene size:    1280.0 x 720.0
16:23:18.541 [JavaFX Application Thread] DEBUG PrimaryStageWindow   - Scaled ratio: (1.0, 1.0)
16:23:18.542 [JavaFX Application Thread] DEBUG PrimaryStageWindow   - Set initial scene to FXGLStartupScene
16:23:18.545 [JavaFX Application Thread] DEBUG PrimaryStageWindow   - Opening main window
16:23:18.574 [JavaFX Application Thread] DEBUG PrimaryStageWindow   - Window border size: (0.0, 35.0)
16:23:18.574 [JavaFX Application Thread] DEBUG PrimaryStageWindow   - Scaled size: 1280.0 x 685.0
16:23:18.574 [JavaFX Application Thread] DEBUG PrimaryStageWindow   - Scaled ratio: (1.0, 0.9513888888888888)
16:23:18.574 [JavaFX Application Thread] DEBUG PrimaryStageWindow   - Scene size: 1280.0 x 720.0
16:23:18.575 [JavaFX Application Thread] DEBUG PrimaryStageWindow   - Stage size: 1280.0 x 720.0
16:23:18.580 [FXGL Background Thread 1 ] DEBUG Engine               - Initializing environment variables
16:23:18.637 [FXGL Background Thread 1 ] DEBUG FXGLAssetLoaderServi - User app class for loading assets: class org.group1.GamePackage.Application
16:23:18.637 [FXGL Background Thread 1 ] DEBUG GameApplicationServi - Applying CSS: fxgl_dark.css
16:23:18.638 [FXGL Background Thread 1 ] DEBUG FXGLAssetLoaderServi - Loading from file system: jar:file:///home/me/.m2/repository/com/github/almasb/fxgl/25/fxgl-25.jar!/fxglassets/ui/css/fxgl_dark.css
16:23:18.686 [FXGL Background Thread 1 ] DEBUG GameApplicationServi - Initializing application scenes
16:23:18.689 [FXGL Background Thread 1 ] DEBUG FXGLAssetLoaderServi - Loading from file system: file:/home/me/projects/ComProg_Project/target/classes/assets/textures/background.png
16:23:18.815 [FXGL Background Thread 1 ] DEBUG FXGLAssetLoaderServi - Loading from file system: file:/home/me/projects/ComProg_Project/target/classes/assets/textures/background_stars1.png
16:23:18.870 [FXGL Background Thread 1 ] DEBUG FXGLAssetLoaderServi - Loading from file system: file:/home/me/projects/ComProg_Project/target/classes/assets/textures/background_stars2.png
16:23:18.918 [FXGL Background Thread 1 ] DEBUG FXGLAssetLoaderServi - Loading from file system: file:/home/me/projects/ComProg_Project/target/classes/assets/textures/background_stars3.png
16:23:18.954 [FXGL Background Thread 1 ] DEBUG FXGLAssetLoaderServi - Loading from file system: file:/home/me/projects/ComProg_Project/target/classes/assets/textures/background_cloud1.png
16:23:18.962 [FXGL Background Thread 1 ] DEBUG FXGLAssetLoaderServi - Loading from file system: file:/home/me/projects/ComProg_Project/target/classes/assets/textures/background_cloud2.png
16:23:18.974 [FXGL Background Thread 1 ] DEBUG FXGLAssetLoaderServi - Loading from file system: file:/home/me/projects/ComProg_Project/target/classes/assets/textures/background_mist1.png
16:23:18.983 [FXGL Background Thread 1 ] DEBUG FXGLAssetLoaderServi - Loading from file system: file:/home/me/projects/ComProg_Project/target/classes/assets/textures/background_hills.png
16:23:19.002 [FXGL Background Thread 1 ] DEBUG FXGLAssetLoaderServi - Loading from file system: file:/home/me/projects/ComProg_Project/target/classes/assets/textures/background_forest.png
16:23:19.013 [FXGL Background Thread 1 ] DEBUG FXGLAssetLoaderServi - Loading from file system: file:/home/me/projects/ComProg_Project/target/classes/assets/textures/background_large_forest.png
16:23:19.077 [FXGL Background Thread 1 ] DEBUG GameWorld            - Game world initialized
16:23:19.110 [FXGL Background Thread 1 ] DEBUG PhysicsWorld         - Physics world initialized: appHeight=720, physics.ppm=50.0
16:23:19.110 [FXGL Background Thread 1 ] DEBUG PhysicsWorld         - Using strategy: BRUTE_FORCE
16:23:19.114 [FXGL Background Thread 1 ] DEBUG GameScene            - Game scene initialized: 1280x720
16:23:19.128 [FXGL Background Thread 1 ] DEBUG FXGL.DefaultMenu     - createMenuBodyGameMenu()
16:23:19.134 [FXGL Background Thread 1 ] DEBUG FXGL.DefaultMenu     - createOptionsMenu()
16:23:19.140 [FXGL Background Thread 1 ] DEBUG FXGLAssetLoaderServi - Loading from file system: jar:file:///home/me/.m2/repository/com/github/almasb/fxgl/25/fxgl-25.jar!/fxglassets/textures/particles/smoke.png
16:23:19.205 [FXGL Background Thread 1 ] DEBUG FXGLAssetLoaderServi - Loading from file system: jar:file:///home/me/.m2/repository/com/github/almasb/fxgl/25/fxgl-25.jar!/fxglassets/textures/particles/trace_horizontal.png
16:23:19.227 [FXGL Background Thread 1 ] DEBUG GameApplicationServi - Application scenes initialized
16:23:19.237 [FXGL Background Thread 1 ] DEBUG SystemBundleService  - Loading FXGL system data
16:23:19.240 [FXGL Background Thread 1 ] DEBUG FileSystemAccess     - Reading from: /home/me/projects/ComProg_Project/system/fxgl.bundle
16:23:19.245 [FXGL Background Thread 1 ] DEBUG SystemBundleService  - Bundle FXGL: {}
16:23:19.246 [FXGL Background Thread 1 ] DEBUG UpdaterService       - Checking for updates
16:23:19.249 [FXGL Background Thread 4 ] DEBUG FXGLApplication      - Loading fonts
16:23:19.250 [FXGL Background Thread 4 ] DEBUG FXGLAssetLoaderServi - Loading from file system: jar:file:///home/me/.m2/repository/com/github/almasb/fxgl/25/fxgl-25.jar!/fxglassets/ui/fonts/VarelaRound-Regular.ttf
16:23:19.250 [FXGL Background Thread 1 ] DEBUG FXGLApplication      - Loading default localization
16:23:19.251 [FXGL Background Thread 1 ] DEBUG FXGLAssetLoaderServi - Loading from file system: jar:file:///home/me/.m2/repository/com/github/almasb/fxgl/25/fxgl-25.jar!/fxglassets/languages/english.lang
16:23:19.256 [FXGL Background Thread 4 ] DEBUG FXGLAssetLoaderServi - Loading from file system: jar:file:///home/me/.m2/repository/com/github/almasb/fxgl/25/fxgl-25.jar!/fxglassets/ui/fonts/Abel-Regular.ttf
16:23:19.258 [FXGL Background Thread 4 ] DEBUG FXGLAssetLoaderServi - Loading from file system: jar:file:///home/me/.m2/repository/com/github/almasb/fxgl/25/fxgl-25.jar!/fxglassets/ui/fonts/TerminalLandMono-Regular.otf
16:23:19.260 [FXGL Background Thread 4 ] DEBUG FXGLAssetLoaderServi - Loading from file system: jar:file:///home/me/.m2/repository/com/github/almasb/fxgl/25/fxgl-25.jar!/fxglassets/ui/fonts/Courier-Prime.ttf
16:23:19.263 [FXGL Background Thread 1 ] INFO  FXGLApplication      - FXGL initialization took: 0.683 sec
16:23:19.276 [JavaFX Application Thread] DEBUG Input                - Registered new binding: Move left - A
16:23:19.276 [JavaFX Application Thread] DEBUG Input                - Registered new binding: Move right - D
16:23:19.277 [JavaFX Application Thread] DEBUG Input                - Registered new binding: Move down - S
16:23:19.277 [JavaFX Application Thread] DEBUG Input                - Registered new binding: Move up - W
16:23:19.277 [JavaFX Application Thread] DEBUG Input                - Registered new binding: Shoot - Space
16:23:19.277 [JavaFX Application Thread] DEBUG Input                - Registered new binding: Switch to Fire Bullet - Q
16:23:19.277 [JavaFX Application Thread] DEBUG Input                - Registered new binding: Switch to Ice Bullet - E
16:23:19.278 [JavaFX Application Thread] DEBUG FXGLAssetLoaderServi - Loading from file system: jar:file:///home/me/.m2/repository/com/github/almasb/fxgl/25/fxgl-25.jar!/fxglassets/textures/fxgl_icon.png
16:23:19.294 [JavaFX Application Thread] DEBUG FXGLAssetLoaderServi - Loading from file system: jar:file:///home/me/.m2/repository/com/github/almasb/fxgl/25/fxgl-25.jar!/fxglassets/textures/fxgl_default_cursor.png
16:23:19.296 [JavaFX Application Thread] DEBUG Input                - Registered new binding: Screenshot - CTRL+8
16:23:19.296 [JavaFX Application Thread] DEBUG Input                - Registered new binding: System info dump - CTRL+9
16:23:19.296 [JavaFX Application Thread] DEBUG Input                - Registered new binding: Restart - CTRL+R
16:23:19.297 [JavaFX Application Thread] DEBUG Input                - Registered new binding: Toggle Debug Camera - CTRL+7
16:23:19.299 [JavaFX Application Thread] DEBUG LoopRunner           - Starting loop
16:23:19.299 [JavaFX Application Thread] DEBUG LoopRunner           - Initializing JavaFX AnimationTimerLoop
16:23:19.301 [JavaFX Application Thread] DEBUG Input                - Clearing active input actions
16:23:19.312 [JavaFX Application Thread] DEBUG GameApplicationServi - Removing overlay from FXGLStartupScene and adding to FXGLMainMenuDummyScene
16:23:19.313 [JavaFX Application Thread] DEBUG PrimaryStageWindow   - FXGLStartupScene -> FXGLMainMenuDummyScene
16:23:19.313 [JavaFX Application Thread] DEBUG PrimaryStageWindow   - Push state: MenuInterface
16:23:19.313 [JavaFX Application Thread] DEBUG Input                - Clearing active input actions
16:23:19.323 [JavaFX Application Thread] DEBUG GameApplicationServi - Removing overlay from FXGLMainMenuDummyScene and adding to MenuInterface
16:23:19.323 [JavaFX Application Thread] DEBUG PrimaryStageWindow   - FXGLMainMenuDummyScene -> MenuInterface
16:23:19.324 [JavaFX Application Thread] DEBUG FXGLApplication      - Registering font factories with UI factory
16:23:22.248 [FXGL Background Thread 3 ] DEBUG Engine               - Logging environment variables
16:23:22.250 [FXGL Background Thread 3 ] DEBUG Engine               - achievements: []
16:23:22.250 [FXGL Background Thread 3 ] DEBUG Engine               - actualHeight: 719.0
16:23:22.250 [FXGL Background Thread 3 ] DEBUG Engine               - actualHeightProperty: ReadOnlyDoubleProperty [value: 719.0]
16:23:22.251 [FXGL Background Thread 3 ] DEBUG Engine               - actualWidth: 1290.0
16:23:22.251 [FXGL Background Thread 3 ] DEBUG Engine               - actualWidthProperty: ReadOnlyDoubleProperty [value: 1290.0]
16:23:22.251 [FXGL Background Thread 3 ] DEBUG Engine               - appIcon: fxgl_icon.png
16:23:22.251 [FXGL Background Thread 3 ] DEBUG Engine               - applicationMode: DEVELOPER
16:23:22.252 [FXGL Background Thread 3 ] DEBUG Engine               - cSSList: [fxgl_dark.css]
16:23:22.252 [FXGL Background Thread 3 ] DEBUG Engine               - collisionDetectionStrategy: BRUTE_FORCE
16:23:22.252 [FXGL Background Thread 3 ] DEBUG Engine               - configClass: Optional.empty
16:23:22.252 [FXGL Background Thread 3 ] DEBUG Engine               - credits: []
16:23:22.253 [FXGL Background Thread 3 ] DEBUG Engine               - defaultCursor: CursorInfo(imageName=fxgl_default_cursor.png, hotspotX=7.0, hotspotY=6.0)
16:23:22.253 [FXGL Background Thread 3 ] DEBUG Engine               - devBBoxColorProperty: ObjectProperty [value: 0xff0000ff]
16:23:22.254 [FXGL Background Thread 3 ] DEBUG Engine               - devEnableDebugCameraProperty: BooleanProperty [value: false]
16:23:22.254 [FXGL Background Thread 3 ] DEBUG Engine               - devSensorColorProperty: ObjectProperty [value: 0xffff00ff]
16:23:22.254 [FXGL Background Thread 3 ] DEBUG Engine               - devShowBBoxProperty: BooleanProperty [value: false]
16:23:22.255 [FXGL Background Thread 3 ] DEBUG Engine               - devShowPositionProperty: BooleanProperty [value: false]
16:23:22.255 [FXGL Background Thread 3 ] DEBUG Engine               - enabledMenuItems: []
16:23:22.255 [FXGL Background Thread 3 ] DEBUG Engine               - engineServices: [class com.almasb.fxgl.app.services.FXGLAssetLoaderService, class com.almasb.fxgl.app.FXGLApplication$GameApplicationService, class com.almasb.fxgl.app.services.FXGLDialogService, class com.almasb.fxgl.app.services.IOTaskExecutorService, class com.almasb.fxgl.io.FileSystemService, class com.almasb.fxgl.localization.LocalizationService, class com.almasb.fxgl.app.services.SystemBundleService, class com.almasb.fxgl.profile.SaveLoadService, class com.almasb.fxgl.ui.FXGLUIFactoryServiceProvider, class com.almasb.fxgl.ui.FXGLDialogFactoryServiceProvider, class com.almasb.fxgl.audio.AudioPlayer, class com.almasb.fxgl.notification.impl.NotificationServiceProvider, class com.almasb.fxgl.achievement.AchievementService, class com.almasb.fxgl.cutscene.CutsceneService, class com.almasb.fxgl.minigames.MiniGameService, class com.almasb.fxgl.net.NetService, class com.almasb.fxgl.app.services.UpdaterService, class com.almasb.fxgl.dev.DevService]
16:23:22.256 [FXGL Background Thread 3 ] DEBUG Engine               - fontGame: Abel-Regular.ttf
16:23:22.256 [FXGL Background Thread 3 ] DEBUG Engine               - fontMono: TerminalLandMono-Regular.otf
16:23:22.256 [FXGL Background Thread 3 ] DEBUG Engine               - fontSizeScaleUI: 1.0
16:23:22.256 [FXGL Background Thread 3 ] DEBUG Engine               - fontText: Courier-Prime.ttf
16:23:22.256 [FXGL Background Thread 3 ] DEBUG Engine               - fontUI: VarelaRound-Regular.ttf
16:23:22.258 [FXGL Background Thread 3 ] DEBUG Engine               - fpsRefreshRate: 500.0 ms
16:23:22.259 [FXGL Background Thread 3 ] DEBUG Engine               - fullScreen: BooleanProperty [value: false]
16:23:22.259 [FXGL Background Thread 3 ] DEBUG Engine               - gameDifficulty: MEDIUM
16:23:22.259 [FXGL Background Thread 3 ] DEBUG Engine               - gameDifficultyProperty: ObjectProperty [value: MEDIUM]
16:23:22.259 [FXGL Background Thread 3 ] DEBUG Engine               - globalMusicVolume: 0.5
16:23:22.260 [FXGL Background Thread 3 ] DEBUG Engine               - globalMusicVolumeProperty: DoubleProperty [value: 0.5]
16:23:22.260 [FXGL Background Thread 3 ] DEBUG Engine               - globalSoundVolume: 0.5
16:23:22.260 [FXGL Background Thread 3 ] DEBUG Engine               - globalSoundVolumeProperty: DoubleProperty [value: 0.5]
16:23:22.260 [FXGL Background Thread 3 ] DEBUG Engine               - height: 720
16:23:22.261 [FXGL Background Thread 3 ] DEBUG Engine               - is3D: false
16:23:22.261 [FXGL Background Thread 3 ] DEBUG Engine               - isAndroid: false
16:23:22.261 [FXGL Background Thread 3 ] DEBUG Engine               - isBrowser: false
16:23:22.261 [FXGL Background Thread 3 ] DEBUG Engine               - isClickFeedbackEnabled: false
16:23:22.261 [FXGL Background Thread 3 ] DEBUG Engine               - isCloseConfirmation: false
16:23:22.261 [FXGL Background Thread 3 ] DEBUG Engine               - isDesktop: true
16:23:22.262 [FXGL Background Thread 3 ] DEBUG Engine               - isDeveloperMenuEnabled: false
16:23:22.262 [FXGL Background Thread 3 ] DEBUG Engine               - isEmbedded: false
16:23:22.262 [FXGL Background Thread 3 ] DEBUG Engine               - isEntityPreloadEnabled: true
16:23:22.262 [FXGL Background Thread 3 ] DEBUG Engine               - isExperimentalTiledLargeMap: false
16:23:22.262 [FXGL Background Thread 3 ] DEBUG Engine               - isFileSystemWriteAllowed: true
16:23:22.263 [FXGL Background Thread 3 ] DEBUG Engine               - isFullScreenAllowed: false
16:23:22.263 [FXGL Background Thread 3 ] DEBUG Engine               - isFullScreenFromStart: false
16:23:22.263 [FXGL Background Thread 3 ] DEBUG Engine               - isGameMenuEnabled: true
16:23:22.263 [FXGL Background Thread 3 ] DEBUG Engine               - isIOS: false
16:23:22.263 [FXGL Background Thread 3 ] DEBUG Engine               - isIntroEnabled: false
16:23:22.264 [FXGL Background Thread 3 ] DEBUG Engine               - isLinux: true
16:23:22.264 [FXGL Background Thread 3 ] DEBUG Engine               - isMac: false
16:23:22.264 [FXGL Background Thread 3 ] DEBUG Engine               - isMainMenuEnabled: true
16:23:22.264 [FXGL Background Thread 3 ] DEBUG Engine               - isManualResizeEnabled: false
16:23:22.264 [FXGL Background Thread 3 ] DEBUG Engine               - isMobile: false
16:23:22.264 [FXGL Background Thread 3 ] DEBUG Engine               - isNative: false
16:23:22.264 [FXGL Background Thread 3 ] DEBUG Engine               - isPauseMusicWhenMinimized: true
16:23:22.265 [FXGL Background Thread 3 ] DEBUG Engine               - isPreserveResizeRatio: false
16:23:22.265 [FXGL Background Thread 3 ] DEBUG Engine               - isProfilingEnabled: false
16:23:22.265 [FXGL Background Thread 3 ] DEBUG Engine               - isScaleAffectedOnResize: true
16:23:22.265 [FXGL Background Thread 3 ] DEBUG Engine               - isSingleStep: false
16:23:22.265 [FXGL Background Thread 3 ] DEBUG Engine               - isUserProfileEnabled: false
16:23:22.265 [FXGL Background Thread 3 ] DEBUG Engine               - isWindows: false
16:23:22.266 [FXGL Background Thread 3 ] DEBUG Engine               - language: ObjectProperty [value: ENGLISH]
16:23:22.266 [FXGL Background Thread 3 ] DEBUG Engine               - menuKey: ESCAPE
16:23:22.266 [FXGL Background Thread 3 ] DEBUG Engine               - mouseSensitivity: 0.2
16:23:22.266 [FXGL Background Thread 3 ] DEBUG Engine               - notificationViewClass: class com.almasb.fxgl.notification.view.XboxNotificationView
16:23:22.266 [FXGL Background Thread 3 ] DEBUG Engine               - pixelsPerMeter: 50.0
16:23:22.266 [FXGL Background Thread 3 ] DEBUG Engine               - platform: LINUX
16:23:22.267 [FXGL Background Thread 3 ] DEBUG Engine               - prefHeightProperty: ReadOnlyDoubleProperty [value: 720.0]
16:23:22.267 [FXGL Background Thread 3 ] DEBUG Engine               - prefWidthProperty: ReadOnlyDoubleProperty [value: 1280.0]
16:23:22.267 [FXGL Background Thread 3 ] DEBUG Engine               - profileDir: profiles/
16:23:22.267 [FXGL Background Thread 3 ] DEBUG Engine               - profileName: StringProperty [value: DEFAULT]
16:23:22.267 [FXGL Background Thread 3 ] DEBUG Engine               - randomSeed: -1
16:23:22.268 [FXGL Background Thread 3 ] DEBUG Engine               - runtimeInfo: RuntimeInfo(platform=LINUX, version=25, build=05.02.2026 22.57)
16:23:22.268 [FXGL Background Thread 3 ] DEBUG Engine               - saveFileExt: sav
16:23:22.268 [FXGL Background Thread 3 ] DEBUG Engine               - scaledHeightProp$fxgl: DoubleProperty [bound, value: 719.0]
16:23:22.269 [FXGL Background Thread 3 ] DEBUG Engine               - scaledWidthProp$fxgl: DoubleProperty [bound, value: 1290.0]
16:23:22.269 [FXGL Background Thread 3 ] DEBUG Engine               - sceneFactory: org.group1.GamePackage.Factory.MainSceneFactory@4237ca47
16:23:22.269 [FXGL Background Thread 3 ] DEBUG Engine               - secondsIn24h: 60
16:23:22.269 [FXGL Background Thread 3 ] DEBUG Engine               - soundMenuBack: menu/back.wav
16:23:22.269 [FXGL Background Thread 3 ] DEBUG Engine               - soundMenuPress: menu/press.wav
16:23:22.269 [FXGL Background Thread 3 ] DEBUG Engine               - soundMenuSelect: menu/select.wav
16:23:22.270 [FXGL Background Thread 3 ] DEBUG Engine               - soundNotification: core/notification.wav
16:23:22.270 [FXGL Background Thread 3 ] DEBUG Engine               - stageStyle: DECORATED
16:23:22.270 [FXGL Background Thread 3 ] DEBUG Engine               - supportedLanguages: [ENGLISH, FRENCH, GERMAN, HUNGARIAN, RUSSIAN]
16:23:22.270 [FXGL Background Thread 3 ] DEBUG Engine               - ticksPerSecond: -1
16:23:22.270 [FXGL Background Thread 3 ] DEBUG Engine               - title: Untitled
16:23:22.270 [FXGL Background Thread 3 ] DEBUG Engine               - urlGithub: https://github.com/AlmasB/FXGL
16:23:22.271 [FXGL Background Thread 3 ] DEBUG Engine               - urlLeaderboard: http://fxgl-top.herokuapp.com/
16:23:22.271 [FXGL Background Thread 3 ] DEBUG Engine               - urlPOM: https://raw.githubusercontent.com/AlmasB/FXGL/release/README.md
16:23:22.271 [FXGL Background Thread 3 ] DEBUG Engine               - userAppClass: class org.group1.GamePackage.Application
16:23:22.271 [FXGL Background Thread 3 ] DEBUG Engine               - version: 0.0
16:23:22.272 [FXGL Background Thread 3 ] DEBUG Engine               - versionCheckDays: 7
16:23:22.272 [FXGL Background Thread 3 ] DEBUG Engine               - width: 1280
16:23:22.272 [FXGL Background Thread 3 ] DEBUG Engine               - Logging services
16:23:22.272 [FXGL Background Thread 3 ] DEBUG Engine               - class com.almasb.fxgl.app.services.FXGLAssetLoaderService
16:23:22.272 [FXGL Background Thread 3 ] DEBUG Engine               - class com.almasb.fxgl.app.FXGLApplication$GameApplicationService
16:23:22.272 [FXGL Background Thread 3 ] DEBUG Engine               - class com.almasb.fxgl.app.services.FXGLDialogService
16:23:22.272 [FXGL Background Thread 3 ] DEBUG Engine               - class com.almasb.fxgl.app.services.IOTaskExecutorService
16:23:22.273 [FXGL Background Thread 3 ] DEBUG Engine               - class com.almasb.fxgl.io.FileSystemService
16:23:22.273 [FXGL Background Thread 3 ] DEBUG Engine               - class com.almasb.fxgl.localization.LocalizationService
16:23:22.273 [FXGL Background Thread 3 ] DEBUG Engine               - class com.almasb.fxgl.app.services.SystemBundleService
16:23:22.273 [FXGL Background Thread 3 ] DEBUG Engine               - class com.almasb.fxgl.profile.SaveLoadService
16:23:22.273 [FXGL Background Thread 3 ] DEBUG Engine               - class com.almasb.fxgl.ui.FXGLUIFactoryServiceProvider
16:23:22.273 [FXGL Background Thread 3 ] DEBUG Engine               - class com.almasb.fxgl.ui.FXGLDialogFactoryServiceProvider
16:23:22.273 [FXGL Background Thread 3 ] DEBUG Engine               - class com.almasb.fxgl.audio.AudioPlayer
16:23:22.273 [FXGL Background Thread 3 ] DEBUG Engine               - class com.almasb.fxgl.notification.impl.NotificationServiceProvider
16:23:22.274 [FXGL Background Thread 3 ] DEBUG Engine               - class com.almasb.fxgl.achievement.AchievementService
16:23:22.274 [FXGL Background Thread 3 ] DEBUG Engine               - class com.almasb.fxgl.cutscene.CutsceneService
16:23:22.274 [FXGL Background Thread 3 ] DEBUG Engine               - class com.almasb.fxgl.minigames.MiniGameService
16:23:22.274 [FXGL Background Thread 3 ] DEBUG Engine               - class com.almasb.fxgl.net.NetService
16:23:22.274 [FXGL Background Thread 3 ] DEBUG Engine               - class com.almasb.fxgl.app.services.UpdaterService
16:23:22.274 [FXGL Background Thread 3 ] DEBUG Engine               - class com.almasb.fxgl.dev.DevService
16:23:35.338 [JavaFX Application Thread] DEBUG FXGLApplication      - Exiting FXGL
16:23:35.339 [JavaFX Application Thread] DEBUG LoopRunner           - Stopping loop
16:23:35.339 [JavaFX Application Thread] DEBUG SystemBundleService  - Saving FXGL system data
16:23:35.344 [JavaFX Application Thread] DEBUG FileSystemAccess     - Writing to: /home/me/projects/ComProg_Project/system/fxgl.bundle
16:23:35.350 [JavaFX Application Thread] DEBUG Async                - Shutting down background threads
16:23:35.351 [JavaFX Application Thread] DEBUG PrimaryStageWindow   - Closing main window
16:23:35.356 [JavaFX Application Thread] DEBUG Logger               - Closing Logger
