13:23:23.954 [main                     ] DEBUG Logger               - Configured Logger
13:23:23.960 [main                     ] DEBUG GameApplication      - Logging settings
Title: Untitled
Version: 0.0
Width: 1280
Height: 720
Fullscreen: false
Intro: false
Profiling: false
Single step:false
App Mode: DEVELOPER
Menu Key: ESCAPE
Stage Style: DECORATED
Scene Factory: class com.almasb.fxgl.app.scene.SceneFactory

13:23:24.155 [JavaFX Application Thread] DEBUG FXGLApplication      - Initializing FXGL
13:23:24.159 [JavaFX Application Thread] INFO  Engine               - FXGL-25 (05.02.2026 22.57) on LINUX (J:25.0.2 FX:21.0.6)
13:23:24.159 [JavaFX Application Thread] DEBUG Engine               - JRE Vendor Name: Arch Linux
13:23:24.159 [JavaFX Application Thread] DEBUG Engine               - Running on OS: Linux version 6.19.9-arch1-1
13:23:24.160 [JavaFX Application Thread] DEBUG Engine               - Architecture: amd64
13:23:24.160 [JavaFX Application Thread] INFO  Engine               - Source code and latest versions at: https://github.com/AlmasB/FXGL
13:23:24.160 [JavaFX Application Thread] INFO  Engine               -       Ask questions and discuss at: https://github.com/AlmasB/FXGL/discussions
13:23:24.236 [JavaFX Application Thread] DEBUG PrimaryStageWindow   - Creating a JavaFX scene
13:23:24.308 [JavaFX Application Thread] DEBUG PrimaryStageWindow   - Target settings size: 1280.0 x 720.0
13:23:24.308 [JavaFX Application Thread] DEBUG PrimaryStageWindow   - Scaled scene size:    1280.0 x 720.0
13:23:24.309 [JavaFX Application Thread] DEBUG PrimaryStageWindow   - Scaled ratio: (1.0, 1.0)
13:23:24.310 [JavaFX Application Thread] DEBUG PrimaryStageWindow   - Set initial scene to FXGLStartupScene
13:23:24.314 [JavaFX Application Thread] DEBUG PrimaryStageWindow   - Opening main window
13:23:24.379 [JavaFX Application Thread] DEBUG PrimaryStageWindow   - Window border size: (0.0, 35.0)
13:23:24.380 [JavaFX Application Thread] DEBUG PrimaryStageWindow   - Scaled size: 1280.0 x 685.0
13:23:24.380 [JavaFX Application Thread] DEBUG PrimaryStageWindow   - Scaled ratio: (1.0, 0.9513888888888888)
13:23:24.380 [JavaFX Application Thread] DEBUG PrimaryStageWindow   - Scene size: 1280.0 x 720.0
13:23:24.380 [JavaFX Application Thread] DEBUG PrimaryStageWindow   - Stage size: 1280.0 x 720.0
13:23:24.385 [FXGL Background Thread 1 ] DEBUG Engine               - Initializing environment variables
13:23:24.452 [FXGL Background Thread 1 ] DEBUG FXGLAssetLoaderServi - User app class for loading assets: class org.group1.GamePackage.Application
13:23:24.452 [FXGL Background Thread 1 ] DEBUG GameApplicationServi - Applying CSS: fxgl_dark.css
13:23:24.453 [FXGL Background Thread 1 ] DEBUG FXGLAssetLoaderServi - Loading from file system: jar:file:///home/me/.m2/repository/com/github/almasb/fxgl/25/fxgl-25.jar!/fxglassets/ui/css/fxgl_dark.css
13:23:24.492 [FXGL Background Thread 1 ] DEBUG GameApplicationServi - Initializing application scenes
13:23:24.523 [FXGL Background Thread 1 ] DEBUG GameWorld            - Game world initialized
13:23:24.566 [FXGL Background Thread 1 ] DEBUG PhysicsWorld         - Physics world initialized: appHeight=720, physics.ppm=50.0
13:23:24.566 [FXGL Background Thread 1 ] DEBUG PhysicsWorld         - Using strategy: BRUTE_FORCE
13:23:24.571 [FXGL Background Thread 1 ] DEBUG GameScene            - Game scene initialized: 1280x720
13:23:24.584 [FXGL Background Thread 1 ] DEBUG FXGL.DefaultMenu     - createMenuBodyGameMenu()
13:23:24.596 [FXGL Background Thread 1 ] DEBUG FXGL.DefaultMenu     - createOptionsMenu()
13:23:24.606 [FXGL Background Thread 1 ] DEBUG FXGLAssetLoaderServi - Loading from file system: jar:file:///home/me/.m2/repository/com/github/almasb/fxgl/25/fxgl-25.jar!/fxglassets/textures/particles/smoke.png
13:23:24.683 [FXGL Background Thread 1 ] DEBUG FXGLAssetLoaderServi - Loading from file system: jar:file:///home/me/.m2/repository/com/github/almasb/fxgl/25/fxgl-25.jar!/fxglassets/textures/particles/trace_horizontal.png
13:23:24.707 [FXGL Background Thread 1 ] DEBUG GameApplicationServi - Application scenes initialized
13:23:24.717 [FXGL Background Thread 1 ] DEBUG SystemBundleService  - Loading FXGL system data
13:23:24.720 [FXGL Background Thread 1 ] DEBUG FileSystemAccess     - Reading from: /home/me/ComProg_Project/system/fxgl.bundle
13:23:24.725 [FXGL Background Thread 1 ] DEBUG SystemBundleService  - Bundle FXGL: {}
13:23:24.725 [FXGL Background Thread 1 ] DEBUG UpdaterService       - Checking for updates
13:23:24.731 [FXGL Background Thread 4 ] DEBUG FXGLApplication      - Loading fonts
13:23:24.731 [FXGL Background Thread 4 ] DEBUG FXGLAssetLoaderServi - Loading from file system: jar:file:///home/me/.m2/repository/com/github/almasb/fxgl/25/fxgl-25.jar!/fxglassets/ui/fonts/VarelaRound-Regular.ttf
13:23:24.732 [FXGL Background Thread 1 ] DEBUG FXGLApplication      - Loading default localization
13:23:24.732 [FXGL Background Thread 1 ] DEBUG FXGLAssetLoaderServi - Loading from file system: jar:file:///home/me/.m2/repository/com/github/almasb/fxgl/25/fxgl-25.jar!/fxglassets/languages/english.lang
13:23:24.738 [FXGL Background Thread 4 ] DEBUG FXGLAssetLoaderServi - Loading from file system: jar:file:///home/me/.m2/repository/com/github/almasb/fxgl/25/fxgl-25.jar!/fxglassets/ui/fonts/Abel-Regular.ttf
13:23:24.740 [FXGL Background Thread 4 ] DEBUG FXGLAssetLoaderServi - Loading from file system: jar:file:///home/me/.m2/repository/com/github/almasb/fxgl/25/fxgl-25.jar!/fxglassets/ui/fonts/TerminalLandMono-Regular.otf
13:23:24.742 [FXGL Background Thread 1 ] INFO  FXGLApplication      - FXGL initialization took: 0.357 sec
13:23:24.743 [FXGL Background Thread 4 ] DEBUG FXGLAssetLoaderServi - Loading from file system: jar:file:///home/me/.m2/repository/com/github/almasb/fxgl/25/fxgl-25.jar!/fxglassets/ui/fonts/Courier-Prime.ttf
13:23:24.750 [JavaFX Application Thread] DEBUG Input                - Registered new binding: Shoot - Space
13:23:24.751 [JavaFX Application Thread] DEBUG Input                - Registered new binding: Move up - W
13:23:24.751 [JavaFX Application Thread] DEBUG Input                - Registered new binding: Move down - S
13:23:24.751 [JavaFX Application Thread] DEBUG Input                - Registered new binding: Move left - A
13:23:24.751 [JavaFX Application Thread] DEBUG Input                - Registered new binding: Move right - D
13:23:24.751 [JavaFX Application Thread] DEBUG FXGLAssetLoaderServi - Loading from file system: jar:file:///home/me/.m2/repository/com/github/almasb/fxgl/25/fxgl-25.jar!/fxglassets/textures/fxgl_icon.png
13:23:24.774 [JavaFX Application Thread] DEBUG FXGLAssetLoaderServi - Loading from file system: jar:file:///home/me/.m2/repository/com/github/almasb/fxgl/25/fxgl-25.jar!/fxglassets/textures/fxgl_default_cursor.png
13:23:24.778 [JavaFX Application Thread] DEBUG Input                - Registered new binding: Screenshot - CTRL+8
13:23:24.779 [JavaFX Application Thread] DEBUG Input                - Registered new binding: System info dump - CTRL+9
13:23:24.779 [JavaFX Application Thread] DEBUG Input                - Registered new binding: Restart - CTRL+R
13:23:24.781 [JavaFX Application Thread] DEBUG Input                - Registered new binding: Toggle Debug Camera - CTRL+7
13:23:24.785 [JavaFX Application Thread] DEBUG LoopRunner           - Starting loop
13:23:24.785 [JavaFX Application Thread] DEBUG LoopRunner           - Initializing JavaFX AnimationTimerLoop
13:23:24.786 [JavaFX Application Thread] DEBUG GameApplicationServi - Starting new game
13:23:24.786 [JavaFX Application Thread] DEBUG Input                - Clearing active input actions
13:23:24.803 [JavaFX Application Thread] DEBUG GameApplicationServi - Removing overlay from FXGLStartupScene and adding to FXGLLoadingScene
13:23:24.804 [JavaFX Application Thread] DEBUG PrimaryStageWindow   - FXGLStartupScene -> FXGLLoadingScene
13:23:24.804 [JavaFX Application Thread] DEBUG GameApplicationServi - Clearing previous game
13:23:24.804 [JavaFX Application Thread] DEBUG GameScene            - Clearing game scene
13:23:24.804 [JavaFX Application Thread] DEBUG GameWorld            - Clearing game world
13:23:24.804 [JavaFX Application Thread] DEBUG PhysicsWorld         - Clearing physics world
13:23:24.806 [JavaFX Application Thread] DEBUG FXGLApplication      - Registering font factories with UI factory
13:23:24.819 [FXGL Background Thread 4 ] DEBUG FXGLAssetLoaderServi - Loading from file system: file:/home/me/ComProg_Project/target/classes/assets/textures/background.png
13:23:24.966 [FXGL Background Thread 4 ] DEBUG FXGLAssetLoaderServi - Loading from file system: file:/home/me/ComProg_Project/target/classes/assets/textures/background_stars1.png
13:23:25.117 [FXGL Background Thread 4 ] DEBUG FXGLAssetLoaderServi - Loading from file system: file:/home/me/ComProg_Project/target/classes/assets/textures/background_stars2.png
13:23:25.159 [FXGL Background Thread 4 ] DEBUG FXGLAssetLoaderServi - Loading from file system: file:/home/me/ComProg_Project/target/classes/assets/textures/background_stars3.png
13:23:25.208 [FXGL Background Thread 4 ] DEBUG FXGLAssetLoaderServi - Loading from file system: file:/home/me/ComProg_Project/target/classes/assets/textures/background_cloud1.png
13:23:25.222 [FXGL Background Thread 4 ] DEBUG FXGLAssetLoaderServi - Loading from file system: file:/home/me/ComProg_Project/target/classes/assets/textures/background_cloud2.png
13:23:25.240 [FXGL Background Thread 4 ] DEBUG FXGLAssetLoaderServi - Loading from file system: file:/home/me/ComProg_Project/target/classes/assets/textures/background_mist1.png
13:23:25.256 [FXGL Background Thread 4 ] DEBUG FXGLAssetLoaderServi - Loading from file system: file:/home/me/ComProg_Project/target/classes/assets/textures/background_hills.png
13:23:25.290 [FXGL Background Thread 4 ] DEBUG FXGLAssetLoaderServi - Loading from file system: file:/home/me/ComProg_Project/target/classes/assets/textures/background_forest.png
13:23:25.309 [FXGL Background Thread 4 ] DEBUG FXGLAssetLoaderServi - Loading from file system: file:/home/me/ComProg_Project/target/classes/assets/textures/background_large_forest.png
13:23:25.335 [FXGL Background Thread 4 ] DEBUG FXGLAssetLoaderServi - Loading from file system: file:/home/me/ComProg_Project/target/classes/assets/textures/background_tower.png
13:23:25.341 [FXGL Background Thread 4 ] DEBUG FXGLAssetLoaderServi - Loading from file system: file:/home/me/ComProg_Project/target/classes/assets/textures/background_large_tower.png
13:23:25.363 [FXGL Background Thread 4 ] DEBUG FXGLAssetLoaderServi - Loading from file system: file:/home/me/ComProg_Project/target/classes/assets/textures/idle_sprite.png
13:23:25.370 [FXGL Background Thread 4 ] DEBUG FXGLAssetLoaderServi - Loading from file system: file:/home/me/ComProg_Project/target/classes/assets/textures/down_sprite.png
13:23:25.374 [FXGL Background Thread 4 ] DEBUG FXGLAssetLoaderServi - Loading from file system: file:/home/me/ComProg_Project/target/classes/assets/textures/up_sprite.png
13:23:25.391 [FXGL Background Thread 4 ] INFO  FXGLApplication      - Game initialization took: 0.585 sec
13:23:25.392 [JavaFX Application Thread] DEBUG Input                - Clearing active input actions
13:23:25.407 [JavaFX Application Thread] DEBUG GameApplicationServi - Removing overlay from FXGLLoadingScene and adding to GameScene
13:23:25.408 [JavaFX Application Thread] DEBUG PrimaryStageWindow   - FXGLLoadingScene -> GameScene
13:23:27.730 [FXGL Background Thread 3 ] DEBUG Engine               - Logging environment variables
13:23:27.731 [FXGL Background Thread 3 ] DEBUG Engine               - achievements: []
13:23:27.732 [FXGL Background Thread 3 ] DEBUG Engine               - actualHeight: 685.0
13:23:27.733 [FXGL Background Thread 3 ] DEBUG Engine               - actualHeightProperty: ReadOnlyDoubleProperty [value: 685.0]
13:23:27.733 [FXGL Background Thread 3 ] DEBUG Engine               - actualWidth: 1280.0
13:23:27.733 [FXGL Background Thread 3 ] DEBUG Engine               - actualWidthProperty: ReadOnlyDoubleProperty [value: 1280.0]
13:23:27.734 [FXGL Background Thread 3 ] DEBUG Engine               - appIcon: fxgl_icon.png
13:23:27.734 [FXGL Background Thread 3 ] DEBUG Engine               - applicationMode: DEVELOPER
13:23:27.734 [FXGL Background Thread 3 ] DEBUG Engine               - cSSList: [fxgl_dark.css]
13:23:27.735 [FXGL Background Thread 3 ] DEBUG Engine               - collisionDetectionStrategy: BRUTE_FORCE
13:23:27.735 [FXGL Background Thread 3 ] DEBUG Engine               - configClass: Optional.empty
13:23:27.735 [FXGL Background Thread 3 ] DEBUG Engine               - credits: []
13:23:27.736 [FXGL Background Thread 3 ] DEBUG Engine               - defaultCursor: CursorInfo(imageName=fxgl_default_cursor.png, hotspotX=7.0, hotspotY=6.0)
13:23:27.737 [FXGL Background Thread 3 ] DEBUG Engine               - devBBoxColorProperty: ObjectProperty [value: 0xff0000ff]
13:23:27.737 [FXGL Background Thread 3 ] DEBUG Engine               - devEnableDebugCameraProperty: BooleanProperty [value: false]
13:23:27.738 [FXGL Background Thread 3 ] DEBUG Engine               - devSensorColorProperty: ObjectProperty [value: 0xffff00ff]
13:23:27.738 [FXGL Background Thread 3 ] DEBUG Engine               - devShowBBoxProperty: BooleanProperty [value: false]
13:23:27.739 [FXGL Background Thread 3 ] DEBUG Engine               - devShowPositionProperty: BooleanProperty [value: false]
13:23:27.739 [FXGL Background Thread 3 ] DEBUG Engine               - enabledMenuItems: []
13:23:27.739 [FXGL Background Thread 3 ] DEBUG Engine               - engineServices: [class com.almasb.fxgl.app.services.FXGLAssetLoaderService, class com.almasb.fxgl.app.FXGLApplication$GameApplicationService, class com.almasb.fxgl.app.services.FXGLDialogService, class com.almasb.fxgl.app.services.IOTaskExecutorService, class com.almasb.fxgl.io.FileSystemService, class com.almasb.fxgl.localization.LocalizationService, class com.almasb.fxgl.app.services.SystemBundleService, class com.almasb.fxgl.profile.SaveLoadService, class com.almasb.fxgl.ui.FXGLUIFactoryServiceProvider, class com.almasb.fxgl.ui.FXGLDialogFactoryServiceProvider, class com.almasb.fxgl.audio.AudioPlayer, class com.almasb.fxgl.notification.impl.NotificationServiceProvider, class com.almasb.fxgl.achievement.AchievementService, class com.almasb.fxgl.cutscene.CutsceneService, class com.almasb.fxgl.minigames.MiniGameService, class com.almasb.fxgl.net.NetService, class com.almasb.fxgl.app.services.UpdaterService, class com.almasb.fxgl.dev.DevService]
13:23:27.739 [FXGL Background Thread 3 ] DEBUG Engine               - fontGame: Abel-Regular.ttf
13:23:27.740 [FXGL Background Thread 3 ] DEBUG Engine               - fontMono: TerminalLandMono-Regular.otf
13:23:27.740 [FXGL Background Thread 3 ] DEBUG Engine               - fontSizeScaleUI: 1.0
13:23:27.740 [FXGL Background Thread 3 ] DEBUG Engine               - fontText: Courier-Prime.ttf
13:23:27.740 [FXGL Background Thread 3 ] DEBUG Engine               - fontUI: VarelaRound-Regular.ttf
13:23:27.741 [FXGL Background Thread 3 ] DEBUG Engine               - fpsRefreshRate: 500.0 ms
13:23:27.742 [FXGL Background Thread 3 ] DEBUG Engine               - fullScreen: BooleanProperty [value: false]
13:23:27.742 [FXGL Background Thread 3 ] DEBUG Engine               - gameDifficulty: MEDIUM
13:23:27.742 [FXGL Background Thread 3 ] DEBUG Engine               - gameDifficultyProperty: ObjectProperty [value: MEDIUM]
13:23:27.742 [FXGL Background Thread 3 ] DEBUG Engine               - globalMusicVolume: 0.5
13:23:27.743 [FXGL Background Thread 3 ] DEBUG Engine               - globalMusicVolumeProperty: DoubleProperty [value: 0.5]
13:23:27.743 [FXGL Background Thread 3 ] DEBUG Engine               - globalSoundVolume: 0.5
13:23:27.743 [FXGL Background Thread 3 ] DEBUG Engine               - globalSoundVolumeProperty: DoubleProperty [value: 0.5]
13:23:27.743 [FXGL Background Thread 3 ] DEBUG Engine               - height: 720
13:23:27.744 [FXGL Background Thread 3 ] DEBUG Engine               - is3D: false
13:23:27.744 [FXGL Background Thread 3 ] DEBUG Engine               - isAndroid: false
13:23:27.744 [FXGL Background Thread 3 ] DEBUG Engine               - isBrowser: false
13:23:27.744 [FXGL Background Thread 3 ] DEBUG Engine               - isClickFeedbackEnabled: false
13:23:27.744 [FXGL Background Thread 3 ] DEBUG Engine               - isCloseConfirmation: false
13:23:27.745 [FXGL Background Thread 3 ] DEBUG Engine               - isDesktop: true
13:23:27.745 [FXGL Background Thread 3 ] DEBUG Engine               - isDeveloperMenuEnabled: false
13:23:27.745 [FXGL Background Thread 3 ] DEBUG Engine               - isEmbedded: false
13:23:27.745 [FXGL Background Thread 3 ] DEBUG Engine               - isEntityPreloadEnabled: true
13:23:27.745 [FXGL Background Thread 3 ] DEBUG Engine               - isExperimentalTiledLargeMap: false
13:23:27.746 [FXGL Background Thread 3 ] DEBUG Engine               - isFileSystemWriteAllowed: true
13:23:27.746 [FXGL Background Thread 3 ] DEBUG Engine               - isFullScreenAllowed: false
13:23:27.746 [FXGL Background Thread 3 ] DEBUG Engine               - isFullScreenFromStart: false
13:23:27.746 [FXGL Background Thread 3 ] DEBUG Engine               - isGameMenuEnabled: true
13:23:27.746 [FXGL Background Thread 3 ] DEBUG Engine               - isIOS: false
13:23:27.746 [FXGL Background Thread 3 ] DEBUG Engine               - isIntroEnabled: false
13:23:27.747 [FXGL Background Thread 3 ] DEBUG Engine               - isLinux: true
13:23:27.747 [FXGL Background Thread 3 ] DEBUG Engine               - isMac: false
13:23:27.747 [FXGL Background Thread 3 ] DEBUG Engine               - isMainMenuEnabled: false
13:23:27.747 [FXGL Background Thread 3 ] DEBUG Engine               - isManualResizeEnabled: false
13:23:27.748 [FXGL Background Thread 3 ] DEBUG Engine               - isMobile: false
13:23:27.748 [FXGL Background Thread 3 ] DEBUG Engine               - isNative: false
13:23:27.748 [FXGL Background Thread 3 ] DEBUG Engine               - isPauseMusicWhenMinimized: true
13:23:27.748 [FXGL Background Thread 3 ] DEBUG Engine               - isPreserveResizeRatio: false
13:23:27.748 [FXGL Background Thread 3 ] DEBUG Engine               - isProfilingEnabled: false
13:23:27.749 [FXGL Background Thread 3 ] DEBUG Engine               - isScaleAffectedOnResize: true
13:23:27.749 [FXGL Background Thread 3 ] DEBUG Engine               - isSingleStep: false
13:23:27.749 [FXGL Background Thread 3 ] DEBUG Engine               - isUserProfileEnabled: false
13:23:27.750 [FXGL Background Thread 3 ] DEBUG Engine               - isWindows: false
13:23:27.750 [FXGL Background Thread 3 ] DEBUG Engine               - language: ObjectProperty [value: ENGLISH]
13:23:27.750 [FXGL Background Thread 3 ] DEBUG Engine               - menuKey: ESCAPE
13:23:27.750 [FXGL Background Thread 3 ] DEBUG Engine               - mouseSensitivity: 0.2
13:23:27.750 [FXGL Background Thread 3 ] DEBUG Engine               - notificationViewClass: class com.almasb.fxgl.notification.view.XboxNotificationView
13:23:27.751 [FXGL Background Thread 3 ] DEBUG Engine               - pixelsPerMeter: 50.0
13:23:27.751 [FXGL Background Thread 3 ] DEBUG Engine               - platform: LINUX
13:23:27.751 [FXGL Background Thread 3 ] DEBUG Engine               - prefHeightProperty: ReadOnlyDoubleProperty [value: 720.0]
13:23:27.751 [FXGL Background Thread 3 ] DEBUG Engine               - prefWidthProperty: ReadOnlyDoubleProperty [value: 1280.0]
13:23:27.751 [FXGL Background Thread 3 ] DEBUG Engine               - profileDir: profiles/
13:23:27.752 [FXGL Background Thread 3 ] DEBUG Engine               - profileName: StringProperty [value: DEFAULT]
13:23:27.752 [FXGL Background Thread 3 ] DEBUG Engine               - randomSeed: -1
13:23:27.753 [FXGL Background Thread 3 ] DEBUG Engine               - runtimeInfo: RuntimeInfo(platform=LINUX, version=25, build=05.02.2026 22.57)
13:23:27.753 [FXGL Background Thread 3 ] DEBUG Engine               - saveFileExt: sav
13:23:27.753 [FXGL Background Thread 3 ] DEBUG Engine               - scaledHeightProp$fxgl: DoubleProperty [bound, value: 685.0]
13:23:27.754 [FXGL Background Thread 3 ] DEBUG Engine               - scaledWidthProp$fxgl: DoubleProperty [bound, value: 1280.0]
13:23:27.754 [FXGL Background Thread 3 ] DEBUG Engine               - sceneFactory: com.almasb.fxgl.app.scene.SceneFactory@11378be
13:23:27.754 [FXGL Background Thread 3 ] DEBUG Engine               - secondsIn24h: 60
13:23:27.754 [FXGL Background Thread 3 ] DEBUG Engine               - soundMenuBack: menu/back.wav
13:23:27.755 [FXGL Background Thread 3 ] DEBUG Engine               - soundMenuPress: menu/press.wav
13:23:27.755 [FXGL Background Thread 3 ] DEBUG Engine               - soundMenuSelect: menu/select.wav
13:23:27.755 [FXGL Background Thread 3 ] DEBUG Engine               - soundNotification: core/notification.wav
13:23:27.756 [FXGL Background Thread 3 ] DEBUG Engine               - stageStyle: DECORATED
13:23:27.756 [FXGL Background Thread 3 ] DEBUG Engine               - supportedLanguages: [ENGLISH, FRENCH, GERMAN, HUNGARIAN, RUSSIAN]
13:23:27.756 [FXGL Background Thread 3 ] DEBUG Engine               - ticksPerSecond: -1
13:23:27.756 [FXGL Background Thread 3 ] DEBUG Engine               - title: Untitled
13:23:27.756 [FXGL Background Thread 3 ] DEBUG Engine               - urlGithub: https://github.com/AlmasB/FXGL
13:23:27.757 [FXGL Background Thread 3 ] DEBUG Engine               - urlLeaderboard: http://fxgl-top.herokuapp.com/
13:23:27.757 [FXGL Background Thread 3 ] DEBUG Engine               - urlPOM: https://raw.githubusercontent.com/AlmasB/FXGL/release/README.md
13:23:27.757 [FXGL Background Thread 3 ] DEBUG Engine               - userAppClass: class org.group1.GamePackage.Application
13:23:27.757 [FXGL Background Thread 3 ] DEBUG Engine               - version: 0.0
13:23:27.757 [FXGL Background Thread 3 ] DEBUG Engine               - versionCheckDays: 7
13:23:27.758 [FXGL Background Thread 3 ] DEBUG Engine               - width: 1280
13:23:27.758 [FXGL Background Thread 3 ] DEBUG Engine               - Logging services
13:23:27.758 [FXGL Background Thread 3 ] DEBUG Engine               - class com.almasb.fxgl.app.services.FXGLAssetLoaderService
13:23:27.758 [FXGL Background Thread 3 ] DEBUG Engine               - class com.almasb.fxgl.app.FXGLApplication$GameApplicationService
13:23:27.758 [FXGL Background Thread 3 ] DEBUG Engine               - class com.almasb.fxgl.app.services.FXGLDialogService
13:23:27.758 [FXGL Background Thread 3 ] DEBUG Engine               - class com.almasb.fxgl.app.services.IOTaskExecutorService
13:23:27.758 [FXGL Background Thread 3 ] DEBUG Engine               - class com.almasb.fxgl.io.FileSystemService
13:23:27.759 [FXGL Background Thread 3 ] DEBUG Engine               - class com.almasb.fxgl.localization.LocalizationService
13:23:27.759 [FXGL Background Thread 3 ] DEBUG Engine               - class com.almasb.fxgl.app.services.SystemBundleService
13:23:27.759 [FXGL Background Thread 3 ] DEBUG Engine               - class com.almasb.fxgl.profile.SaveLoadService
13:23:27.759 [FXGL Background Thread 3 ] DEBUG Engine               - class com.almasb.fxgl.ui.FXGLUIFactoryServiceProvider
13:23:27.759 [FXGL Background Thread 3 ] DEBUG Engine               - class com.almasb.fxgl.ui.FXGLDialogFactoryServiceProvider
13:23:27.759 [FXGL Background Thread 3 ] DEBUG Engine               - class com.almasb.fxgl.audio.AudioPlayer
13:23:27.759 [FXGL Background Thread 3 ] DEBUG Engine               - class com.almasb.fxgl.notification.impl.NotificationServiceProvider
13:23:27.760 [FXGL Background Thread 3 ] DEBUG Engine               - class com.almasb.fxgl.achievement.AchievementService
13:23:27.760 [FXGL Background Thread 3 ] DEBUG Engine               - class com.almasb.fxgl.cutscene.CutsceneService
13:23:27.760 [FXGL Background Thread 3 ] DEBUG Engine               - class com.almasb.fxgl.minigames.MiniGameService
13:23:27.760 [FXGL Background Thread 3 ] DEBUG Engine               - class com.almasb.fxgl.net.NetService
13:23:27.760 [FXGL Background Thread 3 ] DEBUG Engine               - class com.almasb.fxgl.app.services.UpdaterService
13:23:27.760 [FXGL Background Thread 3 ] DEBUG Engine               - class com.almasb.fxgl.dev.DevService
13:23:28.397 [JavaFX Application Thread] DEBUG FXGLAssetLoaderServi - Loading from file system: file:/home/me/ComProg_Project/target/classes/assets/textures/enemy_sprite.png
13:23:28.413 [JavaFX Application Thread] DEBUG FXGLAssetLoaderServi - Loading from file system: file:/home/me/ComProg_Project/target/classes/assets/textures/explosion_sprite.png
13:23:28.959 [JavaFX Application Thread] DEBUG PrimaryStageWindow   - Push state: FXGLDefaultMenu
13:23:28.965 [JavaFX Application Thread] DEBUG Input                - Clearing active input actions
13:23:28.979 [JavaFX Application Thread] DEBUG GameApplicationServi - Removing overlay from GameScene and adding to FXGLDefaultMenu
13:23:28.980 [JavaFX Application Thread] DEBUG PrimaryStageWindow   - GameScene -> FXGLDefaultMenu
13:23:30.139 [JavaFX Application Thread] DEBUG PrimaryStageWindow   - Pop state: FXGLDefaultMenu
13:23:30.139 [JavaFX Application Thread] DEBUG Input                - Clearing active input actions
13:23:30.141 [JavaFX Application Thread] DEBUG GameApplicationServi - Removing overlay from FXGLDefaultMenu and adding to GameScene
13:23:30.142 [JavaFX Application Thread] DEBUG PrimaryStageWindow   - GameScene <- FXGLDefaultMenu
13:23:33.327 [JavaFX Application Thread] DEBUG PrimaryStageWindow   - Push state: FXGLDefaultMenu
13:23:33.327 [JavaFX Application Thread] DEBUG Input                - Clearing active input actions
13:23:33.331 [JavaFX Application Thread] DEBUG GameApplicationServi - Removing overlay from GameScene and adding to FXGLDefaultMenu
13:23:33.332 [JavaFX Application Thread] DEBUG PrimaryStageWindow   - GameScene -> FXGLDefaultMenu
13:23:34.536 [JavaFX Application Thread] DEBUG FXGLApplication      - Exiting FXGL
13:23:34.537 [JavaFX Application Thread] DEBUG LoopRunner           - Stopping loop
13:23:34.537 [JavaFX Application Thread] DEBUG SystemBundleService  - Saving FXGL system data
13:23:34.543 [JavaFX Application Thread] DEBUG FileSystemAccess     - Writing to: /home/me/ComProg_Project/system/fxgl.bundle
13:23:34.549 [JavaFX Application Thread] DEBUG Async                - Shutting down background threads
13:23:34.550 [JavaFX Application Thread] DEBUG PrimaryStageWindow   - Closing main window
13:23:34.557 [JavaFX Application Thread] DEBUG Logger               - Closing Logger
