21:32:55.429 [main                     ] DEBUG Logger               - Configured Logger
21:32:55.449 [main                     ] DEBUG GameApplication      - Logging settings
Title: Untitled
Version: 0.0
Width: 1280
Height: 720
Fullscreen: false
Intro: false
Profiling: false
Single step:false
App Mode: DEVELOPER
Menu Key: ESCAPE
Stage Style: DECORATED
Scene Factory: class org.group1.GamePackage.Factory.MainSceneFactory

21:32:56.002 [JavaFX Application Thread] DEBUG FXGLApplication      - Initializing FXGL
21:32:56.009 [JavaFX Application Thread] INFO  Engine               - FXGL-25 (05.02.2026 22.57) on LINUX (J:25.0.2 FX:21.0.6)
21:32:56.010 [JavaFX Application Thread] DEBUG Engine               - JRE Vendor Name: Arch Linux
21:32:56.010 [JavaFX Application Thread] DEBUG Engine               - Running on OS: Linux version 6.18.20-1-lts
21:32:56.011 [JavaFX Application Thread] DEBUG Engine               - Architecture: amd64
21:32:56.011 [JavaFX Application Thread] INFO  Engine               - Source code and latest versions at: https://github.com/AlmasB/FXGL
21:32:56.011 [JavaFX Application Thread] INFO  Engine               -       Ask questions and discuss at: https://github.com/AlmasB/FXGL/discussions
21:32:56.173 [JavaFX Application Thread] DEBUG PrimaryStageWindow   - Creating a JavaFX scene
21:32:56.345 [JavaFX Application Thread] DEBUG PrimaryStageWindow   - Target settings size: 1280.0 x 720.0
21:32:56.345 [JavaFX Application Thread] DEBUG PrimaryStageWindow   - Scaled scene size:    1280.0 x 720.0
21:32:56.346 [JavaFX Application Thread] DEBUG PrimaryStageWindow   - Scaled ratio: (1.0, 1.0)
21:32:56.347 [JavaFX Application Thread] DEBUG PrimaryStageWindow   - Set initial scene to FXGLStartupScene
21:32:56.354 [JavaFX Application Thread] DEBUG PrimaryStageWindow   - Opening main window
21:32:56.409 [JavaFX Application Thread] DEBUG PrimaryStageWindow   - Window border size: (0.0, 35.0)
21:32:56.409 [JavaFX Application Thread] DEBUG PrimaryStageWindow   - Scaled size: 1280.0 x 685.0
21:32:56.409 [JavaFX Application Thread] DEBUG PrimaryStageWindow   - Scaled ratio: (1.0, 0.9513888888888888)
21:32:56.410 [JavaFX Application Thread] DEBUG PrimaryStageWindow   - Scene size: 1280.0 x 720.0
21:32:56.410 [JavaFX Application Thread] DEBUG PrimaryStageWindow   - Stage size: 1280.0 x 720.0
21:32:56.423 [FXGL Background Thread 1 ] DEBUG Engine               - Initializing environment variables
21:32:56.541 [FXGL Background Thread 1 ] DEBUG FXGLAssetLoaderServi - User app class for loading assets: class org.group1.GamePackage.Application
21:32:56.542 [FXGL Background Thread 1 ] DEBUG GameApplicationServi - Applying CSS: fxgl_dark.css
21:32:56.544 [FXGL Background Thread 1 ] DEBUG FXGLAssetLoaderServi - Loading from file system: jar:file:///home/me/.m2/repository/com/github/almasb/fxgl/25/fxgl-25.jar!/fxglassets/ui/css/fxgl_dark.css
21:32:56.649 [FXGL Background Thread 1 ] DEBUG GameApplicationServi - Initializing application scenes
21:32:56.658 [FXGL Background Thread 1 ] DEBUG FXGLAssetLoaderServi - Loading from file system: file:/home/me/projects/ComProg_Project/target/classes/assets/textures/background.png
21:32:56.952 [FXGL Background Thread 1 ] DEBUG FXGLAssetLoaderServi - Loading from file system: file:/home/me/projects/ComProg_Project/target/classes/assets/textures/background_stars1.png
21:32:57.086 [FXGL Background Thread 1 ] DEBUG FXGLAssetLoaderServi - Loading from file system: file:/home/me/projects/ComProg_Project/target/classes/assets/textures/background_stars2.png
21:32:57.213 [FXGL Background Thread 1 ] DEBUG FXGLAssetLoaderServi - Loading from file system: file:/home/me/projects/ComProg_Project/target/classes/assets/textures/background_stars3.png
21:32:57.292 [FXGL Background Thread 1 ] DEBUG FXGLAssetLoaderServi - Loading from file system: file:/home/me/projects/ComProg_Project/target/classes/assets/textures/background_cloud1.png
21:32:57.310 [FXGL Background Thread 1 ] DEBUG FXGLAssetLoaderServi - Loading from file system: file:/home/me/projects/ComProg_Project/target/classes/assets/textures/background_cloud2.png
21:32:57.339 [FXGL Background Thread 1 ] DEBUG FXGLAssetLoaderServi - Loading from file system: file:/home/me/projects/ComProg_Project/target/classes/assets/textures/background_mist1.png
21:32:57.360 [FXGL Background Thread 1 ] DEBUG FXGLAssetLoaderServi - Loading from file system: file:/home/me/projects/ComProg_Project/target/classes/assets/textures/background_hills.png
21:32:57.406 [FXGL Background Thread 1 ] DEBUG FXGLAssetLoaderServi - Loading from file system: file:/home/me/projects/ComProg_Project/target/classes/assets/textures/background_forest.png
21:32:57.429 [FXGL Background Thread 1 ] DEBUG FXGLAssetLoaderServi - Loading from file system: file:/home/me/projects/ComProg_Project/target/classes/assets/textures/background_large_forest.png
21:32:57.579 [FXGL Background Thread 1 ] DEBUG GameWorld            - Game world initialized
21:32:57.650 [FXGL Background Thread 1 ] DEBUG PhysicsWorld         - Physics world initialized: appHeight=720, physics.ppm=50.0
21:32:57.651 [FXGL Background Thread 1 ] DEBUG PhysicsWorld         - Using strategy: BRUTE_FORCE
21:32:57.658 [FXGL Background Thread 1 ] DEBUG GameScene            - Game scene initialized: 1280x720
21:32:57.876 [FXGL Background Thread 1 ] DEBUG GameApplicationServi - Application scenes initialized
21:32:57.890 [FXGL Background Thread 1 ] DEBUG SystemBundleService  - Loading FXGL system data
21:32:57.897 [FXGL Background Thread 1 ] DEBUG FileSystemAccess     - Reading from: /home/me/projects/ComProg_Project/system/fxgl.bundle
21:32:57.906 [FXGL Background Thread 1 ] DEBUG SystemBundleService  - Bundle FXGL: {}
21:32:57.906 [FXGL Background Thread 1 ] DEBUG UpdaterService       - Checking for updates
21:32:57.915 [FXGL Background Thread 4 ] DEBUG FXGLApplication      - Loading fonts
21:32:57.916 [FXGL Background Thread 4 ] DEBUG FXGLAssetLoaderServi - Loading from file system: jar:file:///home/me/.m2/repository/com/github/almasb/fxgl/25/fxgl-25.jar!/fxglassets/ui/fonts/VarelaRound-Regular.ttf
21:32:57.916 [FXGL Background Thread 1 ] DEBUG FXGLApplication      - Loading default localization
21:32:57.918 [FXGL Background Thread 1 ] DEBUG FXGLAssetLoaderServi - Loading from file system: jar:file:///home/me/.m2/repository/com/github/almasb/fxgl/25/fxgl-25.jar!/fxglassets/languages/english.lang
21:32:57.936 [FXGL Background Thread 4 ] DEBUG FXGLAssetLoaderServi - Loading from file system: jar:file:///home/me/.m2/repository/com/github/almasb/fxgl/25/fxgl-25.jar!/fxglassets/ui/fonts/Abel-Regular.ttf
21:32:57.939 [FXGL Background Thread 4 ] DEBUG FXGLAssetLoaderServi - Loading from file system: jar:file:///home/me/.m2/repository/com/github/almasb/fxgl/25/fxgl-25.jar!/fxglassets/ui/fonts/TerminalLandMono-Regular.otf
21:32:57.943 [FXGL Background Thread 1 ] INFO  FXGLApplication      - FXGL initialization took: 1.519 sec
21:32:57.943 [FXGL Background Thread 4 ] DEBUG FXGLAssetLoaderServi - Loading from file system: jar:file:///home/me/.m2/repository/com/github/almasb/fxgl/25/fxgl-25.jar!/fxglassets/ui/fonts/Courier-Prime.ttf
21:32:57.973 [JavaFX Application Thread] DEBUG Input                - Registered new binding: Move left - A
21:32:57.973 [JavaFX Application Thread] DEBUG Input                - Registered new binding: Move right - D
21:32:57.974 [JavaFX Application Thread] DEBUG Input                - Registered new binding: Move down - S
21:32:57.974 [JavaFX Application Thread] DEBUG Input                - Registered new binding: Move up - W
21:32:57.974 [JavaFX Application Thread] DEBUG Input                - Registered new binding: Shoot - Space
21:32:57.975 [JavaFX Application Thread] DEBUG Input                - Registered new binding: Switch to Fire Bullet - Q
21:32:57.975 [JavaFX Application Thread] DEBUG Input                - Registered new binding: Switch to Ice Bullet - E
21:32:57.975 [JavaFX Application Thread] DEBUG FXGLAssetLoaderServi - Loading from file system: jar:file:///home/me/.m2/repository/com/github/almasb/fxgl/25/fxgl-25.jar!/fxglassets/textures/fxgl_icon.png
21:32:58.053 [JavaFX Application Thread] DEBUG FXGLAssetLoaderServi - Loading from file system: jar:file:///home/me/.m2/repository/com/github/almasb/fxgl/25/fxgl-25.jar!/fxglassets/textures/fxgl_default_cursor.png
21:32:58.056 [JavaFX Application Thread] DEBUG Input                - Registered new binding: Screenshot - CTRL+8
21:32:58.057 [JavaFX Application Thread] DEBUG Input                - Registered new binding: System info dump - CTRL+9
21:32:58.058 [JavaFX Application Thread] DEBUG Input                - Registered new binding: Restart - CTRL+R
21:32:58.059 [JavaFX Application Thread] DEBUG Input                - Registered new binding: Toggle Debug Camera - CTRL+7
21:32:58.068 [JavaFX Application Thread] DEBUG LoopRunner           - Starting loop
21:32:58.068 [JavaFX Application Thread] DEBUG LoopRunner           - Initializing JavaFX AnimationTimerLoop
21:32:58.072 [JavaFX Application Thread] DEBUG Input                - Clearing active input actions
21:32:58.100 [JavaFX Application Thread] DEBUG GameApplicationServi - Removing overlay from FXGLStartupScene and adding to FXGLMainMenuDummyScene
21:32:58.101 [JavaFX Application Thread] DEBUG PrimaryStageWindow   - FXGLStartupScene -> FXGLMainMenuDummyScene
21:32:58.101 [JavaFX Application Thread] DEBUG PrimaryStageWindow   - Push state: MenuInterface
21:32:58.102 [JavaFX Application Thread] DEBUG Input                - Clearing active input actions
21:32:58.117 [JavaFX Application Thread] DEBUG GameApplicationServi - Removing overlay from FXGLMainMenuDummyScene and adding to MenuInterface
21:32:58.118 [JavaFX Application Thread] DEBUG PrimaryStageWindow   - FXGLMainMenuDummyScene -> MenuInterface
21:32:58.119 [JavaFX Application Thread] DEBUG FXGLApplication      - Registering font factories with UI factory
21:32:59.131 [JavaFX Application Thread] DEBUG GameApplicationServi - Starting new game
21:32:59.131 [JavaFX Application Thread] DEBUG PrimaryStageWindow   - Pop state: MenuInterface
21:32:59.131 [JavaFX Application Thread] DEBUG Input                - Clearing active input actions
21:32:59.133 [JavaFX Application Thread] DEBUG GameApplicationServi - Removing overlay from MenuInterface and adding to FXGLMainMenuDummyScene
21:32:59.134 [JavaFX Application Thread] DEBUG PrimaryStageWindow   - FXGLMainMenuDummyScene <- MenuInterface
21:32:59.134 [JavaFX Application Thread] DEBUG Input                - Clearing active input actions
21:32:59.151 [JavaFX Application Thread] DEBUG GameApplicationServi - Removing overlay from FXGLMainMenuDummyScene and adding to LoadingInterface
21:32:59.152 [JavaFX Application Thread] DEBUG PrimaryStageWindow   - FXGLMainMenuDummyScene -> LoadingInterface
21:32:59.152 [JavaFX Application Thread] DEBUG GameApplicationServi - Clearing previous game
21:32:59.152 [JavaFX Application Thread] DEBUG GameScene            - Clearing game scene
21:32:59.152 [JavaFX Application Thread] DEBUG GameWorld            - Clearing game world
21:32:59.152 [JavaFX Application Thread] DEBUG PhysicsWorld         - Clearing physics world
21:32:59.155 [FXGL Background Thread 4 ] DEBUG FXGLApplication      - Initializing game
21:32:59.236 [FXGL Background Thread 4 ] DEBUG FXGLAssetLoaderServi - Loading from file system: file:/home/me/projects/ComProg_Project/target/classes/assets/textures/idle_sprite.png
21:32:59.279 [FXGL Background Thread 4 ] DEBUG FXGLAssetLoaderServi - Loading from file system: file:/home/me/projects/ComProg_Project/target/classes/assets/textures/bullet_HUD_selection.png
21:32:59.294 [FXGL Background Thread 4 ] DEBUG FXGLAssetLoaderServi - Loading from file system: file:/home/me/projects/ComProg_Project/target/classes/assets/music/main_music.wav
21:32:59.550 [FXGL Background Thread 4 ] DEBUG AudioPlayer          - Playing music com.almasb.fxgl.audio.Music@40950727
21:32:59.581 [FXGL Background Thread 4 ] DEBUG FXGLAssetLoaderServi - Loading from file system: file:/home/me/projects/ComProg_Project/target/classes/assets/textures/lives_09.png
21:32:59.600 [FXGL Background Thread 4 ] INFO  FXGLApplication      - Game initialization took: 0.444 sec
21:32:59.601 [JavaFX Application Thread] DEBUG Input                - Clearing active input actions
21:32:59.629 [JavaFX Application Thread] DEBUG GameApplicationServi - Removing overlay from LoadingInterface and adding to GameScene
21:32:59.630 [JavaFX Application Thread] DEBUG PrimaryStageWindow   - LoadingInterface -> GameScene
21:33:00.335 [JavaFX Application Thread] DEBUG FXGLAssetLoaderServi - Loading from file system: file:/home/me/projects/ComProg_Project/target/classes/assets/textures/enemy_sprite.png
21:33:00.363 [JavaFX Application Thread] DEBUG FXGLAssetLoaderServi - Loading from file system: file:/home/me/projects/ComProg_Project/target/classes/assets/textures/explosion_sprite.png
21:33:00.913 [FXGL Background Thread 3 ] DEBUG Engine               - Logging environment variables
21:33:00.915 [FXGL Background Thread 3 ] DEBUG Engine               - achievements: []
21:33:00.916 [FXGL Background Thread 3 ] DEBUG Engine               - actualHeight: 719.0
21:33:00.918 [FXGL Background Thread 3 ] DEBUG Engine               - actualHeightProperty: ReadOnlyDoubleProperty [value: 719.0]
21:33:00.918 [FXGL Background Thread 3 ] DEBUG Engine               - actualWidth: 1290.0
21:33:00.919 [FXGL Background Thread 3 ] DEBUG Engine               - actualWidthProperty: ReadOnlyDoubleProperty [value: 1290.0]
21:33:00.919 [FXGL Background Thread 3 ] DEBUG Engine               - appIcon: fxgl_icon.png
21:33:00.920 [FXGL Background Thread 3 ] DEBUG Engine               - applicationMode: DEVELOPER
21:33:00.920 [FXGL Background Thread 3 ] DEBUG Engine               - cSSList: [fxgl_dark.css]
21:33:00.920 [FXGL Background Thread 3 ] DEBUG Engine               - collisionDetectionStrategy: BRUTE_FORCE
21:33:00.921 [FXGL Background Thread 3 ] DEBUG Engine               - configClass: Optional.empty
21:33:00.921 [FXGL Background Thread 3 ] DEBUG Engine               - credits: []
21:33:00.922 [FXGL Background Thread 3 ] DEBUG Engine               - defaultCursor: CursorInfo(imageName=fxgl_default_cursor.png, hotspotX=7.0, hotspotY=6.0)
21:33:00.923 [FXGL Background Thread 3 ] DEBUG Engine               - devBBoxColorProperty: ObjectProperty [value: 0xff0000ff]
21:33:00.923 [FXGL Background Thread 3 ] DEBUG Engine               - devEnableDebugCameraProperty: BooleanProperty [value: false]
21:33:00.924 [FXGL Background Thread 3 ] DEBUG Engine               - devSensorColorProperty: ObjectProperty [value: 0xffff00ff]
21:33:00.924 [FXGL Background Thread 3 ] DEBUG Engine               - devShowBBoxProperty: BooleanProperty [value: false]
21:33:00.925 [FXGL Background Thread 3 ] DEBUG Engine               - devShowPositionProperty: BooleanProperty [value: false]
21:33:00.926 [FXGL Background Thread 3 ] DEBUG Engine               - enabledMenuItems: []
21:33:00.926 [FXGL Background Thread 3 ] DEBUG Engine               - engineServices: [class com.almasb.fxgl.app.services.FXGLAssetLoaderService, class com.almasb.fxgl.app.FXGLApplication$GameApplicationService, class com.almasb.fxgl.app.services.FXGLDialogService, class com.almasb.fxgl.app.services.IOTaskExecutorService, class com.almasb.fxgl.io.FileSystemService, class com.almasb.fxgl.localization.LocalizationService, class com.almasb.fxgl.app.services.SystemBundleService, class com.almasb.fxgl.profile.SaveLoadService, class com.almasb.fxgl.ui.FXGLUIFactoryServiceProvider, class com.almasb.fxgl.ui.FXGLDialogFactoryServiceProvider, class com.almasb.fxgl.audio.AudioPlayer, class com.almasb.fxgl.notification.impl.NotificationServiceProvider, class com.almasb.fxgl.achievement.AchievementService, class com.almasb.fxgl.cutscene.CutsceneService, class com.almasb.fxgl.minigames.MiniGameService, class com.almasb.fxgl.net.NetService, class com.almasb.fxgl.app.services.UpdaterService, class com.almasb.fxgl.dev.DevService]
21:33:00.927 [FXGL Background Thread 3 ] DEBUG Engine               - fontGame: Abel-Regular.ttf
21:33:00.927 [FXGL Background Thread 3 ] DEBUG Engine               - fontMono: TerminalLandMono-Regular.otf
21:33:00.928 [FXGL Background Thread 3 ] DEBUG Engine               - fontSizeScaleUI: 1.0
21:33:00.928 [FXGL Background Thread 3 ] DEBUG Engine               - fontText: Courier-Prime.ttf
21:33:00.928 [FXGL Background Thread 3 ] DEBUG Engine               - fontUI: VarelaRound-Regular.ttf
21:33:00.929 [FXGL Background Thread 3 ] DEBUG Engine               - fpsRefreshRate: 500.0 ms
21:33:00.930 [FXGL Background Thread 3 ] DEBUG Engine               - fullScreen: BooleanProperty [value: false]
21:33:00.931 [FXGL Background Thread 3 ] DEBUG Engine               - gameDifficulty: MEDIUM
21:33:00.931 [FXGL Background Thread 3 ] DEBUG Engine               - gameDifficultyProperty: ObjectProperty [value: MEDIUM]
21:33:00.931 [FXGL Background Thread 3 ] DEBUG Engine               - globalMusicVolume: 0.5
21:33:00.931 [FXGL Background Thread 3 ] DEBUG Engine               - globalMusicVolumeProperty: DoubleProperty [value: 0.5]
21:33:00.932 [FXGL Background Thread 3 ] DEBUG Engine               - globalSoundVolume: 0.5
21:33:00.932 [FXGL Background Thread 3 ] DEBUG Engine               - globalSoundVolumeProperty: DoubleProperty [value: 0.5]
21:33:00.932 [FXGL Background Thread 3 ] DEBUG Engine               - height: 720
21:33:00.932 [FXGL Background Thread 3 ] DEBUG Engine               - is3D: false
21:33:00.933 [FXGL Background Thread 3 ] DEBUG Engine               - isAndroid: false
21:33:00.933 [FXGL Background Thread 3 ] DEBUG Engine               - isBrowser: false
21:33:00.933 [FXGL Background Thread 3 ] DEBUG Engine               - isClickFeedbackEnabled: false
21:33:00.933 [FXGL Background Thread 3 ] DEBUG Engine               - isCloseConfirmation: false
21:33:00.933 [FXGL Background Thread 3 ] DEBUG Engine               - isDesktop: true
21:33:00.933 [FXGL Background Thread 3 ] DEBUG Engine               - isDeveloperMenuEnabled: false
21:33:00.934 [FXGL Background Thread 3 ] DEBUG Engine               - isEmbedded: false
21:33:00.934 [FXGL Background Thread 3 ] DEBUG Engine               - isEntityPreloadEnabled: true
21:33:00.934 [FXGL Background Thread 3 ] DEBUG Engine               - isExperimentalTiledLargeMap: false
21:33:00.934 [FXGL Background Thread 3 ] DEBUG Engine               - isFileSystemWriteAllowed: true
21:33:00.934 [FXGL Background Thread 3 ] DEBUG Engine               - isFullScreenAllowed: false
21:33:00.935 [FXGL Background Thread 3 ] DEBUG Engine               - isFullScreenFromStart: false
21:33:00.935 [FXGL Background Thread 3 ] DEBUG Engine               - isGameMenuEnabled: true
21:33:00.935 [FXGL Background Thread 3 ] DEBUG Engine               - isIOS: false
21:33:00.935 [FXGL Background Thread 3 ] DEBUG Engine               - isIntroEnabled: false
21:33:00.935 [FXGL Background Thread 3 ] DEBUG Engine               - isLinux: true
21:33:00.935 [FXGL Background Thread 3 ] DEBUG Engine               - isMac: false
21:33:00.936 [FXGL Background Thread 3 ] DEBUG Engine               - isMainMenuEnabled: true
21:33:00.936 [FXGL Background Thread 3 ] DEBUG Engine               - isManualResizeEnabled: false
21:33:00.936 [FXGL Background Thread 3 ] DEBUG Engine               - isMobile: false
21:33:00.936 [FXGL Background Thread 3 ] DEBUG Engine               - isNative: false
21:33:00.936 [FXGL Background Thread 3 ] DEBUG Engine               - isPauseMusicWhenMinimized: true
21:33:00.937 [FXGL Background Thread 3 ] DEBUG Engine               - isPreserveResizeRatio: false
21:33:00.937 [FXGL Background Thread 3 ] DEBUG Engine               - isProfilingEnabled: false
21:33:00.937 [FXGL Background Thread 3 ] DEBUG Engine               - isScaleAffectedOnResize: true
21:33:00.939 [FXGL Background Thread 3 ] DEBUG Engine               - isSingleStep: false
21:33:00.939 [FXGL Background Thread 3 ] DEBUG Engine               - isUserProfileEnabled: false
21:33:00.940 [FXGL Background Thread 3 ] DEBUG Engine               - isWindows: false
21:33:00.940 [FXGL Background Thread 3 ] DEBUG Engine               - language: ObjectProperty [value: ENGLISH]
21:33:00.940 [FXGL Background Thread 3 ] DEBUG Engine               - menuKey: ESCAPE
21:33:00.940 [FXGL Background Thread 3 ] DEBUG Engine               - mouseSensitivity: 0.2
21:33:00.941 [FXGL Background Thread 3 ] DEBUG Engine               - notificationViewClass: class com.almasb.fxgl.notification.view.XboxNotificationView
21:33:00.941 [FXGL Background Thread 3 ] DEBUG Engine               - pixelsPerMeter: 50.0
21:33:00.941 [FXGL Background Thread 3 ] DEBUG Engine               - platform: LINUX
21:33:00.941 [FXGL Background Thread 3 ] DEBUG Engine               - prefHeightProperty: ReadOnlyDoubleProperty [value: 720.0]
21:33:00.941 [FXGL Background Thread 3 ] DEBUG Engine               - prefWidthProperty: ReadOnlyDoubleProperty [value: 1280.0]
21:33:00.942 [FXGL Background Thread 3 ] DEBUG Engine               - profileDir: profiles/
21:33:00.942 [FXGL Background Thread 3 ] DEBUG Engine               - profileName: StringProperty [value: DEFAULT]
21:33:00.942 [FXGL Background Thread 3 ] DEBUG Engine               - randomSeed: -1
21:33:00.943 [FXGL Background Thread 3 ] DEBUG Engine               - runtimeInfo: RuntimeInfo(platform=LINUX, version=25, build=05.02.2026 22.57)
21:33:00.943 [FXGL Background Thread 3 ] DEBUG Engine               - saveFileExt: sav
21:33:00.943 [FXGL Background Thread 3 ] DEBUG Engine               - scaledHeightProp$fxgl: DoubleProperty [bound, value: 719.0]
21:33:00.945 [FXGL Background Thread 3 ] DEBUG Engine               - scaledWidthProp$fxgl: DoubleProperty [bound, value: 1290.0]
21:33:00.945 [FXGL Background Thread 3 ] DEBUG Engine               - sceneFactory: org.group1.GamePackage.Factory.MainSceneFactory@5b2aa559
21:33:00.946 [FXGL Background Thread 3 ] DEBUG Engine               - secondsIn24h: 60
21:33:00.946 [FXGL Background Thread 3 ] DEBUG Engine               - soundMenuBack: menu/back.wav
21:33:00.946 [FXGL Background Thread 3 ] DEBUG Engine               - soundMenuPress: menu/press.wav
21:33:00.947 [FXGL Background Thread 3 ] DEBUG Engine               - soundMenuSelect: menu/select.wav
21:33:00.947 [FXGL Background Thread 3 ] DEBUG Engine               - soundNotification: core/notification.wav
21:33:00.947 [FXGL Background Thread 3 ] DEBUG Engine               - stageStyle: DECORATED
21:33:00.948 [FXGL Background Thread 3 ] DEBUG Engine               - supportedLanguages: [ENGLISH, FRENCH, GERMAN, HUNGARIAN, RUSSIAN]
21:33:00.948 [FXGL Background Thread 3 ] DEBUG Engine               - ticksPerSecond: -1
21:33:00.948 [FXGL Background Thread 3 ] DEBUG Engine               - title: Untitled
21:33:00.948 [FXGL Background Thread 3 ] DEBUG Engine               - urlGithub: https://github.com/AlmasB/FXGL
21:33:00.948 [FXGL Background Thread 3 ] DEBUG Engine               - urlLeaderboard: http://fxgl-top.herokuapp.com/
21:33:00.948 [FXGL Background Thread 3 ] DEBUG Engine               - urlPOM: https://raw.githubusercontent.com/AlmasB/FXGL/release/README.md
21:33:00.949 [FXGL Background Thread 3 ] DEBUG Engine               - userAppClass: class org.group1.GamePackage.Application
21:33:00.949 [FXGL Background Thread 3 ] DEBUG Engine               - version: 0.0
21:33:00.949 [FXGL Background Thread 3 ] DEBUG Engine               - versionCheckDays: 7
21:33:00.949 [FXGL Background Thread 3 ] DEBUG Engine               - width: 1280
21:33:00.950 [FXGL Background Thread 3 ] DEBUG Engine               - Logging services
21:33:00.950 [FXGL Background Thread 3 ] DEBUG Engine               - class com.almasb.fxgl.app.services.FXGLAssetLoaderService
21:33:00.950 [FXGL Background Thread 3 ] DEBUG Engine               - class com.almasb.fxgl.app.FXGLApplication$GameApplicationService
21:33:00.950 [FXGL Background Thread 3 ] DEBUG Engine               - class com.almasb.fxgl.app.services.FXGLDialogService
21:33:00.950 [FXGL Background Thread 3 ] DEBUG Engine               - class com.almasb.fxgl.app.services.IOTaskExecutorService
21:33:00.951 [FXGL Background Thread 3 ] DEBUG Engine               - class com.almasb.fxgl.io.FileSystemService
21:33:00.951 [FXGL Background Thread 3 ] DEBUG Engine               - class com.almasb.fxgl.localization.LocalizationService
21:33:00.951 [FXGL Background Thread 3 ] DEBUG Engine               - class com.almasb.fxgl.app.services.SystemBundleService
21:33:00.951 [FXGL Background Thread 3 ] DEBUG Engine               - class com.almasb.fxgl.profile.SaveLoadService
21:33:00.951 [FXGL Background Thread 3 ] DEBUG Engine               - class com.almasb.fxgl.ui.FXGLUIFactoryServiceProvider
21:33:00.951 [FXGL Background Thread 3 ] DEBUG Engine               - class com.almasb.fxgl.ui.FXGLDialogFactoryServiceProvider
21:33:00.952 [FXGL Background Thread 3 ] DEBUG Engine               - class com.almasb.fxgl.audio.AudioPlayer
21:33:00.952 [FXGL Background Thread 3 ] DEBUG Engine               - class com.almasb.fxgl.notification.impl.NotificationServiceProvider
21:33:00.952 [FXGL Background Thread 3 ] DEBUG Engine               - class com.almasb.fxgl.achievement.AchievementService
21:33:00.952 [FXGL Background Thread 3 ] DEBUG Engine               - class com.almasb.fxgl.cutscene.CutsceneService
21:33:00.952 [FXGL Background Thread 3 ] DEBUG Engine               - class com.almasb.fxgl.minigames.MiniGameService
21:33:00.952 [FXGL Background Thread 3 ] DEBUG Engine               - class com.almasb.fxgl.net.NetService
21:33:00.952 [FXGL Background Thread 3 ] DEBUG Engine               - class com.almasb.fxgl.app.services.UpdaterService
21:33:00.953 [FXGL Background Thread 3 ] DEBUG Engine               - class com.almasb.fxgl.dev.DevService
21:33:01.317 [JavaFX Application Thread] DEBUG FXGLAssetLoaderServi - Loading from file system: file:/home/me/projects/ComProg_Project/target/classes/assets/textures/bullet_sprite.png
21:33:01.663 [JavaFX Application Thread] DEBUG FXGLAssetLoaderServi - Loading from file system: file:/home/me/projects/ComProg_Project/target/classes/assets/textures/fire_potion_sprite.png
21:33:01.668 [JavaFX Application Thread] DEBUG FXGLAssetLoaderServi - Loading from file system: file:/home/me/projects/ComProg_Project/target/classes/assets/sounds/death_sound.wav
21:33:06.781 [JavaFX Application Thread] DEBUG FXGLAssetLoaderServi - Loading from file system: file:/home/me/projects/ComProg_Project/target/classes/assets/sounds/fah.wav
21:33:06.788 [JavaFX Application Thread] DEBUG FXGLAssetLoaderServi - Loading from file system: file:/home/me/projects/ComProg_Project/target/classes/assets/textures/lives_08.png
21:33:09.610 [JavaFX Application Thread] DEBUG FXGLAssetLoaderServi - Loading from file system: file:/home/me/projects/ComProg_Project/target/classes/assets/textures/boss_idle_sprite.png
21:33:09.698 [JavaFX Application Thread] DEBUG FXGLAssetLoaderServi - Loading from file system: file:/home/me/projects/ComProg_Project/target/classes/assets/textures/boss_charging_sprite.png
21:33:09.854 [JavaFX Application Thread] DEBUG FXGLAssetLoaderServi - Loading from file system: file:/home/me/projects/ComProg_Project/target/classes/assets/textures/boss_recovering_sprite.png
21:33:09.922 [JavaFX Application Thread] DEBUG FXGLAssetLoaderServi - Loading from file system: file:/home/me/projects/ComProg_Project/target/classes/assets/textures/boss_death.png
21:33:10.684 [JavaFX Application Thread] DEBUG FXGLAssetLoaderServi - Loading from file system: file:/home/me/projects/ComProg_Project/target/classes/assets/textures/lives_07.png
21:33:13.308 [JavaFX Application Thread] DEBUG FXGLAssetLoaderServi - Loading from file system: file:/home/me/projects/ComProg_Project/target/classes/assets/textures/boost_sprite.png
21:33:13.318 [JavaFX Application Thread] DEBUG FXGLAssetLoaderServi - Loading from file system: file:/home/me/projects/ComProg_Project/target/classes/assets/textures/boost_explode.png
21:33:14.798 [JavaFX Application Thread] DEBUG FXGLAssetLoaderServi - Loading from file system: file:/home/me/projects/ComProg_Project/target/classes/assets/textures/laser_sprite.png
21:33:14.839 [JavaFX Application Thread] DEBUG FXGLAssetLoaderServi - Loading from file system: file:/home/me/projects/ComProg_Project/target/classes/assets/textures/ice_potion_sprite.png
21:33:16.904 [JavaFX Application Thread] DEBUG FXGLAssetLoaderServi - Loading from file system: file:/home/me/projects/ComProg_Project/target/classes/assets/textures/heart_sprite.png
21:33:16.947 [JavaFX Application Thread] DEBUG FXGLAssetLoaderServi - Loading from file system: file:/home/me/projects/ComProg_Project/target/classes/assets/textures/heart_explode_sprite.png
21:33:18.864 [JavaFX Application Thread] DEBUG FXGLAssetLoaderServi - Loading from file system: file:/home/me/projects/ComProg_Project/target/classes/assets/textures/lives_06.png
21:33:19.929 [JavaFX Application Thread] DEBUG FXGLAssetLoaderServi - Loading from file system: file:/home/me/projects/ComProg_Project/target/classes/assets/sounds/heart_gain.wav
21:33:22.149 [JavaFX Application Thread] DEBUG PrimaryStageWindow   - Push state: PauseInterface
21:33:22.150 [JavaFX Application Thread] DEBUG Input                - Clearing active input actions
21:33:22.189 [JavaFX Application Thread] DEBUG GameApplicationServi - Removing overlay from GameScene and adding to PauseInterface
21:33:22.190 [JavaFX Application Thread] DEBUG PrimaryStageWindow   - GameScene -> PauseInterface
21:33:23.510 [JavaFX Application Thread] DEBUG Menu                 - fireExitToMainMenu()
21:33:23.516 [JavaFX Application Thread] DEBUG PrimaryStageWindow   - Push state: DialogSubScene
21:33:23.516 [JavaFX Application Thread] DEBUG Input                - Clearing active input actions
21:33:23.517 [JavaFX Application Thread] DEBUG GameApplicationServi - Removing overlay from PauseInterface and adding to DialogSubScene
21:33:23.518 [JavaFX Application Thread] DEBUG PrimaryStageWindow   - PauseInterface -> DialogSubScene
21:33:24.461 [JavaFX Application Thread] DEBUG PrimaryStageWindow   - Pop state: DialogSubScene
21:33:24.461 [JavaFX Application Thread] DEBUG Input                - Clearing active input actions
21:33:24.462 [JavaFX Application Thread] DEBUG GameApplicationServi - Removing overlay from DialogSubScene and adding to PauseInterface
21:33:24.462 [JavaFX Application Thread] DEBUG PrimaryStageWindow   - PauseInterface <- DialogSubScene
21:33:24.463 [JavaFX Application Thread] DEBUG PrimaryStageWindow   - Pop state: PauseInterface
21:33:24.463 [JavaFX Application Thread] DEBUG Input                - Clearing active input actions
21:33:24.464 [JavaFX Application Thread] DEBUG GameApplicationServi - Removing overlay from PauseInterface and adding to GameScene
21:33:24.464 [JavaFX Application Thread] DEBUG PrimaryStageWindow   - GameScene <- PauseInterface
21:33:24.464 [JavaFX Application Thread] DEBUG Input                - Clearing active input actions
21:33:24.471 [JavaFX Application Thread] DEBUG GameApplicationServi - Removing overlay from GameScene and adding to FXGLMainMenuDummyScene
21:33:24.471 [JavaFX Application Thread] DEBUG PrimaryStageWindow   - GameScene -> FXGLMainMenuDummyScene
21:33:24.471 [JavaFX Application Thread] DEBUG PrimaryStageWindow   - Push state: MenuInterface
21:33:24.471 [JavaFX Application Thread] DEBUG Input                - Clearing active input actions
21:33:24.477 [JavaFX Application Thread] DEBUG GameApplicationServi - Removing overlay from FXGLMainMenuDummyScene and adding to MenuInterface
21:33:24.477 [JavaFX Application Thread] DEBUG PrimaryStageWindow   - FXGLMainMenuDummyScene -> MenuInterface
21:33:25.337 [JavaFX Application Thread] DEBUG FXGLApplication      - Exiting FXGL
21:33:25.338 [JavaFX Application Thread] DEBUG LoopRunner           - Stopping loop
21:33:25.338 [JavaFX Application Thread] DEBUG SystemBundleService  - Saving FXGL system data
21:33:25.340 [JavaFX Application Thread] DEBUG FileSystemAccess     - Writing to: /home/me/projects/ComProg_Project/system/fxgl.bundle
21:33:25.342 [JavaFX Application Thread] DEBUG Async                - Shutting down background threads
21:33:25.342 [JavaFX Application Thread] DEBUG PrimaryStageWindow   - Closing main window
21:33:25.345 [JavaFX Application Thread] DEBUG Logger               - Closing Logger
