21:38:44.023 [main                     ] DEBUG Logger               - Configured Logger
21:38:44.030 [main                     ] DEBUG GameApplication      - Logging settings
Title: Untitled
Version: 0.0
Width: 1280
Height: 720
Fullscreen: false
Intro: false
Profiling: false
Single step:false
App Mode: DEVELOPER
Menu Key: ESCAPE
Stage Style: DECORATED
Scene Factory: class org.group1.GamePackage.Factory.MainSceneFactory

21:38:44.478 [JavaFX Application Thread] DEBUG FXGLApplication      - Initializing FXGL
21:38:44.484 [JavaFX Application Thread] INFO  Engine               - FXGL-25 (05.02.2026 22.57) on WINDOWS (J:25.0.1 FX:21.0.6)
21:38:44.484 [JavaFX Application Thread] DEBUG Engine               - JRE Vendor Name: Oracle Corporation
21:38:44.485 [JavaFX Application Thread] DEBUG Engine               - Running on OS: Windows 11 version 10.0
21:38:44.485 [JavaFX Application Thread] DEBUG Engine               - Architecture: amd64
21:38:44.485 [JavaFX Application Thread] INFO  Engine               - Source code and latest versions at: https://github.com/AlmasB/FXGL
21:38:44.485 [JavaFX Application Thread] INFO  Engine               -       Ask questions and discuss at: https://github.com/AlmasB/FXGL/discussions
21:38:44.615 [JavaFX Application Thread] DEBUG PrimaryStageWindow   - Creating a JavaFX scene
21:38:44.673 [JavaFX Application Thread] DEBUG PrimaryStageWindow   - Target settings size: 1280.0 x 720.0
21:38:44.674 [JavaFX Application Thread] DEBUG PrimaryStageWindow   - Scaled scene size:    1280.0 x 720.0
21:38:44.674 [JavaFX Application Thread] DEBUG PrimaryStageWindow   - Scaled ratio: (1.0, 1.0)
21:38:44.675 [JavaFX Application Thread] DEBUG PrimaryStageWindow   - Set initial scene to FXGLStartupScene
21:38:44.681 [JavaFX Application Thread] DEBUG PrimaryStageWindow   - Opening main window
21:38:44.803 [JavaFX Application Thread] DEBUG PrimaryStageWindow   - Window border size: (14.6666259765625, 37.33331298828125)
21:38:44.803 [JavaFX Application Thread] DEBUG PrimaryStageWindow   - Scaled size: 1280.0 x 720.0
21:38:44.804 [JavaFX Application Thread] DEBUG PrimaryStageWindow   - Scaled ratio: (1.0, 1.0)
21:38:44.804 [JavaFX Application Thread] DEBUG PrimaryStageWindow   - Scene size: 1280.0 x 720.0
21:38:44.804 [JavaFX Application Thread] DEBUG PrimaryStageWindow   - Stage size: 1294.6666259765625 x 757.3333129882812
21:38:44.818 [FXGL Background Thread 1 ] DEBUG Engine               - Initializing environment variables
21:38:44.935 [FXGL Background Thread 1 ] DEBUG FXGLAssetLoaderServi - User app class for loading assets: class org.group1.GamePackage.Application
21:38:44.935 [FXGL Background Thread 1 ] DEBUG GameApplicationServi - Applying CSS: fxgl_dark.css
21:38:44.937 [FXGL Background Thread 1 ] DEBUG FXGLAssetLoaderServi - Loading from file system: jar:file:///C:/Users/ryles/.m2/repository/com/github/almasb/fxgl/25/fxgl-25.jar!/fxglassets/ui/css/fxgl_dark.css
21:38:45.006 [FXGL Background Thread 1 ] DEBUG GameApplicationServi - Initializing application scenes
21:38:45.015 [FXGL Background Thread 1 ] DEBUG FXGLAssetLoaderServi - Loading from file system: file:/C:/Users/ryles/Downloads/ComProg_Project/target/classes/assets/textures/background.png
21:38:45.212 [FXGL Background Thread 1 ] DEBUG FXGLAssetLoaderServi - Loading from file system: file:/C:/Users/ryles/Downloads/ComProg_Project/target/classes/assets/textures/background_stars1.png
21:38:45.312 [FXGL Background Thread 1 ] DEBUG FXGLAssetLoaderServi - Loading from file system: file:/C:/Users/ryles/Downloads/ComProg_Project/target/classes/assets/textures/background_stars2.png
21:38:45.385 [FXGL Background Thread 1 ] DEBUG FXGLAssetLoaderServi - Loading from file system: file:/C:/Users/ryles/Downloads/ComProg_Project/target/classes/assets/textures/background_stars3.png
21:38:45.484 [FXGL Background Thread 1 ] DEBUG FXGLAssetLoaderServi - Loading from file system: file:/C:/Users/ryles/Downloads/ComProg_Project/target/classes/assets/textures/background_cloud1.png
21:38:45.502 [FXGL Background Thread 1 ] DEBUG FXGLAssetLoaderServi - Loading from file system: file:/C:/Users/ryles/Downloads/ComProg_Project/target/classes/assets/textures/background_cloud2.png
21:38:45.526 [FXGL Background Thread 1 ] DEBUG FXGLAssetLoaderServi - Loading from file system: file:/C:/Users/ryles/Downloads/ComProg_Project/target/classes/assets/textures/background_mist1.png
21:38:45.548 [FXGL Background Thread 1 ] DEBUG FXGLAssetLoaderServi - Loading from file system: file:/C:/Users/ryles/Downloads/ComProg_Project/target/classes/assets/textures/background_hills.png
21:38:45.587 [FXGL Background Thread 1 ] DEBUG FXGLAssetLoaderServi - Loading from file system: file:/C:/Users/ryles/Downloads/ComProg_Project/target/classes/assets/textures/background_forest.png
21:38:45.612 [FXGL Background Thread 1 ] DEBUG FXGLAssetLoaderServi - Loading from file system: file:/C:/Users/ryles/Downloads/ComProg_Project/target/classes/assets/textures/background_large_forest.png
21:38:45.734 [FXGL Background Thread 1 ] DEBUG GameWorld            - Game world initialized
21:38:45.801 [FXGL Background Thread 1 ] DEBUG PhysicsWorld         - Physics world initialized: appHeight=720, physics.ppm=50.0
21:38:45.802 [FXGL Background Thread 1 ] DEBUG PhysicsWorld         - Using strategy: BRUTE_FORCE
21:38:45.808 [FXGL Background Thread 1 ] DEBUG GameScene            - Game scene initialized: 1280x720
21:38:45.934 [FXGL Background Thread 1 ] DEBUG GameApplicationServi - Application scenes initialized
21:38:45.944 [FXGL Background Thread 1 ] DEBUG SystemBundleService  - Loading FXGL system data
21:38:45.949 [FXGL Background Thread 1 ] DEBUG FileSystemAccess     - Reading from: C:\Users\ryles\Downloads\ComProg_Project\system\fxgl.bundle
21:38:45.956 [FXGL Background Thread 1 ] DEBUG SystemBundleService  - Bundle FXGL: {}
21:38:45.956 [FXGL Background Thread 1 ] DEBUG UpdaterService       - Checking for updates
21:38:45.963 [FXGL Background Thread 4 ] DEBUG FXGLApplication      - Loading fonts
21:38:45.963 [FXGL Background Thread 1 ] DEBUG FXGLApplication      - Loading default localization
21:38:45.963 [FXGL Background Thread 4 ] DEBUG FXGLAssetLoaderServi - Loading from file system: jar:file:///C:/Users/ryles/.m2/repository/com/github/almasb/fxgl/25/fxgl-25.jar!/fxglassets/ui/fonts/VarelaRound-Regular.ttf
21:38:45.964 [FXGL Background Thread 1 ] DEBUG FXGLAssetLoaderServi - Loading from file system: jar:file:///C:/Users/ryles/.m2/repository/com/github/almasb/fxgl/25/fxgl-25.jar!/fxglassets/languages/english.lang
21:38:45.982 [FXGL Background Thread 1 ] INFO  FXGLApplication      - FXGL initialization took: 1.163 sec
21:38:46.008 [JavaFX Application Thread] DEBUG Input                - Registered new binding: Move left - A
21:38:46.008 [JavaFX Application Thread] DEBUG Input                - Registered new binding: Move right - D
21:38:46.008 [JavaFX Application Thread] DEBUG Input                - Registered new binding: Move down - S
21:38:46.009 [JavaFX Application Thread] DEBUG Input                - Registered new binding: Move up - W
21:38:46.009 [JavaFX Application Thread] DEBUG Input                - Registered new binding: Shoot - Space
21:38:46.010 [JavaFX Application Thread] DEBUG Input                - Registered new binding: Switch to Fire Bullet - Q
21:38:46.010 [JavaFX Application Thread] DEBUG Input                - Registered new binding: Switch to Ice Bullet - E
21:38:46.010 [JavaFX Application Thread] DEBUG FXGLAssetLoaderServi - Loading from file system: jar:file:///C:/Users/ryles/.m2/repository/com/github/almasb/fxgl/25/fxgl-25.jar!/fxglassets/textures/fxgl_icon.png
21:38:46.027 [FXGL Background Thread 4 ] DEBUG FXGLAssetLoaderServi - Loading from file system: jar:file:///C:/Users/ryles/.m2/repository/com/github/almasb/fxgl/25/fxgl-25.jar!/fxglassets/ui/fonts/Abel-Regular.ttf
21:38:46.038 [FXGL Background Thread 4 ] DEBUG FXGLAssetLoaderServi - Loading from file system: jar:file:///C:/Users/ryles/.m2/repository/com/github/almasb/fxgl/25/fxgl-25.jar!/fxglassets/ui/fonts/TerminalLandMono-Regular.otf
21:38:46.042 [JavaFX Application Thread] DEBUG FXGLAssetLoaderServi - Loading from file system: jar:file:///C:/Users/ryles/.m2/repository/com/github/almasb/fxgl/25/fxgl-25.jar!/fxglassets/textures/fxgl_default_cursor.png
21:38:46.045 [FXGL Background Thread 4 ] DEBUG FXGLAssetLoaderServi - Loading from file system: jar:file:///C:/Users/ryles/.m2/repository/com/github/almasb/fxgl/25/fxgl-25.jar!/fxglassets/ui/fonts/Courier-Prime.ttf
21:38:46.047 [JavaFX Application Thread] DEBUG Input                - Registered new binding: Screenshot - CTRL+8
21:38:46.048 [JavaFX Application Thread] DEBUG Input                - Registered new binding: System info dump - CTRL+9
21:38:46.049 [JavaFX Application Thread] DEBUG Input                - Registered new binding: Restart - CTRL+R
21:38:46.050 [JavaFX Application Thread] DEBUG Input                - Registered new binding: Toggle Debug Camera - CTRL+7
21:38:46.054 [JavaFX Application Thread] DEBUG LoopRunner           - Starting loop
21:38:46.054 [JavaFX Application Thread] DEBUG LoopRunner           - Initializing JavaFX AnimationTimerLoop
21:38:46.057 [JavaFX Application Thread] DEBUG Input                - Clearing active input actions
21:38:46.071 [JavaFX Application Thread] DEBUG GameApplicationServi - Removing overlay from FXGLStartupScene and adding to FXGLMainMenuDummyScene
21:38:46.072 [JavaFX Application Thread] DEBUG PrimaryStageWindow   - FXGLStartupScene -> FXGLMainMenuDummyScene
21:38:46.072 [JavaFX Application Thread] DEBUG PrimaryStageWindow   - Push state: MenuInterface
21:38:46.072 [JavaFX Application Thread] DEBUG Input                - Clearing active input actions
21:38:46.088 [JavaFX Application Thread] DEBUG GameApplicationServi - Removing overlay from FXGLMainMenuDummyScene and adding to MenuInterface
21:38:46.089 [JavaFX Application Thread] DEBUG PrimaryStageWindow   - FXGLMainMenuDummyScene -> MenuInterface
21:38:46.227 [JavaFX Application Thread] DEBUG FXGLApplication      - Registering font factories with UI factory
21:38:47.197 [JavaFX Application Thread] DEBUG GameApplicationServi - Starting new game
21:38:47.197 [JavaFX Application Thread] DEBUG PrimaryStageWindow   - Pop state: MenuInterface
21:38:47.197 [JavaFX Application Thread] DEBUG Input                - Clearing active input actions
21:38:47.198 [JavaFX Application Thread] DEBUG GameApplicationServi - Removing overlay from MenuInterface and adding to FXGLMainMenuDummyScene
21:38:47.199 [JavaFX Application Thread] DEBUG PrimaryStageWindow   - FXGLMainMenuDummyScene <- MenuInterface
21:38:47.199 [JavaFX Application Thread] DEBUG Input                - Clearing active input actions
21:38:47.211 [JavaFX Application Thread] DEBUG GameApplicationServi - Removing overlay from FXGLMainMenuDummyScene and adding to LoadingInterface
21:38:47.211 [JavaFX Application Thread] DEBUG PrimaryStageWindow   - FXGLMainMenuDummyScene -> LoadingInterface
21:38:47.211 [JavaFX Application Thread] DEBUG GameApplicationServi - Clearing previous game
21:38:47.211 [JavaFX Application Thread] DEBUG GameScene            - Clearing game scene
21:38:47.211 [JavaFX Application Thread] DEBUG GameWorld            - Clearing game world
21:38:47.212 [JavaFX Application Thread] DEBUG PhysicsWorld         - Clearing physics world
21:38:47.214 [FXGL Background Thread 4 ] DEBUG FXGLApplication      - Initializing game
21:38:47.279 [FXGL Background Thread 4 ] DEBUG FXGLAssetLoaderServi - Loading from file system: file:/C:/Users/ryles/Downloads/ComProg_Project/target/classes/assets/textures/idle_sprite.png
21:38:47.289 [FXGL Background Thread 4 ] DEBUG FXGLAssetLoaderServi - Loading from file system: file:/C:/Users/ryles/Downloads/ComProg_Project/target/classes/assets/textures/down_sprite.png
21:38:47.295 [FXGL Background Thread 4 ] DEBUG FXGLAssetLoaderServi - Loading from file system: file:/C:/Users/ryles/Downloads/ComProg_Project/target/classes/assets/textures/up_sprite.png
21:38:47.320 [FXGL Background Thread 4 ] DEBUG FXGLAssetLoaderServi - Loading from file system: file:/C:/Users/ryles/Downloads/ComProg_Project/target/classes/assets/textures/bullet_HUD_selection.png
21:38:47.332 [FXGL Background Thread 4 ] DEBUG FXGLAssetLoaderServi - Loading from file system: file:/C:/Users/ryles/Downloads/ComProg_Project/target/classes/assets/music/main_music.wav
21:38:47.542 [FXGL Background Thread 4 ] DEBUG AudioPlayer          - Playing music com.almasb.fxgl.audio.Music@29c32d2e
21:38:47.561 [FXGL Background Thread 4 ] DEBUG FXGLAssetLoaderServi - Loading from file system: file:/C:/Users/ryles/Downloads/ComProg_Project/target/classes/assets/textures/lives_09.png
21:38:47.568 [FXGL Background Thread 4 ] INFO  FXGLApplication      - Game initialization took: 0.354 sec
21:38:47.568 [JavaFX Application Thread] DEBUG Input                - Clearing active input actions
21:38:47.580 [JavaFX Application Thread] DEBUG GameApplicationServi - Removing overlay from LoadingInterface and adding to GameScene
21:38:47.580 [JavaFX Application Thread] DEBUG PrimaryStageWindow   - LoadingInterface -> GameScene
21:38:48.286 [JavaFX Application Thread] DEBUG FXGLAssetLoaderServi - Loading from file system: file:/C:/Users/ryles/Downloads/ComProg_Project/target/classes/assets/textures/enemy_sprite.png
21:38:48.297 [JavaFX Application Thread] DEBUG FXGLAssetLoaderServi - Loading from file system: file:/C:/Users/ryles/Downloads/ComProg_Project/target/classes/assets/textures/explosion_sprite.png
21:38:48.961 [FXGL Background Thread 3 ] DEBUG Engine               - Logging environment variables
21:38:48.961 [FXGL Background Thread 3 ] DEBUG Engine               - achievements: []
21:38:48.961 [FXGL Background Thread 3 ] DEBUG Engine               - actualHeight: 720.0
21:38:48.961 [FXGL Background Thread 3 ] DEBUG Engine               - actualHeightProperty: ReadOnlyDoubleProperty [value: 720.0]
21:38:48.961 [FXGL Background Thread 3 ] DEBUG Engine               - actualWidth: 1280.0
21:38:48.962 [FXGL Background Thread 3 ] DEBUG Engine               - actualWidthProperty: ReadOnlyDoubleProperty [value: 1280.0]
21:38:48.962 [FXGL Background Thread 3 ] DEBUG Engine               - appIcon: fxgl_icon.png
21:38:48.962 [FXGL Background Thread 3 ] DEBUG Engine               - applicationMode: DEVELOPER
21:38:48.962 [FXGL Background Thread 3 ] DEBUG Engine               - cSSList: [fxgl_dark.css]
21:38:48.962 [FXGL Background Thread 3 ] DEBUG Engine               - collisionDetectionStrategy: BRUTE_FORCE
21:38:48.962 [FXGL Background Thread 3 ] DEBUG Engine               - configClass: Optional.empty
21:38:48.962 [FXGL Background Thread 3 ] DEBUG Engine               - credits: []
21:38:48.962 [FXGL Background Thread 3 ] DEBUG Engine               - defaultCursor: CursorInfo(imageName=fxgl_default_cursor.png, hotspotX=7.0, hotspotY=6.0)
21:38:48.962 [FXGL Background Thread 3 ] DEBUG Engine               - devBBoxColorProperty: ObjectProperty [value: 0xff0000ff]
21:38:48.963 [FXGL Background Thread 3 ] DEBUG Engine               - devEnableDebugCameraProperty: BooleanProperty [value: false]
21:38:48.963 [FXGL Background Thread 3 ] DEBUG Engine               - devSensorColorProperty: ObjectProperty [value: 0xffff00ff]
21:38:48.963 [FXGL Background Thread 3 ] DEBUG Engine               - devShowBBoxProperty: BooleanProperty [value: false]
21:38:48.963 [FXGL Background Thread 3 ] DEBUG Engine               - devShowPositionProperty: BooleanProperty [value: false]
21:38:48.963 [FXGL Background Thread 3 ] DEBUG Engine               - enabledMenuItems: []
21:38:48.963 [FXGL Background Thread 3 ] DEBUG Engine               - engineServices: [class com.almasb.fxgl.app.services.FXGLAssetLoaderService, class com.almasb.fxgl.app.FXGLApplication$GameApplicationService, class com.almasb.fxgl.app.services.FXGLDialogService, class com.almasb.fxgl.app.services.IOTaskExecutorService, class com.almasb.fxgl.io.FileSystemService, class com.almasb.fxgl.localization.LocalizationService, class com.almasb.fxgl.app.services.SystemBundleService, class com.almasb.fxgl.profile.SaveLoadService, class com.almasb.fxgl.ui.FXGLUIFactoryServiceProvider, class com.almasb.fxgl.ui.FXGLDialogFactoryServiceProvider, class com.almasb.fxgl.audio.AudioPlayer, class com.almasb.fxgl.notification.impl.NotificationServiceProvider, class com.almasb.fxgl.achievement.AchievementService, class com.almasb.fxgl.cutscene.CutsceneService, class com.almasb.fxgl.minigames.MiniGameService, class com.almasb.fxgl.net.NetService, class com.almasb.fxgl.app.services.UpdaterService, class com.almasb.fxgl.dev.DevService]
21:38:48.963 [FXGL Background Thread 3 ] DEBUG Engine               - fontGame: Abel-Regular.ttf
21:38:48.963 [FXGL Background Thread 3 ] DEBUG Engine               - fontMono: TerminalLandMono-Regular.otf
21:38:48.963 [FXGL Background Thread 3 ] DEBUG Engine               - fontSizeScaleUI: 1.0
21:38:48.963 [FXGL Background Thread 3 ] DEBUG Engine               - fontText: Courier-Prime.ttf
21:38:48.963 [FXGL Background Thread 3 ] DEBUG Engine               - fontUI: VarelaRound-Regular.ttf
21:38:48.964 [FXGL Background Thread 3 ] DEBUG Engine               - fpsRefreshRate: 500.0 ms
21:38:48.964 [FXGL Background Thread 3 ] DEBUG Engine               - fullScreen: BooleanProperty [value: false]
21:38:48.964 [FXGL Background Thread 3 ] DEBUG Engine               - gameDifficulty: MEDIUM
21:38:48.964 [FXGL Background Thread 3 ] DEBUG Engine               - gameDifficultyProperty: ObjectProperty [value: MEDIUM]
21:38:48.964 [FXGL Background Thread 3 ] DEBUG Engine               - globalMusicVolume: 0.5
21:38:48.964 [FXGL Background Thread 3 ] DEBUG Engine               - globalMusicVolumeProperty: DoubleProperty [value: 0.5]
21:38:48.964 [FXGL Background Thread 3 ] DEBUG Engine               - globalSoundVolume: 0.5
21:38:48.964 [FXGL Background Thread 3 ] DEBUG Engine               - globalSoundVolumeProperty: DoubleProperty [value: 0.5]
21:38:48.965 [FXGL Background Thread 3 ] DEBUG Engine               - height: 720
21:38:48.965 [FXGL Background Thread 3 ] DEBUG Engine               - is3D: false
21:38:48.965 [FXGL Background Thread 3 ] DEBUG Engine               - isAndroid: false
21:38:48.965 [FXGL Background Thread 3 ] DEBUG Engine               - isBrowser: false
21:38:48.965 [FXGL Background Thread 3 ] DEBUG Engine               - isClickFeedbackEnabled: false
21:38:48.965 [FXGL Background Thread 3 ] DEBUG Engine               - isCloseConfirmation: false
21:38:48.965 [FXGL Background Thread 3 ] DEBUG Engine               - isDesktop: true
21:38:48.965 [FXGL Background Thread 3 ] DEBUG Engine               - isDeveloperMenuEnabled: false
21:38:48.965 [FXGL Background Thread 3 ] DEBUG Engine               - isEmbedded: false
21:38:48.965 [FXGL Background Thread 3 ] DEBUG Engine               - isEntityPreloadEnabled: true
21:38:48.965 [FXGL Background Thread 3 ] DEBUG Engine               - isExperimentalTiledLargeMap: false
21:38:48.965 [FXGL Background Thread 3 ] DEBUG Engine               - isFileSystemWriteAllowed: true
21:38:48.965 [FXGL Background Thread 3 ] DEBUG Engine               - isFullScreenAllowed: false
21:38:48.965 [FXGL Background Thread 3 ] DEBUG Engine               - isFullScreenFromStart: false
21:38:48.965 [FXGL Background Thread 3 ] DEBUG Engine               - isGameMenuEnabled: true
21:38:48.965 [FXGL Background Thread 3 ] DEBUG Engine               - isIOS: false
21:38:48.965 [FXGL Background Thread 3 ] DEBUG Engine               - isIntroEnabled: false
21:38:48.965 [FXGL Background Thread 3 ] DEBUG Engine               - isLinux: false
21:38:48.966 [FXGL Background Thread 3 ] DEBUG Engine               - isMac: false
21:38:48.966 [FXGL Background Thread 3 ] DEBUG Engine               - isMainMenuEnabled: true
21:38:48.966 [FXGL Background Thread 3 ] DEBUG Engine               - isManualResizeEnabled: false
21:38:48.966 [FXGL Background Thread 3 ] DEBUG Engine               - isMobile: false
21:38:48.966 [FXGL Background Thread 3 ] DEBUG Engine               - isNative: false
21:38:48.966 [FXGL Background Thread 3 ] DEBUG Engine               - isPauseMusicWhenMinimized: true
21:38:48.966 [FXGL Background Thread 3 ] DEBUG Engine               - isPreserveResizeRatio: false
21:38:48.966 [FXGL Background Thread 3 ] DEBUG Engine               - isProfilingEnabled: false
21:38:48.966 [FXGL Background Thread 3 ] DEBUG Engine               - isScaleAffectedOnResize: true
21:38:48.966 [FXGL Background Thread 3 ] DEBUG Engine               - isSingleStep: false
21:38:48.966 [FXGL Background Thread 3 ] DEBUG Engine               - isUserProfileEnabled: false
21:38:48.966 [FXGL Background Thread 3 ] DEBUG Engine               - isWindows: true
21:38:48.966 [FXGL Background Thread 3 ] DEBUG Engine               - language: ObjectProperty [value: ENGLISH]
21:38:48.966 [FXGL Background Thread 3 ] DEBUG Engine               - menuKey: ESCAPE
21:38:48.966 [FXGL Background Thread 3 ] DEBUG Engine               - mouseSensitivity: 0.2
21:38:48.966 [FXGL Background Thread 3 ] DEBUG Engine               - notificationViewClass: class com.almasb.fxgl.notification.view.XboxNotificationView
21:38:48.966 [FXGL Background Thread 3 ] DEBUG Engine               - pixelsPerMeter: 50.0
21:38:48.966 [FXGL Background Thread 3 ] DEBUG Engine               - platform: WINDOWS
21:38:48.966 [FXGL Background Thread 3 ] DEBUG Engine               - prefHeightProperty: ReadOnlyDoubleProperty [value: 720.0]
21:38:48.966 [FXGL Background Thread 3 ] DEBUG Engine               - prefWidthProperty: ReadOnlyDoubleProperty [value: 1280.0]
21:38:48.966 [FXGL Background Thread 3 ] DEBUG Engine               - profileDir: profiles/
21:38:48.967 [FXGL Background Thread 3 ] DEBUG Engine               - profileName: StringProperty [value: DEFAULT]
21:38:48.967 [FXGL Background Thread 3 ] DEBUG Engine               - randomSeed: -1
21:38:48.967 [FXGL Background Thread 3 ] DEBUG Engine               - runtimeInfo: RuntimeInfo(platform=WINDOWS, version=25, build=05.02.2026 22.57)
21:38:48.967 [FXGL Background Thread 3 ] DEBUG Engine               - saveFileExt: sav
21:38:48.967 [FXGL Background Thread 3 ] DEBUG Engine               - scaledHeightProp$fxgl: DoubleProperty [bound, value: 720.0]
21:38:48.967 [FXGL Background Thread 3 ] DEBUG Engine               - scaledWidthProp$fxgl: DoubleProperty [bound, value: 1280.0]
21:38:48.967 [FXGL Background Thread 3 ] DEBUG Engine               - sceneFactory: org.group1.GamePackage.Factory.MainSceneFactory@71664972
21:38:48.967 [FXGL Background Thread 3 ] DEBUG Engine               - secondsIn24h: 60
21:38:48.967 [FXGL Background Thread 3 ] DEBUG Engine               - soundMenuBack: menu/back.wav
21:38:48.967 [FXGL Background Thread 3 ] DEBUG Engine               - soundMenuPress: menu/press.wav
21:38:48.967 [FXGL Background Thread 3 ] DEBUG Engine               - soundMenuSelect: menu/select.wav
21:38:48.967 [FXGL Background Thread 3 ] DEBUG Engine               - soundNotification: core/notification.wav
21:38:48.967 [FXGL Background Thread 3 ] DEBUG Engine               - stageStyle: DECORATED
21:38:48.967 [FXGL Background Thread 3 ] DEBUG Engine               - supportedLanguages: [ENGLISH, FRENCH, GERMAN, HUNGARIAN, RUSSIAN]
21:38:48.967 [FXGL Background Thread 3 ] DEBUG Engine               - ticksPerSecond: -1
21:38:48.967 [FXGL Background Thread 3 ] DEBUG Engine               - title: Untitled
21:38:48.967 [FXGL Background Thread 3 ] DEBUG Engine               - urlGithub: https://github.com/AlmasB/FXGL
21:38:48.967 [FXGL Background Thread 3 ] DEBUG Engine               - urlLeaderboard: http://fxgl-top.herokuapp.com/
21:38:48.967 [FXGL Background Thread 3 ] DEBUG Engine               - urlPOM: https://raw.githubusercontent.com/AlmasB/FXGL/release/README.md
21:38:48.967 [FXGL Background Thread 3 ] DEBUG Engine               - userAppClass: class org.group1.GamePackage.Application
21:38:48.968 [FXGL Background Thread 3 ] DEBUG Engine               - version: 0.0
21:38:48.968 [FXGL Background Thread 3 ] DEBUG Engine               - versionCheckDays: 7
21:38:48.968 [FXGL Background Thread 3 ] DEBUG Engine               - width: 1280
21:38:48.968 [FXGL Background Thread 3 ] DEBUG Engine               - Logging services
21:38:48.968 [FXGL Background Thread 3 ] DEBUG Engine               - class com.almasb.fxgl.app.services.FXGLAssetLoaderService
21:38:48.968 [FXGL Background Thread 3 ] DEBUG Engine               - class com.almasb.fxgl.app.FXGLApplication$GameApplicationService
21:38:48.968 [FXGL Background Thread 3 ] DEBUG Engine               - class com.almasb.fxgl.app.services.FXGLDialogService
21:38:48.968 [FXGL Background Thread 3 ] DEBUG Engine               - class com.almasb.fxgl.app.services.IOTaskExecutorService
21:38:48.968 [FXGL Background Thread 3 ] DEBUG Engine               - class com.almasb.fxgl.io.FileSystemService
21:38:48.968 [FXGL Background Thread 3 ] DEBUG Engine               - class com.almasb.fxgl.localization.LocalizationService
21:38:48.968 [FXGL Background Thread 3 ] DEBUG Engine               - class com.almasb.fxgl.app.services.SystemBundleService
21:38:48.968 [FXGL Background Thread 3 ] DEBUG Engine               - class com.almasb.fxgl.profile.SaveLoadService
21:38:48.968 [FXGL Background Thread 3 ] DEBUG Engine               - class com.almasb.fxgl.ui.FXGLUIFactoryServiceProvider
21:38:48.968 [FXGL Background Thread 3 ] DEBUG Engine               - class com.almasb.fxgl.ui.FXGLDialogFactoryServiceProvider
21:38:48.968 [FXGL Background Thread 3 ] DEBUG Engine               - class com.almasb.fxgl.audio.AudioPlayer
21:38:48.968 [FXGL Background Thread 3 ] DEBUG Engine               - class com.almasb.fxgl.notification.impl.NotificationServiceProvider
21:38:48.968 [FXGL Background Thread 3 ] DEBUG Engine               - class com.almasb.fxgl.achievement.AchievementService
21:38:48.968 [FXGL Background Thread 3 ] DEBUG Engine               - class com.almasb.fxgl.cutscene.CutsceneService
21:38:48.968 [FXGL Background Thread 3 ] DEBUG Engine               - class com.almasb.fxgl.minigames.MiniGameService
21:38:48.968 [FXGL Background Thread 3 ] DEBUG Engine               - class com.almasb.fxgl.net.NetService
21:38:48.968 [FXGL Background Thread 3 ] DEBUG Engine               - class com.almasb.fxgl.app.services.UpdaterService
21:38:48.968 [FXGL Background Thread 3 ] DEBUG Engine               - class com.almasb.fxgl.dev.DevService
21:38:49.644 [JavaFX Application Thread] DEBUG FXGLAssetLoaderServi - Loading from file system: file:/C:/Users/ryles/Downloads/ComProg_Project/target/classes/assets/textures/bullet_sprite.png
21:38:49.913 [JavaFX Application Thread] DEBUG FXGLAssetLoaderServi - Loading from file system: file:/C:/Users/ryles/Downloads/ComProg_Project/target/classes/assets/sounds/death_sound.wav
21:38:49.934 [JavaFX Application Thread] DEBUG FXGLAssetLoaderServi - Loading from file system: file:/C:/Users/ryles/Downloads/ComProg_Project/target/classes/assets/textures/boss_idle_sprite.png
21:38:49.963 [JavaFX Application Thread] DEBUG FXGLAssetLoaderServi - Loading from file system: file:/C:/Users/ryles/Downloads/ComProg_Project/target/classes/assets/textures/boss_charging_sprite.png
21:38:50.025 [JavaFX Application Thread] DEBUG FXGLAssetLoaderServi - Loading from file system: file:/C:/Users/ryles/Downloads/ComProg_Project/target/classes/assets/textures/boss_recovering_sprite.png
21:38:58.876 [JavaFX Application Thread] DEBUG FXGLAssetLoaderServi - Loading from file system: file:/C:/Users/ryles/Downloads/ComProg_Project/target/classes/assets/textures/laser_sprite.png
21:39:00.092 [JavaFX Application Thread] DEBUG FXGLAssetLoaderServi - Loading from file system: file:/C:/Users/ryles/Downloads/ComProg_Project/target/classes/assets/sounds/fah.wav
21:39:00.098 [JavaFX Application Thread] DEBUG FXGLAssetLoaderServi - Loading from file system: file:/C:/Users/ryles/Downloads/ComProg_Project/target/classes/assets/textures/lives_08.png
21:39:09.016 [JavaFX Application Thread] DEBUG FXGLApplication      - Exiting FXGL
21:39:09.016 [JavaFX Application Thread] DEBUG LoopRunner           - Stopping loop
21:39:09.016 [JavaFX Application Thread] DEBUG SystemBundleService  - Saving FXGL system data
21:39:09.018 [JavaFX Application Thread] DEBUG FileSystemAccess     - Writing to: C:\Users\ryles\Downloads\ComProg_Project\system\fxgl.bundle
21:39:09.019 [JavaFX Application Thread] DEBUG Async                - Shutting down background threads
21:39:09.020 [JavaFX Application Thread] DEBUG PrimaryStageWindow   - Closing main window
21:39:09.045 [JavaFX Application Thread] DEBUG Logger               - Closing Logger
