12:22:38.978 [main                     ] DEBUG Logger               - Configured Logger
12:22:38.989 [main                     ] DEBUG GameApplication      - Logging settings
Title: Untitled
Version: 0.0
Width: 1280
Height: 720
Fullscreen: false
Intro: false
Profiling: false
Single step:false
App Mode: DEVELOPER
Menu Key: ESCAPE
Stage Style: DECORATED
Scene Factory: class com.almasb.fxgl.app.scene.SceneFactory

12:22:39.358 [JavaFX Application Thread] DEBUG FXGLApplication      - Initializing FXGL
12:22:39.361 [JavaFX Application Thread] INFO  Engine               - FXGL-25 (05.02.2026 22.57) on WINDOWS (J:25.0.1 FX:21.0.6)
12:22:39.362 [JavaFX Application Thread] DEBUG Engine               - JRE Vendor Name: Oracle Corporation
12:22:39.362 [JavaFX Application Thread] DEBUG Engine               - Running on OS: Windows 11 version 10.0
12:22:39.362 [JavaFX Application Thread] DEBUG Engine               - Architecture: amd64
12:22:39.362 [JavaFX Application Thread] INFO  Engine               - Source code and latest versions at: https://github.com/AlmasB/FXGL
12:22:39.363 [JavaFX Application Thread] INFO  Engine               -       Ask questions and discuss at: https://github.com/AlmasB/FXGL/discussions
12:22:39.469 [JavaFX Application Thread] DEBUG PrimaryStageWindow   - Creating a JavaFX scene
12:22:39.516 [JavaFX Application Thread] DEBUG PrimaryStageWindow   - Target settings size: 1280.0 x 720.0
12:22:39.516 [JavaFX Application Thread] DEBUG PrimaryStageWindow   - Scaled scene size:    1280.0 x 720.0
12:22:39.516 [JavaFX Application Thread] DEBUG PrimaryStageWindow   - Scaled ratio: (1.0, 1.0)
12:22:39.517 [JavaFX Application Thread] DEBUG PrimaryStageWindow   - Set initial scene to FXGLStartupScene
12:22:39.524 [JavaFX Application Thread] DEBUG PrimaryStageWindow   - Opening main window
12:22:39.638 [JavaFX Application Thread] DEBUG PrimaryStageWindow   - Window border size: (14.6666259765625, 37.33331298828125)
12:22:39.639 [JavaFX Application Thread] DEBUG PrimaryStageWindow   - Scaled size: 1280.0 x 720.0
12:22:39.639 [JavaFX Application Thread] DEBUG PrimaryStageWindow   - Scaled ratio: (1.0, 1.0)
12:22:39.639 [JavaFX Application Thread] DEBUG PrimaryStageWindow   - Scene size: 1280.0 x 720.0
12:22:39.639 [JavaFX Application Thread] DEBUG PrimaryStageWindow   - Stage size: 1294.6666259765625 x 757.3333129882812
12:22:39.651 [FXGL Background Thread 1 ] DEBUG Engine               - Initializing environment variables
12:22:39.729 [FXGL Background Thread 1 ] DEBUG FXGLAssetLoaderServi - User app class for loading assets: class org.group1.GamePackage.Application
12:22:39.730 [FXGL Background Thread 1 ] DEBUG GameApplicationServi - Applying CSS: fxgl_dark.css
12:22:39.731 [FXGL Background Thread 1 ] DEBUG FXGLAssetLoaderServi - Loading from file system: jar:file:///C:/Users/ryles/.m2/repository/com/github/almasb/fxgl/25/fxgl-25.jar!/fxglassets/ui/css/fxgl_dark.css
12:22:39.781 [FXGL Background Thread 1 ] DEBUG GameApplicationServi - Initializing application scenes
12:22:39.829 [FXGL Background Thread 1 ] DEBUG GameWorld            - Game world initialized
12:22:39.912 [FXGL Background Thread 1 ] DEBUG PhysicsWorld         - Physics world initialized: appHeight=720, physics.ppm=50.0
12:22:39.912 [FXGL Background Thread 1 ] DEBUG PhysicsWorld         - Using strategy: BRUTE_FORCE
12:22:39.919 [FXGL Background Thread 1 ] DEBUG GameScene            - Game scene initialized: 1280x720
12:22:39.934 [FXGL Background Thread 1 ] DEBUG FXGL.DefaultMenu     - createMenuBodyGameMenu()
12:22:39.948 [FXGL Background Thread 1 ] DEBUG FXGL.DefaultMenu     - createOptionsMenu()
12:22:39.961 [FXGL Background Thread 1 ] DEBUG FXGLAssetLoaderServi - Loading from file system: jar:file:///C:/Users/ryles/.m2/repository/com/github/almasb/fxgl/25/fxgl-25.jar!/fxglassets/textures/particles/smoke.png
12:22:40.064 [FXGL Background Thread 1 ] DEBUG FXGLAssetLoaderServi - Loading from file system: jar:file:///C:/Users/ryles/.m2/repository/com/github/almasb/fxgl/25/fxgl-25.jar!/fxglassets/textures/particles/trace_horizontal.png
12:22:40.115 [FXGL Background Thread 1 ] DEBUG GameApplicationServi - Application scenes initialized
12:22:40.129 [FXGL Background Thread 1 ] DEBUG SystemBundleService  - Loading FXGL system data
12:22:40.134 [FXGL Background Thread 1 ] DEBUG FileSystemAccess     - Reading from: C:\Users\ryles\Downloads\ComProg_Project\system\fxgl.bundle
12:22:40.142 [FXGL Background Thread 1 ] DEBUG SystemBundleService  - Bundle FXGL: {}
12:22:40.142 [FXGL Background Thread 1 ] DEBUG UpdaterService       - Checking for updates
12:22:40.146 [FXGL Background Thread 4 ] DEBUG FXGLApplication      - Loading fonts
12:22:40.148 [FXGL Background Thread 4 ] DEBUG FXGLAssetLoaderServi - Loading from file system: jar:file:///C:/Users/ryles/.m2/repository/com/github/almasb/fxgl/25/fxgl-25.jar!/fxglassets/ui/fonts/VarelaRound-Regular.ttf
12:22:40.148 [FXGL Background Thread 1 ] DEBUG FXGLApplication      - Loading default localization
12:22:40.148 [FXGL Background Thread 1 ] DEBUG FXGLAssetLoaderServi - Loading from file system: jar:file:///C:/Users/ryles/.m2/repository/com/github/almasb/fxgl/25/fxgl-25.jar!/fxglassets/languages/english.lang
12:22:40.168 [FXGL Background Thread 1 ] INFO  FXGLApplication      - FXGL initialization took: 0.517 sec
12:22:40.188 [JavaFX Application Thread] DEBUG Input                - Registered new binding: Move left - A
12:22:40.188 [JavaFX Application Thread] DEBUG Input                - Registered new binding: Move right - D
12:22:40.188 [JavaFX Application Thread] DEBUG Input                - Registered new binding: Move down - S
12:22:40.189 [JavaFX Application Thread] DEBUG Input                - Registered new binding: Move up - W
12:22:40.189 [JavaFX Application Thread] DEBUG Input                - Registered new binding: Shoot - Space
12:22:40.189 [JavaFX Application Thread] DEBUG FXGLAssetLoaderServi - Loading from file system: jar:file:///C:/Users/ryles/.m2/repository/com/github/almasb/fxgl/25/fxgl-25.jar!/fxglassets/textures/fxgl_icon.png
12:22:40.192 [FXGL Background Thread 4 ] DEBUG FXGLAssetLoaderServi - Loading from file system: jar:file:///C:/Users/ryles/.m2/repository/com/github/almasb/fxgl/25/fxgl-25.jar!/fxglassets/ui/fonts/Abel-Regular.ttf
12:22:40.198 [FXGL Background Thread 4 ] DEBUG FXGLAssetLoaderServi - Loading from file system: jar:file:///C:/Users/ryles/.m2/repository/com/github/almasb/fxgl/25/fxgl-25.jar!/fxglassets/ui/fonts/TerminalLandMono-Regular.otf
12:22:40.204 [FXGL Background Thread 4 ] DEBUG FXGLAssetLoaderServi - Loading from file system: jar:file:///C:/Users/ryles/.m2/repository/com/github/almasb/fxgl/25/fxgl-25.jar!/fxglassets/ui/fonts/Courier-Prime.ttf
12:22:40.223 [JavaFX Application Thread] DEBUG FXGLAssetLoaderServi - Loading from file system: jar:file:///C:/Users/ryles/.m2/repository/com/github/almasb/fxgl/25/fxgl-25.jar!/fxglassets/textures/fxgl_default_cursor.png
12:22:40.225 [JavaFX Application Thread] DEBUG Input                - Registered new binding: Screenshot - CTRL+8
12:22:40.226 [JavaFX Application Thread] DEBUG Input                - Registered new binding: System info dump - CTRL+9
12:22:40.226 [JavaFX Application Thread] DEBUG Input                - Registered new binding: Restart - CTRL+R
12:22:40.227 [JavaFX Application Thread] DEBUG Input                - Registered new binding: Toggle Debug Camera - CTRL+7
12:22:40.230 [JavaFX Application Thread] DEBUG LoopRunner           - Starting loop
12:22:40.230 [JavaFX Application Thread] DEBUG LoopRunner           - Initializing JavaFX AnimationTimerLoop
12:22:40.231 [JavaFX Application Thread] DEBUG GameApplicationServi - Starting new game
12:22:40.232 [JavaFX Application Thread] DEBUG Input                - Clearing active input actions
12:22:40.248 [JavaFX Application Thread] DEBUG GameApplicationServi - Removing overlay from FXGLStartupScene and adding to FXGLLoadingScene
12:22:40.249 [JavaFX Application Thread] DEBUG PrimaryStageWindow   - FXGLStartupScene -> FXGLLoadingScene
12:22:40.249 [JavaFX Application Thread] DEBUG GameApplicationServi - Clearing previous game
12:22:40.249 [JavaFX Application Thread] DEBUG GameScene            - Clearing game scene
12:22:40.249 [JavaFX Application Thread] DEBUG GameWorld            - Clearing game world
12:22:40.249 [JavaFX Application Thread] DEBUG PhysicsWorld         - Clearing physics world
12:22:40.251 [JavaFX Application Thread] DEBUG FXGLApplication      - Registering font factories with UI factory
12:22:40.251 [FXGL Background Thread 4 ] DEBUG FXGLApplication      - Initializing game
12:22:40.268 [FXGL Background Thread 4 ] DEBUG FXGLAssetLoaderServi - Loading from file system: file:/C:/Users/ryles/Downloads/ComProg_Project/target/classes/assets/textures/background.png
12:22:40.467 [FXGL Background Thread 4 ] DEBUG FXGLAssetLoaderServi - Loading from file system: file:/C:/Users/ryles/Downloads/ComProg_Project/target/classes/assets/textures/background_stars1.png
12:22:40.689 [FXGL Background Thread 4 ] DEBUG FXGLAssetLoaderServi - Loading from file system: file:/C:/Users/ryles/Downloads/ComProg_Project/target/classes/assets/textures/background_stars2.png
12:22:40.760 [FXGL Background Thread 4 ] DEBUG FXGLAssetLoaderServi - Loading from file system: file:/C:/Users/ryles/Downloads/ComProg_Project/target/classes/assets/textures/background_stars3.png
12:22:40.833 [FXGL Background Thread 4 ] DEBUG FXGLAssetLoaderServi - Loading from file system: file:/C:/Users/ryles/Downloads/ComProg_Project/target/classes/assets/textures/background_cloud1.png
12:22:40.851 [FXGL Background Thread 4 ] DEBUG FXGLAssetLoaderServi - Loading from file system: file:/C:/Users/ryles/Downloads/ComProg_Project/target/classes/assets/textures/background_cloud2.png
12:22:40.884 [FXGL Background Thread 4 ] DEBUG FXGLAssetLoaderServi - Loading from file system: file:/C:/Users/ryles/Downloads/ComProg_Project/target/classes/assets/textures/background_mist1.png
12:22:40.903 [FXGL Background Thread 4 ] DEBUG FXGLAssetLoaderServi - Loading from file system: file:/C:/Users/ryles/Downloads/ComProg_Project/target/classes/assets/textures/background_hills.png
12:22:40.941 [FXGL Background Thread 4 ] DEBUG FXGLAssetLoaderServi - Loading from file system: file:/C:/Users/ryles/Downloads/ComProg_Project/target/classes/assets/textures/background_forest.png
12:22:40.959 [FXGL Background Thread 4 ] DEBUG FXGLAssetLoaderServi - Loading from file system: file:/C:/Users/ryles/Downloads/ComProg_Project/target/classes/assets/textures/background_large_forest.png
12:22:40.989 [FXGL Background Thread 4 ] DEBUG FXGLAssetLoaderServi - Loading from file system: file:/C:/Users/ryles/Downloads/ComProg_Project/target/classes/assets/textures/idle_sprite.png
12:22:40.994 [FXGL Background Thread 4 ] DEBUG FXGLAssetLoaderServi - Loading from file system: file:/C:/Users/ryles/Downloads/ComProg_Project/target/classes/assets/textures/down_sprite.png
12:22:40.996 [FXGL Background Thread 4 ] DEBUG FXGLAssetLoaderServi - Loading from file system: file:/C:/Users/ryles/Downloads/ComProg_Project/target/classes/assets/textures/up_sprite.png
12:22:41.012 [FXGL Background Thread 4 ] DEBUG FXGLAssetLoaderServi - Loading from file system: file:/C:/Users/ryles/Downloads/ComProg_Project/target/classes/assets/music/main_music.wav
12:22:41.179 [FXGL Background Thread 4 ] DEBUG AudioPlayer          - Playing music com.almasb.fxgl.audio.Music@7af7efbe
12:22:41.199 [JavaFX Application Thread] DEBUG LoopRunner           - Stopping loop
12:22:41.201 [JavaFX Application Thread] FATAL FXGLApplication      - Uncaught Exception:
java.lang.RuntimeException: Initialization failed
	at com.almasb.fxgl.all@25/com.almasb.fxgl.app.FXGLApplication$InitAppTask.failed(FXGLApplication.kt:350)
	at javafx.graphics@21.0.6/javafx.concurrent.Task.setState(Task.java:710)
	at javafx.graphics@21.0.6/javafx.concurrent.Task$TaskCallable.lambda$call$2(Task.java:1429)
	at javafx.graphics@21.0.6/com.sun.javafx.application.PlatformImpl.lambda$runLater$10(PlatformImpl.java:456)
	at java.base/java.security.AccessController.doPrivileged(AccessController.java:138)
	at javafx.graphics@21.0.6/com.sun.javafx.application.PlatformImpl.lambda$runLater$11(PlatformImpl.java:455)
	at javafx.graphics@21.0.6/com.sun.glass.ui.InvokeLaterDispatcher$Future.run(InvokeLaterDispatcher.java:95)
	at javafx.graphics@21.0.6/com.sun.glass.ui.win.WinApplication._runLoop(Native Method)
	at javafx.graphics@21.0.6/com.sun.glass.ui.win.WinApplication.lambda$runLoop$3(WinApplication.java:185)
	at java.base/java.lang.Thread.run(Thread.java:1474)
Caused by: java.lang.IllegalArgumentException: Component TimerComponent not found!
	at com.almasb.fxgl.entity@25/com.almasb.fxgl.entity.Entity.getComponent(Entity.java:366)
	at org.group.game/org.group1.GamePackage.UI.HUDInterface.displayTimer(HUDInterface.java:31)
	at org.group.game/org.group1.GamePackage.Application.initUI(Application.java:64)
	at com.almasb.fxgl.all@25/com.almasb.fxgl.app.FXGLApplication$InitAppTask.call(FXGLApplication.kt:326)
	at com.almasb.fxgl.all@25/com.almasb.fxgl.app.FXGLApplication$InitAppTask.call(FXGLApplication.kt:316)
	at javafx.graphics@21.0.6/javafx.concurrent.Task$TaskCallable.call(Task.java:1399)
	at java.base/java.util.concurrent.FutureTask.run(FutureTask.java:328)
	at java.base/java.util.concurrent.Executors$RunnableAdapter.call(Executors.java:545)
	at java.base/java.util.concurrent.FutureTask.run(FutureTask.java:328)
	at java.base/java.util.concurrent.ThreadPoolExecutor.runWorker(ThreadPoolExecutor.java:1090)
	at java.base/java.util.concurrent.ThreadPoolExecutor$Worker.run(ThreadPoolExecutor.java:614)
	... 1 more

12:22:41.202 [JavaFX Application Thread] FATAL FXGLApplication      - Application will now exit
12:22:41.224 [JavaFX Application Thread] DEBUG PrimaryStageWindow   - Push state: ErrorSubScene
12:22:41.226 [JavaFX Application Thread] DEBUG Input                - Clearing active input actions
12:22:41.230 [JavaFX Application Thread] DEBUG GameApplicationServi - Removing overlay from FXGLLoadingScene and adding to ErrorSubScene
12:22:41.230 [JavaFX Application Thread] DEBUG PrimaryStageWindow   - FXGLLoadingScene -> ErrorSubScene
12:22:43.146 [FXGL Background Thread 3 ] DEBUG Engine               - Logging environment variables
12:22:43.146 [FXGL Background Thread 3 ] DEBUG Engine               - achievements: []
12:22:43.146 [FXGL Background Thread 3 ] DEBUG Engine               - actualHeight: 720.0
12:22:43.147 [FXGL Background Thread 3 ] DEBUG Engine               - actualHeightProperty: ReadOnlyDoubleProperty [value: 720.0]
12:22:43.147 [FXGL Background Thread 3 ] DEBUG Engine               - actualWidth: 1280.0
12:22:43.147 [FXGL Background Thread 3 ] DEBUG Engine               - actualWidthProperty: ReadOnlyDoubleProperty [value: 1280.0]
12:22:43.147 [FXGL Background Thread 3 ] DEBUG Engine               - appIcon: fxgl_icon.png
12:22:43.147 [FXGL Background Thread 3 ] DEBUG Engine               - applicationMode: DEVELOPER
12:22:43.147 [FXGL Background Thread 3 ] DEBUG Engine               - cSSList: [fxgl_dark.css]
12:22:43.147 [FXGL Background Thread 3 ] DEBUG Engine               - collisionDetectionStrategy: BRUTE_FORCE
12:22:43.147 [FXGL Background Thread 3 ] DEBUG Engine               - configClass: Optional.empty
12:22:43.147 [FXGL Background Thread 3 ] DEBUG Engine               - credits: []
12:22:43.148 [FXGL Background Thread 3 ] DEBUG Engine               - defaultCursor: CursorInfo(imageName=fxgl_default_cursor.png, hotspotX=7.0, hotspotY=6.0)
12:22:43.148 [FXGL Background Thread 3 ] DEBUG Engine               - devBBoxColorProperty: ObjectProperty [value: 0xff0000ff]
12:22:43.148 [FXGL Background Thread 3 ] DEBUG Engine               - devEnableDebugCameraProperty: BooleanProperty [value: false]
12:22:43.148 [FXGL Background Thread 3 ] DEBUG Engine               - devSensorColorProperty: ObjectProperty [value: 0xffff00ff]
12:22:43.148 [FXGL Background Thread 3 ] DEBUG Engine               - devShowBBoxProperty: BooleanProperty [value: false]
12:22:43.148 [FXGL Background Thread 3 ] DEBUG Engine               - devShowPositionProperty: BooleanProperty [value: false]
12:22:43.148 [FXGL Background Thread 3 ] DEBUG Engine               - enabledMenuItems: []
12:22:43.149 [FXGL Background Thread 3 ] DEBUG Engine               - engineServices: [class com.almasb.fxgl.app.services.FXGLAssetLoaderService, class com.almasb.fxgl.app.FXGLApplication$GameApplicationService, class com.almasb.fxgl.app.services.FXGLDialogService, class com.almasb.fxgl.app.services.IOTaskExecutorService, class com.almasb.fxgl.io.FileSystemService, class com.almasb.fxgl.localization.LocalizationService, class com.almasb.fxgl.app.services.SystemBundleService, class com.almasb.fxgl.profile.SaveLoadService, class com.almasb.fxgl.ui.FXGLUIFactoryServiceProvider, class com.almasb.fxgl.ui.FXGLDialogFactoryServiceProvider, class com.almasb.fxgl.audio.AudioPlayer, class com.almasb.fxgl.notification.impl.NotificationServiceProvider, class com.almasb.fxgl.achievement.AchievementService, class com.almasb.fxgl.cutscene.CutsceneService, class com.almasb.fxgl.minigames.MiniGameService, class com.almasb.fxgl.net.NetService, class com.almasb.fxgl.app.services.UpdaterService, class com.almasb.fxgl.dev.DevService]
12:22:43.149 [FXGL Background Thread 3 ] DEBUG Engine               - fontGame: Abel-Regular.ttf
12:22:43.149 [FXGL Background Thread 3 ] DEBUG Engine               - fontMono: TerminalLandMono-Regular.otf
12:22:43.149 [FXGL Background Thread 3 ] DEBUG Engine               - fontSizeScaleUI: 1.0
12:22:43.149 [FXGL Background Thread 3 ] DEBUG Engine               - fontText: Courier-Prime.ttf
12:22:43.149 [FXGL Background Thread 3 ] DEBUG Engine               - fontUI: VarelaRound-Regular.ttf
12:22:43.149 [FXGL Background Thread 3 ] DEBUG Engine               - fpsRefreshRate: 500.0 ms
12:22:43.149 [FXGL Background Thread 3 ] DEBUG Engine               - fullScreen: BooleanProperty [value: false]
12:22:43.149 [FXGL Background Thread 3 ] DEBUG Engine               - gameDifficulty: MEDIUM
12:22:43.149 [FXGL Background Thread 3 ] DEBUG Engine               - gameDifficultyProperty: ObjectProperty [value: MEDIUM]
12:22:43.149 [FXGL Background Thread 3 ] DEBUG Engine               - globalMusicVolume: 0.5
12:22:43.149 [FXGL Background Thread 3 ] DEBUG Engine               - globalMusicVolumeProperty: DoubleProperty [value: 0.5]
12:22:43.149 [FXGL Background Thread 3 ] DEBUG Engine               - globalSoundVolume: 0.5
12:22:43.150 [FXGL Background Thread 3 ] DEBUG Engine               - globalSoundVolumeProperty: DoubleProperty [value: 0.5]
12:22:43.150 [FXGL Background Thread 3 ] DEBUG Engine               - height: 720
12:22:43.150 [FXGL Background Thread 3 ] DEBUG Engine               - is3D: false
12:22:43.150 [FXGL Background Thread 3 ] DEBUG Engine               - isAndroid: false
12:22:43.150 [FXGL Background Thread 3 ] DEBUG Engine               - isBrowser: false
12:22:43.150 [FXGL Background Thread 3 ] DEBUG Engine               - isClickFeedbackEnabled: false
12:22:43.150 [FXGL Background Thread 3 ] DEBUG Engine               - isCloseConfirmation: false
12:22:43.150 [FXGL Background Thread 3 ] DEBUG Engine               - isDesktop: true
12:22:43.150 [FXGL Background Thread 3 ] DEBUG Engine               - isDeveloperMenuEnabled: false
12:22:43.150 [FXGL Background Thread 3 ] DEBUG Engine               - isEmbedded: false
12:22:43.150 [FXGL Background Thread 3 ] DEBUG Engine               - isEntityPreloadEnabled: true
12:22:43.150 [FXGL Background Thread 3 ] DEBUG Engine               - isExperimentalTiledLargeMap: false
12:22:43.150 [FXGL Background Thread 3 ] DEBUG Engine               - isFileSystemWriteAllowed: true
12:22:43.150 [FXGL Background Thread 3 ] DEBUG Engine               - isFullScreenAllowed: false
12:22:43.151 [FXGL Background Thread 3 ] DEBUG Engine               - isFullScreenFromStart: false
12:22:43.151 [FXGL Background Thread 3 ] DEBUG Engine               - isGameMenuEnabled: true
12:22:43.151 [FXGL Background Thread 3 ] DEBUG Engine               - isIOS: false
12:22:43.151 [FXGL Background Thread 3 ] DEBUG Engine               - isIntroEnabled: false
12:22:43.151 [FXGL Background Thread 3 ] DEBUG Engine               - isLinux: false
12:22:43.151 [FXGL Background Thread 3 ] DEBUG Engine               - isMac: false
12:22:43.151 [FXGL Background Thread 3 ] DEBUG Engine               - isMainMenuEnabled: false
12:22:43.151 [FXGL Background Thread 3 ] DEBUG Engine               - isManualResizeEnabled: false
12:22:43.151 [FXGL Background Thread 3 ] DEBUG Engine               - isMobile: false
12:22:43.151 [FXGL Background Thread 3 ] DEBUG Engine               - isNative: false
12:22:43.151 [FXGL Background Thread 3 ] DEBUG Engine               - isPauseMusicWhenMinimized: true
12:22:43.151 [FXGL Background Thread 3 ] DEBUG Engine               - isPreserveResizeRatio: false
12:22:43.151 [FXGL Background Thread 3 ] DEBUG Engine               - isProfilingEnabled: false
12:22:43.151 [FXGL Background Thread 3 ] DEBUG Engine               - isScaleAffectedOnResize: true
12:22:43.151 [FXGL Background Thread 3 ] DEBUG Engine               - isSingleStep: false
12:22:43.151 [FXGL Background Thread 3 ] DEBUG Engine               - isUserProfileEnabled: false
12:22:43.151 [FXGL Background Thread 3 ] DEBUG Engine               - isWindows: true
12:22:43.151 [FXGL Background Thread 3 ] DEBUG Engine               - language: ObjectProperty [value: ENGLISH]
12:22:43.151 [FXGL Background Thread 3 ] DEBUG Engine               - menuKey: ESCAPE
12:22:43.151 [FXGL Background Thread 3 ] DEBUG Engine               - mouseSensitivity: 0.2
12:22:43.151 [FXGL Background Thread 3 ] DEBUG Engine               - notificationViewClass: class com.almasb.fxgl.notification.view.XboxNotificationView
12:22:43.151 [FXGL Background Thread 3 ] DEBUG Engine               - pixelsPerMeter: 50.0
12:22:43.151 [FXGL Background Thread 3 ] DEBUG Engine               - platform: WINDOWS
12:22:43.151 [FXGL Background Thread 3 ] DEBUG Engine               - prefHeightProperty: ReadOnlyDoubleProperty [value: 720.0]
12:22:43.151 [FXGL Background Thread 3 ] DEBUG Engine               - prefWidthProperty: ReadOnlyDoubleProperty [value: 1280.0]
12:22:43.151 [FXGL Background Thread 3 ] DEBUG Engine               - profileDir: profiles/
12:22:43.151 [FXGL Background Thread 3 ] DEBUG Engine               - profileName: StringProperty [value: DEFAULT]
12:22:43.151 [FXGL Background Thread 3 ] DEBUG Engine               - randomSeed: -1
12:22:43.152 [FXGL Background Thread 3 ] DEBUG Engine               - runtimeInfo: RuntimeInfo(platform=WINDOWS, version=25, build=05.02.2026 22.57)
12:22:43.152 [FXGL Background Thread 3 ] DEBUG Engine               - saveFileExt: sav
12:22:43.152 [FXGL Background Thread 3 ] DEBUG Engine               - scaledHeightProp$fxgl: DoubleProperty [bound, value: 720.0]
12:22:43.152 [FXGL Background Thread 3 ] DEBUG Engine               - scaledWidthProp$fxgl: DoubleProperty [bound, value: 1280.0]
12:22:43.152 [FXGL Background Thread 3 ] DEBUG Engine               - sceneFactory: com.almasb.fxgl.app.scene.SceneFactory@23fef25e
12:22:43.152 [FXGL Background Thread 3 ] DEBUG Engine               - secondsIn24h: 60
12:22:43.152 [FXGL Background Thread 3 ] DEBUG Engine               - soundMenuBack: menu/back.wav
12:22:43.152 [FXGL Background Thread 3 ] DEBUG Engine               - soundMenuPress: menu/press.wav
12:22:43.152 [FXGL Background Thread 3 ] DEBUG Engine               - soundMenuSelect: menu/select.wav
12:22:43.152 [FXGL Background Thread 3 ] DEBUG Engine               - soundNotification: core/notification.wav
12:22:43.152 [FXGL Background Thread 3 ] DEBUG Engine               - stageStyle: DECORATED
12:22:43.152 [FXGL Background Thread 3 ] DEBUG Engine               - supportedLanguages: [ENGLISH, FRENCH, GERMAN, HUNGARIAN, RUSSIAN]
12:22:43.152 [FXGL Background Thread 3 ] DEBUG Engine               - ticksPerSecond: -1
12:22:43.152 [FXGL Background Thread 3 ] DEBUG Engine               - title: Untitled
12:22:43.152 [FXGL Background Thread 3 ] DEBUG Engine               - urlGithub: https://github.com/AlmasB/FXGL
12:22:43.152 [FXGL Background Thread 3 ] DEBUG Engine               - urlLeaderboard: http://fxgl-top.herokuapp.com/
12:22:43.152 [FXGL Background Thread 3 ] DEBUG Engine               - urlPOM: https://raw.githubusercontent.com/AlmasB/FXGL/release/README.md
12:22:43.152 [FXGL Background Thread 3 ] DEBUG Engine               - userAppClass: class org.group1.GamePackage.Application
12:22:43.152 [FXGL Background Thread 3 ] DEBUG Engine               - version: 0.0
12:22:43.152 [FXGL Background Thread 3 ] DEBUG Engine               - versionCheckDays: 7
12:22:43.152 [FXGL Background Thread 3 ] DEBUG Engine               - width: 1280
12:22:43.152 [FXGL Background Thread 3 ] DEBUG Engine               - Logging services
12:22:43.152 [FXGL Background Thread 3 ] DEBUG Engine               - class com.almasb.fxgl.app.services.FXGLAssetLoaderService
12:22:43.152 [FXGL Background Thread 3 ] DEBUG Engine               - class com.almasb.fxgl.app.FXGLApplication$GameApplicationService
12:22:43.152 [FXGL Background Thread 3 ] DEBUG Engine               - class com.almasb.fxgl.app.services.FXGLDialogService
12:22:43.152 [FXGL Background Thread 3 ] DEBUG Engine               - class com.almasb.fxgl.app.services.IOTaskExecutorService
12:22:43.152 [FXGL Background Thread 3 ] DEBUG Engine               - class com.almasb.fxgl.io.FileSystemService
12:22:43.152 [FXGL Background Thread 3 ] DEBUG Engine               - class com.almasb.fxgl.localization.LocalizationService
12:22:43.152 [FXGL Background Thread 3 ] DEBUG Engine               - class com.almasb.fxgl.app.services.SystemBundleService
12:22:43.152 [FXGL Background Thread 3 ] DEBUG Engine               - class com.almasb.fxgl.profile.SaveLoadService
12:22:43.152 [FXGL Background Thread 3 ] DEBUG Engine               - class com.almasb.fxgl.ui.FXGLUIFactoryServiceProvider
12:22:43.152 [FXGL Background Thread 3 ] DEBUG Engine               - class com.almasb.fxgl.ui.FXGLDialogFactoryServiceProvider
12:22:43.152 [FXGL Background Thread 3 ] DEBUG Engine               - class com.almasb.fxgl.audio.AudioPlayer
12:22:43.153 [FXGL Background Thread 3 ] DEBUG Engine               - class com.almasb.fxgl.notification.impl.NotificationServiceProvider
12:22:43.153 [FXGL Background Thread 3 ] DEBUG Engine               - class com.almasb.fxgl.achievement.AchievementService
12:22:43.153 [FXGL Background Thread 3 ] DEBUG Engine               - class com.almasb.fxgl.cutscene.CutsceneService
12:22:43.153 [FXGL Background Thread 3 ] DEBUG Engine               - class com.almasb.fxgl.minigames.MiniGameService
12:22:43.153 [FXGL Background Thread 3 ] DEBUG Engine               - class com.almasb.fxgl.net.NetService
12:22:43.153 [FXGL Background Thread 3 ] DEBUG Engine               - class com.almasb.fxgl.app.services.UpdaterService
12:22:43.153 [FXGL Background Thread 3 ] DEBUG Engine               - class com.almasb.fxgl.dev.DevService
12:22:44.905 [JavaFX Application Thread] DEBUG FXGLApplication      - Exiting FXGL
12:22:44.905 [JavaFX Application Thread] DEBUG Async                - Shutting down background threads
12:22:44.905 [JavaFX Application Thread] DEBUG PrimaryStageWindow   - Closing main window
12:22:44.929 [JavaFX Application Thread] DEBUG Logger               - Closing Logger
