00:05:33.757 [main                     ] DEBUG Logger               - Configured Logger
00:05:33.763 [main                     ] DEBUG GameApplication      - Logging settings
Title: Untitled
Version: 0.0
Width: 1280
Height: 720
Fullscreen: false
Intro: false
Profiling: false
Single step:false
App Mode: DEVELOPER
Menu Key: ESCAPE
Stage Style: DECORATED
Scene Factory: class com.almasb.fxgl.app.scene.SceneFactory

00:05:33.956 [JavaFX Application Thread] DEBUG FXGLApplication      - Initializing FXGL
00:05:33.959 [JavaFX Application Thread] INFO  Engine               - FXGL-25 (05.02.2026 22.57) on LINUX (J:25.0.2 FX:21.0.6)
00:05:33.959 [JavaFX Application Thread] DEBUG Engine               - JRE Vendor Name: Arch Linux
00:05:33.960 [JavaFX Application Thread] DEBUG Engine               - Running on OS: Linux version 6.19.9-arch1-1
00:05:33.960 [JavaFX Application Thread] DEBUG Engine               - Architecture: amd64
00:05:33.960 [JavaFX Application Thread] INFO  Engine               - Source code and latest versions at: https://github.com/AlmasB/FXGL
00:05:33.960 [JavaFX Application Thread] INFO  Engine               -       Ask questions and discuss at: https://github.com/AlmasB/FXGL/discussions
00:05:34.031 [JavaFX Application Thread] DEBUG PrimaryStageWindow   - Creating a JavaFX scene
00:05:34.107 [JavaFX Application Thread] DEBUG PrimaryStageWindow   - Target settings size: 1280.0 x 720.0
00:05:34.107 [JavaFX Application Thread] DEBUG PrimaryStageWindow   - Scaled scene size:    1280.0 x 720.0
00:05:34.107 [JavaFX Application Thread] DEBUG PrimaryStageWindow   - Scaled ratio: (1.0, 1.0)
00:05:34.108 [JavaFX Application Thread] DEBUG PrimaryStageWindow   - Set initial scene to FXGLStartupScene
00:05:34.111 [JavaFX Application Thread] DEBUG PrimaryStageWindow   - Opening main window
00:05:34.178 [JavaFX Application Thread] DEBUG PrimaryStageWindow   - Window border size: (0.0, 35.0)
00:05:34.178 [JavaFX Application Thread] DEBUG PrimaryStageWindow   - Scaled size: 1280.0 x 685.0
00:05:34.178 [JavaFX Application Thread] DEBUG PrimaryStageWindow   - Scaled ratio: (1.0, 0.9513888888888888)
00:05:34.178 [JavaFX Application Thread] DEBUG PrimaryStageWindow   - Scene size: 1280.0 x 720.0
00:05:34.178 [JavaFX Application Thread] DEBUG PrimaryStageWindow   - Stage size: 1280.0 x 720.0
00:05:34.183 [FXGL Background Thread 1 ] DEBUG Engine               - Initializing environment variables
00:05:34.258 [FXGL Background Thread 1 ] DEBUG FXGLAssetLoaderServi - User app class for loading assets: class org.group1.GamePackage.Application
00:05:34.259 [FXGL Background Thread 1 ] DEBUG GameApplicationServi - Applying CSS: fxgl_dark.css
00:05:34.260 [FXGL Background Thread 1 ] DEBUG FXGLAssetLoaderServi - Loading from file system: jar:file:///home/me/.m2/repository/com/github/almasb/fxgl/25/fxgl-25.jar!/fxglassets/ui/css/fxgl_dark.css
00:05:34.311 [FXGL Background Thread 1 ] DEBUG GameApplicationServi - Initializing application scenes
00:05:34.362 [FXGL Background Thread 1 ] DEBUG GameWorld            - Game world initialized
00:05:34.419 [FXGL Background Thread 1 ] DEBUG PhysicsWorld         - Physics world initialized: appHeight=720, physics.ppm=50.0
00:05:34.419 [FXGL Background Thread 1 ] DEBUG PhysicsWorld         - Using strategy: BRUTE_FORCE
00:05:34.424 [FXGL Background Thread 1 ] DEBUG GameScene            - Game scene initialized: 1280x720
00:05:34.434 [FXGL Background Thread 1 ] DEBUG FXGL.DefaultMenu     - createMenuBodyGameMenu()
00:05:34.447 [FXGL Background Thread 1 ] DEBUG FXGL.DefaultMenu     - createOptionsMenu()
00:05:34.457 [FXGL Background Thread 1 ] DEBUG FXGLAssetLoaderServi - Loading from file system: jar:file:///home/me/.m2/repository/com/github/almasb/fxgl/25/fxgl-25.jar!/fxglassets/textures/particles/smoke.png
00:05:34.547 [FXGL Background Thread 1 ] DEBUG FXGLAssetLoaderServi - Loading from file system: jar:file:///home/me/.m2/repository/com/github/almasb/fxgl/25/fxgl-25.jar!/fxglassets/textures/particles/trace_horizontal.png
00:05:34.583 [FXGL Background Thread 1 ] DEBUG GameApplicationServi - Application scenes initialized
00:05:34.594 [FXGL Background Thread 1 ] DEBUG SystemBundleService  - Loading FXGL system data
00:05:34.598 [FXGL Background Thread 1 ] DEBUG FileSystemAccess     - Reading from: /home/me/ComProg_Project/system/fxgl.bundle
00:05:34.605 [FXGL Background Thread 1 ] DEBUG SystemBundleService  - Bundle FXGL: {}
00:05:34.605 [FXGL Background Thread 1 ] DEBUG UpdaterService       - Checking for updates
00:05:34.610 [FXGL Background Thread 4 ] DEBUG FXGLApplication      - Loading fonts
00:05:34.610 [FXGL Background Thread 4 ] DEBUG FXGLAssetLoaderServi - Loading from file system: jar:file:///home/me/.m2/repository/com/github/almasb/fxgl/25/fxgl-25.jar!/fxglassets/ui/fonts/VarelaRound-Regular.ttf
00:05:34.610 [FXGL Background Thread 1 ] DEBUG FXGLApplication      - Loading default localization
00:05:34.611 [FXGL Background Thread 1 ] DEBUG FXGLAssetLoaderServi - Loading from file system: jar:file:///home/me/.m2/repository/com/github/almasb/fxgl/25/fxgl-25.jar!/fxglassets/languages/english.lang
00:05:34.616 [FXGL Background Thread 4 ] DEBUG FXGLAssetLoaderServi - Loading from file system: jar:file:///home/me/.m2/repository/com/github/almasb/fxgl/25/fxgl-25.jar!/fxglassets/ui/fonts/Abel-Regular.ttf
00:05:34.618 [FXGL Background Thread 4 ] DEBUG FXGLAssetLoaderServi - Loading from file system: jar:file:///home/me/.m2/repository/com/github/almasb/fxgl/25/fxgl-25.jar!/fxglassets/ui/fonts/TerminalLandMono-Regular.otf
00:05:34.620 [FXGL Background Thread 4 ] DEBUG FXGLAssetLoaderServi - Loading from file system: jar:file:///home/me/.m2/repository/com/github/almasb/fxgl/25/fxgl-25.jar!/fxglassets/ui/fonts/Courier-Prime.ttf
00:05:34.624 [FXGL Background Thread 1 ] INFO  FXGLApplication      - FXGL initialization took: 0.441 sec
00:05:34.635 [JavaFX Application Thread] DEBUG Input                - Registered new binding: Shoot - Space
00:05:34.636 [JavaFX Application Thread] DEBUG Input                - Registered new binding: Move up - W
00:05:34.636 [JavaFX Application Thread] DEBUG Input                - Registered new binding: Move down - S
00:05:34.636 [JavaFX Application Thread] DEBUG Input                - Registered new binding: Move left - A
00:05:34.636 [JavaFX Application Thread] DEBUG Input                - Registered new binding: Move right - D
00:05:34.636 [JavaFX Application Thread] DEBUG FXGLAssetLoaderServi - Loading from file system: jar:file:///home/me/.m2/repository/com/github/almasb/fxgl/25/fxgl-25.jar!/fxglassets/textures/fxgl_icon.png
00:05:34.663 [JavaFX Application Thread] DEBUG FXGLAssetLoaderServi - Loading from file system: jar:file:///home/me/.m2/repository/com/github/almasb/fxgl/25/fxgl-25.jar!/fxglassets/textures/fxgl_default_cursor.png
00:05:34.665 [JavaFX Application Thread] DEBUG Input                - Registered new binding: Screenshot - CTRL+8
00:05:34.666 [JavaFX Application Thread] DEBUG Input                - Registered new binding: System info dump - CTRL+9
00:05:34.666 [JavaFX Application Thread] DEBUG Input                - Registered new binding: Restart - CTRL+R
00:05:34.667 [JavaFX Application Thread] DEBUG Input                - Registered new binding: Toggle Debug Camera - CTRL+7
00:05:34.672 [JavaFX Application Thread] DEBUG LoopRunner           - Starting loop
00:05:34.672 [JavaFX Application Thread] DEBUG LoopRunner           - Initializing JavaFX AnimationTimerLoop
00:05:34.673 [JavaFX Application Thread] DEBUG GameApplicationServi - Starting new game
00:05:34.673 [JavaFX Application Thread] DEBUG Input                - Clearing active input actions
00:05:34.690 [JavaFX Application Thread] DEBUG GameApplicationServi - Removing overlay from FXGLStartupScene and adding to FXGLLoadingScene
00:05:34.690 [JavaFX Application Thread] DEBUG PrimaryStageWindow   - FXGLStartupScene -> FXGLLoadingScene
00:05:34.690 [JavaFX Application Thread] DEBUG GameApplicationServi - Clearing previous game
00:05:34.690 [JavaFX Application Thread] DEBUG GameScene            - Clearing game scene
00:05:34.690 [JavaFX Application Thread] DEBUG GameWorld            - Clearing game world
00:05:34.690 [JavaFX Application Thread] DEBUG PhysicsWorld         - Clearing physics world
00:05:34.693 [JavaFX Application Thread] DEBUG FXGLApplication      - Registering font factories with UI factory
00:05:34.693 [FXGL Background Thread 4 ] DEBUG FXGLApplication      - Initializing game
00:05:34.702 [FXGL Background Thread 4 ] DEBUG FXGLAssetLoaderServi - Loading from file system: file:/home/me/ComProg_Project/target/classes/assets/textures/idle_sprite.png
00:05:34.712 [FXGL Background Thread 4 ] DEBUG FXGLAssetLoaderServi - Loading from file system: file:/home/me/ComProg_Project/target/classes/assets/textures/down_sprite.png
00:05:34.719 [FXGL Background Thread 4 ] DEBUG FXGLAssetLoaderServi - Loading from file system: file:/home/me/ComProg_Project/target/classes/assets/textures/up_sprite.png
00:05:34.758 [FXGL Background Thread 4 ] INFO  FXGLApplication      - Game initialization took: 0.065 sec
00:05:34.787 [JavaFX Application Thread] DEBUG Input                - Clearing active input actions
00:05:34.798 [JavaFX Application Thread] DEBUG GameApplicationServi - Removing overlay from FXGLLoadingScene and adding to GameScene
00:05:34.798 [JavaFX Application Thread] DEBUG PrimaryStageWindow   - FXGLLoadingScene -> GameScene
00:05:37.609 [FXGL Background Thread 3 ] DEBUG Engine               - Logging environment variables
00:05:37.610 [FXGL Background Thread 3 ] DEBUG Engine               - achievements: []
00:05:37.611 [FXGL Background Thread 3 ] DEBUG Engine               - actualHeight: 685.0
00:05:37.611 [FXGL Background Thread 3 ] DEBUG Engine               - actualHeightProperty: ReadOnlyDoubleProperty [value: 685.0]
00:05:37.612 [FXGL Background Thread 3 ] DEBUG Engine               - actualWidth: 1280.0
00:05:37.612 [FXGL Background Thread 3 ] DEBUG Engine               - actualWidthProperty: ReadOnlyDoubleProperty [value: 1280.0]
00:05:37.612 [FXGL Background Thread 3 ] DEBUG Engine               - appIcon: fxgl_icon.png
00:05:37.613 [FXGL Background Thread 3 ] DEBUG Engine               - applicationMode: DEVELOPER
00:05:37.613 [FXGL Background Thread 3 ] DEBUG Engine               - cSSList: [fxgl_dark.css]
00:05:37.613 [FXGL Background Thread 3 ] DEBUG Engine               - collisionDetectionStrategy: BRUTE_FORCE
00:05:37.613 [FXGL Background Thread 3 ] DEBUG Engine               - configClass: Optional.empty
00:05:37.614 [FXGL Background Thread 3 ] DEBUG Engine               - credits: []
00:05:37.615 [FXGL Background Thread 3 ] DEBUG Engine               - defaultCursor: CursorInfo(imageName=fxgl_default_cursor.png, hotspotX=7.0, hotspotY=6.0)
00:05:37.615 [FXGL Background Thread 3 ] DEBUG Engine               - devBBoxColorProperty: ObjectProperty [value: 0xff0000ff]
00:05:37.616 [FXGL Background Thread 3 ] DEBUG Engine               - devEnableDebugCameraProperty: BooleanProperty [value: false]
00:05:37.616 [FXGL Background Thread 3 ] DEBUG Engine               - devSensorColorProperty: ObjectProperty [value: 0xffff00ff]
00:05:37.616 [FXGL Background Thread 3 ] DEBUG Engine               - devShowBBoxProperty: BooleanProperty [value: false]
00:05:37.617 [FXGL Background Thread 3 ] DEBUG Engine               - devShowPositionProperty: BooleanProperty [value: false]
00:05:37.617 [FXGL Background Thread 3 ] DEBUG Engine               - enabledMenuItems: []
00:05:37.617 [FXGL Background Thread 3 ] DEBUG Engine               - engineServices: [class com.almasb.fxgl.app.services.FXGLAssetLoaderService, class com.almasb.fxgl.app.FXGLApplication$GameApplicationService, class com.almasb.fxgl.app.services.FXGLDialogService, class com.almasb.fxgl.app.services.IOTaskExecutorService, class com.almasb.fxgl.io.FileSystemService, class com.almasb.fxgl.localization.LocalizationService, class com.almasb.fxgl.app.services.SystemBundleService, class com.almasb.fxgl.profile.SaveLoadService, class com.almasb.fxgl.ui.FXGLUIFactoryServiceProvider, class com.almasb.fxgl.ui.FXGLDialogFactoryServiceProvider, class com.almasb.fxgl.audio.AudioPlayer, class com.almasb.fxgl.notification.impl.NotificationServiceProvider, class com.almasb.fxgl.achievement.AchievementService, class com.almasb.fxgl.cutscene.CutsceneService, class com.almasb.fxgl.minigames.MiniGameService, class com.almasb.fxgl.net.NetService, class com.almasb.fxgl.app.services.UpdaterService, class com.almasb.fxgl.dev.DevService]
00:05:37.618 [FXGL Background Thread 3 ] DEBUG Engine               - fontGame: Abel-Regular.ttf
00:05:37.618 [FXGL Background Thread 3 ] DEBUG Engine               - fontMono: TerminalLandMono-Regular.otf
00:05:37.618 [FXGL Background Thread 3 ] DEBUG Engine               - fontSizeScaleUI: 1.0
00:05:37.618 [FXGL Background Thread 3 ] DEBUG Engine               - fontText: Courier-Prime.ttf
00:05:37.619 [FXGL Background Thread 3 ] DEBUG Engine               - fontUI: VarelaRound-Regular.ttf
00:05:37.619 [FXGL Background Thread 3 ] DEBUG Engine               - fpsRefreshRate: 500.0 ms
00:05:37.620 [FXGL Background Thread 3 ] DEBUG Engine               - fullScreen: BooleanProperty [value: false]
00:05:37.620 [FXGL Background Thread 3 ] DEBUG Engine               - gameDifficulty: MEDIUM
00:05:37.621 [FXGL Background Thread 3 ] DEBUG Engine               - gameDifficultyProperty: ObjectProperty [value: MEDIUM]
00:05:37.621 [FXGL Background Thread 3 ] DEBUG Engine               - globalMusicVolume: 0.5
00:05:37.621 [FXGL Background Thread 3 ] DEBUG Engine               - globalMusicVolumeProperty: DoubleProperty [value: 0.5]
00:05:37.621 [FXGL Background Thread 3 ] DEBUG Engine               - globalSoundVolume: 0.5
00:05:37.622 [FXGL Background Thread 3 ] DEBUG Engine               - globalSoundVolumeProperty: DoubleProperty [value: 0.5]
00:05:37.622 [FXGL Background Thread 3 ] DEBUG Engine               - height: 720
00:05:37.622 [FXGL Background Thread 3 ] DEBUG Engine               - is3D: false
00:05:37.622 [FXGL Background Thread 3 ] DEBUG Engine               - isAndroid: false
00:05:37.623 [FXGL Background Thread 3 ] DEBUG Engine               - isBrowser: false
00:05:37.623 [FXGL Background Thread 3 ] DEBUG Engine               - isClickFeedbackEnabled: false
00:05:37.623 [FXGL Background Thread 3 ] DEBUG Engine               - isCloseConfirmation: false
00:05:37.624 [FXGL Background Thread 3 ] DEBUG Engine               - isDesktop: true
00:05:37.624 [FXGL Background Thread 3 ] DEBUG Engine               - isDeveloperMenuEnabled: false
00:05:37.624 [FXGL Background Thread 3 ] DEBUG Engine               - isEmbedded: false
00:05:37.624 [FXGL Background Thread 3 ] DEBUG Engine               - isEntityPreloadEnabled: true
00:05:37.625 [FXGL Background Thread 3 ] DEBUG Engine               - isExperimentalTiledLargeMap: false
00:05:37.625 [FXGL Background Thread 3 ] DEBUG Engine               - isFileSystemWriteAllowed: true
00:05:37.625 [FXGL Background Thread 3 ] DEBUG Engine               - isFullScreenAllowed: false
00:05:37.625 [FXGL Background Thread 3 ] DEBUG Engine               - isFullScreenFromStart: false
00:05:37.626 [FXGL Background Thread 3 ] DEBUG Engine               - isGameMenuEnabled: true
00:05:37.626 [FXGL Background Thread 3 ] DEBUG Engine               - isIOS: false
00:05:37.626 [FXGL Background Thread 3 ] DEBUG Engine               - isIntroEnabled: false
00:05:37.626 [FXGL Background Thread 3 ] DEBUG Engine               - isLinux: true
00:05:37.627 [FXGL Background Thread 3 ] DEBUG Engine               - isMac: false
00:05:37.627 [FXGL Background Thread 3 ] DEBUG Engine               - isMainMenuEnabled: false
00:05:37.627 [FXGL Background Thread 3 ] DEBUG Engine               - isManualResizeEnabled: false
00:05:37.628 [FXGL Background Thread 3 ] DEBUG Engine               - isMobile: false
00:05:37.628 [FXGL Background Thread 3 ] DEBUG Engine               - isNative: false
00:05:37.628 [FXGL Background Thread 3 ] DEBUG Engine               - isPauseMusicWhenMinimized: true
00:05:37.628 [FXGL Background Thread 3 ] DEBUG Engine               - isPreserveResizeRatio: false
00:05:37.628 [FXGL Background Thread 3 ] DEBUG Engine               - isProfilingEnabled: false
00:05:37.629 [FXGL Background Thread 3 ] DEBUG Engine               - isScaleAffectedOnResize: true
00:05:37.629 [FXGL Background Thread 3 ] DEBUG Engine               - isSingleStep: false
00:05:37.629 [FXGL Background Thread 3 ] DEBUG Engine               - isUserProfileEnabled: false
00:05:37.629 [FXGL Background Thread 3 ] DEBUG Engine               - isWindows: false
00:05:37.630 [FXGL Background Thread 3 ] DEBUG Engine               - language: ObjectProperty [value: ENGLISH]
00:05:37.630 [FXGL Background Thread 3 ] DEBUG Engine               - menuKey: ESCAPE
00:05:37.630 [FXGL Background Thread 3 ] DEBUG Engine               - mouseSensitivity: 0.2
00:05:37.630 [FXGL Background Thread 3 ] DEBUG Engine               - notificationViewClass: class com.almasb.fxgl.notification.view.XboxNotificationView
00:05:37.631 [FXGL Background Thread 3 ] DEBUG Engine               - pixelsPerMeter: 50.0
00:05:37.631 [FXGL Background Thread 3 ] DEBUG Engine               - platform: LINUX
00:05:37.631 [FXGL Background Thread 3 ] DEBUG Engine               - prefHeightProperty: ReadOnlyDoubleProperty [value: 720.0]
00:05:37.631 [FXGL Background Thread 3 ] DEBUG Engine               - prefWidthProperty: ReadOnlyDoubleProperty [value: 1280.0]
00:05:37.631 [FXGL Background Thread 3 ] DEBUG Engine               - profileDir: profiles/
00:05:37.632 [FXGL Background Thread 3 ] DEBUG Engine               - profileName: StringProperty [value: DEFAULT]
00:05:37.632 [FXGL Background Thread 3 ] DEBUG Engine               - randomSeed: -1
00:05:37.633 [FXGL Background Thread 3 ] DEBUG Engine               - runtimeInfo: RuntimeInfo(platform=LINUX, version=25, build=05.02.2026 22.57)
00:05:37.633 [FXGL Background Thread 3 ] DEBUG Engine               - saveFileExt: sav
00:05:37.633 [FXGL Background Thread 3 ] DEBUG Engine               - scaledHeightProp$fxgl: DoubleProperty [bound, value: 685.0]
00:05:37.634 [FXGL Background Thread 3 ] DEBUG Engine               - scaledWidthProp$fxgl: DoubleProperty [bound, value: 1280.0]
00:05:37.634 [FXGL Background Thread 3 ] DEBUG Engine               - sceneFactory: com.almasb.fxgl.app.scene.SceneFactory@7f9438d8
00:05:37.634 [FXGL Background Thread 3 ] DEBUG Engine               - secondsIn24h: 60
00:05:37.634 [FXGL Background Thread 3 ] DEBUG Engine               - soundMenuBack: menu/back.wav
00:05:37.634 [FXGL Background Thread 3 ] DEBUG Engine               - soundMenuPress: menu/press.wav
00:05:37.634 [FXGL Background Thread 3 ] DEBUG Engine               - soundMenuSelect: menu/select.wav
00:05:37.635 [FXGL Background Thread 3 ] DEBUG Engine               - soundNotification: core/notification.wav
00:05:37.635 [FXGL Background Thread 3 ] DEBUG Engine               - stageStyle: DECORATED
00:05:37.635 [FXGL Background Thread 3 ] DEBUG Engine               - supportedLanguages: [ENGLISH, FRENCH, GERMAN, HUNGARIAN, RUSSIAN]
00:05:37.635 [FXGL Background Thread 3 ] DEBUG Engine               - ticksPerSecond: -1
00:05:37.635 [FXGL Background Thread 3 ] DEBUG Engine               - title: Untitled
00:05:37.635 [FXGL Background Thread 3 ] DEBUG Engine               - urlGithub: https://github.com/AlmasB/FXGL
00:05:37.636 [FXGL Background Thread 3 ] DEBUG Engine               - urlLeaderboard: http://fxgl-top.herokuapp.com/
00:05:37.636 [FXGL Background Thread 3 ] DEBUG Engine               - urlPOM: https://raw.githubusercontent.com/AlmasB/FXGL/release/README.md
00:05:37.636 [FXGL Background Thread 3 ] DEBUG Engine               - userAppClass: class org.group1.GamePackage.Application
00:05:37.636 [FXGL Background Thread 3 ] DEBUG Engine               - version: 0.0
00:05:37.636 [FXGL Background Thread 3 ] DEBUG Engine               - versionCheckDays: 7
00:05:37.636 [FXGL Background Thread 3 ] DEBUG Engine               - width: 1280
00:05:37.637 [FXGL Background Thread 3 ] DEBUG Engine               - Logging services
00:05:37.637 [FXGL Background Thread 3 ] DEBUG Engine               - class com.almasb.fxgl.app.services.FXGLAssetLoaderService
00:05:37.637 [FXGL Background Thread 3 ] DEBUG Engine               - class com.almasb.fxgl.app.FXGLApplication$GameApplicationService
00:05:37.637 [FXGL Background Thread 3 ] DEBUG Engine               - class com.almasb.fxgl.app.services.FXGLDialogService
00:05:37.637 [FXGL Background Thread 3 ] DEBUG Engine               - class com.almasb.fxgl.app.services.IOTaskExecutorService
00:05:37.637 [FXGL Background Thread 3 ] DEBUG Engine               - class com.almasb.fxgl.io.FileSystemService
00:05:37.637 [FXGL Background Thread 3 ] DEBUG Engine               - class com.almasb.fxgl.localization.LocalizationService
00:05:37.638 [FXGL Background Thread 3 ] DEBUG Engine               - class com.almasb.fxgl.app.services.SystemBundleService
00:05:37.638 [FXGL Background Thread 3 ] DEBUG Engine               - class com.almasb.fxgl.profile.SaveLoadService
00:05:37.638 [FXGL Background Thread 3 ] DEBUG Engine               - class com.almasb.fxgl.ui.FXGLUIFactoryServiceProvider
00:05:37.638 [FXGL Background Thread 3 ] DEBUG Engine               - class com.almasb.fxgl.ui.FXGLDialogFactoryServiceProvider
00:05:37.638 [FXGL Background Thread 3 ] DEBUG Engine               - class com.almasb.fxgl.audio.AudioPlayer
00:05:37.638 [FXGL Background Thread 3 ] DEBUG Engine               - class com.almasb.fxgl.notification.impl.NotificationServiceProvider
00:05:37.638 [FXGL Background Thread 3 ] DEBUG Engine               - class com.almasb.fxgl.achievement.AchievementService
00:05:37.638 [FXGL Background Thread 3 ] DEBUG Engine               - class com.almasb.fxgl.cutscene.CutsceneService
00:05:37.638 [FXGL Background Thread 3 ] DEBUG Engine               - class com.almasb.fxgl.minigames.MiniGameService
00:05:37.638 [FXGL Background Thread 3 ] DEBUG Engine               - class com.almasb.fxgl.net.NetService
00:05:37.639 [FXGL Background Thread 3 ] DEBUG Engine               - class com.almasb.fxgl.app.services.UpdaterService
00:05:37.639 [FXGL Background Thread 3 ] DEBUG Engine               - class com.almasb.fxgl.dev.DevService
00:05:37.709 [JavaFX Application Thread] DEBUG FXGLAssetLoaderServi - Loading from file system: file:/home/me/ComProg_Project/target/classes/assets/textures/enemy_sprite.png
00:05:37.736 [JavaFX Application Thread] DEBUG FXGLAssetLoaderServi - Loading from file system: file:/home/me/ComProg_Project/target/classes/assets/textures/explosion_sprite.png
00:05:39.157 [JavaFX Application Thread] DEBUG FXGLAssetLoaderServi - Loading from file system: file:/home/me/ComProg_Project/target/classes/assets/textures/bullet_sprite.png
00:05:49.692 [JavaFX Application Thread] DEBUG FXGLApplication      - Exiting FXGL
00:05:49.692 [JavaFX Application Thread] DEBUG LoopRunner           - Stopping loop
00:05:49.692 [JavaFX Application Thread] DEBUG SystemBundleService  - Saving FXGL system data
00:05:49.694 [JavaFX Application Thread] DEBUG FileSystemAccess     - Writing to: /home/me/ComProg_Project/system/fxgl.bundle
00:05:49.696 [JavaFX Application Thread] DEBUG Async                - Shutting down background threads
00:05:49.696 [JavaFX Application Thread] DEBUG PrimaryStageWindow   - Closing main window
00:05:49.698 [JavaFX Application Thread] DEBUG Logger               - Closing Logger
