15:42:42.471 [main                     ] DEBUG Logger               - Configured Logger
15:42:42.478 [main                     ] DEBUG GameApplication      - Logging settings
Title: Untitled
Version: 0.0
Width: 800
Height: 600
Fullscreen: false
Intro: false
Profiling: false
Single step:false
App Mode: DEVELOPER
Menu Key: ESCAPE
Stage Style: DECORATED
Scene Factory: class com.almasb.fxgl.app.scene.SceneFactory

15:42:42.701 [JavaFX Application Thread] DEBUG FXGLApplication      - Initializing FXGL
15:42:42.704 [JavaFX Application Thread] INFO  Engine               - FXGL-25 (05.02.2026 22.57) on LINUX (J:25.0.2 FX:21.0.6)
15:42:42.704 [JavaFX Application Thread] DEBUG Engine               - JRE Vendor Name: Arch Linux
15:42:42.704 [JavaFX Application Thread] DEBUG Engine               - Running on OS: Linux version 6.18.9-arch1-2
15:42:42.704 [JavaFX Application Thread] DEBUG Engine               - Architecture: amd64
15:42:42.705 [JavaFX Application Thread] INFO  Engine               - Source code and latest versions at: https://github.com/AlmasB/FXGL
15:42:42.705 [JavaFX Application Thread] INFO  Engine               -       Ask questions and discuss at: https://github.com/AlmasB/FXGL/discussions
15:42:42.781 [JavaFX Application Thread] DEBUG PrimaryStageWindow   - Creating a JavaFX scene
15:42:42.862 [JavaFX Application Thread] DEBUG PrimaryStageWindow   - Target settings size: 800.0 x 600.0
15:42:42.862 [JavaFX Application Thread] DEBUG PrimaryStageWindow   - Scaled scene size:    800.0 x 600.0
15:42:42.862 [JavaFX Application Thread] DEBUG PrimaryStageWindow   - Scaled ratio: (1.0, 1.0)
15:42:42.863 [JavaFX Application Thread] DEBUG PrimaryStageWindow   - Set initial scene to FXGLStartupScene
15:42:42.867 [JavaFX Application Thread] DEBUG PrimaryStageWindow   - Opening main window
15:42:42.929 [JavaFX Application Thread] DEBUG PrimaryStageWindow   - Window border size: (0.0, 35.0)
15:42:42.929 [JavaFX Application Thread] DEBUG PrimaryStageWindow   - Scaled size: 800.0 x 565.0
15:42:42.929 [JavaFX Application Thread] DEBUG PrimaryStageWindow   - Scaled ratio: (1.0, 0.9416666666666667)
15:42:42.929 [JavaFX Application Thread] DEBUG PrimaryStageWindow   - Scene size: 800.0 x 600.0
15:42:42.929 [JavaFX Application Thread] DEBUG PrimaryStageWindow   - Stage size: 800.0 x 600.0
15:42:42.935 [FXGL Background Thread 1 ] DEBUG Engine               - Initializing environment variables
15:42:43.004 [FXGL Background Thread 1 ] DEBUG FXGLAssetLoaderServi - User app class for loading assets: class TestPackage.BasicGameSample
15:42:43.004 [FXGL Background Thread 1 ] DEBUG GameApplicationServi - Applying CSS: fxgl_dark.css
15:42:43.005 [FXGL Background Thread 1 ] DEBUG FXGLAssetLoaderServi - Loading from file system: jar:file:///home/me/.m2/repository/com/github/almasb/fxgl/25/fxgl-25.jar!/fxglassets/ui/css/fxgl_dark.css
15:42:43.057 [FXGL Background Thread 1 ] DEBUG GameApplicationServi - Initializing application scenes
15:42:43.105 [FXGL Background Thread 1 ] DEBUG GameWorld            - Game world initialized
15:42:43.161 [FXGL Background Thread 1 ] DEBUG PhysicsWorld         - Physics world initialized: appHeight=600, physics.ppm=50.0
15:42:43.161 [FXGL Background Thread 1 ] DEBUG PhysicsWorld         - Using strategy: BRUTE_FORCE
15:42:43.165 [FXGL Background Thread 1 ] DEBUG GameScene            - Game scene initialized: 800x600
15:42:43.180 [FXGL Background Thread 1 ] DEBUG FXGL.DefaultMenu     - createMenuBodyGameMenu()
15:42:43.191 [FXGL Background Thread 1 ] DEBUG FXGL.DefaultMenu     - createOptionsMenu()
15:42:43.200 [FXGL Background Thread 1 ] DEBUG FXGLAssetLoaderServi - Loading from file system: jar:file:///home/me/.m2/repository/com/github/almasb/fxgl/25/fxgl-25.jar!/fxglassets/textures/particles/smoke.png
15:42:43.275 [FXGL Background Thread 1 ] DEBUG FXGLAssetLoaderServi - Loading from file system: jar:file:///home/me/.m2/repository/com/github/almasb/fxgl/25/fxgl-25.jar!/fxglassets/textures/particles/trace_horizontal.png
15:42:43.303 [FXGL Background Thread 1 ] DEBUG GameApplicationServi - Application scenes initialized
15:42:43.313 [FXGL Background Thread 1 ] DEBUG SystemBundleService  - Loading FXGL system data
15:42:43.316 [FXGL Background Thread 1 ] DEBUG FileSystemAccess     - Reading from: /home/me/ComProg_Project/system/fxgl.bundle
15:42:43.322 [FXGL Background Thread 1 ] DEBUG SystemBundleService  - Bundle FXGL: {}
15:42:43.322 [FXGL Background Thread 1 ] DEBUG UpdaterService       - Checking for updates
15:42:43.326 [FXGL Background Thread 4 ] DEBUG FXGLApplication      - Loading fonts
15:42:43.327 [FXGL Background Thread 4 ] DEBUG FXGLAssetLoaderServi - Loading from file system: jar:file:///home/me/.m2/repository/com/github/almasb/fxgl/25/fxgl-25.jar!/fxglassets/ui/fonts/VarelaRound-Regular.ttf
15:42:43.327 [FXGL Background Thread 1 ] DEBUG FXGLApplication      - Loading default localization
15:42:43.327 [FXGL Background Thread 1 ] DEBUG FXGLAssetLoaderServi - Loading from file system: jar:file:///home/me/.m2/repository/com/github/almasb/fxgl/25/fxgl-25.jar!/fxglassets/languages/english.lang
15:42:43.333 [FXGL Background Thread 4 ] DEBUG FXGLAssetLoaderServi - Loading from file system: jar:file:///home/me/.m2/repository/com/github/almasb/fxgl/25/fxgl-25.jar!/fxglassets/ui/fonts/Abel-Regular.ttf
15:42:43.335 [FXGL Background Thread 4 ] DEBUG FXGLAssetLoaderServi - Loading from file system: jar:file:///home/me/.m2/repository/com/github/almasb/fxgl/25/fxgl-25.jar!/fxglassets/ui/fonts/TerminalLandMono-Regular.otf
15:42:43.337 [FXGL Background Thread 4 ] DEBUG FXGLAssetLoaderServi - Loading from file system: jar:file:///home/me/.m2/repository/com/github/almasb/fxgl/25/fxgl-25.jar!/fxglassets/ui/fonts/Courier-Prime.ttf
15:42:43.342 [FXGL Background Thread 1 ] INFO  FXGLApplication      - FXGL initialization took: 0.407 sec
15:42:43.342 [JavaFX Application Thread] DEBUG FXGLApplication      - Registering font factories with UI factory
15:42:43.344 [JavaFX Application Thread] DEBUG FXGLAssetLoaderServi - Loading from file system: jar:file:///home/me/.m2/repository/com/github/almasb/fxgl/25/fxgl-25.jar!/fxglassets/textures/fxgl_icon.png
15:42:43.368 [JavaFX Application Thread] DEBUG FXGLAssetLoaderServi - Loading from file system: jar:file:///home/me/.m2/repository/com/github/almasb/fxgl/25/fxgl-25.jar!/fxglassets/textures/fxgl_default_cursor.png
15:42:43.380 [JavaFX Application Thread] DEBUG Input                - Registered new binding: Screenshot - CTRL+8
15:42:43.380 [JavaFX Application Thread] DEBUG Input                - Registered new binding: System info dump - CTRL+9
15:42:43.380 [JavaFX Application Thread] DEBUG Input                - Registered new binding: Restart - CTRL+R
15:42:43.381 [JavaFX Application Thread] DEBUG Input                - Registered new binding: Toggle Debug Camera - CTRL+7
15:42:43.385 [JavaFX Application Thread] DEBUG LoopRunner           - Starting loop
15:42:43.385 [JavaFX Application Thread] DEBUG LoopRunner           - Initializing JavaFX AnimationTimerLoop
15:42:43.386 [JavaFX Application Thread] DEBUG GameApplicationServi - Starting new game
15:42:43.387 [JavaFX Application Thread] DEBUG Input                - Clearing active input actions
15:42:43.398 [JavaFX Application Thread] DEBUG GameApplicationServi - Removing overlay from FXGLStartupScene and adding to FXGLLoadingScene
15:42:43.398 [JavaFX Application Thread] DEBUG PrimaryStageWindow   - FXGLStartupScene -> FXGLLoadingScene
15:42:43.398 [JavaFX Application Thread] DEBUG GameApplicationServi - Clearing previous game
15:42:43.398 [JavaFX Application Thread] DEBUG GameScene            - Clearing game scene
15:42:43.398 [JavaFX Application Thread] DEBUG GameWorld            - Clearing game world
15:42:43.398 [JavaFX Application Thread] DEBUG PhysicsWorld         - Clearing physics world
15:42:43.400 [FXGL Background Thread 4 ] DEBUG FXGLApplication      - Initializing game
15:42:43.412 [FXGL Background Thread 4 ] WARN  FXGLAssetLoaderServi - Asset "/assets/textures/Cuphead_Plane.png" was not found!
15:42:43.413 [FXGL Background Thread 4 ] WARN  FXGLAssetLoaderServi - Failed to load IMAGE
15:42:43.539 [FXGL Background Thread 4 ] WARN  FXGLAssetLoaderServi - Asset "/assets/textures/textures/Cuphead_Plane.png" was not found!
15:42:43.540 [FXGL Background Thread 4 ] WARN  FXGLAssetLoaderServi - Failed to load IMAGE
15:42:43.552 [FXGL Background Thread 4 ] INFO  FXGLApplication      - Game initialization took: 0.151 sec
15:42:43.559 [JavaFX Application Thread] DEBUG Input                - Clearing active input actions
15:42:43.571 [JavaFX Application Thread] DEBUG GameApplicationServi - Removing overlay from FXGLLoadingScene and adding to GameScene
15:42:43.571 [JavaFX Application Thread] DEBUG PrimaryStageWindow   - FXGLLoadingScene -> GameScene
15:42:43.954 [JavaFX Application Thread] DEBUG FXGLApplication      - Exiting FXGL
15:42:43.954 [JavaFX Application Thread] DEBUG LoopRunner           - Stopping loop
15:42:43.954 [JavaFX Application Thread] DEBUG SystemBundleService  - Saving FXGL system data
15:42:43.957 [JavaFX Application Thread] DEBUG FileSystemAccess     - Writing to: /home/me/ComProg_Project/system/fxgl.bundle
15:42:43.958 [JavaFX Application Thread] DEBUG Async                - Shutting down background threads
15:42:43.959 [JavaFX Application Thread] DEBUG PrimaryStageWindow   - Closing main window
15:42:43.961 [JavaFX Application Thread] DEBUG Logger               - Closing Logger
