00:42:07.866 [main                     ] DEBUG Logger               - Configured Logger
00:42:07.871 [main                     ] DEBUG GameApplication      - Logging settings
Title: Untitled
Version: 0.0
Width: 1280
Height: 720
Fullscreen: false
Intro: false
Profiling: false
Single step:false
App Mode: DEVELOPER
Menu Key: ESCAPE
Stage Style: DECORATED
Scene Factory: class org.group1.GamePackage.Factory.MainSceneFactory

00:42:08.601 [JavaFX Application Thread] DEBUG FXGLApplication      - Initializing FXGL
00:42:08.603 [JavaFX Application Thread] INFO  Engine               - FXGL-25 (05.02.2026 22.57) on WINDOWS (J:25.0.2 FX:21.0.6)
00:42:08.603 [JavaFX Application Thread] DEBUG Engine               - JRE Vendor Name: Oracle Corporation
00:42:08.603 [JavaFX Application Thread] DEBUG Engine               - Running on OS: Windows 11 version 10.0
00:42:08.603 [JavaFX Application Thread] DEBUG Engine               - Architecture: amd64
00:42:08.603 [JavaFX Application Thread] INFO  Engine               - Source code and latest versions at: https://github.com/AlmasB/FXGL
00:42:08.603 [JavaFX Application Thread] INFO  Engine               -       Ask questions and discuss at: https://github.com/AlmasB/FXGL/discussions
00:42:08.677 [JavaFX Application Thread] DEBUG PrimaryStageWindow   - Creating a JavaFX scene
00:42:08.706 [JavaFX Application Thread] DEBUG PrimaryStageWindow   - Target settings size: 1280.0 x 720.0
00:42:08.706 [JavaFX Application Thread] DEBUG PrimaryStageWindow   - Scaled scene size:    1280.0 x 720.0
00:42:08.706 [JavaFX Application Thread] DEBUG PrimaryStageWindow   - Scaled ratio: (1.0, 1.0)
00:42:08.706 [JavaFX Application Thread] DEBUG PrimaryStageWindow   - Set initial scene to FXGLStartupScene
00:42:08.709 [JavaFX Application Thread] DEBUG PrimaryStageWindow   - Opening main window
00:42:08.781 [JavaFX Application Thread] DEBUG PrimaryStageWindow   - Window border size: (16.0, 39.0)
00:42:08.781 [JavaFX Application Thread] DEBUG PrimaryStageWindow   - Scaled size: 1280.0 x 720.0
00:42:08.781 [JavaFX Application Thread] DEBUG PrimaryStageWindow   - Scaled ratio: (1.0, 1.0)
00:42:08.781 [JavaFX Application Thread] DEBUG PrimaryStageWindow   - Scene size: 1280.0 x 720.0
00:42:08.781 [JavaFX Application Thread] DEBUG PrimaryStageWindow   - Stage size: 1296.0 x 759.0
00:42:08.787 [FXGL Background Thread 1 ] DEBUG Engine               - Initializing environment variables
00:42:08.827 [FXGL Background Thread 1 ] DEBUG FXGLAssetLoaderServi - User app class for loading assets: class org.group1.GamePackage.Application
00:42:08.828 [FXGL Background Thread 1 ] DEBUG GameApplicationServi - Applying CSS: fxgl_dark.css
00:42:08.828 [FXGL Background Thread 1 ] DEBUG FXGLAssetLoaderServi - Loading from file system: jar:file:///C:/Users/Wren/.m2/repository/com/github/almasb/fxgl/25/fxgl-25.jar!/fxglassets/ui/css/fxgl_dark.css
00:42:08.860 [FXGL Background Thread 1 ] DEBUG GameApplicationServi - Initializing application scenes
00:42:08.917 [FXGL Background Thread 1 ] DEBUG GameWorld            - Game world initialized
00:42:08.957 [FXGL Background Thread 1 ] DEBUG PhysicsWorld         - Physics world initialized: appHeight=720, physics.ppm=50.0
00:42:08.957 [FXGL Background Thread 1 ] DEBUG PhysicsWorld         - Using strategy: BRUTE_FORCE
00:42:08.961 [FXGL Background Thread 1 ] DEBUG GameScene            - Game scene initialized: 1280x720
00:42:08.971 [FXGL Background Thread 1 ] DEBUG FXGL.DefaultMenu     - createMenuBodyGameMenu()
00:42:08.977 [FXGL Background Thread 1 ] DEBUG FXGL.DefaultMenu     - createOptionsMenu()
00:42:08.985 [FXGL Background Thread 1 ] DEBUG FXGLAssetLoaderServi - Loading from file system: jar:file:///C:/Users/Wren/.m2/repository/com/github/almasb/fxgl/25/fxgl-25.jar!/fxglassets/textures/particles/smoke.png
00:42:09.053 [FXGL Background Thread 1 ] DEBUG FXGLAssetLoaderServi - Loading from file system: jar:file:///C:/Users/Wren/.m2/repository/com/github/almasb/fxgl/25/fxgl-25.jar!/fxglassets/textures/particles/trace_horizontal.png
00:42:09.075 [FXGL Background Thread 1 ] DEBUG GameApplicationServi - Application scenes initialized
00:42:09.083 [FXGL Background Thread 1 ] DEBUG SystemBundleService  - Loading FXGL system data
00:42:09.084 [FXGL Background Thread 1 ] DEBUG FileSystemAccess     - Reading from: C:\Users\Wren\IdeaProjects\GameGame\system\fxgl.bundle
00:42:09.087 [FXGL Background Thread 1 ] DEBUG SystemBundleService  - Bundle FXGL: {}
00:42:09.087 [FXGL Background Thread 1 ] DEBUG UpdaterService       - Checking for updates
00:42:09.090 [FXGL Background Thread 4 ] DEBUG FXGLApplication      - Loading fonts
00:42:09.090 [FXGL Background Thread 1 ] DEBUG FXGLApplication      - Loading default localization
00:42:09.090 [FXGL Background Thread 1 ] DEBUG FXGLAssetLoaderServi - Loading from file system: jar:file:///C:/Users/Wren/.m2/repository/com/github/almasb/fxgl/25/fxgl-25.jar!/fxglassets/languages/english.lang
00:42:09.090 [FXGL Background Thread 4 ] DEBUG FXGLAssetLoaderServi - Loading from file system: jar:file:///C:/Users/Wren/.m2/repository/com/github/almasb/fxgl/25/fxgl-25.jar!/fxglassets/ui/fonts/VarelaRound-Regular.ttf
00:42:09.105 [FXGL Background Thread 1 ] INFO  FXGLApplication      - FXGL initialization took: 0.317 sec
00:42:09.107 [FXGL Background Thread 4 ] DEBUG FXGLAssetLoaderServi - Loading from file system: jar:file:///C:/Users/Wren/.m2/repository/com/github/almasb/fxgl/25/fxgl-25.jar!/fxglassets/ui/fonts/Abel-Regular.ttf
00:42:09.124 [FXGL Background Thread 4 ] DEBUG FXGLAssetLoaderServi - Loading from file system: jar:file:///C:/Users/Wren/.m2/repository/com/github/almasb/fxgl/25/fxgl-25.jar!/fxglassets/ui/fonts/TerminalLandMono-Regular.otf
00:42:09.124 [JavaFX Application Thread] DEBUG Input                - Registered new binding: Move left - A
00:42:09.124 [JavaFX Application Thread] DEBUG Input                - Registered new binding: Move right - D
00:42:09.124 [JavaFX Application Thread] DEBUG Input                - Registered new binding: Move down - S
00:42:09.124 [JavaFX Application Thread] DEBUG Input                - Registered new binding: Move up - W
00:42:09.125 [JavaFX Application Thread] DEBUG Input                - Registered new binding: Shoot - Space
00:42:09.125 [JavaFX Application Thread] DEBUG FXGLAssetLoaderServi - Loading from file system: jar:file:///C:/Users/Wren/.m2/repository/com/github/almasb/fxgl/25/fxgl-25.jar!/fxglassets/textures/fxgl_icon.png
00:42:09.134 [FXGL Background Thread 4 ] DEBUG FXGLAssetLoaderServi - Loading from file system: jar:file:///C:/Users/Wren/.m2/repository/com/github/almasb/fxgl/25/fxgl-25.jar!/fxglassets/ui/fonts/Courier-Prime.ttf
00:42:09.143 [JavaFX Application Thread] DEBUG FXGLAssetLoaderServi - Loading from file system: jar:file:///C:/Users/Wren/.m2/repository/com/github/almasb/fxgl/25/fxgl-25.jar!/fxglassets/textures/fxgl_default_cursor.png
00:42:09.147 [JavaFX Application Thread] DEBUG Input                - Registered new binding: Screenshot - CTRL+8
00:42:09.147 [JavaFX Application Thread] DEBUG Input                - Registered new binding: System info dump - CTRL+9
00:42:09.147 [JavaFX Application Thread] DEBUG Input                - Registered new binding: Restart - CTRL+R
00:42:09.148 [JavaFX Application Thread] DEBUG Input                - Registered new binding: Toggle Debug Camera - CTRL+7
00:42:09.150 [JavaFX Application Thread] DEBUG LoopRunner           - Starting loop
00:42:09.150 [JavaFX Application Thread] DEBUG LoopRunner           - Initializing JavaFX AnimationTimerLoop
00:42:09.152 [JavaFX Application Thread] DEBUG Input                - Clearing active input actions
00:42:09.159 [JavaFX Application Thread] DEBUG GameApplicationServi - Removing overlay from FXGLStartupScene and adding to FXGLMainMenuDummyScene
00:42:09.159 [JavaFX Application Thread] DEBUG PrimaryStageWindow   - FXGLStartupScene -> FXGLMainMenuDummyScene
00:42:09.159 [JavaFX Application Thread] DEBUG PrimaryStageWindow   - Push state: MenuInterface
00:42:09.160 [JavaFX Application Thread] DEBUG Input                - Clearing active input actions
00:42:09.165 [JavaFX Application Thread] DEBUG GameApplicationServi - Removing overlay from FXGLMainMenuDummyScene and adding to MenuInterface
00:42:09.165 [JavaFX Application Thread] DEBUG PrimaryStageWindow   - FXGLMainMenuDummyScene -> MenuInterface
00:42:09.195 [JavaFX Application Thread] DEBUG FXGLApplication      - Registering font factories with UI factory
00:42:09.822 [JavaFX Application Thread] DEBUG Menu                 - fireNewGame()
00:42:09.822 [JavaFX Application Thread] DEBUG GameApplicationServi - Starting new game
00:42:09.822 [JavaFX Application Thread] DEBUG PrimaryStageWindow   - Pop state: MenuInterface
00:42:09.822 [JavaFX Application Thread] DEBUG Input                - Clearing active input actions
00:42:09.822 [JavaFX Application Thread] DEBUG GameApplicationServi - Removing overlay from MenuInterface and adding to FXGLMainMenuDummyScene
00:42:09.822 [JavaFX Application Thread] DEBUG PrimaryStageWindow   - FXGLMainMenuDummyScene <- MenuInterface
00:42:09.823 [JavaFX Application Thread] DEBUG Input                - Clearing active input actions
00:42:09.826 [JavaFX Application Thread] DEBUG GameApplicationServi - Removing overlay from FXGLMainMenuDummyScene and adding to LoadingInterface
00:42:09.826 [JavaFX Application Thread] DEBUG PrimaryStageWindow   - FXGLMainMenuDummyScene -> LoadingInterface
00:42:09.827 [JavaFX Application Thread] DEBUG GameApplicationServi - Clearing previous game
00:42:09.827 [JavaFX Application Thread] DEBUG GameScene            - Clearing game scene
00:42:09.827 [JavaFX Application Thread] DEBUG GameWorld            - Clearing game world
00:42:09.827 [JavaFX Application Thread] DEBUG PhysicsWorld         - Clearing physics world
00:42:09.828 [FXGL Background Thread 2 ] DEBUG FXGLApplication      - Initializing game
00:42:09.840 [FXGL Background Thread 2 ] DEBUG FXGLAssetLoaderServi - Loading from file system: file:/C:/Users/Wren/IdeaProjects/GameGame/target/classes/assets/textures/background.png
00:42:09.931 [FXGL Background Thread 2 ] DEBUG FXGLAssetLoaderServi - Loading from file system: file:/C:/Users/Wren/IdeaProjects/GameGame/target/classes/assets/textures/background_stars1.png
00:42:10.013 [FXGL Background Thread 2 ] DEBUG FXGLAssetLoaderServi - Loading from file system: file:/C:/Users/Wren/IdeaProjects/GameGame/target/classes/assets/textures/background_stars2.png
00:42:10.036 [FXGL Background Thread 2 ] DEBUG FXGLAssetLoaderServi - Loading from file system: file:/C:/Users/Wren/IdeaProjects/GameGame/target/classes/assets/textures/background_stars3.png
00:42:10.059 [FXGL Background Thread 2 ] DEBUG FXGLAssetLoaderServi - Loading from file system: file:/C:/Users/Wren/IdeaProjects/GameGame/target/classes/assets/textures/background_cloud1.png
00:42:10.067 [FXGL Background Thread 2 ] DEBUG FXGLAssetLoaderServi - Loading from file system: file:/C:/Users/Wren/IdeaProjects/GameGame/target/classes/assets/textures/background_cloud2.png
00:42:10.077 [FXGL Background Thread 2 ] DEBUG FXGLAssetLoaderServi - Loading from file system: file:/C:/Users/Wren/IdeaProjects/GameGame/target/classes/assets/textures/background_mist1.png
00:42:10.085 [FXGL Background Thread 2 ] DEBUG FXGLAssetLoaderServi - Loading from file system: file:/C:/Users/Wren/IdeaProjects/GameGame/target/classes/assets/textures/background_hills.png
00:42:10.101 [FXGL Background Thread 2 ] DEBUG FXGLAssetLoaderServi - Loading from file system: file:/C:/Users/Wren/IdeaProjects/GameGame/target/classes/assets/textures/background_forest.png
00:42:10.112 [FXGL Background Thread 2 ] DEBUG FXGLAssetLoaderServi - Loading from file system: file:/C:/Users/Wren/IdeaProjects/GameGame/target/classes/assets/textures/background_large_forest.png
00:42:10.137 [FXGL Background Thread 2 ] DEBUG FXGLAssetLoaderServi - Loading from file system: file:/C:/Users/Wren/IdeaProjects/GameGame/target/classes/assets/textures/idle_sprite.png
00:42:10.148 [FXGL Background Thread 2 ] DEBUG FXGLAssetLoaderServi - Loading from file system: file:/C:/Users/Wren/IdeaProjects/GameGame/target/classes/assets/textures/down_sprite.png
00:42:10.150 [FXGL Background Thread 2 ] DEBUG FXGLAssetLoaderServi - Loading from file system: file:/C:/Users/Wren/IdeaProjects/GameGame/target/classes/assets/textures/up_sprite.png
00:42:10.158 [FXGL Background Thread 2 ] DEBUG FXGLAssetLoaderServi - Loading from file system: file:/C:/Users/Wren/IdeaProjects/GameGame/target/classes/assets/music/main_music.wav
00:42:10.247 [FXGL Background Thread 2 ] DEBUG AudioPlayer          - Playing music com.almasb.fxgl.audio.Music@6dbe638d
00:42:10.253 [FXGL Background Thread 2 ] INFO  FXGLApplication      - Game initialization took: 0.425 sec
00:42:10.269 [JavaFX Application Thread] DEBUG Input                - Clearing active input actions
00:42:10.273 [JavaFX Application Thread] DEBUG GameApplicationServi - Removing overlay from LoadingInterface and adding to GameScene
00:42:10.273 [JavaFX Application Thread] DEBUG PrimaryStageWindow   - LoadingInterface -> GameScene
00:42:10.753 [JavaFX Application Thread] DEBUG FXGLAssetLoaderServi - Loading from file system: file:/C:/Users/Wren/IdeaProjects/GameGame/target/classes/assets/textures/enemy_sprite.png
00:42:10.757 [JavaFX Application Thread] DEBUG FXGLAssetLoaderServi - Loading from file system: file:/C:/Users/Wren/IdeaProjects/GameGame/target/classes/assets/textures/explosion_sprite.png
00:42:11.517 [JavaFX Application Thread] DEBUG FXGLAssetLoaderServi - Loading from file system: file:/C:/Users/Wren/IdeaProjects/GameGame/target/classes/assets/textures/bullet_sprite.png
00:42:11.803 [JavaFX Application Thread] DEBUG FXGLAssetLoaderServi - Loading from file system: file:/C:/Users/Wren/IdeaProjects/GameGame/target/classes/assets/textures/heart_sprite.png
00:42:11.811 [JavaFX Application Thread] DEBUG FXGLAssetLoaderServi - Loading from file system: file:/C:/Users/Wren/IdeaProjects/GameGame/target/classes/assets/textures/heart_explode_sprite.png
00:42:11.828 [JavaFX Application Thread] DEBUG FXGLAssetLoaderServi - Loading from file system: file:/C:/Users/Wren/IdeaProjects/GameGame/target/classes/assets/sounds/death_sound.wav
00:42:12.090 [FXGL Background Thread 3 ] DEBUG Engine               - Logging environment variables
00:42:12.090 [FXGL Background Thread 3 ] DEBUG Engine               - achievements: []
00:42:12.090 [FXGL Background Thread 3 ] DEBUG Engine               - actualHeight: 720.0
00:42:12.090 [FXGL Background Thread 3 ] DEBUG Engine               - actualHeightProperty: ReadOnlyDoubleProperty [value: 720.0]
00:42:12.091 [FXGL Background Thread 3 ] DEBUG Engine               - actualWidth: 1280.0
00:42:12.091 [FXGL Background Thread 3 ] DEBUG Engine               - actualWidthProperty: ReadOnlyDoubleProperty [value: 1280.0]
00:42:12.091 [FXGL Background Thread 3 ] DEBUG Engine               - appIcon: fxgl_icon.png
00:42:12.091 [FXGL Background Thread 3 ] DEBUG Engine               - applicationMode: DEVELOPER
00:42:12.091 [FXGL Background Thread 3 ] DEBUG Engine               - cSSList: [fxgl_dark.css]
00:42:12.091 [FXGL Background Thread 3 ] DEBUG Engine               - collisionDetectionStrategy: BRUTE_FORCE
00:42:12.091 [FXGL Background Thread 3 ] DEBUG Engine               - configClass: Optional.empty
00:42:12.091 [FXGL Background Thread 3 ] DEBUG Engine               - credits: []
00:42:12.091 [FXGL Background Thread 3 ] DEBUG Engine               - defaultCursor: CursorInfo(imageName=fxgl_default_cursor.png, hotspotX=7.0, hotspotY=6.0)
00:42:12.091 [FXGL Background Thread 3 ] DEBUG Engine               - devBBoxColorProperty: ObjectProperty [value: 0xff0000ff]
00:42:12.091 [FXGL Background Thread 3 ] DEBUG Engine               - devEnableDebugCameraProperty: BooleanProperty [value: false]
00:42:12.091 [FXGL Background Thread 3 ] DEBUG Engine               - devSensorColorProperty: ObjectProperty [value: 0xffff00ff]
00:42:12.091 [FXGL Background Thread 3 ] DEBUG Engine               - devShowBBoxProperty: BooleanProperty [value: false]
00:42:12.092 [FXGL Background Thread 3 ] DEBUG Engine               - devShowPositionProperty: BooleanProperty [value: false]
00:42:12.092 [FXGL Background Thread 3 ] DEBUG Engine               - enabledMenuItems: []
00:42:12.092 [FXGL Background Thread 3 ] DEBUG Engine               - engineServices: [class com.almasb.fxgl.app.services.FXGLAssetLoaderService, class com.almasb.fxgl.app.FXGLApplication$GameApplicationService, class com.almasb.fxgl.app.services.FXGLDialogService, class com.almasb.fxgl.app.services.IOTaskExecutorService, class com.almasb.fxgl.io.FileSystemService, class com.almasb.fxgl.localization.LocalizationService, class com.almasb.fxgl.app.services.SystemBundleService, class com.almasb.fxgl.profile.SaveLoadService, class com.almasb.fxgl.ui.FXGLUIFactoryServiceProvider, class com.almasb.fxgl.ui.FXGLDialogFactoryServiceProvider, class com.almasb.fxgl.audio.AudioPlayer, class com.almasb.fxgl.notification.impl.NotificationServiceProvider, class com.almasb.fxgl.achievement.AchievementService, class com.almasb.fxgl.cutscene.CutsceneService, class com.almasb.fxgl.minigames.MiniGameService, class com.almasb.fxgl.net.NetService, class com.almasb.fxgl.app.services.UpdaterService, class com.almasb.fxgl.dev.DevService]
00:42:12.092 [FXGL Background Thread 3 ] DEBUG Engine               - fontGame: Abel-Regular.ttf
00:42:12.092 [FXGL Background Thread 3 ] DEBUG Engine               - fontMono: TerminalLandMono-Regular.otf
00:42:12.092 [FXGL Background Thread 3 ] DEBUG Engine               - fontSizeScaleUI: 1.0
00:42:12.092 [FXGL Background Thread 3 ] DEBUG Engine               - fontText: Courier-Prime.ttf
00:42:12.092 [FXGL Background Thread 3 ] DEBUG Engine               - fontUI: VarelaRound-Regular.ttf
00:42:12.092 [FXGL Background Thread 3 ] DEBUG Engine               - fpsRefreshRate: 500.0 ms
00:42:12.092 [FXGL Background Thread 3 ] DEBUG Engine               - fullScreen: BooleanProperty [value: false]
00:42:12.092 [FXGL Background Thread 3 ] DEBUG Engine               - gameDifficulty: MEDIUM
00:42:12.092 [FXGL Background Thread 3 ] DEBUG Engine               - gameDifficultyProperty: ObjectProperty [value: MEDIUM]
00:42:12.092 [FXGL Background Thread 3 ] DEBUG Engine               - globalMusicVolume: 0.5
00:42:12.092 [FXGL Background Thread 3 ] DEBUG Engine               - globalMusicVolumeProperty: DoubleProperty [value: 0.5]
00:42:12.092 [FXGL Background Thread 3 ] DEBUG Engine               - globalSoundVolume: 0.5
00:42:12.093 [FXGL Background Thread 3 ] DEBUG Engine               - globalSoundVolumeProperty: DoubleProperty [value: 0.5]
00:42:12.093 [FXGL Background Thread 3 ] DEBUG Engine               - height: 720
00:42:12.093 [FXGL Background Thread 3 ] DEBUG Engine               - is3D: false
00:42:12.093 [FXGL Background Thread 3 ] DEBUG Engine               - isAndroid: false
00:42:12.093 [FXGL Background Thread 3 ] DEBUG Engine               - isBrowser: false
00:42:12.093 [FXGL Background Thread 3 ] DEBUG Engine               - isClickFeedbackEnabled: false
00:42:12.093 [FXGL Background Thread 3 ] DEBUG Engine               - isCloseConfirmation: false
00:42:12.093 [FXGL Background Thread 3 ] DEBUG Engine               - isDesktop: true
00:42:12.093 [FXGL Background Thread 3 ] DEBUG Engine               - isDeveloperMenuEnabled: false
00:42:12.093 [FXGL Background Thread 3 ] DEBUG Engine               - isEmbedded: false
00:42:12.093 [FXGL Background Thread 3 ] DEBUG Engine               - isEntityPreloadEnabled: true
00:42:12.093 [FXGL Background Thread 3 ] DEBUG Engine               - isExperimentalTiledLargeMap: false
00:42:12.093 [FXGL Background Thread 3 ] DEBUG Engine               - isFileSystemWriteAllowed: true
00:42:12.093 [FXGL Background Thread 3 ] DEBUG Engine               - isFullScreenAllowed: false
00:42:12.093 [FXGL Background Thread 3 ] DEBUG Engine               - isFullScreenFromStart: false
00:42:12.093 [FXGL Background Thread 3 ] DEBUG Engine               - isGameMenuEnabled: true
00:42:12.093 [FXGL Background Thread 3 ] DEBUG Engine               - isIOS: false
00:42:12.093 [FXGL Background Thread 3 ] DEBUG Engine               - isIntroEnabled: false
00:42:12.093 [FXGL Background Thread 3 ] DEBUG Engine               - isLinux: false
00:42:12.093 [FXGL Background Thread 3 ] DEBUG Engine               - isMac: false
00:42:12.093 [FXGL Background Thread 3 ] DEBUG Engine               - isMainMenuEnabled: true
00:42:12.093 [FXGL Background Thread 3 ] DEBUG Engine               - isManualResizeEnabled: false
00:42:12.093 [FXGL Background Thread 3 ] DEBUG Engine               - isMobile: false
00:42:12.093 [FXGL Background Thread 3 ] DEBUG Engine               - isNative: false
00:42:12.093 [FXGL Background Thread 3 ] DEBUG Engine               - isPauseMusicWhenMinimized: true
00:42:12.093 [FXGL Background Thread 3 ] DEBUG Engine               - isPreserveResizeRatio: false
00:42:12.093 [FXGL Background Thread 3 ] DEBUG Engine               - isProfilingEnabled: false
00:42:12.093 [FXGL Background Thread 3 ] DEBUG Engine               - isScaleAffectedOnResize: true
00:42:12.093 [FXGL Background Thread 3 ] DEBUG Engine               - isSingleStep: false
00:42:12.093 [FXGL Background Thread 3 ] DEBUG Engine               - isUserProfileEnabled: false
00:42:12.093 [FXGL Background Thread 3 ] DEBUG Engine               - isWindows: true
00:42:12.093 [FXGL Background Thread 3 ] DEBUG Engine               - language: ObjectProperty [value: ENGLISH]
00:42:12.093 [FXGL Background Thread 3 ] DEBUG Engine               - menuKey: ESCAPE
00:42:12.093 [FXGL Background Thread 3 ] DEBUG Engine               - mouseSensitivity: 0.2
00:42:12.093 [FXGL Background Thread 3 ] DEBUG Engine               - notificationViewClass: class com.almasb.fxgl.notification.view.XboxNotificationView
00:42:12.093 [FXGL Background Thread 3 ] DEBUG Engine               - pixelsPerMeter: 50.0
00:42:12.093 [FXGL Background Thread 3 ] DEBUG Engine               - platform: WINDOWS
00:42:12.093 [FXGL Background Thread 3 ] DEBUG Engine               - prefHeightProperty: ReadOnlyDoubleProperty [value: 720.0]
00:42:12.094 [FXGL Background Thread 3 ] DEBUG Engine               - prefWidthProperty: ReadOnlyDoubleProperty [value: 1280.0]
00:42:12.094 [FXGL Background Thread 3 ] DEBUG Engine               - profileDir: profiles/
00:42:12.094 [FXGL Background Thread 3 ] DEBUG Engine               - profileName: StringProperty [value: DEFAULT]
00:42:12.094 [FXGL Background Thread 3 ] DEBUG Engine               - randomSeed: -1
00:42:12.094 [FXGL Background Thread 3 ] DEBUG Engine               - runtimeInfo: RuntimeInfo(platform=WINDOWS, version=25, build=05.02.2026 22.57)
00:42:12.094 [FXGL Background Thread 3 ] DEBUG Engine               - saveFileExt: sav
00:42:12.094 [FXGL Background Thread 3 ] DEBUG Engine               - scaledHeightProp$fxgl: DoubleProperty [bound, value: 720.0]
00:42:12.094 [FXGL Background Thread 3 ] DEBUG Engine               - scaledWidthProp$fxgl: DoubleProperty [bound, value: 1280.0]
00:42:12.094 [FXGL Background Thread 3 ] DEBUG Engine               - sceneFactory: org.group1.GamePackage.Factory.MainSceneFactory@6920e9f
00:42:12.094 [FXGL Background Thread 3 ] DEBUG Engine               - secondsIn24h: 60
00:42:12.094 [FXGL Background Thread 3 ] DEBUG Engine               - soundMenuBack: menu/back.wav
00:42:12.094 [FXGL Background Thread 3 ] DEBUG Engine               - soundMenuPress: menu/press.wav
00:42:12.094 [FXGL Background Thread 3 ] DEBUG Engine               - soundMenuSelect: menu/select.wav
00:42:12.094 [FXGL Background Thread 3 ] DEBUG Engine               - soundNotification: core/notification.wav
00:42:12.094 [FXGL Background Thread 3 ] DEBUG Engine               - stageStyle: DECORATED
00:42:12.094 [FXGL Background Thread 3 ] DEBUG Engine               - supportedLanguages: [ENGLISH, FRENCH, GERMAN, HUNGARIAN, RUSSIAN]
00:42:12.094 [FXGL Background Thread 3 ] DEBUG Engine               - ticksPerSecond: -1
00:42:12.094 [FXGL Background Thread 3 ] DEBUG Engine               - title: Untitled
00:42:12.094 [FXGL Background Thread 3 ] DEBUG Engine               - urlGithub: https://github.com/AlmasB/FXGL
00:42:12.094 [FXGL Background Thread 3 ] DEBUG Engine               - urlLeaderboard: http://fxgl-top.herokuapp.com/
00:42:12.094 [FXGL Background Thread 3 ] DEBUG Engine               - urlPOM: https://raw.githubusercontent.com/AlmasB/FXGL/release/README.md
00:42:12.094 [FXGL Background Thread 3 ] DEBUG Engine               - userAppClass: class org.group1.GamePackage.Application
00:42:12.094 [FXGL Background Thread 3 ] DEBUG Engine               - version: 0.0
00:42:12.094 [FXGL Background Thread 3 ] DEBUG Engine               - versionCheckDays: 7
00:42:12.094 [FXGL Background Thread 3 ] DEBUG Engine               - width: 1280
00:42:12.094 [FXGL Background Thread 3 ] DEBUG Engine               - Logging services
00:42:12.094 [FXGL Background Thread 3 ] DEBUG Engine               - class com.almasb.fxgl.app.services.FXGLAssetLoaderService
00:42:12.094 [FXGL Background Thread 3 ] DEBUG Engine               - class com.almasb.fxgl.app.FXGLApplication$GameApplicationService
00:42:12.094 [FXGL Background Thread 3 ] DEBUG Engine               - class com.almasb.fxgl.app.services.FXGLDialogService
00:42:12.094 [FXGL Background Thread 3 ] DEBUG Engine               - class com.almasb.fxgl.app.services.IOTaskExecutorService
00:42:12.094 [FXGL Background Thread 3 ] DEBUG Engine               - class com.almasb.fxgl.io.FileSystemService
00:42:12.094 [FXGL Background Thread 3 ] DEBUG Engine               - class com.almasb.fxgl.localization.LocalizationService
00:42:12.094 [FXGL Background Thread 3 ] DEBUG Engine               - class com.almasb.fxgl.app.services.SystemBundleService
00:42:12.094 [FXGL Background Thread 3 ] DEBUG Engine               - class com.almasb.fxgl.profile.SaveLoadService
00:42:12.094 [FXGL Background Thread 3 ] DEBUG Engine               - class com.almasb.fxgl.ui.FXGLUIFactoryServiceProvider
00:42:12.094 [FXGL Background Thread 3 ] DEBUG Engine               - class com.almasb.fxgl.ui.FXGLDialogFactoryServiceProvider
00:42:12.094 [FXGL Background Thread 3 ] DEBUG Engine               - class com.almasb.fxgl.audio.AudioPlayer
00:42:12.094 [FXGL Background Thread 3 ] DEBUG Engine               - class com.almasb.fxgl.notification.impl.NotificationServiceProvider
00:42:12.094 [FXGL Background Thread 3 ] DEBUG Engine               - class com.almasb.fxgl.achievement.AchievementService
00:42:12.094 [FXGL Background Thread 3 ] DEBUG Engine               - class com.almasb.fxgl.cutscene.CutsceneService
00:42:12.095 [FXGL Background Thread 3 ] DEBUG Engine               - class com.almasb.fxgl.minigames.MiniGameService
00:42:12.095 [FXGL Background Thread 3 ] DEBUG Engine               - class com.almasb.fxgl.net.NetService
00:42:12.095 [FXGL Background Thread 3 ] DEBUG Engine               - class com.almasb.fxgl.app.services.UpdaterService
00:42:12.095 [FXGL Background Thread 3 ] DEBUG Engine               - class com.almasb.fxgl.dev.DevService
00:42:21.079 [JavaFX Application Thread] DEBUG FXGLAssetLoaderServi - Loading from file system: file:/C:/Users/Wren/IdeaProjects/GameGame/target/classes/assets/sounds/heart_gain.wav
00:42:52.762 [JavaFX Application Thread] DEBUG FXGLAssetLoaderServi - Loading from file system: file:/C:/Users/Wren/IdeaProjects/GameGame/target/classes/assets/sounds/fah.wav
00:43:09.664 [JavaFX Application Thread] DEBUG FXGLAssetLoaderServi - Loading from file system: file:/C:/Users/Wren/IdeaProjects/GameGame/target/classes/assets/textures/boss_placeholder.png
00:43:30.496 [JavaFX Application Thread] DEBUG FXGLAssetLoaderServi - Loading from file system: file:/C:/Users/Wren/IdeaProjects/GameGame/target/classes/assets/textures/death_sprite.png
00:43:33.499 [JavaFX Application Thread] DEBUG AudioPlayer          - Pausing music com.almasb.fxgl.audio.Music@6dbe638d
00:43:33.499 [JavaFX Application Thread] DEBUG LoopRunner           - Pausing loop
00:43:33.499 [JavaFX Application Thread] DEBUG AudioPlayer          - Pausing music com.almasb.fxgl.audio.Music@6dbe638d
00:43:33.499 [JavaFX Application Thread] DEBUG LoopRunner           - Pausing loop
00:43:36.933 [JavaFX Application Thread] DEBUG FXGLApplication      - Exiting FXGL
00:43:36.933 [JavaFX Application Thread] DEBUG LoopRunner           - Stopping loop
00:43:36.933 [JavaFX Application Thread] DEBUG SystemBundleService  - Saving FXGL system data
00:43:36.934 [JavaFX Application Thread] DEBUG FileSystemAccess     - Writing to: C:\Users\Wren\IdeaProjects\GameGame\system\fxgl.bundle
00:43:36.934 [JavaFX Application Thread] DEBUG Async                - Shutting down background threads
00:43:36.934 [JavaFX Application Thread] DEBUG PrimaryStageWindow   - Closing main window
00:43:36.944 [JavaFX Application Thread] DEBUG Logger               - Closing Logger
