23:56:07.048 [main                     ] DEBUG Logger               - Configured Logger
23:56:07.062 [main                     ] DEBUG GameApplication      - Logging settings
Title: Untitled
Version: 0.0
Width: 1280
Height: 720
Fullscreen: false
Intro: false
Profiling: false
Single step:false
App Mode: DEVELOPER
Menu Key: ESCAPE
Stage Style: DECORATED
Scene Factory: class org.group1.GamePackage.Factory.MainSceneFactory

23:56:07.704 [JavaFX Application Thread] DEBUG FXGLApplication      - Initializing FXGL
23:56:07.710 [JavaFX Application Thread] INFO  Engine               - FXGL-25 (05.02.2026 22.57) on WINDOWS (J:25.0.1 FX:21.0.6)
23:56:07.711 [JavaFX Application Thread] DEBUG Engine               - JRE Vendor Name: Oracle Corporation
23:56:07.711 [JavaFX Application Thread] DEBUG Engine               - Running on OS: Windows 11 version 10.0
23:56:07.712 [JavaFX Application Thread] DEBUG Engine               - Architecture: amd64
23:56:07.712 [JavaFX Application Thread] INFO  Engine               - Source code and latest versions at: https://github.com/AlmasB/FXGL
23:56:07.712 [JavaFX Application Thread] INFO  Engine               -       Ask questions and discuss at: https://github.com/AlmasB/FXGL/discussions
23:56:07.884 [JavaFX Application Thread] DEBUG PrimaryStageWindow   - Creating a JavaFX scene
23:56:07.975 [JavaFX Application Thread] DEBUG PrimaryStageWindow   - Target settings size: 1280.0 x 720.0
23:56:07.976 [JavaFX Application Thread] DEBUG PrimaryStageWindow   - Scaled scene size:    1280.0 x 720.0
23:56:07.976 [JavaFX Application Thread] DEBUG PrimaryStageWindow   - Scaled ratio: (1.0, 1.0)
23:56:07.978 [JavaFX Application Thread] DEBUG PrimaryStageWindow   - Set initial scene to FXGLStartupScene
23:56:07.986 [JavaFX Application Thread] DEBUG PrimaryStageWindow   - Opening main window
23:56:08.179 [JavaFX Application Thread] DEBUG PrimaryStageWindow   - Window border size: (14.6666259765625, 37.33331298828125)
23:56:08.180 [JavaFX Application Thread] DEBUG PrimaryStageWindow   - Scaled size: 1280.0 x 720.0
23:56:08.180 [JavaFX Application Thread] DEBUG PrimaryStageWindow   - Scaled ratio: (1.0, 1.0)
23:56:08.181 [JavaFX Application Thread] DEBUG PrimaryStageWindow   - Scene size: 1280.0 x 720.0
23:56:08.182 [JavaFX Application Thread] DEBUG PrimaryStageWindow   - Stage size: 1294.6666259765625 x 757.3333129882812
23:56:08.207 [FXGL Background Thread 1 ] DEBUG Engine               - Initializing environment variables
23:56:08.420 [FXGL Background Thread 1 ] DEBUG FXGLAssetLoaderServi - User app class for loading assets: class org.group1.GamePackage.Application
23:56:08.421 [FXGL Background Thread 1 ] DEBUG GameApplicationServi - Applying CSS: fxgl_dark.css
23:56:08.423 [FXGL Background Thread 1 ] DEBUG FXGLAssetLoaderServi - Loading from file system: jar:file:///C:/Users/ryles/.m2/repository/com/github/almasb/fxgl/25/fxgl-25.jar!/fxglassets/ui/css/fxgl_dark.css
23:56:08.556 [FXGL Background Thread 1 ] DEBUG GameApplicationServi - Initializing application scenes
23:56:08.577 [FXGL Background Thread 1 ] DEBUG FXGLAssetLoaderServi - Loading from file system: file:/C:/Users/ryles/Downloads/ComProg_Project/target/classes/assets/textures/background.png
23:56:08.907 [FXGL Background Thread 1 ] DEBUG FXGLAssetLoaderServi - Loading from file system: file:/C:/Users/ryles/Downloads/ComProg_Project/target/classes/assets/textures/background_stars1.png
23:56:09.054 [FXGL Background Thread 1 ] DEBUG FXGLAssetLoaderServi - Loading from file system: file:/C:/Users/ryles/Downloads/ComProg_Project/target/classes/assets/textures/background_stars2.png
23:56:09.156 [FXGL Background Thread 1 ] DEBUG FXGLAssetLoaderServi - Loading from file system: file:/C:/Users/ryles/Downloads/ComProg_Project/target/classes/assets/textures/background_stars3.png
23:56:09.241 [FXGL Background Thread 1 ] DEBUG FXGLAssetLoaderServi - Loading from file system: file:/C:/Users/ryles/Downloads/ComProg_Project/target/classes/assets/textures/background_cloud1.png
23:56:09.256 [FXGL Background Thread 1 ] DEBUG FXGLAssetLoaderServi - Loading from file system: file:/C:/Users/ryles/Downloads/ComProg_Project/target/classes/assets/textures/background_cloud2.png
23:56:09.278 [FXGL Background Thread 1 ] DEBUG FXGLAssetLoaderServi - Loading from file system: file:/C:/Users/ryles/Downloads/ComProg_Project/target/classes/assets/textures/background_mist1.png
23:56:09.301 [FXGL Background Thread 1 ] DEBUG FXGLAssetLoaderServi - Loading from file system: file:/C:/Users/ryles/Downloads/ComProg_Project/target/classes/assets/textures/background_hills.png
23:56:09.350 [FXGL Background Thread 1 ] DEBUG FXGLAssetLoaderServi - Loading from file system: file:/C:/Users/ryles/Downloads/ComProg_Project/target/classes/assets/textures/background_forest.png
23:56:09.370 [FXGL Background Thread 1 ] DEBUG FXGLAssetLoaderServi - Loading from file system: file:/C:/Users/ryles/Downloads/ComProg_Project/target/classes/assets/textures/background_large_forest.png
23:56:09.476 [FXGL Background Thread 1 ] DEBUG GameWorld            - Game world initialized
23:56:09.536 [FXGL Background Thread 1 ] DEBUG PhysicsWorld         - Physics world initialized: appHeight=720, physics.ppm=50.0
23:56:09.536 [FXGL Background Thread 1 ] DEBUG PhysicsWorld         - Using strategy: BRUTE_FORCE
23:56:09.543 [FXGL Background Thread 1 ] DEBUG GameScene            - Game scene initialized: 1280x720
23:56:09.718 [FXGL Background Thread 1 ] DEBUG GameApplicationServi - Application scenes initialized
23:56:09.736 [FXGL Background Thread 1 ] DEBUG SystemBundleService  - Loading FXGL system data
23:56:09.747 [FXGL Background Thread 1 ] DEBUG FileSystemAccess     - Reading from: C:\Users\ryles\Downloads\ComProg_Project\system\fxgl.bundle
23:56:09.759 [FXGL Background Thread 1 ] DEBUG SystemBundleService  - Bundle FXGL: {}
23:56:09.759 [FXGL Background Thread 1 ] DEBUG UpdaterService       - Checking for updates
23:56:09.770 [FXGL Background Thread 4 ] DEBUG FXGLApplication      - Loading fonts
23:56:09.771 [FXGL Background Thread 4 ] DEBUG FXGLAssetLoaderServi - Loading from file system: jar:file:///C:/Users/ryles/.m2/repository/com/github/almasb/fxgl/25/fxgl-25.jar!/fxglassets/ui/fonts/VarelaRound-Regular.ttf
23:56:09.772 [FXGL Background Thread 1 ] DEBUG FXGLApplication      - Loading default localization
23:56:09.773 [FXGL Background Thread 1 ] DEBUG FXGLAssetLoaderServi - Loading from file system: jar:file:///C:/Users/ryles/.m2/repository/com/github/almasb/fxgl/25/fxgl-25.jar!/fxglassets/languages/english.lang
23:56:09.797 [FXGL Background Thread 1 ] INFO  FXGLApplication      - FXGL initialization took: 1.589 sec
23:56:09.823 [JavaFX Application Thread] DEBUG Input                - Registered new binding: Move left - A
23:56:09.823 [JavaFX Application Thread] DEBUG Input                - Registered new binding: Move right - D
23:56:09.824 [JavaFX Application Thread] DEBUG Input                - Registered new binding: Move down - S
23:56:09.824 [JavaFX Application Thread] DEBUG Input                - Registered new binding: Move up - W
23:56:09.826 [JavaFX Application Thread] DEBUG Input                - Registered new binding: Shoot - Space
23:56:09.826 [JavaFX Application Thread] DEBUG Input                - Registered new binding: Switch to Fire Bullet - Q
23:56:09.827 [JavaFX Application Thread] DEBUG Input                - Registered new binding: Switch to Ice Bullet - E
23:56:09.827 [JavaFX Application Thread] DEBUG FXGLAssetLoaderServi - Loading from file system: jar:file:///C:/Users/ryles/.m2/repository/com/github/almasb/fxgl/25/fxgl-25.jar!/fxglassets/textures/fxgl_icon.png
23:56:09.827 [FXGL Background Thread 4 ] DEBUG FXGLAssetLoaderServi - Loading from file system: jar:file:///C:/Users/ryles/.m2/repository/com/github/almasb/fxgl/25/fxgl-25.jar!/fxglassets/ui/fonts/Abel-Regular.ttf
23:56:09.837 [FXGL Background Thread 4 ] DEBUG FXGLAssetLoaderServi - Loading from file system: jar:file:///C:/Users/ryles/.m2/repository/com/github/almasb/fxgl/25/fxgl-25.jar!/fxglassets/ui/fonts/TerminalLandMono-Regular.otf
23:56:09.846 [FXGL Background Thread 4 ] DEBUG FXGLAssetLoaderServi - Loading from file system: jar:file:///C:/Users/ryles/.m2/repository/com/github/almasb/fxgl/25/fxgl-25.jar!/fxglassets/ui/fonts/Courier-Prime.ttf
23:56:09.865 [JavaFX Application Thread] DEBUG FXGLAssetLoaderServi - Loading from file system: jar:file:///C:/Users/ryles/.m2/repository/com/github/almasb/fxgl/25/fxgl-25.jar!/fxglassets/textures/fxgl_default_cursor.png
23:56:09.870 [JavaFX Application Thread] DEBUG Input                - Registered new binding: Screenshot - CTRL+8
23:56:09.871 [JavaFX Application Thread] DEBUG Input                - Registered new binding: System info dump - CTRL+9
23:56:09.871 [JavaFX Application Thread] DEBUG Input                - Registered new binding: Restart - CTRL+R
23:56:09.875 [JavaFX Application Thread] DEBUG Input                - Registered new binding: Toggle Debug Camera - CTRL+7
23:56:09.880 [JavaFX Application Thread] DEBUG LoopRunner           - Starting loop
23:56:09.880 [JavaFX Application Thread] DEBUG LoopRunner           - Initializing JavaFX AnimationTimerLoop
23:56:09.885 [JavaFX Application Thread] DEBUG Input                - Clearing active input actions
23:56:09.900 [JavaFX Application Thread] DEBUG GameApplicationServi - Removing overlay from FXGLStartupScene and adding to FXGLMainMenuDummyScene
23:56:09.901 [JavaFX Application Thread] DEBUG PrimaryStageWindow   - FXGLStartupScene -> FXGLMainMenuDummyScene
23:56:09.901 [JavaFX Application Thread] DEBUG PrimaryStageWindow   - Push state: MenuInterface
23:56:09.902 [JavaFX Application Thread] DEBUG Input                - Clearing active input actions
23:56:09.932 [JavaFX Application Thread] DEBUG GameApplicationServi - Removing overlay from FXGLMainMenuDummyScene and adding to MenuInterface
23:56:09.932 [JavaFX Application Thread] DEBUG PrimaryStageWindow   - FXGLMainMenuDummyScene -> MenuInterface
23:56:10.118 [JavaFX Application Thread] DEBUG FXGLApplication      - Registering font factories with UI factory
23:56:11.387 [JavaFX Application Thread] DEBUG GameApplicationServi - Starting new game
23:56:11.387 [JavaFX Application Thread] DEBUG PrimaryStageWindow   - Pop state: MenuInterface
23:56:11.387 [JavaFX Application Thread] DEBUG Input                - Clearing active input actions
23:56:11.388 [JavaFX Application Thread] DEBUG GameApplicationServi - Removing overlay from MenuInterface and adding to FXGLMainMenuDummyScene
23:56:11.389 [JavaFX Application Thread] DEBUG PrimaryStageWindow   - FXGLMainMenuDummyScene <- MenuInterface
23:56:11.390 [JavaFX Application Thread] DEBUG Input                - Clearing active input actions
23:56:11.404 [JavaFX Application Thread] DEBUG GameApplicationServi - Removing overlay from FXGLMainMenuDummyScene and adding to LoadingInterface
23:56:11.405 [JavaFX Application Thread] DEBUG PrimaryStageWindow   - FXGLMainMenuDummyScene -> LoadingInterface
23:56:11.405 [JavaFX Application Thread] DEBUG GameApplicationServi - Clearing previous game
23:56:11.405 [JavaFX Application Thread] DEBUG GameScene            - Clearing game scene
23:56:11.405 [JavaFX Application Thread] DEBUG GameWorld            - Clearing game world
23:56:11.405 [JavaFX Application Thread] DEBUG PhysicsWorld         - Clearing physics world
23:56:11.409 [FXGL Background Thread 2 ] DEBUG FXGLApplication      - Initializing game
23:56:11.490 [FXGL Background Thread 2 ] DEBUG FXGLAssetLoaderServi - Loading from file system: file:/C:/Users/ryles/Downloads/ComProg_Project/target/classes/assets/textures/idle_sprite.png
23:56:11.523 [FXGL Background Thread 2 ] DEBUG FXGLAssetLoaderServi - Loading from file system: file:/C:/Users/ryles/Downloads/ComProg_Project/target/classes/assets/textures/bullet_HUD_selection.png
23:56:11.539 [FXGL Background Thread 2 ] DEBUG FXGLAssetLoaderServi - Loading from file system: file:/C:/Users/ryles/Downloads/ComProg_Project/target/classes/assets/music/main_music.wav
23:56:11.767 [FXGL Background Thread 2 ] DEBUG AudioPlayer          - Playing music com.almasb.fxgl.audio.Music@76bde1d6
23:56:11.793 [FXGL Background Thread 2 ] DEBUG FXGLAssetLoaderServi - Loading from file system: file:/C:/Users/ryles/Downloads/ComProg_Project/target/classes/assets/textures/lives_09.png
23:56:11.811 [FXGL Background Thread 2 ] INFO  FXGLApplication      - Game initialization took: 0.403 sec
23:56:11.813 [JavaFX Application Thread] DEBUG Input                - Clearing active input actions
23:56:11.821 [JavaFX Application Thread] DEBUG GameApplicationServi - Removing overlay from LoadingInterface and adding to GameScene
23:56:11.822 [JavaFX Application Thread] DEBUG PrimaryStageWindow   - LoadingInterface -> GameScene
23:56:12.537 [JavaFX Application Thread] DEBUG FXGLAssetLoaderServi - Loading from file system: file:/C:/Users/ryles/Downloads/ComProg_Project/target/classes/assets/textures/enemy_sprite.png
23:56:12.567 [JavaFX Application Thread] DEBUG FXGLAssetLoaderServi - Loading from file system: file:/C:/Users/ryles/Downloads/ComProg_Project/target/classes/assets/textures/explosion_sprite.png
23:56:12.767 [FXGL Background Thread 3 ] DEBUG Engine               - Logging environment variables
23:56:12.768 [FXGL Background Thread 3 ] DEBUG Engine               - achievements: []
23:56:12.768 [FXGL Background Thread 3 ] DEBUG Engine               - actualHeight: 720.0
23:56:12.769 [FXGL Background Thread 3 ] DEBUG Engine               - actualHeightProperty: ReadOnlyDoubleProperty [value: 720.0]
23:56:12.769 [FXGL Background Thread 3 ] DEBUG Engine               - actualWidth: 1280.0
23:56:12.769 [FXGL Background Thread 3 ] DEBUG Engine               - actualWidthProperty: ReadOnlyDoubleProperty [value: 1280.0]
23:56:12.769 [FXGL Background Thread 3 ] DEBUG Engine               - appIcon: fxgl_icon.png
23:56:12.769 [FXGL Background Thread 3 ] DEBUG Engine               - applicationMode: DEVELOPER
23:56:12.770 [FXGL Background Thread 3 ] DEBUG Engine               - cSSList: [fxgl_dark.css]
23:56:12.770 [FXGL Background Thread 3 ] DEBUG Engine               - collisionDetectionStrategy: BRUTE_FORCE
23:56:12.770 [FXGL Background Thread 3 ] DEBUG Engine               - configClass: Optional.empty
23:56:12.770 [FXGL Background Thread 3 ] DEBUG Engine               - credits: []
23:56:12.771 [FXGL Background Thread 3 ] DEBUG Engine               - defaultCursor: CursorInfo(imageName=fxgl_default_cursor.png, hotspotX=7.0, hotspotY=6.0)
23:56:12.771 [FXGL Background Thread 3 ] DEBUG Engine               - devBBoxColorProperty: ObjectProperty [value: 0xff0000ff]
23:56:12.772 [FXGL Background Thread 3 ] DEBUG Engine               - devEnableDebugCameraProperty: BooleanProperty [value: false]
23:56:12.772 [FXGL Background Thread 3 ] DEBUG Engine               - devSensorColorProperty: ObjectProperty [value: 0xffff00ff]
23:56:12.772 [FXGL Background Thread 3 ] DEBUG Engine               - devShowBBoxProperty: BooleanProperty [value: false]
23:56:12.772 [FXGL Background Thread 3 ] DEBUG Engine               - devShowPositionProperty: BooleanProperty [value: false]
23:56:12.772 [FXGL Background Thread 3 ] DEBUG Engine               - enabledMenuItems: []
23:56:12.773 [FXGL Background Thread 3 ] DEBUG Engine               - engineServices: [class com.almasb.fxgl.app.services.FXGLAssetLoaderService, class com.almasb.fxgl.app.FXGLApplication$GameApplicationService, class com.almasb.fxgl.app.services.FXGLDialogService, class com.almasb.fxgl.app.services.IOTaskExecutorService, class com.almasb.fxgl.io.FileSystemService, class com.almasb.fxgl.localization.LocalizationService, class com.almasb.fxgl.app.services.SystemBundleService, class com.almasb.fxgl.profile.SaveLoadService, class com.almasb.fxgl.ui.FXGLUIFactoryServiceProvider, class com.almasb.fxgl.ui.FXGLDialogFactoryServiceProvider, class com.almasb.fxgl.audio.AudioPlayer, class com.almasb.fxgl.notification.impl.NotificationServiceProvider, class com.almasb.fxgl.achievement.AchievementService, class com.almasb.fxgl.cutscene.CutsceneService, class com.almasb.fxgl.minigames.MiniGameService, class com.almasb.fxgl.net.NetService, class com.almasb.fxgl.app.services.UpdaterService, class com.almasb.fxgl.dev.DevService]
23:56:12.773 [FXGL Background Thread 3 ] DEBUG Engine               - fontGame: Abel-Regular.ttf
23:56:12.773 [FXGL Background Thread 3 ] DEBUG Engine               - fontMono: TerminalLandMono-Regular.otf
23:56:12.773 [FXGL Background Thread 3 ] DEBUG Engine               - fontSizeScaleUI: 1.0
23:56:12.773 [FXGL Background Thread 3 ] DEBUG Engine               - fontText: Courier-Prime.ttf
23:56:12.774 [FXGL Background Thread 3 ] DEBUG Engine               - fontUI: VarelaRound-Regular.ttf
23:56:12.774 [FXGL Background Thread 3 ] DEBUG Engine               - fpsRefreshRate: 500.0 ms
23:56:12.774 [FXGL Background Thread 3 ] DEBUG Engine               - fullScreen: BooleanProperty [value: false]
23:56:12.774 [FXGL Background Thread 3 ] DEBUG Engine               - gameDifficulty: MEDIUM
23:56:12.774 [FXGL Background Thread 3 ] DEBUG Engine               - gameDifficultyProperty: ObjectProperty [value: MEDIUM]
23:56:12.774 [FXGL Background Thread 3 ] DEBUG Engine               - globalMusicVolume: 0.5
23:56:12.774 [FXGL Background Thread 3 ] DEBUG Engine               - globalMusicVolumeProperty: DoubleProperty [value: 0.5]
23:56:12.774 [FXGL Background Thread 3 ] DEBUG Engine               - globalSoundVolume: 0.5
23:56:12.774 [FXGL Background Thread 3 ] DEBUG Engine               - globalSoundVolumeProperty: DoubleProperty [value: 0.5]
23:56:12.774 [FXGL Background Thread 3 ] DEBUG Engine               - height: 720
23:56:12.775 [FXGL Background Thread 3 ] DEBUG Engine               - is3D: false
23:56:12.775 [FXGL Background Thread 3 ] DEBUG Engine               - isAndroid: false
23:56:12.775 [FXGL Background Thread 3 ] DEBUG Engine               - isBrowser: false
23:56:12.775 [FXGL Background Thread 3 ] DEBUG Engine               - isClickFeedbackEnabled: false
23:56:12.775 [FXGL Background Thread 3 ] DEBUG Engine               - isCloseConfirmation: false
23:56:12.775 [FXGL Background Thread 3 ] DEBUG Engine               - isDesktop: true
23:56:12.775 [FXGL Background Thread 3 ] DEBUG Engine               - isDeveloperMenuEnabled: false
23:56:12.777 [FXGL Background Thread 3 ] DEBUG Engine               - isEmbedded: false
23:56:12.777 [FXGL Background Thread 3 ] DEBUG Engine               - isEntityPreloadEnabled: true
23:56:12.777 [FXGL Background Thread 3 ] DEBUG Engine               - isExperimentalTiledLargeMap: false
23:56:12.777 [FXGL Background Thread 3 ] DEBUG Engine               - isFileSystemWriteAllowed: true
23:56:12.777 [FXGL Background Thread 3 ] DEBUG Engine               - isFullScreenAllowed: false
23:56:12.777 [FXGL Background Thread 3 ] DEBUG Engine               - isFullScreenFromStart: false
23:56:12.777 [FXGL Background Thread 3 ] DEBUG Engine               - isGameMenuEnabled: true
23:56:12.780 [FXGL Background Thread 3 ] DEBUG Engine               - isIOS: false
23:56:12.780 [FXGL Background Thread 3 ] DEBUG Engine               - isIntroEnabled: false
23:56:12.780 [FXGL Background Thread 3 ] DEBUG Engine               - isLinux: false
23:56:12.780 [FXGL Background Thread 3 ] DEBUG Engine               - isMac: false
23:56:12.780 [FXGL Background Thread 3 ] DEBUG Engine               - isMainMenuEnabled: true
23:56:12.780 [FXGL Background Thread 3 ] DEBUG Engine               - isManualResizeEnabled: false
23:56:12.780 [FXGL Background Thread 3 ] DEBUG Engine               - isMobile: false
23:56:12.781 [FXGL Background Thread 3 ] DEBUG Engine               - isNative: false
23:56:12.781 [FXGL Background Thread 3 ] DEBUG Engine               - isPauseMusicWhenMinimized: true
23:56:12.781 [FXGL Background Thread 3 ] DEBUG Engine               - isPreserveResizeRatio: false
23:56:12.781 [FXGL Background Thread 3 ] DEBUG Engine               - isProfilingEnabled: false
23:56:12.781 [FXGL Background Thread 3 ] DEBUG Engine               - isScaleAffectedOnResize: true
23:56:12.781 [FXGL Background Thread 3 ] DEBUG Engine               - isSingleStep: false
23:56:12.781 [FXGL Background Thread 3 ] DEBUG Engine               - isUserProfileEnabled: false
23:56:12.781 [FXGL Background Thread 3 ] DEBUG Engine               - isWindows: true
23:56:12.781 [FXGL Background Thread 3 ] DEBUG Engine               - language: ObjectProperty [value: ENGLISH]
23:56:12.781 [FXGL Background Thread 3 ] DEBUG Engine               - menuKey: ESCAPE
23:56:12.782 [FXGL Background Thread 3 ] DEBUG Engine               - mouseSensitivity: 0.2
23:56:12.782 [FXGL Background Thread 3 ] DEBUG Engine               - notificationViewClass: class com.almasb.fxgl.notification.view.XboxNotificationView
23:56:12.782 [FXGL Background Thread 3 ] DEBUG Engine               - pixelsPerMeter: 50.0
23:56:12.782 [FXGL Background Thread 3 ] DEBUG Engine               - platform: WINDOWS
23:56:12.782 [FXGL Background Thread 3 ] DEBUG Engine               - prefHeightProperty: ReadOnlyDoubleProperty [value: 720.0]
23:56:12.782 [FXGL Background Thread 3 ] DEBUG Engine               - prefWidthProperty: ReadOnlyDoubleProperty [value: 1280.0]
23:56:12.782 [FXGL Background Thread 3 ] DEBUG Engine               - profileDir: profiles/
23:56:12.782 [FXGL Background Thread 3 ] DEBUG Engine               - profileName: StringProperty [value: DEFAULT]
23:56:12.783 [FXGL Background Thread 3 ] DEBUG Engine               - randomSeed: -1
23:56:12.783 [FXGL Background Thread 3 ] DEBUG Engine               - runtimeInfo: RuntimeInfo(platform=WINDOWS, version=25, build=05.02.2026 22.57)
23:56:12.783 [FXGL Background Thread 3 ] DEBUG Engine               - saveFileExt: sav
23:56:12.783 [FXGL Background Thread 3 ] DEBUG Engine               - scaledHeightProp$fxgl: DoubleProperty [bound, value: 720.0]
23:56:12.783 [FXGL Background Thread 3 ] DEBUG Engine               - scaledWidthProp$fxgl: DoubleProperty [bound, value: 1280.0]
23:56:12.784 [FXGL Background Thread 3 ] DEBUG Engine               - sceneFactory: org.group1.GamePackage.Factory.MainSceneFactory@6bc44ac1
23:56:12.784 [FXGL Background Thread 3 ] DEBUG Engine               - secondsIn24h: 60
23:56:12.784 [FXGL Background Thread 3 ] DEBUG Engine               - soundMenuBack: menu/back.wav
23:56:12.784 [FXGL Background Thread 3 ] DEBUG Engine               - soundMenuPress: menu/press.wav
23:56:12.784 [FXGL Background Thread 3 ] DEBUG Engine               - soundMenuSelect: menu/select.wav
23:56:12.784 [FXGL Background Thread 3 ] DEBUG Engine               - soundNotification: core/notification.wav
23:56:12.784 [FXGL Background Thread 3 ] DEBUG Engine               - stageStyle: DECORATED
23:56:12.784 [FXGL Background Thread 3 ] DEBUG Engine               - supportedLanguages: [ENGLISH, FRENCH, GERMAN, HUNGARIAN, RUSSIAN]
23:56:12.784 [FXGL Background Thread 3 ] DEBUG Engine               - ticksPerSecond: -1
23:56:12.785 [FXGL Background Thread 3 ] DEBUG Engine               - title: Untitled
23:56:12.785 [FXGL Background Thread 3 ] DEBUG Engine               - urlGithub: https://github.com/AlmasB/FXGL
23:56:12.785 [FXGL Background Thread 3 ] DEBUG Engine               - urlLeaderboard: http://fxgl-top.herokuapp.com/
23:56:12.785 [FXGL Background Thread 3 ] DEBUG Engine               - urlPOM: https://raw.githubusercontent.com/AlmasB/FXGL/release/README.md
23:56:12.785 [FXGL Background Thread 3 ] DEBUG Engine               - userAppClass: class org.group1.GamePackage.Application
23:56:12.785 [FXGL Background Thread 3 ] DEBUG Engine               - version: 0.0
23:56:12.785 [FXGL Background Thread 3 ] DEBUG Engine               - versionCheckDays: 7
23:56:12.785 [FXGL Background Thread 3 ] DEBUG Engine               - width: 1280
23:56:12.786 [FXGL Background Thread 3 ] DEBUG Engine               - Logging services
23:56:12.786 [FXGL Background Thread 3 ] DEBUG Engine               - class com.almasb.fxgl.app.services.FXGLAssetLoaderService
23:56:12.786 [FXGL Background Thread 3 ] DEBUG Engine               - class com.almasb.fxgl.app.FXGLApplication$GameApplicationService
23:56:12.786 [FXGL Background Thread 3 ] DEBUG Engine               - class com.almasb.fxgl.app.services.FXGLDialogService
23:56:12.786 [FXGL Background Thread 3 ] DEBUG Engine               - class com.almasb.fxgl.app.services.IOTaskExecutorService
23:56:12.786 [FXGL Background Thread 3 ] DEBUG Engine               - class com.almasb.fxgl.io.FileSystemService
23:56:12.786 [FXGL Background Thread 3 ] DEBUG Engine               - class com.almasb.fxgl.localization.LocalizationService
23:56:12.786 [FXGL Background Thread 3 ] DEBUG Engine               - class com.almasb.fxgl.app.services.SystemBundleService
23:56:12.786 [FXGL Background Thread 3 ] DEBUG Engine               - class com.almasb.fxgl.profile.SaveLoadService
23:56:12.786 [FXGL Background Thread 3 ] DEBUG Engine               - class com.almasb.fxgl.ui.FXGLUIFactoryServiceProvider
23:56:12.786 [FXGL Background Thread 3 ] DEBUG Engine               - class com.almasb.fxgl.ui.FXGLDialogFactoryServiceProvider
23:56:12.787 [FXGL Background Thread 3 ] DEBUG Engine               - class com.almasb.fxgl.audio.AudioPlayer
23:56:12.787 [FXGL Background Thread 3 ] DEBUG Engine               - class com.almasb.fxgl.notification.impl.NotificationServiceProvider
23:56:12.787 [FXGL Background Thread 3 ] DEBUG Engine               - class com.almasb.fxgl.achievement.AchievementService
23:56:12.787 [FXGL Background Thread 3 ] DEBUG Engine               - class com.almasb.fxgl.cutscene.CutsceneService
23:56:12.787 [FXGL Background Thread 3 ] DEBUG Engine               - class com.almasb.fxgl.minigames.MiniGameService
23:56:12.787 [FXGL Background Thread 3 ] DEBUG Engine               - class com.almasb.fxgl.net.NetService
23:56:12.787 [FXGL Background Thread 3 ] DEBUG Engine               - class com.almasb.fxgl.app.services.UpdaterService
23:56:12.787 [FXGL Background Thread 3 ] DEBUG Engine               - class com.almasb.fxgl.dev.DevService
23:56:13.482 [JavaFX Application Thread] DEBUG FXGLAssetLoaderServi - Loading from file system: file:/C:/Users/ryles/Downloads/ComProg_Project/target/classes/assets/textures/bullet_sprite.png
23:56:13.976 [JavaFX Application Thread] DEBUG FXGLAssetLoaderServi - Loading from file system: file:/C:/Users/ryles/Downloads/ComProg_Project/target/classes/assets/sounds/death_sound.wav
23:56:14.006 [JavaFX Application Thread] DEBUG FXGLAssetLoaderServi - Loading from file system: file:/C:/Users/ryles/Downloads/ComProg_Project/target/classes/assets/sounds/fah.wav
23:56:14.016 [JavaFX Application Thread] DEBUG FXGLAssetLoaderServi - Loading from file system: file:/C:/Users/ryles/Downloads/ComProg_Project/target/classes/assets/textures/lives_08.png
23:56:18.043 [JavaFX Application Thread] DEBUG FXGLApplication      - Exiting FXGL
23:56:18.043 [JavaFX Application Thread] DEBUG LoopRunner           - Stopping loop
23:56:18.043 [JavaFX Application Thread] DEBUG SystemBundleService  - Saving FXGL system data
23:56:18.047 [JavaFX Application Thread] DEBUG FileSystemAccess     - Writing to: C:\Users\ryles\Downloads\ComProg_Project\system\fxgl.bundle
23:56:18.049 [JavaFX Application Thread] DEBUG Async                - Shutting down background threads
23:56:18.049 [JavaFX Application Thread] DEBUG PrimaryStageWindow   - Closing main window
23:56:18.119 [JavaFX Application Thread] DEBUG Logger               - Closing Logger
