23:12:44.484 [main                     ] DEBUG Logger               - Configured Logger
23:12:44.491 [main                     ] DEBUG GameApplication      - Logging settings
Title: Untitled
Version: 0.0
Width: 800
Height: 600
Fullscreen: false
Intro: false
Profiling: false
Single step:false
App Mode: DEVELOPER
Menu Key: ESCAPE
Stage Style: DECORATED
Scene Factory: class com.almasb.fxgl.app.scene.SceneFactory

23:12:44.697 [JavaFX Application Thread] DEBUG FXGLApplication      - Initializing FXGL
23:12:44.701 [JavaFX Application Thread] INFO  Engine               - FXGL-25 (05.02.2026 22.57) on LINUX (J:25.0.2 FX:21.0.6)
23:12:44.701 [JavaFX Application Thread] DEBUG Engine               - JRE Vendor Name: Arch Linux
23:12:44.701 [JavaFX Application Thread] DEBUG Engine               - Running on OS: Linux version 6.18.9-arch1-2
23:12:44.701 [JavaFX Application Thread] DEBUG Engine               - Architecture: amd64
23:12:44.702 [JavaFX Application Thread] INFO  Engine               - Source code and latest versions at: https://github.com/AlmasB/FXGL
23:12:44.702 [JavaFX Application Thread] INFO  Engine               -       Ask questions and discuss at: https://github.com/AlmasB/FXGL/discussions
23:12:44.775 [JavaFX Application Thread] DEBUG PrimaryStageWindow   - Creating a JavaFX scene
23:12:44.853 [JavaFX Application Thread] DEBUG PrimaryStageWindow   - Target settings size: 800.0 x 600.0
23:12:44.853 [JavaFX Application Thread] DEBUG PrimaryStageWindow   - Scaled scene size:    800.0 x 600.0
23:12:44.853 [JavaFX Application Thread] DEBUG PrimaryStageWindow   - Scaled ratio: (1.0, 1.0)
23:12:44.854 [JavaFX Application Thread] DEBUG PrimaryStageWindow   - Set initial scene to FXGLStartupScene
23:12:44.858 [JavaFX Application Thread] DEBUG PrimaryStageWindow   - Opening main window
23:12:44.921 [JavaFX Application Thread] DEBUG PrimaryStageWindow   - Window border size: (0.0, 35.0)
23:12:44.921 [JavaFX Application Thread] DEBUG PrimaryStageWindow   - Scaled size: 800.0 x 565.0
23:12:44.921 [JavaFX Application Thread] DEBUG PrimaryStageWindow   - Scaled ratio: (1.0, 0.9416666666666667)
23:12:44.921 [JavaFX Application Thread] DEBUG PrimaryStageWindow   - Scene size: 800.0 x 600.0
23:12:44.921 [JavaFX Application Thread] DEBUG PrimaryStageWindow   - Stage size: 800.0 x 600.0
23:12:44.926 [FXGL Background Thread 1 ] DEBUG Engine               - Initializing environment variables
23:12:44.990 [FXGL Background Thread 1 ] DEBUG FXGLAssetLoaderServi - User app class for loading assets: class TestPackage.BasicGameSample
23:12:44.990 [FXGL Background Thread 1 ] DEBUG GameApplicationServi - Applying CSS: fxgl_dark.css
23:12:44.991 [FXGL Background Thread 1 ] DEBUG FXGLAssetLoaderServi - Loading from file system: jar:file:///home/me/.m2/repository/com/github/almasb/fxgl/25/fxgl-25.jar!/fxglassets/ui/css/fxgl_dark.css
23:12:45.037 [FXGL Background Thread 1 ] DEBUG GameApplicationServi - Initializing application scenes
23:12:45.083 [FXGL Background Thread 1 ] DEBUG GameWorld            - Game world initialized
23:12:45.144 [FXGL Background Thread 1 ] DEBUG PhysicsWorld         - Physics world initialized: appHeight=600, physics.ppm=50.0
23:12:45.145 [FXGL Background Thread 1 ] DEBUG PhysicsWorld         - Using strategy: BRUTE_FORCE
23:12:45.152 [FXGL Background Thread 1 ] DEBUG GameScene            - Game scene initialized: 800x600
23:12:45.167 [FXGL Background Thread 1 ] DEBUG FXGL.DefaultMenu     - createMenuBodyGameMenu()
23:12:45.177 [FXGL Background Thread 1 ] DEBUG FXGL.DefaultMenu     - createOptionsMenu()
23:12:45.189 [FXGL Background Thread 1 ] DEBUG FXGLAssetLoaderServi - Loading from file system: jar:file:///home/me/.m2/repository/com/github/almasb/fxgl/25/fxgl-25.jar!/fxglassets/textures/particles/smoke.png
23:12:45.282 [FXGL Background Thread 1 ] DEBUG FXGLAssetLoaderServi - Loading from file system: jar:file:///home/me/.m2/repository/com/github/almasb/fxgl/25/fxgl-25.jar!/fxglassets/textures/particles/trace_horizontal.png
23:12:45.307 [FXGL Background Thread 1 ] DEBUG GameApplicationServi - Application scenes initialized
23:12:45.318 [FXGL Background Thread 1 ] DEBUG SystemBundleService  - Loading FXGL system data
23:12:45.321 [FXGL Background Thread 1 ] DEBUG FileSystemAccess     - Reading from: /home/me/ComProg_Project/system/fxgl.bundle
23:12:45.326 [FXGL Background Thread 1 ] DEBUG SystemBundleService  - Bundle FXGL: {}
23:12:45.326 [FXGL Background Thread 1 ] DEBUG UpdaterService       - Checking for updates
23:12:45.333 [FXGL Background Thread 4 ] DEBUG FXGLApplication      - Loading fonts
23:12:45.333 [FXGL Background Thread 4 ] DEBUG FXGLAssetLoaderServi - Loading from file system: jar:file:///home/me/.m2/repository/com/github/almasb/fxgl/25/fxgl-25.jar!/fxglassets/ui/fonts/VarelaRound-Regular.ttf
23:12:45.334 [FXGL Background Thread 1 ] DEBUG FXGLApplication      - Loading default localization
23:12:45.334 [FXGL Background Thread 1 ] DEBUG FXGLAssetLoaderServi - Loading from file system: jar:file:///home/me/.m2/repository/com/github/almasb/fxgl/25/fxgl-25.jar!/fxglassets/languages/english.lang
23:12:45.341 [FXGL Background Thread 4 ] DEBUG FXGLAssetLoaderServi - Loading from file system: jar:file:///home/me/.m2/repository/com/github/almasb/fxgl/25/fxgl-25.jar!/fxglassets/ui/fonts/Abel-Regular.ttf
23:12:45.342 [FXGL Background Thread 4 ] DEBUG FXGLAssetLoaderServi - Loading from file system: jar:file:///home/me/.m2/repository/com/github/almasb/fxgl/25/fxgl-25.jar!/fxglassets/ui/fonts/TerminalLandMono-Regular.otf
23:12:45.344 [FXGL Background Thread 4 ] DEBUG FXGLAssetLoaderServi - Loading from file system: jar:file:///home/me/.m2/repository/com/github/almasb/fxgl/25/fxgl-25.jar!/fxglassets/ui/fonts/Courier-Prime.ttf
23:12:45.349 [JavaFX Application Thread] DEBUG FXGLApplication      - Registering font factories with UI factory
23:12:45.349 [FXGL Background Thread 1 ] INFO  FXGLApplication      - FXGL initialization took: 0.423 sec
23:12:45.363 [JavaFX Application Thread] DEBUG Input                - Registered new binding: Move up - W
23:12:45.363 [JavaFX Application Thread] DEBUG Input                - Registered new binding: Move down - S
23:12:45.363 [JavaFX Application Thread] DEBUG Input                - Registered new binding: Move left - A
23:12:45.364 [JavaFX Application Thread] DEBUG Input                - Registered new binding: Move right - D
23:12:45.364 [JavaFX Application Thread] DEBUG FXGLAssetLoaderServi - Loading from file system: jar:file:///home/me/.m2/repository/com/github/almasb/fxgl/25/fxgl-25.jar!/fxglassets/textures/fxgl_icon.png
23:12:45.392 [JavaFX Application Thread] DEBUG FXGLAssetLoaderServi - Loading from file system: jar:file:///home/me/.m2/repository/com/github/almasb/fxgl/25/fxgl-25.jar!/fxglassets/textures/fxgl_default_cursor.png
23:12:45.394 [JavaFX Application Thread] DEBUG Input                - Registered new binding: Screenshot - CTRL+8
23:12:45.394 [JavaFX Application Thread] DEBUG Input                - Registered new binding: System info dump - CTRL+9
23:12:45.395 [JavaFX Application Thread] DEBUG Input                - Registered new binding: Restart - CTRL+R
23:12:45.396 [JavaFX Application Thread] DEBUG Input                - Registered new binding: Toggle Debug Camera - CTRL+7
23:12:45.400 [JavaFX Application Thread] DEBUG LoopRunner           - Starting loop
23:12:45.400 [JavaFX Application Thread] DEBUG LoopRunner           - Initializing JavaFX AnimationTimerLoop
23:12:45.401 [JavaFX Application Thread] DEBUG GameApplicationServi - Starting new game
23:12:45.401 [JavaFX Application Thread] DEBUG Input                - Clearing active input actions
23:12:45.411 [JavaFX Application Thread] DEBUG GameApplicationServi - Removing overlay from FXGLStartupScene and adding to FXGLLoadingScene
23:12:45.411 [JavaFX Application Thread] DEBUG PrimaryStageWindow   - FXGLStartupScene -> FXGLLoadingScene
23:12:45.412 [JavaFX Application Thread] DEBUG GameApplicationServi - Clearing previous game
23:12:45.412 [JavaFX Application Thread] DEBUG GameScene            - Clearing game scene
23:12:45.412 [JavaFX Application Thread] DEBUG GameWorld            - Clearing game world
23:12:45.412 [JavaFX Application Thread] DEBUG PhysicsWorld         - Clearing physics world
23:12:45.414 [FXGL Background Thread 1 ] DEBUG FXGLApplication      - Initializing game
23:12:45.436 [FXGL Background Thread 1 ] DEBUG FXGLAssetLoaderServi - Loading from file system: file:/home/me/ComProg_Project/target/classes/assets/textures/idle_sprite.png
23:12:45.453 [FXGL Background Thread 1 ] INFO  FXGLApplication      - Game initialization took: 0.039 sec
23:12:45.525 [JavaFX Application Thread] DEBUG Input                - Clearing active input actions
23:12:45.535 [JavaFX Application Thread] DEBUG GameApplicationServi - Removing overlay from FXGLLoadingScene and adding to GameScene
23:12:45.535 [JavaFX Application Thread] DEBUG PrimaryStageWindow   - FXGLLoadingScene -> GameScene
23:12:47.455 [JavaFX Application Thread] DEBUG FXGLApplication      - Exiting FXGL
23:12:47.455 [JavaFX Application Thread] DEBUG LoopRunner           - Stopping loop
23:12:47.455 [JavaFX Application Thread] DEBUG SystemBundleService  - Saving FXGL system data
23:12:47.457 [JavaFX Application Thread] DEBUG FileSystemAccess     - Writing to: /home/me/ComProg_Project/system/fxgl.bundle
23:12:47.458 [JavaFX Application Thread] DEBUG Async                - Shutting down background threads
23:12:47.459 [JavaFX Application Thread] DEBUG PrimaryStageWindow   - Closing main window
23:12:47.460 [JavaFX Application Thread] DEBUG Logger               - Closing Logger
