00:09:10.122 [main                     ] DEBUG Logger               - Configured Logger
00:09:10.133 [main                     ] DEBUG GameApplication      - Logging settings
Title: Untitled
Version: 0.0
Width: 1280
Height: 720
Fullscreen: false
Intro: false
Profiling: false
Single step:false
App Mode: DEVELOPER
Menu Key: ESCAPE
Stage Style: DECORATED
Scene Factory: class org.group1.GamePackage.Factory.MainSceneFactory

00:09:10.485 [JavaFX Application Thread] DEBUG FXGLApplication      - Initializing FXGL
00:09:10.490 [JavaFX Application Thread] INFO  Engine               - FXGL-25 (05.02.2026 22.57) on WINDOWS (J:25.0.1 FX:21.0.6)
00:09:10.492 [JavaFX Application Thread] DEBUG Engine               - JRE Vendor Name: Oracle Corporation
00:09:10.492 [JavaFX Application Thread] DEBUG Engine               - Running on OS: Windows 11 version 10.0
00:09:10.492 [JavaFX Application Thread] DEBUG Engine               - Architecture: amd64
00:09:10.492 [JavaFX Application Thread] INFO  Engine               - Source code and latest versions at: https://github.com/AlmasB/FXGL
00:09:10.492 [JavaFX Application Thread] INFO  Engine               -       Ask questions and discuss at: https://github.com/AlmasB/FXGL/discussions
00:09:10.571 [JavaFX Application Thread] DEBUG PrimaryStageWindow   - Creating a JavaFX scene
00:09:10.571 [JavaFX Application Thread] DEBUG PrimaryStageWindow   - Target size > screen size
00:09:10.606 [JavaFX Application Thread] DEBUG PrimaryStageWindow   - Target settings size: 1280.0 x 720.0
00:09:10.606 [JavaFX Application Thread] DEBUG PrimaryStageWindow   - Scaled scene size:    1169.0 x 671.0
00:09:10.606 [JavaFX Application Thread] DEBUG PrimaryStageWindow   - Scaled ratio: (0.91328125, 0.9319444444444445)
00:09:10.607 [JavaFX Application Thread] DEBUG PrimaryStageWindow   - Set initial scene to FXGLStartupScene
00:09:10.609 [JavaFX Application Thread] DEBUG PrimaryStageWindow   - Opening main window
00:09:10.696 [JavaFX Application Thread] DEBUG PrimaryStageWindow   - Window border size: (15.0, 37.66668701171875)
00:09:10.697 [JavaFX Application Thread] DEBUG PrimaryStageWindow   - Scaled size: 1169.0 x 671.0
00:09:10.697 [JavaFX Application Thread] DEBUG PrimaryStageWindow   - Scaled ratio: (0.91328125, 0.9319444444444445)
00:09:10.697 [JavaFX Application Thread] DEBUG PrimaryStageWindow   - Scene size: 1169.0 x 671.0
00:09:10.697 [JavaFX Application Thread] DEBUG PrimaryStageWindow   - Stage size: 1184.0 x 708.6666870117188
00:09:10.708 [FXGL Background Thread 1 ] DEBUG Engine               - Initializing environment variables
00:09:10.776 [FXGL Background Thread 1 ] DEBUG FXGLAssetLoaderServi - User app class for loading assets: class org.group1.GamePackage.Application
00:09:10.776 [FXGL Background Thread 1 ] DEBUG GameApplicationServi - Applying CSS: fxgl_dark.css
00:09:10.777 [FXGL Background Thread 1 ] DEBUG FXGLAssetLoaderServi - Loading from file system: jar:file:///C:/Users/ryles/.m2/repository/com/github/almasb/fxgl/25/fxgl-25.jar!/fxglassets/ui/css/fxgl_dark.css
00:09:10.818 [FXGL Background Thread 1 ] DEBUG GameApplicationServi - Initializing application scenes
00:09:10.878 [FXGL Background Thread 1 ] DEBUG GameWorld            - Game world initialized
00:09:10.916 [FXGL Background Thread 1 ] DEBUG PhysicsWorld         - Physics world initialized: appHeight=720, physics.ppm=50.0
00:09:10.916 [FXGL Background Thread 1 ] DEBUG PhysicsWorld         - Using strategy: BRUTE_FORCE
00:09:10.921 [FXGL Background Thread 1 ] DEBUG GameScene            - Game scene initialized: 1280x720
00:09:10.933 [FXGL Background Thread 1 ] DEBUG FXGL.DefaultMenu     - createMenuBodyGameMenu()
00:09:10.941 [FXGL Background Thread 1 ] DEBUG FXGL.DefaultMenu     - createOptionsMenu()
00:09:10.950 [FXGL Background Thread 1 ] DEBUG FXGLAssetLoaderServi - Loading from file system: jar:file:///C:/Users/ryles/.m2/repository/com/github/almasb/fxgl/25/fxgl-25.jar!/fxglassets/textures/particles/smoke.png
00:09:11.037 [FXGL Background Thread 1 ] DEBUG FXGLAssetLoaderServi - Loading from file system: jar:file:///C:/Users/ryles/.m2/repository/com/github/almasb/fxgl/25/fxgl-25.jar!/fxglassets/textures/particles/trace_horizontal.png
00:09:11.066 [FXGL Background Thread 1 ] DEBUG GameApplicationServi - Application scenes initialized
00:09:11.074 [FXGL Background Thread 1 ] DEBUG SystemBundleService  - Loading FXGL system data
00:09:11.078 [FXGL Background Thread 1 ] DEBUG FileSystemAccess     - Reading from: C:\Users\ryles\Downloads\ComProg_Project\system\fxgl.bundle
00:09:11.085 [FXGL Background Thread 1 ] DEBUG SystemBundleService  - Bundle FXGL: {}
00:09:11.085 [FXGL Background Thread 1 ] DEBUG UpdaterService       - Checking for updates
00:09:11.087 [FXGL Background Thread 4 ] DEBUG FXGLApplication      - Loading fonts
00:09:11.088 [FXGL Background Thread 1 ] DEBUG FXGLApplication      - Loading default localization
00:09:11.088 [FXGL Background Thread 4 ] DEBUG FXGLAssetLoaderServi - Loading from file system: jar:file:///C:/Users/ryles/.m2/repository/com/github/almasb/fxgl/25/fxgl-25.jar!/fxglassets/ui/fonts/VarelaRound-Regular.ttf
00:09:11.088 [FXGL Background Thread 1 ] DEBUG FXGLAssetLoaderServi - Loading from file system: jar:file:///C:/Users/ryles/.m2/repository/com/github/almasb/fxgl/25/fxgl-25.jar!/fxglassets/languages/english.lang
00:09:11.101 [FXGL Background Thread 1 ] INFO  FXGLApplication      - FXGL initialization took: 0.394 sec
00:09:11.113 [JavaFX Application Thread] DEBUG Input                - Registered new binding: Move left - A
00:09:11.113 [JavaFX Application Thread] DEBUG Input                - Registered new binding: Move right - D
00:09:11.113 [JavaFX Application Thread] DEBUG Input                - Registered new binding: Move down - S
00:09:11.113 [JavaFX Application Thread] DEBUG Input                - Registered new binding: Move up - W
00:09:11.114 [JavaFX Application Thread] DEBUG Input                - Registered new binding: Shoot - Space
00:09:11.114 [JavaFX Application Thread] DEBUG FXGLAssetLoaderServi - Loading from file system: jar:file:///C:/Users/ryles/.m2/repository/com/github/almasb/fxgl/25/fxgl-25.jar!/fxglassets/textures/fxgl_icon.png
00:09:11.125 [FXGL Background Thread 4 ] DEBUG FXGLAssetLoaderServi - Loading from file system: jar:file:///C:/Users/ryles/.m2/repository/com/github/almasb/fxgl/25/fxgl-25.jar!/fxglassets/ui/fonts/Abel-Regular.ttf
00:09:11.129 [FXGL Background Thread 4 ] DEBUG FXGLAssetLoaderServi - Loading from file system: jar:file:///C:/Users/ryles/.m2/repository/com/github/almasb/fxgl/25/fxgl-25.jar!/fxglassets/ui/fonts/TerminalLandMono-Regular.otf
00:09:11.134 [FXGL Background Thread 4 ] DEBUG FXGLAssetLoaderServi - Loading from file system: jar:file:///C:/Users/ryles/.m2/repository/com/github/almasb/fxgl/25/fxgl-25.jar!/fxglassets/ui/fonts/Courier-Prime.ttf
00:09:11.136 [JavaFX Application Thread] DEBUG FXGLAssetLoaderServi - Loading from file system: jar:file:///C:/Users/ryles/.m2/repository/com/github/almasb/fxgl/25/fxgl-25.jar!/fxglassets/textures/fxgl_default_cursor.png
00:09:11.139 [JavaFX Application Thread] DEBUG Input                - Registered new binding: Screenshot - CTRL+8
00:09:11.139 [JavaFX Application Thread] DEBUG Input                - Registered new binding: System info dump - CTRL+9
00:09:11.140 [JavaFX Application Thread] DEBUG Input                - Registered new binding: Restart - CTRL+R
00:09:11.141 [JavaFX Application Thread] DEBUG Input                - Registered new binding: Toggle Debug Camera - CTRL+7
00:09:11.143 [JavaFX Application Thread] DEBUG LoopRunner           - Starting loop
00:09:11.144 [JavaFX Application Thread] DEBUG LoopRunner           - Initializing JavaFX AnimationTimerLoop
00:09:11.145 [JavaFX Application Thread] DEBUG Input                - Clearing active input actions
00:09:11.154 [JavaFX Application Thread] DEBUG GameApplicationServi - Removing overlay from FXGLStartupScene and adding to FXGLMainMenuDummyScene
00:09:11.155 [JavaFX Application Thread] DEBUG PrimaryStageWindow   - FXGLStartupScene -> FXGLMainMenuDummyScene
00:09:11.155 [JavaFX Application Thread] DEBUG PrimaryStageWindow   - Push state: MenuInterface
00:09:11.155 [JavaFX Application Thread] DEBUG Input                - Clearing active input actions
00:09:11.158 [JavaFX Application Thread] DEBUG GameApplicationServi - Removing overlay from FXGLMainMenuDummyScene and adding to MenuInterface
00:09:11.159 [JavaFX Application Thread] DEBUG PrimaryStageWindow   - FXGLMainMenuDummyScene -> MenuInterface
00:09:11.206 [JavaFX Application Thread] DEBUG FXGLApplication      - Registering font factories with UI factory
00:09:12.240 [JavaFX Application Thread] DEBUG Menu                 - fireNewGame()
00:09:12.240 [JavaFX Application Thread] DEBUG GameApplicationServi - Starting new game
00:09:12.240 [JavaFX Application Thread] DEBUG PrimaryStageWindow   - Pop state: MenuInterface
00:09:12.240 [JavaFX Application Thread] DEBUG Input                - Clearing active input actions
00:09:12.241 [JavaFX Application Thread] DEBUG GameApplicationServi - Removing overlay from MenuInterface and adding to FXGLMainMenuDummyScene
00:09:12.241 [JavaFX Application Thread] DEBUG PrimaryStageWindow   - FXGLMainMenuDummyScene <- MenuInterface
00:09:12.241 [JavaFX Application Thread] DEBUG Input                - Clearing active input actions
00:09:12.246 [JavaFX Application Thread] DEBUG GameApplicationServi - Removing overlay from FXGLMainMenuDummyScene and adding to LoadingInterface
00:09:12.246 [JavaFX Application Thread] DEBUG PrimaryStageWindow   - FXGLMainMenuDummyScene -> LoadingInterface
00:09:12.246 [JavaFX Application Thread] DEBUG GameApplicationServi - Clearing previous game
00:09:12.246 [JavaFX Application Thread] DEBUG GameScene            - Clearing game scene
00:09:12.246 [JavaFX Application Thread] DEBUG GameWorld            - Clearing game world
00:09:12.246 [JavaFX Application Thread] DEBUG PhysicsWorld         - Clearing physics world
00:09:12.247 [FXGL Background Thread 2 ] DEBUG FXGLApplication      - Initializing game
00:09:12.260 [FXGL Background Thread 2 ] DEBUG FXGLAssetLoaderServi - Loading from file system: file:/C:/Users/ryles/Downloads/ComProg_Project/target/classes/assets/textures/background.png
00:09:12.345 [FXGL Background Thread 2 ] DEBUG FXGLAssetLoaderServi - Loading from file system: file:/C:/Users/ryles/Downloads/ComProg_Project/target/classes/assets/textures/background_stars1.png
00:09:12.418 [FXGL Background Thread 2 ] DEBUG FXGLAssetLoaderServi - Loading from file system: file:/C:/Users/ryles/Downloads/ComProg_Project/target/classes/assets/textures/background_stars2.png
00:09:12.448 [FXGL Background Thread 2 ] DEBUG FXGLAssetLoaderServi - Loading from file system: file:/C:/Users/ryles/Downloads/ComProg_Project/target/classes/assets/textures/background_stars3.png
00:09:12.478 [FXGL Background Thread 2 ] DEBUG FXGLAssetLoaderServi - Loading from file system: file:/C:/Users/ryles/Downloads/ComProg_Project/target/classes/assets/textures/background_cloud1.png
00:09:12.487 [FXGL Background Thread 2 ] DEBUG FXGLAssetLoaderServi - Loading from file system: file:/C:/Users/ryles/Downloads/ComProg_Project/target/classes/assets/textures/background_cloud2.png
00:09:12.498 [FXGL Background Thread 2 ] DEBUG FXGLAssetLoaderServi - Loading from file system: file:/C:/Users/ryles/Downloads/ComProg_Project/target/classes/assets/textures/background_mist1.png
00:09:12.507 [FXGL Background Thread 2 ] DEBUG FXGLAssetLoaderServi - Loading from file system: file:/C:/Users/ryles/Downloads/ComProg_Project/target/classes/assets/textures/background_hills.png
00:09:12.528 [FXGL Background Thread 2 ] DEBUG FXGLAssetLoaderServi - Loading from file system: file:/C:/Users/ryles/Downloads/ComProg_Project/target/classes/assets/textures/background_forest.png
00:09:12.539 [FXGL Background Thread 2 ] DEBUG FXGLAssetLoaderServi - Loading from file system: file:/C:/Users/ryles/Downloads/ComProg_Project/target/classes/assets/textures/background_large_forest.png
00:09:12.569 [FXGL Background Thread 2 ] DEBUG FXGLAssetLoaderServi - Loading from file system: file:/C:/Users/ryles/Downloads/ComProg_Project/target/classes/assets/textures/idle_sprite.png
00:09:12.572 [FXGL Background Thread 2 ] DEBUG FXGLAssetLoaderServi - Loading from file system: file:/C:/Users/ryles/Downloads/ComProg_Project/target/classes/assets/textures/down_sprite.png
00:09:12.575 [FXGL Background Thread 2 ] DEBUG FXGLAssetLoaderServi - Loading from file system: file:/C:/Users/ryles/Downloads/ComProg_Project/target/classes/assets/textures/up_sprite.png
00:09:12.585 [FXGL Background Thread 2 ] DEBUG FXGLAssetLoaderServi - Loading from file system: file:/C:/Users/ryles/Downloads/ComProg_Project/target/classes/assets/music/main_music.wav
00:09:12.680 [FXGL Background Thread 2 ] DEBUG AudioPlayer          - Playing music com.almasb.fxgl.audio.Music@20f0cab4
00:09:12.686 [FXGL Background Thread 2 ] INFO  FXGLApplication      - Game initialization took: 0.439 sec
00:09:12.687 [JavaFX Application Thread] DEBUG Input                - Clearing active input actions
00:09:12.692 [JavaFX Application Thread] DEBUG GameApplicationServi - Removing overlay from LoadingInterface and adding to GameScene
00:09:12.692 [JavaFX Application Thread] DEBUG PrimaryStageWindow   - LoadingInterface -> GameScene
00:09:13.209 [JavaFX Application Thread] DEBUG FXGLAssetLoaderServi - Loading from file system: file:/C:/Users/ryles/Downloads/ComProg_Project/target/classes/assets/textures/enemy_sprite.png
00:09:13.212 [JavaFX Application Thread] DEBUG FXGLAssetLoaderServi - Loading from file system: file:/C:/Users/ryles/Downloads/ComProg_Project/target/classes/assets/textures/explosion_sprite.png
00:09:14.089 [FXGL Background Thread 3 ] DEBUG Engine               - Logging environment variables
00:09:14.089 [FXGL Background Thread 3 ] DEBUG Engine               - achievements: []
00:09:14.089 [FXGL Background Thread 3 ] DEBUG Engine               - actualHeight: 671.0
00:09:14.090 [FXGL Background Thread 3 ] DEBUG Engine               - actualHeightProperty: ReadOnlyDoubleProperty [value: 671.0]
00:09:14.090 [FXGL Background Thread 3 ] DEBUG Engine               - actualWidth: 1169.0
00:09:14.090 [FXGL Background Thread 3 ] DEBUG Engine               - actualWidthProperty: ReadOnlyDoubleProperty [value: 1169.0]
00:09:14.090 [FXGL Background Thread 3 ] DEBUG Engine               - appIcon: fxgl_icon.png
00:09:14.090 [FXGL Background Thread 3 ] DEBUG Engine               - applicationMode: DEVELOPER
00:09:14.090 [FXGL Background Thread 3 ] DEBUG Engine               - cSSList: [fxgl_dark.css]
00:09:14.090 [FXGL Background Thread 3 ] DEBUG Engine               - collisionDetectionStrategy: BRUTE_FORCE
00:09:14.090 [FXGL Background Thread 3 ] DEBUG Engine               - configClass: Optional.empty
00:09:14.090 [FXGL Background Thread 3 ] DEBUG Engine               - credits: []
00:09:14.090 [FXGL Background Thread 3 ] DEBUG Engine               - defaultCursor: CursorInfo(imageName=fxgl_default_cursor.png, hotspotX=7.0, hotspotY=6.0)
00:09:14.090 [FXGL Background Thread 3 ] DEBUG Engine               - devBBoxColorProperty: ObjectProperty [value: 0xff0000ff]
00:09:14.091 [FXGL Background Thread 3 ] DEBUG Engine               - devEnableDebugCameraProperty: BooleanProperty [value: false]
00:09:14.091 [FXGL Background Thread 3 ] DEBUG Engine               - devSensorColorProperty: ObjectProperty [value: 0xffff00ff]
00:09:14.091 [FXGL Background Thread 3 ] DEBUG Engine               - devShowBBoxProperty: BooleanProperty [value: false]
00:09:14.091 [FXGL Background Thread 3 ] DEBUG Engine               - devShowPositionProperty: BooleanProperty [value: false]
00:09:14.091 [FXGL Background Thread 3 ] DEBUG Engine               - enabledMenuItems: []
00:09:14.091 [FXGL Background Thread 3 ] DEBUG Engine               - engineServices: [class com.almasb.fxgl.app.services.FXGLAssetLoaderService, class com.almasb.fxgl.app.FXGLApplication$GameApplicationService, class com.almasb.fxgl.app.services.FXGLDialogService, class com.almasb.fxgl.app.services.IOTaskExecutorService, class com.almasb.fxgl.io.FileSystemService, class com.almasb.fxgl.localization.LocalizationService, class com.almasb.fxgl.app.services.SystemBundleService, class com.almasb.fxgl.profile.SaveLoadService, class com.almasb.fxgl.ui.FXGLUIFactoryServiceProvider, class com.almasb.fxgl.ui.FXGLDialogFactoryServiceProvider, class com.almasb.fxgl.audio.AudioPlayer, class com.almasb.fxgl.notification.impl.NotificationServiceProvider, class com.almasb.fxgl.achievement.AchievementService, class com.almasb.fxgl.cutscene.CutsceneService, class com.almasb.fxgl.minigames.MiniGameService, class com.almasb.fxgl.net.NetService, class com.almasb.fxgl.app.services.UpdaterService, class com.almasb.fxgl.dev.DevService]
00:09:14.091 [FXGL Background Thread 3 ] DEBUG Engine               - fontGame: Abel-Regular.ttf
00:09:14.091 [FXGL Background Thread 3 ] DEBUG Engine               - fontMono: TerminalLandMono-Regular.otf
00:09:14.091 [FXGL Background Thread 3 ] DEBUG Engine               - fontSizeScaleUI: 1.0
00:09:14.091 [FXGL Background Thread 3 ] DEBUG Engine               - fontText: Courier-Prime.ttf
00:09:14.091 [FXGL Background Thread 3 ] DEBUG Engine               - fontUI: VarelaRound-Regular.ttf
00:09:14.091 [FXGL Background Thread 3 ] DEBUG Engine               - fpsRefreshRate: 500.0 ms
00:09:14.091 [FXGL Background Thread 3 ] DEBUG Engine               - fullScreen: BooleanProperty [value: false]
00:09:14.091 [FXGL Background Thread 3 ] DEBUG Engine               - gameDifficulty: MEDIUM
00:09:14.091 [FXGL Background Thread 3 ] DEBUG Engine               - gameDifficultyProperty: ObjectProperty [value: MEDIUM]
00:09:14.091 [FXGL Background Thread 3 ] DEBUG Engine               - globalMusicVolume: 0.5
00:09:14.091 [FXGL Background Thread 3 ] DEBUG Engine               - globalMusicVolumeProperty: DoubleProperty [value: 0.5]
00:09:14.091 [FXGL Background Thread 3 ] DEBUG Engine               - globalSoundVolume: 0.5
00:09:14.091 [FXGL Background Thread 3 ] DEBUG Engine               - globalSoundVolumeProperty: DoubleProperty [value: 0.5]
00:09:14.092 [FXGL Background Thread 3 ] DEBUG Engine               - height: 720
00:09:14.092 [FXGL Background Thread 3 ] DEBUG Engine               - is3D: false
00:09:14.092 [FXGL Background Thread 3 ] DEBUG Engine               - isAndroid: false
00:09:14.092 [FXGL Background Thread 3 ] DEBUG Engine               - isBrowser: false
00:09:14.092 [FXGL Background Thread 3 ] DEBUG Engine               - isClickFeedbackEnabled: false
00:09:14.092 [FXGL Background Thread 3 ] DEBUG Engine               - isCloseConfirmation: false
00:09:14.092 [FXGL Background Thread 3 ] DEBUG Engine               - isDesktop: true
00:09:14.092 [FXGL Background Thread 3 ] DEBUG Engine               - isDeveloperMenuEnabled: false
00:09:14.092 [FXGL Background Thread 3 ] DEBUG Engine               - isEmbedded: false
00:09:14.092 [FXGL Background Thread 3 ] DEBUG Engine               - isEntityPreloadEnabled: true
00:09:14.092 [FXGL Background Thread 3 ] DEBUG Engine               - isExperimentalTiledLargeMap: false
00:09:14.092 [FXGL Background Thread 3 ] DEBUG Engine               - isFileSystemWriteAllowed: true
00:09:14.092 [FXGL Background Thread 3 ] DEBUG Engine               - isFullScreenAllowed: false
00:09:14.092 [FXGL Background Thread 3 ] DEBUG Engine               - isFullScreenFromStart: false
00:09:14.092 [FXGL Background Thread 3 ] DEBUG Engine               - isGameMenuEnabled: true
00:09:14.092 [FXGL Background Thread 3 ] DEBUG Engine               - isIOS: false
00:09:14.092 [FXGL Background Thread 3 ] DEBUG Engine               - isIntroEnabled: false
00:09:14.092 [FXGL Background Thread 3 ] DEBUG Engine               - isLinux: false
00:09:14.092 [FXGL Background Thread 3 ] DEBUG Engine               - isMac: false
00:09:14.092 [FXGL Background Thread 3 ] DEBUG Engine               - isMainMenuEnabled: true
00:09:14.092 [FXGL Background Thread 3 ] DEBUG Engine               - isManualResizeEnabled: false
00:09:14.092 [FXGL Background Thread 3 ] DEBUG Engine               - isMobile: false
00:09:14.092 [FXGL Background Thread 3 ] DEBUG Engine               - isNative: false
00:09:14.092 [FXGL Background Thread 3 ] DEBUG Engine               - isPauseMusicWhenMinimized: true
00:09:14.092 [FXGL Background Thread 3 ] DEBUG Engine               - isPreserveResizeRatio: false
00:09:14.092 [FXGL Background Thread 3 ] DEBUG Engine               - isProfilingEnabled: false
00:09:14.092 [FXGL Background Thread 3 ] DEBUG Engine               - isScaleAffectedOnResize: true
00:09:14.092 [FXGL Background Thread 3 ] DEBUG Engine               - isSingleStep: false
00:09:14.092 [FXGL Background Thread 3 ] DEBUG Engine               - isUserProfileEnabled: false
00:09:14.092 [FXGL Background Thread 3 ] DEBUG Engine               - isWindows: true
00:09:14.093 [FXGL Background Thread 3 ] DEBUG Engine               - language: ObjectProperty [value: ENGLISH]
00:09:14.093 [FXGL Background Thread 3 ] DEBUG Engine               - menuKey: ESCAPE
00:09:14.093 [FXGL Background Thread 3 ] DEBUG Engine               - mouseSensitivity: 0.2
00:09:14.093 [FXGL Background Thread 3 ] DEBUG Engine               - notificationViewClass: class com.almasb.fxgl.notification.view.XboxNotificationView
00:09:14.093 [FXGL Background Thread 3 ] DEBUG Engine               - pixelsPerMeter: 50.0
00:09:14.093 [FXGL Background Thread 3 ] DEBUG Engine               - platform: WINDOWS
00:09:14.093 [FXGL Background Thread 3 ] DEBUG Engine               - prefHeightProperty: ReadOnlyDoubleProperty [value: 720.0]
00:09:14.093 [FXGL Background Thread 3 ] DEBUG Engine               - prefWidthProperty: ReadOnlyDoubleProperty [value: 1280.0]
00:09:14.093 [FXGL Background Thread 3 ] DEBUG Engine               - profileDir: profiles/
00:09:14.093 [FXGL Background Thread 3 ] DEBUG Engine               - profileName: StringProperty [value: DEFAULT]
00:09:14.093 [FXGL Background Thread 3 ] DEBUG Engine               - randomSeed: -1
00:09:14.093 [FXGL Background Thread 3 ] DEBUG Engine               - runtimeInfo: RuntimeInfo(platform=WINDOWS, version=25, build=05.02.2026 22.57)
00:09:14.093 [FXGL Background Thread 3 ] DEBUG Engine               - saveFileExt: sav
00:09:14.093 [FXGL Background Thread 3 ] DEBUG Engine               - scaledHeightProp$fxgl: DoubleProperty [bound, value: 671.0]
00:09:14.093 [FXGL Background Thread 3 ] DEBUG Engine               - scaledWidthProp$fxgl: DoubleProperty [bound, value: 1169.0]
00:09:14.093 [FXGL Background Thread 3 ] DEBUG Engine               - sceneFactory: org.group1.GamePackage.Factory.MainSceneFactory@816238c
00:09:14.093 [FXGL Background Thread 3 ] DEBUG Engine               - secondsIn24h: 60
00:09:14.093 [FXGL Background Thread 3 ] DEBUG Engine               - soundMenuBack: menu/back.wav
00:09:14.093 [FXGL Background Thread 3 ] DEBUG Engine               - soundMenuPress: menu/press.wav
00:09:14.093 [FXGL Background Thread 3 ] DEBUG Engine               - soundMenuSelect: menu/select.wav
00:09:14.093 [FXGL Background Thread 3 ] DEBUG Engine               - soundNotification: core/notification.wav
00:09:14.093 [FXGL Background Thread 3 ] DEBUG Engine               - stageStyle: DECORATED
00:09:14.093 [FXGL Background Thread 3 ] DEBUG Engine               - supportedLanguages: [ENGLISH, FRENCH, GERMAN, HUNGARIAN, RUSSIAN]
00:09:14.094 [FXGL Background Thread 3 ] DEBUG Engine               - ticksPerSecond: -1
00:09:14.094 [FXGL Background Thread 3 ] DEBUG Engine               - title: Untitled
00:09:14.094 [FXGL Background Thread 3 ] DEBUG Engine               - urlGithub: https://github.com/AlmasB/FXGL
00:09:14.094 [FXGL Background Thread 3 ] DEBUG Engine               - urlLeaderboard: http://fxgl-top.herokuapp.com/
00:09:14.094 [FXGL Background Thread 3 ] DEBUG Engine               - urlPOM: https://raw.githubusercontent.com/AlmasB/FXGL/release/README.md
00:09:14.094 [FXGL Background Thread 3 ] DEBUG Engine               - userAppClass: class org.group1.GamePackage.Application
00:09:14.094 [FXGL Background Thread 3 ] DEBUG Engine               - version: 0.0
00:09:14.094 [FXGL Background Thread 3 ] DEBUG Engine               - versionCheckDays: 7
00:09:14.094 [FXGL Background Thread 3 ] DEBUG Engine               - width: 1280
00:09:14.094 [FXGL Background Thread 3 ] DEBUG Engine               - Logging services
00:09:14.094 [FXGL Background Thread 3 ] DEBUG Engine               - class com.almasb.fxgl.app.services.FXGLAssetLoaderService
00:09:14.094 [FXGL Background Thread 3 ] DEBUG Engine               - class com.almasb.fxgl.app.FXGLApplication$GameApplicationService
00:09:14.094 [FXGL Background Thread 3 ] DEBUG Engine               - class com.almasb.fxgl.app.services.FXGLDialogService
00:09:14.094 [FXGL Background Thread 3 ] DEBUG Engine               - class com.almasb.fxgl.app.services.IOTaskExecutorService
00:09:14.094 [FXGL Background Thread 3 ] DEBUG Engine               - class com.almasb.fxgl.io.FileSystemService
00:09:14.094 [FXGL Background Thread 3 ] DEBUG Engine               - class com.almasb.fxgl.localization.LocalizationService
00:09:14.094 [FXGL Background Thread 3 ] DEBUG Engine               - class com.almasb.fxgl.app.services.SystemBundleService
00:09:14.094 [FXGL Background Thread 3 ] DEBUG Engine               - class com.almasb.fxgl.profile.SaveLoadService
00:09:14.094 [FXGL Background Thread 3 ] DEBUG Engine               - class com.almasb.fxgl.ui.FXGLUIFactoryServiceProvider
00:09:14.094 [FXGL Background Thread 3 ] DEBUG Engine               - class com.almasb.fxgl.ui.FXGLDialogFactoryServiceProvider
00:09:14.094 [FXGL Background Thread 3 ] DEBUG Engine               - class com.almasb.fxgl.audio.AudioPlayer
00:09:14.094 [FXGL Background Thread 3 ] DEBUG Engine               - class com.almasb.fxgl.notification.impl.NotificationServiceProvider
00:09:14.094 [FXGL Background Thread 3 ] DEBUG Engine               - class com.almasb.fxgl.achievement.AchievementService
00:09:14.094 [FXGL Background Thread 3 ] DEBUG Engine               - class com.almasb.fxgl.cutscene.CutsceneService
00:09:14.094 [FXGL Background Thread 3 ] DEBUG Engine               - class com.almasb.fxgl.minigames.MiniGameService
00:09:14.094 [FXGL Background Thread 3 ] DEBUG Engine               - class com.almasb.fxgl.net.NetService
00:09:14.094 [FXGL Background Thread 3 ] DEBUG Engine               - class com.almasb.fxgl.app.services.UpdaterService
00:09:14.094 [FXGL Background Thread 3 ] DEBUG Engine               - class com.almasb.fxgl.dev.DevService
00:09:15.320 [JavaFX Application Thread] DEBUG FXGLAssetLoaderServi - Loading from file system: file:/C:/Users/ryles/Downloads/ComProg_Project/target/classes/assets/sounds/death_sound.wav
00:09:15.333 [JavaFX Application Thread] DEBUG FXGLAssetLoaderServi - Loading from file system: file:/C:/Users/ryles/Downloads/ComProg_Project/target/classes/assets/sounds/fah.wav
00:09:18.874 [JavaFX Application Thread] DEBUG FXGLAssetLoaderServi - Loading from file system: file:/C:/Users/ryles/Downloads/ComProg_Project/target/classes/assets/textures/bullet_sprite.png
00:09:25.385 [JavaFX Application Thread] DEBUG FXGLApplication      - Exiting FXGL
00:09:25.385 [JavaFX Application Thread] DEBUG LoopRunner           - Stopping loop
00:09:25.385 [JavaFX Application Thread] DEBUG SystemBundleService  - Saving FXGL system data
00:09:25.387 [JavaFX Application Thread] DEBUG FileSystemAccess     - Writing to: C:\Users\ryles\Downloads\ComProg_Project\system\fxgl.bundle
00:09:25.389 [JavaFX Application Thread] DEBUG Async                - Shutting down background threads
00:09:25.389 [JavaFX Application Thread] DEBUG PrimaryStageWindow   - Closing main window
00:09:25.405 [JavaFX Application Thread] DEBUG Logger               - Closing Logger
