17:59:56.526 [main                     ] DEBUG Logger               - Configured Logger
17:59:56.535 [main                     ] DEBUG GameApplication      - Logging settings
Title: Untitled
Version: 0.0
Width: 1280
Height: 720
Fullscreen: false
Intro: false
Profiling: false
Single step:false
App Mode: DEVELOPER
Menu Key: ESCAPE
Stage Style: DECORATED
Scene Factory: class org.group1.GamePackage.Factory.MainSceneFactory

17:59:56.739 [JavaFX Application Thread] DEBUG FXGLApplication      - Initializing FXGL
17:59:56.743 [JavaFX Application Thread] INFO  Engine               - FXGL-25 (05.02.2026 22.57) on LINUX (J:25.0.2 FX:21.0.6)
17:59:56.743 [JavaFX Application Thread] DEBUG Engine               - JRE Vendor Name: Arch Linux
17:59:56.743 [JavaFX Application Thread] DEBUG Engine               - Running on OS: Linux version 6.19.9-arch1-1
17:59:56.743 [JavaFX Application Thread] DEBUG Engine               - Architecture: amd64
17:59:56.743 [JavaFX Application Thread] INFO  Engine               - Source code and latest versions at: https://github.com/AlmasB/FXGL
17:59:56.744 [JavaFX Application Thread] INFO  Engine               -       Ask questions and discuss at: https://github.com/AlmasB/FXGL/discussions
17:59:56.814 [JavaFX Application Thread] DEBUG PrimaryStageWindow   - Creating a JavaFX scene
17:59:56.890 [JavaFX Application Thread] DEBUG PrimaryStageWindow   - Target settings size: 1280.0 x 720.0
17:59:56.890 [JavaFX Application Thread] DEBUG PrimaryStageWindow   - Scaled scene size:    1280.0 x 720.0
17:59:56.890 [JavaFX Application Thread] DEBUG PrimaryStageWindow   - Scaled ratio: (1.0, 1.0)
17:59:56.892 [JavaFX Application Thread] DEBUG PrimaryStageWindow   - Set initial scene to FXGLStartupScene
17:59:56.897 [JavaFX Application Thread] DEBUG PrimaryStageWindow   - Opening main window
17:59:56.963 [JavaFX Application Thread] DEBUG PrimaryStageWindow   - Window border size: (0.0, 35.0)
17:59:56.963 [JavaFX Application Thread] DEBUG PrimaryStageWindow   - Scaled size: 1280.0 x 685.0
17:59:56.963 [JavaFX Application Thread] DEBUG PrimaryStageWindow   - Scaled ratio: (1.0, 0.9513888888888888)
17:59:56.963 [JavaFX Application Thread] DEBUG PrimaryStageWindow   - Scene size: 1280.0 x 720.0
17:59:56.963 [JavaFX Application Thread] DEBUG PrimaryStageWindow   - Stage size: 1280.0 x 720.0
17:59:56.968 [FXGL Background Thread 1 ] DEBUG Engine               - Initializing environment variables
17:59:57.033 [FXGL Background Thread 1 ] DEBUG FXGLAssetLoaderServi - User app class for loading assets: class org.group1.GamePackage.Application
17:59:57.033 [FXGL Background Thread 1 ] DEBUG GameApplicationServi - Applying CSS: fxgl_dark.css
17:59:57.034 [FXGL Background Thread 1 ] DEBUG FXGLAssetLoaderServi - Loading from file system: jar:file:///home/me/.m2/repository/com/github/almasb/fxgl/25/fxgl-25.jar!/fxglassets/ui/css/fxgl_dark.css
17:59:57.081 [FXGL Background Thread 1 ] DEBUG GameApplicationServi - Initializing application scenes
17:59:57.160 [FXGL Background Thread 1 ] DEBUG GameWorld            - Game world initialized
17:59:57.196 [FXGL Background Thread 1 ] DEBUG PhysicsWorld         - Physics world initialized: appHeight=720, physics.ppm=50.0
17:59:57.196 [FXGL Background Thread 1 ] DEBUG PhysicsWorld         - Using strategy: BRUTE_FORCE
17:59:57.200 [FXGL Background Thread 1 ] DEBUG GameScene            - Game scene initialized: 1280x720
17:59:57.212 [FXGL Background Thread 1 ] DEBUG FXGL.DefaultMenu     - createMenuBodyGameMenu()
17:59:57.218 [FXGL Background Thread 1 ] DEBUG FXGL.DefaultMenu     - createOptionsMenu()
17:59:57.229 [FXGL Background Thread 1 ] DEBUG FXGLAssetLoaderServi - Loading from file system: jar:file:///home/me/.m2/repository/com/github/almasb/fxgl/25/fxgl-25.jar!/fxglassets/textures/particles/smoke.png
17:59:57.311 [FXGL Background Thread 1 ] DEBUG FXGLAssetLoaderServi - Loading from file system: jar:file:///home/me/.m2/repository/com/github/almasb/fxgl/25/fxgl-25.jar!/fxglassets/textures/particles/trace_horizontal.png
17:59:57.336 [FXGL Background Thread 1 ] DEBUG GameApplicationServi - Application scenes initialized
17:59:57.344 [FXGL Background Thread 1 ] DEBUG SystemBundleService  - Loading FXGL system data
17:59:57.347 [FXGL Background Thread 1 ] DEBUG FileSystemAccess     - Reading from: /home/me/ComProg_Project/system/fxgl.bundle
17:59:57.353 [FXGL Background Thread 1 ] DEBUG SystemBundleService  - Bundle FXGL: {}
17:59:57.353 [FXGL Background Thread 1 ] DEBUG UpdaterService       - Checking for updates
17:59:57.359 [FXGL Background Thread 4 ] DEBUG FXGLApplication      - Loading fonts
17:59:57.359 [FXGL Background Thread 4 ] DEBUG FXGLAssetLoaderServi - Loading from file system: jar:file:///home/me/.m2/repository/com/github/almasb/fxgl/25/fxgl-25.jar!/fxglassets/ui/fonts/VarelaRound-Regular.ttf
17:59:57.359 [FXGL Background Thread 1 ] DEBUG FXGLApplication      - Loading default localization
17:59:57.360 [FXGL Background Thread 1 ] DEBUG FXGLAssetLoaderServi - Loading from file system: jar:file:///home/me/.m2/repository/com/github/almasb/fxgl/25/fxgl-25.jar!/fxglassets/languages/english.lang
17:59:57.365 [FXGL Background Thread 4 ] DEBUG FXGLAssetLoaderServi - Loading from file system: jar:file:///home/me/.m2/repository/com/github/almasb/fxgl/25/fxgl-25.jar!/fxglassets/ui/fonts/Abel-Regular.ttf
17:59:57.367 [FXGL Background Thread 4 ] DEBUG FXGLAssetLoaderServi - Loading from file system: jar:file:///home/me/.m2/repository/com/github/almasb/fxgl/25/fxgl-25.jar!/fxglassets/ui/fonts/TerminalLandMono-Regular.otf
17:59:57.369 [FXGL Background Thread 4 ] DEBUG FXGLAssetLoaderServi - Loading from file system: jar:file:///home/me/.m2/repository/com/github/almasb/fxgl/25/fxgl-25.jar!/fxglassets/ui/fonts/Courier-Prime.ttf
17:59:57.374 [JavaFX Application Thread] DEBUG FXGLApplication      - Registering font factories with UI factory
17:59:57.374 [FXGL Background Thread 1 ] INFO  FXGLApplication      - FXGL initialization took: 0.405 sec
17:59:57.388 [JavaFX Application Thread] DEBUG Input                - Registered new binding: Move left - A
17:59:57.388 [JavaFX Application Thread] DEBUG Input                - Registered new binding: Move right - D
17:59:57.388 [JavaFX Application Thread] DEBUG Input                - Registered new binding: Move down - S
17:59:57.388 [JavaFX Application Thread] DEBUG Input                - Registered new binding: Move up - W
17:59:57.389 [JavaFX Application Thread] DEBUG Input                - Registered new binding: Shoot - Space
17:59:57.389 [JavaFX Application Thread] DEBUG FXGLAssetLoaderServi - Loading from file system: jar:file:///home/me/.m2/repository/com/github/almasb/fxgl/25/fxgl-25.jar!/fxglassets/textures/fxgl_icon.png
17:59:57.415 [JavaFX Application Thread] DEBUG FXGLAssetLoaderServi - Loading from file system: jar:file:///home/me/.m2/repository/com/github/almasb/fxgl/25/fxgl-25.jar!/fxglassets/textures/fxgl_default_cursor.png
17:59:57.417 [JavaFX Application Thread] DEBUG Input                - Registered new binding: Screenshot - CTRL+8
17:59:57.418 [JavaFX Application Thread] DEBUG Input                - Registered new binding: System info dump - CTRL+9
17:59:57.418 [JavaFX Application Thread] DEBUG Input                - Registered new binding: Restart - CTRL+R
17:59:57.419 [JavaFX Application Thread] DEBUG Input                - Registered new binding: Toggle Debug Camera - CTRL+7
17:59:57.424 [JavaFX Application Thread] DEBUG LoopRunner           - Starting loop
17:59:57.424 [JavaFX Application Thread] DEBUG LoopRunner           - Initializing JavaFX AnimationTimerLoop
17:59:57.427 [JavaFX Application Thread] DEBUG Input                - Clearing active input actions
17:59:57.438 [JavaFX Application Thread] DEBUG GameApplicationServi - Removing overlay from FXGLStartupScene and adding to FXGLMainMenuDummyScene
17:59:57.438 [JavaFX Application Thread] DEBUG PrimaryStageWindow   - FXGLStartupScene -> FXGLMainMenuDummyScene
17:59:57.438 [JavaFX Application Thread] DEBUG PrimaryStageWindow   - Push state: MenuInterface
17:59:57.439 [JavaFX Application Thread] DEBUG Input                - Clearing active input actions
17:59:57.442 [JavaFX Application Thread] DEBUG GameApplicationServi - Removing overlay from FXGLMainMenuDummyScene and adding to MenuInterface
17:59:57.442 [JavaFX Application Thread] DEBUG PrimaryStageWindow   - FXGLMainMenuDummyScene -> MenuInterface
17:59:58.612 [JavaFX Application Thread] DEBUG Menu                 - fireNewGame()
17:59:58.613 [JavaFX Application Thread] DEBUG GameApplicationServi - Starting new game
17:59:58.613 [JavaFX Application Thread] DEBUG PrimaryStageWindow   - Pop state: MenuInterface
17:59:58.613 [JavaFX Application Thread] DEBUG Input                - Clearing active input actions
17:59:58.615 [JavaFX Application Thread] DEBUG GameApplicationServi - Removing overlay from MenuInterface and adding to FXGLMainMenuDummyScene
17:59:58.616 [JavaFX Application Thread] DEBUG PrimaryStageWindow   - FXGLMainMenuDummyScene <- MenuInterface
17:59:58.617 [JavaFX Application Thread] DEBUG Input                - Clearing active input actions
17:59:58.638 [JavaFX Application Thread] DEBUG GameApplicationServi - Removing overlay from FXGLMainMenuDummyScene and adding to LoadingInterface
17:59:58.638 [JavaFX Application Thread] DEBUG PrimaryStageWindow   - FXGLMainMenuDummyScene -> LoadingInterface
17:59:58.639 [JavaFX Application Thread] DEBUG GameApplicationServi - Clearing previous game
17:59:58.639 [JavaFX Application Thread] DEBUG GameScene            - Clearing game scene
17:59:58.639 [JavaFX Application Thread] DEBUG GameWorld            - Clearing game world
17:59:58.639 [JavaFX Application Thread] DEBUG PhysicsWorld         - Clearing physics world
17:59:58.642 [FXGL Background Thread 2 ] DEBUG FXGLApplication      - Initializing game
17:59:58.659 [FXGL Background Thread 2 ] DEBUG FXGLAssetLoaderServi - Loading from file system: file:/home/me/ComProg_Project/target/classes/assets/textures/background.png
17:59:58.759 [FXGL Background Thread 2 ] DEBUG FXGLAssetLoaderServi - Loading from file system: file:/home/me/ComProg_Project/target/classes/assets/textures/background_stars1.png
17:59:58.854 [FXGL Background Thread 2 ] DEBUG FXGLAssetLoaderServi - Loading from file system: file:/home/me/ComProg_Project/target/classes/assets/textures/background_stars2.png
17:59:58.890 [FXGL Background Thread 2 ] DEBUG FXGLAssetLoaderServi - Loading from file system: file:/home/me/ComProg_Project/target/classes/assets/textures/background_stars3.png
17:59:58.925 [FXGL Background Thread 2 ] DEBUG FXGLAssetLoaderServi - Loading from file system: file:/home/me/ComProg_Project/target/classes/assets/textures/background_cloud1.png
17:59:58.934 [FXGL Background Thread 2 ] DEBUG FXGLAssetLoaderServi - Loading from file system: file:/home/me/ComProg_Project/target/classes/assets/textures/background_cloud2.png
17:59:58.946 [FXGL Background Thread 2 ] DEBUG FXGLAssetLoaderServi - Loading from file system: file:/home/me/ComProg_Project/target/classes/assets/textures/background_mist1.png
17:59:58.956 [FXGL Background Thread 2 ] DEBUG FXGLAssetLoaderServi - Loading from file system: file:/home/me/ComProg_Project/target/classes/assets/textures/background_hills.png
17:59:58.977 [FXGL Background Thread 2 ] DEBUG FXGLAssetLoaderServi - Loading from file system: file:/home/me/ComProg_Project/target/classes/assets/textures/background_forest.png
17:59:58.988 [FXGL Background Thread 2 ] DEBUG FXGLAssetLoaderServi - Loading from file system: file:/home/me/ComProg_Project/target/classes/assets/textures/background_large_forest.png
17:59:59.017 [FXGL Background Thread 2 ] DEBUG FXGLAssetLoaderServi - Loading from file system: file:/home/me/ComProg_Project/target/classes/assets/textures/idle_sprite.png
17:59:59.020 [FXGL Background Thread 2 ] DEBUG FXGLAssetLoaderServi - Loading from file system: file:/home/me/ComProg_Project/target/classes/assets/textures/down_sprite.png
17:59:59.023 [FXGL Background Thread 2 ] DEBUG FXGLAssetLoaderServi - Loading from file system: file:/home/me/ComProg_Project/target/classes/assets/textures/up_sprite.png
17:59:59.030 [FXGL Background Thread 2 ] DEBUG FXGLAssetLoaderServi - Loading from file system: file:/home/me/ComProg_Project/target/classes/assets/music/main_music.wav
17:59:59.105 [FXGL Background Thread 2 ] DEBUG AudioPlayer          - Playing music com.almasb.fxgl.audio.Music@50ec68a7
17:59:59.109 [FXGL Background Thread 2 ] INFO  FXGLApplication      - Game initialization took: 0.466 sec
17:59:59.109 [JavaFX Application Thread] DEBUG Input                - Clearing active input actions
17:59:59.122 [JavaFX Application Thread] DEBUG GameApplicationServi - Removing overlay from LoadingInterface and adding to GameScene
17:59:59.122 [JavaFX Application Thread] DEBUG PrimaryStageWindow   - LoadingInterface -> GameScene
17:59:59.598 [JavaFX Application Thread] DEBUG FXGLAssetLoaderServi - Loading from file system: file:/home/me/ComProg_Project/target/classes/assets/textures/enemy_sprite.png
17:59:59.606 [JavaFX Application Thread] DEBUG FXGLAssetLoaderServi - Loading from file system: file:/home/me/ComProg_Project/target/classes/assets/textures/explosion_sprite.png
18:00:00.357 [FXGL Background Thread 3 ] DEBUG Engine               - Logging environment variables
18:00:00.359 [FXGL Background Thread 3 ] DEBUG Engine               - achievements: []
18:00:00.359 [FXGL Background Thread 3 ] DEBUG Engine               - actualHeight: 685.0
18:00:00.360 [FXGL Background Thread 3 ] DEBUG Engine               - actualHeightProperty: ReadOnlyDoubleProperty [value: 685.0]
18:00:00.360 [FXGL Background Thread 3 ] DEBUG Engine               - actualWidth: 1280.0
18:00:00.360 [FXGL Background Thread 3 ] DEBUG Engine               - actualWidthProperty: ReadOnlyDoubleProperty [value: 1280.0]
18:00:00.361 [FXGL Background Thread 3 ] DEBUG Engine               - appIcon: fxgl_icon.png
18:00:00.361 [FXGL Background Thread 3 ] DEBUG Engine               - applicationMode: DEVELOPER
18:00:00.361 [FXGL Background Thread 3 ] DEBUG Engine               - cSSList: [fxgl_dark.css]
18:00:00.361 [FXGL Background Thread 3 ] DEBUG Engine               - collisionDetectionStrategy: BRUTE_FORCE
18:00:00.362 [FXGL Background Thread 3 ] DEBUG Engine               - configClass: Optional.empty
18:00:00.362 [FXGL Background Thread 3 ] DEBUG Engine               - credits: []
18:00:00.363 [FXGL Background Thread 3 ] DEBUG Engine               - defaultCursor: CursorInfo(imageName=fxgl_default_cursor.png, hotspotX=7.0, hotspotY=6.0)
18:00:00.363 [FXGL Background Thread 3 ] DEBUG Engine               - devBBoxColorProperty: ObjectProperty [value: 0xff0000ff]
18:00:00.364 [FXGL Background Thread 3 ] DEBUG Engine               - devEnableDebugCameraProperty: BooleanProperty [value: false]
18:00:00.364 [FXGL Background Thread 3 ] DEBUG Engine               - devSensorColorProperty: ObjectProperty [value: 0xffff00ff]
18:00:00.364 [FXGL Background Thread 3 ] DEBUG Engine               - devShowBBoxProperty: BooleanProperty [value: false]
18:00:00.365 [FXGL Background Thread 3 ] DEBUG Engine               - devShowPositionProperty: BooleanProperty [value: false]
18:00:00.365 [FXGL Background Thread 3 ] DEBUG Engine               - enabledMenuItems: []
18:00:00.365 [FXGL Background Thread 3 ] DEBUG Engine               - engineServices: [class com.almasb.fxgl.app.services.FXGLAssetLoaderService, class com.almasb.fxgl.app.FXGLApplication$GameApplicationService, class com.almasb.fxgl.app.services.FXGLDialogService, class com.almasb.fxgl.app.services.IOTaskExecutorService, class com.almasb.fxgl.io.FileSystemService, class com.almasb.fxgl.localization.LocalizationService, class com.almasb.fxgl.app.services.SystemBundleService, class com.almasb.fxgl.profile.SaveLoadService, class com.almasb.fxgl.ui.FXGLUIFactoryServiceProvider, class com.almasb.fxgl.ui.FXGLDialogFactoryServiceProvider, class com.almasb.fxgl.audio.AudioPlayer, class com.almasb.fxgl.notification.impl.NotificationServiceProvider, class com.almasb.fxgl.achievement.AchievementService, class com.almasb.fxgl.cutscene.CutsceneService, class com.almasb.fxgl.minigames.MiniGameService, class com.almasb.fxgl.net.NetService, class com.almasb.fxgl.app.services.UpdaterService, class com.almasb.fxgl.dev.DevService]
18:00:00.366 [FXGL Background Thread 3 ] DEBUG Engine               - fontGame: Abel-Regular.ttf
18:00:00.366 [FXGL Background Thread 3 ] DEBUG Engine               - fontMono: TerminalLandMono-Regular.otf
18:00:00.366 [FXGL Background Thread 3 ] DEBUG Engine               - fontSizeScaleUI: 1.0
18:00:00.366 [FXGL Background Thread 3 ] DEBUG Engine               - fontText: Courier-Prime.ttf
18:00:00.367 [FXGL Background Thread 3 ] DEBUG Engine               - fontUI: VarelaRound-Regular.ttf
18:00:00.368 [FXGL Background Thread 3 ] DEBUG Engine               - fpsRefreshRate: 500.0 ms
18:00:00.368 [FXGL Background Thread 3 ] DEBUG Engine               - fullScreen: BooleanProperty [value: false]
18:00:00.368 [FXGL Background Thread 3 ] DEBUG Engine               - gameDifficulty: MEDIUM
18:00:00.368 [FXGL Background Thread 3 ] DEBUG Engine               - gameDifficultyProperty: ObjectProperty [value: MEDIUM]
18:00:00.369 [FXGL Background Thread 3 ] DEBUG Engine               - globalMusicVolume: 0.5
18:00:00.369 [FXGL Background Thread 3 ] DEBUG Engine               - globalMusicVolumeProperty: DoubleProperty [value: 0.5]
18:00:00.369 [FXGL Background Thread 3 ] DEBUG Engine               - globalSoundVolume: 0.5
18:00:00.370 [FXGL Background Thread 3 ] DEBUG Engine               - globalSoundVolumeProperty: DoubleProperty [value: 0.5]
18:00:00.370 [FXGL Background Thread 3 ] DEBUG Engine               - height: 720
18:00:00.370 [FXGL Background Thread 3 ] DEBUG Engine               - is3D: false
18:00:00.370 [FXGL Background Thread 3 ] DEBUG Engine               - isAndroid: false
18:00:00.371 [FXGL Background Thread 3 ] DEBUG Engine               - isBrowser: false
18:00:00.371 [FXGL Background Thread 3 ] DEBUG Engine               - isClickFeedbackEnabled: false
18:00:00.371 [FXGL Background Thread 3 ] DEBUG Engine               - isCloseConfirmation: false
18:00:00.372 [FXGL Background Thread 3 ] DEBUG Engine               - isDesktop: true
18:00:00.372 [FXGL Background Thread 3 ] DEBUG Engine               - isDeveloperMenuEnabled: false
18:00:00.372 [FXGL Background Thread 3 ] DEBUG Engine               - isEmbedded: false
18:00:00.373 [FXGL Background Thread 3 ] DEBUG Engine               - isEntityPreloadEnabled: true
18:00:00.373 [FXGL Background Thread 3 ] DEBUG Engine               - isExperimentalTiledLargeMap: false
18:00:00.374 [FXGL Background Thread 3 ] DEBUG Engine               - isFileSystemWriteAllowed: true
18:00:00.374 [FXGL Background Thread 3 ] DEBUG Engine               - isFullScreenAllowed: false
18:00:00.374 [FXGL Background Thread 3 ] DEBUG Engine               - isFullScreenFromStart: false
18:00:00.374 [FXGL Background Thread 3 ] DEBUG Engine               - isGameMenuEnabled: true
18:00:00.374 [FXGL Background Thread 3 ] DEBUG Engine               - isIOS: false
18:00:00.374 [FXGL Background Thread 3 ] DEBUG Engine               - isIntroEnabled: false
18:00:00.375 [FXGL Background Thread 3 ] DEBUG Engine               - isLinux: true
18:00:00.375 [FXGL Background Thread 3 ] DEBUG Engine               - isMac: false
18:00:00.375 [FXGL Background Thread 3 ] DEBUG Engine               - isMainMenuEnabled: true
18:00:00.375 [FXGL Background Thread 3 ] DEBUG Engine               - isManualResizeEnabled: false
18:00:00.376 [FXGL Background Thread 3 ] DEBUG Engine               - isMobile: false
18:00:00.376 [FXGL Background Thread 3 ] DEBUG Engine               - isNative: false
18:00:00.376 [FXGL Background Thread 3 ] DEBUG Engine               - isPauseMusicWhenMinimized: true
18:00:00.376 [FXGL Background Thread 3 ] DEBUG Engine               - isPreserveResizeRatio: false
18:00:00.377 [FXGL Background Thread 3 ] DEBUG Engine               - isProfilingEnabled: false
18:00:00.377 [FXGL Background Thread 3 ] DEBUG Engine               - isScaleAffectedOnResize: true
18:00:00.377 [FXGL Background Thread 3 ] DEBUG Engine               - isSingleStep: false
18:00:00.377 [FXGL Background Thread 3 ] DEBUG Engine               - isUserProfileEnabled: false
18:00:00.377 [FXGL Background Thread 3 ] DEBUG Engine               - isWindows: false
18:00:00.378 [FXGL Background Thread 3 ] DEBUG Engine               - language: ObjectProperty [value: ENGLISH]
18:00:00.378 [FXGL Background Thread 3 ] DEBUG Engine               - menuKey: ESCAPE
18:00:00.378 [FXGL Background Thread 3 ] DEBUG Engine               - mouseSensitivity: 0.2
18:00:00.378 [FXGL Background Thread 3 ] DEBUG Engine               - notificationViewClass: class com.almasb.fxgl.notification.view.XboxNotificationView
18:00:00.378 [FXGL Background Thread 3 ] DEBUG Engine               - pixelsPerMeter: 50.0
18:00:00.379 [FXGL Background Thread 3 ] DEBUG Engine               - platform: LINUX
18:00:00.379 [FXGL Background Thread 3 ] DEBUG Engine               - prefHeightProperty: ReadOnlyDoubleProperty [value: 720.0]
18:00:00.379 [FXGL Background Thread 3 ] DEBUG Engine               - prefWidthProperty: ReadOnlyDoubleProperty [value: 1280.0]
18:00:00.379 [FXGL Background Thread 3 ] DEBUG Engine               - profileDir: profiles/
18:00:00.379 [FXGL Background Thread 3 ] DEBUG Engine               - profileName: StringProperty [value: DEFAULT]
18:00:00.379 [FXGL Background Thread 3 ] DEBUG Engine               - randomSeed: -1
18:00:00.380 [FXGL Background Thread 3 ] DEBUG Engine               - runtimeInfo: RuntimeInfo(platform=LINUX, version=25, build=05.02.2026 22.57)
18:00:00.380 [FXGL Background Thread 3 ] DEBUG Engine               - saveFileExt: sav
18:00:00.380 [FXGL Background Thread 3 ] DEBUG Engine               - scaledHeightProp$fxgl: DoubleProperty [bound, value: 685.0]
18:00:00.380 [FXGL Background Thread 3 ] DEBUG Engine               - scaledWidthProp$fxgl: DoubleProperty [bound, value: 1280.0]
18:00:00.381 [FXGL Background Thread 3 ] DEBUG Engine               - sceneFactory: org.group1.GamePackage.Factory.MainSceneFactory@2638c318
18:00:00.381 [FXGL Background Thread 3 ] DEBUG Engine               - secondsIn24h: 60
18:00:00.381 [FXGL Background Thread 3 ] DEBUG Engine               - soundMenuBack: menu/back.wav
18:00:00.381 [FXGL Background Thread 3 ] DEBUG Engine               - soundMenuPress: menu/press.wav
18:00:00.381 [FXGL Background Thread 3 ] DEBUG Engine               - soundMenuSelect: menu/select.wav
18:00:00.381 [FXGL Background Thread 3 ] DEBUG Engine               - soundNotification: core/notification.wav
18:00:00.382 [FXGL Background Thread 3 ] DEBUG Engine               - stageStyle: DECORATED
18:00:00.382 [FXGL Background Thread 3 ] DEBUG Engine               - supportedLanguages: [ENGLISH, FRENCH, GERMAN, HUNGARIAN, RUSSIAN]
18:00:00.382 [FXGL Background Thread 3 ] DEBUG Engine               - ticksPerSecond: -1
18:00:00.382 [FXGL Background Thread 3 ] DEBUG Engine               - title: Untitled
18:00:00.382 [FXGL Background Thread 3 ] DEBUG Engine               - urlGithub: https://github.com/AlmasB/FXGL
18:00:00.382 [FXGL Background Thread 3 ] DEBUG Engine               - urlLeaderboard: http://fxgl-top.herokuapp.com/
18:00:00.382 [FXGL Background Thread 3 ] DEBUG Engine               - urlPOM: https://raw.githubusercontent.com/AlmasB/FXGL/release/README.md
18:00:00.382 [FXGL Background Thread 3 ] DEBUG Engine               - userAppClass: class org.group1.GamePackage.Application
18:00:00.383 [FXGL Background Thread 3 ] DEBUG Engine               - version: 0.0
18:00:00.383 [FXGL Background Thread 3 ] DEBUG Engine               - versionCheckDays: 7
18:00:00.383 [FXGL Background Thread 3 ] DEBUG Engine               - width: 1280
18:00:00.383 [FXGL Background Thread 3 ] DEBUG Engine               - Logging services
18:00:00.383 [FXGL Background Thread 3 ] DEBUG Engine               - class com.almasb.fxgl.app.services.FXGLAssetLoaderService
18:00:00.383 [FXGL Background Thread 3 ] DEBUG Engine               - class com.almasb.fxgl.app.FXGLApplication$GameApplicationService
18:00:00.383 [FXGL Background Thread 3 ] DEBUG Engine               - class com.almasb.fxgl.app.services.FXGLDialogService
18:00:00.383 [FXGL Background Thread 3 ] DEBUG Engine               - class com.almasb.fxgl.app.services.IOTaskExecutorService
18:00:00.383 [FXGL Background Thread 3 ] DEBUG Engine               - class com.almasb.fxgl.io.FileSystemService
18:00:00.384 [FXGL Background Thread 3 ] DEBUG Engine               - class com.almasb.fxgl.localization.LocalizationService
18:00:00.384 [FXGL Background Thread 3 ] DEBUG Engine               - class com.almasb.fxgl.app.services.SystemBundleService
18:00:00.384 [FXGL Background Thread 3 ] DEBUG Engine               - class com.almasb.fxgl.profile.SaveLoadService
18:00:00.384 [FXGL Background Thread 3 ] DEBUG Engine               - class com.almasb.fxgl.ui.FXGLUIFactoryServiceProvider
18:00:00.384 [FXGL Background Thread 3 ] DEBUG Engine               - class com.almasb.fxgl.ui.FXGLDialogFactoryServiceProvider
18:00:00.384 [FXGL Background Thread 3 ] DEBUG Engine               - class com.almasb.fxgl.audio.AudioPlayer
18:00:00.384 [FXGL Background Thread 3 ] DEBUG Engine               - class com.almasb.fxgl.notification.impl.NotificationServiceProvider
18:00:00.384 [FXGL Background Thread 3 ] DEBUG Engine               - class com.almasb.fxgl.achievement.AchievementService
18:00:00.384 [FXGL Background Thread 3 ] DEBUG Engine               - class com.almasb.fxgl.cutscene.CutsceneService
18:00:00.384 [FXGL Background Thread 3 ] DEBUG Engine               - class com.almasb.fxgl.minigames.MiniGameService
18:00:00.384 [FXGL Background Thread 3 ] DEBUG Engine               - class com.almasb.fxgl.net.NetService
18:00:00.385 [FXGL Background Thread 3 ] DEBUG Engine               - class com.almasb.fxgl.app.services.UpdaterService
18:00:00.385 [FXGL Background Thread 3 ] DEBUG Engine               - class com.almasb.fxgl.dev.DevService
18:00:00.450 [JavaFX Application Thread] DEBUG FXGLApplication      - Exiting FXGL
18:00:00.450 [JavaFX Application Thread] DEBUG LoopRunner           - Stopping loop
18:00:00.450 [JavaFX Application Thread] DEBUG SystemBundleService  - Saving FXGL system data
18:00:00.453 [JavaFX Application Thread] DEBUG FileSystemAccess     - Writing to: /home/me/ComProg_Project/system/fxgl.bundle
18:00:00.455 [JavaFX Application Thread] DEBUG Async                - Shutting down background threads
18:00:00.455 [JavaFX Application Thread] DEBUG PrimaryStageWindow   - Closing main window
18:00:00.459 [JavaFX Application Thread] DEBUG Logger               - Closing Logger
