00:24:11.993 [main                     ] DEBUG Logger               - Configured Logger
00:24:12.003 [main                     ] DEBUG GameApplication      - Logging settings
Title: Untitled
Version: 0.0
Width: 1280
Height: 720
Fullscreen: false
Intro: false
Profiling: false
Single step:false
App Mode: DEVELOPER
Menu Key: ESCAPE
Stage Style: DECORATED
Scene Factory: class com.almasb.fxgl.app.scene.SceneFactory

00:24:12.266 [JavaFX Application Thread] DEBUG FXGLApplication      - Initializing FXGL
00:24:12.271 [JavaFX Application Thread] INFO  Engine               - FXGL-25 (05.02.2026 22.57) on LINUX (J:25.0.2 FX:21.0.6)
00:24:12.272 [JavaFX Application Thread] DEBUG Engine               - JRE Vendor Name: Arch Linux
00:24:12.272 [JavaFX Application Thread] DEBUG Engine               - Running on OS: Linux version 6.19.9-arch1-1
00:24:12.272 [JavaFX Application Thread] DEBUG Engine               - Architecture: amd64
00:24:12.272 [JavaFX Application Thread] INFO  Engine               - Source code and latest versions at: https://github.com/AlmasB/FXGL
00:24:12.272 [JavaFX Application Thread] INFO  Engine               -       Ask questions and discuss at: https://github.com/AlmasB/FXGL/discussions
00:24:12.367 [JavaFX Application Thread] DEBUG PrimaryStageWindow   - Creating a JavaFX scene
00:24:12.467 [JavaFX Application Thread] DEBUG PrimaryStageWindow   - Target settings size: 1280.0 x 720.0
00:24:12.467 [JavaFX Application Thread] DEBUG PrimaryStageWindow   - Scaled scene size:    1280.0 x 720.0
00:24:12.467 [JavaFX Application Thread] DEBUG PrimaryStageWindow   - Scaled ratio: (1.0, 1.0)
00:24:12.468 [JavaFX Application Thread] DEBUG PrimaryStageWindow   - Set initial scene to FXGLStartupScene
00:24:12.473 [JavaFX Application Thread] DEBUG PrimaryStageWindow   - Opening main window
00:24:12.561 [JavaFX Application Thread] DEBUG PrimaryStageWindow   - Window border size: (0.0, 35.0)
00:24:12.561 [JavaFX Application Thread] DEBUG PrimaryStageWindow   - Scaled size: 1280.0 x 685.0
00:24:12.561 [JavaFX Application Thread] DEBUG PrimaryStageWindow   - Scaled ratio: (1.0, 0.9513888888888888)
00:24:12.562 [JavaFX Application Thread] DEBUG PrimaryStageWindow   - Scene size: 1280.0 x 720.0
00:24:12.562 [JavaFX Application Thread] DEBUG PrimaryStageWindow   - Stage size: 1280.0 x 720.0
00:24:12.569 [FXGL Background Thread 1 ] DEBUG Engine               - Initializing environment variables
00:24:12.658 [FXGL Background Thread 1 ] DEBUG FXGLAssetLoaderServi - User app class for loading assets: class org.group1.GamePackage.Application
00:24:12.659 [FXGL Background Thread 1 ] DEBUG GameApplicationServi - Applying CSS: fxgl_dark.css
00:24:12.660 [FXGL Background Thread 1 ] DEBUG FXGLAssetLoaderServi - Loading from file system: jar:file:///home/me/.m2/repository/com/github/almasb/fxgl/25/fxgl-25.jar!/fxglassets/ui/css/fxgl_dark.css
00:24:12.721 [FXGL Background Thread 1 ] DEBUG GameApplicationServi - Initializing application scenes
00:24:12.766 [FXGL Background Thread 1 ] DEBUG GameWorld            - Game world initialized
00:24:12.836 [FXGL Background Thread 1 ] DEBUG PhysicsWorld         - Physics world initialized: appHeight=720, physics.ppm=50.0
00:24:12.837 [FXGL Background Thread 1 ] DEBUG PhysicsWorld         - Using strategy: BRUTE_FORCE
00:24:12.846 [FXGL Background Thread 1 ] DEBUG GameScene            - Game scene initialized: 1280x720
00:24:12.866 [FXGL Background Thread 1 ] DEBUG FXGL.DefaultMenu     - createMenuBodyGameMenu()
00:24:12.883 [FXGL Background Thread 1 ] DEBUG FXGL.DefaultMenu     - createOptionsMenu()
00:24:12.900 [FXGL Background Thread 1 ] DEBUG FXGLAssetLoaderServi - Loading from file system: jar:file:///home/me/.m2/repository/com/github/almasb/fxgl/25/fxgl-25.jar!/fxglassets/textures/particles/smoke.png
00:24:13.025 [FXGL Background Thread 1 ] DEBUG FXGLAssetLoaderServi - Loading from file system: jar:file:///home/me/.m2/repository/com/github/almasb/fxgl/25/fxgl-25.jar!/fxglassets/textures/particles/trace_horizontal.png
00:24:13.068 [FXGL Background Thread 1 ] DEBUG GameApplicationServi - Application scenes initialized
00:24:13.083 [FXGL Background Thread 1 ] DEBUG SystemBundleService  - Loading FXGL system data
00:24:13.087 [FXGL Background Thread 1 ] DEBUG FileSystemAccess     - Reading from: /home/me/ComProg_Project/system/fxgl.bundle
00:24:13.096 [FXGL Background Thread 1 ] DEBUG SystemBundleService  - Bundle FXGL: {}
00:24:13.096 [FXGL Background Thread 1 ] DEBUG UpdaterService       - Checking for updates
00:24:13.102 [FXGL Background Thread 4 ] DEBUG FXGLApplication      - Loading fonts
00:24:13.103 [FXGL Background Thread 4 ] DEBUG FXGLAssetLoaderServi - Loading from file system: jar:file:///home/me/.m2/repository/com/github/almasb/fxgl/25/fxgl-25.jar!/fxglassets/ui/fonts/VarelaRound-Regular.ttf
00:24:13.103 [FXGL Background Thread 1 ] DEBUG FXGLApplication      - Loading default localization
00:24:13.104 [FXGL Background Thread 1 ] DEBUG FXGLAssetLoaderServi - Loading from file system: jar:file:///home/me/.m2/repository/com/github/almasb/fxgl/25/fxgl-25.jar!/fxglassets/languages/english.lang
00:24:13.113 [FXGL Background Thread 4 ] DEBUG FXGLAssetLoaderServi - Loading from file system: jar:file:///home/me/.m2/repository/com/github/almasb/fxgl/25/fxgl-25.jar!/fxglassets/ui/fonts/Abel-Regular.ttf
00:24:13.116 [FXGL Background Thread 4 ] DEBUG FXGLAssetLoaderServi - Loading from file system: jar:file:///home/me/.m2/repository/com/github/almasb/fxgl/25/fxgl-25.jar!/fxglassets/ui/fonts/TerminalLandMono-Regular.otf
00:24:13.119 [FXGL Background Thread 4 ] DEBUG FXGLAssetLoaderServi - Loading from file system: jar:file:///home/me/.m2/repository/com/github/almasb/fxgl/25/fxgl-25.jar!/fxglassets/ui/fonts/Courier-Prime.ttf
00:24:13.126 [JavaFX Application Thread] DEBUG FXGLApplication      - Registering font factories with UI factory
00:24:13.127 [FXGL Background Thread 1 ] INFO  FXGLApplication      - FXGL initialization took: 0.558 sec
00:24:13.147 [JavaFX Application Thread] DEBUG Input                - Registered new binding: Shoot - Space
00:24:13.147 [JavaFX Application Thread] DEBUG Input                - Registered new binding: Move up - W
00:24:13.148 [JavaFX Application Thread] DEBUG Input                - Registered new binding: Move down - S
00:24:13.148 [JavaFX Application Thread] DEBUG Input                - Registered new binding: Move left - A
00:24:13.148 [JavaFX Application Thread] DEBUG Input                - Registered new binding: Move right - D
00:24:13.149 [JavaFX Application Thread] DEBUG FXGLAssetLoaderServi - Loading from file system: jar:file:///home/me/.m2/repository/com/github/almasb/fxgl/25/fxgl-25.jar!/fxglassets/textures/fxgl_icon.png
00:24:13.197 [JavaFX Application Thread] DEBUG FXGLAssetLoaderServi - Loading from file system: jar:file:///home/me/.m2/repository/com/github/almasb/fxgl/25/fxgl-25.jar!/fxglassets/textures/fxgl_default_cursor.png
00:24:13.200 [JavaFX Application Thread] DEBUG Input                - Registered new binding: Screenshot - CTRL+8
00:24:13.201 [JavaFX Application Thread] DEBUG Input                - Registered new binding: System info dump - CTRL+9
00:24:13.201 [JavaFX Application Thread] DEBUG Input                - Registered new binding: Restart - CTRL+R
00:24:13.202 [JavaFX Application Thread] DEBUG Input                - Registered new binding: Toggle Debug Camera - CTRL+7
00:24:13.207 [JavaFX Application Thread] DEBUG LoopRunner           - Starting loop
00:24:13.207 [JavaFX Application Thread] DEBUG LoopRunner           - Initializing JavaFX AnimationTimerLoop
00:24:13.208 [JavaFX Application Thread] DEBUG GameApplicationServi - Starting new game
00:24:13.209 [JavaFX Application Thread] DEBUG Input                - Clearing active input actions
00:24:13.226 [JavaFX Application Thread] DEBUG GameApplicationServi - Removing overlay from FXGLStartupScene and adding to FXGLLoadingScene
00:24:13.226 [JavaFX Application Thread] DEBUG PrimaryStageWindow   - FXGLStartupScene -> FXGLLoadingScene
00:24:13.226 [JavaFX Application Thread] DEBUG GameApplicationServi - Clearing previous game
00:24:13.226 [JavaFX Application Thread] DEBUG GameScene            - Clearing game scene
00:24:13.227 [JavaFX Application Thread] DEBUG GameWorld            - Clearing game world
00:24:13.227 [JavaFX Application Thread] DEBUG PhysicsWorld         - Clearing physics world
00:24:13.229 [FXGL Background Thread 1 ] DEBUG FXGLApplication      - Initializing game
00:24:13.246 [FXGL Background Thread 1 ] DEBUG FXGLAssetLoaderServi - Loading from file system: file:/home/me/ComProg_Project/target/classes/assets/textures/idle_sprite.png
00:24:13.265 [FXGL Background Thread 1 ] DEBUG FXGLAssetLoaderServi - Loading from file system: file:/home/me/ComProg_Project/target/classes/assets/textures/down_sprite.png
00:24:13.279 [FXGL Background Thread 1 ] DEBUG FXGLAssetLoaderServi - Loading from file system: file:/home/me/ComProg_Project/target/classes/assets/textures/up_sprite.png
00:24:13.324 [FXGL Background Thread 1 ] INFO  FXGLApplication      - Game initialization took: 0.094 sec
00:24:13.410 [JavaFX Application Thread] DEBUG Input                - Clearing active input actions
00:24:13.433 [JavaFX Application Thread] DEBUG GameApplicationServi - Removing overlay from FXGLLoadingScene and adding to GameScene
00:24:13.434 [JavaFX Application Thread] DEBUG PrimaryStageWindow   - FXGLLoadingScene -> GameScene
00:24:14.483 [JavaFX Application Thread] DEBUG FXGLAssetLoaderServi - Loading from file system: file:/home/me/ComProg_Project/target/classes/assets/textures/bullet_sprite.png
00:24:16.100 [FXGL Background Thread 3 ] DEBUG Engine               - Logging environment variables
00:24:16.102 [FXGL Background Thread 3 ] DEBUG Engine               - achievements: []
00:24:16.102 [FXGL Background Thread 3 ] DEBUG Engine               - actualHeight: 685.0
00:24:16.103 [FXGL Background Thread 3 ] DEBUG Engine               - actualHeightProperty: ReadOnlyDoubleProperty [value: 685.0]
00:24:16.103 [FXGL Background Thread 3 ] DEBUG Engine               - actualWidth: 1280.0
00:24:16.103 [FXGL Background Thread 3 ] DEBUG Engine               - actualWidthProperty: ReadOnlyDoubleProperty [value: 1280.0]
00:24:16.104 [FXGL Background Thread 3 ] DEBUG Engine               - appIcon: fxgl_icon.png
00:24:16.104 [FXGL Background Thread 3 ] DEBUG Engine               - applicationMode: DEVELOPER
00:24:16.105 [FXGL Background Thread 3 ] DEBUG Engine               - cSSList: [fxgl_dark.css]
00:24:16.105 [FXGL Background Thread 3 ] DEBUG Engine               - collisionDetectionStrategy: BRUTE_FORCE
00:24:16.105 [FXGL Background Thread 3 ] DEBUG Engine               - configClass: Optional.empty
00:24:16.106 [FXGL Background Thread 3 ] DEBUG Engine               - credits: []
00:24:16.107 [FXGL Background Thread 3 ] DEBUG Engine               - defaultCursor: CursorInfo(imageName=fxgl_default_cursor.png, hotspotX=7.0, hotspotY=6.0)
00:24:16.108 [FXGL Background Thread 3 ] DEBUG Engine               - devBBoxColorProperty: ObjectProperty [value: 0xff0000ff]
00:24:16.108 [FXGL Background Thread 3 ] DEBUG Engine               - devEnableDebugCameraProperty: BooleanProperty [value: false]
00:24:16.109 [FXGL Background Thread 3 ] DEBUG Engine               - devSensorColorProperty: ObjectProperty [value: 0xffff00ff]
00:24:16.109 [FXGL Background Thread 3 ] DEBUG Engine               - devShowBBoxProperty: BooleanProperty [value: false]
00:24:16.109 [FXGL Background Thread 3 ] DEBUG Engine               - devShowPositionProperty: BooleanProperty [value: false]
00:24:16.110 [FXGL Background Thread 3 ] DEBUG Engine               - enabledMenuItems: []
00:24:16.110 [FXGL Background Thread 3 ] DEBUG Engine               - engineServices: [class com.almasb.fxgl.app.services.FXGLAssetLoaderService, class com.almasb.fxgl.app.FXGLApplication$GameApplicationService, class com.almasb.fxgl.app.services.FXGLDialogService, class com.almasb.fxgl.app.services.IOTaskExecutorService, class com.almasb.fxgl.io.FileSystemService, class com.almasb.fxgl.localization.LocalizationService, class com.almasb.fxgl.app.services.SystemBundleService, class com.almasb.fxgl.profile.SaveLoadService, class com.almasb.fxgl.ui.FXGLUIFactoryServiceProvider, class com.almasb.fxgl.ui.FXGLDialogFactoryServiceProvider, class com.almasb.fxgl.audio.AudioPlayer, class com.almasb.fxgl.notification.impl.NotificationServiceProvider, class com.almasb.fxgl.achievement.AchievementService, class com.almasb.fxgl.cutscene.CutsceneService, class com.almasb.fxgl.minigames.MiniGameService, class com.almasb.fxgl.net.NetService, class com.almasb.fxgl.app.services.UpdaterService, class com.almasb.fxgl.dev.DevService]
00:24:16.111 [FXGL Background Thread 3 ] DEBUG Engine               - fontGame: Abel-Regular.ttf
00:24:16.111 [FXGL Background Thread 3 ] DEBUG Engine               - fontMono: TerminalLandMono-Regular.otf
00:24:16.111 [FXGL Background Thread 3 ] DEBUG Engine               - fontSizeScaleUI: 1.0
00:24:16.112 [FXGL Background Thread 3 ] DEBUG Engine               - fontText: Courier-Prime.ttf
00:24:16.112 [FXGL Background Thread 3 ] DEBUG Engine               - fontUI: VarelaRound-Regular.ttf
00:24:16.112 [FXGL Background Thread 3 ] DEBUG Engine               - fpsRefreshRate: 500.0 ms
00:24:16.113 [FXGL Background Thread 3 ] DEBUG Engine               - fullScreen: BooleanProperty [value: false]
00:24:16.113 [FXGL Background Thread 3 ] DEBUG Engine               - gameDifficulty: MEDIUM
00:24:16.113 [FXGL Background Thread 3 ] DEBUG Engine               - gameDifficultyProperty: ObjectProperty [value: MEDIUM]
00:24:16.114 [FXGL Background Thread 3 ] DEBUG Engine               - globalMusicVolume: 0.5
00:24:16.114 [FXGL Background Thread 3 ] DEBUG Engine               - globalMusicVolumeProperty: DoubleProperty [value: 0.5]
00:24:16.114 [FXGL Background Thread 3 ] DEBUG Engine               - globalSoundVolume: 0.5
00:24:16.114 [FXGL Background Thread 3 ] DEBUG Engine               - globalSoundVolumeProperty: DoubleProperty [value: 0.5]
00:24:16.115 [FXGL Background Thread 3 ] DEBUG Engine               - height: 720
00:24:16.115 [FXGL Background Thread 3 ] DEBUG Engine               - is3D: false
00:24:16.115 [FXGL Background Thread 3 ] DEBUG Engine               - isAndroid: false
00:24:16.115 [FXGL Background Thread 3 ] DEBUG Engine               - isBrowser: false
00:24:16.115 [FXGL Background Thread 3 ] DEBUG Engine               - isClickFeedbackEnabled: false
00:24:16.116 [FXGL Background Thread 3 ] DEBUG Engine               - isCloseConfirmation: false
00:24:16.116 [FXGL Background Thread 3 ] DEBUG Engine               - isDesktop: true
00:24:16.117 [FXGL Background Thread 3 ] DEBUG Engine               - isDeveloperMenuEnabled: false
00:24:16.117 [FXGL Background Thread 3 ] DEBUG Engine               - isEmbedded: false
00:24:16.117 [FXGL Background Thread 3 ] DEBUG Engine               - isEntityPreloadEnabled: true
00:24:16.117 [FXGL Background Thread 3 ] DEBUG Engine               - isExperimentalTiledLargeMap: false
00:24:16.117 [FXGL Background Thread 3 ] DEBUG Engine               - isFileSystemWriteAllowed: true
00:24:16.118 [FXGL Background Thread 3 ] DEBUG Engine               - isFullScreenAllowed: false
00:24:16.118 [FXGL Background Thread 3 ] DEBUG Engine               - isFullScreenFromStart: false
00:24:16.118 [FXGL Background Thread 3 ] DEBUG Engine               - isGameMenuEnabled: true
00:24:16.118 [FXGL Background Thread 3 ] DEBUG Engine               - isIOS: false
00:24:16.119 [FXGL Background Thread 3 ] DEBUG Engine               - isIntroEnabled: false
00:24:16.119 [FXGL Background Thread 3 ] DEBUG Engine               - isLinux: true
00:24:16.119 [FXGL Background Thread 3 ] DEBUG Engine               - isMac: false
00:24:16.120 [FXGL Background Thread 3 ] DEBUG Engine               - isMainMenuEnabled: false
00:24:16.120 [FXGL Background Thread 3 ] DEBUG Engine               - isManualResizeEnabled: false
00:24:16.120 [FXGL Background Thread 3 ] DEBUG Engine               - isMobile: false
00:24:16.120 [FXGL Background Thread 3 ] DEBUG Engine               - isNative: false
00:24:16.121 [FXGL Background Thread 3 ] DEBUG Engine               - isPauseMusicWhenMinimized: true
00:24:16.121 [FXGL Background Thread 3 ] DEBUG Engine               - isPreserveResizeRatio: false
00:24:16.121 [FXGL Background Thread 3 ] DEBUG Engine               - isProfilingEnabled: false
00:24:16.122 [FXGL Background Thread 3 ] DEBUG Engine               - isScaleAffectedOnResize: true
00:24:16.122 [FXGL Background Thread 3 ] DEBUG Engine               - isSingleStep: false
00:24:16.122 [FXGL Background Thread 3 ] DEBUG Engine               - isUserProfileEnabled: false
00:24:16.123 [FXGL Background Thread 3 ] DEBUG Engine               - isWindows: false
00:24:16.123 [FXGL Background Thread 3 ] DEBUG Engine               - language: ObjectProperty [value: ENGLISH]
00:24:16.123 [FXGL Background Thread 3 ] DEBUG Engine               - menuKey: ESCAPE
00:24:16.124 [FXGL Background Thread 3 ] DEBUG Engine               - mouseSensitivity: 0.2
00:24:16.124 [FXGL Background Thread 3 ] DEBUG Engine               - notificationViewClass: class com.almasb.fxgl.notification.view.XboxNotificationView
00:24:16.124 [FXGL Background Thread 3 ] DEBUG Engine               - pixelsPerMeter: 50.0
00:24:16.124 [FXGL Background Thread 3 ] DEBUG Engine               - platform: LINUX
00:24:16.125 [FXGL Background Thread 3 ] DEBUG Engine               - prefHeightProperty: ReadOnlyDoubleProperty [value: 720.0]
00:24:16.125 [FXGL Background Thread 3 ] DEBUG Engine               - prefWidthProperty: ReadOnlyDoubleProperty [value: 1280.0]
00:24:16.125 [FXGL Background Thread 3 ] DEBUG Engine               - profileDir: profiles/
00:24:16.125 [FXGL Background Thread 3 ] DEBUG Engine               - profileName: StringProperty [value: DEFAULT]
00:24:16.125 [FXGL Background Thread 3 ] DEBUG Engine               - randomSeed: -1
00:24:16.126 [FXGL Background Thread 3 ] DEBUG Engine               - runtimeInfo: RuntimeInfo(platform=LINUX, version=25, build=05.02.2026 22.57)
00:24:16.126 [FXGL Background Thread 3 ] DEBUG Engine               - saveFileExt: sav
00:24:16.126 [FXGL Background Thread 3 ] DEBUG Engine               - scaledHeightProp$fxgl: DoubleProperty [bound, value: 685.0]
00:24:16.127 [FXGL Background Thread 3 ] DEBUG Engine               - scaledWidthProp$fxgl: DoubleProperty [bound, value: 1280.0]
00:24:16.127 [FXGL Background Thread 3 ] DEBUG Engine               - sceneFactory: com.almasb.fxgl.app.scene.SceneFactory@6aa2d9a6
00:24:16.127 [FXGL Background Thread 3 ] DEBUG Engine               - secondsIn24h: 60
00:24:16.127 [FXGL Background Thread 3 ] DEBUG Engine               - soundMenuBack: menu/back.wav
00:24:16.127 [FXGL Background Thread 3 ] DEBUG Engine               - soundMenuPress: menu/press.wav
00:24:16.127 [FXGL Background Thread 3 ] DEBUG Engine               - soundMenuSelect: menu/select.wav
00:24:16.128 [FXGL Background Thread 3 ] DEBUG Engine               - soundNotification: core/notification.wav
00:24:16.128 [FXGL Background Thread 3 ] DEBUG Engine               - stageStyle: DECORATED
00:24:16.128 [FXGL Background Thread 3 ] DEBUG Engine               - supportedLanguages: [ENGLISH, FRENCH, GERMAN, HUNGARIAN, RUSSIAN]
00:24:16.128 [FXGL Background Thread 3 ] DEBUG Engine               - ticksPerSecond: -1
00:24:16.128 [FXGL Background Thread 3 ] DEBUG Engine               - title: Untitled
00:24:16.128 [FXGL Background Thread 3 ] DEBUG Engine               - urlGithub: https://github.com/AlmasB/FXGL
00:24:16.128 [FXGL Background Thread 3 ] DEBUG Engine               - urlLeaderboard: http://fxgl-top.herokuapp.com/
00:24:16.129 [FXGL Background Thread 3 ] DEBUG Engine               - urlPOM: https://raw.githubusercontent.com/AlmasB/FXGL/release/README.md
00:24:16.129 [FXGL Background Thread 3 ] DEBUG Engine               - userAppClass: class org.group1.GamePackage.Application
00:24:16.129 [FXGL Background Thread 3 ] DEBUG Engine               - version: 0.0
00:24:16.129 [FXGL Background Thread 3 ] DEBUG Engine               - versionCheckDays: 7
00:24:16.129 [FXGL Background Thread 3 ] DEBUG Engine               - width: 1280
00:24:16.129 [FXGL Background Thread 3 ] DEBUG Engine               - Logging services
00:24:16.129 [FXGL Background Thread 3 ] DEBUG Engine               - class com.almasb.fxgl.app.services.FXGLAssetLoaderService
00:24:16.129 [FXGL Background Thread 3 ] DEBUG Engine               - class com.almasb.fxgl.app.FXGLApplication$GameApplicationService
00:24:16.130 [FXGL Background Thread 3 ] DEBUG Engine               - class com.almasb.fxgl.app.services.FXGLDialogService
00:24:16.130 [FXGL Background Thread 3 ] DEBUG Engine               - class com.almasb.fxgl.app.services.IOTaskExecutorService
00:24:16.130 [FXGL Background Thread 3 ] DEBUG Engine               - class com.almasb.fxgl.io.FileSystemService
00:24:16.130 [FXGL Background Thread 3 ] DEBUG Engine               - class com.almasb.fxgl.localization.LocalizationService
00:24:16.130 [FXGL Background Thread 3 ] DEBUG Engine               - class com.almasb.fxgl.app.services.SystemBundleService
00:24:16.130 [FXGL Background Thread 3 ] DEBUG Engine               - class com.almasb.fxgl.profile.SaveLoadService
00:24:16.130 [FXGL Background Thread 3 ] DEBUG Engine               - class com.almasb.fxgl.ui.FXGLUIFactoryServiceProvider
00:24:16.130 [FXGL Background Thread 3 ] DEBUG Engine               - class com.almasb.fxgl.ui.FXGLDialogFactoryServiceProvider
00:24:16.130 [FXGL Background Thread 3 ] DEBUG Engine               - class com.almasb.fxgl.audio.AudioPlayer
00:24:16.130 [FXGL Background Thread 3 ] DEBUG Engine               - class com.almasb.fxgl.notification.impl.NotificationServiceProvider
00:24:16.130 [FXGL Background Thread 3 ] DEBUG Engine               - class com.almasb.fxgl.achievement.AchievementService
00:24:16.130 [FXGL Background Thread 3 ] DEBUG Engine               - class com.almasb.fxgl.cutscene.CutsceneService
00:24:16.131 [FXGL Background Thread 3 ] DEBUG Engine               - class com.almasb.fxgl.minigames.MiniGameService
00:24:16.131 [FXGL Background Thread 3 ] DEBUG Engine               - class com.almasb.fxgl.net.NetService
00:24:16.131 [FXGL Background Thread 3 ] DEBUG Engine               - class com.almasb.fxgl.app.services.UpdaterService
00:24:16.131 [FXGL Background Thread 3 ] DEBUG Engine               - class com.almasb.fxgl.dev.DevService
00:24:16.236 [JavaFX Application Thread] DEBUG FXGLAssetLoaderServi - Loading from file system: file:/home/me/ComProg_Project/target/classes/assets/textures/enemy_sprite.png
00:24:16.243 [JavaFX Application Thread] DEBUG FXGLAssetLoaderServi - Loading from file system: file:/home/me/ComProg_Project/target/classes/assets/textures/explosion_sprite.png
00:24:37.351 [JavaFX Application Thread] DEBUG FXGLApplication      - Exiting FXGL
00:24:37.351 [JavaFX Application Thread] DEBUG LoopRunner           - Stopping loop
00:24:37.351 [JavaFX Application Thread] DEBUG SystemBundleService  - Saving FXGL system data
00:24:37.352 [JavaFX Application Thread] DEBUG FileSystemAccess     - Writing to: /home/me/ComProg_Project/system/fxgl.bundle
00:24:37.354 [JavaFX Application Thread] DEBUG Async                - Shutting down background threads
00:24:37.354 [JavaFX Application Thread] DEBUG PrimaryStageWindow   - Closing main window
00:24:37.357 [JavaFX Application Thread] DEBUG Logger               - Closing Logger
