03:23:57.982 [main                     ] DEBUG Logger               - Configured Logger
03:23:57.989 [main                     ] DEBUG GameApplication      - Logging settings
Title: Untitled
Version: 0.0
Width: 1280
Height: 720
Fullscreen: false
Intro: false
Profiling: false
Single step:false
App Mode: DEVELOPER
Menu Key: ESCAPE
Stage Style: DECORATED
Scene Factory: class org.group1.GamePackage.Factory.MainSceneFactory

03:23:58.197 [JavaFX Application Thread] DEBUG FXGLApplication      - Initializing FXGL
03:23:58.201 [JavaFX Application Thread] INFO  Engine               - FXGL-25 (05.02.2026 22.57) on LINUX (J:25.0.2 FX:21.0.6)
03:23:58.202 [JavaFX Application Thread] DEBUG Engine               - JRE Vendor Name: Arch Linux
03:23:58.202 [JavaFX Application Thread] DEBUG Engine               - Running on OS: Linux version 6.19.9-arch1-1
03:23:58.202 [JavaFX Application Thread] DEBUG Engine               - Architecture: amd64
03:23:58.202 [JavaFX Application Thread] INFO  Engine               - Source code and latest versions at: https://github.com/AlmasB/FXGL
03:23:58.202 [JavaFX Application Thread] INFO  Engine               -       Ask questions and discuss at: https://github.com/AlmasB/FXGL/discussions
03:23:58.271 [JavaFX Application Thread] DEBUG PrimaryStageWindow   - Creating a JavaFX scene
03:23:58.350 [JavaFX Application Thread] DEBUG PrimaryStageWindow   - Target settings size: 1280.0 x 720.0
03:23:58.350 [JavaFX Application Thread] DEBUG PrimaryStageWindow   - Scaled scene size:    1280.0 x 720.0
03:23:58.350 [JavaFX Application Thread] DEBUG PrimaryStageWindow   - Scaled ratio: (1.0, 1.0)
03:23:58.351 [JavaFX Application Thread] DEBUG PrimaryStageWindow   - Set initial scene to FXGLStartupScene
03:23:58.355 [JavaFX Application Thread] DEBUG PrimaryStageWindow   - Opening main window
03:23:58.425 [JavaFX Application Thread] DEBUG PrimaryStageWindow   - Window border size: (0.0, 35.0)
03:23:58.425 [JavaFX Application Thread] DEBUG PrimaryStageWindow   - Scaled size: 1280.0 x 685.0
03:23:58.425 [JavaFX Application Thread] DEBUG PrimaryStageWindow   - Scaled ratio: (1.0, 0.9513888888888888)
03:23:58.425 [JavaFX Application Thread] DEBUG PrimaryStageWindow   - Scene size: 1280.0 x 720.0
03:23:58.425 [JavaFX Application Thread] DEBUG PrimaryStageWindow   - Stage size: 1280.0 x 720.0
03:23:58.430 [FXGL Background Thread 1 ] DEBUG Engine               - Initializing environment variables
03:23:58.497 [FXGL Background Thread 1 ] DEBUG FXGLAssetLoaderServi - User app class for loading assets: class org.group1.GamePackage.Application
03:23:58.497 [FXGL Background Thread 1 ] DEBUG GameApplicationServi - Applying CSS: fxgl_dark.css
03:23:58.498 [FXGL Background Thread 1 ] DEBUG FXGLAssetLoaderServi - Loading from file system: jar:file:///home/me/.m2/repository/com/github/almasb/fxgl/25/fxgl-25.jar!/fxglassets/ui/css/fxgl_dark.css
03:23:58.543 [FXGL Background Thread 1 ] DEBUG GameApplicationServi - Initializing application scenes
03:23:58.609 [FXGL Background Thread 1 ] DEBUG GameWorld            - Game world initialized
03:23:58.642 [FXGL Background Thread 1 ] DEBUG PhysicsWorld         - Physics world initialized: appHeight=720, physics.ppm=50.0
03:23:58.642 [FXGL Background Thread 1 ] DEBUG PhysicsWorld         - Using strategy: BRUTE_FORCE
03:23:58.645 [FXGL Background Thread 1 ] DEBUG GameScene            - Game scene initialized: 1280x720
03:23:58.655 [FXGL Background Thread 1 ] DEBUG FXGL.DefaultMenu     - createMenuBodyGameMenu()
03:23:58.661 [FXGL Background Thread 1 ] DEBUG FXGL.DefaultMenu     - createOptionsMenu()
03:23:58.669 [FXGL Background Thread 1 ] DEBUG FXGLAssetLoaderServi - Loading from file system: jar:file:///home/me/.m2/repository/com/github/almasb/fxgl/25/fxgl-25.jar!/fxglassets/textures/particles/smoke.png
03:23:58.759 [FXGL Background Thread 1 ] DEBUG FXGLAssetLoaderServi - Loading from file system: jar:file:///home/me/.m2/repository/com/github/almasb/fxgl/25/fxgl-25.jar!/fxglassets/textures/particles/trace_horizontal.png
03:23:58.784 [FXGL Background Thread 1 ] DEBUG GameApplicationServi - Application scenes initialized
03:23:58.791 [FXGL Background Thread 1 ] DEBUG SystemBundleService  - Loading FXGL system data
03:23:58.794 [FXGL Background Thread 1 ] DEBUG FileSystemAccess     - Reading from: /home/me/ComProg_Project/system/fxgl.bundle
03:23:58.799 [FXGL Background Thread 1 ] DEBUG SystemBundleService  - Bundle FXGL: {}
03:23:58.799 [FXGL Background Thread 1 ] DEBUG UpdaterService       - Checking for updates
03:23:58.804 [FXGL Background Thread 4 ] DEBUG FXGLApplication      - Loading fonts
03:23:58.804 [FXGL Background Thread 4 ] DEBUG FXGLAssetLoaderServi - Loading from file system: jar:file:///home/me/.m2/repository/com/github/almasb/fxgl/25/fxgl-25.jar!/fxglassets/ui/fonts/VarelaRound-Regular.ttf
03:23:58.804 [FXGL Background Thread 1 ] DEBUG FXGLApplication      - Loading default localization
03:23:58.805 [FXGL Background Thread 1 ] DEBUG FXGLAssetLoaderServi - Loading from file system: jar:file:///home/me/.m2/repository/com/github/almasb/fxgl/25/fxgl-25.jar!/fxglassets/languages/english.lang
03:23:58.810 [FXGL Background Thread 4 ] DEBUG FXGLAssetLoaderServi - Loading from file system: jar:file:///home/me/.m2/repository/com/github/almasb/fxgl/25/fxgl-25.jar!/fxglassets/ui/fonts/Abel-Regular.ttf
03:23:58.811 [FXGL Background Thread 4 ] DEBUG FXGLAssetLoaderServi - Loading from file system: jar:file:///home/me/.m2/repository/com/github/almasb/fxgl/25/fxgl-25.jar!/fxglassets/ui/fonts/TerminalLandMono-Regular.otf
03:23:58.813 [FXGL Background Thread 4 ] DEBUG FXGLAssetLoaderServi - Loading from file system: jar:file:///home/me/.m2/repository/com/github/almasb/fxgl/25/fxgl-25.jar!/fxglassets/ui/fonts/Courier-Prime.ttf
03:23:58.817 [JavaFX Application Thread] DEBUG FXGLApplication      - Registering font factories with UI factory
03:23:58.817 [FXGL Background Thread 1 ] INFO  FXGLApplication      - FXGL initialization took: 0.387 sec
03:23:58.832 [JavaFX Application Thread] DEBUG Input                - Registered new binding: Move left - A
03:23:58.832 [JavaFX Application Thread] DEBUG Input                - Registered new binding: Move right - D
03:23:58.832 [JavaFX Application Thread] DEBUG Input                - Registered new binding: Move down - S
03:23:58.832 [JavaFX Application Thread] DEBUG Input                - Registered new binding: Move up - W
03:23:58.833 [JavaFX Application Thread] DEBUG Input                - Registered new binding: Shoot - Space
03:23:58.833 [JavaFX Application Thread] DEBUG FXGLAssetLoaderServi - Loading from file system: jar:file:///home/me/.m2/repository/com/github/almasb/fxgl/25/fxgl-25.jar!/fxglassets/textures/fxgl_icon.png
03:23:58.865 [JavaFX Application Thread] DEBUG FXGLAssetLoaderServi - Loading from file system: jar:file:///home/me/.m2/repository/com/github/almasb/fxgl/25/fxgl-25.jar!/fxglassets/textures/fxgl_default_cursor.png
03:23:58.867 [JavaFX Application Thread] DEBUG Input                - Registered new binding: Screenshot - CTRL+8
03:23:58.868 [JavaFX Application Thread] DEBUG Input                - Registered new binding: System info dump - CTRL+9
03:23:58.868 [JavaFX Application Thread] DEBUG Input                - Registered new binding: Restart - CTRL+R
03:23:58.869 [JavaFX Application Thread] DEBUG Input                - Registered new binding: Toggle Debug Camera - CTRL+7
03:23:58.872 [JavaFX Application Thread] DEBUG LoopRunner           - Starting loop
03:23:58.872 [JavaFX Application Thread] DEBUG LoopRunner           - Initializing JavaFX AnimationTimerLoop
03:23:58.874 [JavaFX Application Thread] DEBUG Input                - Clearing active input actions
03:23:58.884 [JavaFX Application Thread] DEBUG GameApplicationServi - Removing overlay from FXGLStartupScene and adding to FXGLMainMenuDummyScene
03:23:58.885 [JavaFX Application Thread] DEBUG PrimaryStageWindow   - FXGLStartupScene -> FXGLMainMenuDummyScene
03:23:58.885 [JavaFX Application Thread] DEBUG PrimaryStageWindow   - Push state: MenuInterface
03:23:58.885 [JavaFX Application Thread] DEBUG Input                - Clearing active input actions
03:23:58.889 [JavaFX Application Thread] DEBUG GameApplicationServi - Removing overlay from FXGLMainMenuDummyScene and adding to MenuInterface
03:23:58.889 [JavaFX Application Thread] DEBUG PrimaryStageWindow   - FXGLMainMenuDummyScene -> MenuInterface
03:24:00.438 [JavaFX Application Thread] DEBUG FXGLApplication      - Exiting FXGL
03:24:00.439 [JavaFX Application Thread] DEBUG LoopRunner           - Stopping loop
03:24:00.439 [JavaFX Application Thread] DEBUG SystemBundleService  - Saving FXGL system data
03:24:00.440 [JavaFX Application Thread] DEBUG FileSystemAccess     - Writing to: /home/me/ComProg_Project/system/fxgl.bundle
03:24:00.441 [JavaFX Application Thread] DEBUG Async                - Shutting down background threads
03:24:00.442 [JavaFX Application Thread] DEBUG PrimaryStageWindow   - Closing main window
03:24:00.445 [JavaFX Application Thread] DEBUG Logger               - Closing Logger
