21:34:39.169 [main                     ] DEBUG Logger               - Configured Logger
21:34:39.183 [main                     ] DEBUG GameApplication      - Logging settings
Title: Untitled
Version: 0.0
Width: 1280
Height: 720
Fullscreen: false
Intro: false
Profiling: false
Single step:false
App Mode: DEVELOPER
Menu Key: ESCAPE
Stage Style: DECORATED
Scene Factory: class org.group1.GamePackage.Factory.MainSceneFactory

21:34:39.641 [JavaFX Application Thread] DEBUG FXGLApplication      - Initializing FXGL
21:34:39.648 [JavaFX Application Thread] INFO  Engine               - FXGL-25 (05.02.2026 22.57) on WINDOWS (J:25.0.1 FX:21.0.6)
21:34:39.648 [JavaFX Application Thread] DEBUG Engine               - JRE Vendor Name: Oracle Corporation
21:34:39.648 [JavaFX Application Thread] DEBUG Engine               - Running on OS: Windows 11 version 10.0
21:34:39.649 [JavaFX Application Thread] DEBUG Engine               - Architecture: amd64
21:34:39.649 [JavaFX Application Thread] INFO  Engine               - Source code and latest versions at: https://github.com/AlmasB/FXGL
21:34:39.649 [JavaFX Application Thread] INFO  Engine               -       Ask questions and discuss at: https://github.com/AlmasB/FXGL/discussions
21:34:39.799 [JavaFX Application Thread] DEBUG PrimaryStageWindow   - Creating a JavaFX scene
21:34:39.799 [JavaFX Application Thread] DEBUG PrimaryStageWindow   - Target size > screen size
21:34:39.876 [JavaFX Application Thread] DEBUG PrimaryStageWindow   - Target settings size: 1280.0 x 720.0
21:34:39.876 [JavaFX Application Thread] DEBUG PrimaryStageWindow   - Scaled scene size:    1169.0 x 671.0
21:34:39.876 [JavaFX Application Thread] DEBUG PrimaryStageWindow   - Scaled ratio: (0.91328125, 0.9319444444444445)
21:34:39.877 [JavaFX Application Thread] DEBUG PrimaryStageWindow   - Set initial scene to FXGLStartupScene
21:34:39.884 [JavaFX Application Thread] DEBUG PrimaryStageWindow   - Opening main window
21:34:40.022 [JavaFX Application Thread] DEBUG PrimaryStageWindow   - Window border size: (15.0, 37.66668701171875)
21:34:40.022 [JavaFX Application Thread] DEBUG PrimaryStageWindow   - Scaled size: 1169.0 x 671.0
21:34:40.022 [JavaFX Application Thread] DEBUG PrimaryStageWindow   - Scaled ratio: (0.91328125, 0.9319444444444445)
21:34:40.022 [JavaFX Application Thread] DEBUG PrimaryStageWindow   - Scene size: 1169.0 x 671.0
21:34:40.023 [JavaFX Application Thread] DEBUG PrimaryStageWindow   - Stage size: 1184.0 x 708.6666870117188
21:34:40.036 [FXGL Background Thread 1 ] DEBUG Engine               - Initializing environment variables
21:34:40.140 [FXGL Background Thread 1 ] DEBUG FXGLAssetLoaderServi - User app class for loading assets: class org.group1.GamePackage.Application
21:34:40.140 [FXGL Background Thread 1 ] DEBUG GameApplicationServi - Applying CSS: fxgl_dark.css
21:34:40.141 [FXGL Background Thread 1 ] DEBUG FXGLAssetLoaderServi - Loading from file system: jar:file:///C:/Users/ryles/.m2/repository/com/github/almasb/fxgl/25/fxgl-25.jar!/fxglassets/ui/css/fxgl_dark.css
21:34:40.219 [FXGL Background Thread 1 ] DEBUG GameApplicationServi - Initializing application scenes
21:34:40.330 [FXGL Background Thread 1 ] DEBUG GameWorld            - Game world initialized
21:34:40.414 [FXGL Background Thread 1 ] DEBUG PhysicsWorld         - Physics world initialized: appHeight=720, physics.ppm=50.0
21:34:40.414 [FXGL Background Thread 1 ] DEBUG PhysicsWorld         - Using strategy: BRUTE_FORCE
21:34:40.421 [FXGL Background Thread 1 ] DEBUG GameScene            - Game scene initialized: 1280x720
21:34:40.439 [FXGL Background Thread 1 ] DEBUG FXGL.DefaultMenu     - createMenuBodyGameMenu()
21:34:40.449 [FXGL Background Thread 1 ] DEBUG FXGL.DefaultMenu     - createOptionsMenu()
21:34:40.469 [FXGL Background Thread 1 ] DEBUG FXGLAssetLoaderServi - Loading from file system: jar:file:///C:/Users/ryles/.m2/repository/com/github/almasb/fxgl/25/fxgl-25.jar!/fxglassets/textures/particles/smoke.png
21:34:40.607 [FXGL Background Thread 1 ] DEBUG FXGLAssetLoaderServi - Loading from file system: jar:file:///C:/Users/ryles/.m2/repository/com/github/almasb/fxgl/25/fxgl-25.jar!/fxglassets/textures/particles/trace_horizontal.png
21:34:40.646 [FXGL Background Thread 1 ] DEBUG GameApplicationServi - Application scenes initialized
21:34:40.659 [FXGL Background Thread 1 ] DEBUG SystemBundleService  - Loading FXGL system data
21:34:40.664 [FXGL Background Thread 1 ] DEBUG FileSystemAccess     - Reading from: C:\Users\ryles\Downloads\ComProg_Project\system\fxgl.bundle
21:34:40.677 [FXGL Background Thread 1 ] DEBUG SystemBundleService  - Bundle FXGL: {}
21:34:40.677 [FXGL Background Thread 1 ] DEBUG UpdaterService       - Checking for updates
21:34:40.682 [FXGL Background Thread 4 ] DEBUG FXGLApplication      - Loading fonts
21:34:40.683 [FXGL Background Thread 4 ] DEBUG FXGLAssetLoaderServi - Loading from file system: jar:file:///C:/Users/ryles/.m2/repository/com/github/almasb/fxgl/25/fxgl-25.jar!/fxglassets/ui/fonts/VarelaRound-Regular.ttf
21:34:40.683 [FXGL Background Thread 1 ] DEBUG FXGLApplication      - Loading default localization
21:34:40.684 [FXGL Background Thread 1 ] DEBUG FXGLAssetLoaderServi - Loading from file system: jar:file:///C:/Users/ryles/.m2/repository/com/github/almasb/fxgl/25/fxgl-25.jar!/fxglassets/languages/english.lang
21:34:40.701 [FXGL Background Thread 1 ] INFO  FXGLApplication      - FXGL initialization took: 0.666 sec
21:34:40.725 [JavaFX Application Thread] DEBUG Input                - Registered new binding: Move left - A
21:34:40.725 [JavaFX Application Thread] DEBUG Input                - Registered new binding: Move right - D
21:34:40.725 [JavaFX Application Thread] DEBUG Input                - Registered new binding: Move down - S
21:34:40.725 [JavaFX Application Thread] DEBUG Input                - Registered new binding: Move up - W
21:34:40.726 [JavaFX Application Thread] DEBUG Input                - Registered new binding: Shoot - Space
21:34:40.726 [JavaFX Application Thread] DEBUG FXGLAssetLoaderServi - Loading from file system: jar:file:///C:/Users/ryles/.m2/repository/com/github/almasb/fxgl/25/fxgl-25.jar!/fxglassets/textures/fxgl_icon.png
21:34:40.744 [FXGL Background Thread 4 ] DEBUG FXGLAssetLoaderServi - Loading from file system: jar:file:///C:/Users/ryles/.m2/repository/com/github/almasb/fxgl/25/fxgl-25.jar!/fxglassets/ui/fonts/Abel-Regular.ttf
21:34:40.755 [FXGL Background Thread 4 ] DEBUG FXGLAssetLoaderServi - Loading from file system: jar:file:///C:/Users/ryles/.m2/repository/com/github/almasb/fxgl/25/fxgl-25.jar!/fxglassets/ui/fonts/TerminalLandMono-Regular.otf
21:34:40.761 [JavaFX Application Thread] DEBUG FXGLAssetLoaderServi - Loading from file system: jar:file:///C:/Users/ryles/.m2/repository/com/github/almasb/fxgl/25/fxgl-25.jar!/fxglassets/textures/fxgl_default_cursor.png
21:34:40.764 [JavaFX Application Thread] DEBUG Input                - Registered new binding: Screenshot - CTRL+8
21:34:40.765 [JavaFX Application Thread] DEBUG Input                - Registered new binding: System info dump - CTRL+9
21:34:40.765 [JavaFX Application Thread] DEBUG Input                - Registered new binding: Restart - CTRL+R
21:34:40.768 [JavaFX Application Thread] DEBUG Input                - Registered new binding: Toggle Debug Camera - CTRL+7
21:34:40.772 [JavaFX Application Thread] DEBUG LoopRunner           - Starting loop
21:34:40.772 [JavaFX Application Thread] DEBUG LoopRunner           - Initializing JavaFX AnimationTimerLoop
21:34:40.774 [FXGL Background Thread 4 ] DEBUG FXGLAssetLoaderServi - Loading from file system: jar:file:///C:/Users/ryles/.m2/repository/com/github/almasb/fxgl/25/fxgl-25.jar!/fxglassets/ui/fonts/Courier-Prime.ttf
21:34:40.780 [JavaFX Application Thread] DEBUG Input                - Clearing active input actions
21:34:40.797 [JavaFX Application Thread] DEBUG GameApplicationServi - Removing overlay from FXGLStartupScene and adding to FXGLMainMenuDummyScene
21:34:40.797 [JavaFX Application Thread] DEBUG PrimaryStageWindow   - FXGLStartupScene -> FXGLMainMenuDummyScene
21:34:40.798 [JavaFX Application Thread] DEBUG PrimaryStageWindow   - Push state: MenuInterface
21:34:40.798 [JavaFX Application Thread] DEBUG Input                - Clearing active input actions
21:34:40.805 [JavaFX Application Thread] DEBUG GameApplicationServi - Removing overlay from FXGLMainMenuDummyScene and adding to MenuInterface
21:34:40.806 [JavaFX Application Thread] DEBUG PrimaryStageWindow   - FXGLMainMenuDummyScene -> MenuInterface
21:34:40.907 [JavaFX Application Thread] DEBUG FXGLApplication      - Registering font factories with UI factory
21:34:41.858 [JavaFX Application Thread] DEBUG Menu                 - fireNewGame()
21:34:41.858 [JavaFX Application Thread] DEBUG GameApplicationServi - Starting new game
21:34:41.858 [JavaFX Application Thread] DEBUG PrimaryStageWindow   - Pop state: MenuInterface
21:34:41.858 [JavaFX Application Thread] DEBUG Input                - Clearing active input actions
21:34:41.859 [JavaFX Application Thread] DEBUG GameApplicationServi - Removing overlay from MenuInterface and adding to FXGLMainMenuDummyScene
21:34:41.860 [JavaFX Application Thread] DEBUG PrimaryStageWindow   - FXGLMainMenuDummyScene <- MenuInterface
21:34:41.860 [JavaFX Application Thread] DEBUG Input                - Clearing active input actions
21:34:41.869 [JavaFX Application Thread] DEBUG GameApplicationServi - Removing overlay from FXGLMainMenuDummyScene and adding to LoadingInterface
21:34:41.869 [JavaFX Application Thread] DEBUG PrimaryStageWindow   - FXGLMainMenuDummyScene -> LoadingInterface
21:34:41.870 [JavaFX Application Thread] DEBUG GameApplicationServi - Clearing previous game
21:34:41.870 [JavaFX Application Thread] DEBUG GameScene            - Clearing game scene
21:34:41.870 [JavaFX Application Thread] DEBUG GameWorld            - Clearing game world
21:34:41.870 [JavaFX Application Thread] DEBUG PhysicsWorld         - Clearing physics world
21:34:41.873 [FXGL Background Thread 4 ] DEBUG FXGLApplication      - Initializing game
21:34:41.887 [FXGL Background Thread 4 ] DEBUG FXGLAssetLoaderServi - Loading from file system: file:/C:/Users/ryles/Downloads/ComProg_Project/target/classes/assets/textures/background.png
21:34:42.015 [FXGL Background Thread 4 ] DEBUG FXGLAssetLoaderServi - Loading from file system: file:/C:/Users/ryles/Downloads/ComProg_Project/target/classes/assets/textures/background_stars1.png
21:34:42.189 [FXGL Background Thread 4 ] DEBUG FXGLAssetLoaderServi - Loading from file system: file:/C:/Users/ryles/Downloads/ComProg_Project/target/classes/assets/textures/background_stars2.png
21:34:42.234 [FXGL Background Thread 4 ] DEBUG FXGLAssetLoaderServi - Loading from file system: file:/C:/Users/ryles/Downloads/ComProg_Project/target/classes/assets/textures/background_stars3.png
21:34:42.273 [FXGL Background Thread 4 ] DEBUG FXGLAssetLoaderServi - Loading from file system: file:/C:/Users/ryles/Downloads/ComProg_Project/target/classes/assets/textures/background_cloud1.png
21:34:42.285 [FXGL Background Thread 4 ] DEBUG FXGLAssetLoaderServi - Loading from file system: file:/C:/Users/ryles/Downloads/ComProg_Project/target/classes/assets/textures/background_cloud2.png
21:34:42.300 [FXGL Background Thread 4 ] DEBUG FXGLAssetLoaderServi - Loading from file system: file:/C:/Users/ryles/Downloads/ComProg_Project/target/classes/assets/textures/background_mist1.png
21:34:42.312 [FXGL Background Thread 4 ] DEBUG FXGLAssetLoaderServi - Loading from file system: file:/C:/Users/ryles/Downloads/ComProg_Project/target/classes/assets/textures/background_hills.png
21:34:42.335 [FXGL Background Thread 4 ] DEBUG FXGLAssetLoaderServi - Loading from file system: file:/C:/Users/ryles/Downloads/ComProg_Project/target/classes/assets/textures/background_forest.png
21:34:42.347 [FXGL Background Thread 4 ] DEBUG FXGLAssetLoaderServi - Loading from file system: file:/C:/Users/ryles/Downloads/ComProg_Project/target/classes/assets/textures/background_large_forest.png
21:34:42.383 [FXGL Background Thread 4 ] DEBUG FXGLAssetLoaderServi - Loading from file system: file:/C:/Users/ryles/Downloads/ComProg_Project/target/classes/assets/textures/idle_sprite.png
21:34:42.388 [FXGL Background Thread 4 ] DEBUG FXGLAssetLoaderServi - Loading from file system: file:/C:/Users/ryles/Downloads/ComProg_Project/target/classes/assets/textures/down_sprite.png
21:34:42.391 [FXGL Background Thread 4 ] DEBUG FXGLAssetLoaderServi - Loading from file system: file:/C:/Users/ryles/Downloads/ComProg_Project/target/classes/assets/textures/up_sprite.png
21:34:42.401 [FXGL Background Thread 4 ] DEBUG FXGLAssetLoaderServi - Loading from file system: file:/C:/Users/ryles/Downloads/ComProg_Project/target/classes/assets/music/main_music.wav
21:34:42.537 [FXGL Background Thread 4 ] DEBUG AudioPlayer          - Playing music com.almasb.fxgl.audio.Music@4d870178
21:34:42.543 [FXGL Background Thread 4 ] INFO  FXGLApplication      - Game initialization took: 0.670 sec
21:34:42.544 [JavaFX Application Thread] DEBUG Input                - Clearing active input actions
21:34:42.552 [JavaFX Application Thread] DEBUG GameApplicationServi - Removing overlay from LoadingInterface and adding to GameScene
21:34:42.552 [JavaFX Application Thread] DEBUG PrimaryStageWindow   - LoadingInterface -> GameScene
21:34:43.062 [JavaFX Application Thread] DEBUG FXGLAssetLoaderServi - Loading from file system: file:/C:/Users/ryles/Downloads/ComProg_Project/target/classes/assets/textures/enemy_sprite.png
21:34:43.068 [JavaFX Application Thread] DEBUG FXGLAssetLoaderServi - Loading from file system: file:/C:/Users/ryles/Downloads/ComProg_Project/target/classes/assets/textures/explosion_sprite.png
21:34:43.681 [FXGL Background Thread 3 ] DEBUG Engine               - Logging environment variables
21:34:43.681 [FXGL Background Thread 3 ] DEBUG Engine               - achievements: []
21:34:43.681 [FXGL Background Thread 3 ] DEBUG Engine               - actualHeight: 671.0
21:34:43.682 [FXGL Background Thread 3 ] DEBUG Engine               - actualHeightProperty: ReadOnlyDoubleProperty [value: 671.0]
21:34:43.682 [FXGL Background Thread 3 ] DEBUG Engine               - actualWidth: 1169.0
21:34:43.682 [FXGL Background Thread 3 ] DEBUG Engine               - actualWidthProperty: ReadOnlyDoubleProperty [value: 1169.0]
21:34:43.682 [FXGL Background Thread 3 ] DEBUG Engine               - appIcon: fxgl_icon.png
21:34:43.682 [FXGL Background Thread 3 ] DEBUG Engine               - applicationMode: DEVELOPER
21:34:43.682 [FXGL Background Thread 3 ] DEBUG Engine               - cSSList: [fxgl_dark.css]
21:34:43.682 [FXGL Background Thread 3 ] DEBUG Engine               - collisionDetectionStrategy: BRUTE_FORCE
21:34:43.682 [FXGL Background Thread 3 ] DEBUG Engine               - configClass: Optional.empty
21:34:43.682 [FXGL Background Thread 3 ] DEBUG Engine               - credits: []
21:34:43.683 [FXGL Background Thread 3 ] DEBUG Engine               - defaultCursor: CursorInfo(imageName=fxgl_default_cursor.png, hotspotX=7.0, hotspotY=6.0)
21:34:43.683 [FXGL Background Thread 3 ] DEBUG Engine               - devBBoxColorProperty: ObjectProperty [value: 0xff0000ff]
21:34:43.684 [FXGL Background Thread 3 ] DEBUG Engine               - devEnableDebugCameraProperty: BooleanProperty [value: false]
21:34:43.685 [FXGL Background Thread 3 ] DEBUG Engine               - devSensorColorProperty: ObjectProperty [value: 0xffff00ff]
21:34:43.685 [FXGL Background Thread 3 ] DEBUG Engine               - devShowBBoxProperty: BooleanProperty [value: false]
21:34:43.685 [FXGL Background Thread 3 ] DEBUG Engine               - devShowPositionProperty: BooleanProperty [value: false]
21:34:43.685 [FXGL Background Thread 3 ] DEBUG Engine               - enabledMenuItems: []
21:34:43.685 [FXGL Background Thread 3 ] DEBUG Engine               - engineServices: [class com.almasb.fxgl.app.services.FXGLAssetLoaderService, class com.almasb.fxgl.app.FXGLApplication$GameApplicationService, class com.almasb.fxgl.app.services.FXGLDialogService, class com.almasb.fxgl.app.services.IOTaskExecutorService, class com.almasb.fxgl.io.FileSystemService, class com.almasb.fxgl.localization.LocalizationService, class com.almasb.fxgl.app.services.SystemBundleService, class com.almasb.fxgl.profile.SaveLoadService, class com.almasb.fxgl.ui.FXGLUIFactoryServiceProvider, class com.almasb.fxgl.ui.FXGLDialogFactoryServiceProvider, class com.almasb.fxgl.audio.AudioPlayer, class com.almasb.fxgl.notification.impl.NotificationServiceProvider, class com.almasb.fxgl.achievement.AchievementService, class com.almasb.fxgl.cutscene.CutsceneService, class com.almasb.fxgl.minigames.MiniGameService, class com.almasb.fxgl.net.NetService, class com.almasb.fxgl.app.services.UpdaterService, class com.almasb.fxgl.dev.DevService]
21:34:43.685 [FXGL Background Thread 3 ] DEBUG Engine               - fontGame: Abel-Regular.ttf
21:34:43.685 [FXGL Background Thread 3 ] DEBUG Engine               - fontMono: TerminalLandMono-Regular.otf
21:34:43.685 [FXGL Background Thread 3 ] DEBUG Engine               - fontSizeScaleUI: 1.0
21:34:43.685 [FXGL Background Thread 3 ] DEBUG Engine               - fontText: Courier-Prime.ttf
21:34:43.686 [FXGL Background Thread 3 ] DEBUG Engine               - fontUI: VarelaRound-Regular.ttf
21:34:43.686 [FXGL Background Thread 3 ] DEBUG Engine               - fpsRefreshRate: 500.0 ms
21:34:43.686 [FXGL Background Thread 3 ] DEBUG Engine               - fullScreen: BooleanProperty [value: false]
21:34:43.686 [FXGL Background Thread 3 ] DEBUG Engine               - gameDifficulty: MEDIUM
21:34:43.686 [FXGL Background Thread 3 ] DEBUG Engine               - gameDifficultyProperty: ObjectProperty [value: MEDIUM]
21:34:43.686 [FXGL Background Thread 3 ] DEBUG Engine               - globalMusicVolume: 0.5
21:34:43.686 [FXGL Background Thread 3 ] DEBUG Engine               - globalMusicVolumeProperty: DoubleProperty [value: 0.5]
21:34:43.686 [FXGL Background Thread 3 ] DEBUG Engine               - globalSoundVolume: 0.5
21:34:43.687 [FXGL Background Thread 3 ] DEBUG Engine               - globalSoundVolumeProperty: DoubleProperty [value: 0.5]
21:34:43.687 [FXGL Background Thread 3 ] DEBUG Engine               - height: 720
21:34:43.687 [FXGL Background Thread 3 ] DEBUG Engine               - is3D: false
21:34:43.687 [FXGL Background Thread 3 ] DEBUG Engine               - isAndroid: false
21:34:43.688 [FXGL Background Thread 3 ] DEBUG Engine               - isBrowser: false
21:34:43.688 [FXGL Background Thread 3 ] DEBUG Engine               - isClickFeedbackEnabled: false
21:34:43.688 [FXGL Background Thread 3 ] DEBUG Engine               - isCloseConfirmation: false
21:34:43.688 [FXGL Background Thread 3 ] DEBUG Engine               - isDesktop: true
21:34:43.688 [FXGL Background Thread 3 ] DEBUG Engine               - isDeveloperMenuEnabled: false
21:34:43.688 [FXGL Background Thread 3 ] DEBUG Engine               - isEmbedded: false
21:34:43.688 [FXGL Background Thread 3 ] DEBUG Engine               - isEntityPreloadEnabled: true
21:34:43.688 [FXGL Background Thread 3 ] DEBUG Engine               - isExperimentalTiledLargeMap: false
21:34:43.688 [FXGL Background Thread 3 ] DEBUG Engine               - isFileSystemWriteAllowed: true
21:34:43.689 [FXGL Background Thread 3 ] DEBUG Engine               - isFullScreenAllowed: false
21:34:43.689 [FXGL Background Thread 3 ] DEBUG Engine               - isFullScreenFromStart: false
21:34:43.689 [FXGL Background Thread 3 ] DEBUG Engine               - isGameMenuEnabled: true
21:34:43.689 [FXGL Background Thread 3 ] DEBUG Engine               - isIOS: false
21:34:43.689 [FXGL Background Thread 3 ] DEBUG Engine               - isIntroEnabled: false
21:34:43.689 [FXGL Background Thread 3 ] DEBUG Engine               - isLinux: false
21:34:43.689 [FXGL Background Thread 3 ] DEBUG Engine               - isMac: false
21:34:43.689 [FXGL Background Thread 3 ] DEBUG Engine               - isMainMenuEnabled: true
21:34:43.689 [FXGL Background Thread 3 ] DEBUG Engine               - isManualResizeEnabled: false
21:34:43.689 [FXGL Background Thread 3 ] DEBUG Engine               - isMobile: false
21:34:43.689 [FXGL Background Thread 3 ] DEBUG Engine               - isNative: false
21:34:43.689 [FXGL Background Thread 3 ] DEBUG Engine               - isPauseMusicWhenMinimized: true
21:34:43.689 [FXGL Background Thread 3 ] DEBUG Engine               - isPreserveResizeRatio: false
21:34:43.689 [FXGL Background Thread 3 ] DEBUG Engine               - isProfilingEnabled: false
21:34:43.689 [FXGL Background Thread 3 ] DEBUG Engine               - isScaleAffectedOnResize: true
21:34:43.689 [FXGL Background Thread 3 ] DEBUG Engine               - isSingleStep: false
21:34:43.689 [FXGL Background Thread 3 ] DEBUG Engine               - isUserProfileEnabled: false
21:34:43.689 [FXGL Background Thread 3 ] DEBUG Engine               - isWindows: true
21:34:43.690 [FXGL Background Thread 3 ] DEBUG Engine               - language: ObjectProperty [value: ENGLISH]
21:34:43.690 [FXGL Background Thread 3 ] DEBUG Engine               - menuKey: ESCAPE
21:34:43.690 [FXGL Background Thread 3 ] DEBUG Engine               - mouseSensitivity: 0.2
21:34:43.690 [FXGL Background Thread 3 ] DEBUG Engine               - notificationViewClass: class com.almasb.fxgl.notification.view.XboxNotificationView
21:34:43.690 [FXGL Background Thread 3 ] DEBUG Engine               - pixelsPerMeter: 50.0
21:34:43.690 [FXGL Background Thread 3 ] DEBUG Engine               - platform: WINDOWS
21:34:43.690 [FXGL Background Thread 3 ] DEBUG Engine               - prefHeightProperty: ReadOnlyDoubleProperty [value: 720.0]
21:34:43.690 [FXGL Background Thread 3 ] DEBUG Engine               - prefWidthProperty: ReadOnlyDoubleProperty [value: 1280.0]
21:34:43.690 [FXGL Background Thread 3 ] DEBUG Engine               - profileDir: profiles/
21:34:43.690 [FXGL Background Thread 3 ] DEBUG Engine               - profileName: StringProperty [value: DEFAULT]
21:34:43.690 [FXGL Background Thread 3 ] DEBUG Engine               - randomSeed: -1
21:34:43.691 [FXGL Background Thread 3 ] DEBUG Engine               - runtimeInfo: RuntimeInfo(platform=WINDOWS, version=25, build=05.02.2026 22.57)
21:34:43.691 [FXGL Background Thread 3 ] DEBUG Engine               - saveFileExt: sav
21:34:43.691 [FXGL Background Thread 3 ] DEBUG Engine               - scaledHeightProp$fxgl: DoubleProperty [bound, value: 671.0]
21:34:43.691 [FXGL Background Thread 3 ] DEBUG Engine               - scaledWidthProp$fxgl: DoubleProperty [bound, value: 1169.0]
21:34:43.691 [FXGL Background Thread 3 ] DEBUG Engine               - sceneFactory: org.group1.GamePackage.Factory.MainSceneFactory@64df8a14
21:34:43.691 [FXGL Background Thread 3 ] DEBUG Engine               - secondsIn24h: 60
21:34:43.691 [FXGL Background Thread 3 ] DEBUG Engine               - soundMenuBack: menu/back.wav
21:34:43.691 [FXGL Background Thread 3 ] DEBUG Engine               - soundMenuPress: menu/press.wav
21:34:43.691 [FXGL Background Thread 3 ] DEBUG Engine               - soundMenuSelect: menu/select.wav
21:34:43.691 [FXGL Background Thread 3 ] DEBUG Engine               - soundNotification: core/notification.wav
21:34:43.691 [FXGL Background Thread 3 ] DEBUG Engine               - stageStyle: DECORATED
21:34:43.691 [FXGL Background Thread 3 ] DEBUG Engine               - supportedLanguages: [ENGLISH, FRENCH, GERMAN, HUNGARIAN, RUSSIAN]
21:34:43.691 [FXGL Background Thread 3 ] DEBUG Engine               - ticksPerSecond: -1
21:34:43.692 [FXGL Background Thread 3 ] DEBUG Engine               - title: Untitled
21:34:43.692 [FXGL Background Thread 3 ] DEBUG Engine               - urlGithub: https://github.com/AlmasB/FXGL
21:34:43.692 [FXGL Background Thread 3 ] DEBUG Engine               - urlLeaderboard: http://fxgl-top.herokuapp.com/
21:34:43.692 [FXGL Background Thread 3 ] DEBUG Engine               - urlPOM: https://raw.githubusercontent.com/AlmasB/FXGL/release/README.md
21:34:43.692 [FXGL Background Thread 3 ] DEBUG Engine               - userAppClass: class org.group1.GamePackage.Application
21:34:43.692 [FXGL Background Thread 3 ] DEBUG Engine               - version: 0.0
21:34:43.692 [FXGL Background Thread 3 ] DEBUG Engine               - versionCheckDays: 7
21:34:43.692 [FXGL Background Thread 3 ] DEBUG Engine               - width: 1280
21:34:43.692 [FXGL Background Thread 3 ] DEBUG Engine               - Logging services
21:34:43.693 [FXGL Background Thread 3 ] DEBUG Engine               - class com.almasb.fxgl.app.services.FXGLAssetLoaderService
21:34:43.693 [FXGL Background Thread 3 ] DEBUG Engine               - class com.almasb.fxgl.app.FXGLApplication$GameApplicationService
21:34:43.693 [FXGL Background Thread 3 ] DEBUG Engine               - class com.almasb.fxgl.app.services.FXGLDialogService
21:34:43.693 [FXGL Background Thread 3 ] DEBUG Engine               - class com.almasb.fxgl.app.services.IOTaskExecutorService
21:34:43.693 [FXGL Background Thread 3 ] DEBUG Engine               - class com.almasb.fxgl.io.FileSystemService
21:34:43.693 [FXGL Background Thread 3 ] DEBUG Engine               - class com.almasb.fxgl.localization.LocalizationService
21:34:43.693 [FXGL Background Thread 3 ] DEBUG Engine               - class com.almasb.fxgl.app.services.SystemBundleService
21:34:43.693 [FXGL Background Thread 3 ] DEBUG Engine               - class com.almasb.fxgl.profile.SaveLoadService
21:34:43.693 [FXGL Background Thread 3 ] DEBUG Engine               - class com.almasb.fxgl.ui.FXGLUIFactoryServiceProvider
21:34:43.693 [FXGL Background Thread 3 ] DEBUG Engine               - class com.almasb.fxgl.ui.FXGLDialogFactoryServiceProvider
21:34:43.693 [FXGL Background Thread 3 ] DEBUG Engine               - class com.almasb.fxgl.audio.AudioPlayer
21:34:43.693 [FXGL Background Thread 3 ] DEBUG Engine               - class com.almasb.fxgl.notification.impl.NotificationServiceProvider
21:34:43.693 [FXGL Background Thread 3 ] DEBUG Engine               - class com.almasb.fxgl.achievement.AchievementService
21:34:43.693 [FXGL Background Thread 3 ] DEBUG Engine               - class com.almasb.fxgl.cutscene.CutsceneService
21:34:43.693 [FXGL Background Thread 3 ] DEBUG Engine               - class com.almasb.fxgl.minigames.MiniGameService
21:34:43.693 [FXGL Background Thread 3 ] DEBUG Engine               - class com.almasb.fxgl.net.NetService
21:34:43.693 [FXGL Background Thread 3 ] DEBUG Engine               - class com.almasb.fxgl.app.services.UpdaterService
21:34:43.693 [FXGL Background Thread 3 ] DEBUG Engine               - class com.almasb.fxgl.dev.DevService
21:34:45.286 [JavaFX Application Thread] DEBUG FXGLAssetLoaderServi - Loading from file system: file:/C:/Users/ryles/Downloads/ComProg_Project/target/classes/assets/textures/bullet_sprite.png
21:34:45.525 [JavaFX Application Thread] DEBUG FXGLAssetLoaderServi - Loading from file system: file:/C:/Users/ryles/Downloads/ComProg_Project/target/classes/assets/sounds/death_sound.wav
21:34:59.620 [JavaFX Application Thread] DEBUG FXGLAssetLoaderServi - Loading from file system: file:/C:/Users/ryles/Downloads/ComProg_Project/target/classes/assets/sounds/fah.wav
21:35:06.152 [JavaFX Application Thread] DEBUG FXGLAssetLoaderServi - Loading from file system: file:/C:/Users/ryles/Downloads/ComProg_Project/target/classes/assets/textures/heart_sprite.png
21:35:06.170 [JavaFX Application Thread] DEBUG FXGLAssetLoaderServi - Loading from file system: file:/C:/Users/ryles/Downloads/ComProg_Project/target/classes/assets/textures/heart_explode_sprite.png
21:35:07.779 [JavaFX Application Thread] DEBUG FXGLAssetLoaderServi - Loading from file system: file:/C:/Users/ryles/Downloads/ComProg_Project/target/classes/assets/sounds/heart_gain.wav
21:36:52.071 [JavaFX Application Thread] DEBUG FXGLApplication      - Exiting FXGL
21:36:52.071 [JavaFX Application Thread] DEBUG LoopRunner           - Stopping loop
21:36:52.071 [JavaFX Application Thread] DEBUG SystemBundleService  - Saving FXGL system data
21:36:52.075 [JavaFX Application Thread] DEBUG FileSystemAccess     - Writing to: C:\Users\ryles\Downloads\ComProg_Project\system\fxgl.bundle
21:36:52.079 [JavaFX Application Thread] DEBUG Async                - Shutting down background threads
21:36:52.080 [JavaFX Application Thread] DEBUG PrimaryStageWindow   - Closing main window
21:36:52.122 [JavaFX Application Thread] DEBUG Logger               - Closing Logger
