13:12:19.546 [main                     ] DEBUG Logger               - Configured Logger
13:12:19.552 [main                     ] DEBUG GameApplication      - Logging settings
Title: Untitled
Version: 0.0
Width: 1280
Height: 720
Fullscreen: false
Intro: false
Profiling: false
Single step:false
App Mode: DEVELOPER
Menu Key: ESCAPE
Stage Style: DECORATED
Scene Factory: class org.group1.GamePackage.Factory.MainSceneFactory

13:12:20.071 [JavaFX Application Thread] DEBUG FXGLApplication      - Initializing FXGL
13:12:20.073 [JavaFX Application Thread] INFO  Engine               - FXGL-25 (05.02.2026 22.57) on WINDOWS (J:25.0.2 FX:21.0.6)
13:12:20.074 [JavaFX Application Thread] DEBUG Engine               - JRE Vendor Name: Oracle Corporation
13:12:20.074 [JavaFX Application Thread] DEBUG Engine               - Running on OS: Windows 11 version 10.0
13:12:20.074 [JavaFX Application Thread] DEBUG Engine               - Architecture: amd64
13:12:20.074 [JavaFX Application Thread] INFO  Engine               - Source code and latest versions at: https://github.com/AlmasB/FXGL
13:12:20.074 [JavaFX Application Thread] INFO  Engine               -       Ask questions and discuss at: https://github.com/AlmasB/FXGL/discussions
13:12:20.141 [JavaFX Application Thread] DEBUG PrimaryStageWindow   - Creating a JavaFX scene
13:12:20.182 [JavaFX Application Thread] DEBUG PrimaryStageWindow   - Target settings size: 1280.0 x 720.0
13:12:20.182 [JavaFX Application Thread] DEBUG PrimaryStageWindow   - Scaled scene size:    1280.0 x 720.0
13:12:20.182 [JavaFX Application Thread] DEBUG PrimaryStageWindow   - Scaled ratio: (1.0, 1.0)
13:12:20.183 [JavaFX Application Thread] DEBUG PrimaryStageWindow   - Set initial scene to FXGLStartupScene
13:12:20.185 [JavaFX Application Thread] DEBUG PrimaryStageWindow   - Opening main window
13:12:20.277 [JavaFX Application Thread] DEBUG PrimaryStageWindow   - Window border size: (16.0, 39.0)
13:12:20.277 [JavaFX Application Thread] DEBUG PrimaryStageWindow   - Scaled size: 1280.0 x 720.0
13:12:20.277 [JavaFX Application Thread] DEBUG PrimaryStageWindow   - Scaled ratio: (1.0, 1.0)
13:12:20.277 [JavaFX Application Thread] DEBUG PrimaryStageWindow   - Scene size: 1280.0 x 720.0
13:12:20.277 [JavaFX Application Thread] DEBUG PrimaryStageWindow   - Stage size: 1296.0 x 759.0
13:12:20.282 [FXGL Background Thread 1 ] DEBUG Engine               - Initializing environment variables
13:12:20.326 [FXGL Background Thread 1 ] DEBUG FXGLAssetLoaderServi - User app class for loading assets: class org.group1.GamePackage.Application
13:12:20.326 [FXGL Background Thread 1 ] DEBUG GameApplicationServi - Applying CSS: fxgl_dark.css
13:12:20.328 [FXGL Background Thread 1 ] DEBUG FXGLAssetLoaderServi - Loading from file system: jar:file:///C:/Users/Wren/.m2/repository/com/github/almasb/fxgl/25/fxgl-25.jar!/fxglassets/ui/css/fxgl_dark.css
13:12:20.362 [FXGL Background Thread 1 ] DEBUG GameApplicationServi - Initializing application scenes
13:12:20.367 [FXGL Background Thread 1 ] DEBUG FXGLAssetLoaderServi - Loading from file system: file:/C:/Users/Wren/IdeaProjects/GameGame/target/classes/assets/textures/background.png
13:12:20.477 [FXGL Background Thread 1 ] DEBUG FXGLAssetLoaderServi - Loading from file system: file:/C:/Users/Wren/IdeaProjects/GameGame/target/classes/assets/textures/background_stars1.png
13:12:20.525 [FXGL Background Thread 1 ] DEBUG FXGLAssetLoaderServi - Loading from file system: file:/C:/Users/Wren/IdeaProjects/GameGame/target/classes/assets/textures/background_stars2.png
13:12:20.563 [FXGL Background Thread 1 ] DEBUG FXGLAssetLoaderServi - Loading from file system: file:/C:/Users/Wren/IdeaProjects/GameGame/target/classes/assets/textures/background_stars3.png
13:12:20.596 [FXGL Background Thread 1 ] DEBUG FXGLAssetLoaderServi - Loading from file system: file:/C:/Users/Wren/IdeaProjects/GameGame/target/classes/assets/textures/background_cloud1.png
13:12:20.605 [FXGL Background Thread 1 ] DEBUG FXGLAssetLoaderServi - Loading from file system: file:/C:/Users/Wren/IdeaProjects/GameGame/target/classes/assets/textures/background_cloud2.png
13:12:20.616 [FXGL Background Thread 1 ] DEBUG FXGLAssetLoaderServi - Loading from file system: file:/C:/Users/Wren/IdeaProjects/GameGame/target/classes/assets/textures/background_mist1.png
13:12:20.625 [FXGL Background Thread 1 ] DEBUG FXGLAssetLoaderServi - Loading from file system: file:/C:/Users/Wren/IdeaProjects/GameGame/target/classes/assets/textures/background_hills.png
13:12:20.642 [FXGL Background Thread 1 ] DEBUG FXGLAssetLoaderServi - Loading from file system: file:/C:/Users/Wren/IdeaProjects/GameGame/target/classes/assets/textures/background_forest.png
13:12:20.652 [FXGL Background Thread 1 ] DEBUG FXGLAssetLoaderServi - Loading from file system: file:/C:/Users/Wren/IdeaProjects/GameGame/target/classes/assets/textures/background_large_forest.png
13:12:20.715 [FXGL Background Thread 1 ] DEBUG GameWorld            - Game world initialized
13:12:20.748 [FXGL Background Thread 1 ] DEBUG PhysicsWorld         - Physics world initialized: appHeight=720, physics.ppm=50.0
13:12:20.748 [FXGL Background Thread 1 ] DEBUG PhysicsWorld         - Using strategy: BRUTE_FORCE
13:12:20.751 [FXGL Background Thread 1 ] DEBUG GameScene            - Game scene initialized: 1280x720
13:12:20.834 [FXGL Background Thread 1 ] DEBUG GameApplicationServi - Application scenes initialized
13:12:20.840 [FXGL Background Thread 1 ] DEBUG SystemBundleService  - Loading FXGL system data
13:12:20.841 [FXGL Background Thread 1 ] DEBUG FileSystemAccess     - Reading from: C:\Users\Wren\IdeaProjects\GameGame\system\fxgl.bundle
13:12:20.843 [FXGL Background Thread 1 ] DEBUG SystemBundleService  - Bundle FXGL: {}
13:12:20.843 [FXGL Background Thread 1 ] DEBUG UpdaterService       - Checking for updates
13:12:20.846 [FXGL Background Thread 4 ] DEBUG FXGLApplication      - Loading fonts
13:12:20.846 [FXGL Background Thread 1 ] DEBUG FXGLApplication      - Loading default localization
13:12:20.846 [FXGL Background Thread 4 ] DEBUG FXGLAssetLoaderServi - Loading from file system: jar:file:///C:/Users/Wren/.m2/repository/com/github/almasb/fxgl/25/fxgl-25.jar!/fxglassets/ui/fonts/VarelaRound-Regular.ttf
13:12:20.848 [FXGL Background Thread 1 ] DEBUG FXGLAssetLoaderServi - Loading from file system: jar:file:///C:/Users/Wren/.m2/repository/com/github/almasb/fxgl/25/fxgl-25.jar!/fxglassets/languages/english.lang
13:12:20.857 [FXGL Background Thread 4 ] DEBUG FXGLAssetLoaderServi - Loading from file system: jar:file:///C:/Users/Wren/.m2/repository/com/github/almasb/fxgl/25/fxgl-25.jar!/fxglassets/ui/fonts/Abel-Regular.ttf
13:12:20.859 [FXGL Background Thread 1 ] INFO  FXGLApplication      - FXGL initialization took: 0.577 sec
13:12:20.861 [FXGL Background Thread 4 ] DEBUG FXGLAssetLoaderServi - Loading from file system: jar:file:///C:/Users/Wren/.m2/repository/com/github/almasb/fxgl/25/fxgl-25.jar!/fxglassets/ui/fonts/TerminalLandMono-Regular.otf
13:12:20.865 [FXGL Background Thread 4 ] DEBUG FXGLAssetLoaderServi - Loading from file system: jar:file:///C:/Users/Wren/.m2/repository/com/github/almasb/fxgl/25/fxgl-25.jar!/fxglassets/ui/fonts/Courier-Prime.ttf
13:12:20.872 [JavaFX Application Thread] DEBUG Input                - Registered new binding: Move left - A
13:12:20.872 [JavaFX Application Thread] DEBUG Input                - Registered new binding: Move right - D
13:12:20.872 [JavaFX Application Thread] DEBUG Input                - Registered new binding: Move down - S
13:12:20.872 [JavaFX Application Thread] DEBUG Input                - Registered new binding: Move up - W
13:12:20.873 [JavaFX Application Thread] DEBUG Input                - Registered new binding: Shoot - Space
13:12:20.873 [JavaFX Application Thread] DEBUG Input                - Registered new binding: Switch to Fire Bullet - Q
13:12:20.873 [JavaFX Application Thread] DEBUG Input                - Registered new binding: Switch to Ice Bullet - E
13:12:20.873 [JavaFX Application Thread] DEBUG FXGLAssetLoaderServi - Loading from file system: jar:file:///C:/Users/Wren/.m2/repository/com/github/almasb/fxgl/25/fxgl-25.jar!/fxglassets/textures/fxgl_icon.png
13:12:20.889 [JavaFX Application Thread] DEBUG FXGLAssetLoaderServi - Loading from file system: jar:file:///C:/Users/Wren/.m2/repository/com/github/almasb/fxgl/25/fxgl-25.jar!/fxglassets/textures/fxgl_default_cursor.png
13:12:20.892 [JavaFX Application Thread] DEBUG Input                - Registered new binding: Screenshot - CTRL+8
13:12:20.892 [JavaFX Application Thread] DEBUG Input                - Registered new binding: System info dump - CTRL+9
13:12:20.892 [JavaFX Application Thread] DEBUG Input                - Registered new binding: Restart - CTRL+R
13:12:20.893 [JavaFX Application Thread] DEBUG Input                - Registered new binding: Toggle Debug Camera - CTRL+7
13:12:20.895 [JavaFX Application Thread] DEBUG LoopRunner           - Starting loop
13:12:20.896 [JavaFX Application Thread] DEBUG LoopRunner           - Initializing JavaFX AnimationTimerLoop
13:12:20.898 [JavaFX Application Thread] DEBUG Input                - Clearing active input actions
13:12:20.907 [JavaFX Application Thread] DEBUG GameApplicationServi - Removing overlay from FXGLStartupScene and adding to FXGLMainMenuDummyScene
13:12:20.908 [JavaFX Application Thread] DEBUG PrimaryStageWindow   - FXGLStartupScene -> FXGLMainMenuDummyScene
13:12:20.908 [JavaFX Application Thread] DEBUG PrimaryStageWindow   - Push state: MenuInterface
13:12:20.909 [JavaFX Application Thread] DEBUG Input                - Clearing active input actions
13:12:20.918 [JavaFX Application Thread] DEBUG GameApplicationServi - Removing overlay from FXGLMainMenuDummyScene and adding to MenuInterface
13:12:20.919 [JavaFX Application Thread] DEBUG PrimaryStageWindow   - FXGLMainMenuDummyScene -> MenuInterface
13:12:21.078 [JavaFX Application Thread] DEBUG FXGLApplication      - Registering font factories with UI factory
13:12:23.629 [JavaFX Application Thread] DEBUG FXGLApplication      - Exiting FXGL
13:12:23.629 [JavaFX Application Thread] DEBUG LoopRunner           - Stopping loop
13:12:23.629 [JavaFX Application Thread] DEBUG SystemBundleService  - Saving FXGL system data
13:12:23.630 [JavaFX Application Thread] DEBUG FileSystemAccess     - Writing to: C:\Users\Wren\IdeaProjects\GameGame\system\fxgl.bundle
13:12:23.631 [JavaFX Application Thread] DEBUG Async                - Shutting down background threads
13:12:23.631 [JavaFX Application Thread] DEBUG PrimaryStageWindow   - Closing main window
13:12:23.641 [JavaFX Application Thread] DEBUG Logger               - Closing Logger
