22:44:59.862 [main                     ] DEBUG Logger               - Configured Logger
22:44:59.872 [main                     ] DEBUG GameApplication      - Logging settings
Title: Untitled
Version: 0.0
Width: 1280
Height: 720
Fullscreen: false
Intro: false
Profiling: false
Single step:false
App Mode: DEVELOPER
Menu Key: ESCAPE
Stage Style: DECORATED
Scene Factory: class com.almasb.fxgl.app.scene.SceneFactory

22:45:00.173 [JavaFX Application Thread] DEBUG FXGLApplication      - Initializing FXGL
22:45:00.176 [JavaFX Application Thread] INFO  Engine               - FXGL-25 (05.02.2026 22.57) on WINDOWS (J:25.0.1 FX:21.0.6)
22:45:00.176 [JavaFX Application Thread] DEBUG Engine               - JRE Vendor Name: Oracle Corporation
22:45:00.176 [JavaFX Application Thread] DEBUG Engine               - Running on OS: Windows 11 version 10.0
22:45:00.176 [JavaFX Application Thread] DEBUG Engine               - Architecture: amd64
22:45:00.177 [JavaFX Application Thread] INFO  Engine               - Source code and latest versions at: https://github.com/AlmasB/FXGL
22:45:00.177 [JavaFX Application Thread] INFO  Engine               -       Ask questions and discuss at: https://github.com/AlmasB/FXGL/discussions
22:45:00.263 [JavaFX Application Thread] DEBUG PrimaryStageWindow   - Creating a JavaFX scene
22:45:00.263 [JavaFX Application Thread] DEBUG PrimaryStageWindow   - Target size > screen size
22:45:00.305 [JavaFX Application Thread] DEBUG PrimaryStageWindow   - Target settings size: 1280.0 x 720.0
22:45:00.305 [JavaFX Application Thread] DEBUG PrimaryStageWindow   - Scaled scene size:    1169.0 x 671.0
22:45:00.305 [JavaFX Application Thread] DEBUG PrimaryStageWindow   - Scaled ratio: (0.91328125, 0.9319444444444445)
22:45:00.306 [JavaFX Application Thread] DEBUG PrimaryStageWindow   - Set initial scene to FXGLStartupScene
22:45:00.309 [JavaFX Application Thread] DEBUG PrimaryStageWindow   - Opening main window
22:45:00.395 [JavaFX Application Thread] DEBUG PrimaryStageWindow   - Window border size: (15.0, 37.66668701171875)
22:45:00.395 [JavaFX Application Thread] DEBUG PrimaryStageWindow   - Scaled size: 1169.0 x 671.0
22:45:00.396 [JavaFX Application Thread] DEBUG PrimaryStageWindow   - Scaled ratio: (0.91328125, 0.9319444444444445)
22:45:00.396 [JavaFX Application Thread] DEBUG PrimaryStageWindow   - Scene size: 1169.0 x 671.0
22:45:00.396 [JavaFX Application Thread] DEBUG PrimaryStageWindow   - Stage size: 1184.0 x 708.6666870117188
22:45:00.404 [FXGL Background Thread 1 ] DEBUG Engine               - Initializing environment variables
22:45:00.480 [FXGL Background Thread 1 ] DEBUG FXGLAssetLoaderServi - User app class for loading assets: class org.group1.GamePackage.Application
22:45:00.480 [FXGL Background Thread 1 ] DEBUG GameApplicationServi - Applying CSS: fxgl_dark.css
22:45:00.481 [FXGL Background Thread 1 ] DEBUG FXGLAssetLoaderServi - Loading from file system: jar:file:///C:/Users/ryles/.m2/repository/com/github/almasb/fxgl/25/fxgl-25.jar!/fxglassets/ui/css/fxgl_dark.css
22:45:00.523 [FXGL Background Thread 1 ] DEBUG GameApplicationServi - Initializing application scenes
22:45:00.554 [FXGL Background Thread 1 ] DEBUG GameWorld            - Game world initialized
22:45:00.606 [FXGL Background Thread 1 ] DEBUG PhysicsWorld         - Physics world initialized: appHeight=720, physics.ppm=50.0
22:45:00.606 [FXGL Background Thread 1 ] DEBUG PhysicsWorld         - Using strategy: BRUTE_FORCE
22:45:00.612 [FXGL Background Thread 1 ] DEBUG GameScene            - Game scene initialized: 1280x720
22:45:00.624 [FXGL Background Thread 1 ] DEBUG FXGL.DefaultMenu     - createMenuBodyGameMenu()
22:45:00.635 [FXGL Background Thread 1 ] DEBUG FXGL.DefaultMenu     - createOptionsMenu()
22:45:00.644 [FXGL Background Thread 1 ] DEBUG FXGLAssetLoaderServi - Loading from file system: jar:file:///C:/Users/ryles/.m2/repository/com/github/almasb/fxgl/25/fxgl-25.jar!/fxglassets/textures/particles/smoke.png
22:45:00.716 [FXGL Background Thread 1 ] DEBUG FXGLAssetLoaderServi - Loading from file system: jar:file:///C:/Users/ryles/.m2/repository/com/github/almasb/fxgl/25/fxgl-25.jar!/fxglassets/textures/particles/trace_horizontal.png
22:45:00.742 [FXGL Background Thread 1 ] DEBUG GameApplicationServi - Application scenes initialized
22:45:00.756 [FXGL Background Thread 1 ] DEBUG SystemBundleService  - Loading FXGL system data
22:45:00.760 [FXGL Background Thread 1 ] DEBUG FileSystemAccess     - Reading from: C:\Users\ryles\Downloads\ComProg_Project\system\fxgl.bundle
22:45:00.769 [FXGL Background Thread 1 ] DEBUG SystemBundleService  - Bundle FXGL: {}
22:45:00.769 [FXGL Background Thread 1 ] DEBUG UpdaterService       - Checking for updates
22:45:00.772 [FXGL Background Thread 4 ] DEBUG FXGLApplication      - Loading fonts
22:45:00.772 [FXGL Background Thread 1 ] DEBUG FXGLApplication      - Loading default localization
22:45:00.772 [FXGL Background Thread 4 ] DEBUG FXGLAssetLoaderServi - Loading from file system: jar:file:///C:/Users/ryles/.m2/repository/com/github/almasb/fxgl/25/fxgl-25.jar!/fxglassets/ui/fonts/VarelaRound-Regular.ttf
22:45:00.773 [FXGL Background Thread 1 ] DEBUG FXGLAssetLoaderServi - Loading from file system: jar:file:///C:/Users/ryles/.m2/repository/com/github/almasb/fxgl/25/fxgl-25.jar!/fxglassets/languages/english.lang
22:45:00.787 [FXGL Background Thread 1 ] INFO  FXGLApplication      - FXGL initialization took: 0.383 sec
22:45:00.791 [JavaFX Application Thread] DEBUG LoopRunner           - Stopping loop
22:45:00.791 [JavaFX Application Thread] DEBUG LoopRunner           - Initializing JavaFX AnimationTimerLoop
22:45:00.793 [JavaFX Application Thread] FATAL FXGLApplication      - Uncaught Exception:
java.util.NoSuchElementException: No entity found satisfying the predicate
	at com.almasb.fxgl.entity@25/com.almasb.fxgl.entity.GameWorld.getSingleton(GameWorld.kt:438)
	at com.almasb.fxgl.entity@25/com.almasb.fxgl.entity.GameWorld.getSingleton(GameWorld.kt:434)
	at org.group.game/org.group1.GamePackage.Application.initInput(Application.java:112)
	at com.almasb.fxgl.all@25/com.almasb.fxgl.app.FXGLApplication$GameApplicationService.onMainLoopStarting(FXGLApplication.kt:554)
	at com.almasb.fxgl.all@25/com.almasb.fxgl.app.Engine.startLoop(Engine.kt:153)
	at com.almasb.fxgl.all@25/com.almasb.fxgl.app.FXGLApplication.startImpl$lambda$2(FXGLApplication.kt:148)
	at com.almasb.fxgl.core@25/com.almasb.fxgl.core.concurrent.IOTask.succeed(IOTask.java:164)
	at com.almasb.fxgl.core@25/com.almasb.fxgl.core.concurrent.IOTask$1.succeeded(IOTask.java:153)
	at javafx.graphics@21.0.6/javafx.concurrent.Task.setState(Task.java:726)
	at javafx.graphics@21.0.6/javafx.concurrent.Task$TaskCallable.lambda$call$1(Task.java:1410)
	at javafx.graphics@21.0.6/com.sun.javafx.application.PlatformImpl.lambda$runLater$10(PlatformImpl.java:456)
	at java.base/java.security.AccessController.doPrivileged(AccessController.java:138)
	at javafx.graphics@21.0.6/com.sun.javafx.application.PlatformImpl.lambda$runLater$11(PlatformImpl.java:455)
	at javafx.graphics@21.0.6/com.sun.glass.ui.InvokeLaterDispatcher$Future.run(InvokeLaterDispatcher.java:95)
	at javafx.graphics@21.0.6/com.sun.glass.ui.win.WinApplication._runLoop(Native Method)
	at javafx.graphics@21.0.6/com.sun.glass.ui.win.WinApplication.lambda$runLoop$3(WinApplication.java:185)
	at java.base/java.lang.Thread.run(Thread.java:1474)

22:45:00.794 [JavaFX Application Thread] FATAL FXGLApplication      - Application will now exit
22:45:00.809 [FXGL Background Thread 4 ] DEBUG FXGLAssetLoaderServi - Loading from file system: jar:file:///C:/Users/ryles/.m2/repository/com/github/almasb/fxgl/25/fxgl-25.jar!/fxglassets/ui/fonts/Abel-Regular.ttf
22:45:00.814 [FXGL Background Thread 4 ] DEBUG FXGLAssetLoaderServi - Loading from file system: jar:file:///C:/Users/ryles/.m2/repository/com/github/almasb/fxgl/25/fxgl-25.jar!/fxglassets/ui/fonts/TerminalLandMono-Regular.otf
22:45:00.818 [FXGL Background Thread 4 ] DEBUG FXGLAssetLoaderServi - Loading from file system: jar:file:///C:/Users/ryles/.m2/repository/com/github/almasb/fxgl/25/fxgl-25.jar!/fxglassets/ui/fonts/Courier-Prime.ttf
22:45:00.824 [JavaFX Application Thread] DEBUG PrimaryStageWindow   - Push state: ErrorSubScene
22:45:00.825 [JavaFX Application Thread] DEBUG Input                - Clearing active input actions
22:45:00.833 [JavaFX Application Thread] DEBUG GameApplicationServi - Removing overlay from FXGLStartupScene and adding to ErrorSubScene
22:45:00.833 [JavaFX Application Thread] DEBUG PrimaryStageWindow   - FXGLStartupScene -> ErrorSubScene
22:45:00.833 [JavaFX Application Thread] DEBUG FXGLApplication      - Registering font factories with UI factory
22:45:03.779 [FXGL Background Thread 3 ] DEBUG Engine               - Logging environment variables
22:45:03.779 [FXGL Background Thread 3 ] DEBUG Engine               - achievements: []
22:45:03.779 [FXGL Background Thread 3 ] DEBUG Engine               - actualHeight: 671.0
22:45:03.779 [FXGL Background Thread 3 ] DEBUG Engine               - actualHeightProperty: ReadOnlyDoubleProperty [value: 671.0]
22:45:03.779 [FXGL Background Thread 3 ] DEBUG Engine               - actualWidth: 1169.0
22:45:03.779 [FXGL Background Thread 3 ] DEBUG Engine               - actualWidthProperty: ReadOnlyDoubleProperty [value: 1169.0]
22:45:03.779 [FXGL Background Thread 3 ] DEBUG Engine               - appIcon: fxgl_icon.png
22:45:03.779 [FXGL Background Thread 3 ] DEBUG Engine               - applicationMode: DEVELOPER
22:45:03.779 [FXGL Background Thread 3 ] DEBUG Engine               - cSSList: [fxgl_dark.css]
22:45:03.779 [FXGL Background Thread 3 ] DEBUG Engine               - collisionDetectionStrategy: BRUTE_FORCE
22:45:03.781 [FXGL Background Thread 3 ] DEBUG Engine               - configClass: Optional.empty
22:45:03.781 [FXGL Background Thread 3 ] DEBUG Engine               - credits: []
22:45:03.781 [FXGL Background Thread 3 ] DEBUG Engine               - defaultCursor: CursorInfo(imageName=fxgl_default_cursor.png, hotspotX=7.0, hotspotY=6.0)
22:45:03.781 [FXGL Background Thread 3 ] DEBUG Engine               - devBBoxColorProperty: ObjectProperty [value: 0xff0000ff]
22:45:03.781 [FXGL Background Thread 3 ] DEBUG Engine               - devEnableDebugCameraProperty: BooleanProperty [value: false]
22:45:03.781 [FXGL Background Thread 3 ] DEBUG Engine               - devSensorColorProperty: ObjectProperty [value: 0xffff00ff]
22:45:03.781 [FXGL Background Thread 3 ] DEBUG Engine               - devShowBBoxProperty: BooleanProperty [value: false]
22:45:03.781 [FXGL Background Thread 3 ] DEBUG Engine               - devShowPositionProperty: BooleanProperty [value: false]
22:45:03.781 [FXGL Background Thread 3 ] DEBUG Engine               - enabledMenuItems: []
22:45:03.781 [FXGL Background Thread 3 ] DEBUG Engine               - engineServices: [class com.almasb.fxgl.app.services.FXGLAssetLoaderService, class com.almasb.fxgl.app.FXGLApplication$GameApplicationService, class com.almasb.fxgl.app.services.FXGLDialogService, class com.almasb.fxgl.app.services.IOTaskExecutorService, class com.almasb.fxgl.io.FileSystemService, class com.almasb.fxgl.localization.LocalizationService, class com.almasb.fxgl.app.services.SystemBundleService, class com.almasb.fxgl.profile.SaveLoadService, class com.almasb.fxgl.ui.FXGLUIFactoryServiceProvider, class com.almasb.fxgl.ui.FXGLDialogFactoryServiceProvider, class com.almasb.fxgl.audio.AudioPlayer, class com.almasb.fxgl.notification.impl.NotificationServiceProvider, class com.almasb.fxgl.achievement.AchievementService, class com.almasb.fxgl.cutscene.CutsceneService, class com.almasb.fxgl.minigames.MiniGameService, class com.almasb.fxgl.net.NetService, class com.almasb.fxgl.app.services.UpdaterService, class com.almasb.fxgl.dev.DevService]
22:45:03.781 [FXGL Background Thread 3 ] DEBUG Engine               - fontGame: Abel-Regular.ttf
22:45:03.781 [FXGL Background Thread 3 ] DEBUG Engine               - fontMono: TerminalLandMono-Regular.otf
22:45:03.781 [FXGL Background Thread 3 ] DEBUG Engine               - fontSizeScaleUI: 1.0
22:45:03.781 [FXGL Background Thread 3 ] DEBUG Engine               - fontText: Courier-Prime.ttf
22:45:03.781 [FXGL Background Thread 3 ] DEBUG Engine               - fontUI: VarelaRound-Regular.ttf
22:45:03.781 [FXGL Background Thread 3 ] DEBUG Engine               - fpsRefreshRate: 500.0 ms
22:45:03.782 [FXGL Background Thread 3 ] DEBUG Engine               - fullScreen: BooleanProperty [value: false]
22:45:03.782 [FXGL Background Thread 3 ] DEBUG Engine               - gameDifficulty: MEDIUM
22:45:03.782 [FXGL Background Thread 3 ] DEBUG Engine               - gameDifficultyProperty: ObjectProperty [value: MEDIUM]
22:45:03.782 [FXGL Background Thread 3 ] DEBUG Engine               - globalMusicVolume: 0.5
22:45:03.782 [FXGL Background Thread 3 ] DEBUG Engine               - globalMusicVolumeProperty: DoubleProperty [value: 0.5]
22:45:03.782 [FXGL Background Thread 3 ] DEBUG Engine               - globalSoundVolume: 0.5
22:45:03.782 [FXGL Background Thread 3 ] DEBUG Engine               - globalSoundVolumeProperty: DoubleProperty [value: 0.5]
22:45:03.782 [FXGL Background Thread 3 ] DEBUG Engine               - height: 720
22:45:03.782 [FXGL Background Thread 3 ] DEBUG Engine               - is3D: false
22:45:03.782 [FXGL Background Thread 3 ] DEBUG Engine               - isAndroid: false
22:45:03.782 [FXGL Background Thread 3 ] DEBUG Engine               - isBrowser: false
22:45:03.782 [FXGL Background Thread 3 ] DEBUG Engine               - isClickFeedbackEnabled: false
22:45:03.782 [FXGL Background Thread 3 ] DEBUG Engine               - isCloseConfirmation: false
22:45:03.782 [FXGL Background Thread 3 ] DEBUG Engine               - isDesktop: true
22:45:03.782 [FXGL Background Thread 3 ] DEBUG Engine               - isDeveloperMenuEnabled: false
22:45:03.782 [FXGL Background Thread 3 ] DEBUG Engine               - isEmbedded: false
22:45:03.782 [FXGL Background Thread 3 ] DEBUG Engine               - isEntityPreloadEnabled: true
22:45:03.782 [FXGL Background Thread 3 ] DEBUG Engine               - isExperimentalTiledLargeMap: false
22:45:03.782 [FXGL Background Thread 3 ] DEBUG Engine               - isFileSystemWriteAllowed: true
22:45:03.782 [FXGL Background Thread 3 ] DEBUG Engine               - isFullScreenAllowed: false
22:45:03.782 [FXGL Background Thread 3 ] DEBUG Engine               - isFullScreenFromStart: false
22:45:03.782 [FXGL Background Thread 3 ] DEBUG Engine               - isGameMenuEnabled: true
22:45:03.782 [FXGL Background Thread 3 ] DEBUG Engine               - isIOS: false
22:45:03.782 [FXGL Background Thread 3 ] DEBUG Engine               - isIntroEnabled: false
22:45:03.782 [FXGL Background Thread 3 ] DEBUG Engine               - isLinux: false
22:45:03.783 [FXGL Background Thread 3 ] DEBUG Engine               - isMac: false
22:45:03.783 [FXGL Background Thread 3 ] DEBUG Engine               - isMainMenuEnabled: false
22:45:03.783 [FXGL Background Thread 3 ] DEBUG Engine               - isManualResizeEnabled: false
22:45:03.783 [FXGL Background Thread 3 ] DEBUG Engine               - isMobile: false
22:45:03.783 [FXGL Background Thread 3 ] DEBUG Engine               - isNative: false
22:45:03.783 [FXGL Background Thread 3 ] DEBUG Engine               - isPauseMusicWhenMinimized: true
22:45:03.783 [FXGL Background Thread 3 ] DEBUG Engine               - isPreserveResizeRatio: false
22:45:03.783 [FXGL Background Thread 3 ] DEBUG Engine               - isProfilingEnabled: false
22:45:03.783 [FXGL Background Thread 3 ] DEBUG Engine               - isScaleAffectedOnResize: true
22:45:03.783 [FXGL Background Thread 3 ] DEBUG Engine               - isSingleStep: false
22:45:03.783 [FXGL Background Thread 3 ] DEBUG Engine               - isUserProfileEnabled: false
22:45:03.783 [FXGL Background Thread 3 ] DEBUG Engine               - isWindows: true
22:45:03.783 [FXGL Background Thread 3 ] DEBUG Engine               - language: ObjectProperty [value: ENGLISH]
22:45:03.783 [FXGL Background Thread 3 ] DEBUG Engine               - menuKey: ESCAPE
22:45:03.783 [FXGL Background Thread 3 ] DEBUG Engine               - mouseSensitivity: 0.2
22:45:03.783 [FXGL Background Thread 3 ] DEBUG Engine               - notificationViewClass: class com.almasb.fxgl.notification.view.XboxNotificationView
22:45:03.783 [FXGL Background Thread 3 ] DEBUG Engine               - pixelsPerMeter: 50.0
22:45:03.783 [FXGL Background Thread 3 ] DEBUG Engine               - platform: WINDOWS
22:45:03.783 [FXGL Background Thread 3 ] DEBUG Engine               - prefHeightProperty: ReadOnlyDoubleProperty [value: 720.0]
22:45:03.783 [FXGL Background Thread 3 ] DEBUG Engine               - prefWidthProperty: ReadOnlyDoubleProperty [value: 1280.0]
22:45:03.783 [FXGL Background Thread 3 ] DEBUG Engine               - profileDir: profiles/
22:45:03.783 [FXGL Background Thread 3 ] DEBUG Engine               - profileName: StringProperty [value: DEFAULT]
22:45:03.783 [FXGL Background Thread 3 ] DEBUG Engine               - randomSeed: -1
22:45:03.783 [FXGL Background Thread 3 ] DEBUG Engine               - runtimeInfo: RuntimeInfo(platform=WINDOWS, version=25, build=05.02.2026 22.57)
22:45:03.783 [FXGL Background Thread 3 ] DEBUG Engine               - saveFileExt: sav
22:45:03.784 [FXGL Background Thread 3 ] DEBUG Engine               - scaledHeightProp$fxgl: DoubleProperty [bound, value: 671.0]
22:45:03.784 [FXGL Background Thread 3 ] DEBUG Engine               - scaledWidthProp$fxgl: DoubleProperty [bound, value: 1169.0]
22:45:03.784 [FXGL Background Thread 3 ] DEBUG Engine               - sceneFactory: com.almasb.fxgl.app.scene.SceneFactory@361c0f0d
22:45:03.784 [FXGL Background Thread 3 ] DEBUG Engine               - secondsIn24h: 60
22:45:03.784 [FXGL Background Thread 3 ] DEBUG Engine               - soundMenuBack: menu/back.wav
22:45:03.784 [FXGL Background Thread 3 ] DEBUG Engine               - soundMenuPress: menu/press.wav
22:45:03.784 [FXGL Background Thread 3 ] DEBUG Engine               - soundMenuSelect: menu/select.wav
22:45:03.784 [FXGL Background Thread 3 ] DEBUG Engine               - soundNotification: core/notification.wav
22:45:03.784 [FXGL Background Thread 3 ] DEBUG Engine               - stageStyle: DECORATED
22:45:03.784 [FXGL Background Thread 3 ] DEBUG Engine               - supportedLanguages: [ENGLISH, FRENCH, GERMAN, HUNGARIAN, RUSSIAN]
22:45:03.784 [FXGL Background Thread 3 ] DEBUG Engine               - ticksPerSecond: -1
22:45:03.784 [FXGL Background Thread 3 ] DEBUG Engine               - title: Untitled
22:45:03.784 [FXGL Background Thread 3 ] DEBUG Engine               - urlGithub: https://github.com/AlmasB/FXGL
22:45:03.784 [FXGL Background Thread 3 ] DEBUG Engine               - urlLeaderboard: http://fxgl-top.herokuapp.com/
22:45:03.784 [FXGL Background Thread 3 ] DEBUG Engine               - urlPOM: https://raw.githubusercontent.com/AlmasB/FXGL/release/README.md
22:45:03.784 [FXGL Background Thread 3 ] DEBUG Engine               - userAppClass: class org.group1.GamePackage.Application
22:45:03.784 [FXGL Background Thread 3 ] DEBUG Engine               - version: 0.0
22:45:03.784 [FXGL Background Thread 3 ] DEBUG Engine               - versionCheckDays: 7
22:45:03.784 [FXGL Background Thread 3 ] DEBUG Engine               - width: 1280
22:45:03.784 [FXGL Background Thread 3 ] DEBUG Engine               - Logging services
22:45:03.784 [FXGL Background Thread 3 ] DEBUG Engine               - class com.almasb.fxgl.app.services.FXGLAssetLoaderService
22:45:03.784 [FXGL Background Thread 3 ] DEBUG Engine               - class com.almasb.fxgl.app.FXGLApplication$GameApplicationService
22:45:03.784 [FXGL Background Thread 3 ] DEBUG Engine               - class com.almasb.fxgl.app.services.FXGLDialogService
22:45:03.784 [FXGL Background Thread 3 ] DEBUG Engine               - class com.almasb.fxgl.app.services.IOTaskExecutorService
22:45:03.784 [FXGL Background Thread 3 ] DEBUG Engine               - class com.almasb.fxgl.io.FileSystemService
22:45:03.784 [FXGL Background Thread 3 ] DEBUG Engine               - class com.almasb.fxgl.localization.LocalizationService
22:45:03.784 [FXGL Background Thread 3 ] DEBUG Engine               - class com.almasb.fxgl.app.services.SystemBundleService
22:45:03.784 [FXGL Background Thread 3 ] DEBUG Engine               - class com.almasb.fxgl.profile.SaveLoadService
22:45:03.784 [FXGL Background Thread 3 ] DEBUG Engine               - class com.almasb.fxgl.ui.FXGLUIFactoryServiceProvider
22:45:03.784 [FXGL Background Thread 3 ] DEBUG Engine               - class com.almasb.fxgl.ui.FXGLDialogFactoryServiceProvider
22:45:03.784 [FXGL Background Thread 3 ] DEBUG Engine               - class com.almasb.fxgl.audio.AudioPlayer
22:45:03.784 [FXGL Background Thread 3 ] DEBUG Engine               - class com.almasb.fxgl.notification.impl.NotificationServiceProvider
22:45:03.785 [FXGL Background Thread 3 ] DEBUG Engine               - class com.almasb.fxgl.achievement.AchievementService
22:45:03.785 [FXGL Background Thread 3 ] DEBUG Engine               - class com.almasb.fxgl.cutscene.CutsceneService
22:45:03.785 [FXGL Background Thread 3 ] DEBUG Engine               - class com.almasb.fxgl.minigames.MiniGameService
22:45:03.785 [FXGL Background Thread 3 ] DEBUG Engine               - class com.almasb.fxgl.net.NetService
22:45:03.785 [FXGL Background Thread 3 ] DEBUG Engine               - class com.almasb.fxgl.app.services.UpdaterService
22:45:03.785 [FXGL Background Thread 3 ] DEBUG Engine               - class com.almasb.fxgl.dev.DevService
22:45:12.301 [JavaFX Application Thread] DEBUG FXGLApplication      - Exiting FXGL
22:45:12.302 [JavaFX Application Thread] DEBUG Async                - Shutting down background threads
22:45:12.302 [JavaFX Application Thread] DEBUG PrimaryStageWindow   - Closing main window
22:45:12.321 [JavaFX Application Thread] DEBUG Logger               - Closing Logger
