23:24:36.019 [main                     ] DEBUG Logger               - Configured Logger
23:24:36.032 [main                     ] DEBUG GameApplication      - Logging settings
Title: Untitled
Version: 0.0
Width: 1280
Height: 720
Fullscreen: false
Intro: false
Profiling: false
Single step:false
App Mode: DEVELOPER
Menu Key: ESCAPE
Stage Style: DECORATED
Scene Factory: class org.group1.GamePackage.Factory.MainSceneFactory

23:24:36.465 [JavaFX Application Thread] DEBUG FXGLApplication      - Initializing FXGL
23:24:36.473 [JavaFX Application Thread] INFO  Engine               - FXGL-25 (05.02.2026 22.57) on WINDOWS (J:25.0.1 FX:21.0.6)
23:24:36.473 [JavaFX Application Thread] DEBUG Engine               - JRE Vendor Name: Oracle Corporation
23:24:36.474 [JavaFX Application Thread] DEBUG Engine               - Running on OS: Windows 11 version 10.0
23:24:36.474 [JavaFX Application Thread] DEBUG Engine               - Architecture: amd64
23:24:36.474 [JavaFX Application Thread] INFO  Engine               - Source code and latest versions at: https://github.com/AlmasB/FXGL
23:24:36.475 [JavaFX Application Thread] INFO  Engine               -       Ask questions and discuss at: https://github.com/AlmasB/FXGL/discussions
23:24:36.589 [JavaFX Application Thread] DEBUG PrimaryStageWindow   - Creating a JavaFX scene
23:24:36.589 [JavaFX Application Thread] DEBUG PrimaryStageWindow   - Target size > screen size
23:24:36.643 [JavaFX Application Thread] DEBUG PrimaryStageWindow   - Target settings size: 1280.0 x 720.0
23:24:36.643 [JavaFX Application Thread] DEBUG PrimaryStageWindow   - Scaled scene size:    1169.0 x 671.0
23:24:36.643 [JavaFX Application Thread] DEBUG PrimaryStageWindow   - Scaled ratio: (0.91328125, 0.9319444444444445)
23:24:36.644 [JavaFX Application Thread] DEBUG PrimaryStageWindow   - Set initial scene to FXGLStartupScene
23:24:36.649 [JavaFX Application Thread] DEBUG PrimaryStageWindow   - Opening main window
23:24:36.760 [JavaFX Application Thread] DEBUG PrimaryStageWindow   - Window border size: (15.0, 37.66668701171875)
23:24:36.761 [JavaFX Application Thread] DEBUG PrimaryStageWindow   - Scaled size: 1169.0 x 671.0
23:24:36.761 [JavaFX Application Thread] DEBUG PrimaryStageWindow   - Scaled ratio: (0.91328125, 0.9319444444444445)
23:24:36.762 [JavaFX Application Thread] DEBUG PrimaryStageWindow   - Scene size: 1169.0 x 671.0
23:24:36.762 [JavaFX Application Thread] DEBUG PrimaryStageWindow   - Stage size: 1184.0 x 708.6666870117188
23:24:36.775 [FXGL Background Thread 1 ] DEBUG Engine               - Initializing environment variables
23:24:36.890 [FXGL Background Thread 1 ] DEBUG FXGLAssetLoaderServi - User app class for loading assets: class org.group1.GamePackage.Application
23:24:36.891 [FXGL Background Thread 1 ] DEBUG GameApplicationServi - Applying CSS: fxgl_dark.css
23:24:36.892 [FXGL Background Thread 1 ] DEBUG FXGLAssetLoaderServi - Loading from file system: jar:file:///C:/Users/ryles/.m2/repository/com/github/almasb/fxgl/25/fxgl-25.jar!/fxglassets/ui/css/fxgl_dark.css
23:24:36.956 [FXGL Background Thread 1 ] DEBUG GameApplicationServi - Initializing application scenes
23:24:37.054 [FXGL Background Thread 1 ] DEBUG GameWorld            - Game world initialized
23:24:37.110 [FXGL Background Thread 1 ] DEBUG PhysicsWorld         - Physics world initialized: appHeight=720, physics.ppm=50.0
23:24:37.110 [FXGL Background Thread 1 ] DEBUG PhysicsWorld         - Using strategy: BRUTE_FORCE
23:24:37.117 [FXGL Background Thread 1 ] DEBUG GameScene            - Game scene initialized: 1280x720
23:24:37.132 [FXGL Background Thread 1 ] DEBUG FXGL.DefaultMenu     - createMenuBodyGameMenu()
23:24:37.143 [FXGL Background Thread 1 ] DEBUG FXGL.DefaultMenu     - createOptionsMenu()
23:24:37.157 [FXGL Background Thread 1 ] DEBUG FXGLAssetLoaderServi - Loading from file system: jar:file:///C:/Users/ryles/.m2/repository/com/github/almasb/fxgl/25/fxgl-25.jar!/fxglassets/textures/particles/smoke.png
23:24:37.270 [FXGL Background Thread 1 ] DEBUG FXGLAssetLoaderServi - Loading from file system: jar:file:///C:/Users/ryles/.m2/repository/com/github/almasb/fxgl/25/fxgl-25.jar!/fxglassets/textures/particles/trace_horizontal.png
23:24:37.301 [FXGL Background Thread 1 ] DEBUG GameApplicationServi - Application scenes initialized
23:24:37.312 [FXGL Background Thread 1 ] DEBUG SystemBundleService  - Loading FXGL system data
23:24:37.318 [FXGL Background Thread 1 ] DEBUG FileSystemAccess     - Reading from: C:\Users\ryles\Downloads\ComProg_Project\system\fxgl.bundle
23:24:37.327 [FXGL Background Thread 1 ] DEBUG SystemBundleService  - Bundle FXGL: {}
23:24:37.327 [FXGL Background Thread 1 ] DEBUG UpdaterService       - Checking for updates
23:24:37.332 [FXGL Background Thread 4 ] DEBUG FXGLApplication      - Loading fonts
23:24:37.332 [FXGL Background Thread 1 ] DEBUG FXGLApplication      - Loading default localization
23:24:37.332 [FXGL Background Thread 4 ] DEBUG FXGLAssetLoaderServi - Loading from file system: jar:file:///C:/Users/ryles/.m2/repository/com/github/almasb/fxgl/25/fxgl-25.jar!/fxglassets/ui/fonts/VarelaRound-Regular.ttf
23:24:37.333 [FXGL Background Thread 1 ] DEBUG FXGLAssetLoaderServi - Loading from file system: jar:file:///C:/Users/ryles/.m2/repository/com/github/almasb/fxgl/25/fxgl-25.jar!/fxglassets/languages/english.lang
23:24:37.353 [FXGL Background Thread 1 ] INFO  FXGLApplication      - FXGL initialization took: 0.577 sec
23:24:37.371 [JavaFX Application Thread] DEBUG Input                - Registered new binding: Move left - A
23:24:37.371 [JavaFX Application Thread] DEBUG Input                - Registered new binding: Move right - D
23:24:37.372 [JavaFX Application Thread] DEBUG Input                - Registered new binding: Move down - S
23:24:37.372 [JavaFX Application Thread] DEBUG Input                - Registered new binding: Move up - W
23:24:37.372 [JavaFX Application Thread] DEBUG Input                - Registered new binding: Shoot - Space
23:24:37.373 [JavaFX Application Thread] DEBUG FXGLAssetLoaderServi - Loading from file system: jar:file:///C:/Users/ryles/.m2/repository/com/github/almasb/fxgl/25/fxgl-25.jar!/fxglassets/textures/fxgl_icon.png
23:24:37.391 [FXGL Background Thread 4 ] DEBUG FXGLAssetLoaderServi - Loading from file system: jar:file:///C:/Users/ryles/.m2/repository/com/github/almasb/fxgl/25/fxgl-25.jar!/fxglassets/ui/fonts/Abel-Regular.ttf
23:24:37.398 [FXGL Background Thread 4 ] DEBUG FXGLAssetLoaderServi - Loading from file system: jar:file:///C:/Users/ryles/.m2/repository/com/github/almasb/fxgl/25/fxgl-25.jar!/fxglassets/ui/fonts/TerminalLandMono-Regular.otf
23:24:37.405 [JavaFX Application Thread] DEBUG FXGLAssetLoaderServi - Loading from file system: jar:file:///C:/Users/ryles/.m2/repository/com/github/almasb/fxgl/25/fxgl-25.jar!/fxglassets/textures/fxgl_default_cursor.png
23:24:37.409 [JavaFX Application Thread] DEBUG Input                - Registered new binding: Screenshot - CTRL+8
23:24:37.410 [JavaFX Application Thread] DEBUG Input                - Registered new binding: System info dump - CTRL+9
23:24:37.410 [JavaFX Application Thread] DEBUG Input                - Registered new binding: Restart - CTRL+R
23:24:37.411 [FXGL Background Thread 4 ] DEBUG FXGLAssetLoaderServi - Loading from file system: jar:file:///C:/Users/ryles/.m2/repository/com/github/almasb/fxgl/25/fxgl-25.jar!/fxglassets/ui/fonts/Courier-Prime.ttf
23:24:37.412 [JavaFX Application Thread] DEBUG Input                - Registered new binding: Toggle Debug Camera - CTRL+7
23:24:37.415 [JavaFX Application Thread] DEBUG LoopRunner           - Starting loop
23:24:37.415 [JavaFX Application Thread] DEBUG LoopRunner           - Initializing JavaFX AnimationTimerLoop
23:24:37.419 [JavaFX Application Thread] DEBUG Input                - Clearing active input actions
23:24:37.434 [JavaFX Application Thread] DEBUG GameApplicationServi - Removing overlay from FXGLStartupScene and adding to FXGLMainMenuDummyScene
23:24:37.435 [JavaFX Application Thread] DEBUG PrimaryStageWindow   - FXGLStartupScene -> FXGLMainMenuDummyScene
23:24:37.435 [JavaFX Application Thread] DEBUG PrimaryStageWindow   - Push state: MenuInterface
23:24:37.437 [JavaFX Application Thread] DEBUG Input                - Clearing active input actions
23:24:37.443 [JavaFX Application Thread] DEBUG GameApplicationServi - Removing overlay from FXGLMainMenuDummyScene and adding to MenuInterface
23:24:37.444 [JavaFX Application Thread] DEBUG PrimaryStageWindow   - FXGLMainMenuDummyScene -> MenuInterface
23:24:37.516 [JavaFX Application Thread] DEBUG FXGLApplication      - Registering font factories with UI factory
23:24:39.900 [JavaFX Application Thread] DEBUG Menu                 - fireNewGame()
23:24:39.900 [JavaFX Application Thread] DEBUG GameApplicationServi - Starting new game
23:24:39.900 [JavaFX Application Thread] DEBUG PrimaryStageWindow   - Pop state: MenuInterface
23:24:39.900 [JavaFX Application Thread] DEBUG Input                - Clearing active input actions
23:24:39.900 [JavaFX Application Thread] DEBUG GameApplicationServi - Removing overlay from MenuInterface and adding to FXGLMainMenuDummyScene
23:24:39.901 [JavaFX Application Thread] DEBUG PrimaryStageWindow   - FXGLMainMenuDummyScene <- MenuInterface
23:24:39.901 [JavaFX Application Thread] DEBUG Input                - Clearing active input actions
23:24:39.910 [JavaFX Application Thread] DEBUG GameApplicationServi - Removing overlay from FXGLMainMenuDummyScene and adding to LoadingInterface
23:24:39.910 [JavaFX Application Thread] DEBUG PrimaryStageWindow   - FXGLMainMenuDummyScene -> LoadingInterface
23:24:39.910 [JavaFX Application Thread] DEBUG GameApplicationServi - Clearing previous game
23:24:39.910 [JavaFX Application Thread] DEBUG GameScene            - Clearing game scene
23:24:39.910 [JavaFX Application Thread] DEBUG GameWorld            - Clearing game world
23:24:39.910 [JavaFX Application Thread] DEBUG PhysicsWorld         - Clearing physics world
23:24:39.912 [FXGL Background Thread 2 ] DEBUG FXGLApplication      - Initializing game
23:24:39.926 [FXGL Background Thread 2 ] DEBUG FXGLAssetLoaderServi - Loading from file system: file:/C:/Users/ryles/Downloads/ComProg_Project/target/classes/assets/textures/background.png
23:24:40.060 [FXGL Background Thread 2 ] DEBUG FXGLAssetLoaderServi - Loading from file system: file:/C:/Users/ryles/Downloads/ComProg_Project/target/classes/assets/textures/background_stars1.png
23:24:40.224 [FXGL Background Thread 2 ] DEBUG FXGLAssetLoaderServi - Loading from file system: file:/C:/Users/ryles/Downloads/ComProg_Project/target/classes/assets/textures/background_stars2.png
23:24:40.259 [FXGL Background Thread 2 ] DEBUG FXGLAssetLoaderServi - Loading from file system: file:/C:/Users/ryles/Downloads/ComProg_Project/target/classes/assets/textures/background_stars3.png
23:24:40.293 [FXGL Background Thread 2 ] DEBUG FXGLAssetLoaderServi - Loading from file system: file:/C:/Users/ryles/Downloads/ComProg_Project/target/classes/assets/textures/background_cloud1.png
23:24:40.304 [FXGL Background Thread 2 ] DEBUG FXGLAssetLoaderServi - Loading from file system: file:/C:/Users/ryles/Downloads/ComProg_Project/target/classes/assets/textures/background_cloud2.png
23:24:40.317 [FXGL Background Thread 2 ] DEBUG FXGLAssetLoaderServi - Loading from file system: file:/C:/Users/ryles/Downloads/ComProg_Project/target/classes/assets/textures/background_mist1.png
23:24:40.330 [FXGL Background Thread 2 ] DEBUG FXGLAssetLoaderServi - Loading from file system: file:/C:/Users/ryles/Downloads/ComProg_Project/target/classes/assets/textures/background_hills.png
23:24:40.331 [FXGL Background Thread 3 ] DEBUG Engine               - Logging environment variables
23:24:40.331 [FXGL Background Thread 3 ] DEBUG Engine               - achievements: []
23:24:40.331 [FXGL Background Thread 3 ] DEBUG Engine               - actualHeight: 671.0
23:24:40.331 [FXGL Background Thread 3 ] DEBUG Engine               - actualHeightProperty: ReadOnlyDoubleProperty [value: 671.0]
23:24:40.332 [FXGL Background Thread 3 ] DEBUG Engine               - actualWidth: 1169.0
23:24:40.332 [FXGL Background Thread 3 ] DEBUG Engine               - actualWidthProperty: ReadOnlyDoubleProperty [value: 1169.0]
23:24:40.332 [FXGL Background Thread 3 ] DEBUG Engine               - appIcon: fxgl_icon.png
23:24:40.332 [FXGL Background Thread 3 ] DEBUG Engine               - applicationMode: DEVELOPER
23:24:40.332 [FXGL Background Thread 3 ] DEBUG Engine               - cSSList: [fxgl_dark.css]
23:24:40.332 [FXGL Background Thread 3 ] DEBUG Engine               - collisionDetectionStrategy: BRUTE_FORCE
23:24:40.332 [FXGL Background Thread 3 ] DEBUG Engine               - configClass: Optional.empty
23:24:40.332 [FXGL Background Thread 3 ] DEBUG Engine               - credits: []
23:24:40.332 [FXGL Background Thread 3 ] DEBUG Engine               - defaultCursor: CursorInfo(imageName=fxgl_default_cursor.png, hotspotX=7.0, hotspotY=6.0)
23:24:40.332 [FXGL Background Thread 3 ] DEBUG Engine               - devBBoxColorProperty: ObjectProperty [value: 0xff0000ff]
23:24:40.333 [FXGL Background Thread 3 ] DEBUG Engine               - devEnableDebugCameraProperty: BooleanProperty [value: false]
23:24:40.333 [FXGL Background Thread 3 ] DEBUG Engine               - devSensorColorProperty: ObjectProperty [value: 0xffff00ff]
23:24:40.333 [FXGL Background Thread 3 ] DEBUG Engine               - devShowBBoxProperty: BooleanProperty [value: false]
23:24:40.333 [FXGL Background Thread 3 ] DEBUG Engine               - devShowPositionProperty: BooleanProperty [value: false]
23:24:40.333 [FXGL Background Thread 3 ] DEBUG Engine               - enabledMenuItems: []
23:24:40.333 [FXGL Background Thread 3 ] DEBUG Engine               - engineServices: [class com.almasb.fxgl.app.services.FXGLAssetLoaderService, class com.almasb.fxgl.app.FXGLApplication$GameApplicationService, class com.almasb.fxgl.app.services.FXGLDialogService, class com.almasb.fxgl.app.services.IOTaskExecutorService, class com.almasb.fxgl.io.FileSystemService, class com.almasb.fxgl.localization.LocalizationService, class com.almasb.fxgl.app.services.SystemBundleService, class com.almasb.fxgl.profile.SaveLoadService, class com.almasb.fxgl.ui.FXGLUIFactoryServiceProvider, class com.almasb.fxgl.ui.FXGLDialogFactoryServiceProvider, class com.almasb.fxgl.audio.AudioPlayer, class com.almasb.fxgl.notification.impl.NotificationServiceProvider, class com.almasb.fxgl.achievement.AchievementService, class com.almasb.fxgl.cutscene.CutsceneService, class com.almasb.fxgl.minigames.MiniGameService, class com.almasb.fxgl.net.NetService, class com.almasb.fxgl.app.services.UpdaterService, class com.almasb.fxgl.dev.DevService]
23:24:40.333 [FXGL Background Thread 3 ] DEBUG Engine               - fontGame: Abel-Regular.ttf
23:24:40.333 [FXGL Background Thread 3 ] DEBUG Engine               - fontMono: TerminalLandMono-Regular.otf
23:24:40.333 [FXGL Background Thread 3 ] DEBUG Engine               - fontSizeScaleUI: 1.0
23:24:40.333 [FXGL Background Thread 3 ] DEBUG Engine               - fontText: Courier-Prime.ttf
23:24:40.333 [FXGL Background Thread 3 ] DEBUG Engine               - fontUI: VarelaRound-Regular.ttf
23:24:40.334 [FXGL Background Thread 3 ] DEBUG Engine               - fpsRefreshRate: 500.0 ms
23:24:40.334 [FXGL Background Thread 3 ] DEBUG Engine               - fullScreen: BooleanProperty [value: false]
23:24:40.334 [FXGL Background Thread 3 ] DEBUG Engine               - gameDifficulty: MEDIUM
23:24:40.334 [FXGL Background Thread 3 ] DEBUG Engine               - gameDifficultyProperty: ObjectProperty [value: MEDIUM]
23:24:40.334 [FXGL Background Thread 3 ] DEBUG Engine               - globalMusicVolume: 0.5
23:24:40.334 [FXGL Background Thread 3 ] DEBUG Engine               - globalMusicVolumeProperty: DoubleProperty [value: 0.5]
23:24:40.334 [FXGL Background Thread 3 ] DEBUG Engine               - globalSoundVolume: 0.5
23:24:40.334 [FXGL Background Thread 3 ] DEBUG Engine               - globalSoundVolumeProperty: DoubleProperty [value: 0.5]
23:24:40.334 [FXGL Background Thread 3 ] DEBUG Engine               - height: 720
23:24:40.334 [FXGL Background Thread 3 ] DEBUG Engine               - is3D: false
23:24:40.334 [FXGL Background Thread 3 ] DEBUG Engine               - isAndroid: false
23:24:40.334 [FXGL Background Thread 3 ] DEBUG Engine               - isBrowser: false
23:24:40.334 [FXGL Background Thread 3 ] DEBUG Engine               - isClickFeedbackEnabled: false
23:24:40.334 [FXGL Background Thread 3 ] DEBUG Engine               - isCloseConfirmation: false
23:24:40.334 [FXGL Background Thread 3 ] DEBUG Engine               - isDesktop: true
23:24:40.344 [FXGL Background Thread 3 ] DEBUG Engine               - isDeveloperMenuEnabled: false
23:24:40.344 [FXGL Background Thread 3 ] DEBUG Engine               - isEmbedded: false
23:24:40.344 [FXGL Background Thread 3 ] DEBUG Engine               - isEntityPreloadEnabled: true
23:24:40.344 [FXGL Background Thread 3 ] DEBUG Engine               - isExperimentalTiledLargeMap: false
23:24:40.345 [FXGL Background Thread 3 ] DEBUG Engine               - isFileSystemWriteAllowed: true
23:24:40.345 [FXGL Background Thread 3 ] DEBUG Engine               - isFullScreenAllowed: false
23:24:40.345 [FXGL Background Thread 3 ] DEBUG Engine               - isFullScreenFromStart: false
23:24:40.345 [FXGL Background Thread 3 ] DEBUG Engine               - isGameMenuEnabled: true
23:24:40.345 [FXGL Background Thread 3 ] DEBUG Engine               - isIOS: false
23:24:40.345 [FXGL Background Thread 3 ] DEBUG Engine               - isIntroEnabled: false
23:24:40.345 [FXGL Background Thread 3 ] DEBUG Engine               - isLinux: false
23:24:40.345 [FXGL Background Thread 3 ] DEBUG Engine               - isMac: false
23:24:40.345 [FXGL Background Thread 3 ] DEBUG Engine               - isMainMenuEnabled: true
23:24:40.345 [FXGL Background Thread 3 ] DEBUG Engine               - isManualResizeEnabled: false
23:24:40.345 [FXGL Background Thread 3 ] DEBUG Engine               - isMobile: false
23:24:40.345 [FXGL Background Thread 3 ] DEBUG Engine               - isNative: false
23:24:40.345 [FXGL Background Thread 3 ] DEBUG Engine               - isPauseMusicWhenMinimized: true
23:24:40.345 [FXGL Background Thread 3 ] DEBUG Engine               - isPreserveResizeRatio: false
23:24:40.345 [FXGL Background Thread 3 ] DEBUG Engine               - isProfilingEnabled: false
23:24:40.345 [FXGL Background Thread 3 ] DEBUG Engine               - isScaleAffectedOnResize: true
23:24:40.345 [FXGL Background Thread 3 ] DEBUG Engine               - isSingleStep: false
23:24:40.345 [FXGL Background Thread 3 ] DEBUG Engine               - isUserProfileEnabled: false
23:24:40.345 [FXGL Background Thread 3 ] DEBUG Engine               - isWindows: true
23:24:40.345 [FXGL Background Thread 3 ] DEBUG Engine               - language: ObjectProperty [value: ENGLISH]
23:24:40.345 [FXGL Background Thread 3 ] DEBUG Engine               - menuKey: ESCAPE
23:24:40.345 [FXGL Background Thread 3 ] DEBUG Engine               - mouseSensitivity: 0.2
23:24:40.345 [FXGL Background Thread 3 ] DEBUG Engine               - notificationViewClass: class com.almasb.fxgl.notification.view.XboxNotificationView
23:24:40.345 [FXGL Background Thread 3 ] DEBUG Engine               - pixelsPerMeter: 50.0
23:24:40.345 [FXGL Background Thread 3 ] DEBUG Engine               - platform: WINDOWS
23:24:40.345 [FXGL Background Thread 3 ] DEBUG Engine               - prefHeightProperty: ReadOnlyDoubleProperty [value: 720.0]
23:24:40.346 [FXGL Background Thread 3 ] DEBUG Engine               - prefWidthProperty: ReadOnlyDoubleProperty [value: 1280.0]
23:24:40.346 [FXGL Background Thread 3 ] DEBUG Engine               - profileDir: profiles/
23:24:40.346 [FXGL Background Thread 3 ] DEBUG Engine               - profileName: StringProperty [value: DEFAULT]
23:24:40.346 [FXGL Background Thread 3 ] DEBUG Engine               - randomSeed: -1
23:24:40.346 [FXGL Background Thread 3 ] DEBUG Engine               - runtimeInfo: RuntimeInfo(platform=WINDOWS, version=25, build=05.02.2026 22.57)
23:24:40.346 [FXGL Background Thread 3 ] DEBUG Engine               - saveFileExt: sav
23:24:40.346 [FXGL Background Thread 3 ] DEBUG Engine               - scaledHeightProp$fxgl: DoubleProperty [bound, value: 671.0]
23:24:40.346 [FXGL Background Thread 3 ] DEBUG Engine               - scaledWidthProp$fxgl: DoubleProperty [bound, value: 1169.0]
23:24:40.346 [FXGL Background Thread 3 ] DEBUG Engine               - sceneFactory: org.group1.GamePackage.Factory.MainSceneFactory@50d8161f
23:24:40.346 [FXGL Background Thread 3 ] DEBUG Engine               - secondsIn24h: 60
23:24:40.346 [FXGL Background Thread 3 ] DEBUG Engine               - soundMenuBack: menu/back.wav
23:24:40.346 [FXGL Background Thread 3 ] DEBUG Engine               - soundMenuPress: menu/press.wav
23:24:40.346 [FXGL Background Thread 3 ] DEBUG Engine               - soundMenuSelect: menu/select.wav
23:24:40.346 [FXGL Background Thread 3 ] DEBUG Engine               - soundNotification: core/notification.wav
23:24:40.346 [FXGL Background Thread 3 ] DEBUG Engine               - stageStyle: DECORATED
23:24:40.346 [FXGL Background Thread 3 ] DEBUG Engine               - supportedLanguages: [ENGLISH, FRENCH, GERMAN, HUNGARIAN, RUSSIAN]
23:24:40.346 [FXGL Background Thread 3 ] DEBUG Engine               - ticksPerSecond: -1
23:24:40.346 [FXGL Background Thread 3 ] DEBUG Engine               - title: Untitled
23:24:40.346 [FXGL Background Thread 3 ] DEBUG Engine               - urlGithub: https://github.com/AlmasB/FXGL
23:24:40.347 [FXGL Background Thread 3 ] DEBUG Engine               - urlLeaderboard: http://fxgl-top.herokuapp.com/
23:24:40.347 [FXGL Background Thread 3 ] DEBUG Engine               - urlPOM: https://raw.githubusercontent.com/AlmasB/FXGL/release/README.md
23:24:40.347 [FXGL Background Thread 3 ] DEBUG Engine               - userAppClass: class org.group1.GamePackage.Application
23:24:40.347 [FXGL Background Thread 3 ] DEBUG Engine               - version: 0.0
23:24:40.347 [FXGL Background Thread 3 ] DEBUG Engine               - versionCheckDays: 7
23:24:40.347 [FXGL Background Thread 3 ] DEBUG Engine               - width: 1280
23:24:40.347 [FXGL Background Thread 3 ] DEBUG Engine               - Logging services
23:24:40.347 [FXGL Background Thread 3 ] DEBUG Engine               - class com.almasb.fxgl.app.services.FXGLAssetLoaderService
23:24:40.347 [FXGL Background Thread 3 ] DEBUG Engine               - class com.almasb.fxgl.app.FXGLApplication$GameApplicationService
23:24:40.347 [FXGL Background Thread 3 ] DEBUG Engine               - class com.almasb.fxgl.app.services.FXGLDialogService
23:24:40.347 [FXGL Background Thread 3 ] DEBUG Engine               - class com.almasb.fxgl.app.services.IOTaskExecutorService
23:24:40.347 [FXGL Background Thread 3 ] DEBUG Engine               - class com.almasb.fxgl.io.FileSystemService
23:24:40.347 [FXGL Background Thread 3 ] DEBUG Engine               - class com.almasb.fxgl.localization.LocalizationService
23:24:40.347 [FXGL Background Thread 3 ] DEBUG Engine               - class com.almasb.fxgl.app.services.SystemBundleService
23:24:40.347 [FXGL Background Thread 3 ] DEBUG Engine               - class com.almasb.fxgl.profile.SaveLoadService
23:24:40.347 [FXGL Background Thread 3 ] DEBUG Engine               - class com.almasb.fxgl.ui.FXGLUIFactoryServiceProvider
23:24:40.347 [FXGL Background Thread 3 ] DEBUG Engine               - class com.almasb.fxgl.ui.FXGLDialogFactoryServiceProvider
23:24:40.347 [FXGL Background Thread 3 ] DEBUG Engine               - class com.almasb.fxgl.audio.AudioPlayer
23:24:40.347 [FXGL Background Thread 3 ] DEBUG Engine               - class com.almasb.fxgl.notification.impl.NotificationServiceProvider
23:24:40.347 [FXGL Background Thread 3 ] DEBUG Engine               - class com.almasb.fxgl.achievement.AchievementService
23:24:40.347 [FXGL Background Thread 3 ] DEBUG Engine               - class com.almasb.fxgl.cutscene.CutsceneService
23:24:40.347 [FXGL Background Thread 3 ] DEBUG Engine               - class com.almasb.fxgl.minigames.MiniGameService
23:24:40.347 [FXGL Background Thread 3 ] DEBUG Engine               - class com.almasb.fxgl.net.NetService
23:24:40.347 [FXGL Background Thread 3 ] DEBUG Engine               - class com.almasb.fxgl.app.services.UpdaterService
23:24:40.347 [FXGL Background Thread 3 ] DEBUG Engine               - class com.almasb.fxgl.dev.DevService
23:24:40.364 [FXGL Background Thread 2 ] DEBUG FXGLAssetLoaderServi - Loading from file system: file:/C:/Users/ryles/Downloads/ComProg_Project/target/classes/assets/textures/background_forest.png
23:24:40.376 [FXGL Background Thread 2 ] DEBUG FXGLAssetLoaderServi - Loading from file system: file:/C:/Users/ryles/Downloads/ComProg_Project/target/classes/assets/textures/background_large_forest.png
23:24:40.402 [FXGL Background Thread 2 ] DEBUG FXGLAssetLoaderServi - Loading from file system: file:/C:/Users/ryles/Downloads/ComProg_Project/target/classes/assets/textures/idle_sprite.png
23:24:40.406 [FXGL Background Thread 2 ] DEBUG FXGLAssetLoaderServi - Loading from file system: file:/C:/Users/ryles/Downloads/ComProg_Project/target/classes/assets/textures/down_sprite.png
23:24:40.409 [FXGL Background Thread 2 ] DEBUG FXGLAssetLoaderServi - Loading from file system: file:/C:/Users/ryles/Downloads/ComProg_Project/target/classes/assets/textures/up_sprite.png
23:24:40.421 [FXGL Background Thread 2 ] DEBUG FXGLAssetLoaderServi - Loading from file system: file:/C:/Users/ryles/Downloads/ComProg_Project/target/classes/assets/music/main_music.wav
23:24:40.549 [FXGL Background Thread 2 ] DEBUG AudioPlayer          - Playing music com.almasb.fxgl.audio.Music@6caf5184
23:24:40.556 [FXGL Background Thread 2 ] INFO  FXGLApplication      - Game initialization took: 0.643 sec
23:24:40.557 [JavaFX Application Thread] DEBUG Input                - Clearing active input actions
23:24:40.566 [JavaFX Application Thread] DEBUG GameApplicationServi - Removing overlay from LoadingInterface and adding to GameScene
23:24:40.566 [JavaFX Application Thread] DEBUG PrimaryStageWindow   - LoadingInterface -> GameScene
23:24:41.058 [JavaFX Application Thread] DEBUG FXGLAssetLoaderServi - Loading from file system: file:/C:/Users/ryles/Downloads/ComProg_Project/target/classes/assets/textures/enemy_sprite.png
23:24:41.063 [JavaFX Application Thread] DEBUG FXGLAssetLoaderServi - Loading from file system: file:/C:/Users/ryles/Downloads/ComProg_Project/target/classes/assets/textures/explosion_sprite.png
23:24:42.656 [JavaFX Application Thread] DEBUG FXGLAssetLoaderServi - Loading from file system: file:/C:/Users/ryles/Downloads/ComProg_Project/target/classes/assets/textures/bullet_sprite.png
23:24:42.928 [JavaFX Application Thread] DEBUG FXGLAssetLoaderServi - Loading from file system: file:/C:/Users/ryles/Downloads/ComProg_Project/target/classes/assets/sounds/death_sound.wav
23:24:43.636 [JavaFX Application Thread] DEBUG FXGLAssetLoaderServi - Loading from file system: file:/C:/Users/ryles/Downloads/ComProg_Project/target/classes/assets/textures/heart_sprite.png
23:24:43.654 [JavaFX Application Thread] DEBUG FXGLAssetLoaderServi - Loading from file system: file:/C:/Users/ryles/Downloads/ComProg_Project/target/classes/assets/textures/heart_explode_sprite.png
23:24:44.897 [JavaFX Application Thread] DEBUG FXGLAssetLoaderServi - Loading from file system: file:/C:/Users/ryles/Downloads/ComProg_Project/target/classes/assets/sounds/heart_gain.wav
23:25:04.797 [JavaFX Application Thread] DEBUG FXGLAssetLoaderServi - Loading from file system: file:/C:/Users/ryles/Downloads/ComProg_Project/target/classes/assets/sounds/fah.wav
23:25:16.852 [JavaFX Application Thread] DEBUG FXGLApplication      - Exiting FXGL
23:25:16.852 [JavaFX Application Thread] DEBUG LoopRunner           - Stopping loop
23:25:16.852 [JavaFX Application Thread] DEBUG SystemBundleService  - Saving FXGL system data
23:25:16.856 [JavaFX Application Thread] DEBUG FileSystemAccess     - Writing to: C:\Users\ryles\Downloads\ComProg_Project\system\fxgl.bundle
23:25:16.858 [JavaFX Application Thread] DEBUG Async                - Shutting down background threads
23:25:16.858 [JavaFX Application Thread] DEBUG PrimaryStageWindow   - Closing main window
23:25:16.893 [JavaFX Application Thread] DEBUG Logger               - Closing Logger
