22:59:12.311 [main                     ] DEBUG Logger               - Configured Logger
22:59:12.319 [main                     ] DEBUG GameApplication      - Logging settings
Title: Untitled
Version: 0.0
Width: 800
Height: 600
Fullscreen: false
Intro: false
Profiling: false
Single step:false
App Mode: DEVELOPER
Menu Key: ESCAPE
Stage Style: DECORATED
Scene Factory: class com.almasb.fxgl.app.scene.SceneFactory

22:59:12.540 [JavaFX Application Thread] DEBUG FXGLApplication      - Initializing FXGL
22:59:12.543 [JavaFX Application Thread] INFO  Engine               - FXGL-25 (05.02.2026 22.57) on LINUX (J:25.0.2 FX:21.0.6)
22:59:12.544 [JavaFX Application Thread] DEBUG Engine               - JRE Vendor Name: Arch Linux
22:59:12.544 [JavaFX Application Thread] DEBUG Engine               - Running on OS: Linux version 6.18.9-arch1-2
22:59:12.544 [JavaFX Application Thread] DEBUG Engine               - Architecture: amd64
22:59:12.544 [JavaFX Application Thread] INFO  Engine               - Source code and latest versions at: https://github.com/AlmasB/FXGL
22:59:12.544 [JavaFX Application Thread] INFO  Engine               -       Ask questions and discuss at: https://github.com/AlmasB/FXGL/discussions
22:59:12.615 [JavaFX Application Thread] DEBUG PrimaryStageWindow   - Creating a JavaFX scene
22:59:12.694 [JavaFX Application Thread] DEBUG PrimaryStageWindow   - Target settings size: 800.0 x 600.0
22:59:12.694 [JavaFX Application Thread] DEBUG PrimaryStageWindow   - Scaled scene size:    800.0 x 600.0
22:59:12.694 [JavaFX Application Thread] DEBUG PrimaryStageWindow   - Scaled ratio: (1.0, 1.0)
22:59:12.695 [JavaFX Application Thread] DEBUG PrimaryStageWindow   - Set initial scene to FXGLStartupScene
22:59:12.698 [JavaFX Application Thread] DEBUG PrimaryStageWindow   - Opening main window
22:59:12.761 [JavaFX Application Thread] DEBUG PrimaryStageWindow   - Window border size: (0.0, 35.0)
22:59:12.761 [JavaFX Application Thread] DEBUG PrimaryStageWindow   - Scaled size: 800.0 x 565.0
22:59:12.761 [JavaFX Application Thread] DEBUG PrimaryStageWindow   - Scaled ratio: (1.0, 0.9416666666666667)
22:59:12.761 [JavaFX Application Thread] DEBUG PrimaryStageWindow   - Scene size: 800.0 x 600.0
22:59:12.761 [JavaFX Application Thread] DEBUG PrimaryStageWindow   - Stage size: 800.0 x 600.0
22:59:12.766 [FXGL Background Thread 1 ] DEBUG Engine               - Initializing environment variables
22:59:12.832 [FXGL Background Thread 1 ] DEBUG FXGLAssetLoaderServi - User app class for loading assets: class TestPackage.BasicGameSample
22:59:12.833 [FXGL Background Thread 1 ] DEBUG GameApplicationServi - Applying CSS: fxgl_dark.css
22:59:12.833 [FXGL Background Thread 1 ] DEBUG FXGLAssetLoaderServi - Loading from file system: jar:file:///home/me/.m2/repository/com/github/almasb/fxgl/25/fxgl-25.jar!/fxglassets/ui/css/fxgl_dark.css
22:59:12.884 [FXGL Background Thread 1 ] DEBUG GameApplicationServi - Initializing application scenes
22:59:12.927 [FXGL Background Thread 1 ] DEBUG GameWorld            - Game world initialized
22:59:12.978 [FXGL Background Thread 1 ] DEBUG PhysicsWorld         - Physics world initialized: appHeight=600, physics.ppm=50.0
22:59:12.978 [FXGL Background Thread 1 ] DEBUG PhysicsWorld         - Using strategy: BRUTE_FORCE
22:59:12.982 [FXGL Background Thread 1 ] DEBUG GameScene            - Game scene initialized: 800x600
22:59:12.993 [FXGL Background Thread 1 ] DEBUG FXGL.DefaultMenu     - createMenuBodyGameMenu()
22:59:13.004 [FXGL Background Thread 1 ] DEBUG FXGL.DefaultMenu     - createOptionsMenu()
22:59:13.014 [FXGL Background Thread 1 ] DEBUG FXGLAssetLoaderServi - Loading from file system: jar:file:///home/me/.m2/repository/com/github/almasb/fxgl/25/fxgl-25.jar!/fxglassets/textures/particles/smoke.png
22:59:13.110 [FXGL Background Thread 1 ] DEBUG FXGLAssetLoaderServi - Loading from file system: jar:file:///home/me/.m2/repository/com/github/almasb/fxgl/25/fxgl-25.jar!/fxglassets/textures/particles/trace_horizontal.png
22:59:13.167 [FXGL Background Thread 1 ] DEBUG GameApplicationServi - Application scenes initialized
22:59:13.176 [FXGL Background Thread 1 ] DEBUG SystemBundleService  - Loading FXGL system data
22:59:13.179 [FXGL Background Thread 1 ] DEBUG FileSystemAccess     - Reading from: /home/me/ComProg_Project/system/fxgl.bundle
22:59:13.185 [FXGL Background Thread 1 ] DEBUG SystemBundleService  - Bundle FXGL: {}
22:59:13.185 [FXGL Background Thread 1 ] DEBUG UpdaterService       - Checking for updates
22:59:13.188 [FXGL Background Thread 4 ] DEBUG FXGLApplication      - Loading fonts
22:59:13.189 [FXGL Background Thread 4 ] DEBUG FXGLAssetLoaderServi - Loading from file system: jar:file:///home/me/.m2/repository/com/github/almasb/fxgl/25/fxgl-25.jar!/fxglassets/ui/fonts/VarelaRound-Regular.ttf
22:59:13.190 [FXGL Background Thread 1 ] DEBUG FXGLApplication      - Loading default localization
22:59:13.191 [FXGL Background Thread 1 ] DEBUG FXGLAssetLoaderServi - Loading from file system: jar:file:///home/me/.m2/repository/com/github/almasb/fxgl/25/fxgl-25.jar!/fxglassets/languages/english.lang
22:59:13.198 [FXGL Background Thread 4 ] DEBUG FXGLAssetLoaderServi - Loading from file system: jar:file:///home/me/.m2/repository/com/github/almasb/fxgl/25/fxgl-25.jar!/fxglassets/ui/fonts/Abel-Regular.ttf
22:59:13.200 [FXGL Background Thread 4 ] DEBUG FXGLAssetLoaderServi - Loading from file system: jar:file:///home/me/.m2/repository/com/github/almasb/fxgl/25/fxgl-25.jar!/fxglassets/ui/fonts/TerminalLandMono-Regular.otf
22:59:13.202 [FXGL Background Thread 4 ] DEBUG FXGLAssetLoaderServi - Loading from file system: jar:file:///home/me/.m2/repository/com/github/almasb/fxgl/25/fxgl-25.jar!/fxglassets/ui/fonts/Courier-Prime.ttf
22:59:13.205 [FXGL Background Thread 1 ] INFO  FXGLApplication      - FXGL initialization took: 0.439 sec
22:59:13.206 [JavaFX Application Thread] DEBUG FXGLApplication      - Registering font factories with UI factory
22:59:13.217 [JavaFX Application Thread] DEBUG Input                - Registered new binding: Move up - W
22:59:13.217 [JavaFX Application Thread] DEBUG Input                - Registered new binding: Move down - S
22:59:13.217 [JavaFX Application Thread] DEBUG Input                - Registered new binding: Move left - A
22:59:13.217 [JavaFX Application Thread] DEBUG Input                - Registered new binding: Move right - D
22:59:13.218 [JavaFX Application Thread] DEBUG FXGLAssetLoaderServi - Loading from file system: jar:file:///home/me/.m2/repository/com/github/almasb/fxgl/25/fxgl-25.jar!/fxglassets/textures/fxgl_icon.png
22:59:13.237 [JavaFX Application Thread] DEBUG FXGLAssetLoaderServi - Loading from file system: jar:file:///home/me/.m2/repository/com/github/almasb/fxgl/25/fxgl-25.jar!/fxglassets/textures/fxgl_default_cursor.png
22:59:13.238 [JavaFX Application Thread] DEBUG Input                - Registered new binding: Screenshot - CTRL+8
22:59:13.239 [JavaFX Application Thread] DEBUG Input                - Registered new binding: System info dump - CTRL+9
22:59:13.239 [JavaFX Application Thread] DEBUG Input                - Registered new binding: Restart - CTRL+R
22:59:13.241 [JavaFX Application Thread] DEBUG Input                - Registered new binding: Toggle Debug Camera - CTRL+7
22:59:13.243 [JavaFX Application Thread] DEBUG LoopRunner           - Starting loop
22:59:13.243 [JavaFX Application Thread] DEBUG LoopRunner           - Initializing JavaFX AnimationTimerLoop
22:59:13.244 [JavaFX Application Thread] DEBUG GameApplicationServi - Starting new game
22:59:13.245 [JavaFX Application Thread] DEBUG Input                - Clearing active input actions
22:59:13.254 [JavaFX Application Thread] DEBUG GameApplicationServi - Removing overlay from FXGLStartupScene and adding to FXGLLoadingScene
22:59:13.254 [JavaFX Application Thread] DEBUG PrimaryStageWindow   - FXGLStartupScene -> FXGLLoadingScene
22:59:13.254 [JavaFX Application Thread] DEBUG GameApplicationServi - Clearing previous game
22:59:13.254 [JavaFX Application Thread] DEBUG GameScene            - Clearing game scene
22:59:13.254 [JavaFX Application Thread] DEBUG GameWorld            - Clearing game world
22:59:13.254 [JavaFX Application Thread] DEBUG PhysicsWorld         - Clearing physics world
22:59:13.256 [FXGL Background Thread 1 ] DEBUG FXGLApplication      - Initializing game
22:59:13.290 [FXGL Background Thread 1 ] DEBUG FXGLAssetLoaderServi - Loading from file system: file:/home/me/ComProg_Project/target/classes/assets/textures/idle_sprite.png
22:59:13.301 [FXGL Background Thread 1 ] INFO  FXGLApplication      - Game initialization took: 0.045 sec
22:59:13.372 [JavaFX Application Thread] DEBUG Input                - Clearing active input actions
22:59:13.384 [JavaFX Application Thread] DEBUG GameApplicationServi - Removing overlay from FXGLLoadingScene and adding to GameScene
22:59:13.384 [JavaFX Application Thread] DEBUG PrimaryStageWindow   - FXGLLoadingScene -> GameScene
22:59:16.187 [FXGL Background Thread 3 ] DEBUG Engine               - Logging environment variables
22:59:16.189 [FXGL Background Thread 3 ] DEBUG Engine               - achievements: []
22:59:16.189 [FXGL Background Thread 3 ] DEBUG Engine               - actualHeight: 964.0
22:59:16.190 [FXGL Background Thread 3 ] DEBUG Engine               - actualHeightProperty: ReadOnlyDoubleProperty [value: 865.0]
22:59:16.190 [FXGL Background Thread 3 ] DEBUG Engine               - actualWidth: 944.0
22:59:16.190 [FXGL Background Thread 3 ] DEBUG Engine               - actualWidthProperty: ReadOnlyDoubleProperty [value: 1200.0]
22:59:16.191 [FXGL Background Thread 3 ] DEBUG Engine               - appIcon: fxgl_icon.png
22:59:16.191 [FXGL Background Thread 3 ] DEBUG Engine               - applicationMode: DEVELOPER
22:59:16.191 [FXGL Background Thread 3 ] DEBUG Engine               - cSSList: [fxgl_dark.css]
22:59:16.192 [FXGL Background Thread 3 ] DEBUG Engine               - collisionDetectionStrategy: BRUTE_FORCE
22:59:16.192 [FXGL Background Thread 3 ] DEBUG Engine               - configClass: Optional.empty
22:59:16.192 [FXGL Background Thread 3 ] DEBUG Engine               - credits: []
22:59:16.193 [FXGL Background Thread 3 ] DEBUG Engine               - defaultCursor: CursorInfo(imageName=fxgl_default_cursor.png, hotspotX=7.0, hotspotY=6.0)
22:59:16.193 [FXGL Background Thread 3 ] DEBUG Engine               - devBBoxColorProperty: ObjectProperty [value: 0xff0000ff]
22:59:16.194 [FXGL Background Thread 3 ] DEBUG Engine               - devEnableDebugCameraProperty: BooleanProperty [value: false]
22:59:16.194 [FXGL Background Thread 3 ] DEBUG Engine               - devSensorColorProperty: ObjectProperty [value: 0xffff00ff]
22:59:16.194 [FXGL Background Thread 3 ] DEBUG Engine               - devShowBBoxProperty: BooleanProperty [value: false]
22:59:16.195 [FXGL Background Thread 3 ] DEBUG Engine               - devShowPositionProperty: BooleanProperty [value: false]
22:59:16.195 [FXGL Background Thread 3 ] DEBUG Engine               - enabledMenuItems: []
22:59:16.195 [FXGL Background Thread 3 ] DEBUG Engine               - engineServices: [class com.almasb.fxgl.app.services.FXGLAssetLoaderService, class com.almasb.fxgl.app.FXGLApplication$GameApplicationService, class com.almasb.fxgl.app.services.FXGLDialogService, class com.almasb.fxgl.app.services.IOTaskExecutorService, class com.almasb.fxgl.io.FileSystemService, class com.almasb.fxgl.localization.LocalizationService, class com.almasb.fxgl.app.services.SystemBundleService, class com.almasb.fxgl.profile.SaveLoadService, class com.almasb.fxgl.ui.FXGLUIFactoryServiceProvider, class com.almasb.fxgl.ui.FXGLDialogFactoryServiceProvider, class com.almasb.fxgl.audio.AudioPlayer, class com.almasb.fxgl.notification.impl.NotificationServiceProvider, class com.almasb.fxgl.achievement.AchievementService, class com.almasb.fxgl.cutscene.CutsceneService, class com.almasb.fxgl.minigames.MiniGameService, class com.almasb.fxgl.net.NetService, class com.almasb.fxgl.app.services.UpdaterService, class com.almasb.fxgl.dev.DevService]
22:59:16.195 [FXGL Background Thread 3 ] DEBUG Engine               - fontGame: Abel-Regular.ttf
22:59:16.196 [FXGL Background Thread 3 ] DEBUG Engine               - fontMono: TerminalLandMono-Regular.otf
22:59:16.196 [FXGL Background Thread 3 ] DEBUG Engine               - fontSizeScaleUI: 1.0
22:59:16.196 [FXGL Background Thread 3 ] DEBUG Engine               - fontText: Courier-Prime.ttf
22:59:16.196 [FXGL Background Thread 3 ] DEBUG Engine               - fontUI: VarelaRound-Regular.ttf
22:59:16.197 [FXGL Background Thread 3 ] DEBUG Engine               - fpsRefreshRate: 500.0 ms
22:59:16.197 [FXGL Background Thread 3 ] DEBUG Engine               - fullScreen: BooleanProperty [value: false]
22:59:16.197 [FXGL Background Thread 3 ] DEBUG Engine               - gameDifficulty: MEDIUM
22:59:16.198 [FXGL Background Thread 3 ] DEBUG Engine               - gameDifficultyProperty: ObjectProperty [value: MEDIUM]
22:59:16.198 [FXGL Background Thread 3 ] DEBUG Engine               - globalMusicVolume: 0.5
22:59:16.198 [FXGL Background Thread 3 ] DEBUG Engine               - globalMusicVolumeProperty: DoubleProperty [value: 0.5]
22:59:16.199 [FXGL Background Thread 3 ] DEBUG Engine               - globalSoundVolume: 0.5
22:59:16.199 [FXGL Background Thread 3 ] DEBUG Engine               - globalSoundVolumeProperty: DoubleProperty [value: 0.5]
22:59:16.199 [FXGL Background Thread 3 ] DEBUG Engine               - height: 600
22:59:16.199 [FXGL Background Thread 3 ] DEBUG Engine               - is3D: false
22:59:16.199 [FXGL Background Thread 3 ] DEBUG Engine               - isAndroid: false
22:59:16.200 [FXGL Background Thread 3 ] DEBUG Engine               - isBrowser: false
22:59:16.200 [FXGL Background Thread 3 ] DEBUG Engine               - isClickFeedbackEnabled: false
22:59:16.200 [FXGL Background Thread 3 ] DEBUG Engine               - isCloseConfirmation: false
22:59:16.200 [FXGL Background Thread 3 ] DEBUG Engine               - isDesktop: true
22:59:16.200 [FXGL Background Thread 3 ] DEBUG Engine               - isDeveloperMenuEnabled: false
22:59:16.201 [FXGL Background Thread 3 ] DEBUG Engine               - isEmbedded: false
22:59:16.201 [FXGL Background Thread 3 ] DEBUG Engine               - isEntityPreloadEnabled: true
22:59:16.201 [FXGL Background Thread 3 ] DEBUG Engine               - isExperimentalTiledLargeMap: false
22:59:16.201 [FXGL Background Thread 3 ] DEBUG Engine               - isFileSystemWriteAllowed: true
22:59:16.201 [FXGL Background Thread 3 ] DEBUG Engine               - isFullScreenAllowed: false
22:59:16.202 [FXGL Background Thread 3 ] DEBUG Engine               - isFullScreenFromStart: false
22:59:16.202 [FXGL Background Thread 3 ] DEBUG Engine               - isGameMenuEnabled: true
22:59:16.202 [FXGL Background Thread 3 ] DEBUG Engine               - isIOS: false
22:59:16.202 [FXGL Background Thread 3 ] DEBUG Engine               - isIntroEnabled: false
22:59:16.202 [FXGL Background Thread 3 ] DEBUG Engine               - isLinux: true
22:59:16.203 [FXGL Background Thread 3 ] DEBUG Engine               - isMac: false
22:59:16.203 [FXGL Background Thread 3 ] DEBUG Engine               - isMainMenuEnabled: false
22:59:16.203 [FXGL Background Thread 3 ] DEBUG Engine               - isManualResizeEnabled: false
22:59:16.203 [FXGL Background Thread 3 ] DEBUG Engine               - isMobile: false
22:59:16.204 [FXGL Background Thread 3 ] DEBUG Engine               - isNative: false
22:59:16.204 [FXGL Background Thread 3 ] DEBUG Engine               - isPauseMusicWhenMinimized: true
22:59:16.204 [FXGL Background Thread 3 ] DEBUG Engine               - isPreserveResizeRatio: false
22:59:16.204 [FXGL Background Thread 3 ] DEBUG Engine               - isProfilingEnabled: false
22:59:16.204 [FXGL Background Thread 3 ] DEBUG Engine               - isScaleAffectedOnResize: true
22:59:16.205 [FXGL Background Thread 3 ] DEBUG Engine               - isSingleStep: false
22:59:16.205 [FXGL Background Thread 3 ] DEBUG Engine               - isUserProfileEnabled: false
22:59:16.205 [FXGL Background Thread 3 ] DEBUG Engine               - isWindows: false
22:59:16.205 [FXGL Background Thread 3 ] DEBUG Engine               - language: ObjectProperty [value: ENGLISH]
22:59:16.206 [FXGL Background Thread 3 ] DEBUG Engine               - menuKey: ESCAPE
22:59:16.206 [FXGL Background Thread 3 ] DEBUG Engine               - mouseSensitivity: 0.2
22:59:16.206 [FXGL Background Thread 3 ] DEBUG Engine               - notificationViewClass: class com.almasb.fxgl.notification.view.XboxNotificationView
22:59:16.206 [FXGL Background Thread 3 ] DEBUG Engine               - pixelsPerMeter: 50.0
22:59:16.207 [FXGL Background Thread 3 ] DEBUG Engine               - platform: LINUX
22:59:16.207 [FXGL Background Thread 3 ] DEBUG Engine               - prefHeightProperty: ReadOnlyDoubleProperty [value: 600.0]
22:59:16.207 [FXGL Background Thread 3 ] DEBUG Engine               - prefWidthProperty: ReadOnlyDoubleProperty [value: 800.0]
22:59:16.208 [FXGL Background Thread 3 ] DEBUG Engine               - profileDir: profiles/
22:59:16.208 [FXGL Background Thread 3 ] DEBUG Engine               - profileName: StringProperty [value: DEFAULT]
22:59:16.208 [FXGL Background Thread 3 ] DEBUG Engine               - randomSeed: -1
22:59:16.208 [FXGL Background Thread 3 ] DEBUG Engine               - runtimeInfo: RuntimeInfo(platform=LINUX, version=25, build=05.02.2026 22.57)
22:59:16.209 [FXGL Background Thread 3 ] DEBUG Engine               - saveFileExt: sav
22:59:16.209 [FXGL Background Thread 3 ] DEBUG Engine               - scaledHeightProp$fxgl: DoubleProperty [bound, value: 865.0]
22:59:16.209 [FXGL Background Thread 3 ] DEBUG Engine               - scaledWidthProp$fxgl: DoubleProperty [bound, value: 1200.0]
22:59:16.209 [FXGL Background Thread 3 ] DEBUG Engine               - sceneFactory: com.almasb.fxgl.app.scene.SceneFactory@498350b9
22:59:16.209 [FXGL Background Thread 3 ] DEBUG Engine               - secondsIn24h: 60
22:59:16.209 [FXGL Background Thread 3 ] DEBUG Engine               - soundMenuBack: menu/back.wav
22:59:16.210 [FXGL Background Thread 3 ] DEBUG Engine               - soundMenuPress: menu/press.wav
22:59:16.210 [FXGL Background Thread 3 ] DEBUG Engine               - soundMenuSelect: menu/select.wav
22:59:16.210 [FXGL Background Thread 3 ] DEBUG Engine               - soundNotification: core/notification.wav
22:59:16.210 [FXGL Background Thread 3 ] DEBUG Engine               - stageStyle: DECORATED
22:59:16.210 [FXGL Background Thread 3 ] DEBUG Engine               - supportedLanguages: [ENGLISH, FRENCH, GERMAN, HUNGARIAN, RUSSIAN]
22:59:16.210 [FXGL Background Thread 3 ] DEBUG Engine               - ticksPerSecond: -1
22:59:16.210 [FXGL Background Thread 3 ] DEBUG Engine               - title: Untitled
22:59:16.211 [FXGL Background Thread 3 ] DEBUG Engine               - urlGithub: https://github.com/AlmasB/FXGL
22:59:16.211 [FXGL Background Thread 3 ] DEBUG Engine               - urlLeaderboard: http://fxgl-top.herokuapp.com/
22:59:16.211 [FXGL Background Thread 3 ] DEBUG Engine               - urlPOM: https://raw.githubusercontent.com/AlmasB/FXGL/release/README.md
22:59:16.211 [FXGL Background Thread 3 ] DEBUG Engine               - userAppClass: class TestPackage.BasicGameSample
22:59:16.211 [FXGL Background Thread 3 ] DEBUG Engine               - version: 0.0
22:59:16.211 [FXGL Background Thread 3 ] DEBUG Engine               - versionCheckDays: 7
22:59:16.212 [FXGL Background Thread 3 ] DEBUG Engine               - width: 800
22:59:16.212 [FXGL Background Thread 3 ] DEBUG Engine               - Logging services
22:59:16.212 [FXGL Background Thread 3 ] DEBUG Engine               - class com.almasb.fxgl.app.services.FXGLAssetLoaderService
22:59:16.212 [FXGL Background Thread 3 ] DEBUG Engine               - class com.almasb.fxgl.app.FXGLApplication$GameApplicationService
22:59:16.213 [FXGL Background Thread 3 ] DEBUG Engine               - class com.almasb.fxgl.app.services.FXGLDialogService
22:59:16.213 [FXGL Background Thread 3 ] DEBUG Engine               - class com.almasb.fxgl.app.services.IOTaskExecutorService
22:59:16.213 [FXGL Background Thread 3 ] DEBUG Engine               - class com.almasb.fxgl.io.FileSystemService
22:59:16.213 [FXGL Background Thread 3 ] DEBUG Engine               - class com.almasb.fxgl.localization.LocalizationService
22:59:16.213 [FXGL Background Thread 3 ] DEBUG Engine               - class com.almasb.fxgl.app.services.SystemBundleService
22:59:16.213 [FXGL Background Thread 3 ] DEBUG Engine               - class com.almasb.fxgl.profile.SaveLoadService
22:59:16.214 [FXGL Background Thread 3 ] DEBUG Engine               - class com.almasb.fxgl.ui.FXGLUIFactoryServiceProvider
22:59:16.214 [FXGL Background Thread 3 ] DEBUG Engine               - class com.almasb.fxgl.ui.FXGLDialogFactoryServiceProvider
22:59:16.214 [FXGL Background Thread 3 ] DEBUG Engine               - class com.almasb.fxgl.audio.AudioPlayer
22:59:16.214 [FXGL Background Thread 3 ] DEBUG Engine               - class com.almasb.fxgl.notification.impl.NotificationServiceProvider
22:59:16.214 [FXGL Background Thread 3 ] DEBUG Engine               - class com.almasb.fxgl.achievement.AchievementService
22:59:16.214 [FXGL Background Thread 3 ] DEBUG Engine               - class com.almasb.fxgl.cutscene.CutsceneService
22:59:16.214 [FXGL Background Thread 3 ] DEBUG Engine               - class com.almasb.fxgl.minigames.MiniGameService
22:59:16.214 [FXGL Background Thread 3 ] DEBUG Engine               - class com.almasb.fxgl.net.NetService
22:59:16.214 [FXGL Background Thread 3 ] DEBUG Engine               - class com.almasb.fxgl.app.services.UpdaterService
22:59:16.215 [FXGL Background Thread 3 ] DEBUG Engine               - class com.almasb.fxgl.dev.DevService
22:59:44.047 [JavaFX Application Thread] DEBUG FXGLApplication      - Exiting FXGL
22:59:44.047 [JavaFX Application Thread] DEBUG LoopRunner           - Stopping loop
22:59:44.047 [JavaFX Application Thread] DEBUG SystemBundleService  - Saving FXGL system data
22:59:44.049 [JavaFX Application Thread] DEBUG FileSystemAccess     - Writing to: /home/me/ComProg_Project/system/fxgl.bundle
22:59:44.051 [JavaFX Application Thread] DEBUG Async                - Shutting down background threads
22:59:44.051 [JavaFX Application Thread] DEBUG PrimaryStageWindow   - Closing main window
22:59:44.052 [JavaFX Application Thread] DEBUG Logger               - Closing Logger
