15:58:28.578 [main                     ] DEBUG Logger               - Configured Logger
15:58:28.583 [main                     ] DEBUG GameApplication      - Logging settings
Title: Untitled
Version: 0.0
Width: 800
Height: 600
Fullscreen: false
Intro: false
Profiling: false
Single step:false
App Mode: DEVELOPER
Menu Key: ESCAPE
Stage Style: DECORATED
Scene Factory: class com.almasb.fxgl.app.scene.SceneFactory

15:58:28.789 [JavaFX Application Thread] DEBUG FXGLApplication      - Initializing FXGL
15:58:28.793 [JavaFX Application Thread] INFO  Engine               - FXGL-25 (05.02.2026 22.57) on LINUX (J:25.0.2 FX:21.0.6)
15:58:28.793 [JavaFX Application Thread] DEBUG Engine               - JRE Vendor Name: Arch Linux
15:58:28.793 [JavaFX Application Thread] DEBUG Engine               - Running on OS: Linux version 6.18.9-arch1-2
15:58:28.793 [JavaFX Application Thread] DEBUG Engine               - Architecture: amd64
15:58:28.793 [JavaFX Application Thread] INFO  Engine               - Source code and latest versions at: https://github.com/AlmasB/FXGL
15:58:28.794 [JavaFX Application Thread] INFO  Engine               -       Ask questions and discuss at: https://github.com/AlmasB/FXGL/discussions
15:58:28.866 [JavaFX Application Thread] DEBUG PrimaryStageWindow   - Creating a JavaFX scene
15:58:28.948 [JavaFX Application Thread] DEBUG PrimaryStageWindow   - Target settings size: 800.0 x 600.0
15:58:28.948 [JavaFX Application Thread] DEBUG PrimaryStageWindow   - Scaled scene size:    800.0 x 600.0
15:58:28.949 [JavaFX Application Thread] DEBUG PrimaryStageWindow   - Scaled ratio: (1.0, 1.0)
15:58:28.949 [JavaFX Application Thread] DEBUG PrimaryStageWindow   - Set initial scene to FXGLStartupScene
15:58:28.952 [JavaFX Application Thread] DEBUG PrimaryStageWindow   - Opening main window
15:58:29.016 [JavaFX Application Thread] DEBUG PrimaryStageWindow   - Window border size: (0.0, 35.0)
15:58:29.017 [JavaFX Application Thread] DEBUG PrimaryStageWindow   - Scaled size: 800.0 x 565.0
15:58:29.017 [JavaFX Application Thread] DEBUG PrimaryStageWindow   - Scaled ratio: (1.0, 0.9416666666666667)
15:58:29.017 [JavaFX Application Thread] DEBUG PrimaryStageWindow   - Scene size: 800.0 x 600.0
15:58:29.017 [JavaFX Application Thread] DEBUG PrimaryStageWindow   - Stage size: 800.0 x 600.0
15:58:29.022 [FXGL Background Thread 1 ] DEBUG Engine               - Initializing environment variables
15:58:29.091 [FXGL Background Thread 1 ] DEBUG FXGLAssetLoaderServi - User app class for loading assets: class TestPackage.BasicGameSample
15:58:29.091 [FXGL Background Thread 1 ] DEBUG GameApplicationServi - Applying CSS: fxgl_dark.css
15:58:29.092 [FXGL Background Thread 1 ] DEBUG FXGLAssetLoaderServi - Loading from file system: jar:file:///home/me/.m2/repository/com/github/almasb/fxgl/25/fxgl-25.jar!/fxglassets/ui/css/fxgl_dark.css
15:58:29.146 [FXGL Background Thread 1 ] DEBUG GameApplicationServi - Initializing application scenes
15:58:29.190 [FXGL Background Thread 1 ] DEBUG GameWorld            - Game world initialized
15:58:29.240 [FXGL Background Thread 1 ] DEBUG PhysicsWorld         - Physics world initialized: appHeight=600, physics.ppm=50.0
15:58:29.241 [FXGL Background Thread 1 ] DEBUG PhysicsWorld         - Using strategy: BRUTE_FORCE
15:58:29.246 [FXGL Background Thread 1 ] DEBUG GameScene            - Game scene initialized: 800x600
15:58:29.256 [FXGL Background Thread 1 ] DEBUG FXGL.DefaultMenu     - createMenuBodyGameMenu()
15:58:29.268 [FXGL Background Thread 1 ] DEBUG FXGL.DefaultMenu     - createOptionsMenu()
15:58:29.277 [FXGL Background Thread 1 ] DEBUG FXGLAssetLoaderServi - Loading from file system: jar:file:///home/me/.m2/repository/com/github/almasb/fxgl/25/fxgl-25.jar!/fxglassets/textures/particles/smoke.png
15:58:29.360 [FXGL Background Thread 1 ] DEBUG FXGLAssetLoaderServi - Loading from file system: jar:file:///home/me/.m2/repository/com/github/almasb/fxgl/25/fxgl-25.jar!/fxglassets/textures/particles/trace_horizontal.png
15:58:29.390 [FXGL Background Thread 1 ] DEBUG GameApplicationServi - Application scenes initialized
15:58:29.403 [FXGL Background Thread 1 ] DEBUG SystemBundleService  - Loading FXGL system data
15:58:29.406 [FXGL Background Thread 1 ] DEBUG FileSystemAccess     - Reading from: /home/me/ComProg_Project/system/fxgl.bundle
15:58:29.413 [FXGL Background Thread 1 ] DEBUG SystemBundleService  - Bundle FXGL: {}
15:58:29.414 [FXGL Background Thread 1 ] DEBUG UpdaterService       - Checking for updates
15:58:29.419 [FXGL Background Thread 4 ] DEBUG FXGLApplication      - Loading fonts
15:58:29.419 [FXGL Background Thread 4 ] DEBUG FXGLAssetLoaderServi - Loading from file system: jar:file:///home/me/.m2/repository/com/github/almasb/fxgl/25/fxgl-25.jar!/fxglassets/ui/fonts/VarelaRound-Regular.ttf
15:58:29.420 [FXGL Background Thread 1 ] DEBUG FXGLApplication      - Loading default localization
15:58:29.420 [FXGL Background Thread 1 ] DEBUG FXGLAssetLoaderServi - Loading from file system: jar:file:///home/me/.m2/repository/com/github/almasb/fxgl/25/fxgl-25.jar!/fxglassets/languages/english.lang
15:58:29.427 [FXGL Background Thread 4 ] DEBUG FXGLAssetLoaderServi - Loading from file system: jar:file:///home/me/.m2/repository/com/github/almasb/fxgl/25/fxgl-25.jar!/fxglassets/ui/fonts/Abel-Regular.ttf
15:58:29.429 [FXGL Background Thread 4 ] DEBUG FXGLAssetLoaderServi - Loading from file system: jar:file:///home/me/.m2/repository/com/github/almasb/fxgl/25/fxgl-25.jar!/fxglassets/ui/fonts/TerminalLandMono-Regular.otf
15:58:29.431 [FXGL Background Thread 4 ] DEBUG FXGLAssetLoaderServi - Loading from file system: jar:file:///home/me/.m2/repository/com/github/almasb/fxgl/25/fxgl-25.jar!/fxglassets/ui/fonts/Courier-Prime.ttf
15:58:29.436 [FXGL Background Thread 1 ] INFO  FXGLApplication      - FXGL initialization took: 0.414 sec
15:58:29.438 [JavaFX Application Thread] DEBUG FXGLAssetLoaderServi - Loading from file system: jar:file:///home/me/.m2/repository/com/github/almasb/fxgl/25/fxgl-25.jar!/fxglassets/textures/fxgl_icon.png
15:58:29.463 [JavaFX Application Thread] DEBUG FXGLAssetLoaderServi - Loading from file system: jar:file:///home/me/.m2/repository/com/github/almasb/fxgl/25/fxgl-25.jar!/fxglassets/textures/fxgl_default_cursor.png
15:58:29.477 [JavaFX Application Thread] DEBUG Input                - Registered new binding: Screenshot - CTRL+8
15:58:29.477 [JavaFX Application Thread] DEBUG Input                - Registered new binding: System info dump - CTRL+9
15:58:29.478 [JavaFX Application Thread] DEBUG Input                - Registered new binding: Restart - CTRL+R
15:58:29.479 [JavaFX Application Thread] DEBUG Input                - Registered new binding: Toggle Debug Camera - CTRL+7
15:58:29.482 [JavaFX Application Thread] DEBUG LoopRunner           - Starting loop
15:58:29.482 [JavaFX Application Thread] DEBUG LoopRunner           - Initializing JavaFX AnimationTimerLoop
15:58:29.483 [JavaFX Application Thread] DEBUG GameApplicationServi - Starting new game
15:58:29.484 [JavaFX Application Thread] DEBUG Input                - Clearing active input actions
15:58:29.498 [JavaFX Application Thread] DEBUG GameApplicationServi - Removing overlay from FXGLStartupScene and adding to FXGLLoadingScene
15:58:29.499 [JavaFX Application Thread] DEBUG PrimaryStageWindow   - FXGLStartupScene -> FXGLLoadingScene
15:58:29.499 [JavaFX Application Thread] DEBUG GameApplicationServi - Clearing previous game
15:58:29.499 [JavaFX Application Thread] DEBUG GameScene            - Clearing game scene
15:58:29.499 [JavaFX Application Thread] DEBUG GameWorld            - Clearing game world
15:58:29.499 [JavaFX Application Thread] DEBUG PhysicsWorld         - Clearing physics world
15:58:29.500 [FXGL Background Thread 4 ] DEBUG FXGLApplication      - Initializing game
15:58:29.500 [JavaFX Application Thread] DEBUG FXGLApplication      - Registering font factories with UI factory
15:58:29.512 [FXGL Background Thread 4 ] WARN  FXGLAssetLoaderServi - Asset "/assets/textures/Cuphead_Plane.png" was not found!
15:58:29.512 [FXGL Background Thread 4 ] WARN  FXGLAssetLoaderServi - Failed to load IMAGE
15:58:29.633 [FXGL Background Thread 4 ] INFO  FXGLApplication      - Game initialization took: 0.132 sec
15:58:29.634 [JavaFX Application Thread] DEBUG Input                - Clearing active input actions
15:58:29.642 [JavaFX Application Thread] DEBUG GameApplicationServi - Removing overlay from FXGLLoadingScene and adding to GameScene
15:58:29.643 [JavaFX Application Thread] DEBUG PrimaryStageWindow   - FXGLLoadingScene -> GameScene
15:58:30.718 [JavaFX Application Thread] DEBUG FXGLApplication      - Exiting FXGL
15:58:30.718 [JavaFX Application Thread] DEBUG LoopRunner           - Stopping loop
15:58:30.718 [JavaFX Application Thread] DEBUG SystemBundleService  - Saving FXGL system data
15:58:30.720 [JavaFX Application Thread] DEBUG FileSystemAccess     - Writing to: /home/me/ComProg_Project/system/fxgl.bundle
15:58:30.722 [JavaFX Application Thread] DEBUG Async                - Shutting down background threads
15:58:30.722 [JavaFX Application Thread] DEBUG PrimaryStageWindow   - Closing main window
15:58:30.725 [JavaFX Application Thread] DEBUG Logger               - Closing Logger
