00:50:55.211 [main                     ] DEBUG Logger               - Configured Logger
00:50:55.215 [main                     ] DEBUG GameApplication      - Logging settings
Title: Untitled
Version: 0.0
Width: 1280
Height: 720
Fullscreen: false
Intro: false
Profiling: false
Single step:false
App Mode: DEVELOPER
Menu Key: ESCAPE
Stage Style: DECORATED
Scene Factory: class org.group1.GamePackage.Factory.MainSceneFactory

00:50:55.697 [JavaFX Application Thread] DEBUG FXGLApplication      - Initializing FXGL
00:50:55.700 [JavaFX Application Thread] INFO  Engine               - FXGL-25 (05.02.2026 22.57) on WINDOWS (J:25.0.2 FX:21.0.6)
00:50:55.700 [JavaFX Application Thread] DEBUG Engine               - JRE Vendor Name: Oracle Corporation
00:50:55.700 [JavaFX Application Thread] DEBUG Engine               - Running on OS: Windows 11 version 10.0
00:50:55.700 [JavaFX Application Thread] DEBUG Engine               - Architecture: amd64
00:50:55.700 [JavaFX Application Thread] INFO  Engine               - Source code and latest versions at: https://github.com/AlmasB/FXGL
00:50:55.700 [JavaFX Application Thread] INFO  Engine               -       Ask questions and discuss at: https://github.com/AlmasB/FXGL/discussions
00:50:55.759 [JavaFX Application Thread] DEBUG PrimaryStageWindow   - Creating a JavaFX scene
00:50:55.788 [JavaFX Application Thread] DEBUG PrimaryStageWindow   - Target settings size: 1280.0 x 720.0
00:50:55.789 [JavaFX Application Thread] DEBUG PrimaryStageWindow   - Scaled scene size:    1280.0 x 720.0
00:50:55.789 [JavaFX Application Thread] DEBUG PrimaryStageWindow   - Scaled ratio: (1.0, 1.0)
00:50:55.789 [JavaFX Application Thread] DEBUG PrimaryStageWindow   - Set initial scene to FXGLStartupScene
00:50:55.792 [JavaFX Application Thread] DEBUG PrimaryStageWindow   - Opening main window
00:50:55.863 [JavaFX Application Thread] DEBUG PrimaryStageWindow   - Window border size: (16.0, 39.0)
00:50:55.863 [JavaFX Application Thread] DEBUG PrimaryStageWindow   - Scaled size: 1280.0 x 720.0
00:50:55.863 [JavaFX Application Thread] DEBUG PrimaryStageWindow   - Scaled ratio: (1.0, 1.0)
00:50:55.863 [JavaFX Application Thread] DEBUG PrimaryStageWindow   - Scene size: 1280.0 x 720.0
00:50:55.863 [JavaFX Application Thread] DEBUG PrimaryStageWindow   - Stage size: 1296.0 x 759.0
00:50:55.868 [FXGL Background Thread 1 ] DEBUG Engine               - Initializing environment variables
00:50:55.905 [FXGL Background Thread 1 ] DEBUG FXGLAssetLoaderServi - User app class for loading assets: class org.group1.GamePackage.Application
00:50:55.906 [FXGL Background Thread 1 ] DEBUG GameApplicationServi - Applying CSS: fxgl_dark.css
00:50:55.906 [FXGL Background Thread 1 ] DEBUG FXGLAssetLoaderServi - Loading from file system: jar:file:///C:/Users/Wren/.m2/repository/com/github/almasb/fxgl/25/fxgl-25.jar!/fxglassets/ui/css/fxgl_dark.css
00:50:55.940 [FXGL Background Thread 1 ] DEBUG GameApplicationServi - Initializing application scenes
00:50:55.987 [FXGL Background Thread 1 ] DEBUG GameWorld            - Game world initialized
00:50:56.018 [FXGL Background Thread 1 ] DEBUG PhysicsWorld         - Physics world initialized: appHeight=720, physics.ppm=50.0
00:50:56.018 [FXGL Background Thread 1 ] DEBUG PhysicsWorld         - Using strategy: BRUTE_FORCE
00:50:56.023 [FXGL Background Thread 1 ] DEBUG GameScene            - Game scene initialized: 1280x720
00:50:56.035 [FXGL Background Thread 1 ] DEBUG FXGL.DefaultMenu     - createMenuBodyGameMenu()
00:50:56.041 [FXGL Background Thread 1 ] DEBUG FXGL.DefaultMenu     - createOptionsMenu()
00:50:56.047 [FXGL Background Thread 1 ] DEBUG FXGLAssetLoaderServi - Loading from file system: jar:file:///C:/Users/Wren/.m2/repository/com/github/almasb/fxgl/25/fxgl-25.jar!/fxglassets/textures/particles/smoke.png
00:50:56.103 [FXGL Background Thread 1 ] DEBUG FXGLAssetLoaderServi - Loading from file system: jar:file:///C:/Users/Wren/.m2/repository/com/github/almasb/fxgl/25/fxgl-25.jar!/fxglassets/textures/particles/trace_horizontal.png
00:50:56.122 [FXGL Background Thread 1 ] DEBUG GameApplicationServi - Application scenes initialized
00:50:56.130 [FXGL Background Thread 1 ] DEBUG SystemBundleService  - Loading FXGL system data
00:50:56.131 [FXGL Background Thread 1 ] DEBUG FileSystemAccess     - Reading from: C:\Users\Wren\IdeaProjects\GameGame\system\fxgl.bundle
00:50:56.133 [FXGL Background Thread 1 ] DEBUG SystemBundleService  - Bundle FXGL: {}
00:50:56.133 [FXGL Background Thread 1 ] DEBUG UpdaterService       - Checking for updates
00:50:56.137 [FXGL Background Thread 4 ] DEBUG FXGLApplication      - Loading fonts
00:50:56.137 [FXGL Background Thread 1 ] DEBUG FXGLApplication      - Loading default localization
00:50:56.137 [FXGL Background Thread 4 ] DEBUG FXGLAssetLoaderServi - Loading from file system: jar:file:///C:/Users/Wren/.m2/repository/com/github/almasb/fxgl/25/fxgl-25.jar!/fxglassets/ui/fonts/VarelaRound-Regular.ttf
00:50:56.138 [FXGL Background Thread 1 ] DEBUG FXGLAssetLoaderServi - Loading from file system: jar:file:///C:/Users/Wren/.m2/repository/com/github/almasb/fxgl/25/fxgl-25.jar!/fxglassets/languages/english.lang
00:50:56.148 [FXGL Background Thread 4 ] DEBUG FXGLAssetLoaderServi - Loading from file system: jar:file:///C:/Users/Wren/.m2/repository/com/github/almasb/fxgl/25/fxgl-25.jar!/fxglassets/ui/fonts/Abel-Regular.ttf
00:50:56.156 [FXGL Background Thread 1 ] INFO  FXGLApplication      - FXGL initialization took: 0.288 sec
00:50:56.160 [FXGL Background Thread 4 ] DEBUG FXGLAssetLoaderServi - Loading from file system: jar:file:///C:/Users/Wren/.m2/repository/com/github/almasb/fxgl/25/fxgl-25.jar!/fxglassets/ui/fonts/TerminalLandMono-Regular.otf
00:50:56.164 [FXGL Background Thread 4 ] DEBUG FXGLAssetLoaderServi - Loading from file system: jar:file:///C:/Users/Wren/.m2/repository/com/github/almasb/fxgl/25/fxgl-25.jar!/fxglassets/ui/fonts/Courier-Prime.ttf
00:50:56.171 [JavaFX Application Thread] DEBUG Input                - Registered new binding: Move left - A
00:50:56.172 [JavaFX Application Thread] DEBUG Input                - Registered new binding: Move right - D
00:50:56.172 [JavaFX Application Thread] DEBUG Input                - Registered new binding: Move down - S
00:50:56.172 [JavaFX Application Thread] DEBUG Input                - Registered new binding: Move up - W
00:50:56.173 [JavaFX Application Thread] DEBUG Input                - Registered new binding: Shoot - Space
00:50:56.173 [JavaFX Application Thread] DEBUG Input                - Registered new binding: Switch to Fire Bullet - Q
00:50:56.173 [JavaFX Application Thread] DEBUG Input                - Registered new binding: Switch to Ice Bullet - E
00:50:56.174 [JavaFX Application Thread] DEBUG FXGLAssetLoaderServi - Loading from file system: jar:file:///C:/Users/Wren/.m2/repository/com/github/almasb/fxgl/25/fxgl-25.jar!/fxglassets/textures/fxgl_icon.png
00:50:56.190 [JavaFX Application Thread] DEBUG FXGLAssetLoaderServi - Loading from file system: jar:file:///C:/Users/Wren/.m2/repository/com/github/almasb/fxgl/25/fxgl-25.jar!/fxglassets/textures/fxgl_default_cursor.png
00:50:56.192 [JavaFX Application Thread] DEBUG Input                - Registered new binding: Screenshot - CTRL+8
00:50:56.192 [JavaFX Application Thread] DEBUG Input                - Registered new binding: System info dump - CTRL+9
00:50:56.192 [JavaFX Application Thread] DEBUG Input                - Registered new binding: Restart - CTRL+R
00:50:56.193 [JavaFX Application Thread] DEBUG Input                - Registered new binding: Toggle Debug Camera - CTRL+7
00:50:56.196 [JavaFX Application Thread] DEBUG LoopRunner           - Starting loop
00:50:56.197 [JavaFX Application Thread] DEBUG LoopRunner           - Initializing JavaFX AnimationTimerLoop
00:50:56.198 [JavaFX Application Thread] DEBUG Input                - Clearing active input actions
00:50:56.205 [JavaFX Application Thread] DEBUG GameApplicationServi - Removing overlay from FXGLStartupScene and adding to FXGLMainMenuDummyScene
00:50:56.206 [JavaFX Application Thread] DEBUG PrimaryStageWindow   - FXGLStartupScene -> FXGLMainMenuDummyScene
00:50:56.206 [JavaFX Application Thread] DEBUG PrimaryStageWindow   - Push state: MenuInterface
00:50:56.206 [JavaFX Application Thread] DEBUG Input                - Clearing active input actions
00:50:56.211 [JavaFX Application Thread] DEBUG GameApplicationServi - Removing overlay from FXGLMainMenuDummyScene and adding to MenuInterface
00:50:56.211 [JavaFX Application Thread] DEBUG PrimaryStageWindow   - FXGLMainMenuDummyScene -> MenuInterface
00:50:56.246 [JavaFX Application Thread] DEBUG FXGLApplication      - Registering font factories with UI factory
00:50:56.544 [JavaFX Application Thread] DEBUG Menu                 - fireNewGame()
00:50:56.544 [JavaFX Application Thread] DEBUG GameApplicationServi - Starting new game
00:50:56.544 [JavaFX Application Thread] DEBUG PrimaryStageWindow   - Pop state: MenuInterface
00:50:56.544 [JavaFX Application Thread] DEBUG Input                - Clearing active input actions
00:50:56.546 [JavaFX Application Thread] DEBUG GameApplicationServi - Removing overlay from MenuInterface and adding to FXGLMainMenuDummyScene
00:50:56.546 [JavaFX Application Thread] DEBUG PrimaryStageWindow   - FXGLMainMenuDummyScene <- MenuInterface
00:50:56.546 [JavaFX Application Thread] DEBUG Input                - Clearing active input actions
00:50:56.550 [JavaFX Application Thread] DEBUG GameApplicationServi - Removing overlay from FXGLMainMenuDummyScene and adding to LoadingInterface
00:50:56.550 [JavaFX Application Thread] DEBUG PrimaryStageWindow   - FXGLMainMenuDummyScene -> LoadingInterface
00:50:56.550 [JavaFX Application Thread] DEBUG GameApplicationServi - Clearing previous game
00:50:56.550 [JavaFX Application Thread] DEBUG GameScene            - Clearing game scene
00:50:56.550 [JavaFX Application Thread] DEBUG GameWorld            - Clearing game world
00:50:56.550 [JavaFX Application Thread] DEBUG PhysicsWorld         - Clearing physics world
00:50:56.551 [FXGL Background Thread 2 ] DEBUG FXGLApplication      - Initializing game
00:50:56.559 [FXGL Background Thread 2 ] DEBUG FXGLAssetLoaderServi - Loading from file system: file:/C:/Users/Wren/IdeaProjects/GameGame/target/classes/assets/textures/background.png
00:50:56.638 [FXGL Background Thread 2 ] DEBUG FXGLAssetLoaderServi - Loading from file system: file:/C:/Users/Wren/IdeaProjects/GameGame/target/classes/assets/textures/background_stars1.png
00:50:56.717 [FXGL Background Thread 2 ] DEBUG FXGLAssetLoaderServi - Loading from file system: file:/C:/Users/Wren/IdeaProjects/GameGame/target/classes/assets/textures/background_stars2.png
00:50:56.741 [FXGL Background Thread 2 ] DEBUG FXGLAssetLoaderServi - Loading from file system: file:/C:/Users/Wren/IdeaProjects/GameGame/target/classes/assets/textures/background_stars3.png
00:50:56.766 [FXGL Background Thread 2 ] DEBUG FXGLAssetLoaderServi - Loading from file system: file:/C:/Users/Wren/IdeaProjects/GameGame/target/classes/assets/textures/background_cloud1.png
00:50:56.776 [FXGL Background Thread 2 ] DEBUG FXGLAssetLoaderServi - Loading from file system: file:/C:/Users/Wren/IdeaProjects/GameGame/target/classes/assets/textures/background_cloud2.png
00:50:56.788 [FXGL Background Thread 2 ] DEBUG FXGLAssetLoaderServi - Loading from file system: file:/C:/Users/Wren/IdeaProjects/GameGame/target/classes/assets/textures/background_mist1.png
00:50:56.797 [FXGL Background Thread 2 ] DEBUG FXGLAssetLoaderServi - Loading from file system: file:/C:/Users/Wren/IdeaProjects/GameGame/target/classes/assets/textures/background_hills.png
00:50:56.815 [FXGL Background Thread 2 ] DEBUG FXGLAssetLoaderServi - Loading from file system: file:/C:/Users/Wren/IdeaProjects/GameGame/target/classes/assets/textures/background_forest.png
00:50:56.825 [FXGL Background Thread 2 ] DEBUG FXGLAssetLoaderServi - Loading from file system: file:/C:/Users/Wren/IdeaProjects/GameGame/target/classes/assets/textures/background_large_forest.png
00:50:56.854 [FXGL Background Thread 2 ] DEBUG FXGLAssetLoaderServi - Loading from file system: file:/C:/Users/Wren/IdeaProjects/GameGame/target/classes/assets/textures/idle_sprite.png
00:50:56.858 [FXGL Background Thread 2 ] DEBUG FXGLAssetLoaderServi - Loading from file system: file:/C:/Users/Wren/IdeaProjects/GameGame/target/classes/assets/textures/down_sprite.png
00:50:56.860 [FXGL Background Thread 2 ] DEBUG FXGLAssetLoaderServi - Loading from file system: file:/C:/Users/Wren/IdeaProjects/GameGame/target/classes/assets/textures/up_sprite.png
00:50:56.869 [FXGL Background Thread 2 ] DEBUG FXGLAssetLoaderServi - Loading from file system: file:/C:/Users/Wren/IdeaProjects/GameGame/target/classes/assets/textures/bullet_HUD_selection.png
00:50:56.873 [FXGL Background Thread 2 ] DEBUG FXGLAssetLoaderServi - Loading from file system: file:/C:/Users/Wren/IdeaProjects/GameGame/target/classes/assets/music/main_music.wav
00:50:56.956 [FXGL Background Thread 2 ] DEBUG AudioPlayer          - Playing music com.almasb.fxgl.audio.Music@2ba4f948
00:50:56.960 [FXGL Background Thread 2 ] INFO  FXGLApplication      - Game initialization took: 0.409 sec
00:50:56.961 [JavaFX Application Thread] DEBUG Input                - Clearing active input actions
00:50:56.966 [JavaFX Application Thread] DEBUG GameApplicationServi - Removing overlay from LoadingInterface and adding to GameScene
00:50:56.966 [JavaFX Application Thread] DEBUG PrimaryStageWindow   - LoadingInterface -> GameScene
00:50:57.955 [JavaFX Application Thread] DEBUG FXGLAssetLoaderServi - Loading from file system: file:/C:/Users/Wren/IdeaProjects/GameGame/target/classes/assets/textures/enemy_sprite.png
00:50:57.958 [JavaFX Application Thread] DEBUG FXGLAssetLoaderServi - Loading from file system: file:/C:/Users/Wren/IdeaProjects/GameGame/target/classes/assets/textures/explosion_sprite.png
00:50:58.475 [JavaFX Application Thread] DEBUG FXGLAssetLoaderServi - Loading from file system: file:/C:/Users/Wren/IdeaProjects/GameGame/target/classes/assets/textures/bullet_sprite.png
00:50:58.980 [JavaFX Application Thread] DEBUG FXGLAssetLoaderServi - Loading from file system: file:/C:/Users/Wren/IdeaProjects/GameGame/target/classes/assets/sounds/death_sound.wav
00:50:59.136 [FXGL Background Thread 3 ] DEBUG Engine               - Logging environment variables
00:50:59.136 [FXGL Background Thread 3 ] DEBUG Engine               - achievements: []
00:50:59.137 [FXGL Background Thread 3 ] DEBUG Engine               - actualHeight: 720.0
00:50:59.137 [FXGL Background Thread 3 ] DEBUG Engine               - actualHeightProperty: ReadOnlyDoubleProperty [value: 720.0]
00:50:59.137 [FXGL Background Thread 3 ] DEBUG Engine               - actualWidth: 1280.0
00:50:59.137 [FXGL Background Thread 3 ] DEBUG Engine               - actualWidthProperty: ReadOnlyDoubleProperty [value: 1280.0]
00:50:59.137 [FXGL Background Thread 3 ] DEBUG Engine               - appIcon: fxgl_icon.png
00:50:59.137 [FXGL Background Thread 3 ] DEBUG Engine               - applicationMode: DEVELOPER
00:50:59.137 [FXGL Background Thread 3 ] DEBUG Engine               - cSSList: [fxgl_dark.css]
00:50:59.137 [FXGL Background Thread 3 ] DEBUG Engine               - collisionDetectionStrategy: BRUTE_FORCE
00:50:59.137 [FXGL Background Thread 3 ] DEBUG Engine               - configClass: Optional.empty
00:50:59.137 [FXGL Background Thread 3 ] DEBUG Engine               - credits: []
00:50:59.137 [FXGL Background Thread 3 ] DEBUG Engine               - defaultCursor: CursorInfo(imageName=fxgl_default_cursor.png, hotspotX=7.0, hotspotY=6.0)
00:50:59.137 [FXGL Background Thread 3 ] DEBUG Engine               - devBBoxColorProperty: ObjectProperty [value: 0xff0000ff]
00:50:59.137 [FXGL Background Thread 3 ] DEBUG Engine               - devEnableDebugCameraProperty: BooleanProperty [value: false]
00:50:59.137 [FXGL Background Thread 3 ] DEBUG Engine               - devSensorColorProperty: ObjectProperty [value: 0xffff00ff]
00:50:59.137 [FXGL Background Thread 3 ] DEBUG Engine               - devShowBBoxProperty: BooleanProperty [value: false]
00:50:59.137 [FXGL Background Thread 3 ] DEBUG Engine               - devShowPositionProperty: BooleanProperty [value: false]
00:50:59.137 [FXGL Background Thread 3 ] DEBUG Engine               - enabledMenuItems: []
00:50:59.137 [FXGL Background Thread 3 ] DEBUG Engine               - engineServices: [class com.almasb.fxgl.app.services.FXGLAssetLoaderService, class com.almasb.fxgl.app.FXGLApplication$GameApplicationService, class com.almasb.fxgl.app.services.FXGLDialogService, class com.almasb.fxgl.app.services.IOTaskExecutorService, class com.almasb.fxgl.io.FileSystemService, class com.almasb.fxgl.localization.LocalizationService, class com.almasb.fxgl.app.services.SystemBundleService, class com.almasb.fxgl.profile.SaveLoadService, class com.almasb.fxgl.ui.FXGLUIFactoryServiceProvider, class com.almasb.fxgl.ui.FXGLDialogFactoryServiceProvider, class com.almasb.fxgl.audio.AudioPlayer, class com.almasb.fxgl.notification.impl.NotificationServiceProvider, class com.almasb.fxgl.achievement.AchievementService, class com.almasb.fxgl.cutscene.CutsceneService, class com.almasb.fxgl.minigames.MiniGameService, class com.almasb.fxgl.net.NetService, class com.almasb.fxgl.app.services.UpdaterService, class com.almasb.fxgl.dev.DevService]
00:50:59.137 [FXGL Background Thread 3 ] DEBUG Engine               - fontGame: Abel-Regular.ttf
00:50:59.137 [FXGL Background Thread 3 ] DEBUG Engine               - fontMono: TerminalLandMono-Regular.otf
00:50:59.137 [FXGL Background Thread 3 ] DEBUG Engine               - fontSizeScaleUI: 1.0
00:50:59.137 [FXGL Background Thread 3 ] DEBUG Engine               - fontText: Courier-Prime.ttf
00:50:59.137 [FXGL Background Thread 3 ] DEBUG Engine               - fontUI: VarelaRound-Regular.ttf
00:50:59.138 [FXGL Background Thread 3 ] DEBUG Engine               - fpsRefreshRate: 500.0 ms
00:50:59.138 [FXGL Background Thread 3 ] DEBUG Engine               - fullScreen: BooleanProperty [value: false]
00:50:59.138 [FXGL Background Thread 3 ] DEBUG Engine               - gameDifficulty: MEDIUM
00:50:59.138 [FXGL Background Thread 3 ] DEBUG Engine               - gameDifficultyProperty: ObjectProperty [value: MEDIUM]
00:50:59.138 [FXGL Background Thread 3 ] DEBUG Engine               - globalMusicVolume: 0.5
00:50:59.138 [FXGL Background Thread 3 ] DEBUG Engine               - globalMusicVolumeProperty: DoubleProperty [value: 0.5]
00:50:59.138 [FXGL Background Thread 3 ] DEBUG Engine               - globalSoundVolume: 0.5
00:50:59.138 [FXGL Background Thread 3 ] DEBUG Engine               - globalSoundVolumeProperty: DoubleProperty [value: 0.5]
00:50:59.138 [FXGL Background Thread 3 ] DEBUG Engine               - height: 720
00:50:59.138 [FXGL Background Thread 3 ] DEBUG Engine               - is3D: false
00:50:59.138 [FXGL Background Thread 3 ] DEBUG Engine               - isAndroid: false
00:50:59.138 [FXGL Background Thread 3 ] DEBUG Engine               - isBrowser: false
00:50:59.138 [FXGL Background Thread 3 ] DEBUG Engine               - isClickFeedbackEnabled: false
00:50:59.138 [FXGL Background Thread 3 ] DEBUG Engine               - isCloseConfirmation: false
00:50:59.138 [FXGL Background Thread 3 ] DEBUG Engine               - isDesktop: true
00:50:59.138 [FXGL Background Thread 3 ] DEBUG Engine               - isDeveloperMenuEnabled: false
00:50:59.138 [FXGL Background Thread 3 ] DEBUG Engine               - isEmbedded: false
00:50:59.138 [FXGL Background Thread 3 ] DEBUG Engine               - isEntityPreloadEnabled: true
00:50:59.138 [FXGL Background Thread 3 ] DEBUG Engine               - isExperimentalTiledLargeMap: false
00:50:59.138 [FXGL Background Thread 3 ] DEBUG Engine               - isFileSystemWriteAllowed: true
00:50:59.138 [FXGL Background Thread 3 ] DEBUG Engine               - isFullScreenAllowed: false
00:50:59.138 [FXGL Background Thread 3 ] DEBUG Engine               - isFullScreenFromStart: false
00:50:59.138 [FXGL Background Thread 3 ] DEBUG Engine               - isGameMenuEnabled: true
00:50:59.138 [FXGL Background Thread 3 ] DEBUG Engine               - isIOS: false
00:50:59.138 [FXGL Background Thread 3 ] DEBUG Engine               - isIntroEnabled: false
00:50:59.138 [FXGL Background Thread 3 ] DEBUG Engine               - isLinux: false
00:50:59.138 [FXGL Background Thread 3 ] DEBUG Engine               - isMac: false
00:50:59.138 [FXGL Background Thread 3 ] DEBUG Engine               - isMainMenuEnabled: true
00:50:59.138 [FXGL Background Thread 3 ] DEBUG Engine               - isManualResizeEnabled: false
00:50:59.138 [FXGL Background Thread 3 ] DEBUG Engine               - isMobile: false
00:50:59.138 [FXGL Background Thread 3 ] DEBUG Engine               - isNative: false
00:50:59.138 [FXGL Background Thread 3 ] DEBUG Engine               - isPauseMusicWhenMinimized: true
00:50:59.138 [FXGL Background Thread 3 ] DEBUG Engine               - isPreserveResizeRatio: false
00:50:59.138 [FXGL Background Thread 3 ] DEBUG Engine               - isProfilingEnabled: false
00:50:59.138 [FXGL Background Thread 3 ] DEBUG Engine               - isScaleAffectedOnResize: true
00:50:59.138 [FXGL Background Thread 3 ] DEBUG Engine               - isSingleStep: false
00:50:59.138 [FXGL Background Thread 3 ] DEBUG Engine               - isUserProfileEnabled: false
00:50:59.138 [FXGL Background Thread 3 ] DEBUG Engine               - isWindows: true
00:50:59.139 [FXGL Background Thread 3 ] DEBUG Engine               - language: ObjectProperty [value: ENGLISH]
00:50:59.139 [FXGL Background Thread 3 ] DEBUG Engine               - menuKey: ESCAPE
00:50:59.139 [FXGL Background Thread 3 ] DEBUG Engine               - mouseSensitivity: 0.2
00:50:59.139 [FXGL Background Thread 3 ] DEBUG Engine               - notificationViewClass: class com.almasb.fxgl.notification.view.XboxNotificationView
00:50:59.139 [FXGL Background Thread 3 ] DEBUG Engine               - pixelsPerMeter: 50.0
00:50:59.139 [FXGL Background Thread 3 ] DEBUG Engine               - platform: WINDOWS
00:50:59.139 [FXGL Background Thread 3 ] DEBUG Engine               - prefHeightProperty: ReadOnlyDoubleProperty [value: 720.0]
00:50:59.139 [FXGL Background Thread 3 ] DEBUG Engine               - prefWidthProperty: ReadOnlyDoubleProperty [value: 1280.0]
00:50:59.139 [FXGL Background Thread 3 ] DEBUG Engine               - profileDir: profiles/
00:50:59.139 [FXGL Background Thread 3 ] DEBUG Engine               - profileName: StringProperty [value: DEFAULT]
00:50:59.139 [FXGL Background Thread 3 ] DEBUG Engine               - randomSeed: -1
00:50:59.139 [FXGL Background Thread 3 ] DEBUG Engine               - runtimeInfo: RuntimeInfo(platform=WINDOWS, version=25, build=05.02.2026 22.57)
00:50:59.139 [FXGL Background Thread 3 ] DEBUG Engine               - saveFileExt: sav
00:50:59.139 [FXGL Background Thread 3 ] DEBUG Engine               - scaledHeightProp$fxgl: DoubleProperty [bound, value: 720.0]
00:50:59.139 [FXGL Background Thread 3 ] DEBUG Engine               - scaledWidthProp$fxgl: DoubleProperty [bound, value: 1280.0]
00:50:59.139 [FXGL Background Thread 3 ] DEBUG Engine               - sceneFactory: org.group1.GamePackage.Factory.MainSceneFactory@74570510
00:50:59.139 [FXGL Background Thread 3 ] DEBUG Engine               - secondsIn24h: 60
00:50:59.139 [FXGL Background Thread 3 ] DEBUG Engine               - soundMenuBack: menu/back.wav
00:50:59.139 [FXGL Background Thread 3 ] DEBUG Engine               - soundMenuPress: menu/press.wav
00:50:59.139 [FXGL Background Thread 3 ] DEBUG Engine               - soundMenuSelect: menu/select.wav
00:50:59.139 [FXGL Background Thread 3 ] DEBUG Engine               - soundNotification: core/notification.wav
00:50:59.139 [FXGL Background Thread 3 ] DEBUG Engine               - stageStyle: DECORATED
00:50:59.139 [FXGL Background Thread 3 ] DEBUG Engine               - supportedLanguages: [ENGLISH, FRENCH, GERMAN, HUNGARIAN, RUSSIAN]
00:50:59.139 [FXGL Background Thread 3 ] DEBUG Engine               - ticksPerSecond: -1
00:50:59.139 [FXGL Background Thread 3 ] DEBUG Engine               - title: Untitled
00:50:59.139 [FXGL Background Thread 3 ] DEBUG Engine               - urlGithub: https://github.com/AlmasB/FXGL
00:50:59.139 [FXGL Background Thread 3 ] DEBUG Engine               - urlLeaderboard: http://fxgl-top.herokuapp.com/
00:50:59.139 [FXGL Background Thread 3 ] DEBUG Engine               - urlPOM: https://raw.githubusercontent.com/AlmasB/FXGL/release/README.md
00:50:59.139 [FXGL Background Thread 3 ] DEBUG Engine               - userAppClass: class org.group1.GamePackage.Application
00:50:59.139 [FXGL Background Thread 3 ] DEBUG Engine               - version: 0.0
00:50:59.139 [FXGL Background Thread 3 ] DEBUG Engine               - versionCheckDays: 7
00:50:59.139 [FXGL Background Thread 3 ] DEBUG Engine               - width: 1280
00:50:59.139 [FXGL Background Thread 3 ] DEBUG Engine               - Logging services
00:50:59.139 [FXGL Background Thread 3 ] DEBUG Engine               - class com.almasb.fxgl.app.services.FXGLAssetLoaderService
00:50:59.139 [FXGL Background Thread 3 ] DEBUG Engine               - class com.almasb.fxgl.app.FXGLApplication$GameApplicationService
00:50:59.139 [FXGL Background Thread 3 ] DEBUG Engine               - class com.almasb.fxgl.app.services.FXGLDialogService
00:50:59.139 [FXGL Background Thread 3 ] DEBUG Engine               - class com.almasb.fxgl.app.services.IOTaskExecutorService
00:50:59.139 [FXGL Background Thread 3 ] DEBUG Engine               - class com.almasb.fxgl.io.FileSystemService
00:50:59.140 [FXGL Background Thread 3 ] DEBUG Engine               - class com.almasb.fxgl.localization.LocalizationService
00:50:59.140 [FXGL Background Thread 3 ] DEBUG Engine               - class com.almasb.fxgl.app.services.SystemBundleService
00:50:59.140 [FXGL Background Thread 3 ] DEBUG Engine               - class com.almasb.fxgl.profile.SaveLoadService
00:50:59.140 [FXGL Background Thread 3 ] DEBUG Engine               - class com.almasb.fxgl.ui.FXGLUIFactoryServiceProvider
00:50:59.140 [FXGL Background Thread 3 ] DEBUG Engine               - class com.almasb.fxgl.ui.FXGLDialogFactoryServiceProvider
00:50:59.140 [FXGL Background Thread 3 ] DEBUG Engine               - class com.almasb.fxgl.audio.AudioPlayer
00:50:59.140 [FXGL Background Thread 3 ] DEBUG Engine               - class com.almasb.fxgl.notification.impl.NotificationServiceProvider
00:50:59.140 [FXGL Background Thread 3 ] DEBUG Engine               - class com.almasb.fxgl.achievement.AchievementService
00:50:59.140 [FXGL Background Thread 3 ] DEBUG Engine               - class com.almasb.fxgl.cutscene.CutsceneService
00:50:59.140 [FXGL Background Thread 3 ] DEBUG Engine               - class com.almasb.fxgl.minigames.MiniGameService
00:50:59.140 [FXGL Background Thread 3 ] DEBUG Engine               - class com.almasb.fxgl.net.NetService
00:50:59.140 [FXGL Background Thread 3 ] DEBUG Engine               - class com.almasb.fxgl.app.services.UpdaterService
00:50:59.140 [FXGL Background Thread 3 ] DEBUG Engine               - class com.almasb.fxgl.dev.DevService
00:51:02.935 [JavaFX Application Thread] DEBUG FXGLAssetLoaderServi - Loading from file system: file:/C:/Users/Wren/IdeaProjects/GameGame/target/classes/assets/textures/heart_sprite.png
00:51:02.941 [JavaFX Application Thread] DEBUG FXGLAssetLoaderServi - Loading from file system: file:/C:/Users/Wren/IdeaProjects/GameGame/target/classes/assets/textures/heart_explode_sprite.png
00:51:04.229 [JavaFX Application Thread] DEBUG FXGLAssetLoaderServi - Loading from file system: file:/C:/Users/Wren/IdeaProjects/GameGame/target/classes/assets/sounds/heart_gain.wav
00:51:07.029 [JavaFX Application Thread] DEBUG FXGLAssetLoaderServi - Loading from file system: file:/C:/Users/Wren/IdeaProjects/GameGame/target/classes/assets/textures/boss_placeholder.png
00:51:11.255 [JavaFX Application Thread] DEBUG FXGLAssetLoaderServi - Loading from file system: file:/C:/Users/Wren/IdeaProjects/GameGame/target/classes/assets/sounds/fah.wav
00:51:33.027 [JavaFX Application Thread] DEBUG AudioPlayer          - Pausing music com.almasb.fxgl.audio.Music@2ba4f948
00:51:33.029 [JavaFX Application Thread] DEBUG LoopRunner           - Pausing loop
00:51:35.369 [JavaFX Application Thread] DEBUG FXGLApplication      - Exiting FXGL
00:51:35.369 [JavaFX Application Thread] DEBUG LoopRunner           - Stopping loop
00:51:35.369 [JavaFX Application Thread] DEBUG SystemBundleService  - Saving FXGL system data
00:51:35.370 [JavaFX Application Thread] DEBUG FileSystemAccess     - Writing to: C:\Users\Wren\IdeaProjects\GameGame\system\fxgl.bundle
00:51:35.371 [JavaFX Application Thread] DEBUG Async                - Shutting down background threads
00:51:35.371 [JavaFX Application Thread] DEBUG PrimaryStageWindow   - Closing main window
00:51:35.380 [JavaFX Application Thread] DEBUG Logger               - Closing Logger
