01:11:26.059 [main                     ] DEBUG Logger               - Configured Logger
01:11:26.064 [main                     ] DEBUG GameApplication      - Logging settings
Title: Untitled
Version: 0.0
Width: 1280
Height: 720
Fullscreen: false
Intro: false
Profiling: false
Single step:false
App Mode: DEVELOPER
Menu Key: ESCAPE
Stage Style: DECORATED
Scene Factory: class org.group1.GamePackage.Factory.MainSceneFactory

01:11:26.649 [JavaFX Application Thread] DEBUG FXGLApplication      - Initializing FXGL
01:11:26.652 [JavaFX Application Thread] INFO  Engine               - FXGL-25 (05.02.2026 22.57) on WINDOWS (J:25.0.2 FX:21.0.6)
01:11:26.652 [JavaFX Application Thread] DEBUG Engine               - JRE Vendor Name: Oracle Corporation
01:11:26.652 [JavaFX Application Thread] DEBUG Engine               - Running on OS: Windows 11 version 10.0
01:11:26.652 [JavaFX Application Thread] DEBUG Engine               - Architecture: amd64
01:11:26.652 [JavaFX Application Thread] INFO  Engine               - Source code and latest versions at: https://github.com/AlmasB/FXGL
01:11:26.652 [JavaFX Application Thread] INFO  Engine               -       Ask questions and discuss at: https://github.com/AlmasB/FXGL/discussions
01:11:26.720 [JavaFX Application Thread] DEBUG PrimaryStageWindow   - Creating a JavaFX scene
01:11:26.757 [JavaFX Application Thread] DEBUG PrimaryStageWindow   - Target settings size: 1280.0 x 720.0
01:11:26.757 [JavaFX Application Thread] DEBUG PrimaryStageWindow   - Scaled scene size:    1280.0 x 720.0
01:11:26.757 [JavaFX Application Thread] DEBUG PrimaryStageWindow   - Scaled ratio: (1.0, 1.0)
01:11:26.759 [JavaFX Application Thread] DEBUG PrimaryStageWindow   - Set initial scene to FXGLStartupScene
01:11:26.763 [JavaFX Application Thread] DEBUG PrimaryStageWindow   - Opening main window
01:11:26.848 [JavaFX Application Thread] DEBUG PrimaryStageWindow   - Window border size: (16.0, 39.0)
01:11:26.848 [JavaFX Application Thread] DEBUG PrimaryStageWindow   - Scaled size: 1280.0 x 720.0
01:11:26.848 [JavaFX Application Thread] DEBUG PrimaryStageWindow   - Scaled ratio: (1.0, 1.0)
01:11:26.849 [JavaFX Application Thread] DEBUG PrimaryStageWindow   - Scene size: 1280.0 x 720.0
01:11:26.849 [JavaFX Application Thread] DEBUG PrimaryStageWindow   - Stage size: 1296.0 x 759.0
01:11:26.854 [FXGL Background Thread 1 ] DEBUG Engine               - Initializing environment variables
01:11:26.900 [FXGL Background Thread 1 ] DEBUG FXGLAssetLoaderServi - User app class for loading assets: class org.group1.GamePackage.Application
01:11:26.900 [FXGL Background Thread 1 ] DEBUG GameApplicationServi - Applying CSS: fxgl_dark.css
01:11:26.901 [FXGL Background Thread 1 ] DEBUG FXGLAssetLoaderServi - Loading from file system: jar:file:///C:/Users/Wren/.m2/repository/com/github/almasb/fxgl/25/fxgl-25.jar!/fxglassets/ui/css/fxgl_dark.css
01:11:26.938 [FXGL Background Thread 1 ] DEBUG GameApplicationServi - Initializing application scenes
01:11:26.990 [FXGL Background Thread 1 ] DEBUG GameWorld            - Game world initialized
01:11:27.026 [FXGL Background Thread 1 ] DEBUG PhysicsWorld         - Physics world initialized: appHeight=720, physics.ppm=50.0
01:11:27.026 [FXGL Background Thread 1 ] DEBUG PhysicsWorld         - Using strategy: BRUTE_FORCE
01:11:27.030 [FXGL Background Thread 1 ] DEBUG GameScene            - Game scene initialized: 1280x720
01:11:27.044 [FXGL Background Thread 1 ] DEBUG FXGL.DefaultMenu     - createMenuBodyGameMenu()
01:11:27.051 [FXGL Background Thread 1 ] DEBUG FXGL.DefaultMenu     - createOptionsMenu()
01:11:27.061 [FXGL Background Thread 1 ] DEBUG FXGLAssetLoaderServi - Loading from file system: jar:file:///C:/Users/Wren/.m2/repository/com/github/almasb/fxgl/25/fxgl-25.jar!/fxglassets/textures/particles/smoke.png
01:11:27.135 [FXGL Background Thread 1 ] DEBUG FXGLAssetLoaderServi - Loading from file system: jar:file:///C:/Users/Wren/.m2/repository/com/github/almasb/fxgl/25/fxgl-25.jar!/fxglassets/textures/particles/trace_horizontal.png
01:11:27.161 [FXGL Background Thread 1 ] DEBUG GameApplicationServi - Application scenes initialized
01:11:27.170 [FXGL Background Thread 1 ] DEBUG SystemBundleService  - Loading FXGL system data
01:11:27.171 [FXGL Background Thread 1 ] DEBUG FileSystemAccess     - Reading from: C:\Users\Wren\IdeaProjects\GameGame\system\fxgl.bundle
01:11:27.173 [FXGL Background Thread 1 ] DEBUG SystemBundleService  - Bundle FXGL: {}
01:11:27.173 [FXGL Background Thread 1 ] DEBUG UpdaterService       - Checking for updates
01:11:27.177 [FXGL Background Thread 4 ] DEBUG FXGLApplication      - Loading fonts
01:11:27.177 [FXGL Background Thread 1 ] DEBUG FXGLApplication      - Loading default localization
01:11:27.177 [FXGL Background Thread 4 ] DEBUG FXGLAssetLoaderServi - Loading from file system: jar:file:///C:/Users/Wren/.m2/repository/com/github/almasb/fxgl/25/fxgl-25.jar!/fxglassets/ui/fonts/VarelaRound-Regular.ttf
01:11:27.177 [FXGL Background Thread 1 ] DEBUG FXGLAssetLoaderServi - Loading from file system: jar:file:///C:/Users/Wren/.m2/repository/com/github/almasb/fxgl/25/fxgl-25.jar!/fxglassets/languages/english.lang
01:11:27.188 [FXGL Background Thread 4 ] DEBUG FXGLAssetLoaderServi - Loading from file system: jar:file:///C:/Users/Wren/.m2/repository/com/github/almasb/fxgl/25/fxgl-25.jar!/fxglassets/ui/fonts/Abel-Regular.ttf
01:11:27.197 [FXGL Background Thread 1 ] INFO  FXGLApplication      - FXGL initialization took: 0.344 sec
01:11:27.199 [FXGL Background Thread 4 ] DEBUG FXGLAssetLoaderServi - Loading from file system: jar:file:///C:/Users/Wren/.m2/repository/com/github/almasb/fxgl/25/fxgl-25.jar!/fxglassets/ui/fonts/TerminalLandMono-Regular.otf
01:11:27.207 [FXGL Background Thread 4 ] DEBUG FXGLAssetLoaderServi - Loading from file system: jar:file:///C:/Users/Wren/.m2/repository/com/github/almasb/fxgl/25/fxgl-25.jar!/fxglassets/ui/fonts/Courier-Prime.ttf
01:11:27.214 [JavaFX Application Thread] DEBUG Input                - Registered new binding: Move left - A
01:11:27.214 [JavaFX Application Thread] DEBUG Input                - Registered new binding: Move right - D
01:11:27.215 [JavaFX Application Thread] DEBUG Input                - Registered new binding: Move down - S
01:11:27.215 [JavaFX Application Thread] DEBUG Input                - Registered new binding: Move up - W
01:11:27.216 [JavaFX Application Thread] DEBUG Input                - Registered new binding: Shoot - Space
01:11:27.216 [JavaFX Application Thread] DEBUG Input                - Registered new binding: Switch to Fire Bullet - Q
01:11:27.216 [JavaFX Application Thread] DEBUG Input                - Registered new binding: Switch to Ice Bullet - E
01:11:27.217 [JavaFX Application Thread] DEBUG FXGLAssetLoaderServi - Loading from file system: jar:file:///C:/Users/Wren/.m2/repository/com/github/almasb/fxgl/25/fxgl-25.jar!/fxglassets/textures/fxgl_icon.png
01:11:27.233 [JavaFX Application Thread] DEBUG FXGLAssetLoaderServi - Loading from file system: jar:file:///C:/Users/Wren/.m2/repository/com/github/almasb/fxgl/25/fxgl-25.jar!/fxglassets/textures/fxgl_default_cursor.png
01:11:27.237 [JavaFX Application Thread] DEBUG Input                - Registered new binding: Screenshot - CTRL+8
01:11:27.237 [JavaFX Application Thread] DEBUG Input                - Registered new binding: System info dump - CTRL+9
01:11:27.237 [JavaFX Application Thread] DEBUG Input                - Registered new binding: Restart - CTRL+R
01:11:27.238 [JavaFX Application Thread] DEBUG Input                - Registered new binding: Toggle Debug Camera - CTRL+7
01:11:27.241 [JavaFX Application Thread] DEBUG LoopRunner           - Starting loop
01:11:27.241 [JavaFX Application Thread] DEBUG LoopRunner           - Initializing JavaFX AnimationTimerLoop
01:11:27.243 [JavaFX Application Thread] DEBUG Input                - Clearing active input actions
01:11:27.251 [JavaFX Application Thread] DEBUG GameApplicationServi - Removing overlay from FXGLStartupScene and adding to FXGLMainMenuDummyScene
01:11:27.252 [JavaFX Application Thread] DEBUG PrimaryStageWindow   - FXGLStartupScene -> FXGLMainMenuDummyScene
01:11:27.252 [JavaFX Application Thread] DEBUG PrimaryStageWindow   - Push state: MenuInterface
01:11:27.253 [JavaFX Application Thread] DEBUG Input                - Clearing active input actions
01:11:27.256 [JavaFX Application Thread] DEBUG GameApplicationServi - Removing overlay from FXGLMainMenuDummyScene and adding to MenuInterface
01:11:27.257 [JavaFX Application Thread] DEBUG PrimaryStageWindow   - FXGLMainMenuDummyScene -> MenuInterface
01:11:27.297 [JavaFX Application Thread] DEBUG FXGLApplication      - Registering font factories with UI factory
01:11:27.629 [JavaFX Application Thread] DEBUG Menu                 - fireNewGame()
01:11:27.629 [JavaFX Application Thread] DEBUG GameApplicationServi - Starting new game
01:11:27.629 [JavaFX Application Thread] DEBUG PrimaryStageWindow   - Pop state: MenuInterface
01:11:27.629 [JavaFX Application Thread] DEBUG Input                - Clearing active input actions
01:11:27.629 [JavaFX Application Thread] DEBUG GameApplicationServi - Removing overlay from MenuInterface and adding to FXGLMainMenuDummyScene
01:11:27.631 [JavaFX Application Thread] DEBUG PrimaryStageWindow   - FXGLMainMenuDummyScene <- MenuInterface
01:11:27.631 [JavaFX Application Thread] DEBUG Input                - Clearing active input actions
01:11:27.636 [JavaFX Application Thread] DEBUG GameApplicationServi - Removing overlay from FXGLMainMenuDummyScene and adding to LoadingInterface
01:11:27.636 [JavaFX Application Thread] DEBUG PrimaryStageWindow   - FXGLMainMenuDummyScene -> LoadingInterface
01:11:27.637 [JavaFX Application Thread] DEBUG GameApplicationServi - Clearing previous game
01:11:27.637 [JavaFX Application Thread] DEBUG GameScene            - Clearing game scene
01:11:27.637 [JavaFX Application Thread] DEBUG GameWorld            - Clearing game world
01:11:27.637 [JavaFX Application Thread] DEBUG PhysicsWorld         - Clearing physics world
01:11:27.638 [FXGL Background Thread 2 ] DEBUG FXGLApplication      - Initializing game
01:11:27.649 [FXGL Background Thread 2 ] DEBUG FXGLAssetLoaderServi - Loading from file system: file:/C:/Users/Wren/IdeaProjects/GameGame/target/classes/assets/textures/background.png
01:11:27.739 [FXGL Background Thread 2 ] DEBUG FXGLAssetLoaderServi - Loading from file system: file:/C:/Users/Wren/IdeaProjects/GameGame/target/classes/assets/textures/background_stars1.png
01:11:27.823 [FXGL Background Thread 2 ] DEBUG FXGLAssetLoaderServi - Loading from file system: file:/C:/Users/Wren/IdeaProjects/GameGame/target/classes/assets/textures/background_stars2.png
01:11:27.848 [FXGL Background Thread 2 ] DEBUG FXGLAssetLoaderServi - Loading from file system: file:/C:/Users/Wren/IdeaProjects/GameGame/target/classes/assets/textures/background_stars3.png
01:11:27.871 [FXGL Background Thread 2 ] DEBUG FXGLAssetLoaderServi - Loading from file system: file:/C:/Users/Wren/IdeaProjects/GameGame/target/classes/assets/textures/background_cloud1.png
01:11:27.887 [FXGL Background Thread 2 ] DEBUG FXGLAssetLoaderServi - Loading from file system: file:/C:/Users/Wren/IdeaProjects/GameGame/target/classes/assets/textures/background_cloud2.png
01:11:27.901 [FXGL Background Thread 2 ] DEBUG FXGLAssetLoaderServi - Loading from file system: file:/C:/Users/Wren/IdeaProjects/GameGame/target/classes/assets/textures/background_mist1.png
01:11:27.913 [FXGL Background Thread 2 ] DEBUG FXGLAssetLoaderServi - Loading from file system: file:/C:/Users/Wren/IdeaProjects/GameGame/target/classes/assets/textures/background_hills.png
01:11:27.941 [FXGL Background Thread 2 ] DEBUG FXGLAssetLoaderServi - Loading from file system: file:/C:/Users/Wren/IdeaProjects/GameGame/target/classes/assets/textures/background_forest.png
01:11:27.955 [FXGL Background Thread 2 ] DEBUG FXGLAssetLoaderServi - Loading from file system: file:/C:/Users/Wren/IdeaProjects/GameGame/target/classes/assets/textures/background_large_forest.png
01:11:27.981 [FXGL Background Thread 2 ] DEBUG FXGLAssetLoaderServi - Loading from file system: file:/C:/Users/Wren/IdeaProjects/GameGame/target/classes/assets/textures/idle_sprite.png
01:11:27.984 [FXGL Background Thread 2 ] DEBUG FXGLAssetLoaderServi - Loading from file system: file:/C:/Users/Wren/IdeaProjects/GameGame/target/classes/assets/textures/down_sprite.png
01:11:27.987 [FXGL Background Thread 2 ] DEBUG FXGLAssetLoaderServi - Loading from file system: file:/C:/Users/Wren/IdeaProjects/GameGame/target/classes/assets/textures/up_sprite.png
01:11:27.995 [FXGL Background Thread 2 ] DEBUG FXGLAssetLoaderServi - Loading from file system: file:/C:/Users/Wren/IdeaProjects/GameGame/target/classes/assets/textures/bullet_HUD_selection.png
01:11:27.998 [FXGL Background Thread 2 ] DEBUG FXGLAssetLoaderServi - Loading from file system: file:/C:/Users/Wren/IdeaProjects/GameGame/target/classes/assets/music/main_music.wav
01:11:28.075 [FXGL Background Thread 2 ] DEBUG AudioPlayer          - Playing music com.almasb.fxgl.audio.Music@53aec0fc
01:11:28.082 [FXGL Background Thread 2 ] INFO  FXGLApplication      - Game initialization took: 0.445 sec
01:11:28.091 [JavaFX Application Thread] DEBUG Input                - Clearing active input actions
01:11:28.097 [JavaFX Application Thread] DEBUG GameApplicationServi - Removing overlay from LoadingInterface and adding to GameScene
01:11:28.097 [JavaFX Application Thread] DEBUG PrimaryStageWindow   - LoadingInterface -> GameScene
01:11:29.094 [JavaFX Application Thread] DEBUG FXGLAssetLoaderServi - Loading from file system: file:/C:/Users/Wren/IdeaProjects/GameGame/target/classes/assets/textures/enemy_sprite.png
01:11:29.097 [JavaFX Application Thread] DEBUG FXGLAssetLoaderServi - Loading from file system: file:/C:/Users/Wren/IdeaProjects/GameGame/target/classes/assets/textures/explosion_sprite.png
01:11:29.711 [JavaFX Application Thread] DEBUG FXGLAssetLoaderServi - Loading from file system: file:/C:/Users/Wren/IdeaProjects/GameGame/target/classes/assets/textures/bullet_sprite.png
01:11:29.986 [JavaFX Application Thread] DEBUG FXGLAssetLoaderServi - Loading from file system: file:/C:/Users/Wren/IdeaProjects/GameGame/target/classes/assets/sounds/death_sound.wav
01:11:30.002 [JavaFX Application Thread] DEBUG FXGLAssetLoaderServi - Loading from file system: file:/C:/Users/Wren/IdeaProjects/GameGame/target/classes/assets/textures/boss_placeholder.png
01:11:30.177 [FXGL Background Thread 3 ] DEBUG Engine               - Logging environment variables
01:11:30.177 [FXGL Background Thread 3 ] DEBUG Engine               - achievements: []
01:11:30.177 [FXGL Background Thread 3 ] DEBUG Engine               - actualHeight: 720.0
01:11:30.177 [FXGL Background Thread 3 ] DEBUG Engine               - actualHeightProperty: ReadOnlyDoubleProperty [value: 720.0]
01:11:30.177 [FXGL Background Thread 3 ] DEBUG Engine               - actualWidth: 1280.0
01:11:30.177 [FXGL Background Thread 3 ] DEBUG Engine               - actualWidthProperty: ReadOnlyDoubleProperty [value: 1280.0]
01:11:30.177 [FXGL Background Thread 3 ] DEBUG Engine               - appIcon: fxgl_icon.png
01:11:30.178 [FXGL Background Thread 3 ] DEBUG Engine               - applicationMode: DEVELOPER
01:11:30.178 [FXGL Background Thread 3 ] DEBUG Engine               - cSSList: [fxgl_dark.css]
01:11:30.178 [FXGL Background Thread 3 ] DEBUG Engine               - collisionDetectionStrategy: BRUTE_FORCE
01:11:30.178 [FXGL Background Thread 3 ] DEBUG Engine               - configClass: Optional.empty
01:11:30.178 [FXGL Background Thread 3 ] DEBUG Engine               - credits: []
01:11:30.178 [FXGL Background Thread 3 ] DEBUG Engine               - defaultCursor: CursorInfo(imageName=fxgl_default_cursor.png, hotspotX=7.0, hotspotY=6.0)
01:11:30.178 [FXGL Background Thread 3 ] DEBUG Engine               - devBBoxColorProperty: ObjectProperty [value: 0xff0000ff]
01:11:30.178 [FXGL Background Thread 3 ] DEBUG Engine               - devEnableDebugCameraProperty: BooleanProperty [value: false]
01:11:30.178 [FXGL Background Thread 3 ] DEBUG Engine               - devSensorColorProperty: ObjectProperty [value: 0xffff00ff]
01:11:30.178 [FXGL Background Thread 3 ] DEBUG Engine               - devShowBBoxProperty: BooleanProperty [value: false]
01:11:30.178 [FXGL Background Thread 3 ] DEBUG Engine               - devShowPositionProperty: BooleanProperty [value: false]
01:11:30.178 [FXGL Background Thread 3 ] DEBUG Engine               - enabledMenuItems: []
01:11:30.179 [FXGL Background Thread 3 ] DEBUG Engine               - engineServices: [class com.almasb.fxgl.app.services.FXGLAssetLoaderService, class com.almasb.fxgl.app.FXGLApplication$GameApplicationService, class com.almasb.fxgl.app.services.FXGLDialogService, class com.almasb.fxgl.app.services.IOTaskExecutorService, class com.almasb.fxgl.io.FileSystemService, class com.almasb.fxgl.localization.LocalizationService, class com.almasb.fxgl.app.services.SystemBundleService, class com.almasb.fxgl.profile.SaveLoadService, class com.almasb.fxgl.ui.FXGLUIFactoryServiceProvider, class com.almasb.fxgl.ui.FXGLDialogFactoryServiceProvider, class com.almasb.fxgl.audio.AudioPlayer, class com.almasb.fxgl.notification.impl.NotificationServiceProvider, class com.almasb.fxgl.achievement.AchievementService, class com.almasb.fxgl.cutscene.CutsceneService, class com.almasb.fxgl.minigames.MiniGameService, class com.almasb.fxgl.net.NetService, class com.almasb.fxgl.app.services.UpdaterService, class com.almasb.fxgl.dev.DevService]
01:11:30.179 [FXGL Background Thread 3 ] DEBUG Engine               - fontGame: Abel-Regular.ttf
01:11:30.179 [FXGL Background Thread 3 ] DEBUG Engine               - fontMono: TerminalLandMono-Regular.otf
01:11:30.179 [FXGL Background Thread 3 ] DEBUG Engine               - fontSizeScaleUI: 1.0
01:11:30.179 [FXGL Background Thread 3 ] DEBUG Engine               - fontText: Courier-Prime.ttf
01:11:30.179 [FXGL Background Thread 3 ] DEBUG Engine               - fontUI: VarelaRound-Regular.ttf
01:11:30.179 [FXGL Background Thread 3 ] DEBUG Engine               - fpsRefreshRate: 500.0 ms
01:11:30.179 [FXGL Background Thread 3 ] DEBUG Engine               - fullScreen: BooleanProperty [value: false]
01:11:30.179 [FXGL Background Thread 3 ] DEBUG Engine               - gameDifficulty: MEDIUM
01:11:30.179 [FXGL Background Thread 3 ] DEBUG Engine               - gameDifficultyProperty: ObjectProperty [value: MEDIUM]
01:11:30.179 [FXGL Background Thread 3 ] DEBUG Engine               - globalMusicVolume: 0.5
01:11:30.179 [FXGL Background Thread 3 ] DEBUG Engine               - globalMusicVolumeProperty: DoubleProperty [value: 0.5]
01:11:30.179 [FXGL Background Thread 3 ] DEBUG Engine               - globalSoundVolume: 0.5
01:11:30.179 [FXGL Background Thread 3 ] DEBUG Engine               - globalSoundVolumeProperty: DoubleProperty [value: 0.5]
01:11:30.180 [FXGL Background Thread 3 ] DEBUG Engine               - height: 720
01:11:30.180 [FXGL Background Thread 3 ] DEBUG Engine               - is3D: false
01:11:30.180 [FXGL Background Thread 3 ] DEBUG Engine               - isAndroid: false
01:11:30.180 [FXGL Background Thread 3 ] DEBUG Engine               - isBrowser: false
01:11:30.180 [FXGL Background Thread 3 ] DEBUG Engine               - isClickFeedbackEnabled: false
01:11:30.180 [FXGL Background Thread 3 ] DEBUG Engine               - isCloseConfirmation: false
01:11:30.180 [FXGL Background Thread 3 ] DEBUG Engine               - isDesktop: true
01:11:30.180 [FXGL Background Thread 3 ] DEBUG Engine               - isDeveloperMenuEnabled: false
01:11:30.180 [FXGL Background Thread 3 ] DEBUG Engine               - isEmbedded: false
01:11:30.180 [FXGL Background Thread 3 ] DEBUG Engine               - isEntityPreloadEnabled: true
01:11:30.180 [FXGL Background Thread 3 ] DEBUG Engine               - isExperimentalTiledLargeMap: false
01:11:30.180 [FXGL Background Thread 3 ] DEBUG Engine               - isFileSystemWriteAllowed: true
01:11:30.180 [FXGL Background Thread 3 ] DEBUG Engine               - isFullScreenAllowed: false
01:11:30.180 [FXGL Background Thread 3 ] DEBUG Engine               - isFullScreenFromStart: false
01:11:30.180 [FXGL Background Thread 3 ] DEBUG Engine               - isGameMenuEnabled: true
01:11:30.180 [FXGL Background Thread 3 ] DEBUG Engine               - isIOS: false
01:11:30.180 [FXGL Background Thread 3 ] DEBUG Engine               - isIntroEnabled: false
01:11:30.180 [FXGL Background Thread 3 ] DEBUG Engine               - isLinux: false
01:11:30.180 [FXGL Background Thread 3 ] DEBUG Engine               - isMac: false
01:11:30.180 [FXGL Background Thread 3 ] DEBUG Engine               - isMainMenuEnabled: true
01:11:30.180 [FXGL Background Thread 3 ] DEBUG Engine               - isManualResizeEnabled: false
01:11:30.180 [FXGL Background Thread 3 ] DEBUG Engine               - isMobile: false
01:11:30.180 [FXGL Background Thread 3 ] DEBUG Engine               - isNative: false
01:11:30.180 [FXGL Background Thread 3 ] DEBUG Engine               - isPauseMusicWhenMinimized: true
01:11:30.180 [FXGL Background Thread 3 ] DEBUG Engine               - isPreserveResizeRatio: false
01:11:30.180 [FXGL Background Thread 3 ] DEBUG Engine               - isProfilingEnabled: false
01:11:30.180 [FXGL Background Thread 3 ] DEBUG Engine               - isScaleAffectedOnResize: true
01:11:30.180 [FXGL Background Thread 3 ] DEBUG Engine               - isSingleStep: false
01:11:30.180 [FXGL Background Thread 3 ] DEBUG Engine               - isUserProfileEnabled: false
01:11:30.180 [FXGL Background Thread 3 ] DEBUG Engine               - isWindows: true
01:11:30.180 [FXGL Background Thread 3 ] DEBUG Engine               - language: ObjectProperty [value: ENGLISH]
01:11:30.180 [FXGL Background Thread 3 ] DEBUG Engine               - menuKey: ESCAPE
01:11:30.180 [FXGL Background Thread 3 ] DEBUG Engine               - mouseSensitivity: 0.2
01:11:30.180 [FXGL Background Thread 3 ] DEBUG Engine               - notificationViewClass: class com.almasb.fxgl.notification.view.XboxNotificationView
01:11:30.180 [FXGL Background Thread 3 ] DEBUG Engine               - pixelsPerMeter: 50.0
01:11:30.180 [FXGL Background Thread 3 ] DEBUG Engine               - platform: WINDOWS
01:11:30.181 [FXGL Background Thread 3 ] DEBUG Engine               - prefHeightProperty: ReadOnlyDoubleProperty [value: 720.0]
01:11:30.181 [FXGL Background Thread 3 ] DEBUG Engine               - prefWidthProperty: ReadOnlyDoubleProperty [value: 1280.0]
01:11:30.181 [FXGL Background Thread 3 ] DEBUG Engine               - profileDir: profiles/
01:11:30.181 [FXGL Background Thread 3 ] DEBUG Engine               - profileName: StringProperty [value: DEFAULT]
01:11:30.181 [FXGL Background Thread 3 ] DEBUG Engine               - randomSeed: -1
01:11:30.181 [FXGL Background Thread 3 ] DEBUG Engine               - runtimeInfo: RuntimeInfo(platform=WINDOWS, version=25, build=05.02.2026 22.57)
01:11:30.181 [FXGL Background Thread 3 ] DEBUG Engine               - saveFileExt: sav
01:11:30.181 [FXGL Background Thread 3 ] DEBUG Engine               - scaledHeightProp$fxgl: DoubleProperty [bound, value: 720.0]
01:11:30.181 [FXGL Background Thread 3 ] DEBUG Engine               - scaledWidthProp$fxgl: DoubleProperty [bound, value: 1280.0]
01:11:30.181 [FXGL Background Thread 3 ] DEBUG Engine               - sceneFactory: org.group1.GamePackage.Factory.MainSceneFactory@cbf077d
01:11:30.181 [FXGL Background Thread 3 ] DEBUG Engine               - secondsIn24h: 60
01:11:30.181 [FXGL Background Thread 3 ] DEBUG Engine               - soundMenuBack: menu/back.wav
01:11:30.181 [FXGL Background Thread 3 ] DEBUG Engine               - soundMenuPress: menu/press.wav
01:11:30.181 [FXGL Background Thread 3 ] DEBUG Engine               - soundMenuSelect: menu/select.wav
01:11:30.181 [FXGL Background Thread 3 ] DEBUG Engine               - soundNotification: core/notification.wav
01:11:30.181 [FXGL Background Thread 3 ] DEBUG Engine               - stageStyle: DECORATED
01:11:30.181 [FXGL Background Thread 3 ] DEBUG Engine               - supportedLanguages: [ENGLISH, FRENCH, GERMAN, HUNGARIAN, RUSSIAN]
01:11:30.181 [FXGL Background Thread 3 ] DEBUG Engine               - ticksPerSecond: -1
01:11:30.181 [FXGL Background Thread 3 ] DEBUG Engine               - title: Untitled
01:11:30.181 [FXGL Background Thread 3 ] DEBUG Engine               - urlGithub: https://github.com/AlmasB/FXGL
01:11:30.181 [FXGL Background Thread 3 ] DEBUG Engine               - urlLeaderboard: http://fxgl-top.herokuapp.com/
01:11:30.181 [FXGL Background Thread 3 ] DEBUG Engine               - urlPOM: https://raw.githubusercontent.com/AlmasB/FXGL/release/README.md
01:11:30.181 [FXGL Background Thread 3 ] DEBUG Engine               - userAppClass: class org.group1.GamePackage.Application
01:11:30.181 [FXGL Background Thread 3 ] DEBUG Engine               - version: 0.0
01:11:30.181 [FXGL Background Thread 3 ] DEBUG Engine               - versionCheckDays: 7
01:11:30.181 [FXGL Background Thread 3 ] DEBUG Engine               - width: 1280
01:11:30.181 [FXGL Background Thread 3 ] DEBUG Engine               - Logging services
01:11:30.181 [FXGL Background Thread 3 ] DEBUG Engine               - class com.almasb.fxgl.app.services.FXGLAssetLoaderService
01:11:30.181 [FXGL Background Thread 3 ] DEBUG Engine               - class com.almasb.fxgl.app.FXGLApplication$GameApplicationService
01:11:30.181 [FXGL Background Thread 3 ] DEBUG Engine               - class com.almasb.fxgl.app.services.FXGLDialogService
01:11:30.181 [FXGL Background Thread 3 ] DEBUG Engine               - class com.almasb.fxgl.app.services.IOTaskExecutorService
01:11:30.181 [FXGL Background Thread 3 ] DEBUG Engine               - class com.almasb.fxgl.io.FileSystemService
01:11:30.181 [FXGL Background Thread 3 ] DEBUG Engine               - class com.almasb.fxgl.localization.LocalizationService
01:11:30.181 [FXGL Background Thread 3 ] DEBUG Engine               - class com.almasb.fxgl.app.services.SystemBundleService
01:11:30.181 [FXGL Background Thread 3 ] DEBUG Engine               - class com.almasb.fxgl.profile.SaveLoadService
01:11:30.181 [FXGL Background Thread 3 ] DEBUG Engine               - class com.almasb.fxgl.ui.FXGLUIFactoryServiceProvider
01:11:30.181 [FXGL Background Thread 3 ] DEBUG Engine               - class com.almasb.fxgl.ui.FXGLDialogFactoryServiceProvider
01:11:30.181 [FXGL Background Thread 3 ] DEBUG Engine               - class com.almasb.fxgl.audio.AudioPlayer
01:11:30.181 [FXGL Background Thread 3 ] DEBUG Engine               - class com.almasb.fxgl.notification.impl.NotificationServiceProvider
01:11:30.181 [FXGL Background Thread 3 ] DEBUG Engine               - class com.almasb.fxgl.achievement.AchievementService
01:11:30.181 [FXGL Background Thread 3 ] DEBUG Engine               - class com.almasb.fxgl.cutscene.CutsceneService
01:11:30.182 [FXGL Background Thread 3 ] DEBUG Engine               - class com.almasb.fxgl.minigames.MiniGameService
01:11:30.182 [FXGL Background Thread 3 ] DEBUG Engine               - class com.almasb.fxgl.net.NetService
01:11:30.182 [FXGL Background Thread 3 ] DEBUG Engine               - class com.almasb.fxgl.app.services.UpdaterService
01:11:30.182 [FXGL Background Thread 3 ] DEBUG Engine               - class com.almasb.fxgl.dev.DevService
01:11:31.760 [JavaFX Application Thread] DEBUG FXGLAssetLoaderServi - Loading from file system: file:/C:/Users/Wren/IdeaProjects/GameGame/target/classes/assets/sounds/fah.wav
01:11:37.063 [JavaFX Application Thread] DEBUG FXGLApplication      - Exiting FXGL
01:11:37.063 [JavaFX Application Thread] DEBUG LoopRunner           - Stopping loop
01:11:37.063 [JavaFX Application Thread] DEBUG SystemBundleService  - Saving FXGL system data
01:11:37.063 [JavaFX Application Thread] DEBUG FileSystemAccess     - Writing to: C:\Users\Wren\IdeaProjects\GameGame\system\fxgl.bundle
01:11:37.065 [JavaFX Application Thread] DEBUG Async                - Shutting down background threads
01:11:37.065 [JavaFX Application Thread] DEBUG PrimaryStageWindow   - Closing main window
01:11:37.076 [JavaFX Application Thread] DEBUG Logger               - Closing Logger
