02:02:11.840 [main                     ] DEBUG Logger               - Configured Logger
02:02:11.845 [main                     ] DEBUG GameApplication      - Logging settings
Title: Untitled
Version: 0.0
Width: 1280
Height: 720
Fullscreen: false
Intro: false
Profiling: false
Single step:false
App Mode: DEVELOPER
Menu Key: ESCAPE
Stage Style: DECORATED
Scene Factory: class com.almasb.fxgl.app.scene.SceneFactory

02:02:12.090 [JavaFX Application Thread] DEBUG FXGLApplication      - Initializing FXGL
02:02:12.093 [JavaFX Application Thread] INFO  Engine               - FXGL-25 (05.02.2026 22.57) on WINDOWS (J:25.0.1 FX:21.0.6)
02:02:12.094 [JavaFX Application Thread] DEBUG Engine               - JRE Vendor Name: Oracle Corporation
02:02:12.094 [JavaFX Application Thread] DEBUG Engine               - Running on OS: Windows 11 version 10.0
02:02:12.094 [JavaFX Application Thread] DEBUG Engine               - Architecture: amd64
02:02:12.094 [JavaFX Application Thread] INFO  Engine               - Source code and latest versions at: https://github.com/AlmasB/FXGL
02:02:12.094 [JavaFX Application Thread] INFO  Engine               -       Ask questions and discuss at: https://github.com/AlmasB/FXGL/discussions
02:02:12.165 [JavaFX Application Thread] DEBUG PrimaryStageWindow   - Creating a JavaFX scene
02:02:12.165 [JavaFX Application Thread] DEBUG PrimaryStageWindow   - Target size > screen size
02:02:12.200 [JavaFX Application Thread] DEBUG PrimaryStageWindow   - Target settings size: 1280.0 x 720.0
02:02:12.201 [JavaFX Application Thread] DEBUG PrimaryStageWindow   - Scaled scene size:    1169.0 x 671.0
02:02:12.201 [JavaFX Application Thread] DEBUG PrimaryStageWindow   - Scaled ratio: (0.91328125, 0.9319444444444445)
02:02:12.201 [JavaFX Application Thread] DEBUG PrimaryStageWindow   - Set initial scene to FXGLStartupScene
02:02:12.204 [JavaFX Application Thread] DEBUG PrimaryStageWindow   - Opening main window
02:02:12.280 [JavaFX Application Thread] DEBUG PrimaryStageWindow   - Window border size: (15.0, 37.66668701171875)
02:02:12.280 [JavaFX Application Thread] DEBUG PrimaryStageWindow   - Scaled size: 1169.0 x 671.0
02:02:12.280 [JavaFX Application Thread] DEBUG PrimaryStageWindow   - Scaled ratio: (0.91328125, 0.9319444444444445)
02:02:12.281 [JavaFX Application Thread] DEBUG PrimaryStageWindow   - Scene size: 1169.0 x 671.0
02:02:12.281 [JavaFX Application Thread] DEBUG PrimaryStageWindow   - Stage size: 1184.0 x 708.6666870117188
02:02:12.291 [FXGL Background Thread 1 ] DEBUG Engine               - Initializing environment variables
02:02:12.358 [FXGL Background Thread 1 ] DEBUG FXGLAssetLoaderServi - User app class for loading assets: class org.group1.GamePackage.Application
02:02:12.358 [FXGL Background Thread 1 ] DEBUG GameApplicationServi - Applying CSS: fxgl_dark.css
02:02:12.359 [FXGL Background Thread 1 ] DEBUG FXGLAssetLoaderServi - Loading from file system: jar:file:///C:/Users/ryles/.m2/repository/com/github/almasb/fxgl/25/fxgl-25.jar!/fxglassets/ui/css/fxgl_dark.css
02:02:12.400 [FXGL Background Thread 1 ] DEBUG GameApplicationServi - Initializing application scenes
02:02:12.436 [FXGL Background Thread 1 ] DEBUG GameWorld            - Game world initialized
02:02:12.486 [FXGL Background Thread 1 ] DEBUG PhysicsWorld         - Physics world initialized: appHeight=720, physics.ppm=50.0
02:02:12.486 [FXGL Background Thread 1 ] DEBUG PhysicsWorld         - Using strategy: BRUTE_FORCE
02:02:12.492 [FXGL Background Thread 1 ] DEBUG GameScene            - Game scene initialized: 1280x720
02:02:12.504 [FXGL Background Thread 1 ] DEBUG FXGL.DefaultMenu     - createMenuBodyGameMenu()
02:02:12.516 [FXGL Background Thread 1 ] DEBUG FXGL.DefaultMenu     - createOptionsMenu()
02:02:12.524 [FXGL Background Thread 1 ] DEBUG FXGLAssetLoaderServi - Loading from file system: jar:file:///C:/Users/ryles/.m2/repository/com/github/almasb/fxgl/25/fxgl-25.jar!/fxglassets/textures/particles/smoke.png
02:02:12.594 [FXGL Background Thread 1 ] DEBUG FXGLAssetLoaderServi - Loading from file system: jar:file:///C:/Users/ryles/.m2/repository/com/github/almasb/fxgl/25/fxgl-25.jar!/fxglassets/textures/particles/trace_horizontal.png
02:02:12.618 [FXGL Background Thread 1 ] DEBUG GameApplicationServi - Application scenes initialized
02:02:12.628 [FXGL Background Thread 1 ] DEBUG SystemBundleService  - Loading FXGL system data
02:02:12.632 [FXGL Background Thread 1 ] DEBUG FileSystemAccess     - Reading from: C:\Users\ryles\Downloads\ComProg_Project\system\fxgl.bundle
02:02:12.639 [FXGL Background Thread 1 ] DEBUG SystemBundleService  - Bundle FXGL: {}
02:02:12.639 [FXGL Background Thread 1 ] DEBUG UpdaterService       - Checking for updates
02:02:12.643 [FXGL Background Thread 4 ] DEBUG FXGLApplication      - Loading fonts
02:02:12.643 [FXGL Background Thread 4 ] DEBUG FXGLAssetLoaderServi - Loading from file system: jar:file:///C:/Users/ryles/.m2/repository/com/github/almasb/fxgl/25/fxgl-25.jar!/fxglassets/ui/fonts/VarelaRound-Regular.ttf
02:02:12.643 [FXGL Background Thread 1 ] DEBUG FXGLApplication      - Loading default localization
02:02:12.644 [FXGL Background Thread 1 ] DEBUG FXGLAssetLoaderServi - Loading from file system: jar:file:///C:/Users/ryles/.m2/repository/com/github/almasb/fxgl/25/fxgl-25.jar!/fxglassets/languages/english.lang
02:02:12.658 [FXGL Background Thread 1 ] INFO  FXGLApplication      - FXGL initialization took: 0.367 sec
02:02:12.667 [JavaFX Application Thread] DEBUG Input                - Registered new binding: Shoot - Space
02:02:12.668 [JavaFX Application Thread] DEBUG Input                - Registered new binding: Move up - W
02:02:12.668 [JavaFX Application Thread] DEBUG Input                - Registered new binding: Move down - S
02:02:12.668 [JavaFX Application Thread] DEBUG Input                - Registered new binding: Move left - A
02:02:12.668 [JavaFX Application Thread] DEBUG Input                - Registered new binding: Move right - D
02:02:12.668 [JavaFX Application Thread] DEBUG FXGLAssetLoaderServi - Loading from file system: jar:file:///C:/Users/ryles/.m2/repository/com/github/almasb/fxgl/25/fxgl-25.jar!/fxglassets/textures/fxgl_icon.png
02:02:12.678 [FXGL Background Thread 4 ] DEBUG FXGLAssetLoaderServi - Loading from file system: jar:file:///C:/Users/ryles/.m2/repository/com/github/almasb/fxgl/25/fxgl-25.jar!/fxglassets/ui/fonts/Abel-Regular.ttf
02:02:12.683 [FXGL Background Thread 4 ] DEBUG FXGLAssetLoaderServi - Loading from file system: jar:file:///C:/Users/ryles/.m2/repository/com/github/almasb/fxgl/25/fxgl-25.jar!/fxglassets/ui/fonts/TerminalLandMono-Regular.otf
02:02:12.687 [JavaFX Application Thread] DEBUG FXGLAssetLoaderServi - Loading from file system: jar:file:///C:/Users/ryles/.m2/repository/com/github/almasb/fxgl/25/fxgl-25.jar!/fxglassets/textures/fxgl_default_cursor.png
02:02:12.687 [FXGL Background Thread 4 ] DEBUG FXGLAssetLoaderServi - Loading from file system: jar:file:///C:/Users/ryles/.m2/repository/com/github/almasb/fxgl/25/fxgl-25.jar!/fxglassets/ui/fonts/Courier-Prime.ttf
02:02:12.689 [JavaFX Application Thread] DEBUG Input                - Registered new binding: Screenshot - CTRL+8
02:02:12.689 [JavaFX Application Thread] DEBUG Input                - Registered new binding: System info dump - CTRL+9
02:02:12.689 [JavaFX Application Thread] DEBUG Input                - Registered new binding: Restart - CTRL+R
02:02:12.691 [JavaFX Application Thread] DEBUG Input                - Registered new binding: Toggle Debug Camera - CTRL+7
02:02:12.694 [JavaFX Application Thread] DEBUG LoopRunner           - Starting loop
02:02:12.694 [JavaFX Application Thread] DEBUG LoopRunner           - Initializing JavaFX AnimationTimerLoop
02:02:12.694 [JavaFX Application Thread] DEBUG GameApplicationServi - Starting new game
02:02:12.695 [JavaFX Application Thread] DEBUG Input                - Clearing active input actions
02:02:12.706 [JavaFX Application Thread] DEBUG GameApplicationServi - Removing overlay from FXGLStartupScene and adding to FXGLLoadingScene
02:02:12.707 [JavaFX Application Thread] DEBUG PrimaryStageWindow   - FXGLStartupScene -> FXGLLoadingScene
02:02:12.707 [JavaFX Application Thread] DEBUG GameApplicationServi - Clearing previous game
02:02:12.707 [JavaFX Application Thread] DEBUG GameScene            - Clearing game scene
02:02:12.707 [JavaFX Application Thread] DEBUG GameWorld            - Clearing game world
02:02:12.707 [JavaFX Application Thread] DEBUG PhysicsWorld         - Clearing physics world
02:02:12.709 [FXGL Background Thread 4 ] DEBUG FXGLApplication      - Initializing game
02:02:12.710 [JavaFX Application Thread] DEBUG FXGLApplication      - Registering font factories with UI factory
02:02:12.723 [FXGL Background Thread 4 ] DEBUG FXGLAssetLoaderServi - Loading from file system: file:/C:/Users/ryles/Downloads/ComProg_Project/target/classes/assets/textures/idle_sprite.png
02:02:12.732 [FXGL Background Thread 4 ] DEBUG FXGLAssetLoaderServi - Loading from file system: file:/C:/Users/ryles/Downloads/ComProg_Project/target/classes/assets/textures/down_sprite.png
02:02:12.737 [FXGL Background Thread 4 ] DEBUG FXGLAssetLoaderServi - Loading from file system: file:/C:/Users/ryles/Downloads/ComProg_Project/target/classes/assets/textures/up_sprite.png
02:02:12.762 [FXGL Background Thread 4 ] INFO  FXGLApplication      - Game initialization took: 0.053 sec
02:02:12.840 [JavaFX Application Thread] DEBUG Input                - Clearing active input actions
02:02:12.848 [JavaFX Application Thread] DEBUG GameApplicationServi - Removing overlay from FXGLLoadingScene and adding to GameScene
02:02:12.848 [JavaFX Application Thread] DEBUG PrimaryStageWindow   - FXGLLoadingScene -> GameScene
02:02:12.867 [JavaFX Application Thread] DEBUG LoopRunner           - Stopping loop
02:02:12.869 [JavaFX Application Thread] FATAL FXGLApplication      - Uncaught Exception:
java.lang.NullPointerException: Cannot invoke "javafx.scene.text.Text.setText(String)" because "this.hpText" is null
	at org.group.game/org.group1.GamePackage.Application.onUpdate(Application.java:200)
	at com.almasb.fxgl.all@25/com.almasb.fxgl.app.FXGLApplication$GameApplicationService.onGameUpdate(FXGLApplication.kt:446)
	at com.almasb.fxgl.all@25/com.almasb.fxgl.app.Engine.onGameUpdate(Engine.kt:137)
	at com.almasb.fxgl.all@25/com.almasb.fxgl.app.FXGLApplication.postServicesInit$lambda$1(FXGLApplication.kt:185)
	at com.almasb.fxgl.scene@25/com.almasb.fxgl.scene.Scene.update(Scene.kt:113)
	at com.almasb.fxgl.all@25/com.almasb.fxgl.app.MainWindow.update$lambda$0(MainWindow.kt:121)
	at com.almasb.fxgl.core@25/com.almasb.fxgl.core.fsm.StateMachine.runOnActiveStates(StateMachine.kt:69)
	at com.almasb.fxgl.all@25/com.almasb.fxgl.app.MainWindow.update(MainWindow.kt:121)
	at com.almasb.fxgl.all@25/com.almasb.fxgl.app.FXGLApplication$GameApplicationService.onUpdate(FXGLApplication.kt:451)
	at com.almasb.fxgl.all@25/com.almasb.fxgl.app.Engine.loop(Engine.kt:133)
	at com.almasb.fxgl.all@25/com.almasb.fxgl.app.Engine.loop$lambda$0(Engine.kt:28)
	at com.almasb.fxgl.all@25/com.almasb.fxgl.app.LoopRunner.frame(LoopRunner.kt:157)
	at com.almasb.fxgl.all@25/com.almasb.fxgl.app.LoopRunner.access$frame(LoopRunner.kt:24)
	at com.almasb.fxgl.all@25/com.almasb.fxgl.app.LoopRunner$impl$2$1.onTick(LoopRunner.kt:79)
	at com.almasb.fxgl.all@25/com.almasb.fxgl.app.AnimationTimerLoop$timer$1.handle(LoopRunner.kt:179)
	at javafx.graphics@21.0.6/javafx.animation.AnimationTimer$AnimationTimerReceiver.lambda$handle$0(AnimationTimer.java:58)
	at java.base/java.security.AccessController.doPrivileged(AccessController.java:138)
	at javafx.graphics@21.0.6/javafx.animation.AnimationTimer$AnimationTimerReceiver.handle(AnimationTimer.java:57)
	at javafx.graphics@21.0.6/com.sun.scenario.animation.AbstractPrimaryTimer.timePulseImpl(AbstractPrimaryTimer.java:356)
	at javafx.graphics@21.0.6/com.sun.scenario.animation.AbstractPrimaryTimer$MainLoop.run(AbstractPrimaryTimer.java:266)
	at javafx.graphics@21.0.6/com.sun.javafx.tk.quantum.QuantumToolkit.pulse(QuantumToolkit.java:588)
	at javafx.graphics@21.0.6/com.sun.javafx.tk.quantum.QuantumToolkit.pulse(QuantumToolkit.java:572)
	at javafx.graphics@21.0.6/com.sun.javafx.tk.quantum.QuantumToolkit.pulseFromQueue(QuantumToolkit.java:565)
	at javafx.graphics@21.0.6/com.sun.javafx.tk.quantum.QuantumToolkit.lambda$runToolkit$11(QuantumToolkit.java:352)
	at javafx.graphics@21.0.6/com.sun.glass.ui.InvokeLaterDispatcher$Future.run(InvokeLaterDispatcher.java:95)
	at javafx.graphics@21.0.6/com.sun.glass.ui.win.WinApplication._runLoop(Native Method)
	at javafx.graphics@21.0.6/com.sun.glass.ui.win.WinApplication.lambda$runLoop$3(WinApplication.java:185)
	at java.base/java.lang.Thread.run(Thread.java:1474)

02:02:12.872 [JavaFX Application Thread] FATAL FXGLApplication      - Application will now exit
02:02:12.893 [JavaFX Application Thread] DEBUG PrimaryStageWindow   - Push state: ErrorSubScene
02:02:12.894 [JavaFX Application Thread] DEBUG Input                - Clearing active input actions
02:02:12.901 [JavaFX Application Thread] DEBUG GameApplicationServi - Removing overlay from GameScene and adding to ErrorSubScene
02:02:12.901 [JavaFX Application Thread] DEBUG PrimaryStageWindow   - GameScene -> ErrorSubScene
02:02:15.643 [FXGL Background Thread 3 ] DEBUG Engine               - Logging environment variables
02:02:15.643 [FXGL Background Thread 3 ] DEBUG Engine               - achievements: []
02:02:15.643 [FXGL Background Thread 3 ] DEBUG Engine               - actualHeight: 671.0
02:02:15.643 [FXGL Background Thread 3 ] DEBUG Engine               - actualHeightProperty: ReadOnlyDoubleProperty [value: 671.0]
02:02:15.644 [FXGL Background Thread 3 ] DEBUG Engine               - actualWidth: 1169.0
02:02:15.644 [FXGL Background Thread 3 ] DEBUG Engine               - actualWidthProperty: ReadOnlyDoubleProperty [value: 1169.0]
02:02:15.644 [FXGL Background Thread 3 ] DEBUG Engine               - appIcon: fxgl_icon.png
02:02:15.644 [FXGL Background Thread 3 ] DEBUG Engine               - applicationMode: DEVELOPER
02:02:15.644 [FXGL Background Thread 3 ] DEBUG Engine               - cSSList: [fxgl_dark.css]
02:02:15.644 [FXGL Background Thread 3 ] DEBUG Engine               - collisionDetectionStrategy: BRUTE_FORCE
02:02:15.644 [FXGL Background Thread 3 ] DEBUG Engine               - configClass: Optional.empty
02:02:15.644 [FXGL Background Thread 3 ] DEBUG Engine               - credits: []
02:02:15.644 [FXGL Background Thread 3 ] DEBUG Engine               - defaultCursor: CursorInfo(imageName=fxgl_default_cursor.png, hotspotX=7.0, hotspotY=6.0)
02:02:15.644 [FXGL Background Thread 3 ] DEBUG Engine               - devBBoxColorProperty: ObjectProperty [value: 0xff0000ff]
02:02:15.644 [FXGL Background Thread 3 ] DEBUG Engine               - devEnableDebugCameraProperty: BooleanProperty [value: false]
02:02:15.644 [FXGL Background Thread 3 ] DEBUG Engine               - devSensorColorProperty: ObjectProperty [value: 0xffff00ff]
02:02:15.644 [FXGL Background Thread 3 ] DEBUG Engine               - devShowBBoxProperty: BooleanProperty [value: false]
02:02:15.644 [FXGL Background Thread 3 ] DEBUG Engine               - devShowPositionProperty: BooleanProperty [value: false]
02:02:15.644 [FXGL Background Thread 3 ] DEBUG Engine               - enabledMenuItems: []
02:02:15.645 [FXGL Background Thread 3 ] DEBUG Engine               - engineServices: [class com.almasb.fxgl.app.services.FXGLAssetLoaderService, class com.almasb.fxgl.app.FXGLApplication$GameApplicationService, class com.almasb.fxgl.app.services.FXGLDialogService, class com.almasb.fxgl.app.services.IOTaskExecutorService, class com.almasb.fxgl.io.FileSystemService, class com.almasb.fxgl.localization.LocalizationService, class com.almasb.fxgl.app.services.SystemBundleService, class com.almasb.fxgl.profile.SaveLoadService, class com.almasb.fxgl.ui.FXGLUIFactoryServiceProvider, class com.almasb.fxgl.ui.FXGLDialogFactoryServiceProvider, class com.almasb.fxgl.audio.AudioPlayer, class com.almasb.fxgl.notification.impl.NotificationServiceProvider, class com.almasb.fxgl.achievement.AchievementService, class com.almasb.fxgl.cutscene.CutsceneService, class com.almasb.fxgl.minigames.MiniGameService, class com.almasb.fxgl.net.NetService, class com.almasb.fxgl.app.services.UpdaterService, class com.almasb.fxgl.dev.DevService]
02:02:15.645 [FXGL Background Thread 3 ] DEBUG Engine               - fontGame: Abel-Regular.ttf
02:02:15.645 [FXGL Background Thread 3 ] DEBUG Engine               - fontMono: TerminalLandMono-Regular.otf
02:02:15.645 [FXGL Background Thread 3 ] DEBUG Engine               - fontSizeScaleUI: 1.0
02:02:15.645 [FXGL Background Thread 3 ] DEBUG Engine               - fontText: Courier-Prime.ttf
02:02:15.645 [FXGL Background Thread 3 ] DEBUG Engine               - fontUI: VarelaRound-Regular.ttf
02:02:15.645 [FXGL Background Thread 3 ] DEBUG Engine               - fpsRefreshRate: 500.0 ms
02:02:15.645 [FXGL Background Thread 3 ] DEBUG Engine               - fullScreen: BooleanProperty [value: false]
02:02:15.645 [FXGL Background Thread 3 ] DEBUG Engine               - gameDifficulty: MEDIUM
02:02:15.645 [FXGL Background Thread 3 ] DEBUG Engine               - gameDifficultyProperty: ObjectProperty [value: MEDIUM]
02:02:15.645 [FXGL Background Thread 3 ] DEBUG Engine               - globalMusicVolume: 0.5
02:02:15.645 [FXGL Background Thread 3 ] DEBUG Engine               - globalMusicVolumeProperty: DoubleProperty [value: 0.5]
02:02:15.645 [FXGL Background Thread 3 ] DEBUG Engine               - globalSoundVolume: 0.5
02:02:15.645 [FXGL Background Thread 3 ] DEBUG Engine               - globalSoundVolumeProperty: DoubleProperty [value: 0.5]
02:02:15.645 [FXGL Background Thread 3 ] DEBUG Engine               - height: 720
02:02:15.645 [FXGL Background Thread 3 ] DEBUG Engine               - is3D: false
02:02:15.645 [FXGL Background Thread 3 ] DEBUG Engine               - isAndroid: false
02:02:15.645 [FXGL Background Thread 3 ] DEBUG Engine               - isBrowser: false
02:02:15.645 [FXGL Background Thread 3 ] DEBUG Engine               - isClickFeedbackEnabled: false
02:02:15.645 [FXGL Background Thread 3 ] DEBUG Engine               - isCloseConfirmation: false
02:02:15.645 [FXGL Background Thread 3 ] DEBUG Engine               - isDesktop: true
02:02:15.645 [FXGL Background Thread 3 ] DEBUG Engine               - isDeveloperMenuEnabled: false
02:02:15.645 [FXGL Background Thread 3 ] DEBUG Engine               - isEmbedded: false
02:02:15.645 [FXGL Background Thread 3 ] DEBUG Engine               - isEntityPreloadEnabled: true
02:02:15.645 [FXGL Background Thread 3 ] DEBUG Engine               - isExperimentalTiledLargeMap: false
02:02:15.646 [FXGL Background Thread 3 ] DEBUG Engine               - isFileSystemWriteAllowed: true
02:02:15.646 [FXGL Background Thread 3 ] DEBUG Engine               - isFullScreenAllowed: false
02:02:15.646 [FXGL Background Thread 3 ] DEBUG Engine               - isFullScreenFromStart: false
02:02:15.646 [FXGL Background Thread 3 ] DEBUG Engine               - isGameMenuEnabled: true
02:02:15.646 [FXGL Background Thread 3 ] DEBUG Engine               - isIOS: false
02:02:15.646 [FXGL Background Thread 3 ] DEBUG Engine               - isIntroEnabled: false
02:02:15.646 [FXGL Background Thread 3 ] DEBUG Engine               - isLinux: false
02:02:15.646 [FXGL Background Thread 3 ] DEBUG Engine               - isMac: false
02:02:15.646 [FXGL Background Thread 3 ] DEBUG Engine               - isMainMenuEnabled: false
02:02:15.646 [FXGL Background Thread 3 ] DEBUG Engine               - isManualResizeEnabled: false
02:02:15.646 [FXGL Background Thread 3 ] DEBUG Engine               - isMobile: false
02:02:15.646 [FXGL Background Thread 3 ] DEBUG Engine               - isNative: false
02:02:15.646 [FXGL Background Thread 3 ] DEBUG Engine               - isPauseMusicWhenMinimized: true
02:02:15.646 [FXGL Background Thread 3 ] DEBUG Engine               - isPreserveResizeRatio: false
02:02:15.646 [FXGL Background Thread 3 ] DEBUG Engine               - isProfilingEnabled: false
02:02:15.646 [FXGL Background Thread 3 ] DEBUG Engine               - isScaleAffectedOnResize: true
02:02:15.646 [FXGL Background Thread 3 ] DEBUG Engine               - isSingleStep: false
02:02:15.646 [FXGL Background Thread 3 ] DEBUG Engine               - isUserProfileEnabled: false
02:02:15.646 [FXGL Background Thread 3 ] DEBUG Engine               - isWindows: true
02:02:15.646 [FXGL Background Thread 3 ] DEBUG Engine               - language: ObjectProperty [value: ENGLISH]
02:02:15.646 [FXGL Background Thread 3 ] DEBUG Engine               - menuKey: ESCAPE
02:02:15.646 [FXGL Background Thread 3 ] DEBUG Engine               - mouseSensitivity: 0.2
02:02:15.646 [FXGL Background Thread 3 ] DEBUG Engine               - notificationViewClass: class com.almasb.fxgl.notification.view.XboxNotificationView
02:02:15.646 [FXGL Background Thread 3 ] DEBUG Engine               - pixelsPerMeter: 50.0
02:02:15.646 [FXGL Background Thread 3 ] DEBUG Engine               - platform: WINDOWS
02:02:15.646 [FXGL Background Thread 3 ] DEBUG Engine               - prefHeightProperty: ReadOnlyDoubleProperty [value: 720.0]
02:02:15.646 [FXGL Background Thread 3 ] DEBUG Engine               - prefWidthProperty: ReadOnlyDoubleProperty [value: 1280.0]
02:02:15.646 [FXGL Background Thread 3 ] DEBUG Engine               - profileDir: profiles/
02:02:15.646 [FXGL Background Thread 3 ] DEBUG Engine               - profileName: StringProperty [value: DEFAULT]
02:02:15.646 [FXGL Background Thread 3 ] DEBUG Engine               - randomSeed: -1
02:02:15.647 [FXGL Background Thread 3 ] DEBUG Engine               - runtimeInfo: RuntimeInfo(platform=WINDOWS, version=25, build=05.02.2026 22.57)
02:02:15.647 [FXGL Background Thread 3 ] DEBUG Engine               - saveFileExt: sav
02:02:15.647 [FXGL Background Thread 3 ] DEBUG Engine               - scaledHeightProp$fxgl: DoubleProperty [bound, value: 671.0]
02:02:15.647 [FXGL Background Thread 3 ] DEBUG Engine               - scaledWidthProp$fxgl: DoubleProperty [bound, value: 1169.0]
02:02:15.647 [FXGL Background Thread 3 ] DEBUG Engine               - sceneFactory: com.almasb.fxgl.app.scene.SceneFactory@6c1f0de9
02:02:15.647 [FXGL Background Thread 3 ] DEBUG Engine               - secondsIn24h: 60
02:02:15.647 [FXGL Background Thread 3 ] DEBUG Engine               - soundMenuBack: menu/back.wav
02:02:15.647 [FXGL Background Thread 3 ] DEBUG Engine               - soundMenuPress: menu/press.wav
02:02:15.647 [FXGL Background Thread 3 ] DEBUG Engine               - soundMenuSelect: menu/select.wav
02:02:15.647 [FXGL Background Thread 3 ] DEBUG Engine               - soundNotification: core/notification.wav
02:02:15.647 [FXGL Background Thread 3 ] DEBUG Engine               - stageStyle: DECORATED
02:02:15.647 [FXGL Background Thread 3 ] DEBUG Engine               - supportedLanguages: [ENGLISH, FRENCH, GERMAN, HUNGARIAN, RUSSIAN]
02:02:15.647 [FXGL Background Thread 3 ] DEBUG Engine               - ticksPerSecond: -1
02:02:15.647 [FXGL Background Thread 3 ] DEBUG Engine               - title: Untitled
02:02:15.647 [FXGL Background Thread 3 ] DEBUG Engine               - urlGithub: https://github.com/AlmasB/FXGL
02:02:15.647 [FXGL Background Thread 3 ] DEBUG Engine               - urlLeaderboard: http://fxgl-top.herokuapp.com/
02:02:15.647 [FXGL Background Thread 3 ] DEBUG Engine               - urlPOM: https://raw.githubusercontent.com/AlmasB/FXGL/release/README.md
02:02:15.647 [FXGL Background Thread 3 ] DEBUG Engine               - userAppClass: class org.group1.GamePackage.Application
02:02:15.647 [FXGL Background Thread 3 ] DEBUG Engine               - version: 0.0
02:02:15.647 [FXGL Background Thread 3 ] DEBUG Engine               - versionCheckDays: 7
02:02:15.647 [FXGL Background Thread 3 ] DEBUG Engine               - width: 1280
02:02:15.647 [FXGL Background Thread 3 ] DEBUG Engine               - Logging services
02:02:15.647 [FXGL Background Thread 3 ] DEBUG Engine               - class com.almasb.fxgl.app.services.FXGLAssetLoaderService
02:02:15.647 [FXGL Background Thread 3 ] DEBUG Engine               - class com.almasb.fxgl.app.FXGLApplication$GameApplicationService
02:02:15.647 [FXGL Background Thread 3 ] DEBUG Engine               - class com.almasb.fxgl.app.services.FXGLDialogService
02:02:15.647 [FXGL Background Thread 3 ] DEBUG Engine               - class com.almasb.fxgl.app.services.IOTaskExecutorService
02:02:15.647 [FXGL Background Thread 3 ] DEBUG Engine               - class com.almasb.fxgl.io.FileSystemService
02:02:15.647 [FXGL Background Thread 3 ] DEBUG Engine               - class com.almasb.fxgl.localization.LocalizationService
02:02:15.647 [FXGL Background Thread 3 ] DEBUG Engine               - class com.almasb.fxgl.app.services.SystemBundleService
02:02:15.647 [FXGL Background Thread 3 ] DEBUG Engine               - class com.almasb.fxgl.profile.SaveLoadService
02:02:15.648 [FXGL Background Thread 3 ] DEBUG Engine               - class com.almasb.fxgl.ui.FXGLUIFactoryServiceProvider
02:02:15.648 [FXGL Background Thread 3 ] DEBUG Engine               - class com.almasb.fxgl.ui.FXGLDialogFactoryServiceProvider
02:02:15.648 [FXGL Background Thread 3 ] DEBUG Engine               - class com.almasb.fxgl.audio.AudioPlayer
02:02:15.648 [FXGL Background Thread 3 ] DEBUG Engine               - class com.almasb.fxgl.notification.impl.NotificationServiceProvider
02:02:15.648 [FXGL Background Thread 3 ] DEBUG Engine               - class com.almasb.fxgl.achievement.AchievementService
02:02:15.648 [FXGL Background Thread 3 ] DEBUG Engine               - class com.almasb.fxgl.cutscene.CutsceneService
02:02:15.648 [FXGL Background Thread 3 ] DEBUG Engine               - class com.almasb.fxgl.minigames.MiniGameService
02:02:15.648 [FXGL Background Thread 3 ] DEBUG Engine               - class com.almasb.fxgl.net.NetService
02:02:15.648 [FXGL Background Thread 3 ] DEBUG Engine               - class com.almasb.fxgl.app.services.UpdaterService
02:02:15.648 [FXGL Background Thread 3 ] DEBUG Engine               - class com.almasb.fxgl.dev.DevService
02:03:03.176 [JavaFX Application Thread] DEBUG FXGLApplication      - Exiting FXGL
02:03:03.177 [JavaFX Application Thread] DEBUG Async                - Shutting down background threads
02:03:03.177 [JavaFX Application Thread] DEBUG PrimaryStageWindow   - Closing main window
02:03:03.189 [JavaFX Application Thread] DEBUG Logger               - Closing Logger
