16:04:36.091 [main                     ] DEBUG Logger               - Configured Logger
16:04:36.097 [main                     ] DEBUG GameApplication      - Logging settings
Title: Untitled
Version: 0.0
Width: 1280
Height: 720
Fullscreen: false
Intro: false
Profiling: false
Single step:false
App Mode: DEVELOPER
Menu Key: ESCAPE
Stage Style: DECORATED
Scene Factory: class com.almasb.fxgl.app.scene.SceneFactory

16:04:36.299 [JavaFX Application Thread] DEBUG FXGLApplication      - Initializing FXGL
16:04:36.303 [JavaFX Application Thread] INFO  Engine               - FXGL-25 (05.02.2026 22.57) on LINUX (J:25.0.2 FX:21.0.6)
16:04:36.303 [JavaFX Application Thread] DEBUG Engine               - JRE Vendor Name: Arch Linux
16:04:36.303 [JavaFX Application Thread] DEBUG Engine               - Running on OS: Linux version 6.19.9-arch1-1
16:04:36.303 [JavaFX Application Thread] DEBUG Engine               - Architecture: amd64
16:04:36.303 [JavaFX Application Thread] INFO  Engine               - Source code and latest versions at: https://github.com/AlmasB/FXGL
16:04:36.303 [JavaFX Application Thread] INFO  Engine               -       Ask questions and discuss at: https://github.com/AlmasB/FXGL/discussions
16:04:36.374 [JavaFX Application Thread] DEBUG PrimaryStageWindow   - Creating a JavaFX scene
16:04:36.449 [JavaFX Application Thread] DEBUG PrimaryStageWindow   - Target settings size: 1280.0 x 720.0
16:04:36.450 [JavaFX Application Thread] DEBUG PrimaryStageWindow   - Scaled scene size:    1280.0 x 720.0
16:04:36.450 [JavaFX Application Thread] DEBUG PrimaryStageWindow   - Scaled ratio: (1.0, 1.0)
16:04:36.451 [JavaFX Application Thread] DEBUG PrimaryStageWindow   - Set initial scene to FXGLStartupScene
16:04:36.454 [JavaFX Application Thread] DEBUG PrimaryStageWindow   - Opening main window
16:04:36.520 [JavaFX Application Thread] DEBUG PrimaryStageWindow   - Window border size: (0.0, 35.0)
16:04:36.520 [JavaFX Application Thread] DEBUG PrimaryStageWindow   - Scaled size: 1280.0 x 685.0
16:04:36.520 [JavaFX Application Thread] DEBUG PrimaryStageWindow   - Scaled ratio: (1.0, 0.9513888888888888)
16:04:36.520 [JavaFX Application Thread] DEBUG PrimaryStageWindow   - Scene size: 1280.0 x 720.0
16:04:36.521 [JavaFX Application Thread] DEBUG PrimaryStageWindow   - Stage size: 1280.0 x 720.0
16:04:36.525 [FXGL Background Thread 1 ] DEBUG Engine               - Initializing environment variables
16:04:36.586 [FXGL Background Thread 1 ] DEBUG FXGLAssetLoaderServi - User app class for loading assets: class org.group1.GamePackage.Application
16:04:36.586 [FXGL Background Thread 1 ] DEBUG GameApplicationServi - Applying CSS: fxgl_dark.css
16:04:36.587 [FXGL Background Thread 1 ] DEBUG FXGLAssetLoaderServi - Loading from file system: jar:file:///home/me/.m2/repository/com/github/almasb/fxgl/25/fxgl-25.jar!/fxglassets/ui/css/fxgl_dark.css
16:04:36.631 [FXGL Background Thread 1 ] DEBUG GameApplicationServi - Initializing application scenes
16:04:36.662 [FXGL Background Thread 1 ] DEBUG GameWorld            - Game world initialized
16:04:36.702 [FXGL Background Thread 1 ] DEBUG PhysicsWorld         - Physics world initialized: appHeight=720, physics.ppm=50.0
16:04:36.702 [FXGL Background Thread 1 ] DEBUG PhysicsWorld         - Using strategy: BRUTE_FORCE
16:04:36.706 [FXGL Background Thread 1 ] DEBUG GameScene            - Game scene initialized: 1280x720
16:04:36.719 [FXGL Background Thread 1 ] DEBUG FXGL.DefaultMenu     - createMenuBodyGameMenu()
16:04:36.731 [FXGL Background Thread 1 ] DEBUG FXGL.DefaultMenu     - createOptionsMenu()
16:04:36.740 [FXGL Background Thread 1 ] DEBUG FXGLAssetLoaderServi - Loading from file system: jar:file:///home/me/.m2/repository/com/github/almasb/fxgl/25/fxgl-25.jar!/fxglassets/textures/particles/smoke.png
16:04:36.817 [FXGL Background Thread 1 ] DEBUG FXGLAssetLoaderServi - Loading from file system: jar:file:///home/me/.m2/repository/com/github/almasb/fxgl/25/fxgl-25.jar!/fxglassets/textures/particles/trace_horizontal.png
16:04:36.844 [FXGL Background Thread 1 ] DEBUG GameApplicationServi - Application scenes initialized
16:04:36.853 [FXGL Background Thread 1 ] DEBUG SystemBundleService  - Loading FXGL system data
16:04:36.855 [FXGL Background Thread 1 ] DEBUG FileSystemAccess     - Reading from: /home/me/ComProg_Project/system/fxgl.bundle
16:04:36.861 [FXGL Background Thread 1 ] DEBUG SystemBundleService  - Bundle FXGL: {}
16:04:36.861 [FXGL Background Thread 1 ] DEBUG UpdaterService       - Checking for updates
16:04:36.864 [FXGL Background Thread 4 ] DEBUG FXGLApplication      - Loading fonts
16:04:36.865 [FXGL Background Thread 4 ] DEBUG FXGLAssetLoaderServi - Loading from file system: jar:file:///home/me/.m2/repository/com/github/almasb/fxgl/25/fxgl-25.jar!/fxglassets/ui/fonts/VarelaRound-Regular.ttf
16:04:36.865 [FXGL Background Thread 1 ] DEBUG FXGLApplication      - Loading default localization
16:04:36.865 [FXGL Background Thread 1 ] DEBUG FXGLAssetLoaderServi - Loading from file system: jar:file:///home/me/.m2/repository/com/github/almasb/fxgl/25/fxgl-25.jar!/fxglassets/languages/english.lang
16:04:36.872 [FXGL Background Thread 4 ] DEBUG FXGLAssetLoaderServi - Loading from file system: jar:file:///home/me/.m2/repository/com/github/almasb/fxgl/25/fxgl-25.jar!/fxglassets/ui/fonts/Abel-Regular.ttf
16:04:36.874 [FXGL Background Thread 4 ] DEBUG FXGLAssetLoaderServi - Loading from file system: jar:file:///home/me/.m2/repository/com/github/almasb/fxgl/25/fxgl-25.jar!/fxglassets/ui/fonts/TerminalLandMono-Regular.otf
16:04:36.876 [FXGL Background Thread 4 ] DEBUG FXGLAssetLoaderServi - Loading from file system: jar:file:///home/me/.m2/repository/com/github/almasb/fxgl/25/fxgl-25.jar!/fxglassets/ui/fonts/Courier-Prime.ttf
16:04:36.876 [FXGL Background Thread 1 ] INFO  FXGLApplication      - FXGL initialization took: 0.350 sec
16:04:36.885 [JavaFX Application Thread] DEBUG Input                - Registered new binding: Move left - A
16:04:36.885 [JavaFX Application Thread] DEBUG Input                - Registered new binding: Move right - D
16:04:36.885 [JavaFX Application Thread] DEBUG Input                - Registered new binding: Move down - S
16:04:36.885 [JavaFX Application Thread] DEBUG Input                - Registered new binding: Move up - W
16:04:36.885 [JavaFX Application Thread] DEBUG Input                - Registered new binding: Shoot - Space
16:04:36.886 [JavaFX Application Thread] DEBUG FXGLAssetLoaderServi - Loading from file system: jar:file:///home/me/.m2/repository/com/github/almasb/fxgl/25/fxgl-25.jar!/fxglassets/textures/fxgl_icon.png
16:04:36.903 [JavaFX Application Thread] DEBUG FXGLAssetLoaderServi - Loading from file system: jar:file:///home/me/.m2/repository/com/github/almasb/fxgl/25/fxgl-25.jar!/fxglassets/textures/fxgl_default_cursor.png
16:04:36.906 [JavaFX Application Thread] DEBUG Input                - Registered new binding: Screenshot - CTRL+8
16:04:36.906 [JavaFX Application Thread] DEBUG Input                - Registered new binding: System info dump - CTRL+9
16:04:36.907 [JavaFX Application Thread] DEBUG Input                - Registered new binding: Restart - CTRL+R
16:04:36.910 [JavaFX Application Thread] DEBUG Input                - Registered new binding: Toggle Debug Camera - CTRL+7
16:04:36.913 [JavaFX Application Thread] DEBUG LoopRunner           - Starting loop
16:04:36.914 [JavaFX Application Thread] DEBUG LoopRunner           - Initializing JavaFX AnimationTimerLoop
16:04:36.915 [JavaFX Application Thread] DEBUG GameApplicationServi - Starting new game
16:04:36.915 [JavaFX Application Thread] DEBUG Input                - Clearing active input actions
16:04:36.929 [JavaFX Application Thread] DEBUG GameApplicationServi - Removing overlay from FXGLStartupScene and adding to FXGLLoadingScene
16:04:36.929 [JavaFX Application Thread] DEBUG PrimaryStageWindow   - FXGLStartupScene -> FXGLLoadingScene
16:04:36.930 [JavaFX Application Thread] DEBUG GameApplicationServi - Clearing previous game
16:04:36.930 [JavaFX Application Thread] DEBUG GameScene            - Clearing game scene
16:04:36.930 [JavaFX Application Thread] DEBUG GameWorld            - Clearing game world
16:04:36.930 [JavaFX Application Thread] DEBUG PhysicsWorld         - Clearing physics world
16:04:36.932 [FXGL Background Thread 4 ] DEBUG FXGLApplication      - Initializing game
16:04:36.933 [JavaFX Application Thread] DEBUG FXGLApplication      - Registering font factories with UI factory
16:04:36.944 [FXGL Background Thread 4 ] DEBUG FXGLAssetLoaderServi - Loading from file system: file:/home/me/ComProg_Project/target/classes/assets/textures/background.png
16:04:37.103 [FXGL Background Thread 4 ] DEBUG FXGLAssetLoaderServi - Loading from file system: file:/home/me/ComProg_Project/target/classes/assets/textures/background_stars1.png
16:04:37.285 [FXGL Background Thread 4 ] DEBUG FXGLAssetLoaderServi - Loading from file system: file:/home/me/ComProg_Project/target/classes/assets/textures/background_stars2.png
16:04:37.351 [FXGL Background Thread 4 ] DEBUG FXGLAssetLoaderServi - Loading from file system: file:/home/me/ComProg_Project/target/classes/assets/textures/background_stars3.png
16:04:37.408 [FXGL Background Thread 4 ] DEBUG FXGLAssetLoaderServi - Loading from file system: file:/home/me/ComProg_Project/target/classes/assets/textures/background_cloud1.png
16:04:37.424 [FXGL Background Thread 4 ] DEBUG FXGLAssetLoaderServi - Loading from file system: file:/home/me/ComProg_Project/target/classes/assets/textures/background_cloud2.png
16:04:37.447 [FXGL Background Thread 4 ] DEBUG FXGLAssetLoaderServi - Loading from file system: file:/home/me/ComProg_Project/target/classes/assets/textures/background_mist1.png
16:04:37.463 [FXGL Background Thread 4 ] DEBUG FXGLAssetLoaderServi - Loading from file system: file:/home/me/ComProg_Project/target/classes/assets/textures/background_hills.png
16:04:37.493 [FXGL Background Thread 4 ] DEBUG FXGLAssetLoaderServi - Loading from file system: file:/home/me/ComProg_Project/target/classes/assets/textures/background_forest.png
16:04:37.508 [FXGL Background Thread 4 ] DEBUG FXGLAssetLoaderServi - Loading from file system: file:/home/me/ComProg_Project/target/classes/assets/textures/background_large_forest.png
16:04:37.539 [FXGL Background Thread 4 ] DEBUG FXGLAssetLoaderServi - Loading from file system: file:/home/me/ComProg_Project/target/classes/assets/textures/idle_sprite.png
16:04:37.545 [FXGL Background Thread 4 ] DEBUG FXGLAssetLoaderServi - Loading from file system: file:/home/me/ComProg_Project/target/classes/assets/textures/down_sprite.png
16:04:37.548 [FXGL Background Thread 4 ] DEBUG FXGLAssetLoaderServi - Loading from file system: file:/home/me/ComProg_Project/target/classes/assets/textures/up_sprite.png
16:04:37.559 [FXGL Background Thread 4 ] DEBUG FXGLAssetLoaderServi - Loading from file system: file:/home/me/ComProg_Project/target/classes/assets/music/main_music.wav
16:04:37.682 [FXGL Background Thread 4 ] DEBUG AudioPlayer          - Playing music com.almasb.fxgl.audio.Music@69c200ea
16:04:37.685 [FXGL Background Thread 4 ] INFO  FXGLApplication      - Game initialization took: 0.753 sec
16:04:37.695 [JavaFX Application Thread] DEBUG Input                - Clearing active input actions
16:04:37.711 [JavaFX Application Thread] DEBUG GameApplicationServi - Removing overlay from FXGLLoadingScene and adding to GameScene
16:04:37.712 [JavaFX Application Thread] DEBUG PrimaryStageWindow   - FXGLLoadingScene -> GameScene
16:04:38.527 [JavaFX Application Thread] DEBUG FXGLAssetLoaderServi - Loading from file system: file:/home/me/ComProg_Project/target/classes/assets/textures/bullet_sprite.png
16:04:38.687 [JavaFX Application Thread] DEBUG FXGLAssetLoaderServi - Loading from file system: file:/home/me/ComProg_Project/target/classes/assets/textures/enemy_sprite.png
16:04:38.692 [JavaFX Application Thread] DEBUG FXGLAssetLoaderServi - Loading from file system: file:/home/me/ComProg_Project/target/classes/assets/textures/explosion_sprite.png
16:04:39.772 [JavaFX Application Thread] DEBUG FXGLAssetLoaderServi - Loading from file system: file:/home/me/ComProg_Project/target/classes/assets/sounds/death_sound.wav
16:04:39.863 [FXGL Background Thread 3 ] DEBUG Engine               - Logging environment variables
16:04:39.864 [FXGL Background Thread 3 ] DEBUG Engine               - achievements: []
16:04:39.864 [FXGL Background Thread 3 ] DEBUG Engine               - actualHeight: 685.0
16:04:39.864 [FXGL Background Thread 3 ] DEBUG Engine               - actualHeightProperty: ReadOnlyDoubleProperty [value: 685.0]
16:04:39.865 [FXGL Background Thread 3 ] DEBUG Engine               - actualWidth: 1280.0
16:04:39.865 [FXGL Background Thread 3 ] DEBUG Engine               - actualWidthProperty: ReadOnlyDoubleProperty [value: 1280.0]
16:04:39.865 [FXGL Background Thread 3 ] DEBUG Engine               - appIcon: fxgl_icon.png
16:04:39.865 [FXGL Background Thread 3 ] DEBUG Engine               - applicationMode: DEVELOPER
16:04:39.865 [FXGL Background Thread 3 ] DEBUG Engine               - cSSList: [fxgl_dark.css]
16:04:39.865 [FXGL Background Thread 3 ] DEBUG Engine               - collisionDetectionStrategy: BRUTE_FORCE
16:04:39.865 [FXGL Background Thread 3 ] DEBUG Engine               - configClass: Optional.empty
16:04:39.865 [FXGL Background Thread 3 ] DEBUG Engine               - credits: []
16:04:39.865 [FXGL Background Thread 3 ] DEBUG Engine               - defaultCursor: CursorInfo(imageName=fxgl_default_cursor.png, hotspotX=7.0, hotspotY=6.0)
16:04:39.866 [FXGL Background Thread 3 ] DEBUG Engine               - devBBoxColorProperty: ObjectProperty [value: 0xff0000ff]
16:04:39.866 [FXGL Background Thread 3 ] DEBUG Engine               - devEnableDebugCameraProperty: BooleanProperty [value: false]
16:04:39.866 [FXGL Background Thread 3 ] DEBUG Engine               - devSensorColorProperty: ObjectProperty [value: 0xffff00ff]
16:04:39.866 [FXGL Background Thread 3 ] DEBUG Engine               - devShowBBoxProperty: BooleanProperty [value: false]
16:04:39.866 [FXGL Background Thread 3 ] DEBUG Engine               - devShowPositionProperty: BooleanProperty [value: false]
16:04:39.866 [FXGL Background Thread 3 ] DEBUG Engine               - enabledMenuItems: []
16:04:39.866 [FXGL Background Thread 3 ] DEBUG Engine               - engineServices: [class com.almasb.fxgl.app.services.FXGLAssetLoaderService, class com.almasb.fxgl.app.FXGLApplication$GameApplicationService, class com.almasb.fxgl.app.services.FXGLDialogService, class com.almasb.fxgl.app.services.IOTaskExecutorService, class com.almasb.fxgl.io.FileSystemService, class com.almasb.fxgl.localization.LocalizationService, class com.almasb.fxgl.app.services.SystemBundleService, class com.almasb.fxgl.profile.SaveLoadService, class com.almasb.fxgl.ui.FXGLUIFactoryServiceProvider, class com.almasb.fxgl.ui.FXGLDialogFactoryServiceProvider, class com.almasb.fxgl.audio.AudioPlayer, class com.almasb.fxgl.notification.impl.NotificationServiceProvider, class com.almasb.fxgl.achievement.AchievementService, class com.almasb.fxgl.cutscene.CutsceneService, class com.almasb.fxgl.minigames.MiniGameService, class com.almasb.fxgl.net.NetService, class com.almasb.fxgl.app.services.UpdaterService, class com.almasb.fxgl.dev.DevService]
16:04:39.866 [FXGL Background Thread 3 ] DEBUG Engine               - fontGame: Abel-Regular.ttf
16:04:39.866 [FXGL Background Thread 3 ] DEBUG Engine               - fontMono: TerminalLandMono-Regular.otf
16:04:39.866 [FXGL Background Thread 3 ] DEBUG Engine               - fontSizeScaleUI: 1.0
16:04:39.866 [FXGL Background Thread 3 ] DEBUG Engine               - fontText: Courier-Prime.ttf
16:04:39.866 [FXGL Background Thread 3 ] DEBUG Engine               - fontUI: VarelaRound-Regular.ttf
16:04:39.867 [FXGL Background Thread 3 ] DEBUG Engine               - fpsRefreshRate: 500.0 ms
16:04:39.867 [FXGL Background Thread 3 ] DEBUG Engine               - fullScreen: BooleanProperty [value: false]
16:04:39.867 [FXGL Background Thread 3 ] DEBUG Engine               - gameDifficulty: MEDIUM
16:04:39.867 [FXGL Background Thread 3 ] DEBUG Engine               - gameDifficultyProperty: ObjectProperty [value: MEDIUM]
16:04:39.867 [FXGL Background Thread 3 ] DEBUG Engine               - globalMusicVolume: 0.5
16:04:39.867 [FXGL Background Thread 3 ] DEBUG Engine               - globalMusicVolumeProperty: DoubleProperty [value: 0.5]
16:04:39.867 [FXGL Background Thread 3 ] DEBUG Engine               - globalSoundVolume: 0.5
16:04:39.867 [FXGL Background Thread 3 ] DEBUG Engine               - globalSoundVolumeProperty: DoubleProperty [value: 0.5]
16:04:39.867 [FXGL Background Thread 3 ] DEBUG Engine               - height: 720
16:04:39.867 [FXGL Background Thread 3 ] DEBUG Engine               - is3D: false
16:04:39.867 [FXGL Background Thread 3 ] DEBUG Engine               - isAndroid: false
16:04:39.868 [FXGL Background Thread 3 ] DEBUG Engine               - isBrowser: false
16:04:39.868 [FXGL Background Thread 3 ] DEBUG Engine               - isClickFeedbackEnabled: false
16:04:39.868 [FXGL Background Thread 3 ] DEBUG Engine               - isCloseConfirmation: false
16:04:39.868 [FXGL Background Thread 3 ] DEBUG Engine               - isDesktop: true
16:04:39.868 [FXGL Background Thread 3 ] DEBUG Engine               - isDeveloperMenuEnabled: false
16:04:39.868 [FXGL Background Thread 3 ] DEBUG Engine               - isEmbedded: false
16:04:39.868 [FXGL Background Thread 3 ] DEBUG Engine               - isEntityPreloadEnabled: true
16:04:39.868 [FXGL Background Thread 3 ] DEBUG Engine               - isExperimentalTiledLargeMap: false
16:04:39.868 [FXGL Background Thread 3 ] DEBUG Engine               - isFileSystemWriteAllowed: true
16:04:39.868 [FXGL Background Thread 3 ] DEBUG Engine               - isFullScreenAllowed: false
16:04:39.868 [FXGL Background Thread 3 ] DEBUG Engine               - isFullScreenFromStart: false
16:04:39.868 [FXGL Background Thread 3 ] DEBUG Engine               - isGameMenuEnabled: true
16:04:39.868 [FXGL Background Thread 3 ] DEBUG Engine               - isIOS: false
16:04:39.868 [FXGL Background Thread 3 ] DEBUG Engine               - isIntroEnabled: false
16:04:39.868 [FXGL Background Thread 3 ] DEBUG Engine               - isLinux: true
16:04:39.868 [FXGL Background Thread 3 ] DEBUG Engine               - isMac: false
16:04:39.868 [FXGL Background Thread 3 ] DEBUG Engine               - isMainMenuEnabled: false
16:04:39.868 [FXGL Background Thread 3 ] DEBUG Engine               - isManualResizeEnabled: false
16:04:39.869 [FXGL Background Thread 3 ] DEBUG Engine               - isMobile: false
16:04:39.869 [FXGL Background Thread 3 ] DEBUG Engine               - isNative: false
16:04:39.869 [FXGL Background Thread 3 ] DEBUG Engine               - isPauseMusicWhenMinimized: true
16:04:39.869 [FXGL Background Thread 3 ] DEBUG Engine               - isPreserveResizeRatio: false
16:04:39.869 [FXGL Background Thread 3 ] DEBUG Engine               - isProfilingEnabled: false
16:04:39.869 [FXGL Background Thread 3 ] DEBUG Engine               - isScaleAffectedOnResize: true
16:04:39.869 [FXGL Background Thread 3 ] DEBUG Engine               - isSingleStep: false
16:04:39.869 [FXGL Background Thread 3 ] DEBUG Engine               - isUserProfileEnabled: false
16:04:39.869 [FXGL Background Thread 3 ] DEBUG Engine               - isWindows: false
16:04:39.869 [FXGL Background Thread 3 ] DEBUG Engine               - language: ObjectProperty [value: ENGLISH]
16:04:39.869 [FXGL Background Thread 3 ] DEBUG Engine               - menuKey: ESCAPE
16:04:39.869 [FXGL Background Thread 3 ] DEBUG Engine               - mouseSensitivity: 0.2
16:04:39.869 [FXGL Background Thread 3 ] DEBUG Engine               - notificationViewClass: class com.almasb.fxgl.notification.view.XboxNotificationView
16:04:39.869 [FXGL Background Thread 3 ] DEBUG Engine               - pixelsPerMeter: 50.0
16:04:39.869 [FXGL Background Thread 3 ] DEBUG Engine               - platform: LINUX
16:04:39.869 [FXGL Background Thread 3 ] DEBUG Engine               - prefHeightProperty: ReadOnlyDoubleProperty [value: 720.0]
16:04:39.869 [FXGL Background Thread 3 ] DEBUG Engine               - prefWidthProperty: ReadOnlyDoubleProperty [value: 1280.0]
16:04:39.869 [FXGL Background Thread 3 ] DEBUG Engine               - profileDir: profiles/
16:04:39.870 [FXGL Background Thread 3 ] DEBUG Engine               - profileName: StringProperty [value: DEFAULT]
16:04:39.870 [FXGL Background Thread 3 ] DEBUG Engine               - randomSeed: -1
16:04:39.870 [FXGL Background Thread 3 ] DEBUG Engine               - runtimeInfo: RuntimeInfo(platform=LINUX, version=25, build=05.02.2026 22.57)
16:04:39.870 [FXGL Background Thread 3 ] DEBUG Engine               - saveFileExt: sav
16:04:39.870 [FXGL Background Thread 3 ] DEBUG Engine               - scaledHeightProp$fxgl: DoubleProperty [bound, value: 685.0]
16:04:39.870 [FXGL Background Thread 3 ] DEBUG Engine               - scaledWidthProp$fxgl: DoubleProperty [bound, value: 1280.0]
16:04:39.870 [FXGL Background Thread 3 ] DEBUG Engine               - sceneFactory: com.almasb.fxgl.app.scene.SceneFactory@4ac1c8c3
16:04:39.870 [FXGL Background Thread 3 ] DEBUG Engine               - secondsIn24h: 60
16:04:39.870 [FXGL Background Thread 3 ] DEBUG Engine               - soundMenuBack: menu/back.wav
16:04:39.870 [FXGL Background Thread 3 ] DEBUG Engine               - soundMenuPress: menu/press.wav
16:04:39.870 [FXGL Background Thread 3 ] DEBUG Engine               - soundMenuSelect: menu/select.wav
16:04:39.870 [FXGL Background Thread 3 ] DEBUG Engine               - soundNotification: core/notification.wav
16:04:39.870 [FXGL Background Thread 3 ] DEBUG Engine               - stageStyle: DECORATED
16:04:39.870 [FXGL Background Thread 3 ] DEBUG Engine               - supportedLanguages: [ENGLISH, FRENCH, GERMAN, HUNGARIAN, RUSSIAN]
16:04:39.870 [FXGL Background Thread 3 ] DEBUG Engine               - ticksPerSecond: -1
16:04:39.870 [FXGL Background Thread 3 ] DEBUG Engine               - title: Untitled
16:04:39.870 [FXGL Background Thread 3 ] DEBUG Engine               - urlGithub: https://github.com/AlmasB/FXGL
16:04:39.871 [FXGL Background Thread 3 ] DEBUG Engine               - urlLeaderboard: http://fxgl-top.herokuapp.com/
16:04:39.871 [FXGL Background Thread 3 ] DEBUG Engine               - urlPOM: https://raw.githubusercontent.com/AlmasB/FXGL/release/README.md
16:04:39.871 [FXGL Background Thread 3 ] DEBUG Engine               - userAppClass: class org.group1.GamePackage.Application
16:04:39.871 [FXGL Background Thread 3 ] DEBUG Engine               - version: 0.0
16:04:39.871 [FXGL Background Thread 3 ] DEBUG Engine               - versionCheckDays: 7
16:04:39.871 [FXGL Background Thread 3 ] DEBUG Engine               - width: 1280
16:04:39.871 [FXGL Background Thread 3 ] DEBUG Engine               - Logging services
16:04:39.871 [FXGL Background Thread 3 ] DEBUG Engine               - class com.almasb.fxgl.app.services.FXGLAssetLoaderService
16:04:39.871 [FXGL Background Thread 3 ] DEBUG Engine               - class com.almasb.fxgl.app.FXGLApplication$GameApplicationService
16:04:39.871 [FXGL Background Thread 3 ] DEBUG Engine               - class com.almasb.fxgl.app.services.FXGLDialogService
16:04:39.871 [FXGL Background Thread 3 ] DEBUG Engine               - class com.almasb.fxgl.app.services.IOTaskExecutorService
16:04:39.871 [FXGL Background Thread 3 ] DEBUG Engine               - class com.almasb.fxgl.io.FileSystemService
16:04:39.871 [FXGL Background Thread 3 ] DEBUG Engine               - class com.almasb.fxgl.localization.LocalizationService
16:04:39.871 [FXGL Background Thread 3 ] DEBUG Engine               - class com.almasb.fxgl.app.services.SystemBundleService
16:04:39.871 [FXGL Background Thread 3 ] DEBUG Engine               - class com.almasb.fxgl.profile.SaveLoadService
16:04:39.871 [FXGL Background Thread 3 ] DEBUG Engine               - class com.almasb.fxgl.ui.FXGLUIFactoryServiceProvider
16:04:39.871 [FXGL Background Thread 3 ] DEBUG Engine               - class com.almasb.fxgl.ui.FXGLDialogFactoryServiceProvider
16:04:39.871 [FXGL Background Thread 3 ] DEBUG Engine               - class com.almasb.fxgl.audio.AudioPlayer
16:04:39.871 [FXGL Background Thread 3 ] DEBUG Engine               - class com.almasb.fxgl.notification.impl.NotificationServiceProvider
16:04:39.871 [FXGL Background Thread 3 ] DEBUG Engine               - class com.almasb.fxgl.achievement.AchievementService
16:04:39.871 [FXGL Background Thread 3 ] DEBUG Engine               - class com.almasb.fxgl.cutscene.CutsceneService
16:04:39.871 [FXGL Background Thread 3 ] DEBUG Engine               - class com.almasb.fxgl.minigames.MiniGameService
16:04:39.871 [FXGL Background Thread 3 ] DEBUG Engine               - class com.almasb.fxgl.net.NetService
16:04:39.871 [FXGL Background Thread 3 ] DEBUG Engine               - class com.almasb.fxgl.app.services.UpdaterService
16:04:39.871 [FXGL Background Thread 3 ] DEBUG Engine               - class com.almasb.fxgl.dev.DevService
16:04:40.914 [JavaFX Application Thread] DEBUG FXGLAssetLoaderServi - Loading from file system: file:/home/me/ComProg_Project/target/classes/assets/textures/heart_sprite.png
16:04:40.928 [JavaFX Application Thread] DEBUG FXGLAssetLoaderServi - Loading from file system: file:/home/me/ComProg_Project/target/classes/assets/textures/heart_explode_sprite.png
16:04:41.289 [JavaFX Application Thread] DEBUG FXGLAssetLoaderServi - Loading from file system: file:/home/me/ComProg_Project/target/classes/assets/sounds/heart_gain.wav
16:04:57.530 [JavaFX Application Thread] DEBUG FXGLAssetLoaderServi - Loading from file system: file:/home/me/ComProg_Project/target/classes/assets/sounds/fah.wav
16:05:41.240 [JavaFX Application Thread] DEBUG FXGLApplication      - Exiting FXGL
16:05:41.240 [JavaFX Application Thread] DEBUG LoopRunner           - Stopping loop
16:05:41.241 [JavaFX Application Thread] DEBUG SystemBundleService  - Saving FXGL system data
16:05:41.245 [JavaFX Application Thread] DEBUG FileSystemAccess     - Writing to: /home/me/ComProg_Project/system/fxgl.bundle
16:05:41.249 [JavaFX Application Thread] DEBUG Async                - Shutting down background threads
16:05:41.249 [JavaFX Application Thread] DEBUG PrimaryStageWindow   - Closing main window
16:05:41.254 [JavaFX Application Thread] DEBUG Logger               - Closing Logger
