14:38:33.464 [main                     ] DEBUG Logger               - Configured Logger
14:38:33.471 [main                     ] DEBUG GameApplication      - Logging settings
Title: Untitled
Version: 0.0
Width: 1280
Height: 720
Fullscreen: false
Intro: false
Profiling: false
Single step:false
App Mode: DEVELOPER
Menu Key: ESCAPE
Stage Style: DECORATED
Scene Factory: class com.almasb.fxgl.app.scene.SceneFactory

14:38:33.677 [JavaFX Application Thread] DEBUG FXGLApplication      - Initializing FXGL
14:38:33.680 [JavaFX Application Thread] INFO  Engine               - FXGL-25 (05.02.2026 22.57) on LINUX (J:25.0.2 FX:21.0.6)
14:38:33.680 [JavaFX Application Thread] DEBUG Engine               - JRE Vendor Name: Arch Linux
14:38:33.680 [JavaFX Application Thread] DEBUG Engine               - Running on OS: Linux version 6.18.9-arch1-2
14:38:33.680 [JavaFX Application Thread] DEBUG Engine               - Architecture: amd64
14:38:33.680 [JavaFX Application Thread] INFO  Engine               - Source code and latest versions at: https://github.com/AlmasB/FXGL
14:38:33.680 [JavaFX Application Thread] INFO  Engine               -       Ask questions and discuss at: https://github.com/AlmasB/FXGL/discussions
14:38:33.751 [JavaFX Application Thread] DEBUG PrimaryStageWindow   - Creating a JavaFX scene
14:38:33.828 [JavaFX Application Thread] DEBUG PrimaryStageWindow   - Target settings size: 1280.0 x 720.0
14:38:33.828 [JavaFX Application Thread] DEBUG PrimaryStageWindow   - Scaled scene size:    1280.0 x 720.0
14:38:33.829 [JavaFX Application Thread] DEBUG PrimaryStageWindow   - Scaled ratio: (1.0, 1.0)
14:38:33.829 [JavaFX Application Thread] DEBUG PrimaryStageWindow   - Set initial scene to FXGLStartupScene
14:38:33.832 [JavaFX Application Thread] DEBUG PrimaryStageWindow   - Opening main window
14:38:33.895 [JavaFX Application Thread] DEBUG PrimaryStageWindow   - Window border size: (0.0, 35.0)
14:38:33.895 [JavaFX Application Thread] DEBUG PrimaryStageWindow   - Scaled size: 1280.0 x 685.0
14:38:33.895 [JavaFX Application Thread] DEBUG PrimaryStageWindow   - Scaled ratio: (1.0, 0.9513888888888888)
14:38:33.895 [JavaFX Application Thread] DEBUG PrimaryStageWindow   - Scene size: 1280.0 x 720.0
14:38:33.895 [JavaFX Application Thread] DEBUG PrimaryStageWindow   - Stage size: 1280.0 x 720.0
14:38:33.901 [FXGL Background Thread 1 ] DEBUG Engine               - Initializing environment variables
14:38:33.964 [FXGL Background Thread 1 ] DEBUG FXGLAssetLoaderServi - User app class for loading assets: class TestPackage.BasicGameSample
14:38:33.964 [FXGL Background Thread 1 ] DEBUG GameApplicationServi - Applying CSS: fxgl_dark.css
14:38:33.965 [FXGL Background Thread 1 ] DEBUG FXGLAssetLoaderServi - Loading from file system: jar:file:///home/me/.m2/repository/com/github/almasb/fxgl/25/fxgl-25.jar!/fxglassets/ui/css/fxgl_dark.css
14:38:34.009 [FXGL Background Thread 1 ] DEBUG GameApplicationServi - Initializing application scenes
14:38:34.056 [FXGL Background Thread 1 ] DEBUG GameWorld            - Game world initialized
14:38:34.107 [FXGL Background Thread 1 ] DEBUG PhysicsWorld         - Physics world initialized: appHeight=720, physics.ppm=50.0
14:38:34.108 [FXGL Background Thread 1 ] DEBUG PhysicsWorld         - Using strategy: BRUTE_FORCE
14:38:34.112 [FXGL Background Thread 1 ] DEBUG GameScene            - Game scene initialized: 1280x720
14:38:34.126 [FXGL Background Thread 1 ] DEBUG FXGL.DefaultMenu     - createMenuBodyGameMenu()
14:38:34.138 [FXGL Background Thread 1 ] DEBUG FXGL.DefaultMenu     - createOptionsMenu()
14:38:34.150 [FXGL Background Thread 1 ] DEBUG FXGLAssetLoaderServi - Loading from file system: jar:file:///home/me/.m2/repository/com/github/almasb/fxgl/25/fxgl-25.jar!/fxglassets/textures/particles/smoke.png
14:38:34.242 [FXGL Background Thread 1 ] DEBUG FXGLAssetLoaderServi - Loading from file system: jar:file:///home/me/.m2/repository/com/github/almasb/fxgl/25/fxgl-25.jar!/fxglassets/textures/particles/trace_horizontal.png
14:38:34.275 [FXGL Background Thread 1 ] DEBUG GameApplicationServi - Application scenes initialized
14:38:34.288 [FXGL Background Thread 1 ] DEBUG SystemBundleService  - Loading FXGL system data
14:38:34.292 [FXGL Background Thread 1 ] DEBUG FileSystemAccess     - Reading from: /home/me/ComProg_Project/system/fxgl.bundle
14:38:34.297 [FXGL Background Thread 1 ] DEBUG SystemBundleService  - Bundle FXGL: {}
14:38:34.298 [FXGL Background Thread 1 ] DEBUG UpdaterService       - Checking for updates
14:38:34.304 [FXGL Background Thread 4 ] DEBUG FXGLApplication      - Loading fonts
14:38:34.304 [FXGL Background Thread 4 ] DEBUG FXGLAssetLoaderServi - Loading from file system: jar:file:///home/me/.m2/repository/com/github/almasb/fxgl/25/fxgl-25.jar!/fxglassets/ui/fonts/VarelaRound-Regular.ttf
14:38:34.305 [FXGL Background Thread 1 ] DEBUG FXGLApplication      - Loading default localization
14:38:34.306 [FXGL Background Thread 1 ] DEBUG FXGLAssetLoaderServi - Loading from file system: jar:file:///home/me/.m2/repository/com/github/almasb/fxgl/25/fxgl-25.jar!/fxglassets/languages/english.lang
14:38:34.313 [FXGL Background Thread 4 ] DEBUG FXGLAssetLoaderServi - Loading from file system: jar:file:///home/me/.m2/repository/com/github/almasb/fxgl/25/fxgl-25.jar!/fxglassets/ui/fonts/Abel-Regular.ttf
14:38:34.315 [FXGL Background Thread 4 ] DEBUG FXGLAssetLoaderServi - Loading from file system: jar:file:///home/me/.m2/repository/com/github/almasb/fxgl/25/fxgl-25.jar!/fxglassets/ui/fonts/TerminalLandMono-Regular.otf
14:38:34.318 [FXGL Background Thread 4 ] DEBUG FXGLAssetLoaderServi - Loading from file system: jar:file:///home/me/.m2/repository/com/github/almasb/fxgl/25/fxgl-25.jar!/fxglassets/ui/fonts/Courier-Prime.ttf
14:38:34.323 [FXGL Background Thread 1 ] INFO  FXGLApplication      - FXGL initialization took: 0.422 sec
14:38:34.324 [JavaFX Application Thread] DEBUG FXGLApplication      - Registering font factories with UI factory
14:38:34.340 [JavaFX Application Thread] DEBUG Input                - Registered new binding: Shoot - Space
14:38:34.340 [JavaFX Application Thread] DEBUG Input                - Registered new binding: Move up - W
14:38:34.340 [JavaFX Application Thread] DEBUG Input                - Registered new binding: Move down - S
14:38:34.341 [JavaFX Application Thread] DEBUG Input                - Registered new binding: Move left - A
14:38:34.341 [JavaFX Application Thread] DEBUG Input                - Registered new binding: Move right - D
14:38:34.342 [JavaFX Application Thread] DEBUG FXGLAssetLoaderServi - Loading from file system: jar:file:///home/me/.m2/repository/com/github/almasb/fxgl/25/fxgl-25.jar!/fxglassets/textures/fxgl_icon.png
14:38:34.375 [JavaFX Application Thread] DEBUG FXGLAssetLoaderServi - Loading from file system: jar:file:///home/me/.m2/repository/com/github/almasb/fxgl/25/fxgl-25.jar!/fxglassets/textures/fxgl_default_cursor.png
14:38:34.378 [JavaFX Application Thread] DEBUG Input                - Registered new binding: Screenshot - CTRL+8
14:38:34.378 [JavaFX Application Thread] DEBUG Input                - Registered new binding: System info dump - CTRL+9
14:38:34.379 [JavaFX Application Thread] DEBUG Input                - Registered new binding: Restart - CTRL+R
14:38:34.380 [JavaFX Application Thread] DEBUG Input                - Registered new binding: Toggle Debug Camera - CTRL+7
14:38:34.382 [JavaFX Application Thread] DEBUG LoopRunner           - Starting loop
14:38:34.382 [JavaFX Application Thread] DEBUG LoopRunner           - Initializing JavaFX AnimationTimerLoop
14:38:34.383 [JavaFX Application Thread] DEBUG GameApplicationServi - Starting new game
14:38:34.385 [JavaFX Application Thread] DEBUG Input                - Clearing active input actions
14:38:34.400 [JavaFX Application Thread] DEBUG GameApplicationServi - Removing overlay from FXGLStartupScene and adding to FXGLLoadingScene
14:38:34.401 [JavaFX Application Thread] DEBUG PrimaryStageWindow   - FXGLStartupScene -> FXGLLoadingScene
14:38:34.402 [JavaFX Application Thread] DEBUG GameApplicationServi - Clearing previous game
14:38:34.402 [JavaFX Application Thread] DEBUG GameScene            - Clearing game scene
14:38:34.402 [JavaFX Application Thread] DEBUG GameWorld            - Clearing game world
14:38:34.402 [JavaFX Application Thread] DEBUG PhysicsWorld         - Clearing physics world
14:38:34.404 [FXGL Background Thread 4 ] DEBUG FXGLApplication      - Initializing game
14:38:34.420 [FXGL Background Thread 4 ] DEBUG FXGLAssetLoaderServi - Loading from file system: file:/home/me/ComProg_Project/target/classes/assets/textures/idle_sprite.png
14:38:34.431 [FXGL Background Thread 4 ] DEBUG FXGLAssetLoaderServi - Loading from file system: file:/home/me/ComProg_Project/target/classes/assets/textures/down_sprite.png
14:38:34.440 [FXGL Background Thread 4 ] DEBUG FXGLAssetLoaderServi - Loading from file system: file:/home/me/ComProg_Project/target/classes/assets/textures/up_sprite.png
14:38:34.469 [FXGL Background Thread 4 ] INFO  FXGLApplication      - Game initialization took: 0.065 sec
14:38:34.578 [JavaFX Application Thread] DEBUG Input                - Clearing active input actions
14:38:34.592 [JavaFX Application Thread] DEBUG GameApplicationServi - Removing overlay from FXGLLoadingScene and adding to GameScene
14:38:34.593 [JavaFX Application Thread] DEBUG PrimaryStageWindow   - FXGLLoadingScene -> GameScene
14:38:35.057 [JavaFX Application Thread] DEBUG FXGLAssetLoaderServi - Loading from file system: file:/home/me/ComProg_Project/target/classes/assets/textures/bullet_sprite.png
14:38:36.506 [JavaFX Application Thread] DEBUG FXGLApplication      - Exiting FXGL
14:38:36.506 [JavaFX Application Thread] DEBUG LoopRunner           - Stopping loop
14:38:36.506 [JavaFX Application Thread] DEBUG SystemBundleService  - Saving FXGL system data
14:38:36.508 [JavaFX Application Thread] DEBUG FileSystemAccess     - Writing to: /home/me/ComProg_Project/system/fxgl.bundle
14:38:36.509 [JavaFX Application Thread] DEBUG Async                - Shutting down background threads
14:38:36.510 [JavaFX Application Thread] DEBUG PrimaryStageWindow   - Closing main window
14:38:36.511 [JavaFX Application Thread] DEBUG Logger               - Closing Logger
