09:59:54.718 [main                     ] DEBUG Logger               - Configured Logger
09:59:54.732 [main                     ] DEBUG GameApplication      - Logging settings
Title: Untitled
Version: 0.0
Width: 1280
Height: 720
Fullscreen: false
Intro: false
Profiling: false
Single step:false
App Mode: DEVELOPER
Menu Key: ESCAPE
Stage Style: DECORATED
Scene Factory: class org.group1.GamePackage.Factory.MainSceneFactory

09:59:55.352 [JavaFX Application Thread] DEBUG FXGLApplication      - Initializing FXGL
09:59:55.364 [JavaFX Application Thread] INFO  Engine               - FXGL-25 (05.02.2026 22.57) on WINDOWS (J:25.0.1 FX:21.0.6)
09:59:55.365 [JavaFX Application Thread] DEBUG Engine               - JRE Vendor Name: Oracle Corporation
09:59:55.365 [JavaFX Application Thread] DEBUG Engine               - Running on OS: Windows 11 version 10.0
09:59:55.365 [JavaFX Application Thread] DEBUG Engine               - Architecture: amd64
09:59:55.366 [JavaFX Application Thread] INFO  Engine               - Source code and latest versions at: https://github.com/AlmasB/FXGL
09:59:55.366 [JavaFX Application Thread] INFO  Engine               -       Ask questions and discuss at: https://github.com/AlmasB/FXGL/discussions
09:59:55.715 [JavaFX Application Thread] DEBUG PrimaryStageWindow   - Creating a JavaFX scene
09:59:55.716 [JavaFX Application Thread] DEBUG PrimaryStageWindow   - Target size > screen size
09:59:55.840 [JavaFX Application Thread] DEBUG PrimaryStageWindow   - Target settings size: 1280.0 x 720.0
09:59:55.841 [JavaFX Application Thread] DEBUG PrimaryStageWindow   - Scaled scene size:    1169.0 x 671.0
09:59:55.841 [JavaFX Application Thread] DEBUG PrimaryStageWindow   - Scaled ratio: (0.91328125, 0.9319444444444445)
09:59:55.843 [JavaFX Application Thread] DEBUG PrimaryStageWindow   - Set initial scene to FXGLStartupScene
09:59:55.850 [JavaFX Application Thread] DEBUG PrimaryStageWindow   - Opening main window
09:59:56.047 [JavaFX Application Thread] DEBUG PrimaryStageWindow   - Window border size: (15.0, 37.66668701171875)
09:59:56.057 [JavaFX Application Thread] DEBUG PrimaryStageWindow   - Scaled size: 1169.0 x 671.0
09:59:56.057 [JavaFX Application Thread] DEBUG PrimaryStageWindow   - Scaled ratio: (0.91328125, 0.9319444444444445)
09:59:56.057 [JavaFX Application Thread] DEBUG PrimaryStageWindow   - Scene size: 1169.0 x 671.0
09:59:56.058 [JavaFX Application Thread] DEBUG PrimaryStageWindow   - Stage size: 1184.0 x 708.6666870117188
09:59:56.088 [FXGL Background Thread 1 ] DEBUG Engine               - Initializing environment variables
09:59:56.317 [FXGL Background Thread 1 ] DEBUG FXGLAssetLoaderServi - User app class for loading assets: class org.group1.GamePackage.Application
09:59:56.317 [FXGL Background Thread 1 ] DEBUG GameApplicationServi - Applying CSS: fxgl_dark.css
09:59:56.322 [FXGL Background Thread 1 ] DEBUG FXGLAssetLoaderServi - Loading from file system: jar:file:///C:/Users/ryles/.m2/repository/com/github/almasb/fxgl/25/fxgl-25.jar!/fxglassets/ui/css/fxgl_dark.css
09:59:56.458 [FXGL Background Thread 1 ] DEBUG GameApplicationServi - Initializing application scenes
09:59:56.719 [FXGL Background Thread 1 ] DEBUG GameWorld            - Game world initialized
09:59:56.838 [FXGL Background Thread 1 ] DEBUG PhysicsWorld         - Physics world initialized: appHeight=720, physics.ppm=50.0
09:59:56.838 [FXGL Background Thread 1 ] DEBUG PhysicsWorld         - Using strategy: BRUTE_FORCE
09:59:56.838 [FXGL Background Thread 1 ] DEBUG GameScene            - Game scene initialized: 1280x720
09:59:56.870 [FXGL Background Thread 1 ] DEBUG FXGL.DefaultMenu     - createMenuBodyGameMenu()
09:59:56.888 [FXGL Background Thread 1 ] DEBUG FXGL.DefaultMenu     - createOptionsMenu()
09:59:56.906 [FXGL Background Thread 1 ] DEBUG FXGLAssetLoaderServi - Loading from file system: jar:file:///C:/Users/ryles/.m2/repository/com/github/almasb/fxgl/25/fxgl-25.jar!/fxglassets/textures/particles/smoke.png
09:59:57.140 [FXGL Background Thread 1 ] DEBUG FXGLAssetLoaderServi - Loading from file system: jar:file:///C:/Users/ryles/.m2/repository/com/github/almasb/fxgl/25/fxgl-25.jar!/fxglassets/textures/particles/trace_horizontal.png
09:59:57.223 [FXGL Background Thread 1 ] DEBUG GameApplicationServi - Application scenes initialized
09:59:57.239 [FXGL Background Thread 1 ] DEBUG SystemBundleService  - Loading FXGL system data
09:59:57.254 [FXGL Background Thread 1 ] DEBUG FileSystemAccess     - Reading from: C:\Users\ryles\Downloads\ComProg_Project\system\fxgl.bundle
09:59:57.270 [FXGL Background Thread 1 ] DEBUG SystemBundleService  - Bundle FXGL: {}
09:59:57.270 [FXGL Background Thread 1 ] DEBUG UpdaterService       - Checking for updates
09:59:57.288 [FXGL Background Thread 4 ] DEBUG FXGLApplication      - Loading fonts
09:59:57.288 [FXGL Background Thread 4 ] DEBUG FXGLAssetLoaderServi - Loading from file system: jar:file:///C:/Users/ryles/.m2/repository/com/github/almasb/fxgl/25/fxgl-25.jar!/fxglassets/ui/fonts/VarelaRound-Regular.ttf
09:59:57.291 [FXGL Background Thread 1 ] DEBUG FXGLApplication      - Loading default localization
09:59:57.291 [FXGL Background Thread 1 ] DEBUG FXGLAssetLoaderServi - Loading from file system: jar:file:///C:/Users/ryles/.m2/repository/com/github/almasb/fxgl/25/fxgl-25.jar!/fxglassets/languages/english.lang
09:59:57.362 [FXGL Background Thread 1 ] INFO  FXGLApplication      - FXGL initialization took: 1.273 sec
09:59:57.430 [JavaFX Application Thread] DEBUG Input                - Registered new binding: Move left - A
09:59:57.432 [JavaFX Application Thread] DEBUG Input                - Registered new binding: Move right - D
09:59:57.433 [JavaFX Application Thread] DEBUG Input                - Registered new binding: Move down - S
09:59:57.433 [JavaFX Application Thread] DEBUG Input                - Registered new binding: Move up - W
09:59:57.437 [JavaFX Application Thread] DEBUG Input                - Registered new binding: Shoot - Space
09:59:57.437 [JavaFX Application Thread] DEBUG Input                - Registered new binding: Switch to Fire Bullet - Q
09:59:57.437 [JavaFX Application Thread] DEBUG Input                - Registered new binding: Switch to Ice Bullet - E
09:59:57.437 [JavaFX Application Thread] DEBUG FXGLAssetLoaderServi - Loading from file system: jar:file:///C:/Users/ryles/.m2/repository/com/github/almasb/fxgl/25/fxgl-25.jar!/fxglassets/textures/fxgl_icon.png
09:59:57.488 [FXGL Background Thread 4 ] DEBUG FXGLAssetLoaderServi - Loading from file system: jar:file:///C:/Users/ryles/.m2/repository/com/github/almasb/fxgl/25/fxgl-25.jar!/fxglassets/ui/fonts/Abel-Regular.ttf
09:59:57.507 [FXGL Background Thread 4 ] DEBUG FXGLAssetLoaderServi - Loading from file system: jar:file:///C:/Users/ryles/.m2/repository/com/github/almasb/fxgl/25/fxgl-25.jar!/fxglassets/ui/fonts/TerminalLandMono-Regular.otf
09:59:57.521 [JavaFX Application Thread] DEBUG FXGLAssetLoaderServi - Loading from file system: jar:file:///C:/Users/ryles/.m2/repository/com/github/almasb/fxgl/25/fxgl-25.jar!/fxglassets/textures/fxgl_default_cursor.png
09:59:57.523 [FXGL Background Thread 4 ] DEBUG FXGLAssetLoaderServi - Loading from file system: jar:file:///C:/Users/ryles/.m2/repository/com/github/almasb/fxgl/25/fxgl-25.jar!/fxglassets/ui/fonts/Courier-Prime.ttf
09:59:57.525 [JavaFX Application Thread] DEBUG Input                - Registered new binding: Screenshot - CTRL+8
09:59:57.527 [JavaFX Application Thread] DEBUG Input                - Registered new binding: System info dump - CTRL+9
09:59:57.527 [JavaFX Application Thread] DEBUG Input                - Registered new binding: Restart - CTRL+R
09:59:57.531 [JavaFX Application Thread] DEBUG Input                - Registered new binding: Toggle Debug Camera - CTRL+7
09:59:57.537 [JavaFX Application Thread] DEBUG LoopRunner           - Starting loop
09:59:57.537 [JavaFX Application Thread] DEBUG LoopRunner           - Initializing JavaFX AnimationTimerLoop
09:59:57.539 [JavaFX Application Thread] DEBUG Input                - Clearing active input actions
09:59:57.562 [JavaFX Application Thread] DEBUG GameApplicationServi - Removing overlay from FXGLStartupScene and adding to FXGLMainMenuDummyScene
09:59:57.562 [JavaFX Application Thread] DEBUG PrimaryStageWindow   - FXGLStartupScene -> FXGLMainMenuDummyScene
09:59:57.564 [JavaFX Application Thread] DEBUG PrimaryStageWindow   - Push state: MenuInterface
09:59:57.564 [JavaFX Application Thread] DEBUG Input                - Clearing active input actions
09:59:57.571 [JavaFX Application Thread] DEBUG GameApplicationServi - Removing overlay from FXGLMainMenuDummyScene and adding to MenuInterface
09:59:57.573 [JavaFX Application Thread] DEBUG PrimaryStageWindow   - FXGLMainMenuDummyScene -> MenuInterface
09:59:57.666 [JavaFX Application Thread] DEBUG FXGLApplication      - Registering font factories with UI factory
10:00:00.292 [FXGL Background Thread 3 ] DEBUG Engine               - Logging environment variables
10:00:00.292 [FXGL Background Thread 3 ] DEBUG Engine               - achievements: []
10:00:00.292 [FXGL Background Thread 3 ] DEBUG Engine               - actualHeight: 671.0
10:00:00.292 [FXGL Background Thread 3 ] DEBUG Engine               - actualHeightProperty: ReadOnlyDoubleProperty [value: 671.0]
10:00:00.292 [FXGL Background Thread 3 ] DEBUG Engine               - actualWidth: 1169.0
10:00:00.292 [FXGL Background Thread 3 ] DEBUG Engine               - actualWidthProperty: ReadOnlyDoubleProperty [value: 1169.0]
10:00:00.292 [FXGL Background Thread 3 ] DEBUG Engine               - appIcon: fxgl_icon.png
10:00:00.292 [FXGL Background Thread 3 ] DEBUG Engine               - applicationMode: DEVELOPER
10:00:00.292 [FXGL Background Thread 3 ] DEBUG Engine               - cSSList: [fxgl_dark.css]
10:00:00.292 [FXGL Background Thread 3 ] DEBUG Engine               - collisionDetectionStrategy: BRUTE_FORCE
10:00:00.292 [FXGL Background Thread 3 ] DEBUG Engine               - configClass: Optional.empty
10:00:00.292 [FXGL Background Thread 3 ] DEBUG Engine               - credits: []
10:00:00.292 [FXGL Background Thread 3 ] DEBUG Engine               - defaultCursor: CursorInfo(imageName=fxgl_default_cursor.png, hotspotX=7.0, hotspotY=6.0)
10:00:00.292 [FXGL Background Thread 3 ] DEBUG Engine               - devBBoxColorProperty: ObjectProperty [value: 0xff0000ff]
10:00:00.292 [FXGL Background Thread 3 ] DEBUG Engine               - devEnableDebugCameraProperty: BooleanProperty [value: false]
10:00:00.292 [FXGL Background Thread 3 ] DEBUG Engine               - devSensorColorProperty: ObjectProperty [value: 0xffff00ff]
10:00:00.292 [FXGL Background Thread 3 ] DEBUG Engine               - devShowBBoxProperty: BooleanProperty [value: false]
10:00:00.292 [FXGL Background Thread 3 ] DEBUG Engine               - devShowPositionProperty: BooleanProperty [value: false]
10:00:00.292 [FXGL Background Thread 3 ] DEBUG Engine               - enabledMenuItems: []
10:00:00.292 [FXGL Background Thread 3 ] DEBUG Engine               - engineServices: [class com.almasb.fxgl.app.services.FXGLAssetLoaderService, class com.almasb.fxgl.app.FXGLApplication$GameApplicationService, class com.almasb.fxgl.app.services.FXGLDialogService, class com.almasb.fxgl.app.services.IOTaskExecutorService, class com.almasb.fxgl.io.FileSystemService, class com.almasb.fxgl.localization.LocalizationService, class com.almasb.fxgl.app.services.SystemBundleService, class com.almasb.fxgl.profile.SaveLoadService, class com.almasb.fxgl.ui.FXGLUIFactoryServiceProvider, class com.almasb.fxgl.ui.FXGLDialogFactoryServiceProvider, class com.almasb.fxgl.audio.AudioPlayer, class com.almasb.fxgl.notification.impl.NotificationServiceProvider, class com.almasb.fxgl.achievement.AchievementService, class com.almasb.fxgl.cutscene.CutsceneService, class com.almasb.fxgl.minigames.MiniGameService, class com.almasb.fxgl.net.NetService, class com.almasb.fxgl.app.services.UpdaterService, class com.almasb.fxgl.dev.DevService]
10:00:00.292 [FXGL Background Thread 3 ] DEBUG Engine               - fontGame: Abel-Regular.ttf
10:00:00.292 [FXGL Background Thread 3 ] DEBUG Engine               - fontMono: TerminalLandMono-Regular.otf
10:00:00.292 [FXGL Background Thread 3 ] DEBUG Engine               - fontSizeScaleUI: 1.0
10:00:00.292 [FXGL Background Thread 3 ] DEBUG Engine               - fontText: Courier-Prime.ttf
10:00:00.298 [FXGL Background Thread 3 ] DEBUG Engine               - fontUI: VarelaRound-Regular.ttf
10:00:00.298 [FXGL Background Thread 3 ] DEBUG Engine               - fpsRefreshRate: 500.0 ms
10:00:00.298 [FXGL Background Thread 3 ] DEBUG Engine               - fullScreen: BooleanProperty [value: false]
10:00:00.298 [FXGL Background Thread 3 ] DEBUG Engine               - gameDifficulty: MEDIUM
10:00:00.298 [FXGL Background Thread 3 ] DEBUG Engine               - gameDifficultyProperty: ObjectProperty [value: MEDIUM]
10:00:00.298 [FXGL Background Thread 3 ] DEBUG Engine               - globalMusicVolume: 0.5
10:00:00.298 [FXGL Background Thread 3 ] DEBUG Engine               - globalMusicVolumeProperty: DoubleProperty [value: 0.5]
10:00:00.298 [FXGL Background Thread 3 ] DEBUG Engine               - globalSoundVolume: 0.5
10:00:00.298 [FXGL Background Thread 3 ] DEBUG Engine               - globalSoundVolumeProperty: DoubleProperty [value: 0.5]
10:00:00.298 [FXGL Background Thread 3 ] DEBUG Engine               - height: 720
10:00:00.298 [FXGL Background Thread 3 ] DEBUG Engine               - is3D: false
10:00:00.298 [FXGL Background Thread 3 ] DEBUG Engine               - isAndroid: false
10:00:00.298 [FXGL Background Thread 3 ] DEBUG Engine               - isBrowser: false
10:00:00.298 [FXGL Background Thread 3 ] DEBUG Engine               - isClickFeedbackEnabled: false
10:00:00.298 [FXGL Background Thread 3 ] DEBUG Engine               - isCloseConfirmation: false
10:00:00.298 [FXGL Background Thread 3 ] DEBUG Engine               - isDesktop: true
10:00:00.298 [FXGL Background Thread 3 ] DEBUG Engine               - isDeveloperMenuEnabled: false
10:00:00.298 [FXGL Background Thread 3 ] DEBUG Engine               - isEmbedded: false
10:00:00.298 [FXGL Background Thread 3 ] DEBUG Engine               - isEntityPreloadEnabled: true
10:00:00.300 [FXGL Background Thread 3 ] DEBUG Engine               - isExperimentalTiledLargeMap: false
10:00:00.300 [FXGL Background Thread 3 ] DEBUG Engine               - isFileSystemWriteAllowed: true
10:00:00.300 [FXGL Background Thread 3 ] DEBUG Engine               - isFullScreenAllowed: false
10:00:00.300 [FXGL Background Thread 3 ] DEBUG Engine               - isFullScreenFromStart: false
10:00:00.300 [FXGL Background Thread 3 ] DEBUG Engine               - isGameMenuEnabled: true
10:00:00.300 [FXGL Background Thread 3 ] DEBUG Engine               - isIOS: false
10:00:00.300 [FXGL Background Thread 3 ] DEBUG Engine               - isIntroEnabled: false
10:00:00.300 [FXGL Background Thread 3 ] DEBUG Engine               - isLinux: false
10:00:00.300 [FXGL Background Thread 3 ] DEBUG Engine               - isMac: false
10:00:00.300 [FXGL Background Thread 3 ] DEBUG Engine               - isMainMenuEnabled: true
10:00:00.300 [FXGL Background Thread 3 ] DEBUG Engine               - isManualResizeEnabled: false
10:00:00.300 [FXGL Background Thread 3 ] DEBUG Engine               - isMobile: false
10:00:00.300 [FXGL Background Thread 3 ] DEBUG Engine               - isNative: false
10:00:00.300 [FXGL Background Thread 3 ] DEBUG Engine               - isPauseMusicWhenMinimized: true
10:00:00.300 [FXGL Background Thread 3 ] DEBUG Engine               - isPreserveResizeRatio: false
10:00:00.300 [FXGL Background Thread 3 ] DEBUG Engine               - isProfilingEnabled: false
10:00:00.300 [FXGL Background Thread 3 ] DEBUG Engine               - isScaleAffectedOnResize: true
10:00:00.300 [FXGL Background Thread 3 ] DEBUG Engine               - isSingleStep: false
10:00:00.300 [FXGL Background Thread 3 ] DEBUG Engine               - isUserProfileEnabled: false
10:00:00.300 [FXGL Background Thread 3 ] DEBUG Engine               - isWindows: true
10:00:00.300 [FXGL Background Thread 3 ] DEBUG Engine               - language: ObjectProperty [value: ENGLISH]
10:00:00.300 [FXGL Background Thread 3 ] DEBUG Engine               - menuKey: ESCAPE
10:00:00.300 [FXGL Background Thread 3 ] DEBUG Engine               - mouseSensitivity: 0.2
10:00:00.300 [FXGL Background Thread 3 ] DEBUG Engine               - notificationViewClass: class com.almasb.fxgl.notification.view.XboxNotificationView
10:00:00.302 [FXGL Background Thread 3 ] DEBUG Engine               - pixelsPerMeter: 50.0
10:00:00.302 [FXGL Background Thread 3 ] DEBUG Engine               - platform: WINDOWS
10:00:00.302 [FXGL Background Thread 3 ] DEBUG Engine               - prefHeightProperty: ReadOnlyDoubleProperty [value: 720.0]
10:00:00.302 [FXGL Background Thread 3 ] DEBUG Engine               - prefWidthProperty: ReadOnlyDoubleProperty [value: 1280.0]
10:00:00.302 [FXGL Background Thread 3 ] DEBUG Engine               - profileDir: profiles/
10:00:00.302 [FXGL Background Thread 3 ] DEBUG Engine               - profileName: StringProperty [value: DEFAULT]
10:00:00.302 [FXGL Background Thread 3 ] DEBUG Engine               - randomSeed: -1
10:00:00.302 [FXGL Background Thread 3 ] DEBUG Engine               - runtimeInfo: RuntimeInfo(platform=WINDOWS, version=25, build=05.02.2026 22.57)
10:00:00.302 [FXGL Background Thread 3 ] DEBUG Engine               - saveFileExt: sav
10:00:00.302 [FXGL Background Thread 3 ] DEBUG Engine               - scaledHeightProp$fxgl: DoubleProperty [bound, value: 671.0]
10:00:00.302 [FXGL Background Thread 3 ] DEBUG Engine               - scaledWidthProp$fxgl: DoubleProperty [bound, value: 1169.0]
10:00:00.302 [FXGL Background Thread 3 ] DEBUG Engine               - sceneFactory: org.group1.GamePackage.Factory.MainSceneFactory@76f852dc
10:00:00.302 [FXGL Background Thread 3 ] DEBUG Engine               - secondsIn24h: 60
10:00:00.302 [FXGL Background Thread 3 ] DEBUG Engine               - soundMenuBack: menu/back.wav
10:00:00.302 [FXGL Background Thread 3 ] DEBUG Engine               - soundMenuPress: menu/press.wav
10:00:00.302 [FXGL Background Thread 3 ] DEBUG Engine               - soundMenuSelect: menu/select.wav
10:00:00.302 [FXGL Background Thread 3 ] DEBUG Engine               - soundNotification: core/notification.wav
10:00:00.304 [FXGL Background Thread 3 ] DEBUG Engine               - stageStyle: DECORATED
10:00:00.304 [FXGL Background Thread 3 ] DEBUG Engine               - supportedLanguages: [ENGLISH, FRENCH, GERMAN, HUNGARIAN, RUSSIAN]
10:00:00.304 [FXGL Background Thread 3 ] DEBUG Engine               - ticksPerSecond: -1
10:00:00.304 [FXGL Background Thread 3 ] DEBUG Engine               - title: Untitled
10:00:00.304 [FXGL Background Thread 3 ] DEBUG Engine               - urlGithub: https://github.com/AlmasB/FXGL
10:00:00.304 [FXGL Background Thread 3 ] DEBUG Engine               - urlLeaderboard: http://fxgl-top.herokuapp.com/
10:00:00.304 [FXGL Background Thread 3 ] DEBUG Engine               - urlPOM: https://raw.githubusercontent.com/AlmasB/FXGL/release/README.md
10:00:00.304 [FXGL Background Thread 3 ] DEBUG Engine               - userAppClass: class org.group1.GamePackage.Application
10:00:00.304 [FXGL Background Thread 3 ] DEBUG Engine               - version: 0.0
10:00:00.304 [FXGL Background Thread 3 ] DEBUG Engine               - versionCheckDays: 7
10:00:00.304 [FXGL Background Thread 3 ] DEBUG Engine               - width: 1280
10:00:00.304 [FXGL Background Thread 3 ] DEBUG Engine               - Logging services
10:00:00.304 [FXGL Background Thread 3 ] DEBUG Engine               - class com.almasb.fxgl.app.services.FXGLAssetLoaderService
10:00:00.304 [FXGL Background Thread 3 ] DEBUG Engine               - class com.almasb.fxgl.app.FXGLApplication$GameApplicationService
10:00:00.304 [FXGL Background Thread 3 ] DEBUG Engine               - class com.almasb.fxgl.app.services.FXGLDialogService
10:00:00.304 [FXGL Background Thread 3 ] DEBUG Engine               - class com.almasb.fxgl.app.services.IOTaskExecutorService
10:00:00.304 [FXGL Background Thread 3 ] DEBUG Engine               - class com.almasb.fxgl.io.FileSystemService
10:00:00.304 [FXGL Background Thread 3 ] DEBUG Engine               - class com.almasb.fxgl.localization.LocalizationService
10:00:00.304 [FXGL Background Thread 3 ] DEBUG Engine               - class com.almasb.fxgl.app.services.SystemBundleService
10:00:00.304 [FXGL Background Thread 3 ] DEBUG Engine               - class com.almasb.fxgl.profile.SaveLoadService
10:00:00.304 [FXGL Background Thread 3 ] DEBUG Engine               - class com.almasb.fxgl.ui.FXGLUIFactoryServiceProvider
10:00:00.304 [FXGL Background Thread 3 ] DEBUG Engine               - class com.almasb.fxgl.ui.FXGLDialogFactoryServiceProvider
10:00:00.304 [FXGL Background Thread 3 ] DEBUG Engine               - class com.almasb.fxgl.audio.AudioPlayer
10:00:00.304 [FXGL Background Thread 3 ] DEBUG Engine               - class com.almasb.fxgl.notification.impl.NotificationServiceProvider
10:00:00.304 [FXGL Background Thread 3 ] DEBUG Engine               - class com.almasb.fxgl.achievement.AchievementService
10:00:00.304 [FXGL Background Thread 3 ] DEBUG Engine               - class com.almasb.fxgl.cutscene.CutsceneService
10:00:00.304 [FXGL Background Thread 3 ] DEBUG Engine               - class com.almasb.fxgl.minigames.MiniGameService
10:00:00.304 [FXGL Background Thread 3 ] DEBUG Engine               - class com.almasb.fxgl.net.NetService
10:00:00.304 [FXGL Background Thread 3 ] DEBUG Engine               - class com.almasb.fxgl.app.services.UpdaterService
10:00:00.304 [FXGL Background Thread 3 ] DEBUG Engine               - class com.almasb.fxgl.dev.DevService
10:00:15.178 [JavaFX Application Thread] DEBUG Menu                 - fireNewGame()
10:00:15.178 [JavaFX Application Thread] DEBUG GameApplicationServi - Starting new game
10:00:15.179 [JavaFX Application Thread] DEBUG PrimaryStageWindow   - Pop state: MenuInterface
10:00:15.179 [JavaFX Application Thread] DEBUG Input                - Clearing active input actions
10:00:15.180 [JavaFX Application Thread] DEBUG GameApplicationServi - Removing overlay from MenuInterface and adding to FXGLMainMenuDummyScene
10:00:15.180 [JavaFX Application Thread] DEBUG PrimaryStageWindow   - FXGLMainMenuDummyScene <- MenuInterface
10:00:15.180 [JavaFX Application Thread] DEBUG Input                - Clearing active input actions
10:00:15.195 [JavaFX Application Thread] DEBUG GameApplicationServi - Removing overlay from FXGLMainMenuDummyScene and adding to LoadingInterface
10:00:15.196 [JavaFX Application Thread] DEBUG PrimaryStageWindow   - FXGLMainMenuDummyScene -> LoadingInterface
10:00:15.196 [JavaFX Application Thread] DEBUG GameApplicationServi - Clearing previous game
10:00:15.196 [JavaFX Application Thread] DEBUG GameScene            - Clearing game scene
10:00:15.196 [JavaFX Application Thread] DEBUG GameWorld            - Clearing game world
10:00:15.196 [JavaFX Application Thread] DEBUG PhysicsWorld         - Clearing physics world
10:00:15.198 [FXGL Background Thread 2 ] DEBUG FXGLApplication      - Initializing game
10:00:15.215 [FXGL Background Thread 2 ] DEBUG FXGLAssetLoaderServi - Loading from file system: file:/C:/Users/ryles/Downloads/ComProg_Project/target/classes/assets/textures/background.png
10:00:15.371 [FXGL Background Thread 2 ] DEBUG FXGLAssetLoaderServi - Loading from file system: file:/C:/Users/ryles/Downloads/ComProg_Project/target/classes/assets/textures/background_stars1.png
10:00:15.557 [FXGL Background Thread 2 ] DEBUG FXGLAssetLoaderServi - Loading from file system: file:/C:/Users/ryles/Downloads/ComProg_Project/target/classes/assets/textures/background_stars2.png
10:00:15.624 [FXGL Background Thread 2 ] DEBUG FXGLAssetLoaderServi - Loading from file system: file:/C:/Users/ryles/Downloads/ComProg_Project/target/classes/assets/textures/background_stars3.png
10:00:15.683 [FXGL Background Thread 2 ] DEBUG FXGLAssetLoaderServi - Loading from file system: file:/C:/Users/ryles/Downloads/ComProg_Project/target/classes/assets/textures/background_cloud1.png
10:00:15.703 [FXGL Background Thread 2 ] DEBUG FXGLAssetLoaderServi - Loading from file system: file:/C:/Users/ryles/Downloads/ComProg_Project/target/classes/assets/textures/background_cloud2.png
10:00:15.731 [FXGL Background Thread 2 ] DEBUG FXGLAssetLoaderServi - Loading from file system: file:/C:/Users/ryles/Downloads/ComProg_Project/target/classes/assets/textures/background_mist1.png
10:00:15.757 [FXGL Background Thread 2 ] DEBUG FXGLAssetLoaderServi - Loading from file system: file:/C:/Users/ryles/Downloads/ComProg_Project/target/classes/assets/textures/background_hills.png
10:00:15.798 [FXGL Background Thread 2 ] DEBUG FXGLAssetLoaderServi - Loading from file system: file:/C:/Users/ryles/Downloads/ComProg_Project/target/classes/assets/textures/background_forest.png
10:00:15.818 [FXGL Background Thread 2 ] DEBUG FXGLAssetLoaderServi - Loading from file system: file:/C:/Users/ryles/Downloads/ComProg_Project/target/classes/assets/textures/background_large_forest.png
10:00:15.855 [FXGL Background Thread 2 ] DEBUG FXGLAssetLoaderServi - Loading from file system: file:/C:/Users/ryles/Downloads/ComProg_Project/target/classes/assets/textures/idle_sprite.png
10:00:15.862 [FXGL Background Thread 2 ] DEBUG FXGLAssetLoaderServi - Loading from file system: file:/C:/Users/ryles/Downloads/ComProg_Project/target/classes/assets/textures/down_sprite.png
10:00:15.882 [FXGL Background Thread 2 ] DEBUG FXGLAssetLoaderServi - Loading from file system: file:/C:/Users/ryles/Downloads/ComProg_Project/target/classes/assets/textures/up_sprite.png
10:00:15.903 [FXGL Background Thread 2 ] DEBUG FXGLAssetLoaderServi - Loading from file system: file:/C:/Users/ryles/Downloads/ComProg_Project/target/classes/assets/music/main_music.wav
10:00:16.099 [FXGL Background Thread 2 ] DEBUG AudioPlayer          - Playing music com.almasb.fxgl.audio.Music@6fb11588
10:00:16.113 [FXGL Background Thread 2 ] INFO  FXGLApplication      - Game initialization took: 0.916 sec
10:00:16.114 [JavaFX Application Thread] DEBUG Input                - Clearing active input actions
10:00:16.123 [JavaFX Application Thread] DEBUG GameApplicationServi - Removing overlay from LoadingInterface and adding to GameScene
10:00:16.123 [JavaFX Application Thread] DEBUG PrimaryStageWindow   - LoadingInterface -> GameScene
10:00:16.626 [JavaFX Application Thread] DEBUG FXGLAssetLoaderServi - Loading from file system: file:/C:/Users/ryles/Downloads/ComProg_Project/target/classes/assets/textures/enemy_sprite.png
10:00:16.635 [JavaFX Application Thread] DEBUG FXGLAssetLoaderServi - Loading from file system: file:/C:/Users/ryles/Downloads/ComProg_Project/target/classes/assets/textures/explosion_sprite.png
10:00:17.415 [JavaFX Application Thread] DEBUG FXGLAssetLoaderServi - Loading from file system: file:/C:/Users/ryles/Downloads/ComProg_Project/target/classes/assets/textures/bullet_sprite.png
10:00:17.601 [JavaFX Application Thread] DEBUG FXGLAssetLoaderServi - Loading from file system: file:/C:/Users/ryles/Downloads/ComProg_Project/target/classes/assets/sounds/death_sound.wav
10:00:30.615 [JavaFX Application Thread] DEBUG FXGLAssetLoaderServi - Loading from file system: file:/C:/Users/ryles/Downloads/ComProg_Project/target/classes/assets/textures/heart_sprite.png
10:00:30.660 [JavaFX Application Thread] DEBUG FXGLAssetLoaderServi - Loading from file system: file:/C:/Users/ryles/Downloads/ComProg_Project/target/classes/assets/textures/heart_explode_sprite.png
10:00:33.091 [JavaFX Application Thread] DEBUG FXGLAssetLoaderServi - Loading from file system: file:/C:/Users/ryles/Downloads/ComProg_Project/target/classes/assets/sounds/heart_gain.wav
10:00:57.712 [JavaFX Application Thread] DEBUG FXGLAssetLoaderServi - Loading from file system: file:/C:/Users/ryles/Downloads/ComProg_Project/target/classes/assets/sounds/fah.wav
10:01:31.639 [JavaFX Application Thread] DEBUG FXGLAssetLoaderServi - Loading from file system: file:/C:/Users/ryles/Downloads/ComProg_Project/target/classes/assets/textures/boss_placeholder.png
10:01:32.766 [JavaFX Application Thread] DEBUG FXGLAssetLoaderServi - Loading from file system: file:/C:/Users/ryles/Downloads/ComProg_Project/target/classes/assets/textures/ice_bullet_sprite.png
10:02:17.572 [JavaFX Application Thread] DEBUG FXGLAssetLoaderServi - Loading from file system: file:/C:/Users/ryles/Downloads/ComProg_Project/target/classes/assets/textures/death_sprite.png
10:02:18.397 [JavaFX Application Thread] DEBUG AudioPlayer          - Pausing music com.almasb.fxgl.audio.Music@6fb11588
10:02:18.400 [JavaFX Application Thread] DEBUG LoopRunner           - Pausing loop
10:02:20.528 [JavaFX Application Thread] DEBUG FXGLApplication      - Exiting FXGL
10:02:20.528 [JavaFX Application Thread] DEBUG LoopRunner           - Stopping loop
10:02:20.528 [JavaFX Application Thread] DEBUG SystemBundleService  - Saving FXGL system data
10:02:20.530 [JavaFX Application Thread] DEBUG FileSystemAccess     - Writing to: C:\Users\ryles\Downloads\ComProg_Project\system\fxgl.bundle
10:02:20.534 [JavaFX Application Thread] DEBUG Async                - Shutting down background threads
10:02:20.534 [JavaFX Application Thread] DEBUG PrimaryStageWindow   - Closing main window
10:02:20.564 [JavaFX Application Thread] DEBUG Logger               - Closing Logger
